Building DAG of jobs...
Using shell: /usr/bin/bash
Provided cores: 16
Rules claiming more threads will be scaled down.
Select jobs to execute...

[Sun Oct 17 22:44:23 2021]
rule mapping:
    input: /work/FAC/FBM/DMF/smitri/evomicrocomm/genome_size/data/at/reference.fasta, /work/FAC/FBM/DMF/smitri/evomicrocomm/genome_size/data/T11.4.4/read1.fq.gz, /work/FAC/FBM/DMF/smitri/evomicrocomm/genome_size/data/T11.4.4/read2.fq.gz
    output: /work/FAC/FBM/DMF/smitri/evomicrocomm/genome_size/data/T11.4.4/at/mapped_reads.sorted.bam
    jobid: 0
    wildcards: sample=T11.4.4, strain=at
    threads: 16
    resources: mem_mb=28642, disk_mb=28642, tmpdir=/tmp/2846190

[M::mm_idx_gen::0.124*0.96] collected minimizers
[M::mm_idx_gen::0.157*1.46] sorted minimizers
[M::main::0.157*1.46] loaded/built the index for 5 target sequence(s)
[M::mm_mapopt_update::0.157*1.46] mid_occ = 1000
[M::mm_idx_stat] kmer size: 21; skip: 11; is_hpc: 0; #seq: 5
[M::mm_idx_stat::0.168*1.43] distinct minimizers: 875577 (98.87% are singletons); average occurrences: 1.019; average spacing: 5.996; total length: 5348547
[M::worker_pipeline::1.910*3.66] mapped 333186 sequences
[M::worker_pipeline::2.816*4.67] mapped 333060 sequences
[M::worker_pipeline::3.775*5.69] mapped 333010 sequences
[M::worker_pipeline::4.884*6.52] mapped 332896 sequences
[M::worker_pipeline::5.692*6.75] mapped 332940 sequences
[M::worker_pipeline::6.878*7.25] mapped 332912 sequences
[M::worker_pipeline::7.350*6.90] mapped 332878 sequences
[M::worker_pipeline::8.067*7.06] mapped 332782 sequences
[M::worker_pipeline::9.209*7.40] mapped 332842 sequences
[M::worker_pipeline::9.620*7.17] mapped 332814 sequences
[M::worker_pipeline::10.356*7.30] mapped 332768 sequences
[M::worker_pipeline::11.546*7.54] mapped 332702 sequences
[M::worker_pipeline::11.980*7.34] mapped 332700 sequences
[M::worker_pipeline::12.784*7.39] mapped 332690 sequences
[M::worker_pipeline::13.496*7.46] mapped 332640 sequences
[M::worker_pipeline::14.333*7.62] mapped 332720 sequences
[M::worker_pipeline::14.902*7.60] mapped 332724 sequences
[M::worker_pipeline::16.035*7.80] mapped 332668 sequences
[M::worker_pipeline::16.445*7.65] mapped 332634 sequences
[M::worker_pipeline::17.180*7.69] mapped 332734 sequences
[M::worker_pipeline::17.893*7.71] mapped 332686 sequences
[M::worker_pipeline::18.565*7.77] mapped 332698 sequences
[M::worker_pipeline::19.664*7.94] mapped 332886 sequences
[M::worker_pipeline::20.058*7.82] mapped 332872 sequences
[M::worker_pipeline::20.851*7.83] mapped 332948 sequences
[M::worker_pipeline::21.568*7.84] mapped 333056 sequences
[M::worker_pipeline::22.263*7.88] mapped 333012 sequences
[M::worker_pipeline::23.013*7.90] mapped 333018 sequences
[M::worker_pipeline::23.940*7.99] mapped 333016 sequences
[M::worker_pipeline::24.452*7.93] mapped 332846 sequences
[M::worker_pipeline::25.601*8.02] mapped 332816 sequences
[M::worker_pipeline::26.032*7.92] mapped 332792 sequences
[M::worker_pipeline::26.832*7.92] mapped 332756 sequences
[M::worker_pipeline::27.515*7.94] mapped 332674 sequences
[M::worker_pipeline::28.228*7.97] mapped 332680 sequences
[M::worker_pipeline::28.902*7.99] mapped 332740 sequences
[M::worker_pipeline::29.828*8.06] mapped 332778 sequences
[M::worker_pipeline::30.344*8.04] mapped 332750 sequences
[M::worker_pipeline::31.096*8.04] mapped 332756 sequences
[M::worker_pipeline::31.855*8.03] mapped 332820 sequences
[M::worker_pipeline::32.627*8.03] mapped 333210 sequences
[M::worker_pipeline::33.434*8.03] mapped 332974 sequences
[M::worker_pipeline::34.513*8.09] mapped 332788 sequences
[M::worker_pipeline::34.902*8.02] mapped 332752 sequences
[M::worker_pipeline::35.665*8.03] mapped 332762 sequences
[M::worker_pipeline::36.458*8.03] mapped 332672 sequences
[M::worker_pipeline::37.559*8.09] mapped 332688 sequences
[M::worker_pipeline::37.932*8.03] mapped 332720 sequences
[M::worker_pipeline::38.676*8.04] mapped 332736 sequences
[M::worker_pipeline::39.392*8.05] mapped 332684 sequences
[M::worker_pipeline::40.517*8.11] mapped 332618 sequences
[M::worker_pipeline::40.984*8.04] mapped 332638 sequences
[M::worker_pipeline::41.751*8.04] mapped 332670 sequences
[M::worker_pipeline::42.704*8.06] mapped 332706 sequences
[M::worker_pipeline::43.435*8.01] mapped 332772 sequences
[M::worker_pipeline::44.546*8.06] mapped 332714 sequences
[M::worker_pipeline::44.923*8.01] mapped 332712 sequences
[M::worker_pipeline::45.644*8.01] mapped 332738 sequences
[M::worker_pipeline::46.328*8.03] mapped 332910 sequences
[M::worker_pipeline::47.134*8.04] mapped 332830 sequences
[M::worker_pipeline::47.781*8.04] mapped 332856 sequences
[M::worker_pipeline::48.446*8.06] mapped 332924 sequences
[M::worker_pipeline::49.340*8.09] mapped 332882 sequences
[M::worker_pipeline::49.899*8.08] mapped 332868 sequences
[M::worker_pipeline::50.769*8.06] mapped 332820 sequences
[M::worker_pipeline::51.891*8.10] mapped 332760 sequences
[M::worker_pipeline::52.247*8.06] mapped 332754 sequences
[M::worker_pipeline::53.059*8.06] mapped 332782 sequences
[M::worker_pipeline::53.824*8.06] mapped 332830 sequences
[M::worker_pipeline::54.517*8.07] mapped 332934 sequences
[M::worker_pipeline::55.290*8.07] mapped 332948 sequences
[M::worker_pipeline::56.386*8.12] mapped 333008 sequences
[M::worker_pipeline::56.798*8.07] mapped 332974 sequences
[M::worker_pipeline::57.621*8.07] mapped 333112 sequences
[M::worker_pipeline::58.751*8.11] mapped 333182 sequences
[M::worker_pipeline::59.130*8.07] mapped 333282 sequences
[M::worker_pipeline::59.911*8.07] mapped 333560 sequences
[M::worker_pipeline::60.610*8.08] mapped 333236 sequences
[M::worker_pipeline::61.774*8.12] mapped 333456 sequences
[M::worker_pipeline::62.173*8.08] mapped 333368 sequences
[M::worker_pipeline::63.014*8.09] mapped 333438 sequences
[M::worker_pipeline::63.752*8.09] mapped 333458 sequences
[M::worker_pipeline::64.748*8.11] mapped 333286 sequences
[M::worker_pipeline::65.286*8.08] mapped 332758 sequences
[M::worker_pipeline::66.017*8.08] mapped 332730 sequences
[M::worker_pipeline::66.755*8.09] mapped 332710 sequences
[M::worker_pipeline::67.494*8.09] mapped 332584 sequences
[M::worker_pipeline::68.417*8.11] mapped 332546 sequences
[M::worker_pipeline::68.942*8.10] mapped 332548 sequences
[M::worker_pipeline::69.726*8.10] mapped 332498 sequences
[M::worker_pipeline::70.748*8.13] mapped 332480 sequences
[M::worker_pipeline::71.182*8.10] mapped 332504 sequences
[M::worker_pipeline::71.919*8.11] mapped 332404 sequences
[M::worker_pipeline::72.600*8.11] mapped 332408 sequences
[M::worker_pipeline::73.697*8.15] mapped 332416 sequences
[M::worker_pipeline::74.109*8.11] mapped 332432 sequences
[M::worker_pipeline::79.436*7.71] mapped 332416 sequences
[M::worker_pipeline::79.872*7.68] mapped 332400 sequences
[M::worker_pipeline::80.625*7.69] mapped 332436 sequences
[M::worker_pipeline::81.372*7.70] mapped 332426 sequences
[M::worker_pipeline::82.533*7.73] mapped 332380 sequences
[M::worker_pipeline::82.919*7.70] mapped 332402 sequences
[M::worker_pipeline::83.704*7.70] mapped 332384 sequences
[M::worker_pipeline::84.353*7.71] mapped 332400 sequences
[M::worker_pipeline::85.013*7.72] mapped 332348 sequences
[M::worker_pipeline::85.748*7.73] mapped 332472 sequences
[M::worker_pipeline::86.883*7.76] mapped 332526 sequences
[M::worker_pipeline::87.324*7.73] mapped 332594 sequences
[M::worker_pipeline::88.403*7.75] mapped 332700 sequences
[M::worker_pipeline::88.843*7.74] mapped 332674 sequences
[M::worker_pipeline::89.639*7.74] mapped 332836 sequences
[M::worker_pipeline::90.490*7.76] mapped 332838 sequences
[M::worker_pipeline::91.053*7.75] mapped 332728 sequences
[M::worker_pipeline::92.165*7.78] mapped 332576 sequences
[M::worker_pipeline::92.580*7.75] mapped 332616 sequences
[M::worker_pipeline::93.338*7.75] mapped 332580 sequences
[M::worker_pipeline::94.456*7.78] mapped 332504 sequences
[M::worker_pipeline::94.853*7.75] mapped 332452 sequences
[M::worker_pipeline::95.610*7.76] mapped 332578 sequences
[M::worker_pipeline::96.432*7.77] mapped 332468 sequences
[M::worker_pipeline::97.198*7.78] mapped 332516 sequences
[M::worker_pipeline::97.826*7.77] mapped 332424 sequences
[M::worker_pipeline::98.538*7.77] mapped 332538 sequences
[M::worker_pipeline::99.297*7.78] mapped 332558 sequences
[M::worker_pipeline::99.989*7.78] mapped 332798 sequences
[M::worker_pipeline::101.100*7.81] mapped 332888 sequences
[M::worker_pipeline::101.550*7.78] mapped 332704 sequences
[M::worker_pipeline::102.510*7.79] mapped 332494 sequences
[M::worker_pipeline::103.064*7.78] mapped 332516 sequences
[M::worker_pipeline::104.229*7.81] mapped 332466 sequences
[M::worker_pipeline::104.561*7.79] mapped 332428 sequences
[M::worker_pipeline::105.274*7.79] mapped 332368 sequences
[M::worker_pipeline::106.075*7.80] mapped 332376 sequences
[M::worker_pipeline::107.206*7.82] mapped 332352 sequences
[M::worker_pipeline::107.570*7.80] mapped 332400 sequences
[M::worker_pipeline::108.384*7.80] mapped 332470 sequences
[M::worker_pipeline::109.125*7.80] mapped 332450 sequences
[M::worker_pipeline::109.803*7.80] mapped 332418 sequences
[M::worker_pipeline::110.586*7.81] mapped 332414 sequences
[M::worker_pipeline::111.253*7.82] mapped 332450 sequences
[M::worker_pipeline::112.413*7.83] mapped 332410 sequences
[M::worker_pipeline::112.853*7.81] mapped 332370 sequences
[M::worker_pipeline::113.612*7.81] mapped 332290 sequences
[M::worker_pipeline::114.306*7.82] mapped 332280 sequences
[M::worker_pipeline::115.002*7.82] mapped 332406 sequences
[M::worker_pipeline::115.706*7.83] mapped 332394 sequences
[M::worker_pipeline::116.844*7.84] mapped 332430 sequences
[M::worker_pipeline::117.269*7.82] mapped 332330 sequences
[M::worker_pipeline::117.994*7.83] mapped 332356 sequences
[M::worker_pipeline::119.082*7.85] mapped 332348 sequences
[M::worker_pipeline::119.479*7.84] mapped 332270 sequences
[M::worker_pipeline::120.306*7.83] mapped 332298 sequences
[M::worker_pipeline::120.999*7.84] mapped 332348 sequences
[M::worker_pipeline::121.462*7.83] mapped 332356 sequences
[M::worker_pipeline::122.093*7.82] mapped 332358 sequences
[M::worker_pipeline::122.986*7.81] mapped 332326 sequences
[M::worker_pipeline::123.815*7.81] mapped 332404 sequences
[M::worker_pipeline::124.813*7.80] mapped 332440 sequences
[M::worker_pipeline::125.958*7.82] mapped 332496 sequences
[M::worker_pipeline::126.771*7.82] mapped 332480 sequences
[M::worker_pipeline::127.700*7.84] mapped 332438 sequences
[M::worker_pipeline::128.200*7.82] mapped 332408 sequences
[M::worker_pipeline::129.303*7.84] mapped 332468 sequences
[M::worker_pipeline::129.798*7.82] mapped 332454 sequences
[M::worker_pipeline::130.959*7.84] mapped 332426 sequences
[M::worker_pipeline::131.398*7.82] mapped 332442 sequences
[M::worker_pipeline::132.165*7.82] mapped 332514 sequences
[M::worker_pipeline::132.914*7.82] mapped 332524 sequences
[M::worker_pipeline::134.060*7.84] mapped 332726 sequences
[M::worker_pipeline::134.463*7.82] mapped 332714 sequences
[M::worker_pipeline::135.307*7.82] mapped 332668 sequences
[M::worker_pipeline::136.466*7.83] mapped 332560 sequences
[M::worker_pipeline::136.865*7.82] mapped 332554 sequences
[M::worker_pipeline::137.377*7.82] mapped 332526 sequences
[M::worker_pipeline::137.949*7.80] mapped 332524 sequences
[M::worker_pipeline::139.022*7.83] mapped 332496 sequences
[M::worker_pipeline::139.760*7.83] mapped 332480 sequences
[M::worker_pipeline::140.470*7.83] mapped 332484 sequences
[M::worker_pipeline::141.259*7.83] mapped 332530 sequences
[M::worker_pipeline::142.010*7.83] mapped 332520 sequences
[M::worker_pipeline::143.105*7.85] mapped 332462 sequences
[M::worker_pipeline::143.454*7.83] mapped 332392 sequences
[M::worker_pipeline::144.190*7.84] mapped 332420 sequences
[M::worker_pipeline::144.960*7.84] mapped 332430 sequences
[M::worker_pipeline::145.714*7.84] mapped 332398 sequences
[M::worker_pipeline::146.494*7.84] mapped 332358 sequences
[M::worker_pipeline::147.564*7.85] mapped 332362 sequences
[M::worker_pipeline::147.976*7.84] mapped 332376 sequences
[M::worker_pipeline::148.761*7.84] mapped 332334 sequences
[M::worker_pipeline::149.505*7.84] mapped 332378 sequences
[M::worker_pipeline::150.460*7.84] mapped 332362 sequences
[M::worker_pipeline::150.951*7.84] mapped 332442 sequences
[M::worker_pipeline::156.815*7.62] mapped 332508 sequences
[M::worker_pipeline::157.214*7.60] mapped 332456 sequences
[M::worker_pipeline::157.995*7.61] mapped 332464 sequences
[M::worker_pipeline::158.757*7.61] mapped 332540 sequences
[M::worker_pipeline::159.545*7.61] mapped 332500 sequences
[M::worker_pipeline::160.294*7.61] mapped 332508 sequences
[M::worker_pipeline::160.936*7.62] mapped 332576 sequences
[M::worker_pipeline::162.117*7.63] mapped 332390 sequences
[M::worker_pipeline::162.496*7.62] mapped 332446 sequences
[M::worker_pipeline::163.312*7.61] mapped 332392 sequences
[M::worker_pipeline::163.984*7.62] mapped 332340 sequences
[M::worker_pipeline::164.757*7.62] mapped 332360 sequences
[M::worker_pipeline::165.493*7.62] mapped 332332 sequences
[M::worker_pipeline::166.211*7.62] mapped 332328 sequences
[M::worker_pipeline::166.962*7.63] mapped 332382 sequences
[M::worker_pipeline::167.845*7.64] mapped 332474 sequences
[M::worker_pipeline::168.393*7.63] mapped 332400 sequences
[M::worker_pipeline::169.105*7.63] mapped 332518 sequences
[M::worker_pipeline::170.282*7.65] mapped 332736 sequences
[M::worker_pipeline::170.635*7.64] mapped 332526 sequences
[M::worker_pipeline::171.387*7.64] mapped 332456 sequences
[M::worker_pipeline::172.065*7.64] mapped 332478 sequences
[M::worker_pipeline::172.855*7.64] mapped 332376 sequences
[M::worker_pipeline::173.598*7.65] mapped 332426 sequences
[M::worker_pipeline::174.714*7.66] mapped 332576 sequences
[M::worker_pipeline::175.090*7.65] mapped 332640 sequences
[M::worker_pipeline::175.899*7.65] mapped 332426 sequences
[M::worker_pipeline::176.578*7.65] mapped 332360 sequences
[M::worker_pipeline::177.385*7.66] mapped 332316 sequences
[M::worker_pipeline::178.413*7.67] mapped 332430 sequences
[M::worker_pipeline::178.831*7.66] mapped 332422 sequences
[M::worker_pipeline::179.594*7.66] mapped 332420 sequences
[M::worker_pipeline::180.278*7.66] mapped 332402 sequences
[M::worker_pipeline::181.051*7.66] mapped 332332 sequences
[M::worker_pipeline::181.811*7.66] mapped 332334 sequences
[M::worker_pipeline::182.763*7.68] mapped 332326 sequences
[M::worker_pipeline::183.231*7.67] mapped 332382 sequences
[M::worker_pipeline::183.987*7.67] mapped 332398 sequences
[M::worker_pipeline::184.964*7.68] mapped 332460 sequences
[M::worker_pipeline::185.413*7.67] mapped 332408 sequences
[M::worker_pipeline::186.197*7.67] mapped 332414 sequences
[M::worker_pipeline::186.994*7.67] mapped 332394 sequences
[M::worker_pipeline::187.863*7.67] mapped 332372 sequences
[M::worker_pipeline::188.645*7.67] mapped 332392 sequences
[M::worker_pipeline::189.355*7.67] mapped 332362 sequences
[M::worker_pipeline::190.473*7.69] mapped 332402 sequences
[M::worker_pipeline::190.861*7.68] mapped 332366 sequences
[M::worker_pipeline::191.662*7.68] mapped 332426 sequences
[M::worker_pipeline::192.428*7.68] mapped 332522 sequences
[M::worker_pipeline::193.251*7.68] mapped 332498 sequences
[M::worker_pipeline::194.033*7.68] mapped 332520 sequences
[M::worker_pipeline::194.720*7.68] mapped 332592 sequences
[M::worker_pipeline::195.416*7.68] mapped 332488 sequences
[M::worker_pipeline::196.157*7.68] mapped 332546 sequences
[M::worker_pipeline::196.901*7.69] mapped 332580 sequences
[M::worker_pipeline::198.011*7.70] mapped 332650 sequences
[M::worker_pipeline::198.420*7.69] mapped 332714 sequences
[M::worker_pipeline::199.156*7.69] mapped 332676 sequences
[M::worker_pipeline::199.894*7.69] mapped 332648 sequences
[M::worker_pipeline::200.628*7.69] mapped 332676 sequences
[M::worker_pipeline::201.374*7.69] mapped 332644 sequences
[M::worker_pipeline::202.157*7.69] mapped 332778 sequences
[M::worker_pipeline::203.045*7.70] mapped 333064 sequences
[M::worker_pipeline::203.638*7.70] mapped 332976 sequences
[M::worker_pipeline::204.750*7.71] mapped 332878 sequences
[M::worker_pipeline::205.115*7.70] mapped 332938 sequences
[M::worker_pipeline::205.888*7.70] mapped 332872 sequences
[M::worker_pipeline::206.642*7.70] mapped 332856 sequences
[M::worker_pipeline::207.416*7.70] mapped 332808 sequences
[M::worker_pipeline::208.157*7.70] mapped 332790 sequences
[M::worker_pipeline::208.896*7.70] mapped 332646 sequences
[M::worker_pipeline::209.972*7.72] mapped 332652 sequences
[M::worker_pipeline::210.368*7.71] mapped 332656 sequences
[M::worker_pipeline::211.143*7.71] mapped 332650 sequences
[M::worker_pipeline::211.891*7.71] mapped 332600 sequences
[M::worker_pipeline::212.613*7.71] mapped 332610 sequences
[M::worker_pipeline::213.394*7.71] mapped 332658 sequences
[M::worker_pipeline::214.075*7.71] mapped 332648 sequences
[M::worker_pipeline::214.734*7.72] mapped 332658 sequences
[M::worker_pipeline::215.477*7.72] mapped 332652 sequences
[M::worker_pipeline::216.168*7.72] mapped 332568 sequences
[M::worker_pipeline::216.918*7.72] mapped 332562 sequences
[M::worker_pipeline::217.653*7.72] mapped 332612 sequences
[M::worker_pipeline::218.417*7.73] mapped 332592 sequences
[M::worker_pipeline::219.157*7.73] mapped 332580 sequences
[M::worker_pipeline::219.909*7.73] mapped 332658 sequences
[M::worker_pipeline::220.560*7.73] mapped 332598 sequences
[M::worker_pipeline::221.710*7.74] mapped 332684 sequences
[M::worker_pipeline::222.110*7.73] mapped 332692 sequences
[M::worker_pipeline::222.887*7.73] mapped 332722 sequences
[M::worker_pipeline::223.608*7.73] mapped 332800 sequences
[M::worker_pipeline::224.380*7.73] mapped 332730 sequences
[M::worker_pipeline::225.120*7.73] mapped 332820 sequences
[M::worker_pipeline::225.889*7.73] mapped 332732 sequences
[M::worker_pipeline::226.734*7.74] mapped 332754 sequences
[M::worker_pipeline::227.290*7.74] mapped 332704 sequences
[M::worker_pipeline::232.771*7.60] mapped 332632 sequences
[M::worker_pipeline::233.216*7.59] mapped 332636 sequences
[M::worker_pipeline::233.988*7.59] mapped 332618 sequences
[M::worker_pipeline::235.123*7.60] mapped 332624 sequences
[M::worker_pipeline::235.491*7.59] mapped 332538 sequences
[M::worker_pipeline::236.197*7.60] mapped 332486 sequences
[M::worker_pipeline::236.792*7.60] mapped 332522 sequences
[M::worker_pipeline::237.491*7.61] mapped 332554 sequences
[M::worker_pipeline::238.193*7.61] mapped 332658 sequences
[M::worker_pipeline::238.993*7.61] mapped 332634 sequences
[M::worker_pipeline::239.690*7.61] mapped 332674 sequences
[M::worker_pipeline::240.403*7.62] mapped 332634 sequences
[M::worker_pipeline::241.159*7.62] mapped 332680 sequences
[M::worker_pipeline::242.271*7.63] mapped 332564 sequences
[M::worker_pipeline::242.667*7.62] mapped 332672 sequences
[M::worker_pipeline::243.452*7.62] mapped 332644 sequences
[M::worker_pipeline::244.170*7.62] mapped 332644 sequences
[M::worker_pipeline::244.901*7.63] mapped 332524 sequences
[M::worker_pipeline::245.993*7.64] mapped 332590 sequences
[M::worker_pipeline::246.394*7.63] mapped 332614 sequences
[M::worker_pipeline::247.151*7.63] mapped 332538 sequences
[M::worker_pipeline::247.859*7.63] mapped 332528 sequences
[M::worker_pipeline::248.611*7.63] mapped 332518 sequences
[M::worker_pipeline::249.266*7.64] mapped 332504 sequences
[M::worker_pipeline::250.029*7.64] mapped 332460 sequences
[M::worker_pipeline::251.115*7.65] mapped 332480 sequences
[M::worker_pipeline::251.503*7.64] mapped 332466 sequences
[M::worker_pipeline::252.315*7.64] mapped 332470 sequences
[M::worker_pipeline::253.055*7.64] mapped 332436 sequences
[M::worker_pipeline::253.784*7.65] mapped 332440 sequences
[M::worker_pipeline::254.923*7.65] mapped 332388 sequences
[M::worker_pipeline::255.320*7.65] mapped 332452 sequences
[M::worker_pipeline::256.083*7.65] mapped 332490 sequences
[M::worker_pipeline::256.841*7.65] mapped 332466 sequences
[M::worker_pipeline::257.560*7.65] mapped 332480 sequences
[M::worker_pipeline::258.287*7.65] mapped 332496 sequences
[M::worker_pipeline::259.414*7.66] mapped 332500 sequences
[M::worker_pipeline::259.815*7.65] mapped 332482 sequences
[M::worker_pipeline::260.624*7.65] mapped 332514 sequences
[M::worker_pipeline::261.362*7.65] mapped 332508 sequences
[M::worker_pipeline::262.520*7.66] mapped 332560 sequences
[M::worker_pipeline::262.920*7.65] mapped 332472 sequences
[M::worker_pipeline::263.702*7.65] mapped 332482 sequences
[M::worker_pipeline::264.480*7.65] mapped 332498 sequences
[M::worker_pipeline::265.216*7.65] mapped 332550 sequences
[M::worker_pipeline::265.948*7.65] mapped 332542 sequences
[M::worker_pipeline::266.682*7.65] mapped 332506 sequences
[M::worker_pipeline::267.729*7.67] mapped 332486 sequences
[M::worker_pipeline::268.126*7.66] mapped 332740 sequences
[M::worker_pipeline::268.905*7.66] mapped 332688 sequences
[M::worker_pipeline::269.570*7.66] mapped 332696 sequences
[M::worker_pipeline::270.309*7.66] mapped 332634 sequences
[M::worker_pipeline::271.040*7.67] mapped 332650 sequences
[M::worker_pipeline::271.736*7.67] mapped 332578 sequences
[M::worker_pipeline::272.496*7.67] mapped 332664 sequences
[M::worker_pipeline::273.580*7.68] mapped 332652 sequences
[M::worker_pipeline::274.011*7.67] mapped 332604 sequences
[M::worker_pipeline::274.785*7.67] mapped 332490 sequences
[M::worker_pipeline::275.436*7.67] mapped 332476 sequences
[M::worker_pipeline::276.069*7.68] mapped 332490 sequences
[M::worker_pipeline::276.740*7.68] mapped 332450 sequences
[M::worker_pipeline::277.522*7.68] mapped 332418 sequences
[M::worker_pipeline::278.295*7.69] mapped 332442 sequences
[M::worker_pipeline::279.097*7.68] mapped 332418 sequences
[M::worker_pipeline::279.816*7.69] mapped 332458 sequences
[M::worker_pipeline::280.428*7.69] mapped 332358 sequences
[M::worker_pipeline::281.165*7.69] mapped 332440 sequences
[M::worker_pipeline::282.068*7.70] mapped 332432 sequences
[M::worker_pipeline::282.585*7.70] mapped 332454 sequences
[M::worker_pipeline::283.376*7.70] mapped 332472 sequences
[M::worker_pipeline::284.143*7.70] mapped 332452 sequences
[M::worker_pipeline::285.577*7.69] mapped 332458 sequences
[M::worker_pipeline::285.951*7.69] mapped 332644 sequences
[M::worker_pipeline::286.548*7.68] mapped 332648 sequences
[M::worker_pipeline::287.090*7.68] mapped 332608 sequences
[M::worker_pipeline::288.446*7.68] mapped 332572 sequences
[M::worker_pipeline::289.209*7.68] mapped 332636 sequences
[M::worker_pipeline::290.256*7.69] mapped 332526 sequences
[M::worker_pipeline::290.681*7.68] mapped 332530 sequences
[M::worker_pipeline::291.203*7.68] mapped 332470 sequences
[M::worker_pipeline::292.293*7.69] mapped 332502 sequences
[M::worker_pipeline::292.868*7.69] mapped 332518 sequences
[M::worker_pipeline::293.649*7.69] mapped 332528 sequences
[M::worker_pipeline::294.468*7.69] mapped 332582 sequences
[M::worker_pipeline::295.282*7.69] mapped 332500 sequences
[M::worker_pipeline::296.141*7.68] mapped 332594 sequences
[M::worker_pipeline::297.097*7.68] mapped 332612 sequences
[M::worker_pipeline::297.888*7.68] mapped 332442 sequences
[M::worker_pipeline::298.725*7.67] mapped 332432 sequences
[M::worker_pipeline::299.587*7.67] mapped 332486 sequences
[M::worker_pipeline::300.348*7.66] mapped 332394 sequences
[M::worker_pipeline::301.133*7.65] mapped 332582 sequences
[M::worker_pipeline::302.538*7.65] mapped 332586 sequences
[M::worker_pipeline::303.283*7.65] mapped 332402 sequences
[M::worker_pipeline::304.180*7.65] mapped 332406 sequences
[M::worker_pipeline::305.129*7.64] mapped 332498 sequences
[M::worker_pipeline::310.793*7.54] mapped 332504 sequences
[M::worker_pipeline::311.151*7.53] mapped 332420 sequences
[M::worker_pipeline::311.892*7.54] mapped 332320 sequences
[M::worker_pipeline::312.701*7.53] mapped 332426 sequences
[M::worker_pipeline::313.309*7.53] mapped 332568 sequences
[M::worker_pipeline::314.553*7.53] mapped 332492 sequences
[M::worker_pipeline::315.199*7.53] mapped 332512 sequences
[M::worker_pipeline::316.050*7.53] mapped 332464 sequences
[M::worker_pipeline::316.709*7.53] mapped 332470 sequences
[M::worker_pipeline::317.352*7.52] mapped 332368 sequences
[M::worker_pipeline::318.407*7.51] mapped 332352 sequences
[M::worker_pipeline::319.553*7.51] mapped 332340 sequences
[M::worker_pipeline::320.524*7.50] mapped 332316 sequences
[M::worker_pipeline::321.625*7.49] mapped 332382 sequences
[M::worker_pipeline::322.478*7.49] mapped 332316 sequences
[M::worker_pipeline::323.528*7.48] mapped 332350 sequences
[M::worker_pipeline::324.807*7.48] mapped 332258 sequences
[M::worker_pipeline::325.394*7.47] mapped 332476 sequences
[M::worker_pipeline::326.897*7.47] mapped 332588 sequences
[M::worker_pipeline::327.709*7.47] mapped 332396 sequences
[M::worker_pipeline::328.520*7.47] mapped 332446 sequences
[M::worker_pipeline::329.392*7.47] mapped 332340 sequences
[M::worker_pipeline::330.234*7.47] mapped 332326 sequences
[M::worker_pipeline::331.341*7.46] mapped 332350 sequences
[M::worker_pipeline::332.150*7.46] mapped 332330 sequences
[M::worker_pipeline::333.030*7.45] mapped 332380 sequences
[M::worker_pipeline::333.435*7.45] mapped 332384 sequences
[M::worker_pipeline::334.338*7.44] mapped 332376 sequences
[M::worker_pipeline::335.931*7.44] mapped 332446 sequences
[M::worker_pipeline::336.858*7.44] mapped 332392 sequences
[M::worker_pipeline::337.762*7.43] mapped 332362 sequences
[M::worker_pipeline::338.512*7.43] mapped 332398 sequences
[M::worker_pipeline::339.509*7.43] mapped 332392 sequences
[M::worker_pipeline::340.575*7.44] mapped 332554 sequences
[M::worker_pipeline::340.977*7.43] mapped 332598 sequences
[M::worker_pipeline::341.838*7.43] mapped 332602 sequences
[M::worker_pipeline::342.640*7.43] mapped 332674 sequences
[M::worker_pipeline::343.421*7.43] mapped 332530 sequences
[M::worker_pipeline::344.279*7.43] mapped 332470 sequences
[M::worker_pipeline::345.388*7.44] mapped 332484 sequences
[M::worker_pipeline::345.784*7.43] mapped 332452 sequences
[M::worker_pipeline::346.511*7.43] mapped 332500 sequences
[M::worker_pipeline::347.227*7.43] mapped 332472 sequences
[M::worker_pipeline::348.606*7.44] mapped 332400 sequences
[M::worker_pipeline::348.973*7.43] mapped 332356 sequences
[M::worker_pipeline::349.782*7.43] mapped 332364 sequences
[M::worker_pipeline::350.322*7.43] mapped 332386 sequences
[M::worker_pipeline::351.350*7.43] mapped 332322 sequences
[M::worker_pipeline::352.116*7.43] mapped 332300 sequences
[M::worker_pipeline::352.886*7.43] mapped 332322 sequences
[M::worker_pipeline::353.575*7.43] mapped 332330 sequences
[M::worker_pipeline::354.476*7.42] mapped 332326 sequences
[M::worker_pipeline::355.518*7.43] mapped 332318 sequences
[M::worker_pipeline::356.105*7.42] mapped 332254 sequences
[M::worker_pipeline::357.063*7.43] mapped 332272 sequences
[M::worker_pipeline::357.503*7.42] mapped 332340 sequences
[M::worker_pipeline::359.452*7.42] mapped 332324 sequences
[M::worker_pipeline::359.881*7.42] mapped 332356 sequences
[M::worker_pipeline::360.789*7.42] mapped 332298 sequences
[M::worker_pipeline::361.558*7.42] mapped 332352 sequences
[M::worker_pipeline::362.245*7.42] mapped 332354 sequences
[M::worker_pipeline::363.017*7.42] mapped 332306 sequences
[M::worker_pipeline::363.712*7.42] mapped 332382 sequences
[M::worker_pipeline::364.117*7.42] mapped 332408 sequences
[M::worker_pipeline::365.103*7.41] mapped 332298 sequences
[M::worker_pipeline::366.069*7.41] mapped 332318 sequences
[M::worker_pipeline::367.152*7.40] mapped 332304 sequences
[M::worker_pipeline::368.458*7.40] mapped 332298 sequences
[M::worker_pipeline::369.285*7.39] mapped 332308 sequences
[M::worker_pipeline::370.297*7.39] mapped 332310 sequences
[M::worker_pipeline::371.183*7.39] mapped 332332 sequences
[M::worker_pipeline::372.162*7.38] mapped 332298 sequences
[M::worker_pipeline::373.388*7.38] mapped 332304 sequences
[M::worker_pipeline::374.233*7.37] mapped 332284 sequences
[M::worker_pipeline::375.106*7.37] mapped 332250 sequences
[M::worker_pipeline::376.519*7.37] mapped 332382 sequences
[M::worker_pipeline::377.355*7.37] mapped 332340 sequences
[M::worker_pipeline::378.112*7.37] mapped 332430 sequences
[M::worker_pipeline::378.868*7.37] mapped 332380 sequences
[M::worker_pipeline::379.913*7.38] mapped 332308 sequences
[M::worker_pipeline::380.310*7.37] mapped 332286 sequences
[M::worker_pipeline::381.068*7.37] mapped 332348 sequences
[M::worker_pipeline::381.795*7.38] mapped 332498 sequences
[M::worker_pipeline::382.521*7.38] mapped 332398 sequences
[M::worker_pipeline::383.218*7.38] mapped 332316 sequences
[M::worker_pipeline::383.967*7.38] mapped 332332 sequences
[M::worker_pipeline::385.077*7.39] mapped 332274 sequences
[M::worker_pipeline::385.484*7.38] mapped 332316 sequences
[M::worker_pipeline::386.177*7.38] mapped 332298 sequences
[M::worker_pipeline::386.944*7.39] mapped 332272 sequences
[M::worker_pipeline::388.055*7.39] mapped 332264 sequences
[M::worker_pipeline::388.479*7.39] mapped 332286 sequences
[M::worker_pipeline::389.258*7.39] mapped 332358 sequences
[M::worker_pipeline::390.031*7.39] mapped 332340 sequences
[M::worker_pipeline::391.168*7.40] mapped 332282 sequences
[M::worker_pipeline::391.579*7.39] mapped 332258 sequences
[M::worker_pipeline::392.434*7.39] mapped 332308 sequences
[M::worker_pipeline::397.404*7.32] mapped 332266 sequences
[M::worker_pipeline::397.823*7.32] mapped 332326 sequences
[M::worker_pipeline::398.606*7.32] mapped 332360 sequences
[M::worker_pipeline::399.671*7.33] mapped 332514 sequences
[M::worker_pipeline::400.061*7.32] mapped 332300 sequences
[M::worker_pipeline::400.836*7.32] mapped 332222 sequences
[M::worker_pipeline::401.544*7.32] mapped 332292 sequences
[M::worker_pipeline::402.181*7.33] mapped 332286 sequences
[M::worker_pipeline::402.920*7.33] mapped 332364 sequences
[M::worker_pipeline::403.993*7.34] mapped 332458 sequences
[M::worker_pipeline::404.363*7.33] mapped 332520 sequences
[M::worker_pipeline::405.153*7.33] mapped 332436 sequences
[M::worker_pipeline::405.874*7.33] mapped 332414 sequences
[M::worker_pipeline::406.654*7.33] mapped 332446 sequences
[M::worker_pipeline::407.437*7.33] mapped 332576 sequences
[M::worker_pipeline::408.542*7.34] mapped 332556 sequences
[M::worker_pipeline::409.004*7.34] mapped 332444 sequences
[M::worker_pipeline::410.145*7.34] mapped 332466 sequences
[M::worker_pipeline::410.554*7.34] mapped 332532 sequences
[M::worker_pipeline::411.367*7.34] mapped 332542 sequences
[M::worker_pipeline::412.443*7.35] mapped 332614 sequences
[M::worker_pipeline::412.866*7.34] mapped 332616 sequences
[M::worker_pipeline::413.658*7.34] mapped 332602 sequences
[M::worker_pipeline::414.465*7.34] mapped 332554 sequences
[M::worker_pipeline::415.482*7.35] mapped 332666 sequences
[M::worker_pipeline::415.871*7.35] mapped 332614 sequences
[M::worker_pipeline::416.609*7.35] mapped 332456 sequences
[M::worker_pipeline::417.479*7.35] mapped 332444 sequences
[M::worker_pipeline::418.071*7.35] mapped 332464 sequences
[M::worker_pipeline::419.195*7.36] mapped 332460 sequences
[M::worker_pipeline::419.656*7.35] mapped 332340 sequences
[M::worker_pipeline::420.459*7.35] mapped 332392 sequences
[M::worker_pipeline::421.325*7.36] mapped 332426 sequences
[M::worker_pipeline::421.923*7.35] mapped 332412 sequences
[M::worker_pipeline::423.089*7.36] mapped 332352 sequences
[M::worker_pipeline::423.529*7.35] mapped 332344 sequences
[M::worker_pipeline::424.305*7.35] mapped 332350 sequences
[M::worker_pipeline::425.062*7.36] mapped 332362 sequences
[M::worker_pipeline::426.149*7.36] mapped 332450 sequences
[M::worker_pipeline::426.603*7.36] mapped 332278 sequences
[M::worker_pipeline::427.375*7.36] mapped 332316 sequences
[M::worker_pipeline::428.464*7.36] mapped 332380 sequences
[M::worker_pipeline::428.858*7.36] mapped 332282 sequences
[M::worker_pipeline::429.574*7.36] mapped 332354 sequences
[M::worker_pipeline::430.329*7.36] mapped 332352 sequences
[M::worker_pipeline::431.417*7.37] mapped 332404 sequences
[M::worker_pipeline::431.831*7.36] mapped 332362 sequences
[M::worker_pipeline::432.671*7.36] mapped 332362 sequences
[M::worker_pipeline::433.400*7.37] mapped 332432 sequences
[M::worker_pipeline::434.495*7.37] mapped 332490 sequences
[M::worker_pipeline::434.889*7.37] mapped 332510 sequences
[M::worker_pipeline::435.651*7.37] mapped 332448 sequences
[M::worker_pipeline::436.432*7.37] mapped 332376 sequences
[M::worker_pipeline::437.606*7.37] mapped 332378 sequences
[M::worker_pipeline::437.947*7.37] mapped 332370 sequences
[M::worker_pipeline::438.685*7.37] mapped 332430 sequences
[M::worker_pipeline::439.414*7.37] mapped 332350 sequences
[M::worker_pipeline::440.567*7.38] mapped 332384 sequences
[M::worker_pipeline::440.982*7.37] mapped 332408 sequences
[M::worker_pipeline::441.797*7.37] mapped 332350 sequences
[M::worker_pipeline::442.528*7.37] mapped 332356 sequences
[M::worker_pipeline::443.695*7.38] mapped 332328 sequences
[M::worker_pipeline::444.163*7.37] mapped 332378 sequences
[M::worker_pipeline::444.928*7.37] mapped 332354 sequences
[M::worker_pipeline::446.116*7.38] mapped 332342 sequences
[M::worker_pipeline::446.558*7.37] mapped 332330 sequences
[M::worker_pipeline::447.318*7.37] mapped 332298 sequences
[M::worker_pipeline::448.134*7.38] mapped 332348 sequences
[M::worker_pipeline::448.807*7.38] mapped 332328 sequences
[M::worker_pipeline::449.919*7.38] mapped 332918 sequences
[M::worker_pipeline::450.326*7.38] mapped 332284 sequences
[M::worker_pipeline::451.179*7.38] mapped 332276 sequences
[M::worker_pipeline::451.920*7.38] mapped 332326 sequences
[M::worker_pipeline::452.705*7.38] mapped 332402 sequences
[M::worker_pipeline::453.516*7.38] mapped 332390 sequences
[M::worker_pipeline::454.552*7.39] mapped 332258 sequences
[M::worker_pipeline::454.969*7.38] mapped 332258 sequences
[M::worker_pipeline::455.798*7.38] mapped 332238 sequences
[M::worker_pipeline::456.946*7.39] mapped 332186 sequences
[M::worker_pipeline::457.389*7.39] mapped 332136 sequences
[M::worker_pipeline::458.115*7.39] mapped 332204 sequences
[M::worker_pipeline::458.837*7.39] mapped 332200 sequences
[M::worker_pipeline::459.581*7.39] mapped 332196 sequences
[M::worker_pipeline::460.277*7.39] mapped 332230 sequences
[M::worker_pipeline::461.394*7.40] mapped 332336 sequences
[M::worker_pipeline::461.810*7.39] mapped 332642 sequences
[M::worker_pipeline::462.593*7.39] mapped 332178 sequences
[M::worker_pipeline::463.255*7.40] mapped 332182 sequences
[M::worker_pipeline::464.206*7.40] mapped 332174 sequences
[M::worker_pipeline::464.801*7.40] mapped 332206 sequences
[M::worker_pipeline::465.648*7.40] mapped 332144 sequences
[M::worker_pipeline::466.499*7.40] mapped 332174 sequences
[M::worker_pipeline::467.124*7.40] mapped 332260 sequences
[M::worker_pipeline::468.200*7.41] mapped 332276 sequences
[M::worker_pipeline::468.624*7.40] mapped 332232 sequences
[M::worker_pipeline::469.481*7.40] mapped 332396 sequences
[M::worker_pipeline::474.636*7.35] mapped 332268 sequences
[M::worker_pipeline::475.084*7.34] mapped 332298 sequences
[M::worker_pipeline::475.876*7.34] mapped 332224 sequences
[M::worker_pipeline::476.585*7.34] mapped 332340 sequences
[M::worker_pipeline::477.714*7.35] mapped 332286 sequences
[M::worker_pipeline::478.110*7.34] mapped 332314 sequences
[M::worker_pipeline::478.973*7.34] mapped 332250 sequences
[M::worker_pipeline::479.703*7.34] mapped 332358 sequences
[M::worker_pipeline::480.478*7.35] mapped 332422 sequences
[M::worker_pipeline::481.505*7.35] mapped 332568 sequences
[M::worker_pipeline::481.900*7.35] mapped 332864 sequences
[M::worker_pipeline::482.600*7.35] mapped 332800 sequences
[M::worker_pipeline::483.386*7.35] mapped 332876 sequences
[M::worker_pipeline::484.203*7.35] mapped 332850 sequences
[M::worker_pipeline::485.305*7.36] mapped 332738 sequences
[M::worker_pipeline::485.735*7.35] mapped 332708 sequences
[M::worker_pipeline::486.521*7.35] mapped 332726 sequences
[M::worker_pipeline::487.342*7.35] mapped 332660 sequences
[M::worker_pipeline::488.062*7.36] mapped 332648 sequences
[M::worker_pipeline::488.863*7.36] mapped 332732 sequences
[M::worker_pipeline::489.733*7.36] mapped 332732 sequences
[M::worker_pipeline::490.796*7.36] mapped 332660 sequences
[M::worker_pipeline::491.233*7.36] mapped 332640 sequences
[M::worker_pipeline::492.063*7.36] mapped 332648 sequences
[M::worker_pipeline::492.688*7.36] mapped 332598 sequences
[M::worker_pipeline::493.788*7.37] mapped 332606 sequences
[M::worker_pipeline::494.311*7.36] mapped 332668 sequences
[M::worker_pipeline::495.075*7.36] mapped 332562 sequences
[M::worker_pipeline::496.085*7.37] mapped 332488 sequences
[M::worker_pipeline::496.569*7.36] mapped 332566 sequences
[M::worker_pipeline::497.372*7.36] mapped 332610 sequences
[M::worker_pipeline::498.134*7.37] mapped 332518 sequences
[M::worker_pipeline::499.168*7.37] mapped 332598 sequences
[M::worker_pipeline::499.554*7.37] mapped 332628 sequences
[M::worker_pipeline::500.342*7.37] mapped 332624 sequences
[M::worker_pipeline::501.162*7.37] mapped 332632 sequences
[M::worker_pipeline::501.774*7.37] mapped 332542 sequences
[M::worker_pipeline::502.548*7.37] mapped 332612 sequences
[M::worker_pipeline::503.303*7.37] mapped 332634 sequences
[M::worker_pipeline::504.432*7.38] mapped 332514 sequences
[M::worker_pipeline::504.853*7.38] mapped 332548 sequences
[M::worker_pipeline::505.706*7.38] mapped 332580 sequences
[M::worker_pipeline::506.900*7.38] mapped 332498 sequences
[M::worker_pipeline::507.322*7.38] mapped 332522 sequences
[M::worker_pipeline::508.518*7.38] mapped 332564 sequences
[M::worker_pipeline::508.892*7.38] mapped 332484 sequences
[M::worker_pipeline::509.662*7.38] mapped 332480 sequences
[M::worker_pipeline::510.430*7.38] mapped 332606 sequences
[M::worker_pipeline::511.186*7.38] mapped 332572 sequences
[M::worker_pipeline::511.970*7.38] mapped 332550 sequences
[M::worker_pipeline::512.677*7.38] mapped 332522 sequences
[M::worker_pipeline::513.707*7.39] mapped 332462 sequences
[M::worker_pipeline::514.115*7.38] mapped 332510 sequences
[M::worker_pipeline::514.835*7.39] mapped 332506 sequences
[M::worker_pipeline::515.601*7.39] mapped 332614 sequences
[M::worker_pipeline::516.746*7.39] mapped 332610 sequences
[M::worker_pipeline::517.169*7.39] mapped 332664 sequences
[M::worker_pipeline::518.070*7.39] mapped 332536 sequences
[M::worker_pipeline::518.801*7.39] mapped 332630 sequences
[M::worker_pipeline::519.446*7.39] mapped 332546 sequences
[M::worker_pipeline::520.385*7.40] mapped 332576 sequences
[M::worker_pipeline::520.844*7.39] mapped 332534 sequences
[M::worker_pipeline::521.676*7.39] mapped 332566 sequences
[M::worker_pipeline::522.772*7.40] mapped 332580 sequences
[M::worker_pipeline::523.173*7.39] mapped 332490 sequences
[M::worker_pipeline::524.011*7.39] mapped 332508 sequences
[M::worker_pipeline::524.721*7.40] mapped 332516 sequences
[M::worker_pipeline::525.843*7.40] mapped 332478 sequences
[M::worker_pipeline::526.258*7.40] mapped 332470 sequences
[M::worker_pipeline::526.984*7.40] mapped 332416 sequences
[M::worker_pipeline::527.729*7.40] mapped 332474 sequences
[M::worker_pipeline::528.852*7.40] mapped 332538 sequences
[M::worker_pipeline::529.328*7.40] mapped 332410 sequences
[M::worker_pipeline::530.106*7.40] mapped 332420 sequences
[M::worker_pipeline::531.238*7.41] mapped 332326 sequences
[M::worker_pipeline::531.692*7.40] mapped 332428 sequences
[M::worker_pipeline::532.485*7.40] mapped 332406 sequences
[M::worker_pipeline::533.208*7.40] mapped 332424 sequences
[M::worker_pipeline::534.356*7.41] mapped 332586 sequences
[M::worker_pipeline::534.798*7.40] mapped 332820 sequences
[M::worker_pipeline::535.647*7.40] mapped 332756 sequences
[M::worker_pipeline::536.404*7.41] mapped 332640 sequences
[M::worker_pipeline::537.066*7.41] mapped 332682 sequences
[M::worker_pipeline::538.170*7.41] mapped 332664 sequences
[M::worker_pipeline::538.561*7.41] mapped 332708 sequences
[M::worker_pipeline::539.294*7.41] mapped 332602 sequences
[M::worker_pipeline::540.018*7.41] mapped 332704 sequences
[M::worker_pipeline::540.779*7.41] mapped 332806 sequences
[M::worker_pipeline::541.842*7.42] mapped 332832 sequences
[M::worker_pipeline::542.206*7.41] mapped 332764 sequences
[M::worker_pipeline::543.054*7.42] mapped 332716 sequences
[M::worker_pipeline::543.443*7.41] mapped 332970 sequences
[M::worker_pipeline::543.625*7.41] mapped 130132 sequences
[M::main] Version: 2.22-r1101
[M::main] CMD: minimap2 --secondary=no -t 16 -R @RG\tID:snippy\tSM:snippy -ax sr /work/FAC/FBM/DMF/smitri/evomicrocomm/genome_size/data/at/reference.fasta /work/FAC/FBM/DMF/smitri/evomicrocomm/genome_size/data/T11.4.4/read1.fq.gz /work/FAC/FBM/DMF/smitri/evomicrocomm/genome_size/data/T11.4.4/read2.fq.gz
[M::main] Real time: 543.651 sec; CPU: 4028.385 sec; Peak RSS: 0.764 GB
[bam_sort_core] merging from 96 files and 16 in-memory blocks...
[Sun Oct 17 22:59:36 2021]
Finished job 0.
1 of 1 steps (100%) done
