Building DAG of jobs...
Using shell: /usr/bin/bash
Provided cores: 16
Rules claiming more threads will be scaled down.
Select jobs to execute...

[Thu Oct 21 17:21:41 2021]
rule snippy:
    input: /work/FAC/FBM/DMF/smitri/evomicrocomm/genome_size/data/oa/reference.gbk, /work/FAC/FBM/DMF/smitri/evomicrocomm/genome_size/data/T22.4.5/oa/mapped_reads.sorted.bam
    output: /work/FAC/FBM/DMF/smitri/evomicrocomm/genome_size/data/T22.4.5/oa/snippy/snps.tab
    jobid: 0
    wildcards: sample=T22.4.5, strain=oa
    threads: 16
    resources: mem_mb=12522, disk_mb=12522, tmpdir=/tmp/2955149

[17:21:41] This is snippy 4.6.0
[17:21:41] Written by Torsten Seemann
[17:21:41] Obtained from https://github.com/tseemann/snippy
[17:21:41] Detected operating system: linux
[17:21:41] Enabling bundled linux tools.
[17:21:41] Found bwa - /work/FAC/FBM/DMF/smitri/evomicrocomm/eric/miniconda3/envs/bqh/bin/bwa
[17:21:41] Found bcftools - /work/FAC/FBM/DMF/smitri/evomicrocomm/eric/miniconda3/envs/bqh/bin/bcftools
[17:21:41] Found samtools - /work/FAC/FBM/DMF/smitri/evomicrocomm/eric/miniconda3/envs/bqh/bin/samtools
[17:21:41] Found java - /work/FAC/FBM/DMF/smitri/evomicrocomm/eric/miniconda3/envs/bqh/bin/java
[17:21:41] Found snpEff - /work/FAC/FBM/DMF/smitri/evomicrocomm/eric/miniconda3/envs/bqh/bin/snpEff
[17:21:41] Found samclip - /work/FAC/FBM/DMF/smitri/evomicrocomm/eric/miniconda3/envs/bqh/bin/samclip
[17:21:41] Found seqtk - /work/FAC/FBM/DMF/smitri/evomicrocomm/eric/miniconda3/envs/bqh/bin/seqtk
[17:21:41] Found parallel - /work/FAC/FBM/DMF/smitri/evomicrocomm/eric/miniconda3/envs/bqh/bin/parallel
[17:21:41] Found freebayes - /work/FAC/FBM/DMF/smitri/evomicrocomm/eric/miniconda3/envs/bqh/bin/freebayes
[17:21:41] Found freebayes-parallel - /work/FAC/FBM/DMF/smitri/evomicrocomm/eric/miniconda3/envs/bqh/bin/freebayes-parallel
[17:21:41] Found fasta_generate_regions.py - /work/FAC/FBM/DMF/smitri/evomicrocomm/eric/miniconda3/envs/bqh/bin/fasta_generate_regions.py
[17:21:41] Found vcfstreamsort - /work/FAC/FBM/DMF/smitri/evomicrocomm/eric/miniconda3/envs/bqh/bin/vcfstreamsort
[17:21:41] Found vcfuniq - /work/FAC/FBM/DMF/smitri/evomicrocomm/eric/miniconda3/envs/bqh/bin/vcfuniq
[17:21:41] Found vcffirstheader - /work/FAC/FBM/DMF/smitri/evomicrocomm/eric/miniconda3/envs/bqh/bin/vcffirstheader
[17:21:41] Found gzip - /usr/bin/gzip
[17:21:41] Found vt - /work/FAC/FBM/DMF/smitri/evomicrocomm/eric/miniconda3/envs/bqh/bin/vt
[17:21:41] Found snippy-vcf_to_tab - /work/FAC/FBM/DMF/smitri/evomicrocomm/eric/miniconda3/envs/bqh/bin/snippy-vcf_to_tab
[17:21:41] Found snippy-vcf_report - /work/FAC/FBM/DMF/smitri/evomicrocomm/eric/miniconda3/envs/bqh/bin/snippy-vcf_report
[17:21:41] Checking version: samtools --version is >= 1.7 - ok, have 1.12
[17:21:41] Checking version: bcftools --version is >= 1.7 - ok, have 1.12
[17:21:41] Checking version: freebayes --version is >= 1.1 - ok, have 1.3.5
[17:21:41] Checking version: snpEff -version is >= 4.3 - ok, have 5.0
[17:21:41] Checking version: bwa is >= 0.7.12 - ok, have 0.7.17
[17:21:41] Using reference: /work/FAC/FBM/DMF/smitri/evomicrocomm/genome_size/data/oa/reference.gbk
[17:21:42] Treating reference as 'genbank' format.
[17:21:42] Will use 16 CPU cores.
[17:21:42] Using BAM file '/work/FAC/FBM/DMF/smitri/evomicrocomm/genome_size/data/T22.4.5/oa/mapped_reads.sorted.bam' instead of aligning reads.
[17:21:42] Used --force, will overwrite existing /work/FAC/FBM/DMF/smitri/evomicrocomm/genome_size/data/T22.4.5/oa/snippy
[17:21:42] Changing working directory: /work/FAC/FBM/DMF/smitri/evomicrocomm/genome_size/data/T22.4.5/oa/snippy
[17:21:42] Creating reference folder: reference
[17:21:42] Extracting FASTA and GFF from reference.

--------------------- WARNING ---------------------
MSG: Unexpected error in feature table for  Skipping feature, attempting to recover
---------------------------------------------------

--------------------- WARNING ---------------------
MSG: Unexpected error in feature table for  Skipping feature, attempting to recover
---------------------------------------------------
[17:21:43] Wrote 2 sequences to ref.fa
[17:21:43] Wrote 5019 features to ref.gff
[17:21:43] Creating reference/snpeff.config
[17:21:43] Freebayes will process 31 chunks of 169542 bp, 16 chunks at a time.
[17:21:43] Using BAM RG (Read Group) ID: snippy
[17:21:43] Running: samtools faidx reference/ref.fa 2>> snps.log
[17:21:43] Running: mkdir -p reference/genomes && cp -f reference/ref.fa reference/genomes/ref.fa 2>> snps.log
[17:21:43] Running: ln -sf reference/ref.fa . 2>> snps.log
[17:21:43] Running: ln -sf reference/ref.fa.fai . 2>> snps.log
[17:21:43] Running: mkdir -p reference/ref && gzip -c reference/ref.gff > reference/ref/genes.gff.gz 2>> snps.log
[17:21:43] Running: snpEff build -c reference/snpeff.config -dataDir . -gff3 ref 2>> snps.log
[17:21:47] Running: samtools view -h -O SAM \/work\/FAC\/FBM\/DMF\/smitri\/evomicrocomm\/genome_size\/data\/T22\.4\.5\/oa\/mapped_reads\.sorted\.bam | samclip --max 10 --ref reference/ref.fa.fai | samtools sort -n -l 0 -T /tmp/2955149 --threads 7 -m 32000M | samtools fixmate -m --threads 7 - - | samtools sort -l 0 -T /tmp/2955149 --threads 7 -m 32000M | samtools markdup -T /tmp/2955149 --threads 7 -r -s - - > snps.bam 2>> snps.log
[samclip] samclip 0.4.0 by Torsten Seemann (@torstenseemann)
[samclip] Loading: reference/ref.fa.fai
[samclip] Found 2 sequences in reference/ref.fa.fai
[samclip] Processed 100000 records...
[samclip] Processed 200000 records...
[samclip] Processed 300000 records...
[samclip] Processed 400000 records...
[samclip] Processed 500000 records...
[samclip] Processed 600000 records...
[samclip] Processed 700000 records...
[samclip] Processed 800000 records...
[samclip] Processed 900000 records...
[samclip] Processed 1000000 records...
[samclip] Processed 1100000 records...
[samclip] Processed 1200000 records...
[samclip] Processed 1300000 records...
[samclip] Processed 1400000 records...
[samclip] Processed 1500000 records...
[samclip] Processed 1600000 records...
[samclip] Processed 1700000 records...
[samclip] Processed 1800000 records...
[samclip] Processed 1900000 records...
[samclip] Processed 2000000 records...
[samclip] Processed 2100000 records...
[samclip] Processed 2200000 records...
[samclip] Processed 2300000 records...
[samclip] Processed 2400000 records...
[samclip] Processed 2500000 records...
[samclip] Processed 2600000 records...
[samclip] Processed 2700000 records...
[samclip] Processed 2800000 records...
[samclip] Processed 2900000 records...
[samclip] Processed 3000000 records...
[samclip] Processed 3100000 records...
[samclip] Processed 3200000 records...
[samclip] Processed 3300000 records...
[samclip] Processed 3400000 records...
[samclip] Processed 3500000 records...
[samclip] Processed 3600000 records...
[samclip] Processed 3700000 records...
[samclip] Processed 3800000 records...
[samclip] Processed 3900000 records...
[samclip] Processed 4000000 records...
[samclip] Processed 4100000 records...
[samclip] Processed 4200000 records...
[samclip] Processed 4300000 records...
[samclip] Processed 4400000 records...
[samclip] Processed 4500000 records...
[samclip] Processed 4600000 records...
[samclip] Processed 4700000 records...
[samclip] Processed 4800000 records...
[samclip] Processed 4900000 records...
[samclip] Processed 5000000 records...
[samclip] Processed 5100000 records...
[samclip] Processed 5200000 records...
[samclip] Processed 5300000 records...
[samclip] Processed 5400000 records...
[samclip] Processed 5500000 records...
[samclip] Processed 5600000 records...
[samclip] Processed 5700000 records...
[samclip] Processed 5800000 records...
[samclip] Processed 5900000 records...
[samclip] Processed 6000000 records...
[samclip] Processed 6100000 records...
[samclip] Processed 6200000 records...
[samclip] Processed 6300000 records...
[samclip] Processed 6400000 records...
[samclip] Processed 6500000 records...
[samclip] Processed 6600000 records...
[samclip] Processed 6700000 records...
[samclip] Processed 6800000 records...
[samclip] Processed 6900000 records...
[samclip] Processed 7000000 records...
[samclip] Processed 7100000 records...
[samclip] Processed 7200000 records...
[samclip] Processed 7300000 records...
[samclip] Processed 7400000 records...
[samclip] Processed 7500000 records...
[samclip] Processed 7600000 records...
[samclip] Processed 7700000 records...
[samclip] Processed 7800000 records...
[samclip] Processed 7900000 records...
[samclip] Processed 8000000 records...
[samclip] Processed 8100000 records...
[samclip] Processed 8200000 records...
[samclip] Processed 8300000 records...
[samclip] Processed 8400000 records...
[samclip] Processed 8500000 records...
[samclip] Processed 8600000 records...
[samclip] Processed 8700000 records...
[samclip] Processed 8800000 records...
[samclip] Processed 8900000 records...
[samclip] Processed 9000000 records...
[samclip] Processed 9100000 records...
[samclip] Processed 9200000 records...
[samclip] Processed 9300000 records...
[samclip] Processed 9400000 records...
[samclip] Processed 9500000 records...
[samclip] Processed 9600000 records...
[samclip] Processed 9700000 records...
[samclip] Processed 9800000 records...
[samclip] Processed 9900000 records...
[samclip] Processed 10000000 records...
[samclip] Processed 10100000 records...
[samclip] Processed 10200000 records...
[samclip] Processed 10300000 records...
[samclip] Processed 10400000 records...
[samclip] Processed 10500000 records...
[samclip] Processed 10600000 records...
[samclip] Processed 10700000 records...
[samclip] Processed 10800000 records...
[samclip] Processed 10900000 records...
[samclip] Processed 11000000 records...
[samclip] Processed 11100000 records...
[samclip] Processed 11200000 records...
[samclip] Processed 11300000 records...
[samclip] Processed 11400000 records...
[samclip] Processed 11500000 records...
[samclip] Processed 11600000 records...
[samclip] Processed 11700000 records...
[samclip] Processed 11800000 records...
[samclip] Processed 11900000 records...
[samclip] Processed 12000000 records...
[samclip] Processed 12100000 records...
[samclip] Processed 12200000 records...
[samclip] Processed 12300000 records...
[samclip] Processed 12400000 records...
[samclip] Processed 12500000 records...
[samclip] Processed 12600000 records...
[samclip] Processed 12700000 records...
[samclip] Processed 12800000 records...
[samclip] Processed 12900000 records...
[samclip] Processed 13000000 records...
[samclip] Processed 13100000 records...
[samclip] Processed 13200000 records...
[samclip] Processed 13300000 records...
[samclip] Processed 13400000 records...
[samclip] Processed 13500000 records...
[samclip] Processed 13600000 records...
[samclip] Processed 13700000 records...
[samclip] Processed 13800000 records...
[samclip] Processed 13900000 records...
[samclip] Processed 14000000 records...
[samclip] Processed 14100000 records...
[samclip] Processed 14200000 records...
[samclip] Processed 14300000 records...
[samclip] Processed 14400000 records...
[samclip] Processed 14500000 records...
[samclip] Processed 14600000 records...
[samclip] Processed 14700000 records...
[samclip] Processed 14800000 records...
[samclip] Processed 14900000 records...
[samclip] Processed 15000000 records...
[samclip] Processed 15100000 records...
[samclip] Processed 15200000 records...
[samclip] Processed 15300000 records...
[samclip] Processed 15400000 records...
[samclip] Processed 15500000 records...
[samclip] Processed 15600000 records...
[samclip] Processed 15700000 records...
[samclip] Processed 15800000 records...
[samclip] Processed 15900000 records...
[samclip] Processed 16000000 records...
[samclip] Processed 16100000 records...
[samclip] Processed 16200000 records...
[samclip] Processed 16300000 records...
[samclip] Processed 16400000 records...
[samclip] Processed 16500000 records...
[samclip] Processed 16600000 records...
[samclip] Processed 16700000 records...
[samclip] Processed 16800000 records...
[samclip] Processed 16900000 records...
[samclip] Processed 17000000 records...
[samclip] Processed 17100000 records...
[samclip] Processed 17200000 records...
[samclip] Processed 17300000 records...
[samclip] Processed 17400000 records...
[samclip] Processed 17500000 records...
[samclip] Processed 17600000 records...
[samclip] Processed 17700000 records...
[samclip] Processed 17800000 records...
[samclip] Processed 17900000 records...
[samclip] Processed 18000000 records...
[samclip] Processed 18100000 records...
[samclip] Processed 18200000 records...
[samclip] Processed 18300000 records...
[samclip] Processed 18400000 records...
[samclip] Processed 18500000 records...
[samclip] Processed 18600000 records...
[samclip] Processed 18700000 records...
[samclip] Processed 18800000 records...
[samclip] Processed 18900000 records...
[samclip] Processed 19000000 records...
[samclip] Processed 19100000 records...
[samclip] Processed 19200000 records...
[samclip] Processed 19300000 records...
[samclip] Processed 19400000 records...
[samclip] Processed 19500000 records...
[samclip] Processed 19600000 records...
[samclip] Processed 19700000 records...
[samclip] Processed 19800000 records...
[samclip] Processed 19900000 records...
[samclip] Processed 20000000 records...
[samclip] Processed 20100000 records...
[samclip] Processed 20200000 records...
[samclip] Processed 20300000 records...
[samclip] Processed 20400000 records...
[samclip] Processed 20500000 records...
[samclip] Processed 20600000 records...
[samclip] Processed 20700000 records...
[samclip] Processed 20800000 records...
[samclip] Processed 20900000 records...
[samclip] Processed 21000000 records...
[samclip] Processed 21100000 records...
[samclip] Processed 21200000 records...
[samclip] Processed 21300000 records...
[samclip] Processed 21400000 records...
[samclip] Processed 21500000 records...
[samclip] Processed 21600000 records...
[samclip] Processed 21700000 records...
[samclip] Processed 21800000 records...
[samclip] Processed 21900000 records...
[samclip] Processed 22000000 records...
[samclip] Processed 22100000 records...
[samclip] Processed 22200000 records...
[samclip] Processed 22300000 records...
[samclip] Processed 22400000 records...
[samclip] Processed 22500000 records...
[samclip] Processed 22600000 records...
[samclip] Processed 22700000 records...
[samclip] Processed 22800000 records...
[samclip] Processed 22900000 records...
[samclip] Processed 23000000 records...
[samclip] Processed 23100000 records...
[samclip] Processed 23200000 records...
[samclip] Processed 23300000 records...
[samclip] Processed 23400000 records...
[samclip] Processed 23500000 records...
[samclip] Processed 23600000 records...
[samclip] Processed 23700000 records...
[samclip] Processed 23800000 records...
[samclip] Processed 23900000 records...
[samclip] Processed 24000000 records...
[samclip] Processed 24100000 records...
[samclip] Processed 24200000 records...
[samclip] Processed 24300000 records...
[samclip] Processed 24400000 records...
[samclip] Processed 24500000 records...
[samclip] Processed 24600000 records...
[samclip] Processed 24700000 records...
[samclip] Processed 24800000 records...
[samclip] Processed 24900000 records...
[samclip] Processed 25000000 records...
[samclip] Processed 25100000 records...
[samclip] Processed 25200000 records...
[samclip] Processed 25300000 records...
[samclip] Processed 25400000 records...
[samclip] Processed 25500000 records...
[samclip] Processed 25600000 records...
[samclip] Processed 25700000 records...
[samclip] Processed 25800000 records...
[samclip] Processed 25900000 records...
[samclip] Processed 26000000 records...
[samclip] Processed 26100000 records...
[samclip] Processed 26200000 records...
[samclip] Processed 26300000 records...
[samclip] Processed 26400000 records...
[samclip] Processed 26500000 records...
[samclip] Processed 26600000 records...
[samclip] Processed 26700000 records...
[samclip] Processed 26800000 records...
[samclip] Processed 26900000 records...
[samclip] Processed 27000000 records...
[samclip] Processed 27100000 records...
[samclip] Processed 27200000 records...
[samclip] Processed 27300000 records...
[samclip] Processed 27400000 records...
[samclip] Processed 27500000 records...
[samclip] Processed 27600000 records...
[samclip] Processed 27700000 records...
[samclip] Processed 27800000 records...
[samclip] Processed 27900000 records...
[samclip] Processed 28000000 records...
[samclip] Processed 28100000 records...
[samclip] Processed 28200000 records...
[samclip] Processed 28300000 records...
[samclip] Processed 28400000 records...
[samclip] Processed 28500000 records...
[samclip] Processed 28600000 records...
[samclip] Processed 28700000 records...
[samclip] Processed 28800000 records...
[samclip] Processed 28900000 records...
[samclip] Processed 29000000 records...
[samclip] Processed 29100000 records...
[samclip] Processed 29200000 records...
[samclip] Processed 29300000 records...
[samclip] Processed 29400000 records...
[samclip] Processed 29500000 records...
[samclip] Processed 29600000 records...
[samclip] Processed 29700000 records...
[samclip] Processed 29800000 records...
[samclip] Processed 29900000 records...
[samclip] Processed 30000000 records...
[samclip] Processed 30100000 records...
[samclip] Processed 30200000 records...
[samclip] Processed 30300000 records...
[samclip] Processed 30400000 records...
[samclip] Processed 30500000 records...
[samclip] Processed 30600000 records...
[samclip] Processed 30700000 records...
[samclip] Processed 30800000 records...
[samclip] Processed 30900000 records...
[samclip] Processed 31000000 records...
[samclip] Processed 31100000 records...
[samclip] Processed 31200000 records...
[samclip] Processed 31300000 records...
[samclip] Processed 31400000 records...
[samclip] Processed 31500000 records...
[samclip] Processed 31600000 records...
[samclip] Processed 31700000 records...
[samclip] Processed 31800000 records...
[samclip] Processed 31900000 records...
[samclip] Processed 32000000 records...
[samclip] Processed 32100000 records...
[samclip] Processed 32200000 records...
[samclip] Processed 32300000 records...
[samclip] Processed 32400000 records...
[samclip] Processed 32500000 records...
[samclip] Processed 32600000 records...
[samclip] Processed 32700000 records...
[samclip] Processed 32800000 records...
[samclip] Processed 32900000 records...
[samclip] Processed 33000000 records...
[samclip] Processed 33100000 records...
[samclip] Processed 33200000 records...
[samclip] Processed 33300000 records...
[samclip] Processed 33400000 records...
[samclip] Processed 33500000 records...
[samclip] Processed 33600000 records...
[samclip] Processed 33700000 records...
[samclip] Processed 33800000 records...
[samclip] Processed 33900000 records...
[samclip] Processed 34000000 records...
[samclip] Processed 34100000 records...
[samclip] Processed 34200000 records...
[samclip] Processed 34300000 records...
[samclip] Processed 34400000 records...
[samclip] Processed 34500000 records...
[samclip] Processed 34600000 records...
[samclip] Processed 34700000 records...
[samclip] Processed 34800000 records...
[samclip] Processed 34900000 records...
[samclip] Processed 35000000 records...
[samclip] Processed 35100000 records...
[samclip] Processed 35200000 records...
[samclip] Processed 35300000 records...
[samclip] Processed 35400000 records...
[samclip] Processed 35500000 records...
[samclip] Processed 35600000 records...
[samclip] Processed 35700000 records...
[samclip] Processed 35800000 records...
[samclip] Processed 35900000 records...
[samclip] Processed 36000000 records...
[samclip] Processed 36100000 records...
[samclip] Processed 36200000 records...
[samclip] Processed 36300000 records...
[samclip] Processed 36400000 records...
[samclip] Processed 36500000 records...
[samclip] Processed 36600000 records...
[samclip] Processed 36700000 records...
[samclip] Processed 36800000 records...
[samclip] Processed 36900000 records...
[samclip] Processed 37000000 records...
[samclip] Processed 37100000 records...
[samclip] Processed 37200000 records...
[samclip] Processed 37300000 records...
[samclip] Processed 37400000 records...
[samclip] Processed 37500000 records...
[samclip] Processed 37600000 records...
[samclip] Processed 37700000 records...
[samclip] Processed 37800000 records...
[samclip] Processed 37900000 records...
[samclip] Processed 38000000 records...
[samclip] Processed 38100000 records...
[samclip] Processed 38200000 records...
[samclip] Processed 38300000 records...
[samclip] Processed 38400000 records...
[samclip] Processed 38500000 records...
[samclip] Processed 38600000 records...
[samclip] Processed 38700000 records...
[samclip] Processed 38800000 records...
[samclip] Processed 38900000 records...
[samclip] Processed 39000000 records...
[samclip] Processed 39100000 records...
[samclip] Processed 39200000 records...
[samclip] Processed 39300000 records...
[samclip] Processed 39400000 records...
[samclip] Processed 39500000 records...
[samclip] Processed 39600000 records...
[samclip] Processed 39700000 records...
[samclip] Processed 39800000 records...
[samclip] Processed 39900000 records...
[samclip] Processed 40000000 records...
[samclip] Processed 40100000 records...
[samclip] Processed 40200000 records...
[samclip] Processed 40300000 records...
[samclip] Processed 40400000 records...
[samclip] Processed 40500000 records...
[samclip] Processed 40600000 records...
[samclip] Processed 40700000 records...
[samclip] Processed 40800000 records...
[samclip] Processed 40900000 records...
[samclip] Processed 41000000 records...
[samclip] Processed 41100000 records...
[samclip] Processed 41200000 records...
[samclip] Processed 41300000 records...
[samclip] Processed 41400000 records...
[samclip] Processed 41500000 records...
[samclip] Processed 41600000 records...
[samclip] Processed 41700000 records...
[samclip] Processed 41800000 records...
[samclip] Processed 41900000 records...
[samclip] Processed 42000000 records...
[samclip] Processed 42100000 records...
[samclip] Processed 42200000 records...
[samclip] Processed 42300000 records...
[samclip] Processed 42400000 records...
[samclip] Processed 42500000 records...
[samclip] Processed 42600000 records...
[samclip] Processed 42700000 records...
[samclip] Processed 42800000 records...
[samclip] Processed 42900000 records...
[samclip] Processed 43000000 records...
[samclip] Processed 43100000 records...
[samclip] Processed 43200000 records...
[samclip] Processed 43300000 records...
[samclip] Processed 43400000 records...
[samclip] Processed 43500000 records...
[samclip] Processed 43600000 records...
[samclip] Processed 43700000 records...
[samclip] Processed 43800000 records...
[samclip] Processed 43900000 records...
[samclip] Processed 44000000 records...
[samclip] Processed 44100000 records...
[samclip] Processed 44200000 records...
[samclip] Processed 44300000 records...
[samclip] Processed 44400000 records...
[samclip] Processed 44500000 records...
[samclip] Processed 44600000 records...
[samclip] Processed 44700000 records...
[samclip] Processed 44800000 records...
[samclip] Processed 44900000 records...
[samclip] Processed 45000000 records...
[samclip] Processed 45100000 records...
[samclip] Processed 45200000 records...
[samclip] Processed 45300000 records...
[samclip] Processed 45400000 records...
[samclip] Processed 45500000 records...
[samclip] Processed 45600000 records...
[samclip] Processed 45700000 records...
[samclip] Processed 45800000 records...
[samclip] Processed 45900000 records...
[samclip] Processed 46000000 records...
[samclip] Processed 46100000 records...
[samclip] Processed 46200000 records...
[samclip] Processed 46300000 records...
[samclip] Processed 46400000 records...
[samclip] Processed 46500000 records...
[samclip] Processed 46600000 records...
[samclip] Processed 46700000 records...
[samclip] Processed 46800000 records...
[samclip] Processed 46900000 records...
[samclip] Processed 47000000 records...
[samclip] Processed 47100000 records...
[samclip] Processed 47200000 records...
[samclip] Processed 47300000 records...
[samclip] Processed 47400000 records...
[samclip] Processed 47500000 records...
[samclip] Processed 47600000 records...
[samclip] Processed 47700000 records...
[samclip] Processed 47800000 records...
[samclip] Processed 47900000 records...
[samclip] Processed 48000000 records...
[samclip] Processed 48100000 records...
[samclip] Processed 48200000 records...
[samclip] Processed 48300000 records...
[samclip] Processed 48400000 records...
[samclip] Processed 48500000 records...
[samclip] Processed 48600000 records...
[samclip] Processed 48700000 records...
[samclip] Processed 48800000 records...
[samclip] Processed 48900000 records...
[samclip] Processed 49000000 records...
[samclip] Processed 49100000 records...
[samclip] Processed 49200000 records...
[samclip] Processed 49300000 records...
[samclip] Processed 49400000 records...
[samclip] Processed 49500000 records...
[samclip] Processed 49600000 records...
[samclip] Processed 49700000 records...
[samclip] Processed 49800000 records...
[samclip] Processed 49900000 records...
[samclip] Processed 50000000 records...
[samclip] Processed 50100000 records...
[samclip] Processed 50200000 records...
[samclip] Processed 50300000 records...
[samclip] Processed 50400000 records...
[samclip] Processed 50500000 records...
[samclip] Processed 50600000 records...
[samclip] Processed 50700000 records...
[samclip] Processed 50800000 records...
[samclip] Processed 50900000 records...
[samclip] Processed 51000000 records...
[samclip] Processed 51100000 records...
[samclip] Processed 51200000 records...
[samclip] Processed 51300000 records...
[samclip] Processed 51400000 records...
[samclip] Processed 51500000 records...
[samclip] Processed 51600000 records...
[samclip] Processed 51700000 records...
[samclip] Processed 51800000 records...
[samclip] Processed 51900000 records...
[samclip] Processed 52000000 records...
[samclip] Processed 52100000 records...
[samclip] Processed 52200000 records...
[samclip] Processed 52300000 records...
[samclip] Processed 52400000 records...
[samclip] Processed 52500000 records...
[samclip] Processed 52600000 records...
[samclip] Processed 52700000 records...
[samclip] Processed 52800000 records...
[samclip] Processed 52900000 records...
[samclip] Processed 53000000 records...
[samclip] Processed 53100000 records...
[samclip] Processed 53200000 records...
[samclip] Processed 53300000 records...
[samclip] Processed 53400000 records...
[samclip] Processed 53500000 records...
[samclip] Processed 53600000 records...
[samclip] Processed 53700000 records...
[samclip] Processed 53800000 records...
[samclip] Processed 53900000 records...
[samclip] Processed 54000000 records...
[samclip] Processed 54100000 records...
[samclip] Processed 54200000 records...
[samclip] Processed 54300000 records...
[samclip] Processed 54400000 records...
[samclip] Processed 54500000 records...
[samclip] Processed 54600000 records...
[samclip] Processed 54700000 records...
[samclip] Processed 54800000 records...
[samclip] Processed 54900000 records...
[samclip] Processed 55000000 records...
[samclip] Processed 55100000 records...
[samclip] Processed 55200000 records...
[samclip] Processed 55300000 records...
[samclip] Processed 55400000 records...
[samclip] Processed 55500000 records...
[samclip] Processed 55600000 records...
[samclip] Processed 55700000 records...
[samclip] Processed 55800000 records...
[samclip] Processed 55900000 records...
[samclip] Processed 56000000 records...
[samclip] Processed 56100000 records...
[samclip] Processed 56200000 records...
[samclip] Processed 56300000 records...
[samclip] Processed 56400000 records...
[samclip] Processed 56500000 records...
[samclip] Processed 56600000 records...
[samclip] Processed 56700000 records...
[samclip] Processed 56800000 records...
[samclip] Processed 56900000 records...
[samclip] Processed 57000000 records...
[samclip] Processed 57100000 records...
[samclip] Processed 57200000 records...
[samclip] Processed 57300000 records...
[samclip] Processed 57400000 records...
[samclip] Processed 57500000 records...
[samclip] Processed 57600000 records...
[samclip] Processed 57700000 records...
[samclip] Processed 57800000 records...
[samclip] Processed 57900000 records...
[samclip] Processed 58000000 records...
[samclip] Processed 58100000 records...
[samclip] Processed 58200000 records...
[samclip] Processed 58300000 records...
[samclip] Processed 58400000 records...
[samclip] Processed 58500000 records...
[samclip] Processed 58600000 records...
[samclip] Processed 58700000 records...
[samclip] Processed 58800000 records...
[samclip] Processed 58900000 records...
[samclip] Processed 59000000 records...
[samclip] Processed 59100000 records...
[samclip] Processed 59200000 records...
[samclip] Processed 59300000 records...
[samclip] Processed 59400000 records...
[samclip] Processed 59500000 records...
[samclip] Processed 59600000 records...
[samclip] Processed 59700000 records...
[samclip] Processed 59800000 records...
[samclip] Processed 59900000 records...
[samclip] Processed 60000000 records...
[samclip] Processed 60100000 records...
[samclip] Processed 60200000 records...
[samclip] Processed 60300000 records...
[samclip] Processed 60400000 records...
[samclip] Processed 60500000 records...
[samclip] Processed 60600000 records...
[samclip] Processed 60700000 records...
[samclip] Processed 60800000 records...
[samclip] Processed 60900000 records...
[samclip] Processed 61000000 records...
[samclip] Processed 61100000 records...
[samclip] Processed 61200000 records...
[samclip] Processed 61300000 records...
[samclip] Processed 61400000 records...
[samclip] Processed 61500000 records...
[samclip] Processed 61600000 records...
[samclip] Processed 61700000 records...
[samclip] Processed 61800000 records...
[samclip] Processed 61900000 records...
[samclip] Processed 62000000 records...
[samclip] Processed 62100000 records...
[samclip] Processed 62200000 records...
[samclip] Processed 62300000 records...
[samclip] Processed 62400000 records...
[samclip] Processed 62500000 records...
[samclip] Processed 62600000 records...
[samclip] Processed 62700000 records...
[samclip] Processed 62800000 records...
[samclip] Processed 62900000 records...
[samclip] Processed 63000000 records...
[samclip] Processed 63100000 records...
[samclip] Processed 63200000 records...
[samclip] Processed 63300000 records...
[samclip] Processed 63400000 records...
[samclip] Processed 63500000 records...
[samclip] Processed 63600000 records...
[samclip] Processed 63700000 records...
[samclip] Processed 63800000 records...
[samclip] Processed 63900000 records...
[samclip] Processed 64000000 records...
[samclip] Processed 64100000 records...
[samclip] Processed 64200000 records...
[samclip] Processed 64300000 records...
[samclip] Processed 64400000 records...
[samclip] Processed 64500000 records...
[samclip] Processed 64600000 records...
[samclip] Processed 64700000 records...
[samclip] Processed 64800000 records...
[samclip] Processed 64900000 records...
[samclip] Processed 65000000 records...
[samclip] Processed 65100000 records...
[samclip] Processed 65200000 records...
[samclip] Processed 65300000 records...
[samclip] Processed 65400000 records...
[samclip] Processed 65500000 records...
[samclip] Processed 65600000 records...
[samclip] Processed 65700000 records...
[samclip] Processed 65800000 records...
[samclip] Processed 65900000 records...
[samclip] Processed 66000000 records...
[samclip] Processed 66100000 records...
[samclip] Processed 66200000 records...
[samclip] Processed 66300000 records...
[samclip] Processed 66400000 records...
[samclip] Processed 66500000 records...
[samclip] Processed 66600000 records...
[samclip] Processed 66700000 records...
[samclip] Processed 66800000 records...
[samclip] Processed 66900000 records...
[samclip] Processed 67000000 records...
[samclip] Processed 67100000 records...
[samclip] Processed 67200000 records...
[samclip] Processed 67300000 records...
[samclip] Processed 67400000 records...
[samclip] Processed 67500000 records...
[samclip] Processed 67600000 records...
[samclip] Processed 67700000 records...
[samclip] Processed 67800000 records...
[samclip] Processed 67900000 records...
[samclip] Processed 68000000 records...
[samclip] Processed 68100000 records...
[samclip] Processed 68200000 records...
[samclip] Processed 68300000 records...
[samclip] Processed 68400000 records...
[samclip] Processed 68500000 records...
[samclip] Processed 68600000 records...
[samclip] Processed 68700000 records...
[samclip] Processed 68800000 records...
[samclip] Processed 68900000 records...
[samclip] Processed 69000000 records...
[samclip] Processed 69100000 records...
[samclip] Processed 69200000 records...
[samclip] Processed 69300000 records...
[samclip] Processed 69400000 records...
[samclip] Processed 69500000 records...
[samclip] Processed 69600000 records...
[samclip] Processed 69700000 records...
[samclip] Processed 69800000 records...
[samclip] Processed 69900000 records...
[samclip] Processed 70000000 records...
[samclip] Processed 70100000 records...
[samclip] Processed 70200000 records...
[samclip] Processed 70300000 records...
[samclip] Processed 70400000 records...
[samclip] Processed 70500000 records...
[samclip] Processed 70600000 records...
[samclip] Processed 70700000 records...
[samclip] Processed 70800000 records...
[samclip] Processed 70900000 records...
[samclip] Processed 71000000 records...
[samclip] Processed 71100000 records...
[samclip] Processed 71200000 records...
[samclip] Processed 71300000 records...
[samclip] Processed 71400000 records...
[samclip] Processed 71500000 records...
[samclip] Processed 71600000 records...
[samclip] Processed 71700000 records...
[samclip] Processed 71800000 records...
[samclip] Processed 71900000 records...
[samclip] Processed 72000000 records...
[samclip] Processed 72100000 records...
[samclip] Processed 72200000 records...
[samclip] Processed 72300000 records...
[samclip] Processed 72400000 records...
[samclip] Processed 72500000 records...
[samclip] Processed 72600000 records...
[samclip] Processed 72700000 records...
[samclip] Processed 72800000 records...
[samclip] Processed 72900000 records...
[samclip] Processed 73000000 records...
[samclip] Processed 73100000 records...
[samclip] Processed 73200000 records...
[samclip] Processed 73300000 records...
[samclip] Processed 73400000 records...
[samclip] Processed 73500000 records...
[samclip] Processed 73600000 records...
[samclip] Processed 73700000 records...
[samclip] Processed 73800000 records...
[samclip] Processed 73900000 records...
[samclip] Processed 74000000 records...
[samclip] Processed 74100000 records...
[samclip] Processed 74200000 records...
[samclip] Processed 74300000 records...
[samclip] Processed 74400000 records...
[samclip] Processed 74500000 records...
[samclip] Processed 74600000 records...
[samclip] Processed 74700000 records...
[samclip] Processed 74800000 records...
[samclip] Processed 74900000 records...
[samclip] Processed 75000000 records...
[samclip] Processed 75100000 records...
[samclip] Processed 75200000 records...
[samclip] Processed 75300000 records...
[samclip] Processed 75400000 records...
[samclip] Processed 75500000 records...
[samclip] Processed 75600000 records...
[samclip] Processed 75700000 records...
[samclip] Total SAM records 75728538, removed 823382, allowed 103949, passed 74905156
[samclip] Header contained 8 lines
[samclip] Done.
[bam_sort_core] merging from 0 files and 7 in-memory blocks...
[bam_sort_core] merging from 0 files and 7 in-memory blocks...
[17:26:17] Running: samtools index snps.bam 2>> snps.log
[17:27:00] Running: fasta_generate_regions.py reference/ref.fa.fai 169542 > reference/ref.txt 2>> snps.log
[17:27:00] Running: freebayes-parallel reference/ref.txt 16 -p 2 -P 0 -C 2 -F 0.05 --min-coverage 10 --min-repeat-entropy 1.0 -q 13 -m 60 --strict-vcf   -f reference/ref.fa snps.bam > snps.raw.vcf 2>> snps.log
[17:31:51] Running: bcftools view --include 'FMT/GT="1/1" && QUAL>=100 && FMT/DP>=10 && (FMT/AO)/(FMT/DP)>=0.8' snps.raw.vcf  | vt normalize -r reference/ref.fa - | bcftools annotate --remove '^INFO/TYPE,^INFO/DP,^INFO/RO,^INFO/AO,^INFO/AB,^FORMAT/GT,^FORMAT/DP,^FORMAT/RO,^FORMAT/AO,^FORMAT/QR,^FORMAT/QA,^FORMAT/GL' > snps.filt.vcf 2>> snps.log
normalize v0.5

options:     input VCF file                                  -
         [o] output VCF file                                 -
         [w] sorting window size                             10000
         [n] no fail on reference inconsistency for non SNPs false
         [q] quiet                                           false
         [d] debug                                           false
         [r] reference FASTA file                            reference/ref.fa


stats: biallelic
          no. left trimmed                      : 12963
          no. right trimmed                     : 0
          no. left and right trimmed            : 0
          no. right trimmed and left aligned    : 0
          no. left aligned                      : 0

       total no. biallelic normalized           : 12963

       multiallelic
          no. left trimmed                      : 0
          no. right trimmed                     : 0
          no. left and right trimmed            : 0
          no. right trimmed and left aligned    : 0
          no. left aligned                      : 0

       total no. multiallelic normalized        : 0

       total no. variants normalized            : 12963
       total no. variants observed              : 140060
       total no. reference observed             : 0

Time elapsed: 2.76s

[17:31:54] Running: snpEff ann -noLog -noStats -no-downstream -no-upstream -no-utr -c reference/snpeff.config -dataDir . ref snps.filt.vcf > snps.vcf 2>> snps.log
[17:32:04] Running: /work/FAC/FBM/DMF/smitri/evomicrocomm/eric/miniconda3/envs/bqh/bin/snippy-vcf_to_tab --gff reference/ref.gff --ref reference/ref.fa --vcf snps.vcf > snps.tab 2>> snps.log
[17:32:10] Running: /work/FAC/FBM/DMF/smitri/evomicrocomm/eric/miniconda3/envs/bqh/bin/snippy-vcf_extract_subs snps.filt.vcf > snps.subs.vcf 2>> snps.log
[17:32:17] Running: bcftools convert -Oz -o snps.vcf.gz snps.vcf 2>> snps.log
[17:32:19] Running: bcftools index -f snps.vcf.gz 2>> snps.log
[17:32:19] Running: bcftools consensus --sample snippy -f reference/ref.fa -o snps.consensus.fa snps.vcf.gz 2>> snps.log
[17:32:20] Running: bcftools convert -Oz -o snps.subs.vcf.gz snps.subs.vcf 2>> snps.log
[17:32:26] Running: bcftools index -f snps.subs.vcf.gz 2>> snps.log
[17:32:27] Running: bcftools consensus --sample snippy -f reference/ref.fa -o snps.consensus.subs.fa snps.subs.vcf.gz 2>> snps.log
[17:32:31] Running: rm -f snps.subs.vcf.gz snps.subs.vcf.gz.csi snps.subs.vcf.gz.tbi 2>> snps.log
[17:32:31] Generating reference aligned/masked FASTA relative to reference: snps.aligned.fa
[17:33:41] Marked 380447 heterozygous sites with 'n'
[17:33:41] Creating extra output files: BED GFF CSV TXT HTML
[17:33:43] Identified 140060 variants.
[17:33:43] Deleting: reference/ref.fa.fai
[17:33:43] Deleting: reference/ref.fa.amb
[17:33:43] Deleting: reference/ref.fa.ann
[17:33:43] Deleting: reference/ref.fa.bwt
[17:33:43] Deleting: reference/ref.fa.pac
[17:33:43] Deleting: reference/ref.fa.sa
[17:33:43] Deleting: snps.bam
[17:33:43] Deleting: snps.bam.bai
[17:33:43] Deleting: snps.raw.vcf
[17:33:43] Deleting: snps.vcf.gz.csi
[17:33:43] Deleting: snps.vcf.gz
[17:33:43] Deleting: snps.consensus.fa
[17:33:43] Deleting: snps.consensus.subs.fa
[17:33:43] Deleting: ref.fa
[17:33:43] Removing folder: reference/genomes
[17:33:43] Removing folder: reference/ref
[17:33:43] Result folder: /work/FAC/FBM/DMF/smitri/evomicrocomm/genome_size/data/T22.4.5/oa/snippy
[17:33:43] Result files:
[17:33:43] * /work/FAC/FBM/DMF/smitri/evomicrocomm/genome_size/data/T22.4.5/oa/snippy/snps.aligned.fa
[17:33:43] * /work/FAC/FBM/DMF/smitri/evomicrocomm/genome_size/data/T22.4.5/oa/snippy/snps.bed
[17:33:43] * /work/FAC/FBM/DMF/smitri/evomicrocomm/genome_size/data/T22.4.5/oa/snippy/snps.csv
[17:33:43] * /work/FAC/FBM/DMF/smitri/evomicrocomm/genome_size/data/T22.4.5/oa/snippy/snps.filt.vcf
[17:33:43] * /work/FAC/FBM/DMF/smitri/evomicrocomm/genome_size/data/T22.4.5/oa/snippy/snps.gff
[17:33:43] * /work/FAC/FBM/DMF/smitri/evomicrocomm/genome_size/data/T22.4.5/oa/snippy/snps.html
[17:33:43] * /work/FAC/FBM/DMF/smitri/evomicrocomm/genome_size/data/T22.4.5/oa/snippy/snps.log
[17:33:43] * /work/FAC/FBM/DMF/smitri/evomicrocomm/genome_size/data/T22.4.5/oa/snippy/snps.subs.vcf
[17:33:43] * /work/FAC/FBM/DMF/smitri/evomicrocomm/genome_size/data/T22.4.5/oa/snippy/snps.tab
[17:33:43] * /work/FAC/FBM/DMF/smitri/evomicrocomm/genome_size/data/T22.4.5/oa/snippy/snps.txt
[17:33:43] * /work/FAC/FBM/DMF/smitri/evomicrocomm/genome_size/data/T22.4.5/oa/snippy/snps.vcf
[17:33:43] Walltime used: 12 minutes, 2 seconds
[17:33:43] Questionable SNP? Try the --report option to see the alignments.
[17:33:43] Done.
[Thu Oct 21 17:33:43 2021]
Finished job 0.
1 of 1 steps (100%) done
