Building DAG of jobs...
Using shell: /usr/bin/bash
Provided cores: 16
Rules claiming more threads will be scaled down.
Select jobs to execute...

[Sun Oct 17 22:36:22 2021]
rule mapping:
    input: /work/FAC/FBM/DMF/smitri/evomicrocomm/genome_size/data/ms/reference.fasta, /work/FAC/FBM/DMF/smitri/evomicrocomm/genome_size/data/T33.4.3.rep/read1.fq.gz, /work/FAC/FBM/DMF/smitri/evomicrocomm/genome_size/data/T33.4.3.rep/read2.fq.gz
    output: /work/FAC/FBM/DMF/smitri/evomicrocomm/genome_size/data/T33.4.3.rep/ms/mapped_reads.sorted.bam
    jobid: 0
    wildcards: sample=T33.4.3.rep, strain=ms
    threads: 16
    resources: mem_mb=21731, disk_mb=21731, tmpdir=/tmp/2846053

[M::mm_idx_gen::0.088*1.00] collected minimizers
[M::mm_idx_gen::0.106*3.01] sorted minimizers
[M::main::0.106*3.01] loaded/built the index for 1 target sequence(s)
[M::mm_mapopt_update::0.107*3.01] mid_occ = 1000
[M::mm_idx_stat] kmer size: 21; skip: 11; is_hpc: 0; #seq: 1
[M::mm_idx_stat::0.114*2.87] distinct minimizers: 620509 (99.65% are singletons); average occurrences: 1.004; average spacing: 5.998; total length: 3737398
[M::worker_pipeline::1.211*2.25] mapped 332796 sequences
[M::worker_pipeline::2.110*2.40] mapped 332832 sequences
[M::worker_pipeline::2.929*2.51] mapped 332714 sequences
[M::worker_pipeline::3.775*2.56] mapped 332592 sequences
[M::worker_pipeline::4.608*2.58] mapped 332596 sequences
[M::worker_pipeline::5.303*2.68] mapped 332560 sequences
[M::worker_pipeline::5.906*2.78] mapped 332494 sequences
[M::worker_pipeline::6.514*2.86] mapped 332472 sequences
[M::worker_pipeline::7.140*2.93] mapped 332356 sequences
[M::worker_pipeline::7.772*2.98] mapped 332370 sequences
[M::worker_pipeline::8.361*3.03] mapped 332360 sequences
[M::worker_pipeline::8.969*3.09] mapped 332366 sequences
[M::worker_pipeline::9.572*3.13] mapped 332332 sequences
[M::worker_pipeline::10.166*3.16] mapped 332308 sequences
[M::worker_pipeline::10.779*3.19] mapped 332254 sequences
[M::worker_pipeline::11.397*3.22] mapped 332380 sequences
[M::worker_pipeline::11.990*3.25] mapped 332344 sequences
[M::worker_pipeline::12.608*3.27] mapped 332332 sequences
[M::worker_pipeline::13.212*3.29] mapped 332376 sequences
[M::worker_pipeline::13.782*3.31] mapped 332342 sequences
[M::worker_pipeline::14.400*3.33] mapped 332308 sequences
[M::worker_pipeline::14.974*3.35] mapped 332286 sequences
[M::worker_pipeline::15.591*3.36] mapped 332336 sequences
[M::worker_pipeline::16.193*3.37] mapped 332278 sequences
[M::worker_pipeline::16.803*3.38] mapped 332300 sequences
[M::worker_pipeline::17.380*3.39] mapped 332242 sequences
[M::worker_pipeline::17.957*3.40] mapped 332232 sequences
[M::worker_pipeline::18.644*3.40] mapped 332280 sequences
[M::worker_pipeline::19.244*3.41] mapped 332266 sequences
[M::worker_pipeline::19.833*3.42] mapped 332288 sequences
[M::worker_pipeline::20.453*3.43] mapped 332302 sequences
[M::worker_pipeline::21.084*3.44] mapped 332258 sequences
[M::worker_pipeline::21.642*3.45] mapped 332214 sequences
[M::worker_pipeline::22.284*3.45] mapped 332178 sequences
[M::worker_pipeline::22.897*3.46] mapped 332126 sequences
[M::worker_pipeline::23.454*3.46] mapped 332104 sequences
[M::worker_pipeline::24.095*3.47] mapped 332114 sequences
[M::worker_pipeline::24.674*3.47] mapped 332116 sequences
[M::worker_pipeline::25.263*3.48] mapped 332094 sequences
[M::worker_pipeline::25.894*3.48] mapped 332078 sequences
[M::worker_pipeline::26.503*3.49] mapped 332060 sequences
[M::worker_pipeline::27.046*3.50] mapped 332074 sequences
[M::worker_pipeline::27.687*3.50] mapped 332014 sequences
[M::worker_pipeline::28.290*3.51] mapped 332080 sequences
[M::worker_pipeline::28.858*3.51] mapped 332044 sequences
[M::worker_pipeline::29.465*3.51] mapped 332040 sequences
[M::worker_pipeline::30.063*3.52] mapped 332040 sequences
[M::worker_pipeline::30.648*3.52] mapped 332040 sequences
[M::worker_pipeline::31.253*3.52] mapped 332008 sequences
[M::worker_pipeline::31.846*3.53] mapped 332062 sequences
[M::worker_pipeline::32.417*3.53] mapped 332012 sequences
[M::worker_pipeline::33.031*3.54] mapped 331992 sequences
[M::worker_pipeline::33.640*3.54] mapped 332058 sequences
[M::worker_pipeline::34.200*3.54] mapped 331994 sequences
[M::worker_pipeline::34.828*3.55] mapped 332080 sequences
[M::worker_pipeline::35.386*3.55] mapped 332014 sequences
[M::worker_pipeline::36.000*3.56] mapped 332028 sequences
[M::worker_pipeline::36.581*3.56] mapped 332100 sequences
[M::worker_pipeline::37.187*3.57] mapped 332074 sequences
[M::worker_pipeline::37.743*3.57] mapped 332038 sequences
[M::worker_pipeline::38.387*3.57] mapped 332074 sequences
[M::worker_pipeline::38.977*3.57] mapped 332098 sequences
[M::worker_pipeline::39.577*3.57] mapped 332062 sequences
[M::worker_pipeline::40.156*3.58] mapped 332104 sequences
[M::worker_pipeline::40.744*3.58] mapped 332126 sequences
[M::worker_pipeline::41.344*3.58] mapped 332286 sequences
[M::worker_pipeline::41.988*3.58] mapped 332724 sequences
[M::worker_pipeline::42.551*3.59] mapped 332634 sequences
[M::worker_pipeline::43.116*3.59] mapped 332580 sequences
[M::worker_pipeline::43.700*3.59] mapped 332520 sequences
[M::worker_pipeline::44.291*3.60] mapped 332480 sequences
[M::worker_pipeline::44.902*3.60] mapped 332402 sequences
[M::worker_pipeline::45.521*3.60] mapped 332328 sequences
[M::worker_pipeline::46.091*3.60] mapped 332420 sequences
[M::worker_pipeline::46.707*3.60] mapped 332274 sequences
[M::worker_pipeline::47.320*3.60] mapped 332298 sequences
[M::worker_pipeline::47.940*3.60] mapped 332316 sequences
[M::worker_pipeline::48.551*3.60] mapped 332292 sequences
[M::worker_pipeline::49.134*3.61] mapped 332280 sequences
[M::worker_pipeline::49.738*3.61] mapped 332392 sequences
[M::worker_pipeline::50.342*3.61] mapped 332386 sequences
[M::worker_pipeline::50.995*3.60] mapped 332370 sequences
[M::worker_pipeline::51.617*3.60] mapped 332342 sequences
[M::worker_pipeline::52.238*3.61] mapped 332336 sequences
[M::worker_pipeline::52.869*3.61] mapped 332288 sequences
[M::worker_pipeline::53.505*3.61] mapped 332264 sequences
[M::worker_pipeline::54.099*3.61] mapped 332254 sequences
[M::worker_pipeline::54.675*3.61] mapped 332232 sequences
[M::worker_pipeline::55.258*3.61] mapped 332190 sequences
[M::worker_pipeline::55.908*3.61] mapped 332228 sequences
[M::worker_pipeline::56.495*3.61] mapped 332244 sequences
[M::worker_pipeline::57.092*3.61] mapped 332228 sequences
[M::worker_pipeline::57.685*3.61] mapped 332186 sequences
[M::worker_pipeline::58.315*3.61] mapped 332162 sequences
[M::worker_pipeline::58.892*3.62] mapped 332174 sequences
[M::worker_pipeline::59.477*3.62] mapped 332156 sequences
[M::worker_pipeline::60.092*3.62] mapped 332156 sequences
[M::worker_pipeline::60.680*3.62] mapped 332174 sequences
[M::worker_pipeline::61.271*3.62] mapped 332162 sequences
[M::worker_pipeline::61.855*3.62] mapped 332122 sequences
[M::worker_pipeline::62.468*3.62] mapped 332096 sequences
[M::worker_pipeline::63.057*3.63] mapped 332110 sequences
[M::worker_pipeline::63.703*3.63] mapped 332124 sequences
[M::worker_pipeline::64.289*3.63] mapped 332130 sequences
[M::worker_pipeline::64.838*3.63] mapped 332166 sequences
[M::worker_pipeline::69.927*3.45] mapped 332106 sequences
[M::worker_pipeline::70.102*3.45] mapped 332114 sequences
[M::worker_pipeline::70.281*3.45] mapped 332058 sequences
[M::worker_pipeline::70.786*3.45] mapped 332120 sequences
[M::worker_pipeline::71.365*3.46] mapped 332088 sequences
[M::worker_pipeline::71.952*3.46] mapped 332084 sequences
[M::worker_pipeline::72.523*3.46] mapped 332088 sequences
[M::worker_pipeline::73.120*3.46] mapped 332116 sequences
[M::worker_pipeline::73.710*3.47] mapped 332054 sequences
[M::worker_pipeline::74.310*3.47] mapped 332064 sequences
[M::worker_pipeline::74.908*3.47] mapped 332072 sequences
[M::worker_pipeline::75.507*3.47] mapped 332106 sequences
[M::worker_pipeline::76.077*3.48] mapped 332054 sequences
[M::worker_pipeline::76.669*3.48] mapped 332068 sequences
[M::worker_pipeline::77.255*3.48] mapped 332086 sequences
[M::worker_pipeline::77.866*3.48] mapped 332050 sequences
[M::worker_pipeline::78.481*3.49] mapped 332014 sequences
[M::worker_pipeline::79.063*3.49] mapped 332044 sequences
[M::worker_pipeline::79.668*3.49] mapped 332086 sequences
[M::worker_pipeline::80.258*3.49] mapped 332108 sequences
[M::worker_pipeline::80.835*3.49] mapped 332142 sequences
[M::worker_pipeline::81.433*3.50] mapped 332182 sequences
[M::worker_pipeline::82.038*3.50] mapped 332238 sequences
[M::worker_pipeline::82.652*3.50] mapped 332226 sequences
[M::worker_pipeline::83.284*3.50] mapped 332258 sequences
[M::worker_pipeline::83.886*3.50] mapped 332306 sequences
[M::worker_pipeline::84.524*3.50] mapped 332488 sequences
[M::worker_pipeline::85.125*3.50] mapped 332814 sequences
[M::worker_pipeline::85.755*3.50] mapped 332656 sequences
[M::worker_pipeline::86.385*3.50] mapped 332644 sequences
[M::worker_pipeline::86.983*3.51] mapped 332512 sequences
[M::worker_pipeline::87.630*3.51] mapped 332568 sequences
[M::worker_pipeline::88.242*3.51] mapped 332508 sequences
[M::worker_pipeline::88.845*3.51] mapped 332486 sequences
[M::worker_pipeline::89.449*3.51] mapped 332456 sequences
[M::worker_pipeline::90.005*3.51] mapped 332378 sequences
[M::worker_pipeline::90.619*3.51] mapped 332302 sequences
[M::worker_pipeline::91.231*3.51] mapped 332326 sequences
[M::worker_pipeline::91.809*3.51] mapped 332356 sequences
[M::worker_pipeline::92.419*3.52] mapped 332366 sequences
[M::worker_pipeline::92.996*3.52] mapped 332326 sequences
[M::worker_pipeline::93.613*3.52] mapped 332416 sequences
[M::worker_pipeline::94.234*3.52] mapped 332538 sequences
[M::worker_pipeline::94.827*3.52] mapped 332570 sequences
[M::worker_pipeline::95.426*3.52] mapped 332594 sequences
[M::worker_pipeline::96.044*3.52] mapped 332886 sequences
[M::worker_pipeline::96.669*3.53] mapped 332462 sequences
[M::worker_pipeline::97.272*3.53] mapped 332476 sequences
[M::worker_pipeline::97.900*3.53] mapped 332428 sequences
[M::worker_pipeline::98.511*3.53] mapped 332394 sequences
[M::worker_pipeline::99.094*3.53] mapped 332420 sequences
[M::worker_pipeline::99.712*3.53] mapped 332380 sequences
[M::worker_pipeline::100.295*3.53] mapped 332304 sequences
[M::worker_pipeline::100.855*3.53] mapped 332218 sequences
[M::worker_pipeline::101.470*3.53] mapped 332152 sequences
[M::worker_pipeline::102.093*3.53] mapped 332266 sequences
[M::worker_pipeline::102.750*3.53] mapped 332846 sequences
[M::worker_pipeline::103.465*3.53] mapped 332264 sequences
[M::worker_pipeline::104.130*3.53] mapped 332170 sequences
[M::worker_pipeline::104.905*3.52] mapped 332214 sequences
[M::worker_pipeline::105.537*3.53] mapped 332180 sequences
[M::worker_pipeline::106.181*3.53] mapped 332180 sequences
[M::worker_pipeline::106.770*3.53] mapped 332238 sequences
[M::worker_pipeline::107.404*3.53] mapped 332144 sequences
[M::worker_pipeline::107.977*3.53] mapped 332138 sequences
[M::worker_pipeline::108.561*3.53] mapped 332172 sequences
[M::worker_pipeline::109.164*3.53] mapped 332156 sequences
[M::worker_pipeline::109.751*3.53] mapped 332170 sequences
[M::worker_pipeline::110.353*3.54] mapped 332060 sequences
[M::worker_pipeline::110.925*3.54] mapped 332036 sequences
[M::worker_pipeline::111.496*3.54] mapped 332032 sequences
[M::worker_pipeline::112.104*3.54] mapped 332030 sequences
[M::worker_pipeline::112.676*3.54] mapped 332028 sequences
[M::worker_pipeline::113.295*3.54] mapped 332046 sequences
[M::worker_pipeline::113.898*3.55] mapped 332026 sequences
[M::worker_pipeline::114.475*3.55] mapped 332028 sequences
[M::worker_pipeline::115.056*3.55] mapped 332034 sequences
[M::worker_pipeline::115.636*3.55] mapped 332026 sequences
[M::worker_pipeline::116.228*3.55] mapped 332018 sequences
[M::worker_pipeline::116.816*3.55] mapped 331994 sequences
[M::worker_pipeline::117.462*3.55] mapped 331992 sequences
[M::worker_pipeline::118.027*3.55] mapped 332024 sequences
[M::worker_pipeline::118.614*3.56] mapped 332000 sequences
[M::worker_pipeline::119.190*3.56] mapped 332006 sequences
[M::worker_pipeline::119.800*3.56] mapped 332046 sequences
[M::worker_pipeline::120.384*3.56] mapped 332140 sequences
[M::worker_pipeline::120.997*3.56] mapped 332120 sequences
[M::worker_pipeline::121.611*3.56] mapped 332154 sequences
[M::worker_pipeline::122.179*3.56] mapped 332080 sequences
[M::worker_pipeline::122.771*3.56] mapped 332158 sequences
[M::worker_pipeline::123.340*3.56] mapped 332106 sequences
[M::worker_pipeline::123.980*3.56] mapped 332178 sequences
[M::worker_pipeline::124.587*3.56] mapped 332880 sequences
[M::worker_pipeline::125.182*3.56] mapped 332928 sequences
[M::worker_pipeline::125.784*3.56] mapped 332784 sequences
[M::worker_pipeline::126.404*3.56] mapped 332698 sequences
[M::worker_pipeline::126.964*3.57] mapped 332626 sequences
[M::worker_pipeline::127.533*3.57] mapped 332556 sequences
[M::worker_pipeline::128.121*3.57] mapped 332520 sequences
[M::worker_pipeline::128.735*3.57] mapped 332464 sequences
[M::worker_pipeline::129.323*3.57] mapped 332472 sequences
[M::worker_pipeline::129.913*3.57] mapped 332390 sequences
[M::worker_pipeline::130.482*3.57] mapped 332396 sequences
[M::worker_pipeline::131.082*3.57] mapped 332442 sequences
[M::worker_pipeline::131.656*3.57] mapped 332376 sequences
[M::worker_pipeline::132.270*3.57] mapped 332478 sequences
[M::worker_pipeline::137.634*3.48] mapped 332522 sequences
[M::worker_pipeline::137.824*3.48] mapped 332604 sequences
[M::worker_pipeline::137.972*3.48] mapped 332612 sequences
[M::worker_pipeline::138.518*3.48] mapped 332682 sequences
[M::worker_pipeline::139.118*3.48] mapped 332660 sequences
[M::worker_pipeline::139.754*3.48] mapped 332526 sequences
[M::worker_pipeline::140.328*3.48] mapped 332438 sequences
[M::worker_pipeline::140.950*3.48] mapped 332468 sequences
[M::worker_pipeline::141.561*3.48] mapped 332440 sequences
[M::worker_pipeline::142.116*3.49] mapped 332492 sequences
[M::worker_pipeline::142.710*3.49] mapped 332582 sequences
[M::worker_pipeline::143.275*3.49] mapped 332500 sequences
[M::worker_pipeline::143.904*3.49] mapped 332362 sequences
[M::worker_pipeline::144.470*3.49] mapped 332396 sequences
[M::worker_pipeline::145.076*3.49] mapped 332428 sequences
[M::worker_pipeline::145.667*3.49] mapped 332330 sequences
[M::worker_pipeline::146.238*3.50] mapped 332270 sequences
[M::worker_pipeline::146.866*3.50] mapped 332336 sequences
[M::worker_pipeline::147.469*3.50] mapped 332394 sequences
[M::worker_pipeline::148.058*3.50] mapped 332388 sequences
[M::worker_pipeline::148.664*3.50] mapped 332354 sequences
[M::worker_pipeline::149.287*3.50] mapped 332340 sequences
[M::worker_pipeline::149.887*3.50] mapped 332314 sequences
[M::worker_pipeline::150.485*3.50] mapped 332272 sequences
[M::worker_pipeline::151.046*3.50] mapped 332240 sequences
[M::worker_pipeline::151.650*3.51] mapped 332252 sequences
[M::worker_pipeline::152.230*3.51] mapped 332226 sequences
[M::worker_pipeline::152.816*3.51] mapped 332222 sequences
[M::worker_pipeline::153.399*3.51] mapped 332230 sequences
[M::worker_pipeline::154.018*3.51] mapped 332218 sequences
[M::worker_pipeline::154.624*3.51] mapped 332228 sequences
[M::worker_pipeline::155.234*3.51] mapped 332182 sequences
[M::worker_pipeline::155.795*3.51] mapped 332268 sequences
[M::worker_pipeline::156.460*3.51] mapped 332204 sequences
[M::worker_pipeline::157.054*3.51] mapped 332102 sequences
[M::worker_pipeline::157.648*3.51] mapped 332148 sequences
[M::worker_pipeline::158.250*3.51] mapped 332078 sequences
[M::worker_pipeline::158.870*3.52] mapped 332110 sequences
[M::worker_pipeline::159.407*3.52] mapped 332100 sequences
[M::worker_pipeline::160.019*3.52] mapped 332050 sequences
[M::worker_pipeline::160.615*3.52] mapped 332056 sequences
[M::worker_pipeline::161.198*3.52] mapped 332088 sequences
[M::worker_pipeline::161.775*3.52] mapped 332124 sequences
[M::worker_pipeline::162.365*3.52] mapped 332150 sequences
[M::worker_pipeline::163.012*3.52] mapped 332208 sequences
[M::worker_pipeline::163.626*3.52] mapped 332186 sequences
[M::worker_pipeline::164.185*3.52] mapped 332234 sequences
[M::worker_pipeline::164.808*3.52] mapped 332260 sequences
[M::worker_pipeline::165.400*3.52] mapped 332262 sequences
[M::worker_pipeline::166.036*3.52] mapped 332298 sequences
[M::worker_pipeline::166.621*3.53] mapped 332348 sequences
[M::worker_pipeline::167.207*3.53] mapped 332440 sequences
[M::worker_pipeline::167.778*3.53] mapped 332864 sequences
[M::worker_pipeline::168.399*3.53] mapped 333004 sequences
[M::worker_pipeline::168.975*3.53] mapped 332624 sequences
[M::worker_pipeline::169.560*3.53] mapped 332570 sequences
[M::worker_pipeline::170.183*3.53] mapped 332606 sequences
[M::worker_pipeline::170.779*3.53] mapped 332526 sequences
[M::worker_pipeline::171.367*3.53] mapped 332448 sequences
[M::worker_pipeline::171.973*3.53] mapped 332396 sequences
[M::worker_pipeline::172.583*3.53] mapped 332370 sequences
[M::worker_pipeline::173.174*3.54] mapped 332324 sequences
[M::worker_pipeline::173.784*3.54] mapped 332362 sequences
[M::worker_pipeline::174.356*3.54] mapped 332312 sequences
[M::worker_pipeline::175.002*3.54] mapped 332354 sequences
[M::worker_pipeline::175.821*3.53] mapped 332362 sequences
[M::worker_pipeline::176.397*3.54] mapped 332312 sequences
[M::worker_pipeline::177.031*3.54] mapped 332310 sequences
[M::worker_pipeline::177.590*3.54] mapped 332276 sequences
[M::worker_pipeline::178.204*3.54] mapped 332294 sequences
[M::worker_pipeline::178.776*3.54] mapped 332268 sequences
[M::worker_pipeline::179.361*3.54] mapped 332226 sequences
[M::worker_pipeline::179.934*3.54] mapped 332290 sequences
[M::worker_pipeline::180.540*3.54] mapped 332302 sequences
[M::worker_pipeline::181.162*3.54] mapped 332262 sequences
[M::worker_pipeline::181.746*3.54] mapped 332234 sequences
[M::worker_pipeline::182.348*3.54] mapped 332222 sequences
[M::worker_pipeline::182.961*3.54] mapped 332180 sequences
[M::worker_pipeline::183.553*3.54] mapped 332144 sequences
[M::worker_pipeline::184.146*3.55] mapped 332302 sequences
[M::worker_pipeline::184.716*3.55] mapped 332244 sequences
[M::worker_pipeline::185.284*3.55] mapped 332176 sequences
[M::worker_pipeline::185.894*3.55] mapped 332144 sequences
[M::worker_pipeline::186.528*3.55] mapped 332156 sequences
[M::worker_pipeline::187.145*3.55] mapped 332168 sequences
[M::worker_pipeline::187.731*3.55] mapped 332134 sequences
[M::worker_pipeline::188.353*3.55] mapped 332132 sequences
[M::worker_pipeline::188.927*3.55] mapped 332134 sequences
[M::worker_pipeline::189.526*3.55] mapped 332152 sequences
[M::worker_pipeline::190.096*3.55] mapped 332188 sequences
[M::worker_pipeline::190.704*3.55] mapped 332160 sequences
[M::worker_pipeline::191.324*3.55] mapped 332154 sequences
[M::worker_pipeline::191.898*3.55] mapped 332166 sequences
[M::worker_pipeline::192.487*3.55] mapped 332178 sequences
[M::worker_pipeline::193.067*3.55] mapped 332216 sequences
[M::worker_pipeline::193.674*3.55] mapped 332140 sequences
[M::worker_pipeline::194.272*3.56] mapped 332184 sequences
[M::worker_pipeline::194.846*3.56] mapped 332196 sequences
[M::worker_pipeline::195.489*3.56] mapped 332256 sequences
[M::worker_pipeline::196.101*3.56] mapped 332260 sequences
[M::worker_pipeline::196.656*3.56] mapped 332244 sequences
[M::worker_pipeline::197.301*3.56] mapped 332270 sequences
[M::worker_pipeline::197.912*3.56] mapped 332242 sequences
[M::worker_pipeline::198.480*3.56] mapped 332304 sequences
[M::worker_pipeline::199.118*3.56] mapped 332362 sequences
[M::worker_pipeline::204.242*3.50] mapped 332412 sequences
[M::worker_pipeline::204.418*3.50] mapped 332346 sequences
[M::worker_pipeline::204.593*3.50] mapped 332382 sequences
[M::worker_pipeline::205.109*3.50] mapped 332368 sequences
[M::worker_pipeline::205.730*3.50] mapped 332260 sequences
[M::worker_pipeline::206.316*3.50] mapped 332232 sequences
[M::worker_pipeline::206.902*3.50] mapped 332126 sequences
[M::worker_pipeline::207.518*3.50] mapped 332060 sequences
[M::worker_pipeline::208.144*3.50] mapped 332104 sequences
[M::worker_pipeline::208.731*3.50] mapped 332146 sequences
[M::worker_pipeline::209.333*3.50] mapped 332262 sequences
[M::worker_pipeline::209.943*3.50] mapped 332890 sequences
[M::worker_pipeline::210.520*3.50] mapped 332592 sequences
[M::worker_pipeline::211.114*3.50] mapped 332540 sequences
[M::worker_pipeline::211.707*3.51] mapped 332518 sequences
[M::worker_pipeline::212.278*3.51] mapped 332464 sequences
[M::worker_pipeline::212.866*3.51] mapped 332380 sequences
[M::worker_pipeline::213.473*3.51] mapped 332376 sequences
[M::worker_pipeline::214.050*3.51] mapped 332302 sequences
[M::worker_pipeline::214.666*3.51] mapped 332346 sequences
[M::worker_pipeline::215.256*3.51] mapped 332292 sequences
[M::worker_pipeline::215.849*3.51] mapped 332238 sequences
[M::worker_pipeline::216.467*3.51] mapped 332266 sequences
[M::worker_pipeline::217.083*3.51] mapped 332240 sequences
[M::worker_pipeline::217.686*3.51] mapped 332294 sequences
[M::worker_pipeline::218.266*3.51] mapped 332260 sequences
[M::worker_pipeline::218.883*3.51] mapped 332312 sequences
[M::worker_pipeline::219.462*3.52] mapped 332290 sequences
[M::worker_pipeline::220.082*3.52] mapped 332280 sequences
[M::worker_pipeline::220.694*3.52] mapped 332262 sequences
[M::worker_pipeline::221.263*3.52] mapped 332250 sequences
[M::worker_pipeline::221.879*3.52] mapped 332298 sequences
[M::worker_pipeline::222.474*3.52] mapped 332166 sequences
[M::worker_pipeline::223.078*3.52] mapped 332134 sequences
[M::worker_pipeline::223.661*3.52] mapped 332158 sequences
[M::worker_pipeline::224.261*3.52] mapped 332148 sequences
[M::worker_pipeline::224.852*3.52] mapped 332128 sequences
[M::worker_pipeline::225.412*3.52] mapped 332184 sequences
[M::worker_pipeline::226.059*3.52] mapped 332108 sequences
[M::worker_pipeline::226.649*3.52] mapped 332108 sequences
[M::worker_pipeline::227.241*3.52] mapped 332122 sequences
[M::worker_pipeline::227.842*3.52] mapped 332134 sequences
[M::worker_pipeline::228.443*3.53] mapped 332124 sequences
[M::worker_pipeline::229.045*3.53] mapped 332046 sequences
[M::worker_pipeline::229.601*3.53] mapped 332066 sequences
[M::worker_pipeline::230.184*3.53] mapped 332082 sequences
[M::worker_pipeline::230.797*3.53] mapped 332092 sequences
[M::worker_pipeline::231.411*3.53] mapped 332182 sequences
[M::worker_pipeline::231.987*3.53] mapped 332182 sequences
[M::worker_pipeline::232.609*3.53] mapped 332192 sequences
[M::worker_pipeline::233.177*3.53] mapped 332164 sequences
[M::worker_pipeline::233.781*3.53] mapped 332080 sequences
[M::worker_pipeline::234.339*3.53] mapped 332070 sequences
[M::worker_pipeline::234.912*3.53] mapped 332134 sequences
[M::worker_pipeline::235.542*3.53] mapped 332108 sequences
[M::worker_pipeline::236.143*3.53] mapped 332106 sequences
[M::worker_pipeline::236.738*3.53] mapped 332092 sequences
[M::worker_pipeline::237.303*3.53] mapped 332100 sequences
[M::worker_pipeline::237.895*3.53] mapped 332112 sequences
[M::worker_pipeline::238.508*3.53] mapped 332174 sequences
[M::worker_pipeline::239.127*3.53] mapped 332140 sequences
[M::worker_pipeline::239.677*3.54] mapped 332196 sequences
[M::worker_pipeline::240.314*3.54] mapped 332218 sequences
[M::worker_pipeline::240.925*3.54] mapped 332248 sequences
[M::worker_pipeline::241.522*3.54] mapped 332264 sequences
[M::worker_pipeline::242.128*3.54] mapped 332266 sequences
[M::worker_pipeline::242.704*3.54] mapped 332234 sequences
[M::worker_pipeline::243.299*3.54] mapped 332246 sequences
[M::worker_pipeline::243.917*3.54] mapped 332234 sequences
[M::worker_pipeline::244.496*3.54] mapped 332110 sequences
[M::worker_pipeline::245.075*3.54] mapped 332084 sequences
[M::worker_pipeline::245.667*3.54] mapped 332102 sequences
[M::worker_pipeline::246.278*3.54] mapped 332142 sequences
[M::worker_pipeline::246.884*3.54] mapped 332152 sequences
[M::worker_pipeline::247.676*3.54] mapped 332488 sequences
[M::worker_pipeline::248.533*3.53] mapped 332646 sequences
[M::worker_pipeline::249.345*3.53] mapped 332652 sequences
[M::worker_pipeline::250.085*3.53] mapped 332474 sequences
[M::worker_pipeline::250.685*3.53] mapped 332416 sequences
[M::worker_pipeline::251.278*3.53] mapped 332398 sequences
[M::worker_pipeline::251.890*3.53] mapped 332294 sequences
[M::worker_pipeline::252.487*3.53] mapped 332234 sequences
[M::worker_pipeline::253.084*3.53] mapped 332246 sequences
[M::worker_pipeline::253.691*3.53] mapped 332228 sequences
[M::worker_pipeline::254.286*3.53] mapped 332256 sequences
[M::worker_pipeline::254.894*3.53] mapped 332230 sequences
[M::worker_pipeline::255.486*3.54] mapped 332216 sequences
[M::worker_pipeline::256.078*3.54] mapped 332166 sequences
[M::worker_pipeline::256.669*3.54] mapped 332206 sequences
[M::worker_pipeline::257.288*3.54] mapped 332182 sequences
[M::worker_pipeline::257.904*3.54] mapped 332204 sequences
[M::worker_pipeline::258.504*3.54] mapped 332188 sequences
[M::worker_pipeline::259.093*3.54] mapped 332620 sequences
[M::worker_pipeline::259.694*3.54] mapped 332176 sequences
[M::worker_pipeline::260.308*3.54] mapped 332156 sequences
[M::worker_pipeline::260.910*3.54] mapped 332138 sequences
[M::worker_pipeline::261.510*3.54] mapped 332114 sequences
[M::worker_pipeline::262.105*3.54] mapped 332142 sequences
[M::worker_pipeline::262.687*3.54] mapped 332188 sequences
[M::worker_pipeline::263.301*3.54] mapped 332100 sequences
[M::worker_pipeline::263.876*3.54] mapped 332094 sequences
[M::worker_pipeline::264.531*3.54] mapped 332096 sequences
[M::worker_pipeline::265.309*3.54] mapped 332124 sequences
[M::worker_pipeline::266.133*3.54] mapped 332122 sequences
[M::worker_pipeline::266.844*3.53] mapped 332112 sequences
[M::worker_pipeline::267.675*3.53] mapped 332094 sequences
[M::worker_pipeline::273.011*3.49] mapped 332082 sequences
[M::worker_pipeline::273.197*3.48] mapped 332086 sequences
[M::worker_pipeline::273.362*3.48] mapped 332108 sequences
[M::worker_pipeline::273.871*3.48] mapped 332104 sequences
[M::worker_pipeline::274.499*3.49] mapped 332242 sequences
[M::worker_pipeline::275.078*3.49] mapped 332276 sequences
[M::worker_pipeline::275.652*3.49] mapped 332368 sequences
[M::worker_pipeline::276.253*3.49] mapped 332278 sequences
[M::worker_pipeline::276.845*3.49] mapped 332398 sequences
[M::worker_pipeline::277.426*3.49] mapped 332112 sequences
[M::worker_pipeline::278.010*3.49] mapped 332066 sequences
[M::worker_pipeline::278.611*3.49] mapped 332114 sequences
[M::worker_pipeline::279.221*3.49] mapped 332072 sequences
[M::worker_pipeline::279.805*3.49] mapped 332096 sequences
[M::worker_pipeline::280.396*3.49] mapped 332120 sequences
[M::worker_pipeline::280.987*3.49] mapped 332136 sequences
[M::worker_pipeline::281.573*3.49] mapped 332182 sequences
[M::worker_pipeline::282.170*3.49] mapped 332180 sequences
[M::worker_pipeline::282.754*3.49] mapped 332144 sequences
[M::worker_pipeline::283.317*3.49] mapped 332174 sequences
[M::worker_pipeline::283.905*3.49] mapped 332172 sequences
[M::worker_pipeline::284.523*3.50] mapped 332200 sequences
[M::worker_pipeline::285.100*3.50] mapped 332264 sequences
[M::worker_pipeline::285.683*3.50] mapped 332266 sequences
[M::worker_pipeline::286.305*3.50] mapped 332266 sequences
[M::worker_pipeline::286.883*3.50] mapped 332248 sequences
[M::worker_pipeline::287.503*3.50] mapped 332232 sequences
[M::worker_pipeline::288.125*3.50] mapped 332156 sequences
[M::worker_pipeline::288.730*3.50] mapped 332090 sequences
[M::worker_pipeline::289.326*3.50] mapped 332096 sequences
[M::worker_pipeline::289.921*3.50] mapped 332106 sequences
[M::worker_pipeline::290.522*3.50] mapped 332126 sequences
[M::worker_pipeline::291.121*3.50] mapped 332604 sequences
[M::worker_pipeline::291.719*3.50] mapped 332830 sequences
[M::worker_pipeline::292.349*3.50] mapped 332676 sequences
[M::worker_pipeline::292.951*3.50] mapped 332622 sequences
[M::worker_pipeline::293.538*3.50] mapped 332564 sequences
[M::worker_pipeline::294.152*3.50] mapped 332530 sequences
[M::worker_pipeline::294.801*3.50] mapped 332518 sequences
[M::worker_pipeline::295.381*3.50] mapped 332486 sequences
[M::worker_pipeline::295.994*3.50] mapped 332402 sequences
[M::worker_pipeline::296.580*3.50] mapped 332406 sequences
[M::worker_pipeline::297.181*3.50] mapped 332302 sequences
[M::worker_pipeline::297.795*3.50] mapped 332370 sequences
[M::worker_pipeline::298.369*3.51] mapped 332366 sequences
[M::worker_pipeline::298.967*3.51] mapped 332346 sequences
[M::worker_pipeline::299.569*3.51] mapped 332382 sequences
[M::worker_pipeline::300.170*3.51] mapped 332394 sequences
[M::worker_pipeline::300.745*3.51] mapped 332426 sequences
[M::worker_pipeline::301.347*3.51] mapped 332466 sequences
[M::worker_pipeline::301.906*3.51] mapped 332492 sequences
[M::worker_pipeline::302.504*3.51] mapped 332354 sequences
[M::worker_pipeline::303.091*3.51] mapped 332362 sequences
[M::worker_pipeline::303.716*3.51] mapped 332362 sequences
[M::worker_pipeline::304.299*3.51] mapped 332312 sequences
[M::worker_pipeline::304.885*3.51] mapped 332292 sequences
[M::worker_pipeline::305.468*3.51] mapped 332298 sequences
[M::worker_pipeline::306.052*3.51] mapped 332242 sequences
[M::worker_pipeline::306.637*3.51] mapped 332274 sequences
[M::worker_pipeline::307.221*3.51] mapped 332174 sequences
[M::worker_pipeline::307.806*3.51] mapped 332188 sequences
[M::worker_pipeline::308.406*3.52] mapped 332214 sequences
[M::worker_pipeline::309.033*3.52] mapped 332204 sequences
[M::worker_pipeline::309.619*3.52] mapped 332180 sequences
[M::worker_pipeline::310.266*3.52] mapped 332166 sequences
[M::worker_pipeline::310.886*3.52] mapped 332206 sequences
[M::worker_pipeline::311.461*3.52] mapped 332152 sequences
[M::worker_pipeline::312.064*3.52] mapped 332418 sequences
[M::worker_pipeline::312.668*3.52] mapped 332544 sequences
[M::worker_pipeline::313.310*3.52] mapped 332590 sequences
[M::worker_pipeline::313.909*3.52] mapped 332528 sequences
[M::worker_pipeline::314.541*3.52] mapped 332558 sequences
[M::worker_pipeline::315.168*3.52] mapped 332318 sequences
[M::worker_pipeline::315.956*3.52] mapped 332134 sequences
[M::worker_pipeline::316.812*3.52] mapped 332118 sequences
[M::worker_pipeline::317.580*3.51] mapped 332156 sequences
[M::worker_pipeline::318.356*3.51] mapped 332138 sequences
[M::worker_pipeline::319.151*3.51] mapped 332144 sequences
[M::worker_pipeline::319.861*3.51] mapped 332124 sequences
[M::worker_pipeline::320.428*3.51] mapped 332132 sequences
[M::worker_pipeline::321.021*3.51] mapped 332186 sequences
[M::worker_pipeline::321.614*3.51] mapped 332156 sequences
[M::worker_pipeline::322.211*3.51] mapped 332180 sequences
[M::worker_pipeline::322.823*3.51] mapped 332184 sequences
[M::worker_pipeline::323.558*3.51] mapped 332204 sequences
[M::worker_pipeline::324.374*3.51] mapped 332126 sequences
[M::worker_pipeline::325.068*3.51] mapped 332206 sequences
[M::worker_pipeline::325.930*3.51] mapped 332172 sequences
[M::worker_pipeline::326.512*3.51] mapped 332150 sequences
[M::worker_pipeline::327.094*3.51] mapped 332124 sequences
[M::worker_pipeline::327.647*3.51] mapped 332146 sequences
[M::worker_pipeline::328.257*3.51] mapped 332080 sequences
[M::worker_pipeline::328.840*3.51] mapped 331998 sequences
[M::worker_pipeline::329.398*3.51] mapped 332078 sequences
[M::worker_pipeline::330.042*3.51] mapped 332084 sequences
[M::worker_pipeline::330.627*3.51] mapped 332156 sequences
[M::worker_pipeline::330.639*3.51] mapped 24214 sequences
[M::main] Version: 2.22-r1101
[M::main] CMD: minimap2 --secondary=no -t 16 -R @RG\tID:snippy\tSM:snippy -ax sr /work/FAC/FBM/DMF/smitri/evomicrocomm/genome_size/data/ms/reference.fasta /work/FAC/FBM/DMF/smitri/evomicrocomm/genome_size/data/T33.4.3.rep/read1.fq.gz /work/FAC/FBM/DMF/smitri/evomicrocomm/genome_size/data/T33.4.3.rep/read2.fq.gz
[M::main] Real time: 330.655 sec; CPU: 1160.492 sec; Peak RSS: 0.490 GB
[bam_sort_core] merging from 64 files and 16 in-memory blocks...
[Sun Oct 17 22:46:00 2021]
Finished job 0.
1 of 1 steps (100%) done
