Building DAG of jobs...
Using shell: /usr/bin/bash
Provided cores: 16
Rules claiming more threads will be scaled down.
Select jobs to execute...

[Sun Oct 17 22:34:44 2021]
rule mapping:
    input: /work/FAC/FBM/DMF/smitri/evomicrocomm/genome_size/data/ms/reference.fasta, /work/FAC/FBM/DMF/smitri/evomicrocomm/genome_size/data/T11.3.4/read1.fq.gz, /work/FAC/FBM/DMF/smitri/evomicrocomm/genome_size/data/T11.3.4/read2.fq.gz
    output: /work/FAC/FBM/DMF/smitri/evomicrocomm/genome_size/data/T11.3.4/ms/mapped_reads.sorted.bam
    jobid: 0
    wildcards: sample=T11.3.4, strain=ms
    threads: 16
    resources: mem_mb=28310, disk_mb=28310, tmpdir=/tmp/2846044

[M::mm_idx_gen::0.095*0.92] collected minimizers
[M::mm_idx_gen::0.110*2.43] sorted minimizers
[M::main::0.110*2.43] loaded/built the index for 1 target sequence(s)
[M::mm_mapopt_update::0.110*2.43] mid_occ = 1000
[M::mm_idx_stat] kmer size: 21; skip: 11; is_hpc: 0; #seq: 1
[M::mm_idx_stat::0.117*2.35] distinct minimizers: 620509 (99.65% are singletons); average occurrences: 1.004; average spacing: 5.998; total length: 3737398
[M::worker_pipeline::1.314*2.27] mapped 333232 sequences
[M::worker_pipeline::1.957*2.69] mapped 333146 sequences
[M::worker_pipeline::2.597*2.91] mapped 332994 sequences
[M::worker_pipeline::3.275*3.07] mapped 332974 sequences
[M::worker_pipeline::3.867*3.18] mapped 332914 sequences
[M::worker_pipeline::4.454*3.26] mapped 332900 sequences
[M::worker_pipeline::5.051*3.30] mapped 332820 sequences
[M::worker_pipeline::5.706*3.34] mapped 332824 sequences
[M::worker_pipeline::6.303*3.39] mapped 332822 sequences
[M::worker_pipeline::6.926*3.43] mapped 332798 sequences
[M::worker_pipeline::7.560*3.44] mapped 332748 sequences
[M::worker_pipeline::8.187*3.45] mapped 332748 sequences
[M::worker_pipeline::8.814*3.46] mapped 332674 sequences
[M::worker_pipeline::9.376*3.48] mapped 332708 sequences
[M::worker_pipeline::10.056*3.48] mapped 332794 sequences
[M::worker_pipeline::10.660*3.48] mapped 332698 sequences
[M::worker_pipeline::11.256*3.49] mapped 332652 sequences
[M::worker_pipeline::11.923*3.49] mapped 332674 sequences
[M::worker_pipeline::12.546*3.51] mapped 332746 sequences
[M::worker_pipeline::13.152*3.52] mapped 332802 sequences
[M::worker_pipeline::13.788*3.52] mapped 332746 sequences
[M::worker_pipeline::14.387*3.52] mapped 332920 sequences
[M::worker_pipeline::15.022*3.52] mapped 332922 sequences
[M::worker_pipeline::15.654*3.53] mapped 333000 sequences
[M::worker_pipeline::16.277*3.54] mapped 333070 sequences
[M::worker_pipeline::16.900*3.55] mapped 333044 sequences
[M::worker_pipeline::17.514*3.55] mapped 333192 sequences
[M::worker_pipeline::18.150*3.55] mapped 333020 sequences
[M::worker_pipeline::18.791*3.55] mapped 332916 sequences
[M::worker_pipeline::19.389*3.55] mapped 332892 sequences
[M::worker_pipeline::20.006*3.55] mapped 332806 sequences
[M::worker_pipeline::20.629*3.55] mapped 332726 sequences
[M::worker_pipeline::21.249*3.56] mapped 332704 sequences
[M::worker_pipeline::21.854*3.56] mapped 332746 sequences
[M::worker_pipeline::22.462*3.57] mapped 332716 sequences
[M::worker_pipeline::23.044*3.58] mapped 332804 sequences
[M::worker_pipeline::23.666*3.58] mapped 332826 sequences
[M::worker_pipeline::24.277*3.58] mapped 332764 sequences
[M::worker_pipeline::24.859*3.59] mapped 333146 sequences
[M::worker_pipeline::25.484*3.58] mapped 333032 sequences
[M::worker_pipeline::26.102*3.58] mapped 333002 sequences
[M::worker_pipeline::26.736*3.58] mapped 332796 sequences
[M::worker_pipeline::27.351*3.58] mapped 332772 sequences
[M::worker_pipeline::27.956*3.58] mapped 332736 sequences
[M::worker_pipeline::28.575*3.59] mapped 332692 sequences
[M::worker_pipeline::29.209*3.58] mapped 332724 sequences
[M::worker_pipeline::29.835*3.58] mapped 332706 sequences
[M::worker_pipeline::30.456*3.58] mapped 332690 sequences
[M::worker_pipeline::31.116*3.59] mapped 332690 sequences
[M::worker_pipeline::31.703*3.59] mapped 332678 sequences
[M::worker_pipeline::32.339*3.59] mapped 332746 sequences
[M::worker_pipeline::32.919*3.59] mapped 332772 sequences
[M::worker_pipeline::33.553*3.60] mapped 332776 sequences
[M::worker_pipeline::34.155*3.60] mapped 332746 sequences
[M::worker_pipeline::34.733*3.60] mapped 332734 sequences
[M::worker_pipeline::35.372*3.60] mapped 332756 sequences
[M::worker_pipeline::36.028*3.61] mapped 332888 sequences
[M::worker_pipeline::36.647*3.61] mapped 332828 sequences
[M::worker_pipeline::37.217*3.61] mapped 332874 sequences
[M::worker_pipeline::37.843*3.61] mapped 332920 sequences
[M::worker_pipeline::38.456*3.61] mapped 332876 sequences
[M::worker_pipeline::39.095*3.61] mapped 333050 sequences
[M::worker_pipeline::39.736*3.61] mapped 332866 sequences
[M::worker_pipeline::40.352*3.61] mapped 332786 sequences
[M::worker_pipeline::40.977*3.61] mapped 332846 sequences
[M::worker_pipeline::41.602*3.61] mapped 332872 sequences
[M::worker_pipeline::42.196*3.61] mapped 332832 sequences
[M::worker_pipeline::42.817*3.61] mapped 333052 sequences
[M::worker_pipeline::43.421*3.61] mapped 332878 sequences
[M::worker_pipeline::44.038*3.61] mapped 333082 sequences
[M::worker_pipeline::44.669*3.61] mapped 333170 sequences
[M::worker_pipeline::45.286*3.61] mapped 333190 sequences
[M::worker_pipeline::45.882*3.61] mapped 333222 sequences
[M::worker_pipeline::46.491*3.61] mapped 333236 sequences
[M::worker_pipeline::47.135*3.61] mapped 333512 sequences
[M::worker_pipeline::47.779*3.62] mapped 333420 sequences
[M::worker_pipeline::48.398*3.62] mapped 333418 sequences
[M::worker_pipeline::49.040*3.62] mapped 333530 sequences
[M::worker_pipeline::49.688*3.62] mapped 333436 sequences
[M::worker_pipeline::50.274*3.62] mapped 333618 sequences
[M::worker_pipeline::50.896*3.62] mapped 333552 sequences
[M::worker_pipeline::51.504*3.62] mapped 333024 sequences
[M::worker_pipeline::52.112*3.62] mapped 332744 sequences
[M::worker_pipeline::52.736*3.62] mapped 332676 sequences
[M::worker_pipeline::53.352*3.62] mapped 332626 sequences
[M::worker_pipeline::53.941*3.62] mapped 332574 sequences
[M::worker_pipeline::54.554*3.63] mapped 332570 sequences
[M::worker_pipeline::55.145*3.63] mapped 332490 sequences
[M::worker_pipeline::55.723*3.63] mapped 332502 sequences
[M::worker_pipeline::56.363*3.63] mapped 332470 sequences
[M::worker_pipeline::56.998*3.62] mapped 332408 sequences
[M::worker_pipeline::57.603*3.62] mapped 332418 sequences
[M::worker_pipeline::58.222*3.63] mapped 332418 sequences
[M::worker_pipeline::58.784*3.63] mapped 332440 sequences
[M::worker_pipeline::59.441*3.63] mapped 332464 sequences
[M::worker_pipeline::60.080*3.63] mapped 332386 sequences
[M::worker_pipeline::60.652*3.63] mapped 332422 sequences
[M::worker_pipeline::61.310*3.63] mapped 332430 sequences
[M::worker_pipeline::61.878*3.63] mapped 332376 sequences
[M::worker_pipeline::62.469*3.63] mapped 332424 sequences
[M::worker_pipeline::63.110*3.63] mapped 332426 sequences
[M::worker_pipeline::63.917*3.62] mapped 332410 sequences
[M::worker_pipeline::64.717*3.61] mapped 332462 sequences
[M::worker_pipeline::65.454*3.60] mapped 332552 sequences
[M::worker_pipeline::66.083*3.60] mapped 332642 sequences
[M::worker_pipeline::71.191*3.44] mapped 332764 sequences
[M::worker_pipeline::71.362*3.43] mapped 332800 sequences
[M::worker_pipeline::71.549*3.43] mapped 332840 sequences
[M::worker_pipeline::72.081*3.44] mapped 332856 sequences
[M::worker_pipeline::72.678*3.44] mapped 332716 sequences
[M::worker_pipeline::73.278*3.44] mapped 332692 sequences
[M::worker_pipeline::73.872*3.44] mapped 332606 sequences
[M::worker_pipeline::74.505*3.44] mapped 332516 sequences
[M::worker_pipeline::75.097*3.45] mapped 332520 sequences
[M::worker_pipeline::75.690*3.45] mapped 332540 sequences
[M::worker_pipeline::76.316*3.45] mapped 332500 sequences
[M::worker_pipeline::76.944*3.45] mapped 332526 sequences
[M::worker_pipeline::77.562*3.46] mapped 332516 sequences
[M::worker_pipeline::78.171*3.46] mapped 332552 sequences
[M::worker_pipeline::78.803*3.46] mapped 332534 sequences
[M::worker_pipeline::79.412*3.46] mapped 332810 sequences
[M::worker_pipeline::80.059*3.46] mapped 332946 sequences
[M::worker_pipeline::80.676*3.46] mapped 332892 sequences
[M::worker_pipeline::81.285*3.46] mapped 332562 sequences
[M::worker_pipeline::81.932*3.46] mapped 332556 sequences
[M::worker_pipeline::82.563*3.46] mapped 332460 sequences
[M::worker_pipeline::83.192*3.47] mapped 332452 sequences
[M::worker_pipeline::83.762*3.47] mapped 332400 sequences
[M::worker_pipeline::84.375*3.47] mapped 332366 sequences
[M::worker_pipeline::84.987*3.47] mapped 332404 sequences
[M::worker_pipeline::85.602*3.47] mapped 332402 sequences
[M::worker_pipeline::86.239*3.47] mapped 332454 sequences
[M::worker_pipeline::86.843*3.48] mapped 332444 sequences
[M::worker_pipeline::87.466*3.48] mapped 332450 sequences
[M::worker_pipeline::88.078*3.48] mapped 332480 sequences
[M::worker_pipeline::88.713*3.48] mapped 332530 sequences
[M::worker_pipeline::89.327*3.48] mapped 332448 sequences
[M::worker_pipeline::89.951*3.48] mapped 332392 sequences
[M::worker_pipeline::90.592*3.48] mapped 332342 sequences
[M::worker_pipeline::91.196*3.49] mapped 332376 sequences
[M::worker_pipeline::91.777*3.49] mapped 332414 sequences
[M::worker_pipeline::92.357*3.49] mapped 332406 sequences
[M::worker_pipeline::92.963*3.49] mapped 332484 sequences
[M::worker_pipeline::93.596*3.49] mapped 332452 sequences
[M::worker_pipeline::94.168*3.49] mapped 332448 sequences
[M::worker_pipeline::94.787*3.49] mapped 332370 sequences
[M::worker_pipeline::95.430*3.49] mapped 332324 sequences
[M::worker_pipeline::96.015*3.49] mapped 332290 sequences
[M::worker_pipeline::96.618*3.50] mapped 332360 sequences
[M::worker_pipeline::97.239*3.50] mapped 332380 sequences
[M::worker_pipeline::97.832*3.50] mapped 332390 sequences
[M::worker_pipeline::98.447*3.50] mapped 332422 sequences
[M::worker_pipeline::99.086*3.50] mapped 332428 sequences
[M::worker_pipeline::99.688*3.50] mapped 332450 sequences
[M::worker_pipeline::100.268*3.50] mapped 332454 sequences
[M::worker_pipeline::100.911*3.50] mapped 332496 sequences
[M::worker_pipeline::101.517*3.50] mapped 332476 sequences
[M::worker_pipeline::102.115*3.51] mapped 332516 sequences
[M::worker_pipeline::102.749*3.51] mapped 332514 sequences
[M::worker_pipeline::103.337*3.51] mapped 332480 sequences
[M::worker_pipeline::103.943*3.51] mapped 332528 sequences
[M::worker_pipeline::104.579*3.51] mapped 332516 sequences
[M::worker_pipeline::105.191*3.51] mapped 332426 sequences
[M::worker_pipeline::105.763*3.51] mapped 332576 sequences
[M::worker_pipeline::106.387*3.51] mapped 332628 sequences
[M::worker_pipeline::106.997*3.51] mapped 332800 sequences
[M::worker_pipeline::107.612*3.51] mapped 332674 sequences
[M::worker_pipeline::108.226*3.51] mapped 332666 sequences
[M::worker_pipeline::108.821*3.52] mapped 332642 sequences
[M::worker_pipeline::109.393*3.52] mapped 332574 sequences
[M::worker_pipeline::109.987*3.52] mapped 332498 sequences
[M::worker_pipeline::110.573*3.52] mapped 332536 sequences
[M::worker_pipeline::111.192*3.52] mapped 332510 sequences
[M::worker_pipeline::111.813*3.52] mapped 332510 sequences
[M::worker_pipeline::112.433*3.52] mapped 332516 sequences
[M::worker_pipeline::113.029*3.52] mapped 332506 sequences
[M::worker_pipeline::113.639*3.52] mapped 332468 sequences
[M::worker_pipeline::114.231*3.53] mapped 332424 sequences
[M::worker_pipeline::114.843*3.53] mapped 332424 sequences
[M::worker_pipeline::115.476*3.53] mapped 332446 sequences
[M::worker_pipeline::116.068*3.53] mapped 332334 sequences
[M::worker_pipeline::116.674*3.53] mapped 332348 sequences
[M::worker_pipeline::117.318*3.53] mapped 332376 sequences
[M::worker_pipeline::117.913*3.53] mapped 332392 sequences
[M::worker_pipeline::118.526*3.53] mapped 332376 sequences
[M::worker_pipeline::119.151*3.53] mapped 332414 sequences
[M::worker_pipeline::119.751*3.53] mapped 332462 sequences
[M::worker_pipeline::120.348*3.53] mapped 332472 sequences
[M::worker_pipeline::120.970*3.53] mapped 332552 sequences
[M::worker_pipeline::121.612*3.53] mapped 332546 sequences
[M::worker_pipeline::122.244*3.53] mapped 332542 sequences
[M::worker_pipeline::122.857*3.53] mapped 332578 sequences
[M::worker_pipeline::123.484*3.53] mapped 332532 sequences
[M::worker_pipeline::124.094*3.53] mapped 332534 sequences
[M::worker_pipeline::124.696*3.53] mapped 332454 sequences
[M::worker_pipeline::125.330*3.53] mapped 332456 sequences
[M::worker_pipeline::125.938*3.53] mapped 332378 sequences
[M::worker_pipeline::126.526*3.54] mapped 332356 sequences
[M::worker_pipeline::127.161*3.54] mapped 332382 sequences
[M::worker_pipeline::127.785*3.54] mapped 332402 sequences
[M::worker_pipeline::128.340*3.54] mapped 332368 sequences
[M::worker_pipeline::128.984*3.54] mapped 332452 sequences
[M::worker_pipeline::129.598*3.54] mapped 332552 sequences
[M::worker_pipeline::130.233*3.54] mapped 332556 sequences
[M::worker_pipeline::130.828*3.54] mapped 332714 sequences
[M::worker_pipeline::131.454*3.54] mapped 332688 sequences
[M::worker_pipeline::132.090*3.54] mapped 332576 sequences
[M::worker_pipeline::132.702*3.54] mapped 332408 sequences
[M::worker_pipeline::133.326*3.54] mapped 332436 sequences
[M::worker_pipeline::134.026*3.54] mapped 332448 sequences
[M::worker_pipeline::134.775*3.54] mapped 332456 sequences
[M::worker_pipeline::141.356*3.42] mapped 332860 sequences
[M::worker_pipeline::141.524*3.41] mapped 332520 sequences
[M::worker_pipeline::141.705*3.41] mapped 332458 sequences
[M::worker_pipeline::142.244*3.42] mapped 332406 sequences
[M::worker_pipeline::142.854*3.42] mapped 332460 sequences
[M::worker_pipeline::143.463*3.42] mapped 332470 sequences
[M::worker_pipeline::144.171*3.42] mapped 332424 sequences
[M::worker_pipeline::144.805*3.42] mapped 332450 sequences
[M::worker_pipeline::145.391*3.42] mapped 332366 sequences
[M::worker_pipeline::146.017*3.42] mapped 332362 sequences
[M::worker_pipeline::146.642*3.42] mapped 332424 sequences
[M::worker_pipeline::147.230*3.42] mapped 332398 sequences
[M::worker_pipeline::147.794*3.43] mapped 332454 sequences
[M::worker_pipeline::148.394*3.43] mapped 332490 sequences
[M::worker_pipeline::149.025*3.43] mapped 332442 sequences
[M::worker_pipeline::149.620*3.43] mapped 332478 sequences
[M::worker_pipeline::150.228*3.43] mapped 332428 sequences
[M::worker_pipeline::150.792*3.43] mapped 332374 sequences
[M::worker_pipeline::151.439*3.43] mapped 332426 sequences
[M::worker_pipeline::152.058*3.43] mapped 332412 sequences
[M::worker_pipeline::152.663*3.43] mapped 332372 sequences
[M::worker_pipeline::153.289*3.44] mapped 332408 sequences
[M::worker_pipeline::153.886*3.44] mapped 332436 sequences
[M::worker_pipeline::154.478*3.44] mapped 332490 sequences
[M::worker_pipeline::155.067*3.44] mapped 332588 sequences
[M::worker_pipeline::155.675*3.44] mapped 332586 sequences
[M::worker_pipeline::156.264*3.44] mapped 332606 sequences
[M::worker_pipeline::156.909*3.44] mapped 332588 sequences
[M::worker_pipeline::157.542*3.44] mapped 332678 sequences
[M::worker_pipeline::158.143*3.44] mapped 332602 sequences
[M::worker_pipeline::158.794*3.45] mapped 332658 sequences
[M::worker_pipeline::159.407*3.45] mapped 332826 sequences
[M::worker_pipeline::160.020*3.45] mapped 332692 sequences
[M::worker_pipeline::160.636*3.45] mapped 332768 sequences
[M::worker_pipeline::161.258*3.45] mapped 332708 sequences
[M::worker_pipeline::161.877*3.45] mapped 332744 sequences
[M::worker_pipeline::162.475*3.45] mapped 332728 sequences
[M::worker_pipeline::163.109*3.45] mapped 332860 sequences
[M::worker_pipeline::163.694*3.45] mapped 332998 sequences
[M::worker_pipeline::164.318*3.45] mapped 332914 sequences
[M::worker_pipeline::164.955*3.45] mapped 332946 sequences
[M::worker_pipeline::165.567*3.45] mapped 332938 sequences
[M::worker_pipeline::166.199*3.45] mapped 332834 sequences
[M::worker_pipeline::166.804*3.45] mapped 332890 sequences
[M::worker_pipeline::167.416*3.46] mapped 332818 sequences
[M::worker_pipeline::168.004*3.46] mapped 332682 sequences
[M::worker_pipeline::168.592*3.46] mapped 332688 sequences
[M::worker_pipeline::169.172*3.46] mapped 332738 sequences
[M::worker_pipeline::169.779*3.46] mapped 332684 sequences
[M::worker_pipeline::170.422*3.46] mapped 332630 sequences
[M::worker_pipeline::171.056*3.46] mapped 332636 sequences
[M::worker_pipeline::171.631*3.46] mapped 332672 sequences
[M::worker_pipeline::172.244*3.46] mapped 332688 sequences
[M::worker_pipeline::172.840*3.46] mapped 332670 sequences
[M::worker_pipeline::173.467*3.46] mapped 332622 sequences
[M::worker_pipeline::174.083*3.47] mapped 332580 sequences
[M::worker_pipeline::174.671*3.47] mapped 332564 sequences
[M::worker_pipeline::175.239*3.47] mapped 332672 sequences
[M::worker_pipeline::175.886*3.47] mapped 332650 sequences
[M::worker_pipeline::176.466*3.47] mapped 332594 sequences
[M::worker_pipeline::177.035*3.47] mapped 332676 sequences
[M::worker_pipeline::177.690*3.47] mapped 332724 sequences
[M::worker_pipeline::178.301*3.47] mapped 332760 sequences
[M::worker_pipeline::178.914*3.47] mapped 332780 sequences
[M::worker_pipeline::179.532*3.47] mapped 332818 sequences
[M::worker_pipeline::180.112*3.47] mapped 332714 sequences
[M::worker_pipeline::180.731*3.47] mapped 332764 sequences
[M::worker_pipeline::181.341*3.47] mapped 332814 sequences
[M::worker_pipeline::181.988*3.48] mapped 332744 sequences
[M::worker_pipeline::182.608*3.48] mapped 332778 sequences
[M::worker_pipeline::183.211*3.48] mapped 332686 sequences
[M::worker_pipeline::183.844*3.48] mapped 332680 sequences
[M::worker_pipeline::184.465*3.48] mapped 332654 sequences
[M::worker_pipeline::185.054*3.48] mapped 332686 sequences
[M::worker_pipeline::185.681*3.48] mapped 332602 sequences
[M::worker_pipeline::186.306*3.48] mapped 332494 sequences
[M::worker_pipeline::186.920*3.48] mapped 332568 sequences
[M::worker_pipeline::187.547*3.48] mapped 332588 sequences
[M::worker_pipeline::188.178*3.48] mapped 332704 sequences
[M::worker_pipeline::188.789*3.48] mapped 332686 sequences
[M::worker_pipeline::189.399*3.48] mapped 332646 sequences
[M::worker_pipeline::189.983*3.48] mapped 332654 sequences
[M::worker_pipeline::190.628*3.48] mapped 332642 sequences
[M::worker_pipeline::191.247*3.48] mapped 332596 sequences
[M::worker_pipeline::191.867*3.48] mapped 332692 sequences
[M::worker_pipeline::192.457*3.49] mapped 332652 sequences
[M::worker_pipeline::193.073*3.49] mapped 332640 sequences
[M::worker_pipeline::193.649*3.49] mapped 332612 sequences
[M::worker_pipeline::194.293*3.49] mapped 332628 sequences
[M::worker_pipeline::194.898*3.49] mapped 332610 sequences
[M::worker_pipeline::195.537*3.49] mapped 332612 sequences
[M::worker_pipeline::196.158*3.49] mapped 332582 sequences
[M::worker_pipeline::196.746*3.49] mapped 332506 sequences
[M::worker_pipeline::197.364*3.49] mapped 332548 sequences
[M::worker_pipeline::197.950*3.49] mapped 332464 sequences
[M::worker_pipeline::198.597*3.49] mapped 332472 sequences
[M::worker_pipeline::199.189*3.49] mapped 332544 sequences
[M::worker_pipeline::199.777*3.49] mapped 332460 sequences
[M::worker_pipeline::200.389*3.49] mapped 332490 sequences
[M::worker_pipeline::201.031*3.49] mapped 332524 sequences
[M::worker_pipeline::201.636*3.49] mapped 332368 sequences
[M::worker_pipeline::202.248*3.49] mapped 332438 sequences
[M::worker_pipeline::202.843*3.49] mapped 332484 sequences
[M::worker_pipeline::203.467*3.49] mapped 332556 sequences
[M::worker_pipeline::204.053*3.50] mapped 332508 sequences
[M::worker_pipeline::209.185*3.44] mapped 332556 sequences
[M::worker_pipeline::209.365*3.44] mapped 332572 sequences
[M::worker_pipeline::209.544*3.44] mapped 332478 sequences
[M::worker_pipeline::210.063*3.44] mapped 332560 sequences
[M::worker_pipeline::210.671*3.44] mapped 332540 sequences
[M::worker_pipeline::211.285*3.44] mapped 332594 sequences
[M::worker_pipeline::211.904*3.44] mapped 332492 sequences
[M::worker_pipeline::212.502*3.44] mapped 332596 sequences
[M::worker_pipeline::213.117*3.44] mapped 332544 sequences
[M::worker_pipeline::213.730*3.44] mapped 332600 sequences
[M::worker_pipeline::214.320*3.44] mapped 332580 sequences
[M::worker_pipeline::214.967*3.44] mapped 332574 sequences
[M::worker_pipeline::215.588*3.44] mapped 332586 sequences
[M::worker_pipeline::216.167*3.44] mapped 332780 sequences
[M::worker_pipeline::216.791*3.45] mapped 332702 sequences
[M::worker_pipeline::217.403*3.45] mapped 332702 sequences
[M::worker_pipeline::217.988*3.45] mapped 332670 sequences
[M::worker_pipeline::218.588*3.45] mapped 332722 sequences
[M::worker_pipeline::219.225*3.45] mapped 332608 sequences
[M::worker_pipeline::219.854*3.45] mapped 332624 sequences
[M::worker_pipeline::220.460*3.45] mapped 332678 sequences
[M::worker_pipeline::221.051*3.45] mapped 332572 sequences
[M::worker_pipeline::221.634*3.45] mapped 332484 sequences
[M::worker_pipeline::222.231*3.45] mapped 332578 sequences
[M::worker_pipeline::222.850*3.45] mapped 332478 sequences
[M::worker_pipeline::223.498*3.45] mapped 332488 sequences
[M::worker_pipeline::224.087*3.45] mapped 332462 sequences
[M::worker_pipeline::224.680*3.45] mapped 332500 sequences
[M::worker_pipeline::225.329*3.45] mapped 332454 sequences
[M::worker_pipeline::225.902*3.45] mapped 332424 sequences
[M::worker_pipeline::226.515*3.46] mapped 332464 sequences
[M::worker_pipeline::227.108*3.46] mapped 332466 sequences
[M::worker_pipeline::227.688*3.46] mapped 332426 sequences
[M::worker_pipeline::228.291*3.46] mapped 332492 sequences
[M::worker_pipeline::228.900*3.46] mapped 332464 sequences
[M::worker_pipeline::229.526*3.46] mapped 332528 sequences
[M::worker_pipeline::230.107*3.46] mapped 332602 sequences
[M::worker_pipeline::230.729*3.46] mapped 332700 sequences
[M::worker_pipeline::231.336*3.46] mapped 332638 sequences
[M::worker_pipeline::231.960*3.46] mapped 332628 sequences
[M::worker_pipeline::232.602*3.46] mapped 332592 sequences
[M::worker_pipeline::233.226*3.46] mapped 332530 sequences
[M::worker_pipeline::233.822*3.46] mapped 332590 sequences
[M::worker_pipeline::234.423*3.46] mapped 332542 sequences
[M::worker_pipeline::235.040*3.47] mapped 332522 sequences
[M::worker_pipeline::235.614*3.47] mapped 332570 sequences
[M::worker_pipeline::236.208*3.47] mapped 332588 sequences
[M::worker_pipeline::236.802*3.47] mapped 332608 sequences
[M::worker_pipeline::237.429*3.47] mapped 332508 sequences
[M::worker_pipeline::238.030*3.47] mapped 332674 sequences
[M::worker_pipeline::238.657*3.47] mapped 332548 sequences
[M::worker_pipeline::239.274*3.47] mapped 332458 sequences
[M::worker_pipeline::239.891*3.47] mapped 332458 sequences
[M::worker_pipeline::240.476*3.47] mapped 332538 sequences
[M::worker_pipeline::241.063*3.47] mapped 332414 sequences
[M::worker_pipeline::241.674*3.47] mapped 332670 sequences
[M::worker_pipeline::242.327*3.47] mapped 332588 sequences
[M::worker_pipeline::242.935*3.47] mapped 332414 sequences
[M::worker_pipeline::243.541*3.47] mapped 332468 sequences
[M::worker_pipeline::244.143*3.48] mapped 332492 sequences
[M::worker_pipeline::244.744*3.48] mapped 332540 sequences
[M::worker_pipeline::245.365*3.48] mapped 332434 sequences
[M::worker_pipeline::245.951*3.48] mapped 332420 sequences
[M::worker_pipeline::246.602*3.48] mapped 332472 sequences
[M::worker_pipeline::247.201*3.48] mapped 332558 sequences
[M::worker_pipeline::247.809*3.48] mapped 332516 sequences
[M::worker_pipeline::248.458*3.48] mapped 332566 sequences
[M::worker_pipeline::249.067*3.48] mapped 332554 sequences
[M::worker_pipeline::249.635*3.48] mapped 332516 sequences
[M::worker_pipeline::250.246*3.48] mapped 332406 sequences
[M::worker_pipeline::250.878*3.48] mapped 332402 sequences
[M::worker_pipeline::251.497*3.48] mapped 332398 sequences
[M::worker_pipeline::252.115*3.48] mapped 332418 sequences
[M::worker_pipeline::252.744*3.48] mapped 332442 sequences
[M::worker_pipeline::253.349*3.48] mapped 332354 sequences
[M::worker_pipeline::253.951*3.48] mapped 332384 sequences
[M::worker_pipeline::254.545*3.48] mapped 332304 sequences
[M::worker_pipeline::255.124*3.48] mapped 332410 sequences
[M::worker_pipeline::255.742*3.48] mapped 332700 sequences
[M::worker_pipeline::256.346*3.49] mapped 332432 sequences
[M::worker_pipeline::256.977*3.49] mapped 332444 sequences
[M::worker_pipeline::257.580*3.49] mapped 332456 sequences
[M::worker_pipeline::258.188*3.49] mapped 332366 sequences
[M::worker_pipeline::258.815*3.49] mapped 332378 sequences
[M::worker_pipeline::259.428*3.49] mapped 332362 sequences
[M::worker_pipeline::260.036*3.49] mapped 332428 sequences
[M::worker_pipeline::260.643*3.49] mapped 332524 sequences
[M::worker_pipeline::261.220*3.49] mapped 332460 sequences
[M::worker_pipeline::261.811*3.49] mapped 332386 sequences
[M::worker_pipeline::262.467*3.49] mapped 332524 sequences
[M::worker_pipeline::263.075*3.49] mapped 332456 sequences
[M::worker_pipeline::263.650*3.49] mapped 332452 sequences
[M::worker_pipeline::264.252*3.49] mapped 332466 sequences
[M::worker_pipeline::264.885*3.49] mapped 332498 sequences
[M::worker_pipeline::265.498*3.49] mapped 332578 sequences
[M::worker_pipeline::266.125*3.49] mapped 332648 sequences
[M::worker_pipeline::266.680*3.49] mapped 332762 sequences
[M::worker_pipeline::267.322*3.49] mapped 332620 sequences
[M::worker_pipeline::267.944*3.50] mapped 332514 sequences
[M::worker_pipeline::268.487*3.50] mapped 332462 sequences
[M::worker_pipeline::269.109*3.50] mapped 332506 sequences
[M::worker_pipeline::269.721*3.50] mapped 332452 sequences
[M::worker_pipeline::270.339*3.50] mapped 332500 sequences
[M::worker_pipeline::270.976*3.50] mapped 332400 sequences
[M::worker_pipeline::271.575*3.50] mapped 332386 sequences
[M::worker_pipeline::272.149*3.50] mapped 332354 sequences
[M::worker_pipeline::277.349*3.45] mapped 332388 sequences
[M::worker_pipeline::277.551*3.45] mapped 332312 sequences
[M::worker_pipeline::277.721*3.45] mapped 332340 sequences
[M::worker_pipeline::278.244*3.45] mapped 332334 sequences
[M::worker_pipeline::278.849*3.45] mapped 332358 sequences
[M::worker_pipeline::279.473*3.46] mapped 332372 sequences
[M::worker_pipeline::280.066*3.46] mapped 332290 sequences
[M::worker_pipeline::280.662*3.46] mapped 332300 sequences
[M::worker_pipeline::281.238*3.46] mapped 332306 sequences
[M::worker_pipeline::281.857*3.46] mapped 332352 sequences
[M::worker_pipeline::282.450*3.46] mapped 332398 sequences
[M::worker_pipeline::283.035*3.46] mapped 332380 sequences
[M::worker_pipeline::283.704*3.46] mapped 332350 sequences
[M::worker_pipeline::284.284*3.46] mapped 332396 sequences
[M::worker_pipeline::284.889*3.46] mapped 332286 sequences
[M::worker_pipeline::285.496*3.46] mapped 332396 sequences
[M::worker_pipeline::286.084*3.46] mapped 332400 sequences
[M::worker_pipeline::286.728*3.46] mapped 332306 sequences
[M::worker_pipeline::287.373*3.46] mapped 332360 sequences
[M::worker_pipeline::287.985*3.46] mapped 332336 sequences
[M::worker_pipeline::288.601*3.46] mapped 332324 sequences
[M::worker_pipeline::289.224*3.46] mapped 332346 sequences
[M::worker_pipeline::289.822*3.46] mapped 332312 sequences
[M::worker_pipeline::290.418*3.46] mapped 332348 sequences
[M::worker_pipeline::291.021*3.46] mapped 332324 sequences
[M::worker_pipeline::291.653*3.46] mapped 332318 sequences
[M::worker_pipeline::292.244*3.46] mapped 332304 sequences
[M::worker_pipeline::292.890*3.46] mapped 332290 sequences
[M::worker_pipeline::293.487*3.47] mapped 332428 sequences
[M::worker_pipeline::294.069*3.47] mapped 332380 sequences
[M::worker_pipeline::294.696*3.47] mapped 332430 sequences
[M::worker_pipeline::295.309*3.47] mapped 332440 sequences
[M::worker_pipeline::295.910*3.47] mapped 332342 sequences
[M::worker_pipeline::296.557*3.47] mapped 332340 sequences
[M::worker_pipeline::297.166*3.47] mapped 332366 sequences
[M::worker_pipeline::297.786*3.47] mapped 332620 sequences
[M::worker_pipeline::298.415*3.47] mapped 332288 sequences
[M::worker_pipeline::299.007*3.47] mapped 332386 sequences
[M::worker_pipeline::299.583*3.47] mapped 332310 sequences
[M::worker_pipeline::300.231*3.47] mapped 332302 sequences
[M::worker_pipeline::300.844*3.47] mapped 332386 sequences
[M::worker_pipeline::301.472*3.47] mapped 332322 sequences
[M::worker_pipeline::302.108*3.47] mapped 332334 sequences
[M::worker_pipeline::302.718*3.47] mapped 332320 sequences
[M::worker_pipeline::303.328*3.47] mapped 332348 sequences
[M::worker_pipeline::303.939*3.47] mapped 332376 sequences
[M::worker_pipeline::304.565*3.47] mapped 332282 sequences
[M::worker_pipeline::305.165*3.47] mapped 332366 sequences
[M::worker_pipeline::305.770*3.47] mapped 332300 sequences
[M::worker_pipeline::306.375*3.47] mapped 332334 sequences
[M::worker_pipeline::306.996*3.47] mapped 332334 sequences
[M::worker_pipeline::307.614*3.47] mapped 332310 sequences
[M::worker_pipeline::308.218*3.47] mapped 332396 sequences
[M::worker_pipeline::308.867*3.47] mapped 332544 sequences
[M::worker_pipeline::309.418*3.47] mapped 332334 sequences
[M::worker_pipeline::310.059*3.47] mapped 332240 sequences
[M::worker_pipeline::310.653*3.48] mapped 332350 sequences
[M::worker_pipeline::311.279*3.48] mapped 332330 sequences
[M::worker_pipeline::311.889*3.48] mapped 332404 sequences
[M::worker_pipeline::312.477*3.48] mapped 332442 sequences
[M::worker_pipeline::313.086*3.48] mapped 332564 sequences
[M::worker_pipeline::313.721*3.48] mapped 332490 sequences
[M::worker_pipeline::314.357*3.48] mapped 332486 sequences
[M::worker_pipeline::314.970*3.48] mapped 332522 sequences
[M::worker_pipeline::315.618*3.48] mapped 332534 sequences
[M::worker_pipeline::316.208*3.48] mapped 332672 sequences
[M::worker_pipeline::316.836*3.48] mapped 332542 sequences
[M::worker_pipeline::317.481*3.48] mapped 332526 sequences
[M::worker_pipeline::318.091*3.48] mapped 332574 sequences
[M::worker_pipeline::318.674*3.48] mapped 332684 sequences
[M::worker_pipeline::319.294*3.48] mapped 332584 sequences
[M::worker_pipeline::319.926*3.48] mapped 332768 sequences
[M::worker_pipeline::320.535*3.48] mapped 332682 sequences
[M::worker_pipeline::321.153*3.48] mapped 332574 sequences
[M::worker_pipeline::321.770*3.48] mapped 332554 sequences
[M::worker_pipeline::322.404*3.48] mapped 332672 sequences
[M::worker_pipeline::323.031*3.48] mapped 332530 sequences
[M::worker_pipeline::323.603*3.48] mapped 332424 sequences
[M::worker_pipeline::324.239*3.48] mapped 332528 sequences
[M::worker_pipeline::324.853*3.48] mapped 332512 sequences
[M::worker_pipeline::325.461*3.48] mapped 332412 sequences
[M::worker_pipeline::326.076*3.48] mapped 332402 sequences
[M::worker_pipeline::326.678*3.49] mapped 332452 sequences
[M::worker_pipeline::327.327*3.49] mapped 332394 sequences
[M::worker_pipeline::327.920*3.49] mapped 332378 sequences
[M::worker_pipeline::328.519*3.49] mapped 332366 sequences
[M::worker_pipeline::329.097*3.49] mapped 332384 sequences
[M::worker_pipeline::329.732*3.49] mapped 332320 sequences
[M::worker_pipeline::330.360*3.49] mapped 332422 sequences
[M::worker_pipeline::330.973*3.49] mapped 332384 sequences
[M::worker_pipeline::331.587*3.49] mapped 332338 sequences
[M::worker_pipeline::332.242*3.49] mapped 332388 sequences
[M::worker_pipeline::332.831*3.49] mapped 332382 sequences
[M::worker_pipeline::333.458*3.49] mapped 332404 sequences
[M::worker_pipeline::334.089*3.49] mapped 332468 sequences
[M::worker_pipeline::334.732*3.49] mapped 332434 sequences
[M::worker_pipeline::335.343*3.49] mapped 332426 sequences
[M::worker_pipeline::335.971*3.49] mapped 332468 sequences
[M::worker_pipeline::336.576*3.49] mapped 332504 sequences
[M::worker_pipeline::337.166*3.49] mapped 332538 sequences
[M::worker_pipeline::337.801*3.49] mapped 332462 sequences
[M::worker_pipeline::338.420*3.49] mapped 332408 sequences
[M::worker_pipeline::339.026*3.49] mapped 332432 sequences
[M::worker_pipeline::339.658*3.49] mapped 332394 sequences
[M::worker_pipeline::340.283*3.49] mapped 332390 sequences
[M::worker_pipeline::341.154*3.49] mapped 332310 sequences
[M::worker_pipeline::345.834*3.46] mapped 332430 sequences
[M::worker_pipeline::346.010*3.46] mapped 332408 sequences
[M::worker_pipeline::346.187*3.46] mapped 332408 sequences
[M::worker_pipeline::346.714*3.46] mapped 332370 sequences
[M::worker_pipeline::347.327*3.46] mapped 332296 sequences
[M::worker_pipeline::347.942*3.46] mapped 332448 sequences
[M::worker_pipeline::348.557*3.46] mapped 332462 sequences
[M::worker_pipeline::349.194*3.46] mapped 332326 sequences
[M::worker_pipeline::349.776*3.46] mapped 332386 sequences
[M::worker_pipeline::350.430*3.46] mapped 332362 sequences
[M::worker_pipeline::351.021*3.46] mapped 332354 sequences
[M::worker_pipeline::351.642*3.46] mapped 332450 sequences
[M::worker_pipeline::352.266*3.46] mapped 332992 sequences
[M::worker_pipeline::352.889*3.46] mapped 332382 sequences
[M::worker_pipeline::353.519*3.46] mapped 332376 sequences
[M::worker_pipeline::354.117*3.46] mapped 332430 sequences
[M::worker_pipeline::354.767*3.46] mapped 332530 sequences
[M::worker_pipeline::355.359*3.46] mapped 332286 sequences
[M::worker_pipeline::355.956*3.46] mapped 332264 sequences
[M::worker_pipeline::356.592*3.46] mapped 332324 sequences
[M::worker_pipeline::357.206*3.46] mapped 332322 sequences
[M::worker_pipeline::357.842*3.47] mapped 332216 sequences
[M::worker_pipeline::358.419*3.47] mapped 332232 sequences
[M::worker_pipeline::359.053*3.47] mapped 332266 sequences
[M::worker_pipeline::359.629*3.47] mapped 332236 sequences
[M::worker_pipeline::360.191*3.47] mapped 332230 sequences
[M::worker_pipeline::360.844*3.47] mapped 332294 sequences
[M::worker_pipeline::361.429*3.47] mapped 332436 sequences
[M::worker_pipeline::362.037*3.47] mapped 332466 sequences
[M::worker_pipeline::362.642*3.47] mapped 332228 sequences
[M::worker_pipeline::363.264*3.47] mapped 332188 sequences
[M::worker_pipeline::363.848*3.47] mapped 332230 sequences
[M::worker_pipeline::364.483*3.47] mapped 332240 sequences
[M::worker_pipeline::365.067*3.47] mapped 332194 sequences
[M::worker_pipeline::365.695*3.47] mapped 332224 sequences
[M::worker_pipeline::366.290*3.47] mapped 332306 sequences
[M::worker_pipeline::366.906*3.47] mapped 332312 sequences
[M::worker_pipeline::367.540*3.47] mapped 332298 sequences
[M::worker_pipeline::368.122*3.47] mapped 332354 sequences
[M::worker_pipeline::368.728*3.47] mapped 332308 sequences
[M::worker_pipeline::369.372*3.47] mapped 332392 sequences
[M::worker_pipeline::370.001*3.47] mapped 332222 sequences
[M::worker_pipeline::370.606*3.47] mapped 332360 sequences
[M::worker_pipeline::371.218*3.48] mapped 332332 sequences
[M::worker_pipeline::371.821*3.48] mapped 332306 sequences
[M::worker_pipeline::372.395*3.48] mapped 332304 sequences
[M::worker_pipeline::373.028*3.48] mapped 332362 sequences
[M::worker_pipeline::373.671*3.48] mapped 332394 sequences
[M::worker_pipeline::374.288*3.48] mapped 332616 sequences
[M::worker_pipeline::374.901*3.48] mapped 332622 sequences
[M::worker_pipeline::375.525*3.48] mapped 332878 sequences
[M::worker_pipeline::376.147*3.48] mapped 332908 sequences
[M::worker_pipeline::376.751*3.48] mapped 332832 sequences
[M::worker_pipeline::377.342*3.48] mapped 332774 sequences
[M::worker_pipeline::377.955*3.48] mapped 332692 sequences
[M::worker_pipeline::378.547*3.48] mapped 332692 sequences
[M::worker_pipeline::379.156*3.48] mapped 332616 sequences
[M::worker_pipeline::379.789*3.48] mapped 332682 sequences
[M::worker_pipeline::380.386*3.48] mapped 332730 sequences
[M::worker_pipeline::380.999*3.48] mapped 332730 sequences
[M::worker_pipeline::381.637*3.48] mapped 332686 sequences
[M::worker_pipeline::382.250*3.48] mapped 332644 sequences
[M::worker_pipeline::382.848*3.48] mapped 332622 sequences
[M::worker_pipeline::383.461*3.48] mapped 332674 sequences
[M::worker_pipeline::384.096*3.48] mapped 332576 sequences
[M::worker_pipeline::384.702*3.48] mapped 332680 sequences
[M::worker_pipeline::385.328*3.48] mapped 332586 sequences
[M::worker_pipeline::385.937*3.48] mapped 332596 sequences
[M::worker_pipeline::386.525*3.48] mapped 332598 sequences
[M::worker_pipeline::387.143*3.48] mapped 332614 sequences
[M::worker_pipeline::387.737*3.48] mapped 332588 sequences
[M::worker_pipeline::388.332*3.48] mapped 332684 sequences
[M::worker_pipeline::388.977*3.48] mapped 332710 sequences
[M::worker_pipeline::389.578*3.48] mapped 332652 sequences
[M::worker_pipeline::390.182*3.48] mapped 332650 sequences
[M::worker_pipeline::390.826*3.48] mapped 332636 sequences
[M::worker_pipeline::391.422*3.48] mapped 332600 sequences
[M::worker_pipeline::392.029*3.48] mapped 332594 sequences
[M::worker_pipeline::392.671*3.49] mapped 332480 sequences
[M::worker_pipeline::393.259*3.49] mapped 332652 sequences
[M::worker_pipeline::393.896*3.49] mapped 332550 sequences
[M::worker_pipeline::394.457*3.49] mapped 332504 sequences
[M::worker_pipeline::395.095*3.49] mapped 332574 sequences
[M::worker_pipeline::395.728*3.49] mapped 332522 sequences
[M::worker_pipeline::396.342*3.49] mapped 332558 sequences
[M::worker_pipeline::396.948*3.49] mapped 332642 sequences
[M::worker_pipeline::397.578*3.49] mapped 332592 sequences
[M::worker_pipeline::398.196*3.49] mapped 332664 sequences
[M::worker_pipeline::398.803*3.49] mapped 332564 sequences
[M::worker_pipeline::399.428*3.49] mapped 332546 sequences
[M::worker_pipeline::400.013*3.49] mapped 332506 sequences
[M::worker_pipeline::400.588*3.49] mapped 332572 sequences
[M::worker_pipeline::401.222*3.49] mapped 332616 sequences
[M::worker_pipeline::401.809*3.49] mapped 332594 sequences
[M::worker_pipeline::402.438*3.49] mapped 332722 sequences
[M::worker_pipeline::403.022*3.49] mapped 332544 sequences
[M::worker_pipeline::403.642*3.49] mapped 332632 sequences
[M::worker_pipeline::404.239*3.49] mapped 332574 sequences
[M::worker_pipeline::404.847*3.49] mapped 332610 sequences
[M::worker_pipeline::405.422*3.49] mapped 332636 sequences
[M::worker_pipeline::406.028*3.49] mapped 332656 sequences
[M::worker_pipeline::406.633*3.49] mapped 332648 sequences
[M::worker_pipeline::407.254*3.49] mapped 332586 sequences
[M::worker_pipeline::407.867*3.49] mapped 332492 sequences
[M::worker_pipeline::408.481*3.49] mapped 332582 sequences
[M::worker_pipeline::413.578*3.46] mapped 332510 sequences
[M::worker_pipeline::413.756*3.46] mapped 332488 sequences
[M::worker_pipeline::413.933*3.46] mapped 332504 sequences
[M::worker_pipeline::414.453*3.46] mapped 332440 sequences
[M::worker_pipeline::415.045*3.46] mapped 332568 sequences
[M::worker_pipeline::415.668*3.47] mapped 332520 sequences
[M::worker_pipeline::416.249*3.47] mapped 332466 sequences
[M::worker_pipeline::416.862*3.47] mapped 332462 sequences
[M::worker_pipeline::417.448*3.47] mapped 332512 sequences
[M::worker_pipeline::418.092*3.47] mapped 332506 sequences
[M::worker_pipeline::418.701*3.47] mapped 332450 sequences
[M::worker_pipeline::419.311*3.47] mapped 332564 sequences
[M::worker_pipeline::419.920*3.47] mapped 332686 sequences
[M::worker_pipeline::420.553*3.47] mapped 332734 sequences
[M::worker_pipeline::421.155*3.47] mapped 332734 sequences
[M::worker_pipeline::421.749*3.47] mapped 332704 sequences
[M::worker_pipeline::422.367*3.47] mapped 332620 sequences
[M::worker_pipeline::423.004*3.47] mapped 332744 sequences
[M::worker_pipeline::423.572*3.47] mapped 332750 sequences
[M::worker_pipeline::424.198*3.47] mapped 332688 sequences
[M::worker_pipeline::424.827*3.47] mapped 332764 sequences
[M::worker_pipeline::425.415*3.47] mapped 332874 sequences
[M::worker_pipeline::426.028*3.47] mapped 332868 sequences
[M::worker_pipeline::426.637*3.47] mapped 332782 sequences
[M::worker_pipeline::427.257*3.47] mapped 332718 sequences
[M::worker_pipeline::427.871*3.47] mapped 333018 sequences
[M::worker_pipeline::427.931*3.47] mapped 107294 sequences
[M::main] Version: 2.22-r1101
[M::main] CMD: minimap2 --secondary=no -t 16 -R @RG\tID:snippy\tSM:snippy -ax sr /work/FAC/FBM/DMF/smitri/evomicrocomm/genome_size/data/ms/reference.fasta /work/FAC/FBM/DMF/smitri/evomicrocomm/genome_size/data/T11.3.4/read1.fq.gz /work/FAC/FBM/DMF/smitri/evomicrocomm/genome_size/data/T11.3.4/read2.fq.gz
[M::main] Real time: 427.947 sec; CPU: 1485.134 sec; Peak RSS: 0.479 GB
[bam_sort_core] merging from 96 files and 16 in-memory blocks...
[Sun Oct 17 22:47:20 2021]
Finished job 0.
1 of 1 steps (100%) done
