Building DAG of jobs...
Using shell: /usr/bin/bash
Provided cluster nodes: 100
Job stats:
job        count    min threads    max threads
-------  -------  -------------  -------------
labels        20              1              1
mapping       35             16             16
report        35             16             16
total         90              1             16

Select jobs to execute...

[Sun Oct 17 22:30:57 2021]
rule labels:
    output: /work/FAC/FBM/DMF/smitri/evomicrocomm/genome_size/data/T11.3.2/ms/labels.json
    jobid: 55
    wildcards: sample=T11.3.2, strain=ms
    resources: tmpdir=/tmp/2846010

Submitted job 55 with external jobid 'Submitted batch job 2846011'.

[Sun Oct 17 22:30:57 2021]
rule mapping:
    input: /work/FAC/FBM/DMF/smitri/evomicrocomm/genome_size/data/ms/reference.fasta, /work/FAC/FBM/DMF/smitri/evomicrocomm/genome_size/data/T44.3.2/read1.fq.gz, /work/FAC/FBM/DMF/smitri/evomicrocomm/genome_size/data/T44.3.2/read2.fq.gz
    output: /work/FAC/FBM/DMF/smitri/evomicrocomm/genome_size/data/T44.3.2/ms/mapped_reads.sorted.bam
    jobid: 41
    wildcards: sample=T44.3.2, strain=ms
    threads: 16
    resources: tmpdir=/tmp/2846010

Submitted job 41 with external jobid 'Submitted batch job 2846012'.

[Sun Oct 17 22:30:57 2021]
rule labels:
    output: /work/FAC/FBM/DMF/smitri/evomicrocomm/genome_size/data/T44.3.4/ms/labels.json
    jobid: 13
    wildcards: sample=T44.3.4, strain=ms
    resources: tmpdir=/tmp/2846010

Submitted job 13 with external jobid 'Submitted batch job 2846013'.

[Sun Oct 17 22:30:57 2021]
rule mapping:
    input: /work/FAC/FBM/DMF/smitri/evomicrocomm/genome_size/data/ms/reference.fasta, /work/FAC/FBM/DMF/smitri/evomicrocomm/genome_size/data/T33.4.1/read1.fq.gz, /work/FAC/FBM/DMF/smitri/evomicrocomm/genome_size/data/T33.4.1/read2.fq.gz
    output: /work/FAC/FBM/DMF/smitri/evomicrocomm/genome_size/data/T33.4.1/ms/mapped_reads.sorted.bam
    jobid: 83
    wildcards: sample=T33.4.1, strain=ms
    threads: 16
    resources: tmpdir=/tmp/2846010

Submitted job 83 with external jobid 'Submitted batch job 2846014'.

[Sun Oct 17 22:30:57 2021]
rule labels:
    output: /work/FAC/FBM/DMF/smitri/evomicrocomm/genome_size/data/T33.3.4/ms/labels.json
    jobid: 97
    wildcards: sample=T33.3.4, strain=ms
    resources: tmpdir=/tmp/2846010

Submitted job 97 with external jobid 'Submitted batch job 2846015'.

[Sun Oct 17 22:30:57 2021]
rule mapping:
    input: /work/FAC/FBM/DMF/smitri/evomicrocomm/genome_size/data/ms/reference.fasta, /work/FAC/FBM/DMF/smitri/evomicrocomm/genome_size/data/T33.3.3/read1.fq.gz, /work/FAC/FBM/DMF/smitri/evomicrocomm/genome_size/data/T33.3.3/read2.fq.gz
    output: /work/FAC/FBM/DMF/smitri/evomicrocomm/genome_size/data/T33.3.3/ms/mapped_reads.sorted.bam
    jobid: 119
    wildcards: sample=T33.3.3, strain=ms
    threads: 16
    resources: tmpdir=/tmp/2846010

Submitted job 119 with external jobid 'Submitted batch job 2846016'.

[Sun Oct 17 22:30:57 2021]
rule labels:
    output: /work/FAC/FBM/DMF/smitri/evomicrocomm/genome_size/data/T33.3.2/ms/labels.json
    jobid: 7
    wildcards: sample=T33.3.2, strain=ms
    resources: tmpdir=/tmp/2846010

Submitted job 7 with external jobid 'Submitted batch job 2846017'.

[Sun Oct 17 22:30:57 2021]
rule mapping:
    input: /work/FAC/FBM/DMF/smitri/evomicrocomm/genome_size/data/ms/reference.fasta, /work/FAC/FBM/DMF/smitri/evomicrocomm/genome_size/data/T33.4.2/read1.fq.gz, /work/FAC/FBM/DMF/smitri/evomicrocomm/genome_size/data/T33.4.2/read2.fq.gz
    output: /work/FAC/FBM/DMF/smitri/evomicrocomm/genome_size/data/T33.4.2/ms/mapped_reads.sorted.bam
    jobid: 77
    wildcards: sample=T33.4.2, strain=ms
    threads: 16
    resources: tmpdir=/tmp/2846010

Submitted job 77 with external jobid 'Submitted batch job 2846018'.

[Sun Oct 17 22:30:57 2021]
rule mapping:
    input: /work/FAC/FBM/DMF/smitri/evomicrocomm/genome_size/data/ms/reference.fasta, /work/FAC/FBM/DMF/smitri/evomicrocomm/genome_size/data/T33.3.4/read1.fq.gz, /work/FAC/FBM/DMF/smitri/evomicrocomm/genome_size/data/T33.3.4/read2.fq.gz
    output: /work/FAC/FBM/DMF/smitri/evomicrocomm/genome_size/data/T33.3.4/ms/mapped_reads.sorted.bam
    jobid: 98
    wildcards: sample=T33.3.4, strain=ms
    threads: 16
    resources: tmpdir=/tmp/2846010

Submitted job 98 with external jobid 'Submitted batch job 2846019'.

[Sun Oct 17 22:30:57 2021]
rule mapping:
    input: /work/FAC/FBM/DMF/smitri/evomicrocomm/genome_size/data/ms/reference.fasta, /work/FAC/FBM/DMF/smitri/evomicrocomm/genome_size/data/T11.3.2/read1.fq.gz, /work/FAC/FBM/DMF/smitri/evomicrocomm/genome_size/data/T11.3.2/read2.fq.gz
    output: /work/FAC/FBM/DMF/smitri/evomicrocomm/genome_size/data/T11.3.2/ms/mapped_reads.sorted.bam
    jobid: 56
    wildcards: sample=T11.3.2, strain=ms
    threads: 16
    resources: tmpdir=/tmp/2846010

Submitted job 56 with external jobid 'Submitted batch job 2846020'.

[Sun Oct 17 22:30:57 2021]
rule mapping:
    input: /work/FAC/FBM/DMF/smitri/evomicrocomm/genome_size/data/ms/reference.fasta, /work/FAC/FBM/DMF/smitri/evomicrocomm/genome_size/data/T44.3.4/read1.fq.gz, /work/FAC/FBM/DMF/smitri/evomicrocomm/genome_size/data/T44.3.4/read2.fq.gz
    output: /work/FAC/FBM/DMF/smitri/evomicrocomm/genome_size/data/T44.3.4/ms/mapped_reads.sorted.bam
    jobid: 14
    wildcards: sample=T44.3.4, strain=ms
    threads: 16
    resources: tmpdir=/tmp/2846010

Submitted job 14 with external jobid 'Submitted batch job 2846021'.

[Sun Oct 17 22:30:57 2021]
rule labels:
    output: /work/FAC/FBM/DMF/smitri/evomicrocomm/genome_size/data/T44.3.1/ms/labels.json
    jobid: 28
    wildcards: sample=T44.3.1, strain=ms
    resources: tmpdir=/tmp/2846010

Submitted job 28 with external jobid 'Submitted batch job 2846022'.

[Sun Oct 17 22:30:57 2021]
rule labels:
    output: /work/FAC/FBM/DMF/smitri/evomicrocomm/genome_size/data/T11.3.1/ms/labels.json
    jobid: 22
    wildcards: sample=T11.3.1, strain=ms
    resources: tmpdir=/tmp/2846010

Submitted job 22 with external jobid 'Submitted batch job 2846023'.

[Sun Oct 17 22:30:57 2021]
rule labels:
    output: /work/FAC/FBM/DMF/smitri/evomicrocomm/genome_size/data/T22.3.4/ms/labels.json
    jobid: 64
    wildcards: sample=T22.3.4, strain=ms
    resources: tmpdir=/tmp/2846010

Submitted job 64 with external jobid 'Submitted batch job 2846024'.

[Sun Oct 17 22:30:57 2021]
rule labels:
    output: /work/FAC/FBM/DMF/smitri/evomicrocomm/genome_size/data/T33.3.5/ms/labels.json
    jobid: 106
    wildcards: sample=T33.3.5, strain=ms
    resources: tmpdir=/tmp/2846010

Submitted job 106 with external jobid 'Submitted batch job 2846025'.

[Sun Oct 17 22:30:57 2021]
rule mapping:
    input: /work/FAC/FBM/DMF/smitri/evomicrocomm/genome_size/data/ms/reference.fasta, /work/FAC/FBM/DMF/smitri/evomicrocomm/genome_size/data/T22.4.2/read1.fq.gz, /work/FAC/FBM/DMF/smitri/evomicrocomm/genome_size/data/T22.4.2/read2.fq.gz
    output: /work/FAC/FBM/DMF/smitri/evomicrocomm/genome_size/data/T22.4.2/ms/mapped_reads.sorted.bam
    jobid: 50
    wildcards: sample=T22.4.2, strain=ms
    threads: 16
    resources: tmpdir=/tmp/2846010

Submitted job 50 with external jobid 'Submitted batch job 2846026'.

[Sun Oct 17 22:30:57 2021]
rule mapping:
    input: /work/FAC/FBM/DMF/smitri/evomicrocomm/genome_size/data/ms/reference.fasta, /work/FAC/FBM/DMF/smitri/evomicrocomm/genome_size/data/T11.4.1/read1.fq.gz, /work/FAC/FBM/DMF/smitri/evomicrocomm/genome_size/data/T11.4.1/read2.fq.gz
    output: /work/FAC/FBM/DMF/smitri/evomicrocomm/genome_size/data/T11.4.1/ms/mapped_reads.sorted.bam
    jobid: 92
    wildcards: sample=T11.4.1, strain=ms
    threads: 16
    resources: tmpdir=/tmp/2846010

Submitted job 92 with external jobid 'Submitted batch job 2846027'.

[Sun Oct 17 22:30:57 2021]
rule mapping:
    input: /work/FAC/FBM/DMF/smitri/evomicrocomm/genome_size/data/ms/reference.fasta, /work/FAC/FBM/DMF/smitri/evomicrocomm/genome_size/data/T33.3.2/read1.fq.gz, /work/FAC/FBM/DMF/smitri/evomicrocomm/genome_size/data/T33.3.2/read2.fq.gz
    output: /work/FAC/FBM/DMF/smitri/evomicrocomm/genome_size/data/T33.3.2/ms/mapped_reads.sorted.bam
    jobid: 8
    wildcards: sample=T33.3.2, strain=ms
    threads: 16
    resources: tmpdir=/tmp/2846010

Submitted job 8 with external jobid 'Submitted batch job 2846028'.

[Sun Oct 17 22:30:57 2021]
rule labels:
    output: /work/FAC/FBM/DMF/smitri/evomicrocomm/genome_size/data/T44.3.3.rep/ms/labels.json
    jobid: 43
    wildcards: sample=T44.3.3.rep, strain=ms
    resources: tmpdir=/tmp/2846010

Submitted job 43 with external jobid 'Submitted batch job 2846029'.

[Sun Oct 17 22:30:57 2021]
rule mapping:
    input: /work/FAC/FBM/DMF/smitri/evomicrocomm/genome_size/data/ms/reference.fasta, /work/FAC/FBM/DMF/smitri/evomicrocomm/genome_size/data/T11.4.2/read1.fq.gz, /work/FAC/FBM/DMF/smitri/evomicrocomm/genome_size/data/T11.4.2/read2.fq.gz
    output: /work/FAC/FBM/DMF/smitri/evomicrocomm/genome_size/data/T11.4.2/ms/mapped_reads.sorted.bam
    jobid: 113
    wildcards: sample=T11.4.2, strain=ms
    threads: 16
    resources: tmpdir=/tmp/2846010

Submitted job 113 with external jobid 'Submitted batch job 2846030'.

[Sun Oct 17 22:30:57 2021]
rule mapping:
    input: /work/FAC/FBM/DMF/smitri/evomicrocomm/genome_size/data/ms/reference.fasta, /work/FAC/FBM/DMF/smitri/evomicrocomm/genome_size/data/T22.4.1/read1.fq.gz, /work/FAC/FBM/DMF/smitri/evomicrocomm/genome_size/data/T22.4.1/read2.fq.gz
    output: /work/FAC/FBM/DMF/smitri/evomicrocomm/genome_size/data/T22.4.1/ms/mapped_reads.sorted.bam
    jobid: 2
    wildcards: sample=T22.4.1, strain=ms
    threads: 16
    resources: tmpdir=/tmp/2846010

Submitted job 2 with external jobid 'Submitted batch job 2846031'.

[Sun Oct 17 22:30:57 2021]
rule mapping:
    input: /work/FAC/FBM/DMF/smitri/evomicrocomm/genome_size/data/ms/reference.fasta, /work/FAC/FBM/DMF/smitri/evomicrocomm/genome_size/data/T44.3.1/read1.fq.gz, /work/FAC/FBM/DMF/smitri/evomicrocomm/genome_size/data/T44.3.1/read2.fq.gz
    output: /work/FAC/FBM/DMF/smitri/evomicrocomm/genome_size/data/T44.3.1/ms/mapped_reads.sorted.bam
    jobid: 29
    wildcards: sample=T44.3.1, strain=ms
    threads: 16
    resources: tmpdir=/tmp/2846010

Submitted job 29 with external jobid 'Submitted batch job 2846032'.

[Sun Oct 17 22:30:57 2021]
rule mapping:
    input: /work/FAC/FBM/DMF/smitri/evomicrocomm/genome_size/data/ms/reference.fasta, /work/FAC/FBM/DMF/smitri/evomicrocomm/genome_size/data/T11.4.3/read1.fq.gz, /work/FAC/FBM/DMF/smitri/evomicrocomm/genome_size/data/T11.4.3/read2.fq.gz
    output: /work/FAC/FBM/DMF/smitri/evomicrocomm/genome_size/data/T11.4.3/ms/mapped_reads.sorted.bam
    jobid: 71
    wildcards: sample=T11.4.3, strain=ms
    threads: 16
    resources: tmpdir=/tmp/2846010

Submitted job 71 with external jobid 'Submitted batch job 2846033'.

[Sun Oct 17 22:30:57 2021]
rule mapping:
    input: /work/FAC/FBM/DMF/smitri/evomicrocomm/genome_size/data/ms/reference.fasta, /work/FAC/FBM/DMF/smitri/evomicrocomm/genome_size/data/T22.3.4/read1.fq.gz, /work/FAC/FBM/DMF/smitri/evomicrocomm/genome_size/data/T22.3.4/read2.fq.gz
    output: /work/FAC/FBM/DMF/smitri/evomicrocomm/genome_size/data/T22.3.4/ms/mapped_reads.sorted.bam
    jobid: 65
    wildcards: sample=T22.3.4, strain=ms
    threads: 16
    resources: tmpdir=/tmp/2846010

Submitted job 65 with external jobid 'Submitted batch job 2846034'.

[Sun Oct 17 22:30:57 2021]
rule mapping:
    input: /work/FAC/FBM/DMF/smitri/evomicrocomm/genome_size/data/ms/reference.fasta, /work/FAC/FBM/DMF/smitri/evomicrocomm/genome_size/data/T33.3.5/read1.fq.gz, /work/FAC/FBM/DMF/smitri/evomicrocomm/genome_size/data/T33.3.5/read2.fq.gz
    output: /work/FAC/FBM/DMF/smitri/evomicrocomm/genome_size/data/T33.3.5/ms/mapped_reads.sorted.bam
    jobid: 107
    wildcards: sample=T33.3.5, strain=ms
    threads: 16
    resources: tmpdir=/tmp/2846010

Submitted job 107 with external jobid 'Submitted batch job 2846035'.

[Sun Oct 17 22:30:57 2021]
rule mapping:
    input: /work/FAC/FBM/DMF/smitri/evomicrocomm/genome_size/data/ms/reference.fasta, /work/FAC/FBM/DMF/smitri/evomicrocomm/genome_size/data/T11.3.1/read1.fq.gz, /work/FAC/FBM/DMF/smitri/evomicrocomm/genome_size/data/T11.3.1/read2.fq.gz
    output: /work/FAC/FBM/DMF/smitri/evomicrocomm/genome_size/data/T11.3.1/ms/mapped_reads.sorted.bam
    jobid: 23
    wildcards: sample=T11.3.1, strain=ms
    threads: 16
    resources: tmpdir=/tmp/2846010

Submitted job 23 with external jobid 'Submitted batch job 2846036'.

[Sun Oct 17 22:30:57 2021]
rule labels:
    output: /work/FAC/FBM/DMF/smitri/evomicrocomm/genome_size/data/T11.3.4/ms/labels.json
    jobid: 58
    wildcards: sample=T11.3.4, strain=ms
    resources: tmpdir=/tmp/2846010

Submitted job 58 with external jobid 'Submitted batch job 2846037'.

[Sun Oct 17 22:30:57 2021]
rule mapping:
    input: /work/FAC/FBM/DMF/smitri/evomicrocomm/genome_size/data/ms/reference.fasta, /work/FAC/FBM/DMF/smitri/evomicrocomm/genome_size/data/T44.3.3.rep/read1.fq.gz, /work/FAC/FBM/DMF/smitri/evomicrocomm/genome_size/data/T44.3.3.rep/read2.fq.gz
    output: /work/FAC/FBM/DMF/smitri/evomicrocomm/genome_size/data/T44.3.3.rep/ms/mapped_reads.sorted.bam
    jobid: 44
    wildcards: sample=T44.3.3.rep, strain=ms
    threads: 16
    resources: tmpdir=/tmp/2846010

Submitted job 44 with external jobid 'Submitted batch job 2846038'.

[Sun Oct 17 22:30:57 2021]
rule labels:
    output: /work/FAC/FBM/DMF/smitri/evomicrocomm/genome_size/data/T22.3.3/ms/labels.json
    jobid: 16
    wildcards: sample=T22.3.3, strain=ms
    resources: tmpdir=/tmp/2846010

Submitted job 16 with external jobid 'Submitted batch job 2846039'.

[Sun Oct 17 22:30:57 2021]
rule mapping:
    input: /work/FAC/FBM/DMF/smitri/evomicrocomm/genome_size/data/ms/reference.fasta, /work/FAC/FBM/DMF/smitri/evomicrocomm/genome_size/data/T33.4.5/read1.fq.gz, /work/FAC/FBM/DMF/smitri/evomicrocomm/genome_size/data/T33.4.5/read2.fq.gz
    output: /work/FAC/FBM/DMF/smitri/evomicrocomm/genome_size/data/T33.4.5/ms/mapped_reads.sorted.bam
    jobid: 86
    wildcards: sample=T33.4.5, strain=ms
    threads: 16
    resources: tmpdir=/tmp/2846010

Submitted job 86 with external jobid 'Submitted batch job 2846040'.

[Sun Oct 17 22:30:57 2021]
rule mapping:
    input: /work/FAC/FBM/DMF/smitri/evomicrocomm/genome_size/data/ms/reference.fasta, /work/FAC/FBM/DMF/smitri/evomicrocomm/genome_size/data/T11.4.5/read1.fq.gz, /work/FAC/FBM/DMF/smitri/evomicrocomm/genome_size/data/T11.4.5/read2.fq.gz
    output: /work/FAC/FBM/DMF/smitri/evomicrocomm/genome_size/data/T11.4.5/ms/mapped_reads.sorted.bam
    jobid: 38
    wildcards: sample=T11.4.5, strain=ms
    threads: 16
    resources: tmpdir=/tmp/2846010

Submitted job 38 with external jobid 'Submitted batch job 2846041'.

[Sun Oct 17 22:30:57 2021]
rule labels:
    output: /work/FAC/FBM/DMF/smitri/evomicrocomm/genome_size/data/T11.3.5/ms/labels.json
    jobid: 94
    wildcards: sample=T11.3.5, strain=ms
    resources: tmpdir=/tmp/2846010

Submitted job 94 with external jobid 'Submitted batch job 2846042'.

[Sun Oct 17 22:30:57 2021]
rule mapping:
    input: /work/FAC/FBM/DMF/smitri/evomicrocomm/genome_size/data/ms/reference.fasta, /work/FAC/FBM/DMF/smitri/evomicrocomm/genome_size/data/T22.3.1/read1.fq.gz, /work/FAC/FBM/DMF/smitri/evomicrocomm/genome_size/data/T22.3.1/read2.fq.gz
    output: /work/FAC/FBM/DMF/smitri/evomicrocomm/genome_size/data/T22.3.1/ms/mapped_reads.sorted.bam
    jobid: 62
    wildcards: sample=T22.3.1, strain=ms
    threads: 16
    resources: tmpdir=/tmp/2846010

Submitted job 62 with external jobid 'Submitted batch job 2846043'.

[Sun Oct 17 22:30:57 2021]
rule mapping:
    input: /work/FAC/FBM/DMF/smitri/evomicrocomm/genome_size/data/ms/reference.fasta, /work/FAC/FBM/DMF/smitri/evomicrocomm/genome_size/data/T11.3.4/read1.fq.gz, /work/FAC/FBM/DMF/smitri/evomicrocomm/genome_size/data/T11.3.4/read2.fq.gz
    output: /work/FAC/FBM/DMF/smitri/evomicrocomm/genome_size/data/T11.3.4/ms/mapped_reads.sorted.bam
    jobid: 59
    wildcards: sample=T11.3.4, strain=ms
    threads: 16
    resources: tmpdir=/tmp/2846010

Submitted job 59 with external jobid 'Submitted batch job 2846044'.

[Sun Oct 17 22:30:57 2021]
rule mapping:
    input: /work/FAC/FBM/DMF/smitri/evomicrocomm/genome_size/data/ms/reference.fasta, /work/FAC/FBM/DMF/smitri/evomicrocomm/genome_size/data/T33.4.4/read1.fq.gz, /work/FAC/FBM/DMF/smitri/evomicrocomm/genome_size/data/T33.4.4/read2.fq.gz
    output: /work/FAC/FBM/DMF/smitri/evomicrocomm/genome_size/data/T33.4.4/ms/mapped_reads.sorted.bam
    jobid: 101
    wildcards: sample=T33.4.4, strain=ms
    threads: 16
    resources: tmpdir=/tmp/2846010

Submitted job 101 with external jobid 'Submitted batch job 2846045'.

[Sun Oct 17 22:30:57 2021]
rule mapping:
    input: /work/FAC/FBM/DMF/smitri/evomicrocomm/genome_size/data/ms/reference.fasta, /work/FAC/FBM/DMF/smitri/evomicrocomm/genome_size/data/T22.3.3/read1.fq.gz, /work/FAC/FBM/DMF/smitri/evomicrocomm/genome_size/data/T22.3.3/read2.fq.gz
    output: /work/FAC/FBM/DMF/smitri/evomicrocomm/genome_size/data/T22.3.3/ms/mapped_reads.sorted.bam
    jobid: 17
    wildcards: sample=T22.3.3, strain=ms
    threads: 16
    resources: tmpdir=/tmp/2846010

Submitted job 17 with external jobid 'Submitted batch job 2846046'.

[Sun Oct 17 22:30:57 2021]
rule mapping:
    input: /work/FAC/FBM/DMF/smitri/evomicrocomm/genome_size/data/ms/reference.fasta, /work/FAC/FBM/DMF/smitri/evomicrocomm/genome_size/data/T22.4.5/read1.fq.gz, /work/FAC/FBM/DMF/smitri/evomicrocomm/genome_size/data/T22.4.5/read2.fq.gz
    output: /work/FAC/FBM/DMF/smitri/evomicrocomm/genome_size/data/T22.4.5/ms/mapped_reads.sorted.bam
    jobid: 53
    wildcards: sample=T22.4.5, strain=ms
    threads: 16
    resources: tmpdir=/tmp/2846010

Submitted job 53 with external jobid 'Submitted batch job 2846047'.

[Sun Oct 17 22:30:57 2021]
rule labels:
    output: /work/FAC/FBM/DMF/smitri/evomicrocomm/genome_size/data/T11.3.3/ms/labels.json
    jobid: 67
    wildcards: sample=T11.3.3, strain=ms
    resources: tmpdir=/tmp/2846010

Submitted job 67 with external jobid 'Submitted batch job 2846048'.

[Sun Oct 17 22:30:57 2021]
rule labels:
    output: /work/FAC/FBM/DMF/smitri/evomicrocomm/genome_size/data/T22.3.5/ms/labels.json
    jobid: 109
    wildcards: sample=T22.3.5, strain=ms
    resources: tmpdir=/tmp/2846010

Submitted job 109 with external jobid 'Submitted batch job 2846049'.

[Sun Oct 17 22:30:57 2021]
rule mapping:
    input: /work/FAC/FBM/DMF/smitri/evomicrocomm/genome_size/data/ms/reference.fasta, /work/FAC/FBM/DMF/smitri/evomicrocomm/genome_size/data/T22.4.3/read1.fq.gz, /work/FAC/FBM/DMF/smitri/evomicrocomm/genome_size/data/T22.4.3/read2.fq.gz
    output: /work/FAC/FBM/DMF/smitri/evomicrocomm/genome_size/data/T22.4.3/ms/mapped_reads.sorted.bam
    jobid: 11
    wildcards: sample=T22.4.3, strain=ms
    threads: 16
    resources: tmpdir=/tmp/2846010

Submitted job 11 with external jobid 'Submitted batch job 2846050'.

[Sun Oct 17 22:30:57 2021]
rule labels:
    output: /work/FAC/FBM/DMF/smitri/evomicrocomm/genome_size/data/T44.3.5/ms/labels.json
    jobid: 25
    wildcards: sample=T44.3.5, strain=ms
    resources: tmpdir=/tmp/2846010

Submitted job 25 with external jobid 'Submitted batch job 2846051'.

[Sun Oct 17 22:30:57 2021]
rule mapping:
    input: /work/FAC/FBM/DMF/smitri/evomicrocomm/genome_size/data/ms/reference.fasta, /work/FAC/FBM/DMF/smitri/evomicrocomm/genome_size/data/T11.3.5/read1.fq.gz, /work/FAC/FBM/DMF/smitri/evomicrocomm/genome_size/data/T11.3.5/read2.fq.gz
    output: /work/FAC/FBM/DMF/smitri/evomicrocomm/genome_size/data/T11.3.5/ms/mapped_reads.sorted.bam
    jobid: 95
    wildcards: sample=T11.3.5, strain=ms
    threads: 16
    resources: tmpdir=/tmp/2846010

Submitted job 95 with external jobid 'Submitted batch job 2846052'.

[Sun Oct 17 22:30:57 2021]
rule mapping:
    input: /work/FAC/FBM/DMF/smitri/evomicrocomm/genome_size/data/ms/reference.fasta, /work/FAC/FBM/DMF/smitri/evomicrocomm/genome_size/data/T33.4.3.rep/read1.fq.gz, /work/FAC/FBM/DMF/smitri/evomicrocomm/genome_size/data/T33.4.3.rep/read2.fq.gz
    output: /work/FAC/FBM/DMF/smitri/evomicrocomm/genome_size/data/T33.4.3.rep/ms/mapped_reads.sorted.bam
    jobid: 20
    wildcards: sample=T33.4.3.rep, strain=ms
    threads: 16
    resources: tmpdir=/tmp/2846010

Submitted job 20 with external jobid 'Submitted batch job 2846053'.

[Sun Oct 17 22:30:57 2021]
rule labels:
    output: /work/FAC/FBM/DMF/smitri/evomicrocomm/genome_size/data/T22.3.2/ms/labels.json
    jobid: 46
    wildcards: sample=T22.3.2, strain=ms
    resources: tmpdir=/tmp/2846010

Submitted job 46 with external jobid 'Submitted batch job 2846054'.

[Sun Oct 17 22:30:58 2021]
rule mapping:
    input: /work/FAC/FBM/DMF/smitri/evomicrocomm/genome_size/data/ms/reference.fasta, /work/FAC/FBM/DMF/smitri/evomicrocomm/genome_size/data/T22.4.4/read1.fq.gz, /work/FAC/FBM/DMF/smitri/evomicrocomm/genome_size/data/T22.4.4/read2.fq.gz
    output: /work/FAC/FBM/DMF/smitri/evomicrocomm/genome_size/data/T22.4.4/ms/mapped_reads.sorted.bam
    jobid: 32
    wildcards: sample=T22.4.4, strain=ms
    threads: 16
    resources: tmpdir=/tmp/2846010

Submitted job 32 with external jobid 'Submitted batch job 2846055'.

[Sun Oct 17 22:30:58 2021]
rule labels:
    output: /work/FAC/FBM/DMF/smitri/evomicrocomm/genome_size/data/T33.3.1/ms/labels.json
    jobid: 88
    wildcards: sample=T33.3.1, strain=ms
    resources: tmpdir=/tmp/2846010

Submitted job 88 with external jobid 'Submitted batch job 2846056'.

[Sun Oct 17 22:30:58 2021]
rule labels:
    output: /work/FAC/FBM/DMF/smitri/evomicrocomm/genome_size/data/T33.3.3/ms/labels.json
    jobid: 118
    wildcards: sample=T33.3.3, strain=ms
    resources: tmpdir=/tmp/2846010

Submitted job 118 with external jobid 'Submitted batch job 2846057'.

[Sun Oct 17 22:30:58 2021]
rule mapping:
    input: /work/FAC/FBM/DMF/smitri/evomicrocomm/genome_size/data/ms/reference.fasta, /work/FAC/FBM/DMF/smitri/evomicrocomm/genome_size/data/T11.3.3/read1.fq.gz, /work/FAC/FBM/DMF/smitri/evomicrocomm/genome_size/data/T11.3.3/read2.fq.gz
    output: /work/FAC/FBM/DMF/smitri/evomicrocomm/genome_size/data/T11.3.3/ms/mapped_reads.sorted.bam
    jobid: 68
    wildcards: sample=T11.3.3, strain=ms
    threads: 16
    resources: tmpdir=/tmp/2846010

Submitted job 68 with external jobid 'Submitted batch job 2846058'.

[Sun Oct 17 22:30:58 2021]
rule mapping:
    input: /work/FAC/FBM/DMF/smitri/evomicrocomm/genome_size/data/ms/reference.fasta, /work/FAC/FBM/DMF/smitri/evomicrocomm/genome_size/data/T22.3.5/read1.fq.gz, /work/FAC/FBM/DMF/smitri/evomicrocomm/genome_size/data/T22.3.5/read2.fq.gz
    output: /work/FAC/FBM/DMF/smitri/evomicrocomm/genome_size/data/T22.3.5/ms/mapped_reads.sorted.bam
    jobid: 110
    wildcards: sample=T22.3.5, strain=ms
    threads: 16
    resources: tmpdir=/tmp/2846010

Submitted job 110 with external jobid 'Submitted batch job 2846059'.

[Sun Oct 17 22:30:58 2021]
rule mapping:
    input: /work/FAC/FBM/DMF/smitri/evomicrocomm/genome_size/data/ms/reference.fasta, /work/FAC/FBM/DMF/smitri/evomicrocomm/genome_size/data/T44.3.5/read1.fq.gz, /work/FAC/FBM/DMF/smitri/evomicrocomm/genome_size/data/T44.3.5/read2.fq.gz
    output: /work/FAC/FBM/DMF/smitri/evomicrocomm/genome_size/data/T44.3.5/ms/mapped_reads.sorted.bam
    jobid: 26
    wildcards: sample=T44.3.5, strain=ms
    threads: 16
    resources: tmpdir=/tmp/2846010

Submitted job 26 with external jobid 'Submitted batch job 2846060'.

[Sun Oct 17 22:30:58 2021]
rule labels:
    output: /work/FAC/FBM/DMF/smitri/evomicrocomm/genome_size/data/T44.3.2/ms/labels.json
    jobid: 40
    wildcards: sample=T44.3.2, strain=ms
    resources: tmpdir=/tmp/2846010

Submitted job 40 with external jobid 'Submitted batch job 2846061'.

[Sun Oct 17 22:30:58 2021]
rule mapping:
    input: /work/FAC/FBM/DMF/smitri/evomicrocomm/genome_size/data/ms/reference.fasta, /work/FAC/FBM/DMF/smitri/evomicrocomm/genome_size/data/T22.3.2/read1.fq.gz, /work/FAC/FBM/DMF/smitri/evomicrocomm/genome_size/data/T22.3.2/read2.fq.gz
    output: /work/FAC/FBM/DMF/smitri/evomicrocomm/genome_size/data/T22.3.2/ms/mapped_reads.sorted.bam
    jobid: 47
    wildcards: sample=T22.3.2, strain=ms
    threads: 16
    resources: tmpdir=/tmp/2846010

Submitted job 47 with external jobid 'Submitted batch job 2846062'.

[Sun Oct 17 22:30:58 2021]
rule labels:
    output: /work/FAC/FBM/DMF/smitri/evomicrocomm/genome_size/data/T22.3.1/ms/labels.json
    jobid: 61
    wildcards: sample=T22.3.1, strain=ms
    resources: tmpdir=/tmp/2846010

Submitted job 61 with external jobid 'Submitted batch job 2846063'.

[Sun Oct 17 22:30:58 2021]
rule mapping:
    input: /work/FAC/FBM/DMF/smitri/evomicrocomm/genome_size/data/ms/reference.fasta, /work/FAC/FBM/DMF/smitri/evomicrocomm/genome_size/data/T33.3.1/read1.fq.gz, /work/FAC/FBM/DMF/smitri/evomicrocomm/genome_size/data/T33.3.1/read2.fq.gz
    output: /work/FAC/FBM/DMF/smitri/evomicrocomm/genome_size/data/T33.3.1/ms/mapped_reads.sorted.bam
    jobid: 89
    wildcards: sample=T33.3.1, strain=ms
    threads: 16
    resources: tmpdir=/tmp/2846010

Submitted job 89 with external jobid 'Submitted batch job 2846064'.

[Sun Oct 17 22:30:58 2021]
rule mapping:
    input: /work/FAC/FBM/DMF/smitri/evomicrocomm/genome_size/data/ms/reference.fasta, /work/FAC/FBM/DMF/smitri/evomicrocomm/genome_size/data/T11.4.4/read1.fq.gz, /work/FAC/FBM/DMF/smitri/evomicrocomm/genome_size/data/T11.4.4/read2.fq.gz
    output: /work/FAC/FBM/DMF/smitri/evomicrocomm/genome_size/data/T11.4.4/ms/mapped_reads.sorted.bam
    jobid: 104
    wildcards: sample=T11.4.4, strain=ms
    threads: 16
    resources: tmpdir=/tmp/2846010

Submitted job 104 with external jobid 'Submitted batch job 2846065'.
[Sun Oct 17 22:31:06 2021]
Finished job 55.
1 of 90 steps (1%) done
[Sun Oct 17 22:31:06 2021]
Finished job 13.
2 of 90 steps (2%) done
[Sun Oct 17 22:31:06 2021]
Finished job 97.
3 of 90 steps (3%) done
[Sun Oct 17 22:31:06 2021]
Finished job 7.
4 of 90 steps (4%) done
[Sun Oct 17 22:31:07 2021]
Finished job 28.
5 of 90 steps (6%) done
[Sun Oct 17 22:31:07 2021]
Finished job 22.
6 of 90 steps (7%) done
[Sun Oct 17 22:31:07 2021]
Finished job 64.
7 of 90 steps (8%) done
[Sun Oct 17 22:31:07 2021]
Finished job 106.
8 of 90 steps (9%) done
[Sun Oct 17 22:31:07 2021]
Finished job 43.
9 of 90 steps (10%) done
[Sun Oct 17 22:31:08 2021]
Finished job 58.
10 of 90 steps (11%) done
[Sun Oct 17 22:31:08 2021]
Finished job 16.
11 of 90 steps (12%) done
[Sun Oct 17 22:31:09 2021]
Finished job 94.
12 of 90 steps (13%) done
[Sun Oct 17 22:31:09 2021]
Finished job 67.
13 of 90 steps (14%) done
[Sun Oct 17 22:31:09 2021]
Finished job 109.
14 of 90 steps (16%) done
[Sun Oct 17 22:31:10 2021]
Finished job 25.
15 of 90 steps (17%) done
[Sun Oct 17 22:31:10 2021]
Finished job 46.
16 of 90 steps (18%) done
[Sun Oct 17 22:31:10 2021]
Finished job 88.
17 of 90 steps (19%) done
[Sun Oct 17 22:31:10 2021]
Finished job 118.
18 of 90 steps (20%) done
[Sun Oct 17 22:31:11 2021]
Finished job 40.
19 of 90 steps (21%) done
[Sun Oct 17 22:31:11 2021]
Finished job 61.
20 of 90 steps (22%) done
[Sun Oct 17 22:34:24 2021]
Finished job 50.
21 of 90 steps (23%) done
Select jobs to execute...

[Sun Oct 17 22:34:24 2021]
rule report:
    input: /work/FAC/FBM/DMF/smitri/evomicrocomm/genome_size/data/T22.4.2/ms/labels.json, /work/FAC/FBM/DMF/smitri/evomicrocomm/genome_size/data/ms/reference.fasta, /work/FAC/FBM/DMF/smitri/evomicrocomm/genome_size/data/T22.4.2/ms/mapped_reads.sorted.bam
    output: /work/FAC/FBM/DMF/smitri/evomicrocomm/genome_size/data/T22.4.2/ms/report.md
    jobid: 48
    wildcards: sample=T22.4.2, strain=ms
    threads: 16
    resources: tmpdir=/tmp/2846010

Submitted job 48 with external jobid 'Submitted batch job 2846166'.
[Sun Oct 17 22:34:38 2021]
Finished job 2.
22 of 90 steps (24%) done
Select jobs to execute...

[Sun Oct 17 22:34:38 2021]
rule report:
    input: /work/FAC/FBM/DMF/smitri/evomicrocomm/genome_size/data/T22.4.1/ms/labels.json, /work/FAC/FBM/DMF/smitri/evomicrocomm/genome_size/data/ms/reference.fasta, /work/FAC/FBM/DMF/smitri/evomicrocomm/genome_size/data/T22.4.1/ms/mapped_reads.sorted.bam
    output: /work/FAC/FBM/DMF/smitri/evomicrocomm/genome_size/data/T22.4.1/ms/report.md
    jobid: 0
    wildcards: sample=T22.4.1, strain=ms
    threads: 16
    resources: tmpdir=/tmp/2846010

Submitted job 0 with external jobid 'Submitted batch job 2846167'.
[Sun Oct 17 22:35:04 2021]
Finished job 65.
23 of 90 steps (26%) done
Select jobs to execute...

[Sun Oct 17 22:35:04 2021]
rule report:
    input: /work/FAC/FBM/DMF/smitri/evomicrocomm/genome_size/data/T22.3.4/ms/labels.json, /work/FAC/FBM/DMF/smitri/evomicrocomm/genome_size/data/ms/reference.fasta, /work/FAC/FBM/DMF/smitri/evomicrocomm/genome_size/data/T22.3.4/ms/mapped_reads.sorted.bam
    output: /work/FAC/FBM/DMF/smitri/evomicrocomm/genome_size/data/T22.3.4/ms/report.md
    jobid: 63
    wildcards: sample=T22.3.4, strain=ms
    threads: 16
    resources: tmpdir=/tmp/2846010

Submitted job 63 with external jobid 'Submitted batch job 2846169'.
[Sun Oct 17 22:35:56 2021]
Finished job 8.
24 of 90 steps (27%) done
Select jobs to execute...

[Sun Oct 17 22:35:56 2021]
rule report:
    input: /work/FAC/FBM/DMF/smitri/evomicrocomm/genome_size/data/T33.3.2/ms/labels.json, /work/FAC/FBM/DMF/smitri/evomicrocomm/genome_size/data/ms/reference.fasta, /work/FAC/FBM/DMF/smitri/evomicrocomm/genome_size/data/T33.3.2/ms/mapped_reads.sorted.bam
    output: /work/FAC/FBM/DMF/smitri/evomicrocomm/genome_size/data/T33.3.2/ms/report.md
    jobid: 6
    wildcards: sample=T33.3.2, strain=ms
    threads: 16
    resources: tmpdir=/tmp/2846010

Submitted job 6 with external jobid 'Submitted batch job 2846173'.
[Sun Oct 17 22:38:33 2021]
Finished job 62.
25 of 90 steps (28%) done
Select jobs to execute...

[Sun Oct 17 22:38:33 2021]
rule report:
    input: /work/FAC/FBM/DMF/smitri/evomicrocomm/genome_size/data/T22.3.1/ms/labels.json, /work/FAC/FBM/DMF/smitri/evomicrocomm/genome_size/data/ms/reference.fasta, /work/FAC/FBM/DMF/smitri/evomicrocomm/genome_size/data/T22.3.1/ms/mapped_reads.sorted.bam
    output: /work/FAC/FBM/DMF/smitri/evomicrocomm/genome_size/data/T22.3.1/ms/report.md
    jobid: 60
    wildcards: sample=T22.3.1, strain=ms
    threads: 16
    resources: tmpdir=/tmp/2846010

Submitted job 60 with external jobid 'Submitted batch job 2846270'.
[Sun Oct 17 22:38:46 2021]
Finished job 17.
26 of 90 steps (29%) done
Select jobs to execute...

[Sun Oct 17 22:38:46 2021]
rule report:
    input: /work/FAC/FBM/DMF/smitri/evomicrocomm/genome_size/data/T22.3.3/ms/labels.json, /work/FAC/FBM/DMF/smitri/evomicrocomm/genome_size/data/ms/reference.fasta, /work/FAC/FBM/DMF/smitri/evomicrocomm/genome_size/data/T22.3.3/ms/mapped_reads.sorted.bam
    output: /work/FAC/FBM/DMF/smitri/evomicrocomm/genome_size/data/T22.3.3/ms/report.md
    jobid: 15
    wildcards: sample=T22.3.3, strain=ms
    threads: 16
    resources: tmpdir=/tmp/2846010

Submitted job 15 with external jobid 'Submitted batch job 2846275'.
[Sun Oct 17 22:39:25 2021]
Finished job 11.
27 of 90 steps (30%) done
Select jobs to execute...

[Sun Oct 17 22:39:25 2021]
rule report:
    input: /work/FAC/FBM/DMF/smitri/evomicrocomm/genome_size/data/T22.4.3/ms/labels.json, /work/FAC/FBM/DMF/smitri/evomicrocomm/genome_size/data/ms/reference.fasta, /work/FAC/FBM/DMF/smitri/evomicrocomm/genome_size/data/T22.4.3/ms/mapped_reads.sorted.bam
    output: /work/FAC/FBM/DMF/smitri/evomicrocomm/genome_size/data/T22.4.3/ms/report.md
    jobid: 9
    wildcards: sample=T22.4.3, strain=ms
    threads: 16
    resources: tmpdir=/tmp/2846010

Submitted job 9 with external jobid 'Submitted batch job 2846280'.
[Sun Oct 17 22:40:02 2021]
Finished job 41.
28 of 90 steps (31%) done
Select jobs to execute...

[Sun Oct 17 22:40:02 2021]
rule report:
    input: /work/FAC/FBM/DMF/smitri/evomicrocomm/genome_size/data/T44.3.2/ms/labels.json, /work/FAC/FBM/DMF/smitri/evomicrocomm/genome_size/data/ms/reference.fasta, /work/FAC/FBM/DMF/smitri/evomicrocomm/genome_size/data/T44.3.2/ms/mapped_reads.sorted.bam
    output: /work/FAC/FBM/DMF/smitri/evomicrocomm/genome_size/data/T44.3.2/ms/report.md
    jobid: 39
    wildcards: sample=T44.3.2, strain=ms
    threads: 16
    resources: tmpdir=/tmp/2846010

Submitted job 39 with external jobid 'Submitted batch job 2846291'.
[Sun Oct 17 22:40:03 2021]
Finished job 119.
29 of 90 steps (32%) done
Select jobs to execute...

[Sun Oct 17 22:40:03 2021]
rule report:
    input: /work/FAC/FBM/DMF/smitri/evomicrocomm/genome_size/data/T33.3.3/ms/labels.json, /work/FAC/FBM/DMF/smitri/evomicrocomm/genome_size/data/ms/reference.fasta, /work/FAC/FBM/DMF/smitri/evomicrocomm/genome_size/data/T33.3.3/ms/mapped_reads.sorted.bam
    output: /work/FAC/FBM/DMF/smitri/evomicrocomm/genome_size/data/T33.3.3/ms/report.md
    jobid: 117
    wildcards: sample=T33.3.3, strain=ms
    threads: 16
    resources: tmpdir=/tmp/2846010

Submitted job 117 with external jobid 'Submitted batch job 2846292'.
[Sun Oct 17 22:40:16 2021]
Finished job 77.
30 of 90 steps (33%) done
Select jobs to execute...

[Sun Oct 17 22:40:16 2021]
rule report:
    input: /work/FAC/FBM/DMF/smitri/evomicrocomm/genome_size/data/T33.4.2/ms/labels.json, /work/FAC/FBM/DMF/smitri/evomicrocomm/genome_size/data/ms/reference.fasta, /work/FAC/FBM/DMF/smitri/evomicrocomm/genome_size/data/T33.4.2/ms/mapped_reads.sorted.bam
    output: /work/FAC/FBM/DMF/smitri/evomicrocomm/genome_size/data/T33.4.2/ms/report.md
    jobid: 75
    wildcards: sample=T33.4.2, strain=ms
    threads: 16
    resources: tmpdir=/tmp/2846010

Submitted job 75 with external jobid 'Submitted batch job 2846296'.
[Sun Oct 17 22:40:17 2021]
Finished job 29.
31 of 90 steps (34%) done
Select jobs to execute...

[Sun Oct 17 22:40:17 2021]
rule report:
    input: /work/FAC/FBM/DMF/smitri/evomicrocomm/genome_size/data/T44.3.1/ms/labels.json, /work/FAC/FBM/DMF/smitri/evomicrocomm/genome_size/data/ms/reference.fasta, /work/FAC/FBM/DMF/smitri/evomicrocomm/genome_size/data/T44.3.1/ms/mapped_reads.sorted.bam
    output: /work/FAC/FBM/DMF/smitri/evomicrocomm/genome_size/data/T44.3.1/ms/report.md
    jobid: 27
    wildcards: sample=T44.3.1, strain=ms
    threads: 16
    resources: tmpdir=/tmp/2846010

Submitted job 27 with external jobid 'Submitted batch job 2846297'.
[Sun Oct 17 22:40:29 2021]
Finished job 83.
32 of 90 steps (36%) done
Select jobs to execute...

[Sun Oct 17 22:40:29 2021]
rule report:
    input: /work/FAC/FBM/DMF/smitri/evomicrocomm/genome_size/data/T33.4.1/ms/labels.json, /work/FAC/FBM/DMF/smitri/evomicrocomm/genome_size/data/ms/reference.fasta, /work/FAC/FBM/DMF/smitri/evomicrocomm/genome_size/data/T33.4.1/ms/mapped_reads.sorted.bam
    output: /work/FAC/FBM/DMF/smitri/evomicrocomm/genome_size/data/T33.4.1/ms/report.md
    jobid: 81
    wildcards: sample=T33.4.1, strain=ms
    threads: 16
    resources: tmpdir=/tmp/2846010

Submitted job 81 with external jobid 'Submitted batch job 2846299'.
[Sun Oct 17 22:40:30 2021]
Finished job 98.
33 of 90 steps (37%) done
Select jobs to execute...

[Sun Oct 17 22:40:30 2021]
rule report:
    input: /work/FAC/FBM/DMF/smitri/evomicrocomm/genome_size/data/T33.3.4/ms/labels.json, /work/FAC/FBM/DMF/smitri/evomicrocomm/genome_size/data/ms/reference.fasta, /work/FAC/FBM/DMF/smitri/evomicrocomm/genome_size/data/T33.3.4/ms/mapped_reads.sorted.bam
    output: /work/FAC/FBM/DMF/smitri/evomicrocomm/genome_size/data/T33.3.4/ms/report.md
    jobid: 96
    wildcards: sample=T33.3.4, strain=ms
    threads: 16
    resources: tmpdir=/tmp/2846010

Submitted job 96 with external jobid 'Submitted batch job 2846300'.
[Sun Oct 17 22:40:44 2021]
Finished job 53.
34 of 90 steps (38%) done
Select jobs to execute...

[Sun Oct 17 22:40:44 2021]
rule report:
    input: /work/FAC/FBM/DMF/smitri/evomicrocomm/genome_size/data/T22.4.5/ms/labels.json, /work/FAC/FBM/DMF/smitri/evomicrocomm/genome_size/data/ms/reference.fasta, /work/FAC/FBM/DMF/smitri/evomicrocomm/genome_size/data/T22.4.5/ms/mapped_reads.sorted.bam
    output: /work/FAC/FBM/DMF/smitri/evomicrocomm/genome_size/data/T22.4.5/ms/report.md
    jobid: 51
    wildcards: sample=T22.4.5, strain=ms
    threads: 16
    resources: tmpdir=/tmp/2846010

Submitted job 51 with external jobid 'Submitted batch job 2846305'.
[Sun Oct 17 22:40:44 2021]
Finished job 110.
35 of 90 steps (39%) done
Select jobs to execute...

[Sun Oct 17 22:40:44 2021]
rule report:
    input: /work/FAC/FBM/DMF/smitri/evomicrocomm/genome_size/data/T22.3.5/ms/labels.json, /work/FAC/FBM/DMF/smitri/evomicrocomm/genome_size/data/ms/reference.fasta, /work/FAC/FBM/DMF/smitri/evomicrocomm/genome_size/data/T22.3.5/ms/mapped_reads.sorted.bam
    output: /work/FAC/FBM/DMF/smitri/evomicrocomm/genome_size/data/T22.3.5/ms/report.md
    jobid: 108
    wildcards: sample=T22.3.5, strain=ms
    threads: 16
    resources: tmpdir=/tmp/2846010

Submitted job 108 with external jobid 'Submitted batch job 2846306'.
[Sun Oct 17 22:40:56 2021]
Finished job 32.
36 of 90 steps (40%) done
Select jobs to execute...

[Sun Oct 17 22:40:56 2021]
rule report:
    input: /work/FAC/FBM/DMF/smitri/evomicrocomm/genome_size/data/T22.4.4/ms/labels.json, /work/FAC/FBM/DMF/smitri/evomicrocomm/genome_size/data/ms/reference.fasta, /work/FAC/FBM/DMF/smitri/evomicrocomm/genome_size/data/T22.4.4/ms/mapped_reads.sorted.bam
    output: /work/FAC/FBM/DMF/smitri/evomicrocomm/genome_size/data/T22.4.4/ms/report.md
    jobid: 30
    wildcards: sample=T22.4.4, strain=ms
    threads: 16
    resources: tmpdir=/tmp/2846010

Submitted job 30 with external jobid 'Submitted batch job 2846309'.
[Sun Oct 17 22:40:57 2021]
Finished job 47.
37 of 90 steps (41%) done
Select jobs to execute...

[Sun Oct 17 22:40:57 2021]
rule report:
    input: /work/FAC/FBM/DMF/smitri/evomicrocomm/genome_size/data/T22.3.2/ms/labels.json, /work/FAC/FBM/DMF/smitri/evomicrocomm/genome_size/data/ms/reference.fasta, /work/FAC/FBM/DMF/smitri/evomicrocomm/genome_size/data/T22.3.2/ms/mapped_reads.sorted.bam
    output: /work/FAC/FBM/DMF/smitri/evomicrocomm/genome_size/data/T22.3.2/ms/report.md
    jobid: 45
    wildcards: sample=T22.3.2, strain=ms
    threads: 16
    resources: tmpdir=/tmp/2846010

Submitted job 45 with external jobid 'Submitted batch job 2846310'.
[Sun Oct 17 22:42:14 2021]
Finished job 14.
38 of 90 steps (42%) done
Select jobs to execute...

[Sun Oct 17 22:42:14 2021]
rule report:
    input: /work/FAC/FBM/DMF/smitri/evomicrocomm/genome_size/data/T44.3.4/ms/labels.json, /work/FAC/FBM/DMF/smitri/evomicrocomm/genome_size/data/ms/reference.fasta, /work/FAC/FBM/DMF/smitri/evomicrocomm/genome_size/data/T44.3.4/ms/mapped_reads.sorted.bam
    output: /work/FAC/FBM/DMF/smitri/evomicrocomm/genome_size/data/T44.3.4/ms/report.md
    jobid: 12
    wildcards: sample=T44.3.4, strain=ms
    threads: 16
    resources: tmpdir=/tmp/2846010

Submitted job 12 with external jobid 'Submitted batch job 2846331'.
[Sun Oct 17 22:42:40 2021]
Finished job 113.
39 of 90 steps (43%) done
Select jobs to execute...

[Sun Oct 17 22:42:40 2021]
rule report:
    input: /work/FAC/FBM/DMF/smitri/evomicrocomm/genome_size/data/T11.4.2/ms/labels.json, /work/FAC/FBM/DMF/smitri/evomicrocomm/genome_size/data/ms/reference.fasta, /work/FAC/FBM/DMF/smitri/evomicrocomm/genome_size/data/T11.4.2/ms/mapped_reads.sorted.bam
    output: /work/FAC/FBM/DMF/smitri/evomicrocomm/genome_size/data/T11.4.2/ms/report.md
    jobid: 111
    wildcards: sample=T11.4.2, strain=ms
    threads: 16
    resources: tmpdir=/tmp/2846010

Submitted job 111 with external jobid 'Submitted batch job 2846340'.
[Sun Oct 17 22:42:53 2021]
Finished job 92.
40 of 90 steps (44%) done
Select jobs to execute...

[Sun Oct 17 22:42:53 2021]
rule report:
    input: /work/FAC/FBM/DMF/smitri/evomicrocomm/genome_size/data/T11.4.1/ms/labels.json, /work/FAC/FBM/DMF/smitri/evomicrocomm/genome_size/data/ms/reference.fasta, /work/FAC/FBM/DMF/smitri/evomicrocomm/genome_size/data/T11.4.1/ms/mapped_reads.sorted.bam
    output: /work/FAC/FBM/DMF/smitri/evomicrocomm/genome_size/data/T11.4.1/ms/report.md
    jobid: 90
    wildcards: sample=T11.4.1, strain=ms
    threads: 16
    resources: tmpdir=/tmp/2846010

Submitted job 90 with external jobid 'Submitted batch job 2846341'.
[Sun Oct 17 22:42:54 2021]
Finished job 107.
41 of 90 steps (46%) done
Select jobs to execute...

[Sun Oct 17 22:42:54 2021]
rule report:
    input: /work/FAC/FBM/DMF/smitri/evomicrocomm/genome_size/data/T33.3.5/ms/labels.json, /work/FAC/FBM/DMF/smitri/evomicrocomm/genome_size/data/ms/reference.fasta, /work/FAC/FBM/DMF/smitri/evomicrocomm/genome_size/data/T33.3.5/ms/mapped_reads.sorted.bam
    output: /work/FAC/FBM/DMF/smitri/evomicrocomm/genome_size/data/T33.3.5/ms/report.md
    jobid: 105
    wildcards: sample=T33.3.5, strain=ms
    threads: 16
    resources: tmpdir=/tmp/2846010

Submitted job 105 with external jobid 'Submitted batch job 2846342'.
[Sun Oct 17 22:43:33 2021]
Finished job 86.
42 of 90 steps (47%) done
Select jobs to execute...

[Sun Oct 17 22:43:33 2021]
rule report:
    input: /work/FAC/FBM/DMF/smitri/evomicrocomm/genome_size/data/T33.4.5/ms/labels.json, /work/FAC/FBM/DMF/smitri/evomicrocomm/genome_size/data/ms/reference.fasta, /work/FAC/FBM/DMF/smitri/evomicrocomm/genome_size/data/T33.4.5/ms/mapped_reads.sorted.bam
    output: /work/FAC/FBM/DMF/smitri/evomicrocomm/genome_size/data/T33.4.5/ms/report.md
    jobid: 84
    wildcards: sample=T33.4.5, strain=ms
    threads: 16
    resources: tmpdir=/tmp/2846010

Submitted job 84 with external jobid 'Submitted batch job 2846348'.
[Sun Oct 17 22:43:59 2021]
Finished job 56.
43 of 90 steps (48%) done
Select jobs to execute...

[Sun Oct 17 22:43:59 2021]
rule report:
    input: /work/FAC/FBM/DMF/smitri/evomicrocomm/genome_size/data/T11.3.2/ms/labels.json, /work/FAC/FBM/DMF/smitri/evomicrocomm/genome_size/data/ms/reference.fasta, /work/FAC/FBM/DMF/smitri/evomicrocomm/genome_size/data/T11.3.2/ms/mapped_reads.sorted.bam
    output: /work/FAC/FBM/DMF/smitri/evomicrocomm/genome_size/data/T11.3.2/ms/report.md
    jobid: 54
    wildcards: sample=T11.3.2, strain=ms
    threads: 16
    resources: tmpdir=/tmp/2846010

Submitted job 54 with external jobid 'Submitted batch job 2846352'.
[Sun Oct 17 22:44:38 2021]
Finished job 71.
44 of 90 steps (49%) done
Select jobs to execute...

[Sun Oct 17 22:44:38 2021]
rule report:
    input: /work/FAC/FBM/DMF/smitri/evomicrocomm/genome_size/data/T11.4.3/ms/labels.json, /work/FAC/FBM/DMF/smitri/evomicrocomm/genome_size/data/ms/reference.fasta, /work/FAC/FBM/DMF/smitri/evomicrocomm/genome_size/data/T11.4.3/ms/mapped_reads.sorted.bam
    output: /work/FAC/FBM/DMF/smitri/evomicrocomm/genome_size/data/T11.4.3/ms/report.md
    jobid: 69
    wildcards: sample=T11.4.3, strain=ms
    threads: 16
    resources: tmpdir=/tmp/2846010

Submitted job 69 with external jobid 'Submitted batch job 2846362'.
[Sun Oct 17 22:44:39 2021]
Finished job 38.
45 of 90 steps (50%) done
Select jobs to execute...

[Sun Oct 17 22:44:39 2021]
rule report:
    input: /work/FAC/FBM/DMF/smitri/evomicrocomm/genome_size/data/T11.4.5/ms/labels.json, /work/FAC/FBM/DMF/smitri/evomicrocomm/genome_size/data/ms/reference.fasta, /work/FAC/FBM/DMF/smitri/evomicrocomm/genome_size/data/T11.4.5/ms/mapped_reads.sorted.bam
    output: /work/FAC/FBM/DMF/smitri/evomicrocomm/genome_size/data/T11.4.5/ms/report.md
    jobid: 36
    wildcards: sample=T11.4.5, strain=ms
    threads: 16
    resources: tmpdir=/tmp/2846010

Submitted job 36 with external jobid 'Submitted batch job 2846363'.
[Sun Oct 17 22:45:05 2021]
Finished job 23.
46 of 90 steps (51%) done
Select jobs to execute...

[Sun Oct 17 22:45:05 2021]
rule report:
    input: /work/FAC/FBM/DMF/smitri/evomicrocomm/genome_size/data/T11.3.1/ms/labels.json, /work/FAC/FBM/DMF/smitri/evomicrocomm/genome_size/data/ms/reference.fasta, /work/FAC/FBM/DMF/smitri/evomicrocomm/genome_size/data/T11.3.1/ms/mapped_reads.sorted.bam
    output: /work/FAC/FBM/DMF/smitri/evomicrocomm/genome_size/data/T11.3.1/ms/report.md
    jobid: 21
    wildcards: sample=T11.3.1, strain=ms
    threads: 16
    resources: tmpdir=/tmp/2846010

Submitted job 21 with external jobid 'Submitted batch job 2846365'.
[Sun Oct 17 22:45:05 2021]
Finished job 101.
47 of 90 steps (52%) done
Select jobs to execute...

[Sun Oct 17 22:45:05 2021]
rule report:
    input: /work/FAC/FBM/DMF/smitri/evomicrocomm/genome_size/data/T33.4.4/ms/labels.json, /work/FAC/FBM/DMF/smitri/evomicrocomm/genome_size/data/ms/reference.fasta, /work/FAC/FBM/DMF/smitri/evomicrocomm/genome_size/data/T33.4.4/ms/mapped_reads.sorted.bam
    output: /work/FAC/FBM/DMF/smitri/evomicrocomm/genome_size/data/T33.4.4/ms/report.md
    jobid: 99
    wildcards: sample=T33.4.4, strain=ms
    threads: 16
    resources: tmpdir=/tmp/2846010

Submitted job 99 with external jobid 'Submitted batch job 2846366'.
[Sun Oct 17 22:45:43 2021]
Finished job 44.
48 of 90 steps (53%) done
Select jobs to execute...

[Sun Oct 17 22:45:43 2021]
rule report:
    input: /work/FAC/FBM/DMF/smitri/evomicrocomm/genome_size/data/T44.3.3.rep/ms/labels.json, /work/FAC/FBM/DMF/smitri/evomicrocomm/genome_size/data/ms/reference.fasta, /work/FAC/FBM/DMF/smitri/evomicrocomm/genome_size/data/T44.3.3.rep/ms/mapped_reads.sorted.bam
    output: /work/FAC/FBM/DMF/smitri/evomicrocomm/genome_size/data/T44.3.3.rep/ms/report.md
    jobid: 42
    wildcards: sample=T44.3.3.rep, strain=ms
    threads: 16
    resources: tmpdir=/tmp/2846010

Submitted job 42 with external jobid 'Submitted batch job 2846371'.
[Sun Oct 17 22:46:10 2021]
Finished job 20.
49 of 90 steps (54%) done
Select jobs to execute...

[Sun Oct 17 22:46:10 2021]
rule report:
    input: /work/FAC/FBM/DMF/smitri/evomicrocomm/genome_size/data/T33.4.3.rep/ms/labels.json, /work/FAC/FBM/DMF/smitri/evomicrocomm/genome_size/data/ms/reference.fasta, /work/FAC/FBM/DMF/smitri/evomicrocomm/genome_size/data/T33.4.3.rep/ms/mapped_reads.sorted.bam
    output: /work/FAC/FBM/DMF/smitri/evomicrocomm/genome_size/data/T33.4.3.rep/ms/report.md
    jobid: 18
    wildcards: sample=T33.4.3.rep, strain=ms
    threads: 16
    resources: tmpdir=/tmp/2846010

Submitted job 18 with external jobid 'Submitted batch job 2846374'.
[Sun Oct 17 22:46:11 2021]
Finished job 89.
50 of 90 steps (56%) done
Select jobs to execute...

[Sun Oct 17 22:46:11 2021]
rule report:
    input: /work/FAC/FBM/DMF/smitri/evomicrocomm/genome_size/data/T33.3.1/ms/labels.json, /work/FAC/FBM/DMF/smitri/evomicrocomm/genome_size/data/ms/reference.fasta, /work/FAC/FBM/DMF/smitri/evomicrocomm/genome_size/data/T33.3.1/ms/mapped_reads.sorted.bam
    output: /work/FAC/FBM/DMF/smitri/evomicrocomm/genome_size/data/T33.3.1/ms/report.md
    jobid: 87
    wildcards: sample=T33.3.1, strain=ms
    threads: 16
    resources: tmpdir=/tmp/2846010

Submitted job 87 with external jobid 'Submitted batch job 2846375'.
[Sun Oct 17 22:46:36 2021]
Finished job 48.
51 of 90 steps (57%) done
[Sun Oct 17 22:47:28 2021]
Finished job 59.
52 of 90 steps (58%) done
Select jobs to execute...

[Sun Oct 17 22:47:28 2021]
rule report:
    input: /work/FAC/FBM/DMF/smitri/evomicrocomm/genome_size/data/T11.3.4/ms/labels.json, /work/FAC/FBM/DMF/smitri/evomicrocomm/genome_size/data/ms/reference.fasta, /work/FAC/FBM/DMF/smitri/evomicrocomm/genome_size/data/T11.3.4/ms/mapped_reads.sorted.bam
    output: /work/FAC/FBM/DMF/smitri/evomicrocomm/genome_size/data/T11.3.4/ms/report.md
    jobid: 57
    wildcards: sample=T11.3.4, strain=ms
    threads: 16
    resources: tmpdir=/tmp/2846010

Submitted job 57 with external jobid 'Submitted batch job 2846381'.
[Sun Oct 17 22:47:29 2021]
Finished job 26.
53 of 90 steps (59%) done
Select jobs to execute...

[Sun Oct 17 22:47:29 2021]
rule report:
    input: /work/FAC/FBM/DMF/smitri/evomicrocomm/genome_size/data/T44.3.5/ms/labels.json, /work/FAC/FBM/DMF/smitri/evomicrocomm/genome_size/data/ms/reference.fasta, /work/FAC/FBM/DMF/smitri/evomicrocomm/genome_size/data/T44.3.5/ms/mapped_reads.sorted.bam
    output: /work/FAC/FBM/DMF/smitri/evomicrocomm/genome_size/data/T44.3.5/ms/report.md
    jobid: 24
    wildcards: sample=T44.3.5, strain=ms
    threads: 16
    resources: tmpdir=/tmp/2846010

Submitted job 24 with external jobid 'Submitted batch job 2846382'.
[Sun Oct 17 22:48:07 2021]
Finished job 95.
54 of 90 steps (60%) done
Select jobs to execute...

[Sun Oct 17 22:48:07 2021]
rule report:
    input: /work/FAC/FBM/DMF/smitri/evomicrocomm/genome_size/data/T11.3.5/ms/labels.json, /work/FAC/FBM/DMF/smitri/evomicrocomm/genome_size/data/ms/reference.fasta, /work/FAC/FBM/DMF/smitri/evomicrocomm/genome_size/data/T11.3.5/ms/mapped_reads.sorted.bam
    output: /work/FAC/FBM/DMF/smitri/evomicrocomm/genome_size/data/T11.3.5/ms/report.md
    jobid: 93
    wildcards: sample=T11.3.5, strain=ms
    threads: 16
    resources: tmpdir=/tmp/2846010

Submitted job 93 with external jobid 'Submitted batch job 2846404'.
[Sun Oct 17 22:48:46 2021]
Finished job 68.
55 of 90 steps (61%) done
Select jobs to execute...

[Sun Oct 17 22:48:46 2021]
rule report:
    input: /work/FAC/FBM/DMF/smitri/evomicrocomm/genome_size/data/T11.3.3/ms/labels.json, /work/FAC/FBM/DMF/smitri/evomicrocomm/genome_size/data/ms/reference.fasta, /work/FAC/FBM/DMF/smitri/evomicrocomm/genome_size/data/T11.3.3/ms/mapped_reads.sorted.bam
    output: /work/FAC/FBM/DMF/smitri/evomicrocomm/genome_size/data/T11.3.3/ms/report.md
    jobid: 66
    wildcards: sample=T11.3.3, strain=ms
    threads: 16
    resources: tmpdir=/tmp/2846010

Submitted job 66 with external jobid 'Submitted batch job 2846410'.
[Sun Oct 17 22:51:09 2021]
Finished job 6.
56 of 90 steps (62%) done
[Sun Oct 17 22:51:09 2021]
Finished job 0.
57 of 90 steps (63%) done
[Sun Oct 17 22:51:22 2021]
Finished job 63.
58 of 90 steps (64%) done
[Sun Oct 17 22:51:35 2021]
Finished job 104.
59 of 90 steps (66%) done
Select jobs to execute...

[Sun Oct 17 22:51:35 2021]
rule report:
    input: /work/FAC/FBM/DMF/smitri/evomicrocomm/genome_size/data/T11.4.4/ms/labels.json, /work/FAC/FBM/DMF/smitri/evomicrocomm/genome_size/data/ms/reference.fasta, /work/FAC/FBM/DMF/smitri/evomicrocomm/genome_size/data/T11.4.4/ms/mapped_reads.sorted.bam
    output: /work/FAC/FBM/DMF/smitri/evomicrocomm/genome_size/data/T11.4.4/ms/report.md
    jobid: 102
    wildcards: sample=T11.4.4, strain=ms
    threads: 16
    resources: tmpdir=/tmp/2846010

Submitted job 102 with external jobid 'Submitted batch job 2846429'.
[Sun Oct 17 22:56:21 2021]
Finished job 9.
60 of 90 steps (67%) done
[Sun Oct 17 22:56:21 2021]
Finished job 15.
61 of 90 steps (68%) done
[Sun Oct 17 22:56:34 2021]
Finished job 60.
62 of 90 steps (69%) done
[Sun Oct 17 22:57:46 2021]
Finished job 117.
63 of 90 steps (70%) done
[Sun Oct 17 22:57:57 2021]
Finished job 75.
64 of 90 steps (71%) done
[Sun Oct 17 22:58:10 2021]
Finished job 39.
65 of 90 steps (72%) done
[Sun Oct 17 22:58:10 2021]
Finished job 108.
66 of 90 steps (73%) done
[Sun Oct 17 22:58:33 2021]
Finished job 30.
67 of 90 steps (74%) done
[Sun Oct 17 22:58:33 2021]
Finished job 51.
68 of 90 steps (76%) done
[Sun Oct 17 22:58:34 2021]
Finished job 45.
69 of 90 steps (77%) done
[Sun Oct 17 22:58:57 2021]
Finished job 81.
70 of 90 steps (78%) done
[Sun Oct 17 22:58:57 2021]
Finished job 96.
71 of 90 steps (79%) done
[Sun Oct 17 22:58:57 2021]
Finished job 27.
72 of 90 steps (80%) done
[Sun Oct 17 23:01:10 2021]
Finished job 105.
73 of 90 steps (81%) done
[Sun Oct 17 23:01:10 2021]
Finished job 12.
74 of 90 steps (82%) done
[Sun Oct 17 23:01:44 2021]
Finished job 84.
75 of 90 steps (83%) done
[Sun Oct 17 23:01:44 2021]
Finished job 111.
76 of 90 steps (84%) done
[Sun Oct 17 23:03:55 2021]
Finished job 54.
77 of 90 steps (86%) done
[Sun Oct 17 23:03:56 2021]
Finished job 90.
78 of 90 steps (87%) done
[Sun Oct 17 23:04:50 2021]
Finished job 21.
79 of 90 steps (88%) done
[Sun Oct 17 23:05:01 2021]
Finished job 36.
80 of 90 steps (89%) done
[Sun Oct 17 23:05:01 2021]
Finished job 99.
81 of 90 steps (90%) done
[Sun Oct 17 23:05:12 2021]
Finished job 87.
82 of 90 steps (91%) done
[Sun Oct 17 23:05:22 2021]
Finished job 18.
83 of 90 steps (92%) done
[Sun Oct 17 23:05:32 2021]
Finished job 69.
84 of 90 steps (93%) done
[Sun Oct 17 23:06:12 2021]
Finished job 42.
85 of 90 steps (94%) done
[Sun Oct 17 23:06:52 2021]
Finished job 57.
86 of 90 steps (96%) done
[Sun Oct 17 23:06:52 2021]
Finished job 24.
87 of 90 steps (97%) done
[Sun Oct 17 23:07:02 2021]
Finished job 93.
88 of 90 steps (98%) done
[Sun Oct 17 23:07:52 2021]
Finished job 66.
89 of 90 steps (99%) done
[Sun Oct 17 23:10:12 2021]
Finished job 102.
90 of 90 steps (100%) done
Complete log: /users/eulrich/black_queen_hypothesis/scripts/workflows/.snakemake/log/2021-10-17T223054.706681.snakemake.log
