Building DAG of jobs...
Using shell: /usr/bin/bash
Provided cores: 16
Rules claiming more threads will be scaled down.
Select jobs to execute...

[Mon Oct 18 09:06:57 2021]
rule snippy:
    input: /work/FAC/FBM/DMF/smitri/evomicrocomm/genome_size/data/ms/reference.gbk, /work/FAC/FBM/DMF/smitri/evomicrocomm/genome_size/data/T33.4.1/ms/mapped_reads.sorted.bam
    output: /work/FAC/FBM/DMF/smitri/evomicrocomm/genome_size/data/T33.4.1/ms/snippy/snps.tab
    jobid: 0
    wildcards: sample=T33.4.1, strain=ms
    threads: 16
    resources: mem_mb=21473, disk_mb=21473, tmpdir=/tmp/2847910

[09:06:57] This is snippy 4.6.0
[09:06:57] Written by Torsten Seemann
[09:06:57] Obtained from https://github.com/tseemann/snippy
[09:06:57] Detected operating system: linux
[09:06:57] Enabling bundled linux tools.
[09:06:57] Found bwa - /work/FAC/FBM/DMF/smitri/evomicrocomm/eric/miniconda3/envs/bqh/bin/bwa
[09:06:57] Found bcftools - /work/FAC/FBM/DMF/smitri/evomicrocomm/eric/miniconda3/envs/bqh/bin/bcftools
[09:06:57] Found samtools - /work/FAC/FBM/DMF/smitri/evomicrocomm/eric/miniconda3/envs/bqh/bin/samtools
[09:06:57] Found java - /work/FAC/FBM/DMF/smitri/evomicrocomm/eric/miniconda3/envs/bqh/bin/java
[09:06:57] Found snpEff - /work/FAC/FBM/DMF/smitri/evomicrocomm/eric/miniconda3/envs/bqh/bin/snpEff
[09:06:57] Found samclip - /work/FAC/FBM/DMF/smitri/evomicrocomm/eric/miniconda3/envs/bqh/bin/samclip
[09:06:57] Found seqtk - /work/FAC/FBM/DMF/smitri/evomicrocomm/eric/miniconda3/envs/bqh/bin/seqtk
[09:06:57] Found parallel - /work/FAC/FBM/DMF/smitri/evomicrocomm/eric/miniconda3/envs/bqh/bin/parallel
[09:06:57] Found freebayes - /work/FAC/FBM/DMF/smitri/evomicrocomm/eric/miniconda3/envs/bqh/bin/freebayes
[09:06:57] Found freebayes-parallel - /work/FAC/FBM/DMF/smitri/evomicrocomm/eric/miniconda3/envs/bqh/bin/freebayes-parallel
[09:06:57] Found fasta_generate_regions.py - /work/FAC/FBM/DMF/smitri/evomicrocomm/eric/miniconda3/envs/bqh/bin/fasta_generate_regions.py
[09:06:57] Found vcfstreamsort - /work/FAC/FBM/DMF/smitri/evomicrocomm/eric/miniconda3/envs/bqh/bin/vcfstreamsort
[09:06:57] Found vcfuniq - /work/FAC/FBM/DMF/smitri/evomicrocomm/eric/miniconda3/envs/bqh/bin/vcfuniq
[09:06:57] Found vcffirstheader - /work/FAC/FBM/DMF/smitri/evomicrocomm/eric/miniconda3/envs/bqh/bin/vcffirstheader
[09:06:57] Found gzip - /usr/bin/gzip
[09:06:57] Found vt - /work/FAC/FBM/DMF/smitri/evomicrocomm/eric/miniconda3/envs/bqh/bin/vt
[09:06:57] Found snippy-vcf_to_tab - /work/FAC/FBM/DMF/smitri/evomicrocomm/eric/miniconda3/envs/bqh/bin/snippy-vcf_to_tab
[09:06:57] Found snippy-vcf_report - /work/FAC/FBM/DMF/smitri/evomicrocomm/eric/miniconda3/envs/bqh/bin/snippy-vcf_report
[09:06:57] Checking version: samtools --version is >= 1.7 - ok, have 1.12
[09:06:57] Checking version: bcftools --version is >= 1.7 - ok, have 1.12
[09:06:57] Checking version: freebayes --version is >= 1.1 - ok, have 1.3.5
[09:06:58] Checking version: snpEff -version is >= 4.3 - ok, have 5.0
[09:06:58] Checking version: bwa is >= 0.7.12 - ok, have 0.7.17
[09:06:58] Using reference: /work/FAC/FBM/DMF/smitri/evomicrocomm/genome_size/data/ms/reference.gbk
[09:06:58] Treating reference as 'genbank' format.
[09:06:58] Will use 16 CPU cores.
[09:06:58] Using BAM file '/work/FAC/FBM/DMF/smitri/evomicrocomm/genome_size/data/T33.4.1/ms/mapped_reads.sorted.bam' instead of aligning reads.
[09:06:58] Used --force, will overwrite existing /work/FAC/FBM/DMF/smitri/evomicrocomm/genome_size/data/T33.4.1/ms/snippy
[09:06:58] Changing working directory: /work/FAC/FBM/DMF/smitri/evomicrocomm/genome_size/data/T33.4.1/ms/snippy
[09:06:58] Creating reference folder: reference
[09:06:58] Extracting FASTA and GFF from reference.

--------------------- WARNING ---------------------
MSG: Unexpected error in feature table for  Skipping feature, attempting to recover
---------------------------------------------------
[09:06:59] Wrote 1 sequences to ref.fa
[09:06:59] Wrote 3628 features to ref.gff
[09:06:59] Creating reference/snpeff.config
[09:06:59] Freebayes will process 31 chunks of 122572 bp, 16 chunks at a time.
[09:06:59] Using BAM RG (Read Group) ID: snippy
[09:06:59] Running: samtools faidx reference/ref.fa 2>> snps.log
[09:06:59] Running: mkdir -p reference/genomes && cp -f reference/ref.fa reference/genomes/ref.fa 2>> snps.log
[09:06:59] Running: ln -sf reference/ref.fa . 2>> snps.log
[09:06:59] Running: ln -sf reference/ref.fa.fai . 2>> snps.log
[09:06:59] Running: mkdir -p reference/ref && gzip -c reference/ref.gff > reference/ref/genes.gff.gz 2>> snps.log
[09:06:59] Running: snpEff build -c reference/snpeff.config -dataDir . -gff3 ref 2>> snps.log
[09:07:02] Running: samtools view -h -O SAM \/work\/FAC\/FBM\/DMF\/smitri\/evomicrocomm\/genome_size\/data\/T33\.4\.1\/ms\/mapped_reads\.sorted\.bam | samclip --max 10 --ref reference/ref.fa.fai | samtools sort -n -l 0 -T /tmp/2847910 --threads 7 -m 8000M | samtools fixmate -m --threads 7 - - | samtools sort -l 0 -T /tmp/2847910 --threads 7 -m 8000M | samtools markdup -T /tmp/2847910 --threads 7 -r -s - - > snps.bam 2>> snps.log
[samclip] samclip 0.4.0 by Torsten Seemann (@torstenseemann)
[samclip] Loading: reference/ref.fa.fai
[samclip] Found 1 sequences in reference/ref.fa.fai
[samclip] Processed 100000 records...
[samclip] Processed 200000 records...
[samclip] Processed 300000 records...
[samclip] Processed 400000 records...
[samclip] Processed 500000 records...
[samclip] Processed 600000 records...
[samclip] Processed 700000 records...
[samclip] Processed 800000 records...
[samclip] Processed 900000 records...
[samclip] Processed 1000000 records...
[samclip] Processed 1100000 records...
[samclip] Processed 1200000 records...
[samclip] Processed 1300000 records...
[samclip] Processed 1400000 records...
[samclip] Processed 1500000 records...
[samclip] Processed 1600000 records...
[samclip] Processed 1700000 records...
[samclip] Processed 1800000 records...
[samclip] Processed 1900000 records...
[samclip] Processed 2000000 records...
[samclip] Processed 2100000 records...
[samclip] Processed 2200000 records...
[samclip] Processed 2300000 records...
[samclip] Processed 2400000 records...
[samclip] Processed 2500000 records...
[samclip] Processed 2600000 records...
[samclip] Processed 2700000 records...
[samclip] Processed 2800000 records...
[samclip] Processed 2900000 records...
[samclip] Processed 3000000 records...
[samclip] Processed 3100000 records...
[samclip] Processed 3200000 records...
[samclip] Processed 3300000 records...
[samclip] Processed 3400000 records...
[samclip] Processed 3500000 records...
[samclip] Processed 3600000 records...
[samclip] Processed 3700000 records...
[samclip] Processed 3800000 records...
[samclip] Processed 3900000 records...
[samclip] Processed 4000000 records...
[samclip] Processed 4100000 records...
[samclip] Processed 4200000 records...
[samclip] Processed 4300000 records...
[samclip] Processed 4400000 records...
[samclip] Processed 4500000 records...
[samclip] Processed 4600000 records...
[samclip] Processed 4700000 records...
[samclip] Processed 4800000 records...
[samclip] Processed 4900000 records...
[samclip] Processed 5000000 records...
[samclip] Processed 5100000 records...
[samclip] Processed 5200000 records...
[samclip] Processed 5300000 records...
[samclip] Processed 5400000 records...
[samclip] Processed 5500000 records...
[samclip] Processed 5600000 records...
[samclip] Processed 5700000 records...
[samclip] Processed 5800000 records...
[samclip] Processed 5900000 records...
[samclip] Processed 6000000 records...
[samclip] Processed 6100000 records...
[samclip] Processed 6200000 records...
[samclip] Processed 6300000 records...
[samclip] Processed 6400000 records...
[samclip] Processed 6500000 records...
[samclip] Processed 6600000 records...
[samclip] Processed 6700000 records...
[samclip] Processed 6800000 records...
[samclip] Processed 6900000 records...
[samclip] Processed 7000000 records...
[samclip] Processed 7100000 records...
[samclip] Processed 7200000 records...
[samclip] Processed 7300000 records...
[samclip] Processed 7400000 records...
[samclip] Processed 7500000 records...
[samclip] Processed 7600000 records...
[samclip] Processed 7700000 records...
[samclip] Processed 7800000 records...
[samclip] Processed 7900000 records...
[samclip] Processed 8000000 records...
[samclip] Processed 8100000 records...
[samclip] Processed 8200000 records...
[samclip] Processed 8300000 records...
[samclip] Processed 8400000 records...
[samclip] Processed 8500000 records...
[samclip] Processed 8600000 records...
[samclip] Processed 8700000 records...
[samclip] Processed 8800000 records...
[samclip] Processed 8900000 records...
[samclip] Processed 9000000 records...
[samclip] Processed 9100000 records...
[samclip] Processed 9200000 records...
[samclip] Processed 9300000 records...
[samclip] Processed 9400000 records...
[samclip] Processed 9500000 records...
[samclip] Processed 9600000 records...
[samclip] Processed 9700000 records...
[samclip] Processed 9800000 records...
[samclip] Processed 9900000 records...
[samclip] Processed 10000000 records...
[samclip] Processed 10100000 records...
[samclip] Processed 10200000 records...
[samclip] Processed 10300000 records...
[samclip] Processed 10400000 records...
[samclip] Processed 10500000 records...
[samclip] Processed 10600000 records...
[samclip] Processed 10700000 records...
[samclip] Processed 10800000 records...
[samclip] Processed 10900000 records...
[samclip] Processed 11000000 records...
[samclip] Processed 11100000 records...
[samclip] Processed 11200000 records...
[samclip] Processed 11300000 records...
[samclip] Processed 11400000 records...
[samclip] Processed 11500000 records...
[samclip] Processed 11600000 records...
[samclip] Processed 11700000 records...
[samclip] Processed 11800000 records...
[samclip] Processed 11900000 records...
[samclip] Processed 12000000 records...
[samclip] Processed 12100000 records...
[samclip] Processed 12200000 records...
[samclip] Processed 12300000 records...
[samclip] Processed 12400000 records...
[samclip] Processed 12500000 records...
[samclip] Processed 12600000 records...
[samclip] Processed 12700000 records...
[samclip] Processed 12800000 records...
[samclip] Processed 12900000 records...
[samclip] Processed 13000000 records...
[samclip] Processed 13100000 records...
[samclip] Processed 13200000 records...
[samclip] Processed 13300000 records...
[samclip] Processed 13400000 records...
[samclip] Processed 13500000 records...
[samclip] Processed 13600000 records...
[samclip] Processed 13700000 records...
[samclip] Processed 13800000 records...
[samclip] Processed 13900000 records...
[samclip] Processed 14000000 records...
[samclip] Processed 14100000 records...
[samclip] Processed 14200000 records...
[samclip] Processed 14300000 records...
[samclip] Processed 14400000 records...
[samclip] Processed 14500000 records...
[samclip] Processed 14600000 records...
[samclip] Processed 14700000 records...
[samclip] Processed 14800000 records...
[samclip] Processed 14900000 records...
[samclip] Processed 15000000 records...
[samclip] Processed 15100000 records...
[samclip] Processed 15200000 records...
[samclip] Processed 15300000 records...
[samclip] Processed 15400000 records...
[samclip] Processed 15500000 records...
[samclip] Processed 15600000 records...
[samclip] Processed 15700000 records...
[samclip] Processed 15800000 records...
[samclip] Processed 15900000 records...
[samclip] Processed 16000000 records...
[samclip] Processed 16100000 records...
[samclip] Processed 16200000 records...
[samclip] Processed 16300000 records...
[samclip] Processed 16400000 records...
[samclip] Processed 16500000 records...
[samclip] Processed 16600000 records...
[samclip] Processed 16700000 records...
[samclip] Processed 16800000 records...
[samclip] Processed 16900000 records...
[samclip] Processed 17000000 records...
[samclip] Processed 17100000 records...
[samclip] Processed 17200000 records...
[samclip] Processed 17300000 records...
[samclip] Processed 17400000 records...
[samclip] Processed 17500000 records...
[samclip] Processed 17600000 records...
[samclip] Processed 17700000 records...
[samclip] Processed 17800000 records...
[samclip] Processed 17900000 records...
[samclip] Processed 18000000 records...
[samclip] Processed 18100000 records...
[samclip] Processed 18200000 records...
[samclip] Processed 18300000 records...
[samclip] Processed 18400000 records...
[samclip] Processed 18500000 records...
[samclip] Processed 18600000 records...
[samclip] Processed 18700000 records...
[samclip] Processed 18800000 records...
[samclip] Processed 18900000 records...
[samclip] Processed 19000000 records...
[samclip] Processed 19100000 records...
[samclip] Processed 19200000 records...
[samclip] Processed 19300000 records...
[samclip] Processed 19400000 records...
[samclip] Processed 19500000 records...
[samclip] Processed 19600000 records...
[samclip] Processed 19700000 records...
[samclip] Processed 19800000 records...
[samclip] Processed 19900000 records...
[samclip] Processed 20000000 records...
[samclip] Processed 20100000 records...
[samclip] Processed 20200000 records...
[samclip] Processed 20300000 records...
[samclip] Processed 20400000 records...
[samclip] Processed 20500000 records...
[samclip] Processed 20600000 records...
[samclip] Processed 20700000 records...
[samclip] Processed 20800000 records...
[samclip] Processed 20900000 records...
[samclip] Processed 21000000 records...
[samclip] Processed 21100000 records...
[samclip] Processed 21200000 records...
[samclip] Processed 21300000 records...
[samclip] Processed 21400000 records...
[samclip] Processed 21500000 records...
[samclip] Processed 21600000 records...
[samclip] Processed 21700000 records...
[samclip] Processed 21800000 records...
[samclip] Processed 21900000 records...
[samclip] Processed 22000000 records...
[samclip] Processed 22100000 records...
[samclip] Processed 22200000 records...
[samclip] Processed 22300000 records...
[samclip] Processed 22400000 records...
[samclip] Processed 22500000 records...
[samclip] Processed 22600000 records...
[samclip] Processed 22700000 records...
[samclip] Processed 22800000 records...
[samclip] Processed 22900000 records...
[samclip] Processed 23000000 records...
[samclip] Processed 23100000 records...
[samclip] Processed 23200000 records...
[samclip] Processed 23300000 records...
[samclip] Processed 23400000 records...
[samclip] Processed 23500000 records...
[samclip] Processed 23600000 records...
[samclip] Processed 23700000 records...
[samclip] Processed 23800000 records...
[samclip] Processed 23900000 records...
[samclip] Processed 24000000 records...
[samclip] Processed 24100000 records...
[samclip] Processed 24200000 records...
[samclip] Processed 24300000 records...
[samclip] Processed 24400000 records...
[samclip] Processed 24500000 records...
[samclip] Processed 24600000 records...
[samclip] Processed 24700000 records...
[samclip] Processed 24800000 records...
[samclip] Processed 24900000 records...
[samclip] Processed 25000000 records...
[samclip] Processed 25100000 records...
[samclip] Processed 25200000 records...
[samclip] Processed 25300000 records...
[samclip] Processed 25400000 records...
[samclip] Processed 25500000 records...
[samclip] Processed 25600000 records...
[samclip] Processed 25700000 records...
[samclip] Processed 25800000 records...
[samclip] Processed 25900000 records...
[samclip] Processed 26000000 records...
[samclip] Processed 26100000 records...
[samclip] Processed 26200000 records...
[samclip] Processed 26300000 records...
[samclip] Processed 26400000 records...
[samclip] Processed 26500000 records...
[samclip] Processed 26600000 records...
[samclip] Processed 26700000 records...
[samclip] Processed 26800000 records...
[samclip] Processed 26900000 records...
[samclip] Processed 27000000 records...
[samclip] Processed 27100000 records...
[samclip] Processed 27200000 records...
[samclip] Processed 27300000 records...
[samclip] Processed 27400000 records...
[samclip] Processed 27500000 records...
[samclip] Processed 27600000 records...
[samclip] Processed 27700000 records...
[samclip] Processed 27800000 records...
[samclip] Processed 27900000 records...
[samclip] Processed 28000000 records...
[samclip] Processed 28100000 records...
[samclip] Processed 28200000 records...
[samclip] Processed 28300000 records...
[samclip] Processed 28400000 records...
[samclip] Processed 28500000 records...
[samclip] Processed 28600000 records...
[samclip] Processed 28700000 records...
[samclip] Processed 28800000 records...
[samclip] Processed 28900000 records...
[samclip] Processed 29000000 records...
[samclip] Processed 29100000 records...
[samclip] Processed 29200000 records...
[samclip] Processed 29300000 records...
[samclip] Processed 29400000 records...
[samclip] Processed 29500000 records...
[samclip] Processed 29600000 records...
[samclip] Processed 29700000 records...
[samclip] Processed 29800000 records...
[samclip] Processed 29900000 records...
[samclip] Processed 30000000 records...
[samclip] Processed 30100000 records...
[samclip] Processed 30200000 records...
[samclip] Processed 30300000 records...
[samclip] Processed 30400000 records...
[samclip] Processed 30500000 records...
[samclip] Processed 30600000 records...
[samclip] Processed 30700000 records...
[samclip] Processed 30800000 records...
[samclip] Processed 30900000 records...
[samclip] Processed 31000000 records...
[samclip] Processed 31100000 records...
[samclip] Processed 31200000 records...
[samclip] Processed 31300000 records...
[samclip] Processed 31400000 records...
[samclip] Processed 31500000 records...
[samclip] Processed 31600000 records...
[samclip] Processed 31700000 records...
[samclip] Processed 31800000 records...
[samclip] Processed 31900000 records...
[samclip] Processed 32000000 records...
[samclip] Processed 32100000 records...
[samclip] Processed 32200000 records...
[samclip] Processed 32300000 records...
[samclip] Processed 32400000 records...
[samclip] Processed 32500000 records...
[samclip] Processed 32600000 records...
[samclip] Processed 32700000 records...
[samclip] Processed 32800000 records...
[samclip] Processed 32900000 records...
[samclip] Processed 33000000 records...
[samclip] Processed 33100000 records...
[samclip] Processed 33200000 records...
[samclip] Processed 33300000 records...
[samclip] Processed 33400000 records...
[samclip] Processed 33500000 records...
[samclip] Processed 33600000 records...
[samclip] Processed 33700000 records...
[samclip] Processed 33800000 records...
[samclip] Processed 33900000 records...
[samclip] Processed 34000000 records...
[samclip] Processed 34100000 records...
[samclip] Processed 34200000 records...
[samclip] Processed 34300000 records...
[samclip] Processed 34400000 records...
[samclip] Processed 34500000 records...
[samclip] Processed 34600000 records...
[samclip] Processed 34700000 records...
[samclip] Processed 34800000 records...
[samclip] Processed 34900000 records...
[samclip] Processed 35000000 records...
[samclip] Processed 35100000 records...
[samclip] Processed 35200000 records...
[samclip] Processed 35300000 records...
[samclip] Processed 35400000 records...
[samclip] Processed 35500000 records...
[samclip] Processed 35600000 records...
[samclip] Processed 35700000 records...
[samclip] Processed 35800000 records...
[samclip] Processed 35900000 records...
[samclip] Processed 36000000 records...
[samclip] Processed 36100000 records...
[samclip] Processed 36200000 records...
[samclip] Processed 36300000 records...
[samclip] Processed 36400000 records...
[samclip] Processed 36500000 records...
[samclip] Processed 36600000 records...
[samclip] Processed 36700000 records...
[samclip] Processed 36800000 records...
[samclip] Processed 36900000 records...
[samclip] Processed 37000000 records...
[samclip] Processed 37100000 records...
[samclip] Processed 37200000 records...
[samclip] Processed 37300000 records...
[samclip] Processed 37400000 records...
[samclip] Processed 37500000 records...
[samclip] Processed 37600000 records...
[samclip] Processed 37700000 records...
[samclip] Processed 37800000 records...
[samclip] Processed 37900000 records...
[samclip] Processed 38000000 records...
[samclip] Processed 38100000 records...
[samclip] Processed 38200000 records...
[samclip] Processed 38300000 records...
[samclip] Processed 38400000 records...
[samclip] Processed 38500000 records...
[samclip] Processed 38600000 records...
[samclip] Processed 38700000 records...
[samclip] Processed 38800000 records...
[samclip] Processed 38900000 records...
[samclip] Processed 39000000 records...
[samclip] Processed 39100000 records...
[samclip] Processed 39200000 records...
[samclip] Processed 39300000 records...
[samclip] Processed 39400000 records...
[samclip] Processed 39500000 records...
[samclip] Processed 39600000 records...
[samclip] Processed 39700000 records...
[samclip] Processed 39800000 records...
[samclip] Processed 39900000 records...
[samclip] Processed 40000000 records...
[samclip] Processed 40100000 records...
[samclip] Processed 40200000 records...
[samclip] Processed 40300000 records...
[samclip] Processed 40400000 records...
[samclip] Processed 40500000 records...
[samclip] Processed 40600000 records...
[samclip] Processed 40700000 records...
[samclip] Processed 40800000 records...
[samclip] Processed 40900000 records...
[samclip] Processed 41000000 records...
[samclip] Processed 41100000 records...
[samclip] Processed 41200000 records...
[samclip] Processed 41300000 records...
[samclip] Processed 41400000 records...
[samclip] Processed 41500000 records...
[samclip] Processed 41600000 records...
[samclip] Processed 41700000 records...
[samclip] Processed 41800000 records...
[samclip] Processed 41900000 records...
[samclip] Processed 42000000 records...
[samclip] Processed 42100000 records...
[samclip] Processed 42200000 records...
[samclip] Processed 42300000 records...
[samclip] Processed 42400000 records...
[samclip] Processed 42500000 records...
[samclip] Processed 42600000 records...
[samclip] Processed 42700000 records...
[samclip] Processed 42800000 records...
[samclip] Processed 42900000 records...
[samclip] Processed 43000000 records...
[samclip] Processed 43100000 records...
[samclip] Processed 43200000 records...
[samclip] Processed 43300000 records...
[samclip] Processed 43400000 records...
[samclip] Processed 43500000 records...
[samclip] Processed 43600000 records...
[samclip] Processed 43700000 records...
[samclip] Processed 43800000 records...
[samclip] Processed 43900000 records...
[samclip] Processed 44000000 records...
[samclip] Processed 44100000 records...
[samclip] Processed 44200000 records...
[samclip] Processed 44300000 records...
[samclip] Processed 44400000 records...
[samclip] Processed 44500000 records...
[samclip] Processed 44600000 records...
[samclip] Processed 44700000 records...
[samclip] Processed 44800000 records...
[samclip] Processed 44900000 records...
[samclip] Processed 45000000 records...
[samclip] Processed 45100000 records...
[samclip] Processed 45200000 records...
[samclip] Processed 45300000 records...
[samclip] Processed 45400000 records...
[samclip] Processed 45500000 records...
[samclip] Processed 45600000 records...
[samclip] Processed 45700000 records...
[samclip] Processed 45800000 records...
[samclip] Processed 45900000 records...
[samclip] Processed 46000000 records...
[samclip] Processed 46100000 records...
[samclip] Processed 46200000 records...
[samclip] Processed 46300000 records...
[samclip] Processed 46400000 records...
[samclip] Processed 46500000 records...
[samclip] Processed 46600000 records...
[samclip] Processed 46700000 records...
[samclip] Processed 46800000 records...
[samclip] Processed 46900000 records...
[samclip] Processed 47000000 records...
[samclip] Processed 47100000 records...
[samclip] Processed 47200000 records...
[samclip] Processed 47300000 records...
[samclip] Processed 47400000 records...
[samclip] Processed 47500000 records...
[samclip] Processed 47600000 records...
[samclip] Processed 47700000 records...
[samclip] Processed 47800000 records...
[samclip] Processed 47900000 records...
[samclip] Processed 48000000 records...
[samclip] Processed 48100000 records...
[samclip] Processed 48200000 records...
[samclip] Processed 48300000 records...
[samclip] Processed 48400000 records...
[samclip] Processed 48500000 records...
[samclip] Processed 48600000 records...
[samclip] Processed 48700000 records...
[samclip] Processed 48800000 records...
[samclip] Processed 48900000 records...
[samclip] Processed 49000000 records...
[samclip] Processed 49100000 records...
[samclip] Processed 49200000 records...
[samclip] Processed 49300000 records...
[samclip] Processed 49400000 records...
[samclip] Processed 49500000 records...
[samclip] Processed 49600000 records...
[samclip] Processed 49700000 records...
[samclip] Processed 49800000 records...
[samclip] Processed 49900000 records...
[samclip] Processed 50000000 records...
[samclip] Processed 50100000 records...
[samclip] Processed 50200000 records...
[samclip] Processed 50300000 records...
[samclip] Processed 50400000 records...
[samclip] Processed 50500000 records...
[samclip] Processed 50600000 records...
[samclip] Processed 50700000 records...
[samclip] Processed 50800000 records...
[samclip] Processed 50900000 records...
[samclip] Processed 51000000 records...
[samclip] Processed 51100000 records...
[samclip] Processed 51200000 records...
[samclip] Processed 51300000 records...
[samclip] Processed 51400000 records...
[samclip] Processed 51500000 records...
[samclip] Processed 51600000 records...
[samclip] Processed 51700000 records...
[samclip] Processed 51800000 records...
[samclip] Processed 51900000 records...
[samclip] Processed 52000000 records...
[samclip] Processed 52100000 records...
[samclip] Processed 52200000 records...
[samclip] Processed 52300000 records...
[samclip] Processed 52400000 records...
[samclip] Processed 52500000 records...
[samclip] Processed 52600000 records...
[samclip] Processed 52700000 records...
[samclip] Processed 52800000 records...
[samclip] Processed 52900000 records...
[samclip] Processed 53000000 records...
[samclip] Processed 53100000 records...
[samclip] Processed 53200000 records...
[samclip] Processed 53300000 records...
[samclip] Processed 53400000 records...
[samclip] Processed 53500000 records...
[samclip] Processed 53600000 records...
[samclip] Processed 53700000 records...
[samclip] Processed 53800000 records...
[samclip] Processed 53900000 records...
[samclip] Processed 54000000 records...
[samclip] Processed 54100000 records...
[samclip] Processed 54200000 records...
[samclip] Processed 54300000 records...
[samclip] Processed 54400000 records...
[samclip] Processed 54500000 records...
[samclip] Processed 54600000 records...
[samclip] Processed 54700000 records...
[samclip] Processed 54800000 records...
[samclip] Processed 54900000 records...
[samclip] Processed 55000000 records...
[samclip] Processed 55100000 records...
[samclip] Processed 55200000 records...
[samclip] Processed 55300000 records...
[samclip] Processed 55400000 records...
[samclip] Processed 55500000 records...
[samclip] Processed 55600000 records...
[samclip] Processed 55700000 records...
[samclip] Processed 55800000 records...
[samclip] Processed 55900000 records...
[samclip] Processed 56000000 records...
[samclip] Processed 56100000 records...
[samclip] Processed 56200000 records...
[samclip] Processed 56300000 records...
[samclip] Processed 56400000 records...
[samclip] Processed 56500000 records...
[samclip] Processed 56600000 records...
[samclip] Processed 56700000 records...
[samclip] Processed 56800000 records...
[samclip] Processed 56900000 records...
[samclip] Processed 57000000 records...
[samclip] Processed 57100000 records...
[samclip] Processed 57200000 records...
[samclip] Processed 57300000 records...
[samclip] Processed 57400000 records...
[samclip] Processed 57500000 records...
[samclip] Processed 57600000 records...
[samclip] Processed 57700000 records...
[samclip] Processed 57800000 records...
[samclip] Processed 57900000 records...
[samclip] Processed 58000000 records...
[samclip] Processed 58100000 records...
[samclip] Processed 58200000 records...
[samclip] Processed 58300000 records...
[samclip] Processed 58400000 records...
[samclip] Processed 58500000 records...
[samclip] Processed 58600000 records...
[samclip] Processed 58700000 records...
[samclip] Processed 58800000 records...
[samclip] Processed 58900000 records...
[samclip] Processed 59000000 records...
[samclip] Processed 59100000 records...
[samclip] Processed 59200000 records...
[samclip] Processed 59300000 records...
[samclip] Processed 59400000 records...
[samclip] Processed 59500000 records...
[samclip] Processed 59600000 records...
[samclip] Processed 59700000 records...
[samclip] Processed 59800000 records...
[samclip] Processed 59900000 records...
[samclip] Processed 60000000 records...
[samclip] Processed 60100000 records...
[samclip] Processed 60200000 records...
[samclip] Processed 60300000 records...
[samclip] Processed 60400000 records...
[samclip] Processed 60500000 records...
[samclip] Processed 60600000 records...
[samclip] Processed 60700000 records...
[samclip] Processed 60800000 records...
[samclip] Processed 60900000 records...
[samclip] Processed 61000000 records...
[samclip] Processed 61100000 records...
[samclip] Processed 61200000 records...
[samclip] Processed 61300000 records...
[samclip] Processed 61400000 records...
[samclip] Processed 61500000 records...
[samclip] Processed 61600000 records...
[samclip] Processed 61700000 records...
[samclip] Processed 61800000 records...
[samclip] Processed 61900000 records...
[samclip] Processed 62000000 records...
[samclip] Processed 62100000 records...
[samclip] Processed 62200000 records...
[samclip] Processed 62300000 records...
[samclip] Processed 62400000 records...
[samclip] Processed 62500000 records...
[samclip] Processed 62600000 records...
[samclip] Processed 62700000 records...
[samclip] Processed 62800000 records...
[samclip] Processed 62900000 records...
[samclip] Processed 63000000 records...
[samclip] Processed 63100000 records...
[samclip] Processed 63200000 records...
[samclip] Processed 63300000 records...
[samclip] Processed 63400000 records...
[samclip] Processed 63500000 records...
[samclip] Processed 63600000 records...
[samclip] Processed 63700000 records...
[samclip] Processed 63800000 records...
[samclip] Processed 63900000 records...
[samclip] Processed 64000000 records...
[samclip] Processed 64100000 records...
[samclip] Processed 64200000 records...
[samclip] Processed 64300000 records...
[samclip] Processed 64400000 records...
[samclip] Processed 64500000 records...
[samclip] Processed 64600000 records...
[samclip] Processed 64700000 records...
[samclip] Processed 64800000 records...
[samclip] Processed 64900000 records...
[samclip] Processed 65000000 records...
[samclip] Processed 65100000 records...
[samclip] Processed 65200000 records...
[samclip] Processed 65300000 records...
[samclip] Processed 65400000 records...
[samclip] Processed 65500000 records...
[samclip] Processed 65600000 records...
[samclip] Processed 65700000 records...
[samclip] Processed 65800000 records...
[samclip] Processed 65900000 records...
[samclip] Processed 66000000 records...
[samclip] Processed 66100000 records...
[samclip] Processed 66200000 records...
[samclip] Processed 66300000 records...
[samclip] Processed 66400000 records...
[samclip] Processed 66500000 records...
[samclip] Processed 66600000 records...
[samclip] Processed 66700000 records...
[samclip] Processed 66800000 records...
[samclip] Processed 66900000 records...
[samclip] Processed 67000000 records...
[samclip] Processed 67100000 records...
[samclip] Processed 67200000 records...
[samclip] Processed 67300000 records...
[samclip] Processed 67400000 records...
[samclip] Processed 67500000 records...
[samclip] Processed 67600000 records...
[samclip] Processed 67700000 records...
[samclip] Processed 67800000 records...
[samclip] Processed 67900000 records...
[samclip] Processed 68000000 records...
[samclip] Processed 68100000 records...
[samclip] Processed 68200000 records...
[samclip] Processed 68300000 records...
[samclip] Processed 68400000 records...
[samclip] Processed 68500000 records...
[samclip] Processed 68600000 records...
[samclip] Processed 68700000 records...
[samclip] Processed 68800000 records...
[samclip] Processed 68900000 records...
[samclip] Processed 69000000 records...
[samclip] Processed 69100000 records...
[samclip] Processed 69200000 records...
[samclip] Processed 69300000 records...
[samclip] Processed 69400000 records...
[samclip] Processed 69500000 records...
[samclip] Processed 69600000 records...
[samclip] Processed 69700000 records...
[samclip] Processed 69800000 records...
[samclip] Processed 69900000 records...
[samclip] Processed 70000000 records...
[samclip] Processed 70100000 records...
[samclip] Processed 70200000 records...
[samclip] Processed 70300000 records...
[samclip] Processed 70400000 records...
[samclip] Processed 70500000 records...
[samclip] Processed 70600000 records...
[samclip] Processed 70700000 records...
[samclip] Processed 70800000 records...
[samclip] Processed 70900000 records...
[samclip] Processed 71000000 records...
[samclip] Processed 71100000 records...
[samclip] Processed 71200000 records...
[samclip] Processed 71300000 records...
[samclip] Processed 71400000 records...
[samclip] Processed 71500000 records...
[samclip] Processed 71600000 records...
[samclip] Processed 71700000 records...
[samclip] Processed 71800000 records...
[samclip] Processed 71900000 records...
[samclip] Processed 72000000 records...
[samclip] Processed 72100000 records...
[samclip] Processed 72200000 records...
[samclip] Processed 72300000 records...
[samclip] Processed 72400000 records...
[samclip] Processed 72500000 records...
[samclip] Processed 72600000 records...
[samclip] Processed 72700000 records...
[samclip] Processed 72800000 records...
[samclip] Processed 72900000 records...
[samclip] Processed 73000000 records...
[samclip] Processed 73100000 records...
[samclip] Processed 73200000 records...
[samclip] Processed 73300000 records...
[samclip] Processed 73400000 records...
[samclip] Processed 73500000 records...
[samclip] Processed 73600000 records...
[samclip] Processed 73700000 records...
[samclip] Processed 73800000 records...
[samclip] Processed 73900000 records...
[samclip] Processed 74000000 records...
[samclip] Processed 74100000 records...
[samclip] Processed 74200000 records...
[samclip] Processed 74300000 records...
[samclip] Processed 74400000 records...
[samclip] Processed 74500000 records...
[samclip] Processed 74600000 records...
[samclip] Processed 74700000 records...
[samclip] Processed 74800000 records...
[samclip] Processed 74900000 records...
[samclip] Processed 75000000 records...
[samclip] Processed 75100000 records...
[samclip] Processed 75200000 records...
[samclip] Processed 75300000 records...
[samclip] Processed 75400000 records...
[samclip] Processed 75500000 records...
[samclip] Processed 75600000 records...
[samclip] Processed 75700000 records...
[samclip] Processed 75800000 records...
[samclip] Processed 75900000 records...
[samclip] Processed 76000000 records...
[samclip] Processed 76100000 records...
[samclip] Processed 76200000 records...
[samclip] Processed 76300000 records...
[samclip] Processed 76400000 records...
[samclip] Processed 76500000 records...
[samclip] Processed 76600000 records...
[samclip] Processed 76700000 records...
[samclip] Processed 76800000 records...
[samclip] Processed 76900000 records...
[samclip] Processed 77000000 records...
[samclip] Processed 77100000 records...
[samclip] Processed 77200000 records...
[samclip] Processed 77300000 records...
[samclip] Processed 77400000 records...
[samclip] Processed 77500000 records...
[samclip] Processed 77600000 records...
[samclip] Processed 77700000 records...
[samclip] Processed 77800000 records...
[samclip] Processed 77900000 records...
[samclip] Processed 78000000 records...
[samclip] Processed 78100000 records...
[samclip] Processed 78200000 records...
[samclip] Processed 78300000 records...
[samclip] Processed 78400000 records...
[samclip] Processed 78500000 records...
[samclip] Processed 78600000 records...
[samclip] Processed 78700000 records...
[samclip] Processed 78800000 records...
[samclip] Processed 78900000 records...
[samclip] Processed 79000000 records...
[samclip] Processed 79100000 records...
[samclip] Processed 79200000 records...
[samclip] Processed 79300000 records...
[samclip] Processed 79400000 records...
[samclip] Processed 79500000 records...
[samclip] Processed 79600000 records...
[samclip] Processed 79700000 records...
[samclip] Processed 79800000 records...
[samclip] Processed 79900000 records...
[samclip] Processed 80000000 records...
[samclip] Processed 80100000 records...
[samclip] Processed 80200000 records...
[samclip] Processed 80300000 records...
[samclip] Processed 80400000 records...
[samclip] Processed 80500000 records...
[samclip] Processed 80600000 records...
[samclip] Processed 80700000 records...
[samclip] Processed 80800000 records...
[samclip] Processed 80900000 records...
[samclip] Processed 81000000 records...
[samclip] Processed 81100000 records...
[samclip] Processed 81200000 records...
[samclip] Processed 81300000 records...
[samclip] Processed 81400000 records...
[samclip] Processed 81500000 records...
[samclip] Processed 81600000 records...
[samclip] Processed 81700000 records...
[samclip] Processed 81800000 records...
[samclip] Processed 81900000 records...
[samclip] Processed 82000000 records...
[samclip] Processed 82100000 records...
[samclip] Processed 82200000 records...
[samclip] Processed 82300000 records...
[samclip] Processed 82400000 records...
[samclip] Processed 82500000 records...
[samclip] Processed 82600000 records...
[samclip] Processed 82700000 records...
[samclip] Processed 82800000 records...
[samclip] Processed 82900000 records...
[samclip] Processed 83000000 records...
[samclip] Processed 83100000 records...
[samclip] Processed 83200000 records...
[samclip] Processed 83300000 records...
[samclip] Processed 83400000 records...
[samclip] Processed 83500000 records...
[samclip] Processed 83600000 records...
[samclip] Processed 83700000 records...
[samclip] Processed 83800000 records...
[samclip] Processed 83900000 records...
[samclip] Processed 84000000 records...
[samclip] Processed 84100000 records...
[samclip] Processed 84200000 records...
[samclip] Processed 84300000 records...
[samclip] Processed 84400000 records...
[samclip] Processed 84500000 records...
[samclip] Processed 84600000 records...
[samclip] Processed 84700000 records...
[samclip] Processed 84800000 records...
[samclip] Processed 84900000 records...
[samclip] Processed 85000000 records...
[samclip] Processed 85100000 records...
[samclip] Processed 85200000 records...
[samclip] Processed 85300000 records...
[samclip] Processed 85400000 records...
[samclip] Processed 85500000 records...
[samclip] Processed 85600000 records...
[samclip] Processed 85700000 records...
[samclip] Processed 85800000 records...
[samclip] Processed 85900000 records...
[samclip] Processed 86000000 records...
[samclip] Processed 86100000 records...
[samclip] Processed 86200000 records...
[samclip] Processed 86300000 records...
[samclip] Processed 86400000 records...
[samclip] Processed 86500000 records...
[samclip] Processed 86600000 records...
[samclip] Processed 86700000 records...
[samclip] Processed 86800000 records...
[samclip] Processed 86900000 records...
[samclip] Processed 87000000 records...
[samclip] Processed 87100000 records...
[samclip] Processed 87200000 records...
[samclip] Processed 87300000 records...
[samclip] Processed 87400000 records...
[samclip] Processed 87500000 records...
[samclip] Processed 87600000 records...
[samclip] Processed 87700000 records...
[samclip] Processed 87800000 records...
[samclip] Processed 87900000 records...
[samclip] Processed 88000000 records...
[samclip] Processed 88100000 records...
[samclip] Processed 88200000 records...
[samclip] Processed 88300000 records...
[samclip] Processed 88400000 records...
[samclip] Processed 88500000 records...
[samclip] Processed 88600000 records...
[samclip] Processed 88700000 records...
[samclip] Processed 88800000 records...
[samclip] Processed 88900000 records...
[samclip] Processed 89000000 records...
[samclip] Processed 89100000 records...
[samclip] Processed 89200000 records...
[samclip] Processed 89300000 records...
[samclip] Processed 89400000 records...
[samclip] Processed 89500000 records...
[samclip] Processed 89600000 records...
[samclip] Processed 89700000 records...
[samclip] Processed 89800000 records...
[samclip] Processed 89900000 records...
[samclip] Processed 90000000 records...
[samclip] Processed 90100000 records...
[samclip] Processed 90200000 records...
[samclip] Processed 90300000 records...
[samclip] Processed 90400000 records...
[samclip] Processed 90500000 records...
[samclip] Processed 90600000 records...
[samclip] Processed 90700000 records...
[samclip] Processed 90800000 records...
[samclip] Processed 90900000 records...
[samclip] Processed 91000000 records...
[samclip] Processed 91100000 records...
[samclip] Processed 91200000 records...
[samclip] Processed 91300000 records...
[samclip] Processed 91400000 records...
[samclip] Processed 91500000 records...
[samclip] Processed 91600000 records...
[samclip] Processed 91700000 records...
[samclip] Processed 91800000 records...
[samclip] Processed 91900000 records...
[samclip] Processed 92000000 records...
[samclip] Processed 92100000 records...
[samclip] Processed 92200000 records...
[samclip] Processed 92300000 records...
[samclip] Processed 92400000 records...
[samclip] Processed 92500000 records...
[samclip] Processed 92600000 records...
[samclip] Processed 92700000 records...
[samclip] Processed 92800000 records...
[samclip] Processed 92900000 records...
[samclip] Processed 93000000 records...
[samclip] Processed 93100000 records...
[samclip] Processed 93200000 records...
[samclip] Processed 93300000 records...
[samclip] Processed 93400000 records...
[samclip] Processed 93500000 records...
[samclip] Processed 93600000 records...
[samclip] Processed 93700000 records...
[samclip] Processed 93800000 records...
[samclip] Processed 93900000 records...
[samclip] Processed 94000000 records...
[samclip] Processed 94100000 records...
[samclip] Processed 94200000 records...
[samclip] Processed 94300000 records...
[samclip] Processed 94400000 records...
[samclip] Processed 94500000 records...
[samclip] Processed 94600000 records...
[samclip] Processed 94700000 records...
[samclip] Processed 94800000 records...
[samclip] Processed 94900000 records...
[samclip] Processed 95000000 records...
[samclip] Processed 95100000 records...
[samclip] Processed 95200000 records...
[samclip] Processed 95300000 records...
[samclip] Processed 95400000 records...
[samclip] Processed 95500000 records...
[samclip] Processed 95600000 records...
[samclip] Processed 95700000 records...
[samclip] Processed 95800000 records...
[samclip] Processed 95900000 records...
[samclip] Processed 96000000 records...
[samclip] Processed 96100000 records...
[samclip] Processed 96200000 records...
[samclip] Processed 96300000 records...
[samclip] Processed 96400000 records...
[samclip] Processed 96500000 records...
[samclip] Processed 96600000 records...
[samclip] Processed 96700000 records...
[samclip] Processed 96800000 records...
[samclip] Processed 96900000 records...
[samclip] Processed 97000000 records...
[samclip] Processed 97100000 records...
[samclip] Processed 97200000 records...
[samclip] Processed 97300000 records...
[samclip] Processed 97400000 records...
[samclip] Processed 97500000 records...
[samclip] Processed 97600000 records...
[samclip] Processed 97700000 records...
[samclip] Processed 97800000 records...
[samclip] Processed 97900000 records...
[samclip] Processed 98000000 records...
[samclip] Processed 98100000 records...
[samclip] Processed 98200000 records...
[samclip] Processed 98300000 records...
[samclip] Processed 98400000 records...
[samclip] Processed 98500000 records...
[samclip] Processed 98600000 records...
[samclip] Processed 98700000 records...
[samclip] Processed 98800000 records...
[samclip] Processed 98900000 records...
[samclip] Processed 99000000 records...
[samclip] Processed 99100000 records...
[samclip] Processed 99200000 records...
[samclip] Processed 99300000 records...
[samclip] Processed 99400000 records...
[samclip] Processed 99500000 records...
[samclip] Processed 99600000 records...
[samclip] Processed 99700000 records...
[samclip] Processed 99800000 records...
[samclip] Processed 99900000 records...
[samclip] Processed 100000000 records...
[samclip] Processed 100100000 records...
[samclip] Processed 100200000 records...
[samclip] Processed 100300000 records...
[samclip] Processed 100400000 records...
[samclip] Processed 100500000 records...
[samclip] Processed 100600000 records...
[samclip] Processed 100700000 records...
[samclip] Processed 100800000 records...
[samclip] Processed 100900000 records...
[samclip] Processed 101000000 records...
[samclip] Processed 101100000 records...
[samclip] Processed 101200000 records...
[samclip] Processed 101300000 records...
[samclip] Processed 101400000 records...
[samclip] Processed 101500000 records...
[samclip] Processed 101600000 records...
[samclip] Processed 101700000 records...
[samclip] Processed 101800000 records...
[samclip] Processed 101900000 records...
[samclip] Processed 102000000 records...
[samclip] Processed 102100000 records...
[samclip] Processed 102200000 records...
[samclip] Processed 102300000 records...
[samclip] Processed 102400000 records...
[samclip] Processed 102500000 records...
[samclip] Processed 102600000 records...
[samclip] Processed 102700000 records...
[samclip] Processed 102800000 records...
[samclip] Processed 102900000 records...
[samclip] Processed 103000000 records...
[samclip] Processed 103100000 records...
[samclip] Processed 103200000 records...
[samclip] Processed 103300000 records...
[samclip] Processed 103400000 records...
[samclip] Processed 103500000 records...
[samclip] Processed 103600000 records...
[samclip] Processed 103700000 records...
[samclip] Processed 103800000 records...
[samclip] Processed 103900000 records...
[samclip] Processed 104000000 records...
[samclip] Processed 104100000 records...
[samclip] Processed 104200000 records...
[samclip] Processed 104300000 records...
[samclip] Processed 104400000 records...
[samclip] Processed 104500000 records...
[samclip] Processed 104600000 records...
[samclip] Processed 104700000 records...
[samclip] Processed 104800000 records...
[samclip] Processed 104900000 records...
[samclip] Processed 105000000 records...
[samclip] Processed 105100000 records...
[samclip] Processed 105200000 records...
[samclip] Processed 105300000 records...
[samclip] Processed 105400000 records...
[samclip] Processed 105500000 records...
[samclip] Processed 105600000 records...
[samclip] Processed 105700000 records...
[samclip] Processed 105800000 records...
[samclip] Processed 105900000 records...
[samclip] Processed 106000000 records...
[samclip] Processed 106100000 records...
[samclip] Processed 106200000 records...
[samclip] Processed 106300000 records...
[samclip] Processed 106400000 records...
[samclip] Processed 106500000 records...
[samclip] Processed 106600000 records...
[samclip] Processed 106700000 records...
[samclip] Processed 106800000 records...
[samclip] Processed 106900000 records...
[samclip] Processed 107000000 records...
[samclip] Processed 107100000 records...
[samclip] Processed 107200000 records...
[samclip] Processed 107300000 records...
[samclip] Processed 107400000 records...
[samclip] Processed 107500000 records...
[samclip] Processed 107600000 records...
[samclip] Processed 107700000 records...
[samclip] Processed 107800000 records...
[samclip] Processed 107900000 records...
[samclip] Processed 108000000 records...
[samclip] Processed 108100000 records...
[samclip] Processed 108200000 records...
[samclip] Processed 108300000 records...
[samclip] Processed 108400000 records...
[samclip] Processed 108500000 records...
[samclip] Processed 108600000 records...
[samclip] Processed 108700000 records...
[samclip] Processed 108800000 records...
[samclip] Processed 108900000 records...
[samclip] Processed 109000000 records...
[samclip] Processed 109100000 records...
[samclip] Processed 109200000 records...
[samclip] Processed 109300000 records...
[samclip] Processed 109400000 records...
[samclip] Processed 109500000 records...
[samclip] Processed 109600000 records...
[samclip] Processed 109700000 records...
[samclip] Processed 109800000 records...
[samclip] Processed 109900000 records...
[samclip] Processed 110000000 records...
[samclip] Processed 110100000 records...
[samclip] Processed 110200000 records...
[samclip] Processed 110300000 records...
[samclip] Processed 110400000 records...
[samclip] Processed 110500000 records...
[samclip] Processed 110600000 records...
[samclip] Processed 110700000 records...
[samclip] Processed 110800000 records...
[samclip] Processed 110900000 records...
[samclip] Processed 111000000 records...
[samclip] Processed 111100000 records...
[samclip] Processed 111200000 records...
[samclip] Processed 111300000 records...
[samclip] Processed 111400000 records...
[samclip] Processed 111500000 records...
[samclip] Processed 111600000 records...
[samclip] Processed 111700000 records...
[samclip] Processed 111800000 records...
[samclip] Processed 111900000 records...
[samclip] Processed 112000000 records...
[samclip] Processed 112100000 records...
[samclip] Processed 112200000 records...
[samclip] Processed 112300000 records...
[samclip] Processed 112400000 records...
[samclip] Processed 112500000 records...
[samclip] Processed 112600000 records...
[samclip] Processed 112700000 records...
[samclip] Processed 112800000 records...
[samclip] Processed 112900000 records...
[samclip] Processed 113000000 records...
[samclip] Processed 113100000 records...
[samclip] Processed 113200000 records...
[samclip] Processed 113300000 records...
[samclip] Processed 113400000 records...
[samclip] Processed 113500000 records...
[samclip] Processed 113600000 records...
[samclip] Processed 113700000 records...
[samclip] Processed 113800000 records...
[samclip] Processed 113900000 records...
[samclip] Processed 114000000 records...
[samclip] Processed 114100000 records...
[samclip] Processed 114200000 records...
[samclip] Processed 114300000 records...
[samclip] Processed 114400000 records...
[samclip] Processed 114500000 records...
[samclip] Processed 114600000 records...
[samclip] Processed 114700000 records...
[samclip] Processed 114800000 records...
[samclip] Processed 114900000 records...
[samclip] Processed 115000000 records...
[samclip] Processed 115100000 records...
[samclip] Processed 115200000 records...
[samclip] Processed 115300000 records...
[samclip] Processed 115400000 records...
[samclip] Processed 115500000 records...
[samclip] Processed 115600000 records...
[samclip] Processed 115700000 records...
[samclip] Processed 115800000 records...
[samclip] Processed 115900000 records...
[samclip] Processed 116000000 records...
[samclip] Processed 116100000 records...
[samclip] Processed 116200000 records...
[samclip] Processed 116300000 records...
[samclip] Processed 116400000 records...
[samclip] Processed 116500000 records...
[samclip] Processed 116600000 records...
[samclip] Processed 116700000 records...
[samclip] Processed 116800000 records...
[samclip] Processed 116900000 records...
[samclip] Processed 117000000 records...
[samclip] Processed 117100000 records...
[samclip] Processed 117200000 records...
[samclip] Processed 117300000 records...
[samclip] Processed 117400000 records...
[samclip] Processed 117500000 records...
[samclip] Processed 117600000 records...
[samclip] Processed 117700000 records...
[samclip] Processed 117800000 records...
[samclip] Processed 117900000 records...
[samclip] Processed 118000000 records...
[samclip] Processed 118100000 records...
[samclip] Processed 118200000 records...
[samclip] Processed 118300000 records...
[samclip] Processed 118400000 records...
[samclip] Processed 118500000 records...
[samclip] Processed 118600000 records...
[samclip] Processed 118700000 records...
[samclip] Processed 118800000 records...
[samclip] Processed 118900000 records...
[samclip] Processed 119000000 records...
[samclip] Processed 119100000 records...
[samclip] Processed 119200000 records...
[samclip] Processed 119300000 records...
[samclip] Processed 119400000 records...
[samclip] Processed 119500000 records...
[samclip] Processed 119600000 records...
[samclip] Processed 119700000 records...
[samclip] Processed 119800000 records...
[samclip] Processed 119900000 records...
[samclip] Processed 120000000 records...
[samclip] Processed 120100000 records...
[samclip] Processed 120200000 records...
[samclip] Processed 120300000 records...
[samclip] Processed 120400000 records...
[samclip] Processed 120500000 records...
[samclip] Processed 120600000 records...
[samclip] Processed 120700000 records...
[samclip] Processed 120800000 records...
[samclip] Processed 120900000 records...
[samclip] Processed 121000000 records...
[samclip] Processed 121100000 records...
[samclip] Processed 121200000 records...
[samclip] Processed 121300000 records...
[samclip] Processed 121400000 records...
[samclip] Processed 121500000 records...
[samclip] Processed 121600000 records...
[samclip] Processed 121700000 records...
[samclip] Processed 121800000 records...
[samclip] Processed 121900000 records...
[samclip] Processed 122000000 records...
[samclip] Processed 122100000 records...
[samclip] Processed 122200000 records...
[samclip] Processed 122300000 records...
[samclip] Processed 122400000 records...
[samclip] Processed 122500000 records...
[samclip] Processed 122600000 records...
[samclip] Processed 122700000 records...
[samclip] Processed 122800000 records...
[samclip] Processed 122900000 records...
[samclip] Processed 123000000 records...
[samclip] Processed 123100000 records...
[samclip] Processed 123200000 records...
[samclip] Processed 123300000 records...
[samclip] Processed 123400000 records...
[samclip] Processed 123500000 records...
[samclip] Processed 123600000 records...
[samclip] Processed 123700000 records...
[samclip] Processed 123800000 records...
[samclip] Processed 123900000 records...
[samclip] Processed 124000000 records...
[samclip] Processed 124100000 records...
[samclip] Processed 124200000 records...
[samclip] Processed 124300000 records...
[samclip] Processed 124400000 records...
[samclip] Processed 124500000 records...
[samclip] Processed 124600000 records...
[samclip] Processed 124700000 records...
[samclip] Processed 124800000 records...
[samclip] Processed 124900000 records...
[samclip] Processed 125000000 records...
[samclip] Processed 125100000 records...
[samclip] Processed 125200000 records...
[samclip] Processed 125300000 records...
[samclip] Processed 125400000 records...
[samclip] Processed 125500000 records...
[samclip] Processed 125600000 records...
[samclip] Processed 125700000 records...
[samclip] Processed 125800000 records...
[samclip] Processed 125900000 records...
[samclip] Processed 126000000 records...
[samclip] Processed 126100000 records...
[samclip] Processed 126200000 records...
[samclip] Processed 126300000 records...
[samclip] Processed 126400000 records...
[samclip] Processed 126500000 records...
[samclip] Processed 126600000 records...
[samclip] Processed 126700000 records...
[samclip] Processed 126800000 records...
[samclip] Processed 126900000 records...
[samclip] Processed 127000000 records...
[samclip] Processed 127100000 records...
[samclip] Processed 127200000 records...
[samclip] Processed 127300000 records...
[samclip] Processed 127400000 records...
[samclip] Processed 127500000 records...
[samclip] Processed 127600000 records...
[samclip] Processed 127700000 records...
[samclip] Processed 127800000 records...
[samclip] Processed 127900000 records...
[samclip] Processed 128000000 records...
[samclip] Processed 128100000 records...
[samclip] Processed 128200000 records...
[samclip] Processed 128300000 records...
[samclip] Processed 128400000 records...
[samclip] Processed 128500000 records...
[samclip] Processed 128600000 records...
[samclip] Processed 128700000 records...
[samclip] Processed 128800000 records...
[samclip] Processed 128900000 records...
[samclip] Processed 129000000 records...
[samclip] Processed 129100000 records...
[samclip] Processed 129200000 records...
[samclip] Processed 129300000 records...
[samclip] Processed 129400000 records...
[samclip] Processed 129500000 records...
[samclip] Processed 129600000 records...
[samclip] Processed 129700000 records...
[samclip] Processed 129800000 records...
[samclip] Processed 129900000 records...
[samclip] Processed 130000000 records...
[samclip] Processed 130100000 records...
[samclip] Processed 130200000 records...
[samclip] Processed 130300000 records...
[samclip] Processed 130400000 records...
[samclip] Processed 130500000 records...
[samclip] Processed 130600000 records...
[samclip] Processed 130700000 records...
[samclip] Processed 130800000 records...
[samclip] Processed 130900000 records...
[samclip] Processed 131000000 records...
[samclip] Processed 131100000 records...
[samclip] Processed 131200000 records...
[samclip] Processed 131300000 records...
[samclip] Processed 131400000 records...
[samclip] Processed 131500000 records...
[samclip] Processed 131600000 records...
[samclip] Processed 131700000 records...
[samclip] Processed 131800000 records...
[samclip] Processed 131900000 records...
[samclip] Processed 132000000 records...
[samclip] Processed 132100000 records...
[samclip] Processed 132200000 records...
[samclip] Processed 132300000 records...
[samclip] Processed 132400000 records...
[samclip] Processed 132500000 records...
[samclip] Processed 132600000 records...
[samclip] Processed 132700000 records...
[samclip] Processed 132800000 records...
[samclip] Processed 132900000 records...
[samclip] Processed 133000000 records...
[samclip] Processed 133100000 records...
[samclip] Processed 133200000 records...
[samclip] Processed 133300000 records...
[samclip] Processed 133400000 records...
[samclip] Processed 133500000 records...
[samclip] Processed 133600000 records...
[samclip] Processed 133700000 records...
[samclip] Processed 133800000 records...
[samclip] Processed 133900000 records...
[samclip] Processed 134000000 records...
[samclip] Processed 134100000 records...
[samclip] Processed 134200000 records...
[samclip] Processed 134300000 records...
[samclip] Processed 134400000 records...
[samclip] Processed 134500000 records...
[samclip] Processed 134600000 records...
[samclip] Processed 134700000 records...
[samclip] Processed 134800000 records...
[samclip] Processed 134900000 records...
[samclip] Processed 135000000 records...
[samclip] Processed 135100000 records...
[samclip] Processed 135200000 records...
[samclip] Processed 135300000 records...
[samclip] Processed 135400000 records...
[samclip] Processed 135500000 records...
[samclip] Processed 135600000 records...
[samclip] Processed 135700000 records...
[samclip] Processed 135800000 records...
[samclip] Processed 135900000 records...
[samclip] Processed 136000000 records...
[samclip] Processed 136100000 records...
[samclip] Processed 136200000 records...
[samclip] Processed 136300000 records...
[samclip] Processed 136400000 records...
[samclip] Processed 136500000 records...
[samclip] Processed 136600000 records...
[samclip] Processed 136700000 records...
[samclip] Processed 136800000 records...
[samclip] Processed 136900000 records...
[samclip] Processed 137000000 records...
[samclip] Processed 137100000 records...
[samclip] Processed 137200000 records...
[samclip] Processed 137300000 records...
[samclip] Processed 137400000 records...
[samclip] Processed 137500000 records...
[samclip] Processed 137600000 records...
[samclip] Processed 137700000 records...
[samclip] Processed 137800000 records...
[samclip] Processed 137900000 records...
[samclip] Processed 138000000 records...
[samclip] Processed 138100000 records...
[samclip] Processed 138200000 records...
[samclip] Processed 138300000 records...
[samclip] Processed 138400000 records...
[samclip] Processed 138500000 records...
[samclip] Processed 138600000 records...
[samclip] Processed 138700000 records...
[samclip] Processed 138800000 records...
[samclip] Processed 138900000 records...
[samclip] Processed 139000000 records...
[samclip] Processed 139100000 records...
[samclip] Processed 139200000 records...
[samclip] Processed 139300000 records...
[samclip] Processed 139400000 records...
[samclip] Processed 139500000 records...
[samclip] Processed 139600000 records...
[samclip] Processed 139700000 records...
[samclip] Processed 139800000 records...
[samclip] Processed 139900000 records...
[samclip] Processed 140000000 records...
[samclip] Processed 140100000 records...
[samclip] Processed 140200000 records...
[samclip] Processed 140300000 records...
[samclip] Processed 140400000 records...
[samclip] Processed 140500000 records...
[samclip] Processed 140600000 records...
[samclip] Processed 140700000 records...
[samclip] Processed 140800000 records...
[samclip] Processed 140900000 records...
[samclip] Processed 141000000 records...
[samclip] Processed 141100000 records...
[samclip] Processed 141200000 records...
[samclip] Processed 141300000 records...
[samclip] Processed 141400000 records...
[samclip] Processed 141500000 records...
[samclip] Processed 141600000 records...
[samclip] Processed 141700000 records...
[samclip] Processed 141800000 records...
[samclip] Processed 141900000 records...
[samclip] Processed 142000000 records...
[samclip] Processed 142100000 records...
[samclip] Processed 142200000 records...
[samclip] Processed 142300000 records...
[samclip] Processed 142400000 records...
[samclip] Processed 142500000 records...
[samclip] Processed 142600000 records...
[samclip] Processed 142700000 records...
[samclip] Processed 142800000 records...
[samclip] Processed 142900000 records...
[samclip] Processed 143000000 records...
[samclip] Processed 143100000 records...
[samclip] Processed 143200000 records...
[samclip] Processed 143300000 records...
[samclip] Processed 143400000 records...
[samclip] Processed 143500000 records...
[samclip] Processed 143600000 records...
[samclip] Processed 143700000 records...
[samclip] Processed 143800000 records...
[samclip] Processed 143900000 records...
[samclip] Processed 144000000 records...
[samclip] Processed 144100000 records...
[samclip] Processed 144200000 records...
[samclip] Processed 144300000 records...
[samclip] Processed 144400000 records...
[samclip] Processed 144500000 records...
[samclip] Processed 144600000 records...
[samclip] Processed 144700000 records...
[samclip] Processed 144800000 records...
[samclip] Processed 144900000 records...
[samclip] Processed 145000000 records...
[samclip] Processed 145100000 records...
[samclip] Processed 145200000 records...
[samclip] Processed 145300000 records...
[samclip] Processed 145400000 records...
[samclip] Processed 145500000 records...
[samclip] Processed 145600000 records...
[samclip] Processed 145700000 records...
[samclip] Processed 145800000 records...
[samclip] Processed 145900000 records...
[samclip] Processed 146000000 records...
[samclip] Processed 146100000 records...
[samclip] Processed 146200000 records...
[samclip] Processed 146300000 records...
[samclip] Processed 146400000 records...
[samclip] Processed 146500000 records...
[samclip] Processed 146600000 records...
[samclip] Processed 146700000 records...
[samclip] Processed 146800000 records...
[samclip] Processed 146900000 records...
[samclip] Processed 147000000 records...
[samclip] Processed 147100000 records...
[samclip] Processed 147200000 records...
[samclip] Processed 147300000 records...
[samclip] Processed 147400000 records...
[samclip] Processed 147500000 records...
[samclip] Processed 147600000 records...
[samclip] Processed 147700000 records...
[samclip] Processed 147800000 records...
[samclip] Processed 147900000 records...
[samclip] Processed 148000000 records...
[samclip] Processed 148100000 records...
[samclip] Processed 148200000 records...
[samclip] Processed 148300000 records...
[samclip] Processed 148400000 records...
[samclip] Processed 148500000 records...
[samclip] Processed 148600000 records...
[samclip] Processed 148700000 records...
[samclip] Processed 148800000 records...
[samclip] Processed 148900000 records...
[samclip] Processed 149000000 records...
[samclip] Processed 149100000 records...
[samclip] Processed 149200000 records...
[samclip] Processed 149300000 records...
[samclip] Processed 149400000 records...
[samclip] Processed 149500000 records...
[samclip] Processed 149600000 records...
[samclip] Processed 149700000 records...
[samclip] Processed 149800000 records...
[samclip] Processed 149900000 records...
[samclip] Processed 150000000 records...
[samclip] Processed 150100000 records...
[samclip] Processed 150200000 records...
[samclip] Processed 150300000 records...
[samclip] Processed 150400000 records...
[samclip] Processed 150500000 records...
[samclip] Processed 150600000 records...
[samclip] Processed 150700000 records...
[samclip] Processed 150800000 records...
[samclip] Processed 150900000 records...
[samclip] Processed 151000000 records...
[samclip] Processed 151100000 records...
[samclip] Processed 151200000 records...
[samclip] Processed 151300000 records...
[samclip] Processed 151400000 records...
[samclip] Processed 151500000 records...
[samclip] Processed 151600000 records...
[samclip] Processed 151700000 records...
[samclip] Processed 151800000 records...
[samclip] Processed 151900000 records...
[samclip] Processed 152000000 records...
[samclip] Processed 152100000 records...
[samclip] Processed 152200000 records...
[samclip] Processed 152300000 records...
[samclip] Processed 152400000 records...
[samclip] Processed 152500000 records...
[samclip] Processed 152600000 records...
[samclip] Processed 152700000 records...
[samclip] Processed 152800000 records...
[samclip] Processed 152900000 records...
[samclip] Processed 153000000 records...
[samclip] Processed 153100000 records...
[samclip] Processed 153200000 records...
[samclip] Processed 153300000 records...
[samclip] Processed 153400000 records...
[samclip] Processed 153500000 records...
[samclip] Processed 153600000 records...
[samclip] Processed 153700000 records...
[samclip] Processed 153800000 records...
[samclip] Processed 153900000 records...
[samclip] Processed 154000000 records...
[samclip] Processed 154100000 records...
[samclip] Processed 154200000 records...
[samclip] Processed 154300000 records...
[samclip] Processed 154400000 records...
[samclip] Processed 154500000 records...
[samclip] Processed 154600000 records...
[samclip] Processed 154700000 records...
[samclip] Processed 154800000 records...
[samclip] Processed 154900000 records...
[samclip] Processed 155000000 records...
[samclip] Processed 155100000 records...
[samclip] Processed 155200000 records...
[samclip] Processed 155300000 records...
[samclip] Processed 155400000 records...
[samclip] Processed 155500000 records...
[samclip] Processed 155600000 records...
[samclip] Processed 155700000 records...
[samclip] Processed 155800000 records...
[samclip] Processed 155900000 records...
[samclip] Processed 156000000 records...
[samclip] Processed 156100000 records...
[samclip] Processed 156200000 records...
[samclip] Processed 156300000 records...
[samclip] Processed 156400000 records...
[samclip] Processed 156500000 records...
[samclip] Processed 156600000 records...
[samclip] Processed 156700000 records...
[samclip] Processed 156800000 records...
[samclip] Processed 156900000 records...
[samclip] Processed 157000000 records...
[samclip] Processed 157100000 records...
[samclip] Processed 157200000 records...
[samclip] Processed 157300000 records...
[samclip] Processed 157400000 records...
[samclip] Processed 157500000 records...
[samclip] Processed 157600000 records...
[samclip] Processed 157700000 records...
[samclip] Processed 157800000 records...
[samclip] Processed 157900000 records...
[samclip] Processed 158000000 records...
[samclip] Processed 158100000 records...
[samclip] Processed 158200000 records...
[samclip] Processed 158300000 records...
[samclip] Processed 158400000 records...
[samclip] Processed 158500000 records...
[samclip] Processed 158600000 records...
[samclip] Processed 158700000 records...
[samclip] Processed 158800000 records...
[samclip] Processed 158900000 records...
[samclip] Processed 159000000 records...
[samclip] Processed 159100000 records...
[samclip] Processed 159200000 records...
[samclip] Processed 159300000 records...
[samclip] Processed 159400000 records...
[samclip] Processed 159500000 records...
[samclip] Processed 159600000 records...
[samclip] Processed 159700000 records...
[samclip] Processed 159800000 records...
[samclip] Processed 159900000 records...
[samclip] Processed 160000000 records...
[samclip] Processed 160100000 records...
[samclip] Processed 160200000 records...
[samclip] Processed 160300000 records...
[samclip] Processed 160400000 records...
[samclip] Processed 160500000 records...
[samclip] Processed 160600000 records...
[samclip] Processed 160700000 records...
[samclip] Processed 160800000 records...
[samclip] Processed 160900000 records...
[samclip] Processed 161000000 records...
[samclip] Processed 161100000 records...
[samclip] Processed 161200000 records...
[samclip] Processed 161300000 records...
[samclip] Processed 161400000 records...
[samclip] Processed 161500000 records...
[samclip] Processed 161600000 records...
[samclip] Processed 161700000 records...
[samclip] Processed 161800000 records...
[samclip] Processed 161900000 records...
[samclip] Processed 162000000 records...
[samclip] Processed 162100000 records...
[samclip] Processed 162200000 records...
[samclip] Processed 162300000 records...
[samclip] Processed 162400000 records...
[samclip] Processed 162500000 records...
[samclip] Processed 162600000 records...
[samclip] Processed 162700000 records...
[samclip] Processed 162800000 records...
[samclip] Processed 162900000 records...
[samclip] Processed 163000000 records...
[samclip] Processed 163100000 records...
[samclip] Processed 163200000 records...
[samclip] Processed 163300000 records...
[samclip] Processed 163400000 records...
[samclip] Processed 163500000 records...
[samclip] Processed 163600000 records...
[samclip] Processed 163700000 records...
[samclip] Processed 163800000 records...
[samclip] Processed 163900000 records...
[samclip] Processed 164000000 records...
[samclip] Processed 164100000 records...
[samclip] Processed 164200000 records...
[samclip] Processed 164300000 records...
[samclip] Processed 164400000 records...
[samclip] Processed 164500000 records...
[samclip] Processed 164600000 records...
[samclip] Processed 164700000 records...
[samclip] Processed 164800000 records...
[samclip] Processed 164900000 records...
[samclip] Processed 165000000 records...
[samclip] Processed 165100000 records...
[samclip] Processed 165200000 records...
[samclip] Processed 165300000 records...
[samclip] Processed 165400000 records...
[samclip] Processed 165500000 records...
[samclip] Processed 165600000 records...
[samclip] Processed 165700000 records...
[samclip] Processed 165800000 records...
[samclip] Processed 165900000 records...
[samclip] Processed 166000000 records...
[samclip] Processed 166100000 records...
[samclip] Processed 166200000 records...
[samclip] Processed 166300000 records...
[samclip] Processed 166400000 records...
[samclip] Processed 166500000 records...
[samclip] Processed 166600000 records...
[samclip] Processed 166700000 records...
[samclip] Processed 166800000 records...
[samclip] Processed 166900000 records...
[samclip] Processed 167000000 records...
[samclip] Processed 167100000 records...
[samclip] Processed 167200000 records...
[samclip] Processed 167300000 records...
[samclip] Processed 167400000 records...
[samclip] Processed 167500000 records...
[samclip] Processed 167600000 records...
[samclip] Processed 167700000 records...
[samclip] Processed 167800000 records...
[samclip] Processed 167900000 records...
[samclip] Processed 168000000 records...
[samclip] Processed 168100000 records...
[samclip] Processed 168200000 records...
[samclip] Total SAM records 168275028, removed 126428, allowed 1743, passed 168148600
[samclip] Header contained 7 lines
[samclip] Done.
[bam_sort_core] merging from 7 files and 7 in-memory blocks...
[W::bgzf_read_block] EOF marker is absent. The input is probably truncated
[09:14:06] Error running command, check /work/FAC/FBM/DMF/smitri/evomicrocomm/genome_size/data/T33.4.1/ms/snippy/snps.log
[Mon Oct 18 09:14:06 2021]
Error in rule snippy:
    jobid: 0
    output: /work/FAC/FBM/DMF/smitri/evomicrocomm/genome_size/data/T33.4.1/ms/snippy/snps.tab
    shell:
        
        snippy --cpus 16 --force --ram 64 --minfrac 0.8 --cleanup --outdir         /work/FAC/FBM/DMF/smitri/evomicrocomm/genome_size/data/T33.4.1/ms/snippy --reference /work/FAC/FBM/DMF/smitri/evomicrocomm/genome_size/data/ms/reference.gbk --bam /work/FAC/FBM/DMF/smitri/evomicrocomm/genome_size/data/T33.4.1/ms/mapped_reads.sorted.bam
        
        (one of the commands exited with non-zero exit code; note that snakemake uses bash strict mode!)

Shutting down, this might take some time.
Exiting because a job execution failed. Look above for error message
slurmstepd: error: Detected 3 oom-kill event(s) in StepId=2847910.batch cgroup. Some of your processes may have been killed by the cgroup out-of-memory handler.
