Building DAG of jobs...
Using shell: /usr/bin/bash
Provided cores: 16
Rules claiming more threads will be scaled down.
Select jobs to execute...

[Sun Oct 17 22:37:37 2021]
rule mapping:
    input: /work/FAC/FBM/DMF/smitri/evomicrocomm/genome_size/data/ms/reference.fasta, /work/FAC/FBM/DMF/smitri/evomicrocomm/genome_size/data/T11.4.4/read1.fq.gz, /work/FAC/FBM/DMF/smitri/evomicrocomm/genome_size/data/T11.4.4/read2.fq.gz
    output: /work/FAC/FBM/DMF/smitri/evomicrocomm/genome_size/data/T11.4.4/ms/mapped_reads.sorted.bam
    jobid: 0
    wildcards: sample=T11.4.4, strain=ms
    threads: 16
    resources: mem_mb=28638, disk_mb=28638, tmpdir=/tmp/2846065

[M::mm_idx_gen::0.098*0.89] collected minimizers
[M::mm_idx_gen::0.119*1.99] sorted minimizers
[M::main::0.120*1.99] loaded/built the index for 1 target sequence(s)
[M::mm_mapopt_update::0.120*1.99] mid_occ = 1000
[M::mm_idx_stat] kmer size: 21; skip: 11; is_hpc: 0; #seq: 1
[M::mm_idx_stat::0.127*1.93] distinct minimizers: 620509 (99.65% are singletons); average occurrences: 1.004; average spacing: 5.998; total length: 3737398
[M::worker_pipeline::1.452*2.06] mapped 333186 sequences
[M::worker_pipeline::2.277*2.45] mapped 333060 sequences
[M::worker_pipeline::3.013*2.70] mapped 333010 sequences
[M::worker_pipeline::3.721*2.88] mapped 332896 sequences
[M::worker_pipeline::4.436*3.01] mapped 332940 sequences
[M::worker_pipeline::5.034*3.12] mapped 332912 sequences
[M::worker_pipeline::5.681*3.21] mapped 332878 sequences
[M::worker_pipeline::6.319*3.29] mapped 332782 sequences
[M::worker_pipeline::7.029*3.30] mapped 332842 sequences
[M::worker_pipeline::7.728*3.33] mapped 332814 sequences
[M::worker_pipeline::8.361*3.36] mapped 332768 sequences
[M::worker_pipeline::9.009*3.39] mapped 332702 sequences
[M::worker_pipeline::9.548*3.45] mapped 332700 sequences
[M::worker_pipeline::10.255*3.45] mapped 332690 sequences
[M::worker_pipeline::10.885*3.47] mapped 332640 sequences
[M::worker_pipeline::11.421*3.50] mapped 332720 sequences
[M::worker_pipeline::12.126*3.50] mapped 332724 sequences
[M::worker_pipeline::12.839*3.52] mapped 332668 sequences
[M::worker_pipeline::13.372*3.55] mapped 332634 sequences
[M::worker_pipeline::14.122*3.53] mapped 332734 sequences
[M::worker_pipeline::14.767*3.55] mapped 332686 sequences
[M::worker_pipeline::15.463*3.54] mapped 332698 sequences
[M::worker_pipeline::16.200*3.53] mapped 332886 sequences
[M::worker_pipeline::16.861*3.54] mapped 332872 sequences
[M::worker_pipeline::17.504*3.55] mapped 332948 sequences
[M::worker_pipeline::18.017*3.58] mapped 333056 sequences
[M::worker_pipeline::18.723*3.57] mapped 333012 sequences
[M::worker_pipeline::19.259*3.60] mapped 333018 sequences
[M::worker_pipeline::19.858*3.61] mapped 333016 sequences
[M::worker_pipeline::20.546*3.61] mapped 332846 sequences
[M::worker_pipeline::21.137*3.61] mapped 332816 sequences
[M::worker_pipeline::21.820*3.61] mapped 332792 sequences
[M::worker_pipeline::22.483*3.61] mapped 332756 sequences
[M::worker_pipeline::23.042*3.63] mapped 332674 sequences
[M::worker_pipeline::23.697*3.63] mapped 332680 sequences
[M::worker_pipeline::24.362*3.63] mapped 332740 sequences
[M::worker_pipeline::24.911*3.65] mapped 332778 sequences
[M::worker_pipeline::25.534*3.66] mapped 332750 sequences
[M::worker_pipeline::26.200*3.66] mapped 332756 sequences
[M::worker_pipeline::26.770*3.68] mapped 332820 sequences
[M::worker_pipeline::27.530*3.66] mapped 333210 sequences
[M::worker_pipeline::28.200*3.66] mapped 332974 sequences
[M::worker_pipeline::28.821*3.67] mapped 332788 sequences
[M::worker_pipeline::29.572*3.67] mapped 332752 sequences
[M::worker_pipeline::30.119*3.67] mapped 332762 sequences
[M::worker_pipeline::30.674*3.69] mapped 332672 sequences
[M::worker_pipeline::31.362*3.68] mapped 332688 sequences
[M::worker_pipeline::32.223*3.67] mapped 332720 sequences
[M::worker_pipeline::32.731*3.68] mapped 332736 sequences
[M::worker_pipeline::33.367*3.68] mapped 332684 sequences
[M::worker_pipeline::34.093*3.67] mapped 332618 sequences
[M::worker_pipeline::34.712*3.68] mapped 332638 sequences
[M::worker_pipeline::35.374*3.68] mapped 332670 sequences
[M::worker_pipeline::36.071*3.68] mapped 332706 sequences
[M::worker_pipeline::36.632*3.68] mapped 332772 sequences
[M::worker_pipeline::37.322*3.68] mapped 332714 sequences
[M::worker_pipeline::37.984*3.68] mapped 332712 sequences
[M::worker_pipeline::38.640*3.68] mapped 332738 sequences
[M::worker_pipeline::39.345*3.68] mapped 332910 sequences
[M::worker_pipeline::39.978*3.68] mapped 332830 sequences
[M::worker_pipeline::40.654*3.68] mapped 332856 sequences
[M::worker_pipeline::41.507*3.66] mapped 332924 sequences
[M::worker_pipeline::42.163*3.67] mapped 332882 sequences
[M::worker_pipeline::42.790*3.67] mapped 332868 sequences
[M::worker_pipeline::43.532*3.66] mapped 332820 sequences
[M::worker_pipeline::44.156*3.67] mapped 332760 sequences
[M::worker_pipeline::44.779*3.67] mapped 332754 sequences
[M::worker_pipeline::45.543*3.67] mapped 332782 sequences
[M::worker_pipeline::46.159*3.67] mapped 332830 sequences
[M::worker_pipeline::46.794*3.67] mapped 332934 sequences
[M::worker_pipeline::47.513*3.67] mapped 332948 sequences
[M::worker_pipeline::48.302*3.66] mapped 333008 sequences
[M::worker_pipeline::48.786*3.67] mapped 332974 sequences
[M::worker_pipeline::49.535*3.67] mapped 333112 sequences
[M::worker_pipeline::50.226*3.67] mapped 333182 sequences
[M::worker_pipeline::50.745*3.68] mapped 333282 sequences
[M::worker_pipeline::51.428*3.68] mapped 333560 sequences
[M::worker_pipeline::52.127*3.68] mapped 333236 sequences
[M::worker_pipeline::52.828*3.68] mapped 333456 sequences
[M::worker_pipeline::53.488*3.68] mapped 333368 sequences
[M::worker_pipeline::54.211*3.68] mapped 333438 sequences
[M::worker_pipeline::54.948*3.67] mapped 333458 sequences
[M::worker_pipeline::55.497*3.68] mapped 333286 sequences
[M::worker_pipeline::56.232*3.67] mapped 332758 sequences
[M::worker_pipeline::56.869*3.68] mapped 332730 sequences
[M::worker_pipeline::57.459*3.68] mapped 332710 sequences
[M::worker_pipeline::58.198*3.67] mapped 332584 sequences
[M::worker_pipeline::58.791*3.68] mapped 332546 sequences
[M::worker_pipeline::59.439*3.68] mapped 332548 sequences
[M::worker_pipeline::60.094*3.68] mapped 332498 sequences
[M::worker_pipeline::60.734*3.68] mapped 332480 sequences
[M::worker_pipeline::61.396*3.68] mapped 332504 sequences
[M::worker_pipeline::62.115*3.68] mapped 332404 sequences
[M::worker_pipeline::62.675*3.68] mapped 332408 sequences
[M::worker_pipeline::63.364*3.68] mapped 332416 sequences
[M::worker_pipeline::64.069*3.68] mapped 332432 sequences
[M::worker_pipeline::64.650*3.69] mapped 332416 sequences
[M::worker_pipeline::65.268*3.69] mapped 332400 sequences
[M::worker_pipeline::65.912*3.69] mapped 332436 sequences
[M::worker_pipeline::66.634*3.69] mapped 332426 sequences
[M::worker_pipeline::67.416*3.68] mapped 332380 sequences
[M::worker_pipeline::67.891*3.69] mapped 332402 sequences
[M::worker_pipeline::68.591*3.69] mapped 332384 sequences
[M::worker_pipeline::69.281*3.69] mapped 332400 sequences
[M::worker_pipeline::69.958*3.69] mapped 332348 sequences
[M::worker_pipeline::78.709*3.36] mapped 332472 sequences
[M::worker_pipeline::78.918*3.36] mapped 332526 sequences
[M::worker_pipeline::79.146*3.35] mapped 332594 sequences
[M::worker_pipeline::79.632*3.36] mapped 332700 sequences
[M::worker_pipeline::80.479*3.35] mapped 332674 sequences
[M::worker_pipeline::81.152*3.35] mapped 332836 sequences
[M::worker_pipeline::81.691*3.36] mapped 332838 sequences
[M::worker_pipeline::82.372*3.36] mapped 332728 sequences
[M::worker_pipeline::82.968*3.36] mapped 332576 sequences
[M::worker_pipeline::83.765*3.36] mapped 332616 sequences
[M::worker_pipeline::84.357*3.37] mapped 332580 sequences
[M::worker_pipeline::84.968*3.37] mapped 332504 sequences
[M::worker_pipeline::85.695*3.37] mapped 332452 sequences
[M::worker_pipeline::86.405*3.37] mapped 332578 sequences
[M::worker_pipeline::87.049*3.38] mapped 332468 sequences
[M::worker_pipeline::87.681*3.38] mapped 332516 sequences
[M::worker_pipeline::88.391*3.38] mapped 332424 sequences
[M::worker_pipeline::89.204*3.37] mapped 332538 sequences
[M::worker_pipeline::90.124*3.37] mapped 332558 sequences
[M::worker_pipeline::91.054*3.36] mapped 332798 sequences
[M::worker_pipeline::91.947*3.35] mapped 332888 sequences
[M::worker_pipeline::92.596*3.35] mapped 332704 sequences
[M::worker_pipeline::93.400*3.35] mapped 332494 sequences
[M::worker_pipeline::93.899*3.36] mapped 332516 sequences
[M::worker_pipeline::94.506*3.36] mapped 332466 sequences
[M::worker_pipeline::95.248*3.36] mapped 332428 sequences
[M::worker_pipeline::95.789*3.36] mapped 332368 sequences
[M::worker_pipeline::96.401*3.37] mapped 332376 sequences
[M::worker_pipeline::97.092*3.37] mapped 332352 sequences
[M::worker_pipeline::97.681*3.37] mapped 332400 sequences
[M::worker_pipeline::98.334*3.38] mapped 332470 sequences
[M::worker_pipeline::99.087*3.38] mapped 332450 sequences
[M::worker_pipeline::99.634*3.38] mapped 332418 sequences
[M::worker_pipeline::100.258*3.38] mapped 332414 sequences
[M::worker_pipeline::101.033*3.38] mapped 332450 sequences
[M::worker_pipeline::101.633*3.39] mapped 332410 sequences
[M::worker_pipeline::102.361*3.39] mapped 332370 sequences
[M::worker_pipeline::102.951*3.39] mapped 332290 sequences
[M::worker_pipeline::103.587*3.39] mapped 332280 sequences
[M::worker_pipeline::104.251*3.40] mapped 332406 sequences
[M::worker_pipeline::104.861*3.40] mapped 332394 sequences
[M::worker_pipeline::105.690*3.40] mapped 332430 sequences
[M::worker_pipeline::106.185*3.40] mapped 332330 sequences
[M::worker_pipeline::106.883*3.40] mapped 332356 sequences
[M::worker_pipeline::107.536*3.40] mapped 332348 sequences
[M::worker_pipeline::108.294*3.40] mapped 332270 sequences
[M::worker_pipeline::108.927*3.40] mapped 332298 sequences
[M::worker_pipeline::109.597*3.40] mapped 332348 sequences
[M::worker_pipeline::110.315*3.40] mapped 332356 sequences
[M::worker_pipeline::110.994*3.40] mapped 332358 sequences
[M::worker_pipeline::111.601*3.40] mapped 332326 sequences
[M::worker_pipeline::112.295*3.40] mapped 332404 sequences
[M::worker_pipeline::113.034*3.40] mapped 332440 sequences
[M::worker_pipeline::113.632*3.41] mapped 332496 sequences
[M::worker_pipeline::114.311*3.41] mapped 332480 sequences
[M::worker_pipeline::114.949*3.41] mapped 332438 sequences
[M::worker_pipeline::115.574*3.41] mapped 332408 sequences
[M::worker_pipeline::116.233*3.41] mapped 332468 sequences
[M::worker_pipeline::116.921*3.42] mapped 332454 sequences
[M::worker_pipeline::117.558*3.42] mapped 332426 sequences
[M::worker_pipeline::118.153*3.42] mapped 332442 sequences
[M::worker_pipeline::118.784*3.43] mapped 332514 sequences
[M::worker_pipeline::119.480*3.43] mapped 332524 sequences
[M::worker_pipeline::120.164*3.43] mapped 332726 sequences
[M::worker_pipeline::120.867*3.43] mapped 332714 sequences
[M::worker_pipeline::121.521*3.43] mapped 332668 sequences
[M::worker_pipeline::122.135*3.43] mapped 332560 sequences
[M::worker_pipeline::122.796*3.43] mapped 332554 sequences
[M::worker_pipeline::123.504*3.43] mapped 332526 sequences
[M::worker_pipeline::124.100*3.43] mapped 332524 sequences
[M::worker_pipeline::124.814*3.44] mapped 332496 sequences
[M::worker_pipeline::125.419*3.44] mapped 332480 sequences
[M::worker_pipeline::126.063*3.44] mapped 332484 sequences
[M::worker_pipeline::126.627*3.44] mapped 332530 sequences
[M::worker_pipeline::127.258*3.44] mapped 332520 sequences
[M::worker_pipeline::127.916*3.44] mapped 332462 sequences
[M::worker_pipeline::128.504*3.45] mapped 332392 sequences
[M::worker_pipeline::129.128*3.45] mapped 332420 sequences
[M::worker_pipeline::129.764*3.45] mapped 332430 sequences
[M::worker_pipeline::130.435*3.45] mapped 332398 sequences
[M::worker_pipeline::131.026*3.45] mapped 332358 sequences
[M::worker_pipeline::131.691*3.45] mapped 332362 sequences
[M::worker_pipeline::132.356*3.46] mapped 332376 sequences
[M::worker_pipeline::133.029*3.46] mapped 332334 sequences
[M::worker_pipeline::133.697*3.46] mapped 332378 sequences
[M::worker_pipeline::134.424*3.46] mapped 332362 sequences
[M::worker_pipeline::135.060*3.46] mapped 332442 sequences
[M::worker_pipeline::135.675*3.46] mapped 332508 sequences
[M::worker_pipeline::136.329*3.46] mapped 332456 sequences
[M::worker_pipeline::137.053*3.46] mapped 332464 sequences
[M::worker_pipeline::137.881*3.46] mapped 332540 sequences
[M::worker_pipeline::138.410*3.46] mapped 332500 sequences
[M::worker_pipeline::139.044*3.46] mapped 332508 sequences
[M::worker_pipeline::139.707*3.46] mapped 332576 sequences
[M::worker_pipeline::140.317*3.46] mapped 332390 sequences
[M::worker_pipeline::141.002*3.46] mapped 332446 sequences
[M::worker_pipeline::141.560*3.47] mapped 332392 sequences
[M::worker_pipeline::142.234*3.47] mapped 332340 sequences
[M::worker_pipeline::142.883*3.47] mapped 332360 sequences
[M::worker_pipeline::143.503*3.47] mapped 332332 sequences
[M::worker_pipeline::144.160*3.47] mapped 332328 sequences
[M::worker_pipeline::144.817*3.47] mapped 332382 sequences
[M::worker_pipeline::145.423*3.47] mapped 332474 sequences
[M::worker_pipeline::146.127*3.47] mapped 332400 sequences
[M::worker_pipeline::146.820*3.47] mapped 332518 sequences
[M::worker_pipeline::147.443*3.47] mapped 332736 sequences
[M::worker_pipeline::156.025*3.32] mapped 332526 sequences
[M::worker_pipeline::156.215*3.32] mapped 332456 sequences
[M::worker_pipeline::156.398*3.32] mapped 332478 sequences
[M::worker_pipeline::157.068*3.32] mapped 332376 sequences
[M::worker_pipeline::157.891*3.32] mapped 332426 sequences
[M::worker_pipeline::158.828*3.31] mapped 332576 sequences
[M::worker_pipeline::159.483*3.31] mapped 332640 sequences
[M::worker_pipeline::160.114*3.32] mapped 332426 sequences
[M::worker_pipeline::160.863*3.32] mapped 332360 sequences
[M::worker_pipeline::161.491*3.32] mapped 332316 sequences
[M::worker_pipeline::162.160*3.32] mapped 332430 sequences
[M::worker_pipeline::162.750*3.32] mapped 332422 sequences
[M::worker_pipeline::163.464*3.32] mapped 332420 sequences
[M::worker_pipeline::164.102*3.32] mapped 332402 sequences
[M::worker_pipeline::164.710*3.32] mapped 332332 sequences
[M::worker_pipeline::165.414*3.32] mapped 332334 sequences
[M::worker_pipeline::166.157*3.32] mapped 332326 sequences
[M::worker_pipeline::166.805*3.32] mapped 332382 sequences
[M::worker_pipeline::167.463*3.32] mapped 332398 sequences
[M::worker_pipeline::168.132*3.32] mapped 332460 sequences
[M::worker_pipeline::168.779*3.32] mapped 332408 sequences
[M::worker_pipeline::169.478*3.32] mapped 332414 sequences
[M::worker_pipeline::170.129*3.33] mapped 332394 sequences
[M::worker_pipeline::170.762*3.33] mapped 332372 sequences
[M::worker_pipeline::171.476*3.33] mapped 332392 sequences
[M::worker_pipeline::172.107*3.33] mapped 332362 sequences
[M::worker_pipeline::172.742*3.33] mapped 332402 sequences
[M::worker_pipeline::173.373*3.33] mapped 332366 sequences
[M::worker_pipeline::173.937*3.34] mapped 332426 sequences
[M::worker_pipeline::174.611*3.34] mapped 332522 sequences
[M::worker_pipeline::175.310*3.34] mapped 332498 sequences
[M::worker_pipeline::175.915*3.34] mapped 332520 sequences
[M::worker_pipeline::176.587*3.34] mapped 332592 sequences
[M::worker_pipeline::177.321*3.34] mapped 332488 sequences
[M::worker_pipeline::177.855*3.34] mapped 332546 sequences
[M::worker_pipeline::178.566*3.34] mapped 332580 sequences
[M::worker_pipeline::179.301*3.34] mapped 332650 sequences
[M::worker_pipeline::179.921*3.34] mapped 332714 sequences
[M::worker_pipeline::180.616*3.34] mapped 332676 sequences
[M::worker_pipeline::181.311*3.34] mapped 332648 sequences
[M::worker_pipeline::181.914*3.35] mapped 332676 sequences
[M::worker_pipeline::182.587*3.35] mapped 332644 sequences
[M::worker_pipeline::183.316*3.35] mapped 332778 sequences
[M::worker_pipeline::183.962*3.35] mapped 333064 sequences
[M::worker_pipeline::184.642*3.35] mapped 332976 sequences
[M::worker_pipeline::185.280*3.35] mapped 332878 sequences
[M::worker_pipeline::185.928*3.35] mapped 332938 sequences
[M::worker_pipeline::186.573*3.35] mapped 332872 sequences
[M::worker_pipeline::187.241*3.35] mapped 332856 sequences
[M::worker_pipeline::187.907*3.35] mapped 332808 sequences
[M::worker_pipeline::188.611*3.35] mapped 332790 sequences
[M::worker_pipeline::189.278*3.35] mapped 332646 sequences
[M::worker_pipeline::189.946*3.35] mapped 332652 sequences
[M::worker_pipeline::190.612*3.35] mapped 332656 sequences
[M::worker_pipeline::191.155*3.36] mapped 332650 sequences
[M::worker_pipeline::191.837*3.36] mapped 332600 sequences
[M::worker_pipeline::192.497*3.36] mapped 332610 sequences
[M::worker_pipeline::193.221*3.36] mapped 332658 sequences
[M::worker_pipeline::193.904*3.36] mapped 332648 sequences
[M::worker_pipeline::194.555*3.36] mapped 332658 sequences
[M::worker_pipeline::195.203*3.36] mapped 332652 sequences
[M::worker_pipeline::195.925*3.36] mapped 332568 sequences
[M::worker_pipeline::196.688*3.35] mapped 332562 sequences
[M::worker_pipeline::197.310*3.36] mapped 332612 sequences
[M::worker_pipeline::197.940*3.36] mapped 332592 sequences
[M::worker_pipeline::198.671*3.35] mapped 332580 sequences
[M::worker_pipeline::199.322*3.36] mapped 332658 sequences
[M::worker_pipeline::199.927*3.36] mapped 332598 sequences
[M::worker_pipeline::200.620*3.36] mapped 332684 sequences
[M::worker_pipeline::201.315*3.36] mapped 332692 sequences
[M::worker_pipeline::201.947*3.36] mapped 332722 sequences
[M::worker_pipeline::202.673*3.36] mapped 332800 sequences
[M::worker_pipeline::203.435*3.36] mapped 332730 sequences
[M::worker_pipeline::204.079*3.36] mapped 332820 sequences
[M::worker_pipeline::204.805*3.36] mapped 332732 sequences
[M::worker_pipeline::205.393*3.36] mapped 332754 sequences
[M::worker_pipeline::206.066*3.36] mapped 332704 sequences
[M::worker_pipeline::206.754*3.36] mapped 332632 sequences
[M::worker_pipeline::207.356*3.36] mapped 332636 sequences
[M::worker_pipeline::207.983*3.36] mapped 332618 sequences
[M::worker_pipeline::208.678*3.36] mapped 332624 sequences
[M::worker_pipeline::209.348*3.36] mapped 332538 sequences
[M::worker_pipeline::209.920*3.37] mapped 332486 sequences
[M::worker_pipeline::210.516*3.37] mapped 332522 sequences
[M::worker_pipeline::211.186*3.37] mapped 332554 sequences
[M::worker_pipeline::211.784*3.37] mapped 332658 sequences
[M::worker_pipeline::212.412*3.37] mapped 332634 sequences
[M::worker_pipeline::213.118*3.37] mapped 332674 sequences
[M::worker_pipeline::213.745*3.37] mapped 332634 sequences
[M::worker_pipeline::214.358*3.37] mapped 332680 sequences
[M::worker_pipeline::215.021*3.37] mapped 332564 sequences
[M::worker_pipeline::215.715*3.37] mapped 332672 sequences
[M::worker_pipeline::216.340*3.37] mapped 332644 sequences
[M::worker_pipeline::216.999*3.38] mapped 332644 sequences
[M::worker_pipeline::217.664*3.38] mapped 332524 sequences
[M::worker_pipeline::218.391*3.37] mapped 332590 sequences
[M::worker_pipeline::219.029*3.38] mapped 332614 sequences
[M::worker_pipeline::219.675*3.38] mapped 332538 sequences
[M::worker_pipeline::220.406*3.38] mapped 332528 sequences
[M::worker_pipeline::221.066*3.38] mapped 332518 sequences
[M::worker_pipeline::221.733*3.38] mapped 332504 sequences
[M::worker_pipeline::222.350*3.38] mapped 332460 sequences
[M::worker_pipeline::223.049*3.38] mapped 332480 sequences
[M::worker_pipeline::223.689*3.38] mapped 332466 sequences
[M::worker_pipeline::224.353*3.38] mapped 332470 sequences
[M::worker_pipeline::224.972*3.38] mapped 332436 sequences
[M::worker_pipeline::232.227*3.30] mapped 332440 sequences
[M::worker_pipeline::232.463*3.30] mapped 332388 sequences
[M::worker_pipeline::232.633*3.30] mapped 332452 sequences
[M::worker_pipeline::233.154*3.30] mapped 332490 sequences
[M::worker_pipeline::233.958*3.30] mapped 332466 sequences
[M::worker_pipeline::234.678*3.30] mapped 332480 sequences
[M::worker_pipeline::235.303*3.30] mapped 332496 sequences
[M::worker_pipeline::235.985*3.30] mapped 332500 sequences
[M::worker_pipeline::236.723*3.30] mapped 332482 sequences
[M::worker_pipeline::237.298*3.30] mapped 332514 sequences
[M::worker_pipeline::237.896*3.30] mapped 332508 sequences
[M::worker_pipeline::238.553*3.30] mapped 332560 sequences
[M::worker_pipeline::239.185*3.30] mapped 332472 sequences
[M::worker_pipeline::239.925*3.30] mapped 332482 sequences
[M::worker_pipeline::240.578*3.31] mapped 332498 sequences
[M::worker_pipeline::241.207*3.31] mapped 332550 sequences
[M::worker_pipeline::241.934*3.30] mapped 332542 sequences
[M::worker_pipeline::242.650*3.30] mapped 332506 sequences
[M::worker_pipeline::243.272*3.30] mapped 332486 sequences
[M::worker_pipeline::243.965*3.31] mapped 332740 sequences
[M::worker_pipeline::244.628*3.31] mapped 332688 sequences
[M::worker_pipeline::245.302*3.31] mapped 332696 sequences
[M::worker_pipeline::246.016*3.31] mapped 332634 sequences
[M::worker_pipeline::246.642*3.31] mapped 332650 sequences
[M::worker_pipeline::247.355*3.31] mapped 332578 sequences
[M::worker_pipeline::248.029*3.31] mapped 332664 sequences
[M::worker_pipeline::248.744*3.31] mapped 332652 sequences
[M::worker_pipeline::249.442*3.31] mapped 332604 sequences
[M::worker_pipeline::250.089*3.31] mapped 332490 sequences
[M::worker_pipeline::250.729*3.31] mapped 332476 sequences
[M::worker_pipeline::251.403*3.31] mapped 332490 sequences
[M::worker_pipeline::252.066*3.31] mapped 332450 sequences
[M::worker_pipeline::252.704*3.31] mapped 332418 sequences
[M::worker_pipeline::253.494*3.31] mapped 332442 sequences
[M::worker_pipeline::253.958*3.31] mapped 332418 sequences
[M::worker_pipeline::254.629*3.31] mapped 332458 sequences
[M::worker_pipeline::255.294*3.31] mapped 332358 sequences
[M::worker_pipeline::255.955*3.31] mapped 332440 sequences
[M::worker_pipeline::256.616*3.31] mapped 332432 sequences
[M::worker_pipeline::257.264*3.31] mapped 332454 sequences
[M::worker_pipeline::257.876*3.31] mapped 332472 sequences
[M::worker_pipeline::258.536*3.31] mapped 332452 sequences
[M::worker_pipeline::259.164*3.31] mapped 332458 sequences
[M::worker_pipeline::259.830*3.32] mapped 332644 sequences
[M::worker_pipeline::260.478*3.32] mapped 332648 sequences
[M::worker_pipeline::261.143*3.32] mapped 332608 sequences
[M::worker_pipeline::261.822*3.32] mapped 332572 sequences
[M::worker_pipeline::262.428*3.32] mapped 332636 sequences
[M::worker_pipeline::263.114*3.32] mapped 332526 sequences
[M::worker_pipeline::263.832*3.32] mapped 332530 sequences
[M::worker_pipeline::264.499*3.32] mapped 332470 sequences
[M::worker_pipeline::265.255*3.32] mapped 332502 sequences
[M::worker_pipeline::265.942*3.32] mapped 332518 sequences
[M::worker_pipeline::266.605*3.32] mapped 332528 sequences
[M::worker_pipeline::267.267*3.32] mapped 332582 sequences
[M::worker_pipeline::267.925*3.32] mapped 332500 sequences
[M::worker_pipeline::268.622*3.32] mapped 332594 sequences
[M::worker_pipeline::269.210*3.32] mapped 332612 sequences
[M::worker_pipeline::269.887*3.32] mapped 332442 sequences
[M::worker_pipeline::270.555*3.32] mapped 332432 sequences
[M::worker_pipeline::271.307*3.32] mapped 332486 sequences
[M::worker_pipeline::271.893*3.32] mapped 332394 sequences
[M::worker_pipeline::272.618*3.32] mapped 332582 sequences
[M::worker_pipeline::273.281*3.32] mapped 332586 sequences
[M::worker_pipeline::273.948*3.32] mapped 332402 sequences
[M::worker_pipeline::274.563*3.32] mapped 332406 sequences
[M::worker_pipeline::275.212*3.32] mapped 332498 sequences
[M::worker_pipeline::275.802*3.33] mapped 332504 sequences
[M::worker_pipeline::276.384*3.33] mapped 332420 sequences
[M::worker_pipeline::277.021*3.33] mapped 332320 sequences
[M::worker_pipeline::277.742*3.33] mapped 332426 sequences
[M::worker_pipeline::278.351*3.33] mapped 332568 sequences
[M::worker_pipeline::279.036*3.33] mapped 332492 sequences
[M::worker_pipeline::279.687*3.33] mapped 332512 sequences
[M::worker_pipeline::280.412*3.33] mapped 332464 sequences
[M::worker_pipeline::281.100*3.33] mapped 332470 sequences
[M::worker_pipeline::281.621*3.33] mapped 332368 sequences
[M::worker_pipeline::282.305*3.33] mapped 332352 sequences
[M::worker_pipeline::282.929*3.33] mapped 332340 sequences
[M::worker_pipeline::283.603*3.33] mapped 332316 sequences
[M::worker_pipeline::284.351*3.33] mapped 332382 sequences
[M::worker_pipeline::284.904*3.33] mapped 332316 sequences
[M::worker_pipeline::285.551*3.33] mapped 332350 sequences
[M::worker_pipeline::286.195*3.33] mapped 332258 sequences
[M::worker_pipeline::286.887*3.34] mapped 332476 sequences
[M::worker_pipeline::287.472*3.34] mapped 332588 sequences
[M::worker_pipeline::288.045*3.34] mapped 332396 sequences
[M::worker_pipeline::288.740*3.34] mapped 332446 sequences
[M::worker_pipeline::289.388*3.34] mapped 332340 sequences
[M::worker_pipeline::290.062*3.34] mapped 332326 sequences
[M::worker_pipeline::290.727*3.34] mapped 332350 sequences
[M::worker_pipeline::291.409*3.34] mapped 332330 sequences
[M::worker_pipeline::292.088*3.34] mapped 332380 sequences
[M::worker_pipeline::292.715*3.34] mapped 332384 sequences
[M::worker_pipeline::293.371*3.34] mapped 332376 sequences
[M::worker_pipeline::294.124*3.34] mapped 332446 sequences
[M::worker_pipeline::294.736*3.34] mapped 332392 sequences
[M::worker_pipeline::295.294*3.34] mapped 332362 sequences
[M::worker_pipeline::295.977*3.34] mapped 332398 sequences
[M::worker_pipeline::296.604*3.34] mapped 332392 sequences
[M::worker_pipeline::297.328*3.34] mapped 332554 sequences
[M::worker_pipeline::297.947*3.35] mapped 332598 sequences
[M::worker_pipeline::298.588*3.35] mapped 332602 sequences
[M::worker_pipeline::299.211*3.35] mapped 332674 sequences
[M::worker_pipeline::299.882*3.35] mapped 332530 sequences
[M::worker_pipeline::307.014*3.29] mapped 332470 sequences
[M::worker_pipeline::307.231*3.29] mapped 332484 sequences
[M::worker_pipeline::307.433*3.29] mapped 332452 sequences
[M::worker_pipeline::307.977*3.29] mapped 332500 sequences
[M::worker_pipeline::308.795*3.29] mapped 332472 sequences
[M::worker_pipeline::309.338*3.29] mapped 332400 sequences
[M::worker_pipeline::310.041*3.29] mapped 332356 sequences
[M::worker_pipeline::310.712*3.29] mapped 332364 sequences
[M::worker_pipeline::311.404*3.29] mapped 332386 sequences
[M::worker_pipeline::312.007*3.29] mapped 332322 sequences
[M::worker_pipeline::312.663*3.29] mapped 332300 sequences
[M::worker_pipeline::313.330*3.29] mapped 332322 sequences
[M::worker_pipeline::313.916*3.29] mapped 332330 sequences
[M::worker_pipeline::314.532*3.29] mapped 332326 sequences
[M::worker_pipeline::315.176*3.29] mapped 332318 sequences
[M::worker_pipeline::315.745*3.29] mapped 332254 sequences
[M::worker_pipeline::316.412*3.30] mapped 332272 sequences
[M::worker_pipeline::317.029*3.30] mapped 332340 sequences
[M::worker_pipeline::317.713*3.30] mapped 332324 sequences
[M::worker_pipeline::318.444*3.30] mapped 332356 sequences
[M::worker_pipeline::319.137*3.30] mapped 332298 sequences
[M::worker_pipeline::319.624*3.30] mapped 332352 sequences
[M::worker_pipeline::320.256*3.30] mapped 332354 sequences
[M::worker_pipeline::320.919*3.30] mapped 332306 sequences
[M::worker_pipeline::321.523*3.30] mapped 332382 sequences
[M::worker_pipeline::322.176*3.30] mapped 332408 sequences
[M::worker_pipeline::322.858*3.30] mapped 332298 sequences
[M::worker_pipeline::323.470*3.30] mapped 332318 sequences
[M::worker_pipeline::324.055*3.30] mapped 332304 sequences
[M::worker_pipeline::324.677*3.31] mapped 332298 sequences
[M::worker_pipeline::325.328*3.31] mapped 332308 sequences
[M::worker_pipeline::325.999*3.31] mapped 332310 sequences
[M::worker_pipeline::326.623*3.31] mapped 332332 sequences
[M::worker_pipeline::327.352*3.31] mapped 332298 sequences
[M::worker_pipeline::328.000*3.31] mapped 332304 sequences
[M::worker_pipeline::328.615*3.31] mapped 332284 sequences
[M::worker_pipeline::329.297*3.31] mapped 332250 sequences
[M::worker_pipeline::329.871*3.31] mapped 332382 sequences
[M::worker_pipeline::330.497*3.31] mapped 332340 sequences
[M::worker_pipeline::331.175*3.31] mapped 332430 sequences
[M::worker_pipeline::331.858*3.31] mapped 332380 sequences
[M::worker_pipeline::332.518*3.31] mapped 332308 sequences
[M::worker_pipeline::333.207*3.31] mapped 332286 sequences
[M::worker_pipeline::333.943*3.31] mapped 332348 sequences
[M::worker_pipeline::334.601*3.31] mapped 332498 sequences
[M::worker_pipeline::335.281*3.31] mapped 332398 sequences
[M::worker_pipeline::335.882*3.31] mapped 332316 sequences
[M::worker_pipeline::336.495*3.31] mapped 332332 sequences
[M::worker_pipeline::337.203*3.31] mapped 332274 sequences
[M::worker_pipeline::337.781*3.32] mapped 332316 sequences
[M::worker_pipeline::338.334*3.32] mapped 332298 sequences
[M::worker_pipeline::338.967*3.32] mapped 332272 sequences
[M::worker_pipeline::339.612*3.32] mapped 332264 sequences
[M::worker_pipeline::340.229*3.32] mapped 332286 sequences
[M::worker_pipeline::340.949*3.32] mapped 332358 sequences
[M::worker_pipeline::341.593*3.32] mapped 332340 sequences
[M::worker_pipeline::342.285*3.32] mapped 332282 sequences
[M::worker_pipeline::342.971*3.32] mapped 332258 sequences
[M::worker_pipeline::343.650*3.32] mapped 332308 sequences
[M::worker_pipeline::344.278*3.32] mapped 332266 sequences
[M::worker_pipeline::344.865*3.32] mapped 332326 sequences
[M::worker_pipeline::345.525*3.32] mapped 332360 sequences
[M::worker_pipeline::346.250*3.32] mapped 332514 sequences
[M::worker_pipeline::346.952*3.32] mapped 332300 sequences
[M::worker_pipeline::347.594*3.32] mapped 332222 sequences
[M::worker_pipeline::348.194*3.32] mapped 332292 sequences
[M::worker_pipeline::348.925*3.32] mapped 332286 sequences
[M::worker_pipeline::349.506*3.33] mapped 332364 sequences
[M::worker_pipeline::350.190*3.33] mapped 332458 sequences
[M::worker_pipeline::350.834*3.33] mapped 332520 sequences
[M::worker_pipeline::351.444*3.33] mapped 332436 sequences
[M::worker_pipeline::352.019*3.33] mapped 332414 sequences
[M::worker_pipeline::352.651*3.33] mapped 332446 sequences
[M::worker_pipeline::353.410*3.33] mapped 332576 sequences
[M::worker_pipeline::354.009*3.33] mapped 332556 sequences
[M::worker_pipeline::354.656*3.33] mapped 332444 sequences
[M::worker_pipeline::355.400*3.33] mapped 332466 sequences
[M::worker_pipeline::356.011*3.33] mapped 332532 sequences
[M::worker_pipeline::356.738*3.33] mapped 332542 sequences
[M::worker_pipeline::357.376*3.33] mapped 332614 sequences
[M::worker_pipeline::358.075*3.33] mapped 332616 sequences
[M::worker_pipeline::358.611*3.33] mapped 332602 sequences
[M::worker_pipeline::359.195*3.33] mapped 332554 sequences
[M::worker_pipeline::359.849*3.33] mapped 332666 sequences
[M::worker_pipeline::360.499*3.33] mapped 332614 sequences
[M::worker_pipeline::361.326*3.33] mapped 332456 sequences
[M::worker_pipeline::361.953*3.33] mapped 332444 sequences
[M::worker_pipeline::362.480*3.33] mapped 332464 sequences
[M::worker_pipeline::363.149*3.33] mapped 332460 sequences
[M::worker_pipeline::363.819*3.33] mapped 332340 sequences
[M::worker_pipeline::364.458*3.34] mapped 332392 sequences
[M::worker_pipeline::365.209*3.33] mapped 332426 sequences
[M::worker_pipeline::365.831*3.34] mapped 332412 sequences
[M::worker_pipeline::366.481*3.34] mapped 332352 sequences
[M::worker_pipeline::367.174*3.34] mapped 332344 sequences
[M::worker_pipeline::367.823*3.34] mapped 332350 sequences
[M::worker_pipeline::368.505*3.34] mapped 332362 sequences
[M::worker_pipeline::369.179*3.34] mapped 332450 sequences
[M::worker_pipeline::369.912*3.34] mapped 332278 sequences
[M::worker_pipeline::370.631*3.34] mapped 332316 sequences
[M::worker_pipeline::371.300*3.34] mapped 332380 sequences
[M::worker_pipeline::371.990*3.34] mapped 332282 sequences
[M::worker_pipeline::372.648*3.34] mapped 332354 sequences
[M::worker_pipeline::373.236*3.34] mapped 332352 sequences
[M::worker_pipeline::373.930*3.34] mapped 332404 sequences
[M::worker_pipeline::374.706*3.33] mapped 332362 sequences
[M::worker_pipeline::381.441*3.29] mapped 332362 sequences
[M::worker_pipeline::381.631*3.29] mapped 332432 sequences
[M::worker_pipeline::381.842*3.29] mapped 332490 sequences
[M::worker_pipeline::382.435*3.29] mapped 332510 sequences
[M::worker_pipeline::383.207*3.29] mapped 332448 sequences
[M::worker_pipeline::383.759*3.29] mapped 332376 sequences
[M::worker_pipeline::384.721*3.29] mapped 332378 sequences
[M::worker_pipeline::385.322*3.29] mapped 332370 sequences
[M::worker_pipeline::385.975*3.29] mapped 332430 sequences
[M::worker_pipeline::386.611*3.29] mapped 332350 sequences
[M::worker_pipeline::387.245*3.29] mapped 332384 sequences
[M::worker_pipeline::387.931*3.29] mapped 332408 sequences
[M::worker_pipeline::388.527*3.29] mapped 332350 sequences
[M::worker_pipeline::389.153*3.29] mapped 332356 sequences
[M::worker_pipeline::389.777*3.29] mapped 332328 sequences
[M::worker_pipeline::390.548*3.29] mapped 332378 sequences
[M::worker_pipeline::391.243*3.29] mapped 332354 sequences
[M::worker_pipeline::391.896*3.29] mapped 332342 sequences
[M::worker_pipeline::392.552*3.29] mapped 332330 sequences
[M::worker_pipeline::393.222*3.29] mapped 332298 sequences
[M::worker_pipeline::393.891*3.29] mapped 332348 sequences
[M::worker_pipeline::394.541*3.29] mapped 332328 sequences
[M::worker_pipeline::395.270*3.29] mapped 332918 sequences
[M::worker_pipeline::395.952*3.29] mapped 332284 sequences
[M::worker_pipeline::396.553*3.29] mapped 332276 sequences
[M::worker_pipeline::397.262*3.30] mapped 332326 sequences
[M::worker_pipeline::397.949*3.30] mapped 332402 sequences
[M::worker_pipeline::398.592*3.30] mapped 332390 sequences
[M::worker_pipeline::399.183*3.30] mapped 332258 sequences
[M::worker_pipeline::399.772*3.30] mapped 332258 sequences
[M::worker_pipeline::400.327*3.30] mapped 332238 sequences
[M::worker_pipeline::401.060*3.30] mapped 332186 sequences
[M::worker_pipeline::401.777*3.30] mapped 332136 sequences
[M::worker_pipeline::402.382*3.30] mapped 332204 sequences
[M::worker_pipeline::403.087*3.30] mapped 332200 sequences
[M::worker_pipeline::403.753*3.30] mapped 332196 sequences
[M::worker_pipeline::404.363*3.30] mapped 332230 sequences
[M::worker_pipeline::405.032*3.30] mapped 332336 sequences
[M::worker_pipeline::405.546*3.30] mapped 332642 sequences
[M::worker_pipeline::406.171*3.30] mapped 332178 sequences
[M::worker_pipeline::406.833*3.30] mapped 332182 sequences
[M::worker_pipeline::407.455*3.30] mapped 332174 sequences
[M::worker_pipeline::408.140*3.31] mapped 332206 sequences
[M::worker_pipeline::408.765*3.31] mapped 332144 sequences
[M::worker_pipeline::409.438*3.31] mapped 332174 sequences
[M::worker_pipeline::410.144*3.31] mapped 332260 sequences
[M::worker_pipeline::410.782*3.31] mapped 332276 sequences
[M::worker_pipeline::411.454*3.31] mapped 332232 sequences
[M::worker_pipeline::412.141*3.31] mapped 332396 sequences
[M::worker_pipeline::412.839*3.31] mapped 332268 sequences
[M::worker_pipeline::413.463*3.31] mapped 332298 sequences
[M::worker_pipeline::414.240*3.31] mapped 332224 sequences
[M::worker_pipeline::414.773*3.31] mapped 332340 sequences
[M::worker_pipeline::415.455*3.31] mapped 332286 sequences
[M::worker_pipeline::416.060*3.31] mapped 332314 sequences
[M::worker_pipeline::416.754*3.31] mapped 332250 sequences
[M::worker_pipeline::417.404*3.31] mapped 332358 sequences
[M::worker_pipeline::418.028*3.31] mapped 332422 sequences
[M::worker_pipeline::418.690*3.31] mapped 332568 sequences
[M::worker_pipeline::419.398*3.31] mapped 332864 sequences
[M::worker_pipeline::420.020*3.31] mapped 332800 sequences
[M::worker_pipeline::420.599*3.31] mapped 332876 sequences
[M::worker_pipeline::421.244*3.31] mapped 332850 sequences
[M::worker_pipeline::421.871*3.31] mapped 332738 sequences
[M::worker_pipeline::422.600*3.31] mapped 332708 sequences
[M::worker_pipeline::423.305*3.31] mapped 332726 sequences
[M::worker_pipeline::424.042*3.31] mapped 332660 sequences
[M::worker_pipeline::424.691*3.31] mapped 332648 sequences
[M::worker_pipeline::425.358*3.31] mapped 332732 sequences
[M::worker_pipeline::425.967*3.31] mapped 332732 sequences
[M::worker_pipeline::426.646*3.31] mapped 332660 sequences
[M::worker_pipeline::427.274*3.31] mapped 332640 sequences
[M::worker_pipeline::427.916*3.31] mapped 332648 sequences
[M::worker_pipeline::428.595*3.31] mapped 332598 sequences
[M::worker_pipeline::429.278*3.31] mapped 332606 sequences
[M::worker_pipeline::429.885*3.31] mapped 332668 sequences
[M::worker_pipeline::430.617*3.31] mapped 332562 sequences
[M::worker_pipeline::431.194*3.31] mapped 332488 sequences
[M::worker_pipeline::431.933*3.31] mapped 332566 sequences
[M::worker_pipeline::432.504*3.31] mapped 332610 sequences
[M::worker_pipeline::433.226*3.31] mapped 332518 sequences
[M::worker_pipeline::434.015*3.31] mapped 332598 sequences
[M::worker_pipeline::434.576*3.31] mapped 332628 sequences
[M::worker_pipeline::435.202*3.31] mapped 332624 sequences
[M::worker_pipeline::435.815*3.31] mapped 332632 sequences
[M::worker_pipeline::436.410*3.31] mapped 332542 sequences
[M::worker_pipeline::437.076*3.31] mapped 332612 sequences
[M::worker_pipeline::437.765*3.31] mapped 332634 sequences
[M::worker_pipeline::438.401*3.32] mapped 332514 sequences
[M::worker_pipeline::439.031*3.32] mapped 332548 sequences
[M::worker_pipeline::439.645*3.32] mapped 332580 sequences
[M::worker_pipeline::440.258*3.32] mapped 332498 sequences
[M::worker_pipeline::440.949*3.32] mapped 332522 sequences
[M::worker_pipeline::441.551*3.32] mapped 332564 sequences
[M::worker_pipeline::442.219*3.32] mapped 332484 sequences
[M::worker_pipeline::442.910*3.32] mapped 332480 sequences
[M::worker_pipeline::443.463*3.32] mapped 332606 sequences
[M::worker_pipeline::444.126*3.32] mapped 332572 sequences
[M::worker_pipeline::444.799*3.32] mapped 332550 sequences
[M::worker_pipeline::445.405*3.32] mapped 332522 sequences
[M::worker_pipeline::446.092*3.32] mapped 332462 sequences
[M::worker_pipeline::446.784*3.32] mapped 332510 sequences
[M::worker_pipeline::447.409*3.32] mapped 332506 sequences
[M::worker_pipeline::448.152*3.32] mapped 332614 sequences
[M::worker_pipeline::448.821*3.32] mapped 332610 sequences
[M::worker_pipeline::457.419*3.27] mapped 332664 sequences
[M::worker_pipeline::457.702*3.27] mapped 332536 sequences
[M::worker_pipeline::457.894*3.27] mapped 332630 sequences
[M::worker_pipeline::458.397*3.27] mapped 332546 sequences
[M::worker_pipeline::459.308*3.27] mapped 332576 sequences
[M::worker_pipeline::460.069*3.27] mapped 332534 sequences
[M::worker_pipeline::460.719*3.27] mapped 332566 sequences
[M::worker_pipeline::461.459*3.27] mapped 332580 sequences
[M::worker_pipeline::462.011*3.27] mapped 332490 sequences
[M::worker_pipeline::462.569*3.27] mapped 332508 sequences
[M::worker_pipeline::463.221*3.27] mapped 332516 sequences
[M::worker_pipeline::463.895*3.27] mapped 332478 sequences
[M::worker_pipeline::464.584*3.27] mapped 332470 sequences
[M::worker_pipeline::465.303*3.27] mapped 332416 sequences
[M::worker_pipeline::466.000*3.27] mapped 332474 sequences
[M::worker_pipeline::466.631*3.27] mapped 332538 sequences
[M::worker_pipeline::467.333*3.28] mapped 332410 sequences
[M::worker_pipeline::467.854*3.28] mapped 332420 sequences
[M::worker_pipeline::468.513*3.28] mapped 332326 sequences
[M::worker_pipeline::469.205*3.28] mapped 332428 sequences
[M::worker_pipeline::469.790*3.28] mapped 332406 sequences
[M::worker_pipeline::470.518*3.28] mapped 332424 sequences
[M::worker_pipeline::471.110*3.28] mapped 332586 sequences
[M::worker_pipeline::471.678*3.28] mapped 332820 sequences
[M::worker_pipeline::472.305*3.28] mapped 332756 sequences
[M::worker_pipeline::473.007*3.28] mapped 332640 sequences
[M::worker_pipeline::473.518*3.28] mapped 332682 sequences
[M::worker_pipeline::474.150*3.28] mapped 332664 sequences
[M::worker_pipeline::474.790*3.28] mapped 332708 sequences
[M::worker_pipeline::475.377*3.29] mapped 332602 sequences
[M::worker_pipeline::476.043*3.29] mapped 332704 sequences
[M::worker_pipeline::476.637*3.29] mapped 332806 sequences
[M::worker_pipeline::477.233*3.29] mapped 332832 sequences
[M::worker_pipeline::477.898*3.29] mapped 332764 sequences
[M::worker_pipeline::478.481*3.29] mapped 332716 sequences
[M::worker_pipeline::479.129*3.29] mapped 332970 sequences
[M::worker_pipeline::479.219*3.29] mapped 130132 sequences
[M::main] Version: 2.22-r1101
[M::main] CMD: minimap2 --secondary=no -t 16 -R @RG\tID:snippy\tSM:snippy -ax sr /work/FAC/FBM/DMF/smitri/evomicrocomm/genome_size/data/ms/reference.fasta /work/FAC/FBM/DMF/smitri/evomicrocomm/genome_size/data/T11.4.4/read1.fq.gz /work/FAC/FBM/DMF/smitri/evomicrocomm/genome_size/data/T11.4.4/read2.fq.gz
[M::main] Real time: 479.230 sec; CPU: 1576.926 sec; Peak RSS: 0.493 GB
[bam_sort_core] merging from 96 files and 16 in-memory blocks...
[Sun Oct 17 22:51:29 2021]
Finished job 0.
1 of 1 steps (100%) done
