Building DAG of jobs...
Using shell: /usr/bin/bash
Provided cores: 16
Rules claiming more threads will be scaled down.
Select jobs to execute...

[Thu Oct 21 17:08:06 2021]
rule snippy:
    input: /work/FAC/FBM/DMF/smitri/evomicrocomm/genome_size/data/ct/reference.gbk, /work/FAC/FBM/DMF/smitri/evomicrocomm/genome_size/data/T11.4.1/ct/mapped_reads.sorted.bam
    output: /work/FAC/FBM/DMF/smitri/evomicrocomm/genome_size/data/T11.4.1/ct/snippy/snps.tab
    jobid: 0
    wildcards: sample=T11.4.1, strain=ct
    threads: 16
    resources: mem_mb=25743, disk_mb=25743, tmpdir=/tmp/2955057

[17:08:06] This is snippy 4.6.0
[17:08:06] Written by Torsten Seemann
[17:08:06] Obtained from https://github.com/tseemann/snippy
[17:08:06] Detected operating system: linux
[17:08:06] Enabling bundled linux tools.
[17:08:06] Found bwa - /work/FAC/FBM/DMF/smitri/evomicrocomm/eric/miniconda3/envs/bqh/bin/bwa
[17:08:06] Found bcftools - /work/FAC/FBM/DMF/smitri/evomicrocomm/eric/miniconda3/envs/bqh/bin/bcftools
[17:08:06] Found samtools - /work/FAC/FBM/DMF/smitri/evomicrocomm/eric/miniconda3/envs/bqh/bin/samtools
[17:08:06] Found java - /work/FAC/FBM/DMF/smitri/evomicrocomm/eric/miniconda3/envs/bqh/bin/java
[17:08:06] Found snpEff - /work/FAC/FBM/DMF/smitri/evomicrocomm/eric/miniconda3/envs/bqh/bin/snpEff
[17:08:06] Found samclip - /work/FAC/FBM/DMF/smitri/evomicrocomm/eric/miniconda3/envs/bqh/bin/samclip
[17:08:06] Found seqtk - /work/FAC/FBM/DMF/smitri/evomicrocomm/eric/miniconda3/envs/bqh/bin/seqtk
[17:08:06] Found parallel - /work/FAC/FBM/DMF/smitri/evomicrocomm/eric/miniconda3/envs/bqh/bin/parallel
[17:08:06] Found freebayes - /work/FAC/FBM/DMF/smitri/evomicrocomm/eric/miniconda3/envs/bqh/bin/freebayes
[17:08:06] Found freebayes-parallel - /work/FAC/FBM/DMF/smitri/evomicrocomm/eric/miniconda3/envs/bqh/bin/freebayes-parallel
[17:08:06] Found fasta_generate_regions.py - /work/FAC/FBM/DMF/smitri/evomicrocomm/eric/miniconda3/envs/bqh/bin/fasta_generate_regions.py
[17:08:06] Found vcfstreamsort - /work/FAC/FBM/DMF/smitri/evomicrocomm/eric/miniconda3/envs/bqh/bin/vcfstreamsort
[17:08:06] Found vcfuniq - /work/FAC/FBM/DMF/smitri/evomicrocomm/eric/miniconda3/envs/bqh/bin/vcfuniq
[17:08:06] Found vcffirstheader - /work/FAC/FBM/DMF/smitri/evomicrocomm/eric/miniconda3/envs/bqh/bin/vcffirstheader
[17:08:06] Found gzip - /usr/bin/gzip
[17:08:06] Found vt - /work/FAC/FBM/DMF/smitri/evomicrocomm/eric/miniconda3/envs/bqh/bin/vt
[17:08:06] Found snippy-vcf_to_tab - /work/FAC/FBM/DMF/smitri/evomicrocomm/eric/miniconda3/envs/bqh/bin/snippy-vcf_to_tab
[17:08:06] Found snippy-vcf_report - /work/FAC/FBM/DMF/smitri/evomicrocomm/eric/miniconda3/envs/bqh/bin/snippy-vcf_report
[17:08:06] Checking version: samtools --version is >= 1.7 - ok, have 1.12
[17:08:06] Checking version: bcftools --version is >= 1.7 - ok, have 1.12
[17:08:06] Checking version: freebayes --version is >= 1.1 - ok, have 1.3.5
[17:08:06] Checking version: snpEff -version is >= 4.3 - ok, have 5.0
[17:08:06] Checking version: bwa is >= 0.7.12 - ok, have 0.7.17
[17:08:06] Using reference: /work/FAC/FBM/DMF/smitri/evomicrocomm/genome_size/data/ct/reference.gbk
[17:08:06] Treating reference as 'genbank' format.
[17:08:06] Will use 16 CPU cores.
[17:08:06] Using BAM file '/work/FAC/FBM/DMF/smitri/evomicrocomm/genome_size/data/T11.4.1/ct/mapped_reads.sorted.bam' instead of aligning reads.
[17:08:06] Used --force, will overwrite existing /work/FAC/FBM/DMF/smitri/evomicrocomm/genome_size/data/T11.4.1/ct/snippy
[17:08:06] Changing working directory: /work/FAC/FBM/DMF/smitri/evomicrocomm/genome_size/data/T11.4.1/ct/snippy
[17:08:06] Creating reference folder: reference
[17:08:06] Extracting FASTA and GFF from reference.

--------------------- WARNING ---------------------
MSG: Unexpected error in feature table for  Skipping feature, attempting to recover
---------------------------------------------------

--------------------- WARNING ---------------------
MSG: Unexpected error in feature table for  Skipping feature, attempting to recover
---------------------------------------------------
[17:08:08] Wrote 2 sequences to ref.fa
[17:08:08] Wrote 5658 features to ref.gff
[17:08:08] Creating reference/snpeff.config
[17:08:08] Freebayes will process 31 chunks of 199547 bp, 16 chunks at a time.
[17:08:08] Using BAM RG (Read Group) ID: snippy
[17:08:08] Running: samtools faidx reference/ref.fa 2>> snps.log
[17:08:08] Running: mkdir -p reference/genomes && cp -f reference/ref.fa reference/genomes/ref.fa 2>> snps.log
[17:08:08] Running: ln -sf reference/ref.fa . 2>> snps.log
[17:08:08] Running: ln -sf reference/ref.fa.fai . 2>> snps.log
[17:08:08] Running: mkdir -p reference/ref && gzip -c reference/ref.gff > reference/ref/genes.gff.gz 2>> snps.log
[17:08:08] Running: snpEff build -c reference/snpeff.config -dataDir . -gff3 ref 2>> snps.log
[17:08:12] Running: samtools view -h -O SAM \/work\/FAC\/FBM\/DMF\/smitri\/evomicrocomm\/genome_size\/data\/T11\.4\.1\/ct\/mapped_reads\.sorted\.bam | samclip --max 10 --ref reference/ref.fa.fai | samtools sort -n -l 0 -T /tmp/2955057 --threads 7 -m 32000M | samtools fixmate -m --threads 7 - - | samtools sort -l 0 -T /tmp/2955057 --threads 7 -m 32000M | samtools markdup -T /tmp/2955057 --threads 7 -r -s - - > snps.bam 2>> snps.log
[samclip] samclip 0.4.0 by Torsten Seemann (@torstenseemann)
[samclip] Loading: reference/ref.fa.fai
[samclip] Found 2 sequences in reference/ref.fa.fai
[samclip] Processed 100000 records...
[samclip] Processed 200000 records...
[samclip] Processed 300000 records...
[samclip] Processed 400000 records...
[samclip] Processed 500000 records...
[samclip] Processed 600000 records...
[samclip] Processed 700000 records...
[samclip] Processed 800000 records...
[samclip] Processed 900000 records...
[samclip] Processed 1000000 records...
[samclip] Processed 1100000 records...
[samclip] Processed 1200000 records...
[samclip] Processed 1300000 records...
[samclip] Processed 1400000 records...
[samclip] Processed 1500000 records...
[samclip] Processed 1600000 records...
[samclip] Processed 1700000 records...
[samclip] Processed 1800000 records...
[samclip] Processed 1900000 records...
[samclip] Processed 2000000 records...
[samclip] Processed 2100000 records...
[samclip] Processed 2200000 records...
[samclip] Processed 2300000 records...
[samclip] Processed 2400000 records...
[samclip] Processed 2500000 records...
[samclip] Processed 2600000 records...
[samclip] Processed 2700000 records...
[samclip] Processed 2800000 records...
[samclip] Processed 2900000 records...
[samclip] Processed 3000000 records...
[samclip] Processed 3100000 records...
[samclip] Processed 3200000 records...
[samclip] Processed 3300000 records...
[samclip] Processed 3400000 records...
[samclip] Processed 3500000 records...
[samclip] Processed 3600000 records...
[samclip] Processed 3700000 records...
[samclip] Processed 3800000 records...
[samclip] Processed 3900000 records...
[samclip] Processed 4000000 records...
[samclip] Processed 4100000 records...
[samclip] Processed 4200000 records...
[samclip] Processed 4300000 records...
[samclip] Processed 4400000 records...
[samclip] Processed 4500000 records...
[samclip] Processed 4600000 records...
[samclip] Processed 4700000 records...
[samclip] Processed 4800000 records...
[samclip] Processed 4900000 records...
[samclip] Processed 5000000 records...
[samclip] Processed 5100000 records...
[samclip] Processed 5200000 records...
[samclip] Processed 5300000 records...
[samclip] Processed 5400000 records...
[samclip] Processed 5500000 records...
[samclip] Processed 5600000 records...
[samclip] Processed 5700000 records...
[samclip] Processed 5800000 records...
[samclip] Processed 5900000 records...
[samclip] Processed 6000000 records...
[samclip] Processed 6100000 records...
[samclip] Processed 6200000 records...
[samclip] Processed 6300000 records...
[samclip] Processed 6400000 records...
[samclip] Processed 6500000 records...
[samclip] Processed 6600000 records...
[samclip] Processed 6700000 records...
[samclip] Processed 6800000 records...
[samclip] Processed 6900000 records...
[samclip] Processed 7000000 records...
[samclip] Processed 7100000 records...
[samclip] Processed 7200000 records...
[samclip] Processed 7300000 records...
[samclip] Processed 7400000 records...
[samclip] Processed 7500000 records...
[samclip] Processed 7600000 records...
[samclip] Processed 7700000 records...
[samclip] Processed 7800000 records...
[samclip] Processed 7900000 records...
[samclip] Processed 8000000 records...
[samclip] Processed 8100000 records...
[samclip] Processed 8200000 records...
[samclip] Processed 8300000 records...
[samclip] Processed 8400000 records...
[samclip] Processed 8500000 records...
[samclip] Processed 8600000 records...
[samclip] Processed 8700000 records...
[samclip] Processed 8800000 records...
[samclip] Processed 8900000 records...
[samclip] Processed 9000000 records...
[samclip] Processed 9100000 records...
[samclip] Processed 9200000 records...
[samclip] Processed 9300000 records...
[samclip] Processed 9400000 records...
[samclip] Processed 9500000 records...
[samclip] Processed 9600000 records...
[samclip] Processed 9700000 records...
[samclip] Processed 9800000 records...
[samclip] Processed 9900000 records...
[samclip] Processed 10000000 records...
[samclip] Processed 10100000 records...
[samclip] Processed 10200000 records...
[samclip] Processed 10300000 records...
[samclip] Processed 10400000 records...
[samclip] Processed 10500000 records...
[samclip] Processed 10600000 records...
[samclip] Processed 10700000 records...
[samclip] Processed 10800000 records...
[samclip] Processed 10900000 records...
[samclip] Processed 11000000 records...
[samclip] Processed 11100000 records...
[samclip] Processed 11200000 records...
[samclip] Processed 11300000 records...
[samclip] Processed 11400000 records...
[samclip] Processed 11500000 records...
[samclip] ERROR: Reference COTE001.0001.c02 not in 'reference/ref.fa.fai'
[bam_sort_core] merging from 0 files and 7 in-memory blocks...
[bam_sort_core] merging from 0 files and 7 in-memory blocks...
[17:09:09] Running: samtools index snps.bam 2>> snps.log
[17:09:14] Running: fasta_generate_regions.py reference/ref.fa.fai 199547 > reference/ref.txt 2>> snps.log
[17:09:14] Running: freebayes-parallel reference/ref.txt 16 -p 2 -P 0 -C 2 -F 0.05 --min-coverage 10 --min-repeat-entropy 1.0 -q 13 -m 60 --strict-vcf   -f reference/ref.fa snps.bam > snps.raw.vcf 2>> snps.log
[17:09:30] Running: bcftools view --include 'FMT/GT="1/1" && QUAL>=100 && FMT/DP>=10 && (FMT/AO)/(FMT/DP)>=0.8' snps.raw.vcf  | vt normalize -r reference/ref.fa - | bcftools annotate --remove '^INFO/TYPE,^INFO/DP,^INFO/RO,^INFO/AO,^INFO/AB,^FORMAT/GT,^FORMAT/DP,^FORMAT/RO,^FORMAT/AO,^FORMAT/QR,^FORMAT/QA,^FORMAT/GL' > snps.filt.vcf 2>> snps.log
normalize v0.5

options:     input VCF file                                  -
         [o] output VCF file                                 -
         [w] sorting window size                             10000
         [n] no fail on reference inconsistency for non SNPs false
         [q] quiet                                           false
         [d] debug                                           false
         [r] reference FASTA file                            reference/ref.fa


stats: biallelic
          no. left trimmed                      : 0
          no. right trimmed                     : 0
          no. left and right trimmed            : 0
          no. right trimmed and left aligned    : 0
          no. left aligned                      : 0

       total no. biallelic normalized           : 0

       multiallelic
          no. left trimmed                      : 0
          no. right trimmed                     : 0
          no. left and right trimmed            : 0
          no. right trimmed and left aligned    : 0
          no. left aligned                      : 0

       total no. multiallelic normalized        : 0

       total no. variants normalized            : 0
       total no. variants observed              : 1
       total no. reference observed             : 0

Time elapsed: 0.00s

[17:09:30] Running: snpEff ann -noLog -noStats -no-downstream -no-upstream -no-utr -c reference/snpeff.config -dataDir . ref snps.filt.vcf > snps.vcf 2>> snps.log
[17:09:31] Running: /work/FAC/FBM/DMF/smitri/evomicrocomm/eric/miniconda3/envs/bqh/bin/snippy-vcf_to_tab --gff reference/ref.gff --ref reference/ref.fa --vcf snps.vcf > snps.tab 2>> snps.log
[17:09:34] Running: /work/FAC/FBM/DMF/smitri/evomicrocomm/eric/miniconda3/envs/bqh/bin/snippy-vcf_extract_subs snps.filt.vcf > snps.subs.vcf 2>> snps.log
[17:09:34] Running: bcftools convert -Oz -o snps.vcf.gz snps.vcf 2>> snps.log
[17:09:34] Running: bcftools index -f snps.vcf.gz 2>> snps.log
[17:09:34] Running: bcftools consensus --sample snippy -f reference/ref.fa -o snps.consensus.fa snps.vcf.gz 2>> snps.log
[17:09:34] Running: bcftools convert -Oz -o snps.subs.vcf.gz snps.subs.vcf 2>> snps.log
[17:09:34] Running: bcftools index -f snps.subs.vcf.gz 2>> snps.log
[17:09:34] Running: bcftools consensus --sample snippy -f reference/ref.fa -o snps.consensus.subs.fa snps.subs.vcf.gz 2>> snps.log
[17:09:34] Running: rm -f snps.subs.vcf.gz snps.subs.vcf.gz.csi snps.subs.vcf.gz.tbi 2>> snps.log
[17:09:34] Generating reference aligned/masked FASTA relative to reference: snps.aligned.fa
Use of uninitialized value $masked{"COTE001.0001.c02"} in substr at /work/FAC/FBM/DMF/smitri/evomicrocomm/eric/miniconda3/envs/bqh/bin/snippy line 477, <$depth_fh> line 5908551.
[17:09:53] Marked 152 heterozygous sites with 'n'
[17:09:53] Creating extra output files: BED GFF CSV TXT HTML
[17:09:53] Identified 1 variants.
[17:09:53] Deleting: reference/ref.fa.fai
[17:09:53] Deleting: reference/ref.fa.amb
[17:09:53] Deleting: reference/ref.fa.ann
[17:09:53] Deleting: reference/ref.fa.bwt
[17:09:53] Deleting: reference/ref.fa.pac
[17:09:53] Deleting: reference/ref.fa.sa
[17:09:53] Deleting: snps.bam
[17:09:53] Deleting: snps.bam.bai
[17:09:53] Deleting: snps.raw.vcf
[17:09:53] Deleting: snps.vcf.gz.csi
[17:09:53] Deleting: snps.vcf.gz
[17:09:53] Deleting: snps.consensus.fa
[17:09:53] Deleting: snps.consensus.subs.fa
[17:09:53] Deleting: ref.fa
[17:09:53] Removing folder: reference/genomes
[17:09:53] Removing folder: reference/ref
[17:09:53] Result folder: /work/FAC/FBM/DMF/smitri/evomicrocomm/genome_size/data/T11.4.1/ct/snippy
[17:09:53] Result files:
[17:09:53] * /work/FAC/FBM/DMF/smitri/evomicrocomm/genome_size/data/T11.4.1/ct/snippy/snps.aligned.fa
[17:09:53] * /work/FAC/FBM/DMF/smitri/evomicrocomm/genome_size/data/T11.4.1/ct/snippy/snps.bed
[17:09:53] * /work/FAC/FBM/DMF/smitri/evomicrocomm/genome_size/data/T11.4.1/ct/snippy/snps.csv
[17:09:53] * /work/FAC/FBM/DMF/smitri/evomicrocomm/genome_size/data/T11.4.1/ct/snippy/snps.filt.vcf
[17:09:53] * /work/FAC/FBM/DMF/smitri/evomicrocomm/genome_size/data/T11.4.1/ct/snippy/snps.gff
[17:09:53] * /work/FAC/FBM/DMF/smitri/evomicrocomm/genome_size/data/T11.4.1/ct/snippy/snps.html
[17:09:53] * /work/FAC/FBM/DMF/smitri/evomicrocomm/genome_size/data/T11.4.1/ct/snippy/snps.log
[17:09:53] * /work/FAC/FBM/DMF/smitri/evomicrocomm/genome_size/data/T11.4.1/ct/snippy/snps.subs.vcf
[17:09:53] * /work/FAC/FBM/DMF/smitri/evomicrocomm/genome_size/data/T11.4.1/ct/snippy/snps.tab
[17:09:53] * /work/FAC/FBM/DMF/smitri/evomicrocomm/genome_size/data/T11.4.1/ct/snippy/snps.txt
[17:09:53] * /work/FAC/FBM/DMF/smitri/evomicrocomm/genome_size/data/T11.4.1/ct/snippy/snps.vcf
[17:09:53] Walltime used: 1 minutes, 47 seconds
[17:09:53] Have a suggestion? Tell me at https://github.com/tseemann/snippy/issues
[17:09:53] Done.
[Thu Oct 21 17:09:53 2021]
Finished job 0.
1 of 1 steps (100%) done
