Building DAG of jobs...
Using shell: /usr/bin/bash
Provided cores: 16
Rules claiming more threads will be scaled down.
Select jobs to execute...

[Fri Oct 15 16:08:12 2021]
rule mapping:
    input: /work/FAC/FBM/DMF/smitri/evomicrocomm/genome_size/data/at/reference.fasta, /work/FAC/FBM/DMF/smitri/evomicrocomm/genome_size/data/T44.4.3/read1.fq.gz, /work/FAC/FBM/DMF/smitri/evomicrocomm/genome_size/data/T44.4.3/read2.fq.gz
    output: /work/FAC/FBM/DMF/smitri/evomicrocomm/genome_size/data/T44.4.3/at/mapped_reads.sorted.bam
    jobid: 0
    wildcards: sample=T44.4.3, strain=at
    threads: 16
    resources: mem_mb=22032, disk_mb=22032, tmpdir=/tmp/2811859

[M::mm_idx_gen::0.178*0.66] collected minimizers
[M::mm_idx_gen::0.197*1.76] sorted minimizers
[M::main::0.197*1.76] loaded/built the index for 5 target sequence(s)
[M::mm_mapopt_update::0.197*1.76] mid_occ = 1000
[M::mm_idx_stat] kmer size: 21; skip: 11; is_hpc: 0; #seq: 5
[M::mm_idx_stat::0.208*1.72] distinct minimizers: 875577 (98.87% are singletons); average occurrences: 1.019; average spacing: 5.996; total length: 5348547
[M::worker_pipeline::1.568*4.18] mapped 332612 sequences
[M::worker_pipeline::2.363*5.27] mapped 332670 sequences
[M::worker_pipeline::3.108*5.87] mapped 332540 sequences
[M::worker_pipeline::3.920*6.12] mapped 332454 sequences
[M::worker_pipeline::4.615*6.44] mapped 332392 sequences
[M::worker_pipeline::5.643*7.25] mapped 332404 sequences
[M::worker_pipeline::6.315*7.41] mapped 332344 sequences
[M::worker_pipeline::6.941*7.57] mapped 332328 sequences
[M::worker_pipeline::7.574*7.70] mapped 332270 sequences
[M::worker_pipeline::8.224*7.83] mapped 332298 sequences
[M::worker_pipeline::9.182*8.18] mapped 332226 sequences
[M::worker_pipeline::9.531*7.95] mapped 332218 sequences
[M::worker_pipeline::10.224*7.97] mapped 332188 sequences
[M::worker_pipeline::10.885*8.02] mapped 332200 sequences
[M::worker_pipeline::11.485*8.10] mapped 332138 sequences
[M::worker_pipeline::12.081*8.16] mapped 332192 sequences
[M::worker_pipeline::12.422*7.99] mapped 332184 sequences
[M::worker_pipeline::13.445*8.27] mapped 332190 sequences
[M::worker_pipeline::14.067*8.30] mapped 332206 sequences
[M::worker_pipeline::14.482*8.19] mapped 332156 sequences
[M::worker_pipeline::15.385*8.34] mapped 332178 sequences
[M::worker_pipeline::16.044*8.36] mapped 332188 sequences
[M::worker_pipeline::16.679*8.38] mapped 332132 sequences
[M::worker_pipeline::17.317*8.39] mapped 332134 sequences
[M::worker_pipeline::17.945*8.42] mapped 332084 sequences
[M::worker_pipeline::18.585*8.44] mapped 332148 sequences
[M::worker_pipeline::19.160*8.48] mapped 332144 sequences
[M::worker_pipeline::19.825*8.49] mapped 332120 sequences
[M::worker_pipeline::20.467*8.51] mapped 332118 sequences
[M::worker_pipeline::21.094*8.55] mapped 332114 sequences
[M::worker_pipeline::21.737*8.56] mapped 332176 sequences
[M::worker_pipeline::22.334*8.59] mapped 332122 sequences
[M::worker_pipeline::23.191*8.69] mapped 332128 sequences
[M::worker_pipeline::23.590*8.61] mapped 332046 sequences
[M::worker_pipeline::24.270*8.62] mapped 332048 sequences
[M::worker_pipeline::24.932*8.64] mapped 331998 sequences
[M::worker_pipeline::25.630*8.67] mapped 332020 sequences
[M::worker_pipeline::26.184*8.66] mapped 332024 sequences
[M::worker_pipeline::26.869*8.67] mapped 331988 sequences
[M::worker_pipeline::27.526*8.68] mapped 332002 sequences
[M::worker_pipeline::28.104*8.70] mapped 331972 sequences
[M::worker_pipeline::28.702*8.70] mapped 332000 sequences
[M::worker_pipeline::29.395*8.72] mapped 331992 sequences
[M::worker_pipeline::30.021*8.73] mapped 331914 sequences
[M::worker_pipeline::30.639*8.74] mapped 331950 sequences
[M::worker_pipeline::31.264*8.75] mapped 331940 sequences
[M::worker_pipeline::32.043*8.81] mapped 331914 sequences
[M::worker_pipeline::32.501*8.78] mapped 331894 sequences
[M::worker_pipeline::33.173*8.77] mapped 331902 sequences
[M::worker_pipeline::33.803*8.78] mapped 331896 sequences
[M::worker_pipeline::34.465*8.78] mapped 331890 sequences
[M::worker_pipeline::35.097*8.79] mapped 331904 sequences
[M::worker_pipeline::35.786*8.82] mapped 331898 sequences
[M::worker_pipeline::36.339*8.80] mapped 331920 sequences
[M::worker_pipeline::37.024*8.79] mapped 331914 sequences
[M::worker_pipeline::37.847*8.83] mapped 331936 sequences
[M::worker_pipeline::38.328*8.80] mapped 331926 sequences
[M::worker_pipeline::39.016*8.80] mapped 331924 sequences
[M::worker_pipeline::39.631*8.81] mapped 331946 sequences
[M::worker_pipeline::40.337*8.83] mapped 331972 sequences
[M::worker_pipeline::40.926*8.81] mapped 331898 sequences
[M::worker_pipeline::41.575*8.81] mapped 331956 sequences
[M::worker_pipeline::42.222*8.81] mapped 332010 sequences
[M::worker_pipeline::43.116*8.87] mapped 331982 sequences
[M::worker_pipeline::43.465*8.81] mapped 332014 sequences
[M::worker_pipeline::44.090*8.81] mapped 332028 sequences
[M::worker_pipeline::44.445*8.76] mapped 332040 sequences
[M::worker_pipeline::45.315*8.81] mapped 332348 sequences
[M::worker_pipeline::46.006*8.82] mapped 332592 sequences
[M::worker_pipeline::46.661*8.82] mapped 332470 sequences
[M::worker_pipeline::47.333*8.82] mapped 332364 sequences
[M::worker_pipeline::47.979*8.83] mapped 332382 sequences
[M::worker_pipeline::48.684*8.85] mapped 332308 sequences
[M::worker_pipeline::49.190*8.83] mapped 332220 sequences
[M::worker_pipeline::49.845*8.84] mapped 332204 sequences
[M::worker_pipeline::50.443*8.85] mapped 332194 sequences
[M::worker_pipeline::51.091*8.85] mapped 332152 sequences
[M::worker_pipeline::51.742*8.85] mapped 332158 sequences
[M::worker_pipeline::52.374*8.85] mapped 332140 sequences
[M::worker_pipeline::53.060*8.85] mapped 332186 sequences
[M::worker_pipeline::53.740*8.87] mapped 332106 sequences
[M::worker_pipeline::54.316*8.86] mapped 332188 sequences
[M::worker_pipeline::55.251*8.90] mapped 332166 sequences
[M::worker_pipeline::55.606*8.86] mapped 332196 sequences
[M::worker_pipeline::56.279*8.86] mapped 332184 sequences
[M::worker_pipeline::56.957*8.86] mapped 332192 sequences
[M::worker_pipeline::57.604*8.86] mapped 332090 sequences
[M::worker_pipeline::58.229*8.86] mapped 332132 sequences
[M::worker_pipeline::58.958*8.88] mapped 332118 sequences
[M::worker_pipeline::59.469*8.87] mapped 332032 sequences
[M::worker_pipeline::60.124*8.87] mapped 332080 sequences
[M::worker_pipeline::60.747*8.87] mapped 332074 sequences
[M::worker_pipeline::61.370*8.87] mapped 332132 sequences
[M::worker_pipeline::62.024*8.88] mapped 332110 sequences
[M::worker_pipeline::62.718*8.90] mapped 332074 sequences
[M::worker_pipeline::68.507*8.28] mapped 332044 sequences
[M::worker_pipeline::68.861*8.24] mapped 331992 sequences
[M::worker_pipeline::69.502*8.25] mapped 332060 sequences
[M::worker_pipeline::70.095*8.26] mapped 332030 sequences
[M::worker_pipeline::70.746*8.27] mapped 332040 sequences
[M::worker_pipeline::71.371*8.28] mapped 332048 sequences
[M::worker_pipeline::72.013*8.29] mapped 331980 sequences
[M::worker_pipeline::72.652*8.30] mapped 331932 sequences
[M::worker_pipeline::73.580*8.33] mapped 332014 sequences
[M::worker_pipeline::73.926*8.30] mapped 331988 sequences
[M::worker_pipeline::74.569*8.31] mapped 331992 sequences
[M::worker_pipeline::75.189*8.32] mapped 331988 sequences
[M::worker_pipeline::75.844*8.33] mapped 332020 sequences
[M::worker_pipeline::76.494*8.34] mapped 332000 sequences
[M::worker_pipeline::77.130*8.35] mapped 331952 sequences
[M::worker_pipeline::77.789*8.35] mapped 331968 sequences
[M::worker_pipeline::78.437*8.35] mapped 331962 sequences
[M::worker_pipeline::79.106*8.36] mapped 331968 sequences
[M::worker_pipeline::80.079*8.40] mapped 331986 sequences
[M::worker_pipeline::80.395*8.37] mapped 331944 sequences
[M::worker_pipeline::81.024*8.38] mapped 332000 sequences
[M::worker_pipeline::81.641*8.38] mapped 331934 sequences
[M::worker_pipeline::81.995*8.35] mapped 331972 sequences
[M::worker_pipeline::82.937*8.39] mapped 331944 sequences
[M::worker_pipeline::83.578*8.39] mapped 331944 sequences
[M::worker_pipeline::84.202*8.40] mapped 331970 sequences
[M::worker_pipeline::84.821*8.40] mapped 331958 sequences
[M::worker_pipeline::85.463*8.41] mapped 331956 sequences
[M::worker_pipeline::86.096*8.42] mapped 331922 sequences
[M::worker_pipeline::86.987*8.45] mapped 331940 sequences
[M::worker_pipeline::87.353*8.43] mapped 331986 sequences
[M::worker_pipeline::88.013*8.43] mapped 331940 sequences
[M::worker_pipeline::88.652*8.44] mapped 332034 sequences
[M::worker_pipeline::89.253*8.45] mapped 332048 sequences
[M::worker_pipeline::89.929*8.45] mapped 332030 sequences
[M::worker_pipeline::90.699*8.47] mapped 332132 sequences
[M::worker_pipeline::91.202*8.46] mapped 332074 sequences
[M::worker_pipeline::91.871*8.47] mapped 332092 sequences
[M::worker_pipeline::92.506*8.47] mapped 332152 sequences
[M::worker_pipeline::93.183*8.48] mapped 332246 sequences
[M::worker_pipeline::93.831*8.48] mapped 332694 sequences
[M::worker_pipeline::94.774*8.51] mapped 332514 sequences
[M::worker_pipeline::95.121*8.48] mapped 332474 sequences
[M::worker_pipeline::95.831*8.49] mapped 332430 sequences
[M::worker_pipeline::96.481*8.49] mapped 332374 sequences
[M::worker_pipeline::97.110*8.49] mapped 332310 sequences
[M::worker_pipeline::97.739*8.50] mapped 332328 sequences
[M::worker_pipeline::98.374*8.50] mapped 332336 sequences
[M::worker_pipeline::99.059*8.50] mapped 332224 sequences
[M::worker_pipeline::99.694*8.51] mapped 332176 sequences
[M::worker_pipeline::100.356*8.51] mapped 332170 sequences
[M::worker_pipeline::100.998*8.51] mapped 332188 sequences
[M::worker_pipeline::101.664*8.52] mapped 332182 sequences
[M::worker_pipeline::102.359*8.52] mapped 332200 sequences
[M::worker_pipeline::102.896*8.52] mapped 332214 sequences
[M::worker_pipeline::103.544*8.53] mapped 332278 sequences
[M::worker_pipeline::104.197*8.53] mapped 332340 sequences
[M::worker_pipeline::104.886*8.53] mapped 332454 sequences
[M::worker_pipeline::105.537*8.54] mapped 332738 sequences
[M::worker_pipeline::106.487*8.56] mapped 332274 sequences
[M::worker_pipeline::106.871*8.54] mapped 332288 sequences
[M::worker_pipeline::107.555*8.54] mapped 332238 sequences
[M::worker_pipeline::108.216*8.54] mapped 332224 sequences
[M::worker_pipeline::108.876*8.55] mapped 332244 sequences
[M::worker_pipeline::109.650*8.56] mapped 332206 sequences
[M::worker_pipeline::110.129*8.55] mapped 332202 sequences
[M::worker_pipeline::110.759*8.56] mapped 332104 sequences
[M::worker_pipeline::111.448*8.56] mapped 332072 sequences
[M::worker_pipeline::112.325*8.58] mapped 332054 sequences
[M::worker_pipeline::112.749*8.56] mapped 332550 sequences
[M::worker_pipeline::113.380*8.57] mapped 332232 sequences
[M::worker_pipeline::114.034*8.57] mapped 332102 sequences
[M::worker_pipeline::114.646*8.57] mapped 332054 sequences
[M::worker_pipeline::115.306*8.57] mapped 332060 sequences
[M::worker_pipeline::115.925*8.58] mapped 332082 sequences
[M::worker_pipeline::116.546*8.58] mapped 332044 sequences
[M::worker_pipeline::117.232*8.58] mapped 332072 sequences
[M::worker_pipeline::117.864*8.58] mapped 332084 sequences
[M::worker_pipeline::118.490*8.58] mapped 332054 sequences
[M::worker_pipeline::119.428*8.61] mapped 332014 sequences
[M::worker_pipeline::119.758*8.59] mapped 331994 sequences
[M::worker_pipeline::120.413*8.59] mapped 332014 sequences
[M::worker_pipeline::121.056*8.59] mapped 331960 sequences
[M::worker_pipeline::121.679*8.59] mapped 331956 sequences
[M::worker_pipeline::122.319*8.60] mapped 331938 sequences
[M::worker_pipeline::122.940*8.60] mapped 331920 sequences
[M::worker_pipeline::123.611*8.60] mapped 331906 sequences
[M::worker_pipeline::124.237*8.61] mapped 331930 sequences
[M::worker_pipeline::124.874*8.61] mapped 331920 sequences
[M::worker_pipeline::125.478*8.61] mapped 331916 sequences
[M::worker_pipeline::126.088*8.62] mapped 331890 sequences
[M::worker_pipeline::126.755*8.62] mapped 331912 sequences
[M::worker_pipeline::127.419*8.62] mapped 331914 sequences
[M::worker_pipeline::128.195*8.64] mapped 331894 sequences
[M::worker_pipeline::128.674*8.63] mapped 331892 sequences
[M::worker_pipeline::129.290*8.63] mapped 331928 sequences
[M::worker_pipeline::134.448*8.38] mapped 331890 sequences
[M::worker_pipeline::134.807*8.36] mapped 331914 sequences
[M::worker_pipeline::135.450*8.37] mapped 331942 sequences
[M::worker_pipeline::136.082*8.37] mapped 331966 sequences
[M::worker_pipeline::136.710*8.38] mapped 331994 sequences
[M::worker_pipeline::137.330*8.38] mapped 332052 sequences
[M::worker_pipeline::137.977*8.39] mapped 331994 sequences
[M::worker_pipeline::138.701*8.40] mapped 331988 sequences
[M::worker_pipeline::139.219*8.39] mapped 332038 sequences
[M::worker_pipeline::139.858*8.39] mapped 332068 sequences
[M::worker_pipeline::140.505*8.39] mapped 332122 sequences
[M::worker_pipeline::141.147*8.40] mapped 332712 sequences
[M::worker_pipeline::141.536*8.39] mapped 332786 sequences
[M::worker_pipeline::142.159*8.38] mapped 332544 sequences
[M::worker_pipeline::143.035*8.39] mapped 332486 sequences
[M::worker_pipeline::143.850*8.40] mapped 332474 sequences
[M::worker_pipeline::144.500*8.41] mapped 332394 sequences
[M::worker_pipeline::145.088*8.41] mapped 332338 sequences
[M::worker_pipeline::145.767*8.41] mapped 332320 sequences
[M::worker_pipeline::146.383*8.42] mapped 332232 sequences
[M::worker_pipeline::147.034*8.42] mapped 332270 sequences
[M::worker_pipeline::147.670*8.43] mapped 332242 sequences
[M::worker_pipeline::148.411*8.44] mapped 332234 sequences
[M::worker_pipeline::149.022*8.43] mapped 332236 sequences
[M::worker_pipeline::149.739*8.44] mapped 332296 sequences
[M::worker_pipeline::150.287*8.43] mapped 332342 sequences
[M::worker_pipeline::151.005*8.44] mapped 332422 sequences
[M::worker_pipeline::151.733*8.45] mapped 332456 sequences
[M::worker_pipeline::152.286*8.44] mapped 332470 sequences
[M::worker_pipeline::152.927*8.45] mapped 332424 sequences
[M::worker_pipeline::153.581*8.45] mapped 332348 sequences
[M::worker_pipeline::154.229*8.46] mapped 332270 sequences
[M::worker_pipeline::154.906*8.46] mapped 332266 sequences
[M::worker_pipeline::155.526*8.46] mapped 332248 sequences
[M::worker_pipeline::156.300*8.47] mapped 332236 sequences
[M::worker_pipeline::156.747*8.47] mapped 332286 sequences
[M::worker_pipeline::157.375*8.47] mapped 332340 sequences
[M::worker_pipeline::158.077*8.47] mapped 332282 sequences
[M::worker_pipeline::158.680*8.48] mapped 332226 sequences
[M::worker_pipeline::159.515*8.49] mapped 332250 sequences
[M::worker_pipeline::159.951*8.48] mapped 332170 sequences
[M::worker_pipeline::160.541*8.49] mapped 332142 sequences
[M::worker_pipeline::161.098*8.49] mapped 332174 sequences
[M::worker_pipeline::161.809*8.49] mapped 332194 sequences
[M::worker_pipeline::162.420*8.50] mapped 332306 sequences
[M::worker_pipeline::163.091*8.50] mapped 332204 sequences
[M::worker_pipeline::163.740*8.50] mapped 332224 sequences
[M::worker_pipeline::164.337*8.50] mapped 332170 sequences
[M::worker_pipeline::164.781*8.49] mapped 332094 sequences
[M::worker_pipeline::165.338*8.49] mapped 332136 sequences
[M::worker_pipeline::166.026*8.49] mapped 332110 sequences
[M::worker_pipeline::167.064*8.50] mapped 332128 sequences
[M::worker_pipeline::167.674*8.50] mapped 332072 sequences
[M::worker_pipeline::168.336*8.50] mapped 332064 sequences
[M::worker_pipeline::168.976*8.50] mapped 332132 sequences
[M::worker_pipeline::169.352*8.49] mapped 332076 sequences
[M::worker_pipeline::170.003*8.49] mapped 332110 sequences
[M::worker_pipeline::171.082*8.50] mapped 332044 sequences
[M::worker_pipeline::171.719*8.51] mapped 332070 sequences
[M::worker_pipeline::172.341*8.51] mapped 332012 sequences
[M::worker_pipeline::173.001*8.51] mapped 331980 sequences
[M::worker_pipeline::173.633*8.51] mapped 332036 sequences
[M::worker_pipeline::174.195*8.52] mapped 331986 sequences
[M::worker_pipeline::174.558*8.50] mapped 332024 sequences
[M::worker_pipeline::175.655*8.51] mapped 331944 sequences
[M::worker_pipeline::176.286*8.52] mapped 331960 sequences
[M::worker_pipeline::176.900*8.52] mapped 331968 sequences
[M::worker_pipeline::177.240*8.51] mapped 332000 sequences
[M::worker_pipeline::178.170*8.53] mapped 331986 sequences
[M::worker_pipeline::178.763*8.53] mapped 332054 sequences
[M::worker_pipeline::179.301*8.53] mapped 332070 sequences
[M::worker_pipeline::179.783*8.53] mapped 332074 sequences
[M::worker_pipeline::180.530*8.54] mapped 332108 sequences
[M::worker_pipeline::181.278*8.54] mapped 332066 sequences
[M::worker_pipeline::181.936*8.54] mapped 332142 sequences
[M::worker_pipeline::182.558*8.54] mapped 332128 sequences
[M::worker_pipeline::183.173*8.54] mapped 332114 sequences
[M::worker_pipeline::183.790*8.55] mapped 332192 sequences
[M::worker_pipeline::184.413*8.55] mapped 332600 sequences
[M::worker_pipeline::185.108*8.55] mapped 332770 sequences
[M::worker_pipeline::186.008*8.56] mapped 332604 sequences
[M::worker_pipeline::186.352*8.55] mapped 332418 sequences
[M::worker_pipeline::187.022*8.55] mapped 332410 sequences
[M::worker_pipeline::187.666*8.56] mapped 332446 sequences
[M::worker_pipeline::188.313*8.56] mapped 332336 sequences
[M::worker_pipeline::188.922*8.56] mapped 332286 sequences
[M::worker_pipeline::189.545*8.57] mapped 332192 sequences
[M::worker_pipeline::190.164*8.57] mapped 332224 sequences
[M::worker_pipeline::190.790*8.57] mapped 332144 sequences
[M::worker_pipeline::191.439*8.57] mapped 332208 sequences
[M::worker_pipeline::192.063*8.57] mapped 332186 sequences
[M::worker_pipeline::192.741*8.57] mapped 332188 sequences
[M::worker_pipeline::193.378*8.58] mapped 332202 sequences
[M::worker_pipeline::194.009*8.58] mapped 332194 sequences
[M::worker_pipeline::194.695*8.59] mapped 332190 sequences
[M::worker_pipeline::199.465*8.42] mapped 332176 sequences
[M::worker_pipeline::199.818*8.41] mapped 332142 sequences
[M::worker_pipeline::200.452*8.42] mapped 332130 sequences
[M::worker_pipeline::201.077*8.42] mapped 332118 sequences
[M::worker_pipeline::201.716*8.42] mapped 332194 sequences
[M::worker_pipeline::202.176*8.42] mapped 332124 sequences
[M::worker_pipeline::202.826*8.42] mapped 332122 sequences
[M::worker_pipeline::203.542*8.43] mapped 332068 sequences
[M::worker_pipeline::204.199*8.43] mapped 332042 sequences
[M::worker_pipeline::204.826*8.43] mapped 332106 sequences
[M::worker_pipeline::205.488*8.44] mapped 332102 sequences
[M::worker_pipeline::206.108*8.44] mapped 332160 sequences
[M::worker_pipeline::206.539*8.44] mapped 332080 sequences
[M::worker_pipeline::207.392*8.45] mapped 332096 sequences
[M::worker_pipeline::207.995*8.45] mapped 332070 sequences
[M::worker_pipeline::208.437*8.45] mapped 332040 sequences
[M::worker_pipeline::209.315*8.45] mapped 332066 sequences
[M::worker_pipeline::209.975*8.46] mapped 332008 sequences
[M::worker_pipeline::210.655*8.46] mapped 332012 sequences
[M::worker_pipeline::211.217*8.46] mapped 332006 sequences
[M::worker_pipeline::211.898*8.47] mapped 332054 sequences
[M::worker_pipeline::212.463*8.47] mapped 332066 sequences
[M::worker_pipeline::213.315*8.48] mapped 332024 sequences
[M::worker_pipeline::213.729*8.47] mapped 332064 sequences
[M::worker_pipeline::214.391*8.47] mapped 332048 sequences
[M::worker_pipeline::215.031*8.47] mapped 332084 sequences
[M::worker_pipeline::215.643*8.48] mapped 332092 sequences
[M::worker_pipeline::216.274*8.48] mapped 332048 sequences
[M::worker_pipeline::216.905*8.48] mapped 332052 sequences
[M::worker_pipeline::217.544*8.48] mapped 332136 sequences
[M::worker_pipeline::218.136*8.49] mapped 332120 sequences
[M::worker_pipeline::218.494*8.48] mapped 332110 sequences
[M::worker_pipeline::219.292*8.48] mapped 332110 sequences
[M::worker_pipeline::220.084*8.49] mapped 332126 sequences
[M::worker_pipeline::220.643*8.49] mapped 332118 sequences
[M::worker_pipeline::220.999*8.48] mapped 332164 sequences
[M::worker_pipeline::222.001*8.50] mapped 332224 sequences
[M::worker_pipeline::222.664*8.50] mapped 332202 sequences
[M::worker_pipeline::223.302*8.50] mapped 332258 sequences
[M::worker_pipeline::223.831*8.50] mapped 332238 sequences
[M::worker_pipeline::224.547*8.50] mapped 332252 sequences
[M::worker_pipeline::225.196*8.50] mapped 332200 sequences
[M::worker_pipeline::225.848*8.51] mapped 332144 sequences
[M::worker_pipeline::226.537*8.51] mapped 332092 sequences
[M::worker_pipeline::227.128*8.51] mapped 331990 sequences
[M::worker_pipeline::228.132*8.52] mapped 331960 sequences
[M::worker_pipeline::228.479*8.51] mapped 331952 sequences
[M::worker_pipeline::229.182*8.51] mapped 332000 sequences
[M::worker_pipeline::229.814*8.52] mapped 332278 sequences
[M::worker_pipeline::230.449*8.52] mapped 332632 sequences
[M::worker_pipeline::231.438*8.53] mapped 332364 sequences
[M::worker_pipeline::231.789*8.52] mapped 332362 sequences
[M::worker_pipeline::232.415*8.52] mapped 332354 sequences
[M::worker_pipeline::233.022*8.52] mapped 332240 sequences
[M::worker_pipeline::233.684*8.53] mapped 332198 sequences
[M::worker_pipeline::234.342*8.53] mapped 332212 sequences
[M::worker_pipeline::234.970*8.53] mapped 332184 sequences
[M::worker_pipeline::235.662*8.54] mapped 332152 sequences
[M::worker_pipeline::236.192*8.53] mapped 332156 sequences
[M::worker_pipeline::236.877*8.54] mapped 332098 sequences
[M::worker_pipeline::237.484*8.54] mapped 332116 sequences
[M::worker_pipeline::238.193*8.54] mapped 332178 sequences
[M::worker_pipeline::238.825*8.54] mapped 332154 sequences
[M::worker_pipeline::239.561*8.55] mapped 332106 sequences
[M::worker_pipeline::240.090*8.55] mapped 332224 sequences
[M::worker_pipeline::240.748*8.55] mapped 332126 sequences
[M::worker_pipeline::241.370*8.55] mapped 332144 sequences
[M::worker_pipeline::241.946*8.55] mapped 332142 sequences
[M::worker_pipeline::242.648*8.56] mapped 332118 sequences
[M::worker_pipeline::243.202*8.56] mapped 332116 sequences
[M::worker_pipeline::243.876*8.56] mapped 332046 sequences
[M::worker_pipeline::244.665*8.57] mapped 332048 sequences
[M::worker_pipeline::245.127*8.56] mapped 332048 sequences
[M::worker_pipeline::245.780*8.57] mapped 332024 sequences
[M::worker_pipeline::246.369*8.57] mapped 332014 sequences
[M::worker_pipeline::246.722*8.56] mapped 332012 sequences
[M::worker_pipeline::247.535*8.57] mapped 331992 sequences
[M::worker_pipeline::248.002*8.56] mapped 331994 sequences
[M::worker_pipeline::248.903*8.57] mapped 331968 sequences
[M::worker_pipeline::249.639*8.57] mapped 331994 sequences
[M::worker_pipeline::250.315*8.57] mapped 332000 sequences
[M::worker_pipeline::250.947*8.57] mapped 332000 sequences
[M::worker_pipeline::251.757*8.58] mapped 331994 sequences
[M::worker_pipeline::252.209*8.57] mapped 331992 sequences
[M::worker_pipeline::252.823*8.58] mapped 331960 sequences
[M::worker_pipeline::253.445*8.58] mapped 332036 sequences
[M::worker_pipeline::254.100*8.58] mapped 332018 sequences
[M::worker_pipeline::254.724*8.58] mapped 332068 sequences
[M::worker_pipeline::255.399*8.58] mapped 332056 sequences
[M::worker_pipeline::256.156*8.59] mapped 332002 sequences
[M::worker_pipeline::256.705*8.58] mapped 331946 sequences
[M::worker_pipeline::257.361*8.58] mapped 331978 sequences
[M::worker_pipeline::258.146*8.59] mapped 332034 sequences
[M::worker_pipeline::258.619*8.59] mapped 331954 sequences
[M::worker_pipeline::259.294*8.59] mapped 331978 sequences
[M::worker_pipeline::259.900*8.59] mapped 331976 sequences
[M::worker_pipeline::265.682*8.44] mapped 332002 sequences
[M::worker_pipeline::266.029*8.44] mapped 332020 sequences
[M::worker_pipeline::266.648*8.44] mapped 332030 sequences
[M::worker_pipeline::266.995*8.43] mapped 332072 sequences
[M::worker_pipeline::267.937*8.44] mapped 332034 sequences
[M::worker_pipeline::268.571*8.44] mapped 332096 sequences
[M::worker_pipeline::269.177*8.44] mapped 332112 sequences
[M::worker_pipeline::269.826*8.44] mapped 332068 sequences
[M::worker_pipeline::270.447*8.45] mapped 332126 sequences
[M::worker_pipeline::271.077*8.45] mapped 332062 sequences
[M::worker_pipeline::271.719*8.45] mapped 332122 sequences
[M::worker_pipeline::272.397*8.45] mapped 332118 sequences
[M::worker_pipeline::273.071*8.45] mapped 332004 sequences
[M::worker_pipeline::273.892*8.46] mapped 331984 sequences
[M::worker_pipeline::274.335*8.46] mapped 331942 sequences
[M::worker_pipeline::275.021*8.46] mapped 331998 sequences
[M::worker_pipeline::275.672*8.46] mapped 332008 sequences
[M::worker_pipeline::276.633*8.47] mapped 332204 sequences
[M::worker_pipeline::276.947*8.46] mapped 332524 sequences
[M::worker_pipeline::277.572*8.46] mapped 332488 sequences
[M::worker_pipeline::278.204*8.46] mapped 332298 sequences
[M::worker_pipeline::278.744*8.47] mapped 332226 sequences
[M::worker_pipeline::279.462*8.47] mapped 332248 sequences
[M::worker_pipeline::280.074*8.47] mapped 332238 sequences
[M::worker_pipeline::280.724*8.47] mapped 332114 sequences
[M::worker_pipeline::281.557*8.48] mapped 332116 sequences
[M::worker_pipeline::281.999*8.47] mapped 332092 sequences
[M::worker_pipeline::282.594*8.48] mapped 332072 sequences
[M::worker_pipeline::283.237*8.48] mapped 332066 sequences
[M::worker_pipeline::283.560*8.47] mapped 332078 sequences
[M::worker_pipeline::284.226*8.47] mapped 332062 sequences
[M::worker_pipeline::285.209*8.48] mapped 332068 sequences
[M::worker_pipeline::285.836*8.48] mapped 332052 sequences
[M::worker_pipeline::286.258*8.48] mapped 332100 sequences
[M::worker_pipeline::287.108*8.49] mapped 332034 sequences
[M::worker_pipeline::287.459*8.48] mapped 332074 sequences
[M::worker_pipeline::288.097*8.48] mapped 332472 sequences
[M::worker_pipeline::288.884*8.48] mapped 332012 sequences
[M::worker_pipeline::289.703*8.49] mapped 332036 sequences
[M::worker_pipeline::290.380*8.49] mapped 331998 sequences
[M::worker_pipeline::290.999*8.49] mapped 332004 sequences
[M::worker_pipeline::291.607*8.49] mapped 332062 sequences
[M::worker_pipeline::292.224*8.50] mapped 332058 sequences
[M::worker_pipeline::292.838*8.50] mapped 332014 sequences
[M::worker_pipeline::293.491*8.50] mapped 331952 sequences
[M::worker_pipeline::294.277*8.51] mapped 331966 sequences
[M::worker_pipeline::294.757*8.50] mapped 331924 sequences
[M::worker_pipeline::295.362*8.50] mapped 331976 sequences
[M::worker_pipeline::295.999*8.51] mapped 332014 sequences
[M::worker_pipeline::296.615*8.51] mapped 331990 sequences
[M::worker_pipeline::297.272*8.51] mapped 332006 sequences
[M::worker_pipeline::297.908*8.51] mapped 332000 sequences
[M::worker_pipeline::298.537*8.51] mapped 331990 sequences
[M::worker_pipeline::299.170*8.51] mapped 331984 sequences
[M::worker_pipeline::299.848*8.51] mapped 332154 sequences
[M::worker_pipeline::300.528*8.51] mapped 332152 sequences
[M::worker_pipeline::301.171*8.51] mapped 332248 sequences
[M::worker_pipeline::301.806*8.52] mapped 332160 sequences
[M::worker_pipeline::302.512*8.52] mapped 332240 sequences
[M::worker_pipeline::303.008*8.52] mapped 331996 sequences
[M::worker_pipeline::303.641*8.52] mapped 331988 sequences
[M::worker_pipeline::304.241*8.52] mapped 332000 sequences
[M::worker_pipeline::304.934*8.52] mapped 331990 sequences
[M::worker_pipeline::305.732*8.53] mapped 331996 sequences
[M::worker_pipeline::306.168*8.52] mapped 332018 sequences
[M::worker_pipeline::306.834*8.53] mapped 332020 sequences
[M::worker_pipeline::307.451*8.53] mapped 332026 sequences
[M::worker_pipeline::308.098*8.53] mapped 332052 sequences
[M::worker_pipeline::308.720*8.53] mapped 332046 sequences
[M::worker_pipeline::309.042*8.52] mapped 332068 sequences
[M::worker_pipeline::309.800*8.53] mapped 332020 sequences
[M::worker_pipeline::310.641*8.53] mapped 332092 sequences
[M::worker_pipeline::311.273*8.53] mapped 332122 sequences
[M::worker_pipeline::311.904*8.53] mapped 332148 sequences
[M::worker_pipeline::312.606*8.54] mapped 332140 sequences
[M::worker_pipeline::313.189*8.54] mapped 332108 sequences
[M::worker_pipeline::313.816*8.54] mapped 332166 sequences
[M::worker_pipeline::314.433*8.54] mapped 332022 sequences
[M::worker_pipeline::315.055*8.54] mapped 331994 sequences
[M::worker_pipeline::315.653*8.54] mapped 331978 sequences
[M::worker_pipeline::316.268*8.54] mapped 331994 sequences
[M::worker_pipeline::316.803*8.54] mapped 331994 sequences
[M::worker_pipeline::317.529*8.55] mapped 331984 sequences
[M::worker_pipeline::318.058*8.55] mapped 332690 sequences
[M::worker_pipeline::318.775*8.55] mapped 332548 sequences
[M::worker_pipeline::319.274*8.55] mapped 332510 sequences
[M::worker_pipeline::319.720*8.55] mapped 332372 sequences
[M::worker_pipeline::320.709*8.55] mapped 332370 sequences
[M::worker_pipeline::321.324*8.55] mapped 332400 sequences
[M::worker_pipeline::321.681*8.55] mapped 332404 sequences
[M::worker_pipeline::322.419*8.55] mapped 332328 sequences
[M::worker_pipeline::323.330*8.56] mapped 332286 sequences
[M::worker_pipeline::323.990*8.56] mapped 332246 sequences
[M::worker_pipeline::324.621*8.56] mapped 332186 sequences
[M::worker_pipeline::325.195*8.56] mapped 332172 sequences
[M::worker_pipeline::330.094*8.47] mapped 332210 sequences
[M::worker_pipeline::330.412*8.46] mapped 332212 sequences
[M::worker_pipeline::330.973*8.46] mapped 332256 sequences
[M::worker_pipeline::331.671*8.46] mapped 332248 sequences
[M::worker_pipeline::332.313*8.46] mapped 332312 sequences
[M::worker_pipeline::332.952*8.47] mapped 332302 sequences
[M::worker_pipeline::333.577*8.47] mapped 332332 sequences
[M::worker_pipeline::334.185*8.47] mapped 332286 sequences
[M::worker_pipeline::334.834*8.47] mapped 332202 sequences
[M::worker_pipeline::335.500*8.47] mapped 332230 sequences
[M::worker_pipeline::336.301*8.48] mapped 332168 sequences
[M::worker_pipeline::336.760*8.47] mapped 332168 sequences
[M::worker_pipeline::337.407*8.47] mapped 332154 sequences
[M::worker_pipeline::338.027*8.47] mapped 332094 sequences
[M::worker_pipeline::338.678*8.48] mapped 332084 sequences
[M::worker_pipeline::339.319*8.48] mapped 332086 sequences
[M::worker_pipeline::339.958*8.48] mapped 332022 sequences
[M::worker_pipeline::340.555*8.48] mapped 332092 sequences
[M::worker_pipeline::341.296*8.48] mapped 332086 sequences
[M::worker_pipeline::341.835*8.48] mapped 332080 sequences
[M::worker_pipeline::342.452*8.48] mapped 332044 sequences
[M::worker_pipeline::343.119*8.48] mapped 332056 sequences
[M::worker_pipeline::343.764*8.48] mapped 332068 sequences
[M::worker_pipeline::344.459*8.49] mapped 332190 sequences
[M::worker_pipeline::345.097*8.49] mapped 332378 sequences
[M::worker_pipeline::345.733*8.49] mapped 332426 sequences
[M::worker_pipeline::346.346*8.49] mapped 332364 sequences
[M::worker_pipeline::346.999*8.49] mapped 332334 sequences
[M::worker_pipeline::347.651*8.49] mapped 332254 sequences
[M::worker_pipeline::348.298*8.49] mapped 332096 sequences
[M::worker_pipeline::348.950*8.49] mapped 332046 sequences
[M::worker_pipeline::349.588*8.49] mapped 332006 sequences
[M::worker_pipeline::350.183*8.50] mapped 332068 sequences
[M::worker_pipeline::350.848*8.50] mapped 332006 sequences
[M::worker_pipeline::351.456*8.50] mapped 332010 sequences
[M::worker_pipeline::352.124*8.50] mapped 332024 sequences
[M::worker_pipeline::352.781*8.50] mapped 332126 sequences
[M::worker_pipeline::353.335*8.50] mapped 332074 sequences
[M::worker_pipeline::353.956*8.50] mapped 332048 sequences
[M::worker_pipeline::354.645*8.50] mapped 332084 sequences
[M::worker_pipeline::355.317*8.50] mapped 332072 sequences
[M::worker_pipeline::355.935*8.50] mapped 332078 sequences
[M::worker_pipeline::356.689*8.51] mapped 332030 sequences
[M::worker_pipeline::357.182*8.51] mapped 332080 sequences
[M::worker_pipeline::357.810*8.51] mapped 332076 sequences
[M::worker_pipeline::358.431*8.51] mapped 332114 sequences
[M::worker_pipeline::359.056*8.51] mapped 331976 sequences
[M::worker_pipeline::359.788*8.51] mapped 332040 sequences
[M::worker_pipeline::360.324*8.51] mapped 331940 sequences
[M::worker_pipeline::360.945*8.51] mapped 331956 sequences
[M::worker_pipeline::361.577*8.51] mapped 331978 sequences
[M::worker_pipeline::362.255*8.52] mapped 332000 sequences
[M::worker_pipeline::362.602*8.51] mapped 332050 sequences
[M::worker_pipeline::362.681*8.51] mapped 67804 sequences
[M::main] Version: 2.22-r1101
[M::main] CMD: minimap2 --secondary=no -t 16 -R @RG\tID:snippy\tSM:snippy -ax sr /work/FAC/FBM/DMF/smitri/evomicrocomm/genome_size/data/at/reference.fasta /work/FAC/FBM/DMF/smitri/evomicrocomm/genome_size/data/T44.4.3/read1.fq.gz /work/FAC/FBM/DMF/smitri/evomicrocomm/genome_size/data/T44.4.3/read2.fq.gz
[M::main] Real time: 362.700 sec; CPU: 3085.776 sec; Peak RSS: 0.787 GB
[bam_sort_core] merging from 80 files and 16 in-memory blocks...
[Fri Oct 15 16:18:56 2021]
Finished job 0.
1 of 1 steps (100%) done
