Building DAG of jobs...
Using shell: /usr/bin/bash
Provided cores: 16
Rules claiming more threads will be scaled down.
Select jobs to execute...

[Fri Oct 15 16:08:12 2021]
rule mapping:
    input: /work/FAC/FBM/DMF/smitri/evomicrocomm/genome_size/data/oa/reference.fasta, /work/FAC/FBM/DMF/smitri/evomicrocomm/genome_size/data/T44.4.3/read1.fq.gz, /work/FAC/FBM/DMF/smitri/evomicrocomm/genome_size/data/T44.4.3/read2.fq.gz
    output: /work/FAC/FBM/DMF/smitri/evomicrocomm/genome_size/data/T44.4.3/oa/mapped_reads.sorted.bam
    jobid: 0
    wildcards: sample=T44.4.3, strain=oa
    threads: 16
    resources: mem_mb=22031, disk_mb=22031, tmpdir=/tmp/2811864

[M::mm_idx_gen::0.121*0.96] collected minimizers
[M::mm_idx_gen::0.140*2.57] sorted minimizers
[M::main::0.140*2.57] loaded/built the index for 2 target sequence(s)
[M::mm_mapopt_update::0.140*2.57] mid_occ = 1000
[M::mm_idx_stat] kmer size: 21; skip: 11; is_hpc: 0; #seq: 2
[M::mm_idx_stat::0.152*2.45] distinct minimizers: 845953 (98.53% are singletons); average occurrences: 1.019; average spacing: 5.999; total length: 5169535
[M::worker_pipeline::1.122*2.88] mapped 332612 sequences
[M::worker_pipeline::1.833*3.13] mapped 332670 sequences
[M::worker_pipeline::2.517*3.31] mapped 332540 sequences
[M::worker_pipeline::3.215*3.37] mapped 332454 sequences
[M::worker_pipeline::3.910*3.47] mapped 332392 sequences
[M::worker_pipeline::4.599*3.52] mapped 332404 sequences
[M::worker_pipeline::5.219*3.59] mapped 332344 sequences
[M::worker_pipeline::5.800*3.64] mapped 332328 sequences
[M::worker_pipeline::6.453*3.67] mapped 332270 sequences
[M::worker_pipeline::7.036*3.75] mapped 332298 sequences
[M::worker_pipeline::7.630*3.77] mapped 332226 sequences
[M::worker_pipeline::8.237*3.80] mapped 332218 sequences
[M::worker_pipeline::8.857*3.83] mapped 332188 sequences
[M::worker_pipeline::9.469*3.84] mapped 332200 sequences
[M::worker_pipeline::10.023*3.88] mapped 332138 sequences
[M::worker_pipeline::10.597*3.90] mapped 332192 sequences
[M::worker_pipeline::11.218*3.91] mapped 332184 sequences
[M::worker_pipeline::11.812*3.93] mapped 332190 sequences
[M::worker_pipeline::12.403*3.95] mapped 332206 sequences
[M::worker_pipeline::13.025*3.95] mapped 332156 sequences
[M::worker_pipeline::13.650*3.97] mapped 332178 sequences
[M::worker_pipeline::14.275*3.99] mapped 332188 sequences
[M::worker_pipeline::14.839*4.00] mapped 332132 sequences
[M::worker_pipeline::15.489*4.00] mapped 332134 sequences
[M::worker_pipeline::16.137*4.01] mapped 332084 sequences
[M::worker_pipeline::16.717*4.02] mapped 332148 sequences
[M::worker_pipeline::17.283*4.02] mapped 332144 sequences
[M::worker_pipeline::17.927*4.03] mapped 332120 sequences
[M::worker_pipeline::18.515*4.03] mapped 332118 sequences
[M::worker_pipeline::19.099*4.04] mapped 332114 sequences
[M::worker_pipeline::19.753*4.03] mapped 332176 sequences
[M::worker_pipeline::20.390*4.04] mapped 332122 sequences
[M::worker_pipeline::20.981*4.05] mapped 332128 sequences
[M::worker_pipeline::21.625*4.05] mapped 332046 sequences
[M::worker_pipeline::22.200*4.05] mapped 332048 sequences
[M::worker_pipeline::22.788*4.06] mapped 331998 sequences
[M::worker_pipeline::23.371*4.06] mapped 332020 sequences
[M::worker_pipeline::23.983*4.07] mapped 332024 sequences
[M::worker_pipeline::24.549*4.08] mapped 331988 sequences
[M::worker_pipeline::25.192*4.08] mapped 332002 sequences
[M::worker_pipeline::25.774*4.09] mapped 331972 sequences
[M::worker_pipeline::26.392*4.09] mapped 332000 sequences
[M::worker_pipeline::26.971*4.09] mapped 331992 sequences
[M::worker_pipeline::27.569*4.09] mapped 331914 sequences
[M::worker_pipeline::28.159*4.10] mapped 331950 sequences
[M::worker_pipeline::28.808*4.10] mapped 331940 sequences
[M::worker_pipeline::29.337*4.11] mapped 331914 sequences
[M::worker_pipeline::29.918*4.11] mapped 331894 sequences
[M::worker_pipeline::30.593*4.10] mapped 331902 sequences
[M::worker_pipeline::31.149*4.11] mapped 331896 sequences
[M::worker_pipeline::31.766*4.11] mapped 331890 sequences
[M::worker_pipeline::32.351*4.12] mapped 331904 sequences
[M::worker_pipeline::32.937*4.12] mapped 331898 sequences
[M::worker_pipeline::33.536*4.12] mapped 331920 sequences
[M::worker_pipeline::34.140*4.12] mapped 331914 sequences
[M::worker_pipeline::34.723*4.12] mapped 331936 sequences
[M::worker_pipeline::35.281*4.13] mapped 331926 sequences
[M::worker_pipeline::35.897*4.14] mapped 331924 sequences
[M::worker_pipeline::36.521*4.13] mapped 331946 sequences
[M::worker_pipeline::37.133*4.13] mapped 331972 sequences
[M::worker_pipeline::37.699*4.14] mapped 331898 sequences
[M::worker_pipeline::38.320*4.14] mapped 331956 sequences
[M::worker_pipeline::38.932*4.14] mapped 332010 sequences
[M::worker_pipeline::39.492*4.15] mapped 331982 sequences
[M::worker_pipeline::40.089*4.15] mapped 332014 sequences
[M::worker_pipeline::40.668*4.15] mapped 332028 sequences
[M::worker_pipeline::41.226*4.16] mapped 332040 sequences
[M::worker_pipeline::41.861*4.16] mapped 332348 sequences
[M::worker_pipeline::42.453*4.16] mapped 332592 sequences
[M::worker_pipeline::43.064*4.16] mapped 332470 sequences
[M::worker_pipeline::43.635*4.16] mapped 332364 sequences
[M::worker_pipeline::44.238*4.16] mapped 332382 sequences
[M::worker_pipeline::44.797*4.16] mapped 332308 sequences
[M::worker_pipeline::45.416*4.16] mapped 332220 sequences
[M::worker_pipeline::46.016*4.17] mapped 332204 sequences
[M::worker_pipeline::46.583*4.17] mapped 332194 sequences
[M::worker_pipeline::47.168*4.17] mapped 332152 sequences
[M::worker_pipeline::47.814*4.16] mapped 332158 sequences
[M::worker_pipeline::48.419*4.17] mapped 332140 sequences
[M::worker_pipeline::49.036*4.17] mapped 332186 sequences
[M::worker_pipeline::49.620*4.17] mapped 332106 sequences
[M::worker_pipeline::50.261*4.17] mapped 332188 sequences
[M::worker_pipeline::50.876*4.17] mapped 332166 sequences
[M::worker_pipeline::51.447*4.18] mapped 332196 sequences
[M::worker_pipeline::52.071*4.17] mapped 332184 sequences
[M::worker_pipeline::52.672*4.18] mapped 332192 sequences
[M::worker_pipeline::53.242*4.18] mapped 332090 sequences
[M::worker_pipeline::53.861*4.18] mapped 332132 sequences
[M::worker_pipeline::54.480*4.18] mapped 332118 sequences
[M::worker_pipeline::55.089*4.18] mapped 332032 sequences
[M::worker_pipeline::55.675*4.19] mapped 332080 sequences
[M::worker_pipeline::56.286*4.18] mapped 332074 sequences
[M::worker_pipeline::56.852*4.19] mapped 332132 sequences
[M::worker_pipeline::57.433*4.19] mapped 332110 sequences
[M::worker_pipeline::58.003*4.19] mapped 332074 sequences
[M::worker_pipeline::58.614*4.19] mapped 332044 sequences
[M::worker_pipeline::59.197*4.19] mapped 331992 sequences
[M::worker_pipeline::59.814*4.19] mapped 332060 sequences
[M::worker_pipeline::60.413*4.19] mapped 332030 sequences
[M::worker_pipeline::61.016*4.19] mapped 332040 sequences
[M::worker_pipeline::61.588*4.19] mapped 332048 sequences
[M::worker_pipeline::62.200*4.20] mapped 331980 sequences
[M::worker_pipeline::62.783*4.20] mapped 331932 sequences
[M::worker_pipeline::63.417*4.19] mapped 332014 sequences
[M::worker_pipeline::64.035*4.19] mapped 331988 sequences
[M::worker_pipeline::70.796*3.89] mapped 331992 sequences
[M::worker_pipeline::70.972*3.89] mapped 331988 sequences
[M::worker_pipeline::71.150*3.88] mapped 332020 sequences
[M::worker_pipeline::71.646*3.89] mapped 332000 sequences
[M::worker_pipeline::72.280*3.89] mapped 331952 sequences
[M::worker_pipeline::73.032*3.88] mapped 331968 sequences
[M::worker_pipeline::73.728*3.88] mapped 331962 sequences
[M::worker_pipeline::74.356*3.89] mapped 331968 sequences
[M::worker_pipeline::74.982*3.89] mapped 331986 sequences
[M::worker_pipeline::75.566*3.89] mapped 331944 sequences
[M::worker_pipeline::76.155*3.89] mapped 332000 sequences
[M::worker_pipeline::76.736*3.90] mapped 331934 sequences
[M::worker_pipeline::77.324*3.90] mapped 331972 sequences
[M::worker_pipeline::77.899*3.91] mapped 331944 sequences
[M::worker_pipeline::78.489*3.91] mapped 331944 sequences
[M::worker_pipeline::79.070*3.91] mapped 331970 sequences
[M::worker_pipeline::79.672*3.92] mapped 331958 sequences
[M::worker_pipeline::80.262*3.92] mapped 331956 sequences
[M::worker_pipeline::80.858*3.92] mapped 331922 sequences
[M::worker_pipeline::81.479*3.92] mapped 331940 sequences
[M::worker_pipeline::82.121*3.92] mapped 331986 sequences
[M::worker_pipeline::82.737*3.93] mapped 331940 sequences
[M::worker_pipeline::83.308*3.93] mapped 332034 sequences
[M::worker_pipeline::83.876*3.93] mapped 332048 sequences
[M::worker_pipeline::84.513*3.93] mapped 332030 sequences
[M::worker_pipeline::85.138*3.93] mapped 332132 sequences
[M::worker_pipeline::85.717*3.94] mapped 332074 sequences
[M::worker_pipeline::86.310*3.94] mapped 332092 sequences
[M::worker_pipeline::86.909*3.94] mapped 332152 sequences
[M::worker_pipeline::87.523*3.94] mapped 332246 sequences
[M::worker_pipeline::88.182*3.94] mapped 332694 sequences
[M::worker_pipeline::88.727*3.94] mapped 332514 sequences
[M::worker_pipeline::89.398*3.94] mapped 332474 sequences
[M::worker_pipeline::89.982*3.95] mapped 332430 sequences
[M::worker_pipeline::90.552*3.95] mapped 332374 sequences
[M::worker_pipeline::91.196*3.95] mapped 332310 sequences
[M::worker_pipeline::91.776*3.95] mapped 332328 sequences
[M::worker_pipeline::92.336*3.95] mapped 332336 sequences
[M::worker_pipeline::92.957*3.96] mapped 332224 sequences
[M::worker_pipeline::93.533*3.96] mapped 332176 sequences
[M::worker_pipeline::94.132*3.96] mapped 332170 sequences
[M::worker_pipeline::94.738*3.96] mapped 332188 sequences
[M::worker_pipeline::95.322*3.97] mapped 332182 sequences
[M::worker_pipeline::95.939*3.97] mapped 332200 sequences
[M::worker_pipeline::96.542*3.97] mapped 332214 sequences
[M::worker_pipeline::97.146*3.97] mapped 332278 sequences
[M::worker_pipeline::97.773*3.97] mapped 332340 sequences
[M::worker_pipeline::98.345*3.97] mapped 332454 sequences
[M::worker_pipeline::98.998*3.97] mapped 332738 sequences
[M::worker_pipeline::99.596*3.97] mapped 332274 sequences
[M::worker_pipeline::100.196*3.97] mapped 332288 sequences
[M::worker_pipeline::100.819*3.98] mapped 332238 sequences
[M::worker_pipeline::101.417*3.98] mapped 332224 sequences
[M::worker_pipeline::102.019*3.98] mapped 332244 sequences
[M::worker_pipeline::102.643*3.98] mapped 332206 sequences
[M::worker_pipeline::103.232*3.98] mapped 332202 sequences
[M::worker_pipeline::103.840*3.98] mapped 332104 sequences
[M::worker_pipeline::104.435*3.98] mapped 332072 sequences
[M::worker_pipeline::105.033*3.98] mapped 332054 sequences
[M::worker_pipeline::105.646*3.98] mapped 332550 sequences
[M::worker_pipeline::106.225*3.99] mapped 332232 sequences
[M::worker_pipeline::106.832*3.99] mapped 332102 sequences
[M::worker_pipeline::107.397*3.99] mapped 332054 sequences
[M::worker_pipeline::108.016*3.99] mapped 332060 sequences
[M::worker_pipeline::108.601*3.99] mapped 332082 sequences
[M::worker_pipeline::109.193*4.00] mapped 332044 sequences
[M::worker_pipeline::109.816*4.00] mapped 332072 sequences
[M::worker_pipeline::110.437*4.00] mapped 332084 sequences
[M::worker_pipeline::111.047*4.00] mapped 332054 sequences
[M::worker_pipeline::111.642*4.00] mapped 332014 sequences
[M::worker_pipeline::112.252*4.00] mapped 331994 sequences
[M::worker_pipeline::112.813*4.00] mapped 332014 sequences
[M::worker_pipeline::113.423*4.00] mapped 331960 sequences
[M::worker_pipeline::114.027*4.01] mapped 331956 sequences
[M::worker_pipeline::114.582*4.01] mapped 331938 sequences
[M::worker_pipeline::115.192*4.01] mapped 331920 sequences
[M::worker_pipeline::115.796*4.01] mapped 331906 sequences
[M::worker_pipeline::116.385*4.01] mapped 331930 sequences
[M::worker_pipeline::116.938*4.01] mapped 331920 sequences
[M::worker_pipeline::117.539*4.02] mapped 331916 sequences
[M::worker_pipeline::118.145*4.02] mapped 331890 sequences
[M::worker_pipeline::118.709*4.02] mapped 331912 sequences
[M::worker_pipeline::119.246*4.02] mapped 331914 sequences
[M::worker_pipeline::119.911*4.02] mapped 331894 sequences
[M::worker_pipeline::120.484*4.02] mapped 331892 sequences
[M::worker_pipeline::121.043*4.02] mapped 331928 sequences
[M::worker_pipeline::121.654*4.03] mapped 331890 sequences
[M::worker_pipeline::122.233*4.03] mapped 331914 sequences
[M::worker_pipeline::122.860*4.03] mapped 331942 sequences
[M::worker_pipeline::123.456*4.03] mapped 331966 sequences
[M::worker_pipeline::123.996*4.03] mapped 331994 sequences
[M::worker_pipeline::124.611*4.03] mapped 332052 sequences
[M::worker_pipeline::125.248*4.03] mapped 331994 sequences
[M::worker_pipeline::125.809*4.04] mapped 331988 sequences
[M::worker_pipeline::126.414*4.04] mapped 332038 sequences
[M::worker_pipeline::127.004*4.04] mapped 332068 sequences
[M::worker_pipeline::127.549*4.04] mapped 332122 sequences
[M::worker_pipeline::128.152*4.04] mapped 332712 sequences
[M::worker_pipeline::128.780*4.04] mapped 332786 sequences
[M::worker_pipeline::129.374*4.04] mapped 332544 sequences
[M::worker_pipeline::129.959*4.04] mapped 332486 sequences
[M::worker_pipeline::130.567*4.04] mapped 332474 sequences
[M::worker_pipeline::131.142*4.04] mapped 332394 sequences
[M::worker_pipeline::131.801*4.04] mapped 332338 sequences
[M::worker_pipeline::132.414*4.04] mapped 332320 sequences
[M::worker_pipeline::137.985*3.93] mapped 332232 sequences
[M::worker_pipeline::138.164*3.93] mapped 332270 sequences
[M::worker_pipeline::138.351*3.93] mapped 332242 sequences
[M::worker_pipeline::138.843*3.93] mapped 332234 sequences
[M::worker_pipeline::139.459*3.93] mapped 332236 sequences
[M::worker_pipeline::140.082*3.93] mapped 332296 sequences
[M::worker_pipeline::140.698*3.93] mapped 332342 sequences
[M::worker_pipeline::141.318*3.93] mapped 332422 sequences
[M::worker_pipeline::141.934*3.93] mapped 332456 sequences
[M::worker_pipeline::142.515*3.93] mapped 332470 sequences
[M::worker_pipeline::143.108*3.94] mapped 332424 sequences
[M::worker_pipeline::143.691*3.94] mapped 332348 sequences
[M::worker_pipeline::144.350*3.94] mapped 332270 sequences
[M::worker_pipeline::144.982*3.94] mapped 332266 sequences
[M::worker_pipeline::145.563*3.94] mapped 332248 sequences
[M::worker_pipeline::146.139*3.94] mapped 332236 sequences
[M::worker_pipeline::146.755*3.94] mapped 332286 sequences
[M::worker_pipeline::147.346*3.94] mapped 332340 sequences
[M::worker_pipeline::147.991*3.94] mapped 332282 sequences
[M::worker_pipeline::148.598*3.94] mapped 332226 sequences
[M::worker_pipeline::149.186*3.95] mapped 332250 sequences
[M::worker_pipeline::149.767*3.95] mapped 332170 sequences
[M::worker_pipeline::150.381*3.95] mapped 332142 sequences
[M::worker_pipeline::150.983*3.95] mapped 332174 sequences
[M::worker_pipeline::151.562*3.95] mapped 332194 sequences
[M::worker_pipeline::152.176*3.95] mapped 332306 sequences
[M::worker_pipeline::152.783*3.95] mapped 332204 sequences
[M::worker_pipeline::153.376*3.95] mapped 332224 sequences
[M::worker_pipeline::154.010*3.95] mapped 332170 sequences
[M::worker_pipeline::154.604*3.96] mapped 332094 sequences
[M::worker_pipeline::155.187*3.96] mapped 332136 sequences
[M::worker_pipeline::155.817*3.96] mapped 332110 sequences
[M::worker_pipeline::156.449*3.96] mapped 332128 sequences
[M::worker_pipeline::157.043*3.96] mapped 332072 sequences
[M::worker_pipeline::157.654*3.96] mapped 332064 sequences
[M::worker_pipeline::158.269*3.96] mapped 332132 sequences
[M::worker_pipeline::158.868*3.96] mapped 332076 sequences
[M::worker_pipeline::159.460*3.96] mapped 332110 sequences
[M::worker_pipeline::160.064*3.96] mapped 332044 sequences
[M::worker_pipeline::160.687*3.96] mapped 332070 sequences
[M::worker_pipeline::161.255*3.97] mapped 332012 sequences
[M::worker_pipeline::161.869*3.97] mapped 331980 sequences
[M::worker_pipeline::162.472*3.97] mapped 332036 sequences
[M::worker_pipeline::163.055*3.97] mapped 331986 sequences
[M::worker_pipeline::163.715*3.97] mapped 332024 sequences
[M::worker_pipeline::164.326*3.97] mapped 331944 sequences
[M::worker_pipeline::164.856*3.97] mapped 331960 sequences
[M::worker_pipeline::165.505*3.97] mapped 331968 sequences
[M::worker_pipeline::166.077*3.97] mapped 332000 sequences
[M::worker_pipeline::166.669*3.98] mapped 331986 sequences
[M::worker_pipeline::167.287*3.98] mapped 332054 sequences
[M::worker_pipeline::167.898*3.98] mapped 332070 sequences
[M::worker_pipeline::168.529*3.98] mapped 332074 sequences
[M::worker_pipeline::169.130*3.98] mapped 332108 sequences
[M::worker_pipeline::169.727*3.98] mapped 332066 sequences
[M::worker_pipeline::170.321*3.98] mapped 332142 sequences
[M::worker_pipeline::170.906*3.98] mapped 332128 sequences
[M::worker_pipeline::171.487*3.98] mapped 332114 sequences
[M::worker_pipeline::172.094*3.98] mapped 332192 sequences
[M::worker_pipeline::172.726*3.98] mapped 332600 sequences
[M::worker_pipeline::173.329*3.98] mapped 332770 sequences
[M::worker_pipeline::173.925*3.98] mapped 332604 sequences
[M::worker_pipeline::174.510*3.99] mapped 332418 sequences
[M::worker_pipeline::175.091*3.99] mapped 332410 sequences
[M::worker_pipeline::175.694*3.99] mapped 332446 sequences
[M::worker_pipeline::176.276*3.99] mapped 332336 sequences
[M::worker_pipeline::176.896*3.99] mapped 332286 sequences
[M::worker_pipeline::177.476*3.99] mapped 332192 sequences
[M::worker_pipeline::178.092*3.99] mapped 332224 sequences
[M::worker_pipeline::178.694*3.99] mapped 332144 sequences
[M::worker_pipeline::179.262*3.99] mapped 332208 sequences
[M::worker_pipeline::179.929*3.99] mapped 332186 sequences
[M::worker_pipeline::180.510*3.99] mapped 332188 sequences
[M::worker_pipeline::181.088*4.00] mapped 332202 sequences
[M::worker_pipeline::181.658*4.00] mapped 332194 sequences
[M::worker_pipeline::182.239*4.00] mapped 332190 sequences
[M::worker_pipeline::182.817*4.00] mapped 332176 sequences
[M::worker_pipeline::183.464*4.00] mapped 332142 sequences
[M::worker_pipeline::184.054*4.00] mapped 332130 sequences
[M::worker_pipeline::184.621*4.00] mapped 332118 sequences
[M::worker_pipeline::185.269*4.00] mapped 332194 sequences
[M::worker_pipeline::185.859*4.00] mapped 332124 sequences
[M::worker_pipeline::186.460*4.00] mapped 332122 sequences
[M::worker_pipeline::187.041*4.00] mapped 332068 sequences
[M::worker_pipeline::187.607*4.00] mapped 332042 sequences
[M::worker_pipeline::188.261*4.00] mapped 332106 sequences
[M::worker_pipeline::188.852*4.01] mapped 332102 sequences
[M::worker_pipeline::189.415*4.01] mapped 332160 sequences
[M::worker_pipeline::190.034*4.01] mapped 332080 sequences
[M::worker_pipeline::190.644*4.01] mapped 332096 sequences
[M::worker_pipeline::191.223*4.01] mapped 332070 sequences
[M::worker_pipeline::191.797*4.01] mapped 332040 sequences
[M::worker_pipeline::192.403*4.01] mapped 332066 sequences
[M::worker_pipeline::193.005*4.01] mapped 332008 sequences
[M::worker_pipeline::193.597*4.01] mapped 332012 sequences
[M::worker_pipeline::194.216*4.01] mapped 332006 sequences
[M::worker_pipeline::194.783*4.01] mapped 332054 sequences
[M::worker_pipeline::195.373*4.01] mapped 332066 sequences
[M::worker_pipeline::195.966*4.01] mapped 332024 sequences
[M::worker_pipeline::196.539*4.01] mapped 332064 sequences
[M::worker_pipeline::197.125*4.02] mapped 332048 sequences
[M::worker_pipeline::197.724*4.02] mapped 332084 sequences
[M::worker_pipeline::198.309*4.02] mapped 332092 sequences
[M::worker_pipeline::198.887*4.02] mapped 332048 sequences
[M::worker_pipeline::199.484*4.02] mapped 332052 sequences
[M::worker_pipeline::200.060*4.02] mapped 332136 sequences
[M::worker_pipeline::205.621*3.95] mapped 332120 sequences
[M::worker_pipeline::205.805*3.94] mapped 332110 sequences
[M::worker_pipeline::205.990*3.94] mapped 332110 sequences
[M::worker_pipeline::206.490*3.94] mapped 332126 sequences
[M::worker_pipeline::207.076*3.95] mapped 332118 sequences
[M::worker_pipeline::207.668*3.95] mapped 332164 sequences
[M::worker_pipeline::208.278*3.95] mapped 332224 sequences
[M::worker_pipeline::208.941*3.95] mapped 332202 sequences
[M::worker_pipeline::209.474*3.95] mapped 332258 sequences
[M::worker_pipeline::210.095*3.95] mapped 332238 sequences
[M::worker_pipeline::210.642*3.95] mapped 332252 sequences
[M::worker_pipeline::211.260*3.95] mapped 332200 sequences
[M::worker_pipeline::211.825*3.95] mapped 332144 sequences
[M::worker_pipeline::212.435*3.95] mapped 332092 sequences
[M::worker_pipeline::213.070*3.95] mapped 331990 sequences
[M::worker_pipeline::213.642*3.95] mapped 331960 sequences
[M::worker_pipeline::214.246*3.96] mapped 331952 sequences
[M::worker_pipeline::214.837*3.96] mapped 332000 sequences
[M::worker_pipeline::215.479*3.96] mapped 332278 sequences
[M::worker_pipeline::216.080*3.96] mapped 332632 sequences
[M::worker_pipeline::216.680*3.96] mapped 332364 sequences
[M::worker_pipeline::217.287*3.96] mapped 332362 sequences
[M::worker_pipeline::217.841*3.96] mapped 332354 sequences
[M::worker_pipeline::218.456*3.96] mapped 332240 sequences
[M::worker_pipeline::219.072*3.96] mapped 332198 sequences
[M::worker_pipeline::219.673*3.96] mapped 332212 sequences
[M::worker_pipeline::220.272*3.96] mapped 332184 sequences
[M::worker_pipeline::220.855*3.96] mapped 332152 sequences
[M::worker_pipeline::221.420*3.97] mapped 332156 sequences
[M::worker_pipeline::222.011*3.97] mapped 332098 sequences
[M::worker_pipeline::222.593*3.97] mapped 332116 sequences
[M::worker_pipeline::223.214*3.97] mapped 332178 sequences
[M::worker_pipeline::223.809*3.97] mapped 332154 sequences
[M::worker_pipeline::224.406*3.97] mapped 332106 sequences
[M::worker_pipeline::224.985*3.97] mapped 332224 sequences
[M::worker_pipeline::225.579*3.97] mapped 332126 sequences
[M::worker_pipeline::226.174*3.97] mapped 332144 sequences
[M::worker_pipeline::226.786*3.97] mapped 332142 sequences
[M::worker_pipeline::227.423*3.97] mapped 332118 sequences
[M::worker_pipeline::228.044*3.97] mapped 332116 sequences
[M::worker_pipeline::228.606*3.97] mapped 332046 sequences
[M::worker_pipeline::229.216*3.98] mapped 332048 sequences
[M::worker_pipeline::229.832*3.98] mapped 332048 sequences
[M::worker_pipeline::230.403*3.98] mapped 332024 sequences
[M::worker_pipeline::231.022*3.98] mapped 332014 sequences
[M::worker_pipeline::231.628*3.98] mapped 332012 sequences
[M::worker_pipeline::232.177*3.98] mapped 331992 sequences
[M::worker_pipeline::232.845*3.98] mapped 331994 sequences
[M::worker_pipeline::233.415*3.98] mapped 331968 sequences
[M::worker_pipeline::234.005*3.98] mapped 331994 sequences
[M::worker_pipeline::234.627*3.98] mapped 332000 sequences
[M::worker_pipeline::235.244*3.98] mapped 332000 sequences
[M::worker_pipeline::235.816*3.99] mapped 331994 sequences
[M::worker_pipeline::236.407*3.99] mapped 331992 sequences
[M::worker_pipeline::237.086*3.99] mapped 331960 sequences
[M::worker_pipeline::237.660*3.99] mapped 332036 sequences
[M::worker_pipeline::238.229*3.99] mapped 332018 sequences
[M::worker_pipeline::238.824*3.99] mapped 332068 sequences
[M::worker_pipeline::239.398*3.99] mapped 332056 sequences
[M::worker_pipeline::239.975*3.99] mapped 332002 sequences
[M::worker_pipeline::240.570*3.99] mapped 331946 sequences
[M::worker_pipeline::241.164*3.99] mapped 331978 sequences
[M::worker_pipeline::241.740*3.99] mapped 332034 sequences
[M::worker_pipeline::242.332*3.99] mapped 331954 sequences
[M::worker_pipeline::242.949*3.99] mapped 331978 sequences
[M::worker_pipeline::243.527*4.00] mapped 331976 sequences
[M::worker_pipeline::244.087*4.00] mapped 332002 sequences
[M::worker_pipeline::244.667*4.00] mapped 332020 sequences
[M::worker_pipeline::245.262*4.00] mapped 332030 sequences
[M::worker_pipeline::245.856*4.00] mapped 332072 sequences
[M::worker_pipeline::246.431*4.00] mapped 332034 sequences
[M::worker_pipeline::247.046*4.00] mapped 332096 sequences
[M::worker_pipeline::247.636*4.00] mapped 332112 sequences
[M::worker_pipeline::248.235*4.00] mapped 332068 sequences
[M::worker_pipeline::248.776*4.00] mapped 332126 sequences
[M::worker_pipeline::249.373*4.00] mapped 332062 sequences
[M::worker_pipeline::249.969*4.00] mapped 332122 sequences
[M::worker_pipeline::250.599*4.00] mapped 332118 sequences
[M::worker_pipeline::251.203*4.00] mapped 332004 sequences
[M::worker_pipeline::251.766*4.00] mapped 331984 sequences
[M::worker_pipeline::252.347*4.01] mapped 331942 sequences
[M::worker_pipeline::252.956*4.01] mapped 331998 sequences
[M::worker_pipeline::253.512*4.01] mapped 332008 sequences
[M::worker_pipeline::254.134*4.01] mapped 332204 sequences
[M::worker_pipeline::254.740*4.01] mapped 332524 sequences
[M::worker_pipeline::255.334*4.01] mapped 332488 sequences
[M::worker_pipeline::255.925*4.01] mapped 332298 sequences
[M::worker_pipeline::256.535*4.01] mapped 332226 sequences
[M::worker_pipeline::257.100*4.01] mapped 332248 sequences
[M::worker_pipeline::257.768*4.01] mapped 332238 sequences
[M::worker_pipeline::258.343*4.01] mapped 332114 sequences
[M::worker_pipeline::258.918*4.01] mapped 332116 sequences
[M::worker_pipeline::259.503*4.01] mapped 332092 sequences
[M::worker_pipeline::260.133*4.01] mapped 332072 sequences
[M::worker_pipeline::260.744*4.01] mapped 332066 sequences
[M::worker_pipeline::261.344*4.01] mapped 332078 sequences
[M::worker_pipeline::261.908*4.01] mapped 332062 sequences
[M::worker_pipeline::262.498*4.02] mapped 332068 sequences
[M::worker_pipeline::263.050*4.02] mapped 332052 sequences
[M::worker_pipeline::263.667*4.02] mapped 332100 sequences
[M::worker_pipeline::264.275*4.02] mapped 332034 sequences
[M::worker_pipeline::264.855*4.02] mapped 332074 sequences
[M::worker_pipeline::265.459*4.02] mapped 332472 sequences
[M::worker_pipeline::266.072*4.02] mapped 332012 sequences
[M::worker_pipeline::266.715*4.02] mapped 332036 sequences
[M::worker_pipeline::271.864*3.97] mapped 331998 sequences
[M::worker_pipeline::272.039*3.97] mapped 332004 sequences
[M::worker_pipeline::272.213*3.97] mapped 332062 sequences
[M::worker_pipeline::272.725*3.97] mapped 332058 sequences
[M::worker_pipeline::273.353*3.97] mapped 332014 sequences
[M::worker_pipeline::273.936*3.97] mapped 331952 sequences
[M::worker_pipeline::274.559*3.97] mapped 331966 sequences
[M::worker_pipeline::275.160*3.97] mapped 331924 sequences
[M::worker_pipeline::275.745*3.97] mapped 331976 sequences
[M::worker_pipeline::276.347*3.97] mapped 332014 sequences
[M::worker_pipeline::276.948*3.97] mapped 331990 sequences
[M::worker_pipeline::277.540*3.97] mapped 332006 sequences
[M::worker_pipeline::278.123*3.97] mapped 332000 sequences
[M::worker_pipeline::278.754*3.97] mapped 331990 sequences
[M::worker_pipeline::279.356*3.97] mapped 331984 sequences
[M::worker_pipeline::279.931*3.97] mapped 332154 sequences
[M::worker_pipeline::280.543*3.97] mapped 332152 sequences
[M::worker_pipeline::281.116*3.98] mapped 332248 sequences
[M::worker_pipeline::281.704*3.98] mapped 332160 sequences
[M::worker_pipeline::282.277*3.98] mapped 332240 sequences
[M::worker_pipeline::282.909*3.98] mapped 331996 sequences
[M::worker_pipeline::283.493*3.98] mapped 331988 sequences
[M::worker_pipeline::284.096*3.98] mapped 332000 sequences
[M::worker_pipeline::284.718*3.98] mapped 331990 sequences
[M::worker_pipeline::285.296*3.98] mapped 331996 sequences
[M::worker_pipeline::285.878*3.98] mapped 332018 sequences
[M::worker_pipeline::286.454*3.98] mapped 332020 sequences
[M::worker_pipeline::287.068*3.98] mapped 332026 sequences
[M::worker_pipeline::287.690*3.98] mapped 332052 sequences
[M::worker_pipeline::288.275*3.98] mapped 332046 sequences
[M::worker_pipeline::288.837*3.98] mapped 332068 sequences
[M::worker_pipeline::289.439*3.98] mapped 332020 sequences
[M::worker_pipeline::290.018*3.98] mapped 332092 sequences
[M::worker_pipeline::290.590*3.99] mapped 332122 sequences
[M::worker_pipeline::291.176*3.99] mapped 332148 sequences
[M::worker_pipeline::291.788*3.99] mapped 332140 sequences
[M::worker_pipeline::292.375*3.99] mapped 332108 sequences
[M::worker_pipeline::292.971*3.99] mapped 332166 sequences
[M::worker_pipeline::293.569*3.99] mapped 332022 sequences
[M::worker_pipeline::294.160*3.99] mapped 331994 sequences
[M::worker_pipeline::294.729*3.99] mapped 331978 sequences
[M::worker_pipeline::295.373*3.99] mapped 331994 sequences
[M::worker_pipeline::295.977*3.99] mapped 331994 sequences
[M::worker_pipeline::296.606*3.99] mapped 331984 sequences
[M::worker_pipeline::297.220*3.99] mapped 332690 sequences
[M::worker_pipeline::297.850*3.99] mapped 332548 sequences
[M::worker_pipeline::298.399*3.99] mapped 332510 sequences
[M::worker_pipeline::298.978*3.99] mapped 332372 sequences
[M::worker_pipeline::299.584*3.99] mapped 332370 sequences
[M::worker_pipeline::300.204*3.99] mapped 332400 sequences
[M::worker_pipeline::300.793*3.99] mapped 332404 sequences
[M::worker_pipeline::301.412*3.99] mapped 332328 sequences
[M::worker_pipeline::302.014*3.99] mapped 332286 sequences
[M::worker_pipeline::302.625*4.00] mapped 332246 sequences
[M::worker_pipeline::303.277*4.00] mapped 332186 sequences
[M::worker_pipeline::303.864*4.00] mapped 332172 sequences
[M::worker_pipeline::304.472*4.00] mapped 332210 sequences
[M::worker_pipeline::305.065*4.00] mapped 332212 sequences
[M::worker_pipeline::305.640*4.00] mapped 332256 sequences
[M::worker_pipeline::306.238*4.00] mapped 332248 sequences
[M::worker_pipeline::306.839*4.00] mapped 332312 sequences
[M::worker_pipeline::307.461*4.00] mapped 332302 sequences
[M::worker_pipeline::308.072*4.00] mapped 332332 sequences
[M::worker_pipeline::308.687*4.00] mapped 332286 sequences
[M::worker_pipeline::309.274*4.00] mapped 332202 sequences
[M::worker_pipeline::309.863*4.00] mapped 332230 sequences
[M::worker_pipeline::310.438*4.00] mapped 332168 sequences
[M::worker_pipeline::311.050*4.00] mapped 332168 sequences
[M::worker_pipeline::311.635*4.00] mapped 332154 sequences
[M::worker_pipeline::312.223*4.00] mapped 332094 sequences
[M::worker_pipeline::312.845*4.01] mapped 332084 sequences
[M::worker_pipeline::313.406*4.01] mapped 332086 sequences
[M::worker_pipeline::313.971*4.01] mapped 332022 sequences
[M::worker_pipeline::314.602*4.01] mapped 332092 sequences
[M::worker_pipeline::315.227*4.01] mapped 332086 sequences
[M::worker_pipeline::315.797*4.01] mapped 332080 sequences
[M::worker_pipeline::316.422*4.01] mapped 332044 sequences
[M::worker_pipeline::316.999*4.01] mapped 332056 sequences
[M::worker_pipeline::317.591*4.01] mapped 332068 sequences
[M::worker_pipeline::318.234*4.01] mapped 332190 sequences
[M::worker_pipeline::318.810*4.01] mapped 332378 sequences
[M::worker_pipeline::319.390*4.01] mapped 332426 sequences
[M::worker_pipeline::319.978*4.01] mapped 332364 sequences
[M::worker_pipeline::320.576*4.01] mapped 332334 sequences
[M::worker_pipeline::321.176*4.01] mapped 332254 sequences
[M::worker_pipeline::321.745*4.01] mapped 332096 sequences
[M::worker_pipeline::322.330*4.01] mapped 332046 sequences
[M::worker_pipeline::322.922*4.01] mapped 332006 sequences
[M::worker_pipeline::323.533*4.01] mapped 332068 sequences
[M::worker_pipeline::324.128*4.01] mapped 332006 sequences
[M::worker_pipeline::324.722*4.02] mapped 332010 sequences
[M::worker_pipeline::325.316*4.02] mapped 332024 sequences
[M::worker_pipeline::325.933*4.02] mapped 332126 sequences
[M::worker_pipeline::326.561*4.02] mapped 332074 sequences
[M::worker_pipeline::327.157*4.02] mapped 332048 sequences
[M::worker_pipeline::327.750*4.02] mapped 332084 sequences
[M::worker_pipeline::328.343*4.02] mapped 332072 sequences
[M::worker_pipeline::328.914*4.02] mapped 332078 sequences
[M::worker_pipeline::329.466*4.02] mapped 332030 sequences
[M::worker_pipeline::330.060*4.02] mapped 332080 sequences
[M::worker_pipeline::330.695*4.02] mapped 332076 sequences
[M::worker_pipeline::331.306*4.02] mapped 332114 sequences
[M::worker_pipeline::331.886*4.02] mapped 331976 sequences
[M::worker_pipeline::332.491*4.02] mapped 332040 sequences
[M::worker_pipeline::333.064*4.02] mapped 331940 sequences
[M::worker_pipeline::338.195*3.98] mapped 331956 sequences
[M::worker_pipeline::338.377*3.98] mapped 331978 sequences
[M::worker_pipeline::338.546*3.98] mapped 332000 sequences
[M::worker_pipeline::339.080*3.98] mapped 332050 sequences
[M::worker_pipeline::339.119*3.98] mapped 67804 sequences
[M::main] Version: 2.22-r1101
[M::main] CMD: minimap2 --secondary=no -t 16 -R @RG\tID:snippy\tSM:snippy -ax sr /work/FAC/FBM/DMF/smitri/evomicrocomm/genome_size/data/oa/reference.fasta /work/FAC/FBM/DMF/smitri/evomicrocomm/genome_size/data/T44.4.3/read1.fq.gz /work/FAC/FBM/DMF/smitri/evomicrocomm/genome_size/data/T44.4.3/read2.fq.gz
[M::main] Real time: 339.137 sec; CPU: 1350.732 sec; Peak RSS: 0.496 GB
[bam_sort_core] merging from 80 files and 16 in-memory blocks...
[Fri Oct 15 16:17:58 2021]
Finished job 0.
1 of 1 steps (100%) done
