Building DAG of jobs...
Using shell: /usr/bin/bash
Provided cores: 16
Rules claiming more threads will be scaled down.
Select jobs to execute...

[Sun Oct 17 22:38:33 2021]
rule mapping:
    input: /work/FAC/FBM/DMF/smitri/evomicrocomm/genome_size/data/ct/reference.fasta, /work/FAC/FBM/DMF/smitri/evomicrocomm/genome_size/data/T44.2.3.rep/read1.fq.gz, /work/FAC/FBM/DMF/smitri/evomicrocomm/genome_size/data/T44.2.3.rep/read2.fq.gz
    output: /work/FAC/FBM/DMF/smitri/evomicrocomm/genome_size/data/T44.2.3.rep/ct/mapped_reads.sorted.bam
    jobid: 0
    wildcards: sample=T44.2.3.rep, strain=ct
    threads: 16
    resources: mem_mb=1942, disk_mb=1942, tmpdir=/tmp/2846070

[M::mm_idx_gen::0.146*0.93] collected minimizers
[M::mm_idx_gen::0.170*1.54] sorted minimizers
[M::main::0.170*1.54] loaded/built the index for 2 target sequence(s)
[M::mm_mapopt_update::0.170*1.54] mid_occ = 1000
[M::mm_idx_stat] kmer size: 21; skip: 11; is_hpc: 0; #seq: 2
[M::mm_idx_stat::0.184*1.50] distinct minimizers: 993850 (99.11% are singletons); average occurrences: 1.021; average spacing: 5.998; total length: 6084391
[M::worker_pipeline::1.998*3.65] mapped 332266 sequences
[M::worker_pipeline::3.045*4.57] mapped 332110 sequences
[M::worker_pipeline::3.908*5.30] mapped 332118 sequences
[M::worker_pipeline::5.239*6.42] mapped 332010 sequences
[M::worker_pipeline::5.819*6.80] mapped 331934 sequences
[M::worker_pipeline::6.637*7.02] mapped 332062 sequences
[M::worker_pipeline::7.340*7.41] mapped 332196 sequences
[M::worker_pipeline::8.133*7.64] mapped 332124 sequences
[M::worker_pipeline::8.838*7.78] mapped 332038 sequences
[M::worker_pipeline::9.470*7.79] mapped 331966 sequences
[M::worker_pipeline::10.097*7.92] mapped 331934 sequences
[M::worker_pipeline::10.990*7.98] mapped 332178 sequences
[M::worker_pipeline::12.025*8.26] mapped 332204 sequences
[M::worker_pipeline::12.430*8.05] mapped 332298 sequences
[M::worker_pipeline::13.420*8.21] mapped 332138 sequences
[M::worker_pipeline::13.987*8.13] mapped 331958 sequences
[M::worker_pipeline::14.507*8.05] mapped 331924 sequences
[M::worker_pipeline::16.116*8.21] mapped 332188 sequences
[M::worker_pipeline::16.523*8.06] mapped 332260 sequences
[M::worker_pipeline::17.286*8.09] mapped 332282 sequences
[M::worker_pipeline::18.417*8.27] mapped 332152 sequences
[M::worker_pipeline::18.823*8.13] mapped 332104 sequences
[M::worker_pipeline::19.742*8.21] mapped 332042 sequences
[M::worker_pipeline::20.297*8.20] mapped 332284 sequences
[M::worker_pipeline::21.451*8.32] mapped 332176 sequences
[M::worker_pipeline::21.865*8.20] mapped 332090 sequences
[M::worker_pipeline::22.625*8.21] mapped 332064 sequences
[M::worker_pipeline::23.561*8.35] mapped 332128 sequences
[M::worker_pipeline::23.980*8.29] mapped 332146 sequences
[M::worker_pipeline::24.732*8.30] mapped 332244 sequences
[M::worker_pipeline::25.487*8.32] mapped 332152 sequences
[M::worker_pipeline::26.699*8.27] mapped 332044 sequences
[M::worker_pipeline::27.747*8.31] mapped 331982 sequences
[M::worker_pipeline::28.223*8.21] mapped 332060 sequences
[M::worker_pipeline::29.075*8.20] mapped 332100 sequences
[M::worker_pipeline::30.176*8.29] mapped 332128 sequences
[M::worker_pipeline::30.562*8.21] mapped 332076 sequences
[M::worker_pipeline::31.255*8.24] mapped 332000 sequences
[M::worker_pipeline::32.026*8.29] mapped 332088 sequences
[M::worker_pipeline::33.088*8.36] mapped 332094 sequences
[M::worker_pipeline::33.483*8.28] mapped 332196 sequences
[M::worker_pipeline::34.693*8.36] mapped 332228 sequences
[M::worker_pipeline::35.181*8.27] mapped 332196 sequences
[M::worker_pipeline::35.908*8.28] mapped 332126 sequences
[M::worker_pipeline::36.394*8.24] mapped 332130 sequences
[M::worker_pipeline::37.259*8.20] mapped 332010 sequences
[M::worker_pipeline::37.397*8.18] mapped 94008 sequences
[M::main] Version: 2.22-r1101
[M::main] CMD: minimap2 --secondary=no -t 16 -R @RG\tID:snippy\tSM:snippy -ax sr /work/FAC/FBM/DMF/smitri/evomicrocomm/genome_size/data/ct/reference.fasta /work/FAC/FBM/DMF/smitri/evomicrocomm/genome_size/data/T44.2.3.rep/read1.fq.gz /work/FAC/FBM/DMF/smitri/evomicrocomm/genome_size/data/T44.2.3.rep/read2.fq.gz
[M::main] Real time: 37.426 sec; CPU: 305.768 sec; Peak RSS: 0.710 GB
[bam_sort_core] merging from 0 files and 16 in-memory blocks...
[Sun Oct 17 22:39:29 2021]
Finished job 0.
1 of 1 steps (100%) done
