Building DAG of jobs...
Using shell: /usr/bin/bash
Provided cores: 16
Rules claiming more threads will be scaled down.
Select jobs to execute...

[Sun Oct 17 22:42:57 2021]
rule mapping:
    input: /work/FAC/FBM/DMF/smitri/evomicrocomm/genome_size/data/ct/reference.fasta, /work/FAC/FBM/DMF/smitri/evomicrocomm/genome_size/data/T33.4.3.rep/read1.fq.gz, /work/FAC/FBM/DMF/smitri/evomicrocomm/genome_size/data/T33.4.3.rep/read2.fq.gz
    output: /work/FAC/FBM/DMF/smitri/evomicrocomm/genome_size/data/T33.4.3.rep/ct/mapped_reads.sorted.bam
    jobid: 0
    wildcards: sample=T33.4.3.rep, strain=ct
    threads: 16
    resources: mem_mb=21735, disk_mb=21735, tmpdir=/tmp/2846156

[M::mm_idx_gen::0.161*0.85] collected minimizers
[M::mm_idx_gen::0.184*1.23] sorted minimizers
[M::main::0.184*1.23] loaded/built the index for 2 target sequence(s)
[M::mm_mapopt_update::0.184*1.23] mid_occ = 1000
[M::mm_idx_stat] kmer size: 21; skip: 11; is_hpc: 0; #seq: 2
[M::mm_idx_stat::0.197*1.22] distinct minimizers: 993850 (99.11% are singletons); average occurrences: 1.021; average spacing: 5.998; total length: 6084391
[M::worker_pipeline::1.475*2.13] mapped 332796 sequences
[M::worker_pipeline::2.349*2.43] mapped 332832 sequences
[M::worker_pipeline::3.237*2.60] mapped 332714 sequences
[M::worker_pipeline::4.093*2.71] mapped 332592 sequences
[M::worker_pipeline::5.004*2.79] mapped 332596 sequences
[M::worker_pipeline::5.734*2.90] mapped 332560 sequences
[M::worker_pipeline::6.346*3.04] mapped 332494 sequences
[M::worker_pipeline::7.005*3.12] mapped 332472 sequences
[M::worker_pipeline::7.677*3.19] mapped 332356 sequences
[M::worker_pipeline::8.198*3.28] mapped 332370 sequences
[M::worker_pipeline::8.826*3.33] mapped 332360 sequences
[M::worker_pipeline::9.584*3.35] mapped 332366 sequences
[M::worker_pipeline::10.067*3.43] mapped 332332 sequences
[M::worker_pipeline::10.760*3.45] mapped 332308 sequences
[M::worker_pipeline::11.448*3.47] mapped 332254 sequences
[M::worker_pipeline::11.933*3.52] mapped 332380 sequences
[M::worker_pipeline::12.626*3.53] mapped 332344 sequences
[M::worker_pipeline::13.317*3.55] mapped 332332 sequences
[M::worker_pipeline::13.800*3.60] mapped 332376 sequences
[M::worker_pipeline::14.486*3.60] mapped 332342 sequences
[M::worker_pipeline::15.180*3.61] mapped 332308 sequences
[M::worker_pipeline::16.029*3.62] mapped 332286 sequences
[M::worker_pipeline::16.458*3.66] mapped 332336 sequences
[M::worker_pipeline::17.159*3.66] mapped 332278 sequences
[M::worker_pipeline::17.899*3.67] mapped 332300 sequences
[M::worker_pipeline::18.369*3.70] mapped 332242 sequences
[M::worker_pipeline::19.003*3.71] mapped 332232 sequences
[M::worker_pipeline::19.738*3.71] mapped 332280 sequences
[M::worker_pipeline::20.234*3.74] mapped 332266 sequences
[M::worker_pipeline::20.936*3.73] mapped 332288 sequences
[M::worker_pipeline::21.629*3.74] mapped 332302 sequences
[M::worker_pipeline::22.165*3.76] mapped 332258 sequences
[M::worker_pipeline::22.848*3.76] mapped 332214 sequences
[M::worker_pipeline::23.525*3.77] mapped 332178 sequences
[M::worker_pipeline::24.163*3.77] mapped 332126 sequences
[M::worker_pipeline::24.855*3.77] mapped 332104 sequences
[M::worker_pipeline::25.537*3.78] mapped 332114 sequences
[M::worker_pipeline::26.007*3.80] mapped 332116 sequences
[M::worker_pipeline::26.769*3.80] mapped 332094 sequences
[M::worker_pipeline::27.321*3.81] mapped 332078 sequences
[M::worker_pipeline::27.904*3.82] mapped 332060 sequences
[M::worker_pipeline::28.574*3.81] mapped 332074 sequences
[M::worker_pipeline::29.374*3.80] mapped 332014 sequences
[M::worker_pipeline::29.873*3.82] mapped 332080 sequences
[M::worker_pipeline::30.573*3.82] mapped 332044 sequences
[M::worker_pipeline::31.204*3.82] mapped 332040 sequences
[M::worker_pipeline::31.874*3.82] mapped 332040 sequences
[M::worker_pipeline::32.442*3.83] mapped 332040 sequences
[M::worker_pipeline::33.082*3.83] mapped 332008 sequences
[M::worker_pipeline::33.673*3.84] mapped 332062 sequences
[M::worker_pipeline::34.331*3.84] mapped 332012 sequences
[M::worker_pipeline::34.909*3.84] mapped 331992 sequences
[M::worker_pipeline::35.586*3.84] mapped 332058 sequences
[M::worker_pipeline::36.243*3.84] mapped 331994 sequences
[M::worker_pipeline::36.853*3.84] mapped 332080 sequences
[M::worker_pipeline::37.492*3.84] mapped 332014 sequences
[M::worker_pipeline::38.093*3.84] mapped 332028 sequences
[M::worker_pipeline::38.746*3.84] mapped 332100 sequences
[M::worker_pipeline::39.459*3.84] mapped 332074 sequences
[M::worker_pipeline::39.999*3.85] mapped 332038 sequences
[M::worker_pipeline::40.586*3.85] mapped 332074 sequences
[M::worker_pipeline::41.276*3.85] mapped 332098 sequences
[M::worker_pipeline::41.800*3.86] mapped 332062 sequences
[M::worker_pipeline::42.419*3.86] mapped 332104 sequences
[M::worker_pipeline::43.059*3.86] mapped 332126 sequences
[M::worker_pipeline::43.662*3.87] mapped 332286 sequences
[M::worker_pipeline::44.341*3.86] mapped 332724 sequences
[M::worker_pipeline::45.006*3.86] mapped 332634 sequences
[M::worker_pipeline::45.650*3.86] mapped 332580 sequences
[M::worker_pipeline::46.295*3.86] mapped 332520 sequences
[M::worker_pipeline::46.946*3.86] mapped 332480 sequences
[M::worker_pipeline::47.595*3.86] mapped 332402 sequences
[M::worker_pipeline::48.165*3.87] mapped 332328 sequences
[M::worker_pipeline::48.810*3.87] mapped 332420 sequences
[M::worker_pipeline::49.471*3.87] mapped 332274 sequences
[M::worker_pipeline::50.060*3.87] mapped 332298 sequences
[M::worker_pipeline::50.728*3.87] mapped 332316 sequences
[M::worker_pipeline::51.316*3.87] mapped 332292 sequences
[M::worker_pipeline::51.950*3.87] mapped 332280 sequences
[M::worker_pipeline::52.628*3.87] mapped 332392 sequences
[M::worker_pipeline::53.237*3.87] mapped 332386 sequences
[M::worker_pipeline::53.893*3.87] mapped 332370 sequences
[M::worker_pipeline::54.509*3.87] mapped 332342 sequences
[M::worker_pipeline::55.139*3.87] mapped 332336 sequences
[M::worker_pipeline::55.803*3.87] mapped 332288 sequences
[M::worker_pipeline::56.491*3.87] mapped 332264 sequences
[M::worker_pipeline::57.109*3.87] mapped 332254 sequences
[M::worker_pipeline::57.756*3.87] mapped 332232 sequences
[M::worker_pipeline::58.492*3.87] mapped 332190 sequences
[M::worker_pipeline::59.042*3.87] mapped 332228 sequences
[M::worker_pipeline::59.801*3.87] mapped 332244 sequences
[M::worker_pipeline::60.395*3.87] mapped 332228 sequences
[M::worker_pipeline::61.065*3.87] mapped 332186 sequences
[M::worker_pipeline::61.653*3.87] mapped 332162 sequences
[M::worker_pipeline::62.353*3.87] mapped 332174 sequences
[M::worker_pipeline::62.986*3.87] mapped 332156 sequences
[M::worker_pipeline::63.601*3.87] mapped 332156 sequences
[M::worker_pipeline::64.352*3.87] mapped 332174 sequences
[M::worker_pipeline::65.094*3.86] mapped 332162 sequences
[M::worker_pipeline::65.578*3.87] mapped 332122 sequences
[M::worker_pipeline::66.277*3.87] mapped 332096 sequences
[M::worker_pipeline::66.898*3.87] mapped 332110 sequences
[M::worker_pipeline::67.552*3.87] mapped 332124 sequences
[M::worker_pipeline::68.176*3.87] mapped 332130 sequences
[M::worker_pipeline::68.814*3.87] mapped 332166 sequences
[M::worker_pipeline::76.362*3.58] mapped 332106 sequences
[M::worker_pipeline::76.565*3.58] mapped 332114 sequences
[M::worker_pipeline::76.758*3.57] mapped 332058 sequences
[M::worker_pipeline::77.263*3.58] mapped 332120 sequences
[M::worker_pipeline::78.010*3.58] mapped 332088 sequences
[M::worker_pipeline::78.689*3.58] mapped 332084 sequences
[M::worker_pipeline::79.338*3.58] mapped 332088 sequences
[M::worker_pipeline::80.010*3.59] mapped 332116 sequences
[M::worker_pipeline::80.624*3.59] mapped 332054 sequences
[M::worker_pipeline::81.263*3.59] mapped 332064 sequences
[M::worker_pipeline::81.877*3.59] mapped 332072 sequences
[M::worker_pipeline::82.529*3.60] mapped 332106 sequences
[M::worker_pipeline::83.190*3.60] mapped 332054 sequences
[M::worker_pipeline::83.814*3.60] mapped 332068 sequences
[M::worker_pipeline::84.446*3.60] mapped 332086 sequences
[M::worker_pipeline::85.055*3.60] mapped 332050 sequences
[M::worker_pipeline::85.713*3.61] mapped 332014 sequences
[M::worker_pipeline::86.369*3.61] mapped 332044 sequences
[M::worker_pipeline::86.983*3.61] mapped 332086 sequences
[M::worker_pipeline::87.594*3.61] mapped 332108 sequences
[M::worker_pipeline::88.215*3.62] mapped 332142 sequences
[M::worker_pipeline::88.859*3.62] mapped 332182 sequences
[M::worker_pipeline::89.468*3.62] mapped 332238 sequences
[M::worker_pipeline::90.107*3.62] mapped 332226 sequences
[M::worker_pipeline::90.787*3.63] mapped 332258 sequences
[M::worker_pipeline::91.405*3.63] mapped 332306 sequences
[M::worker_pipeline::92.043*3.63] mapped 332488 sequences
[M::worker_pipeline::92.686*3.63] mapped 332814 sequences
[M::worker_pipeline::93.349*3.63] mapped 332656 sequences
[M::worker_pipeline::93.972*3.63] mapped 332644 sequences
[M::worker_pipeline::94.619*3.64] mapped 332512 sequences
[M::worker_pipeline::95.278*3.64] mapped 332568 sequences
[M::worker_pipeline::95.859*3.64] mapped 332508 sequences
[M::worker_pipeline::96.517*3.64] mapped 332486 sequences
[M::worker_pipeline::97.191*3.64] mapped 332456 sequences
[M::worker_pipeline::97.832*3.65] mapped 332378 sequences
[M::worker_pipeline::98.384*3.65] mapped 332302 sequences
[M::worker_pipeline::99.041*3.65] mapped 332326 sequences
[M::worker_pipeline::99.636*3.65] mapped 332356 sequences
[M::worker_pipeline::100.269*3.65] mapped 332366 sequences
[M::worker_pipeline::100.937*3.66] mapped 332326 sequences
[M::worker_pipeline::101.578*3.66] mapped 332416 sequences
[M::worker_pipeline::102.202*3.66] mapped 332538 sequences
[M::worker_pipeline::102.894*3.66] mapped 332570 sequences
[M::worker_pipeline::103.510*3.66] mapped 332594 sequences
[M::worker_pipeline::104.146*3.66] mapped 332886 sequences
[M::worker_pipeline::104.801*3.66] mapped 332462 sequences
[M::worker_pipeline::105.406*3.67] mapped 332476 sequences
[M::worker_pipeline::106.023*3.67] mapped 332428 sequences
[M::worker_pipeline::106.696*3.67] mapped 332394 sequences
[M::worker_pipeline::107.354*3.67] mapped 332420 sequences
[M::worker_pipeline::108.037*3.67] mapped 332380 sequences
[M::worker_pipeline::108.694*3.67] mapped 332304 sequences
[M::worker_pipeline::109.313*3.67] mapped 332218 sequences
[M::worker_pipeline::109.918*3.67] mapped 332152 sequences
[M::worker_pipeline::110.576*3.67] mapped 332266 sequences
[M::worker_pipeline::111.330*3.67] mapped 332846 sequences
[M::worker_pipeline::111.849*3.68] mapped 332264 sequences
[M::worker_pipeline::112.475*3.68] mapped 332170 sequences
[M::worker_pipeline::113.141*3.68] mapped 332214 sequences
[M::worker_pipeline::113.770*3.68] mapped 332180 sequences
[M::worker_pipeline::114.431*3.68] mapped 332180 sequences
[M::worker_pipeline::115.027*3.69] mapped 332238 sequences
[M::worker_pipeline::115.645*3.69] mapped 332144 sequences
[M::worker_pipeline::116.241*3.69] mapped 332138 sequences
[M::worker_pipeline::116.890*3.69] mapped 332172 sequences
[M::worker_pipeline::117.557*3.69] mapped 332156 sequences
[M::worker_pipeline::118.210*3.69] mapped 332170 sequences
[M::worker_pipeline::118.782*3.70] mapped 332060 sequences
[M::worker_pipeline::119.429*3.70] mapped 332036 sequences
[M::worker_pipeline::120.057*3.70] mapped 332032 sequences
[M::worker_pipeline::120.712*3.70] mapped 332030 sequences
[M::worker_pipeline::121.317*3.70] mapped 332028 sequences
[M::worker_pipeline::121.952*3.70] mapped 332046 sequences
[M::worker_pipeline::122.531*3.70] mapped 332026 sequences
[M::worker_pipeline::123.125*3.71] mapped 332028 sequences
[M::worker_pipeline::123.720*3.71] mapped 332034 sequences
[M::worker_pipeline::124.312*3.71] mapped 332026 sequences
[M::worker_pipeline::124.930*3.71] mapped 332018 sequences
[M::worker_pipeline::125.520*3.72] mapped 331994 sequences
[M::worker_pipeline::126.183*3.71] mapped 331992 sequences
[M::worker_pipeline::126.842*3.72] mapped 332024 sequences
[M::worker_pipeline::127.447*3.72] mapped 332000 sequences
[M::worker_pipeline::128.104*3.72] mapped 332006 sequences
[M::worker_pipeline::128.770*3.72] mapped 332046 sequences
[M::worker_pipeline::129.378*3.72] mapped 332140 sequences
[M::worker_pipeline::129.938*3.72] mapped 332120 sequences
[M::worker_pipeline::130.586*3.72] mapped 332154 sequences
[M::worker_pipeline::131.222*3.72] mapped 332080 sequences
[M::worker_pipeline::131.854*3.73] mapped 332158 sequences
[M::worker_pipeline::132.409*3.73] mapped 332106 sequences
[M::worker_pipeline::133.094*3.73] mapped 332178 sequences
[M::worker_pipeline::133.716*3.73] mapped 332880 sequences
[M::worker_pipeline::134.358*3.73] mapped 332928 sequences
[M::worker_pipeline::134.998*3.73] mapped 332784 sequences
[M::worker_pipeline::135.611*3.73] mapped 332698 sequences
[M::worker_pipeline::136.231*3.73] mapped 332626 sequences
[M::worker_pipeline::136.860*3.74] mapped 332556 sequences
[M::worker_pipeline::137.450*3.74] mapped 332520 sequences
[M::worker_pipeline::138.063*3.74] mapped 332464 sequences
[M::worker_pipeline::138.690*3.74] mapped 332472 sequences
[M::worker_pipeline::139.273*3.74] mapped 332390 sequences
[M::worker_pipeline::139.868*3.74] mapped 332396 sequences
[M::worker_pipeline::140.576*3.74] mapped 332442 sequences
[M::worker_pipeline::141.142*3.75] mapped 332376 sequences
[M::worker_pipeline::148.003*3.62] mapped 332478 sequences
[M::worker_pipeline::148.191*3.62] mapped 332522 sequences
[M::worker_pipeline::148.368*3.62] mapped 332604 sequences
[M::worker_pipeline::148.983*3.62] mapped 332612 sequences
[M::worker_pipeline::149.607*3.62] mapped 332682 sequences
[M::worker_pipeline::150.343*3.62] mapped 332660 sequences
[M::worker_pipeline::151.172*3.61] mapped 332526 sequences
[M::worker_pipeline::151.812*3.61] mapped 332438 sequences
[M::worker_pipeline::152.471*3.62] mapped 332468 sequences
[M::worker_pipeline::153.117*3.62] mapped 332440 sequences
[M::worker_pipeline::153.776*3.62] mapped 332492 sequences
[M::worker_pipeline::154.445*3.62] mapped 332582 sequences
[M::worker_pipeline::155.093*3.62] mapped 332500 sequences
[M::worker_pipeline::155.772*3.62] mapped 332362 sequences
[M::worker_pipeline::156.465*3.62] mapped 332396 sequences
[M::worker_pipeline::157.015*3.62] mapped 332428 sequences
[M::worker_pipeline::157.686*3.62] mapped 332330 sequences
[M::worker_pipeline::158.288*3.62] mapped 332270 sequences
[M::worker_pipeline::158.917*3.63] mapped 332336 sequences
[M::worker_pipeline::159.525*3.63] mapped 332394 sequences
[M::worker_pipeline::160.217*3.63] mapped 332388 sequences
[M::worker_pipeline::160.858*3.63] mapped 332354 sequences
[M::worker_pipeline::161.453*3.63] mapped 332340 sequences
[M::worker_pipeline::162.136*3.63] mapped 332314 sequences
[M::worker_pipeline::162.792*3.63] mapped 332272 sequences
[M::worker_pipeline::163.361*3.63] mapped 332240 sequences
[M::worker_pipeline::164.119*3.63] mapped 332252 sequences
[M::worker_pipeline::164.601*3.64] mapped 332226 sequences
[M::worker_pipeline::165.273*3.64] mapped 332222 sequences
[M::worker_pipeline::165.881*3.64] mapped 332230 sequences
[M::worker_pipeline::166.568*3.64] mapped 332218 sequences
[M::worker_pipeline::167.202*3.64] mapped 332228 sequences
[M::worker_pipeline::167.852*3.64] mapped 332182 sequences
[M::worker_pipeline::168.459*3.64] mapped 332268 sequences
[M::worker_pipeline::169.128*3.64] mapped 332204 sequences
[M::worker_pipeline::169.776*3.64] mapped 332102 sequences
[M::worker_pipeline::170.437*3.64] mapped 332148 sequences
[M::worker_pipeline::171.071*3.64] mapped 332078 sequences
[M::worker_pipeline::171.753*3.65] mapped 332110 sequences
[M::worker_pipeline::172.289*3.65] mapped 332100 sequences
[M::worker_pipeline::172.939*3.65] mapped 332050 sequences
[M::worker_pipeline::173.577*3.65] mapped 332056 sequences
[M::worker_pipeline::174.185*3.65] mapped 332088 sequences
[M::worker_pipeline::174.749*3.65] mapped 332124 sequences
[M::worker_pipeline::175.432*3.66] mapped 332150 sequences
[M::worker_pipeline::176.069*3.66] mapped 332208 sequences
[M::worker_pipeline::176.756*3.66] mapped 332186 sequences
[M::worker_pipeline::177.336*3.66] mapped 332234 sequences
[M::worker_pipeline::177.901*3.66] mapped 332260 sequences
[M::worker_pipeline::178.567*3.66] mapped 332262 sequences
[M::worker_pipeline::179.185*3.66] mapped 332298 sequences
[M::worker_pipeline::179.807*3.66] mapped 332348 sequences
[M::worker_pipeline::180.484*3.66] mapped 332440 sequences
[M::worker_pipeline::181.090*3.66] mapped 332864 sequences
[M::worker_pipeline::181.717*3.66] mapped 333004 sequences
[M::worker_pipeline::182.363*3.67] mapped 332624 sequences
[M::worker_pipeline::183.006*3.67] mapped 332570 sequences
[M::worker_pipeline::183.607*3.67] mapped 332606 sequences
[M::worker_pipeline::184.256*3.67] mapped 332526 sequences
[M::worker_pipeline::184.831*3.67] mapped 332448 sequences
[M::worker_pipeline::185.500*3.67] mapped 332396 sequences
[M::worker_pipeline::186.158*3.67] mapped 332370 sequences
[M::worker_pipeline::186.803*3.67] mapped 332324 sequences
[M::worker_pipeline::187.543*3.67] mapped 332362 sequences
[M::worker_pipeline::188.125*3.67] mapped 332312 sequences
[M::worker_pipeline::188.678*3.67] mapped 332354 sequences
[M::worker_pipeline::189.349*3.67] mapped 332362 sequences
[M::worker_pipeline::189.970*3.68] mapped 332312 sequences
[M::worker_pipeline::190.581*3.68] mapped 332310 sequences
[M::worker_pipeline::191.476*3.67] mapped 332276 sequences
[M::worker_pipeline::192.264*3.67] mapped 332294 sequences
[M::worker_pipeline::193.258*3.66] mapped 332268 sequences
[M::worker_pipeline::194.287*3.66] mapped 332226 sequences
[M::worker_pipeline::195.122*3.65] mapped 332290 sequences
[M::worker_pipeline::195.794*3.65] mapped 332302 sequences
[M::worker_pipeline::196.393*3.66] mapped 332262 sequences
[M::worker_pipeline::197.037*3.66] mapped 332234 sequences
[M::worker_pipeline::197.589*3.66] mapped 332222 sequences
[M::worker_pipeline::198.221*3.66] mapped 332180 sequences
[M::worker_pipeline::198.924*3.66] mapped 332144 sequences
[M::worker_pipeline::199.684*3.66] mapped 332302 sequences
[M::worker_pipeline::200.161*3.66] mapped 332244 sequences
[M::worker_pipeline::200.909*3.66] mapped 332176 sequences
[M::worker_pipeline::201.530*3.66] mapped 332144 sequences
[M::worker_pipeline::202.123*3.66] mapped 332156 sequences
[M::worker_pipeline::202.722*3.67] mapped 332168 sequences
[M::worker_pipeline::203.327*3.67] mapped 332134 sequences
[M::worker_pipeline::203.996*3.67] mapped 332132 sequences
[M::worker_pipeline::204.600*3.67] mapped 332134 sequences
[M::worker_pipeline::205.277*3.67] mapped 332152 sequences
[M::worker_pipeline::205.821*3.67] mapped 332188 sequences
[M::worker_pipeline::206.421*3.67] mapped 332160 sequences
[M::worker_pipeline::207.104*3.67] mapped 332154 sequences
[M::worker_pipeline::207.704*3.67] mapped 332166 sequences
[M::worker_pipeline::208.367*3.67] mapped 332178 sequences
[M::worker_pipeline::208.972*3.67] mapped 332216 sequences
[M::worker_pipeline::209.636*3.67] mapped 332140 sequences
[M::worker_pipeline::210.291*3.67] mapped 332184 sequences
[M::worker_pipeline::210.981*3.67] mapped 332196 sequences
[M::worker_pipeline::211.495*3.68] mapped 332256 sequences
[M::worker_pipeline::212.134*3.68] mapped 332260 sequences
[M::worker_pipeline::212.718*3.68] mapped 332244 sequences
[M::worker_pipeline::213.451*3.68] mapped 332270 sequences
[M::worker_pipeline::214.024*3.68] mapped 332242 sequences
[M::worker_pipeline::214.605*3.68] mapped 332304 sequences
[M::worker_pipeline::223.832*3.56] mapped 332362 sequences
[M::worker_pipeline::223.995*3.56] mapped 332412 sequences
[M::worker_pipeline::224.184*3.56] mapped 332346 sequences
[M::worker_pipeline::224.757*3.56] mapped 332382 sequences
[M::worker_pipeline::225.902*3.55] mapped 332368 sequences
[M::worker_pipeline::226.240*3.56] mapped 332260 sequences
[M::worker_pipeline::226.883*3.56] mapped 332232 sequences
[M::worker_pipeline::227.693*3.56] mapped 332126 sequences
[M::worker_pipeline::228.140*3.56] mapped 332060 sequences
[M::worker_pipeline::228.682*3.56] mapped 332104 sequences
[M::worker_pipeline::229.643*3.56] mapped 332146 sequences
[M::worker_pipeline::229.948*3.57] mapped 332262 sequences
[M::worker_pipeline::230.592*3.57] mapped 332890 sequences
[M::worker_pipeline::231.280*3.57] mapped 332592 sequences
[M::worker_pipeline::232.039*3.57] mapped 332540 sequences
[M::worker_pipeline::232.585*3.57] mapped 332518 sequences
[M::worker_pipeline::233.285*3.57] mapped 332464 sequences
[M::worker_pipeline::233.759*3.57] mapped 332380 sequences
[M::worker_pipeline::234.415*3.57] mapped 332376 sequences
[M::worker_pipeline::235.183*3.57] mapped 332302 sequences
[M::worker_pipeline::235.806*3.57] mapped 332346 sequences
[M::worker_pipeline::236.500*3.57] mapped 332292 sequences
[M::worker_pipeline::237.388*3.57] mapped 332238 sequences
[M::worker_pipeline::237.804*3.58] mapped 332266 sequences
[M::worker_pipeline::238.418*3.58] mapped 332240 sequences
[M::worker_pipeline::239.213*3.58] mapped 332294 sequences
[M::worker_pipeline::239.645*3.58] mapped 332260 sequences
[M::worker_pipeline::240.297*3.58] mapped 332312 sequences
[M::worker_pipeline::241.354*3.58] mapped 332290 sequences
[M::worker_pipeline::241.572*3.58] mapped 332280 sequences
[M::worker_pipeline::242.148*3.58] mapped 332262 sequences
[M::worker_pipeline::242.835*3.59] mapped 332250 sequences
[M::worker_pipeline::243.435*3.59] mapped 332298 sequences
[M::worker_pipeline::243.966*3.59] mapped 332166 sequences
[M::worker_pipeline::244.686*3.59] mapped 332134 sequences
[M::worker_pipeline::245.548*3.59] mapped 332158 sequences
[M::worker_pipeline::245.909*3.59] mapped 332148 sequences
[M::worker_pipeline::247.052*3.59] mapped 332128 sequences
[M::worker_pipeline::247.510*3.59] mapped 332184 sequences
[M::worker_pipeline::248.033*3.59] mapped 332108 sequences
[M::worker_pipeline::248.956*3.59] mapped 332108 sequences
[M::worker_pipeline::249.247*3.60] mapped 332122 sequences
[M::worker_pipeline::249.774*3.60] mapped 332134 sequences
[M::worker_pipeline::250.752*3.60] mapped 332124 sequences
[M::worker_pipeline::251.016*3.60] mapped 332046 sequences
[M::worker_pipeline::251.684*3.60] mapped 332066 sequences
[M::worker_pipeline::252.754*3.60] mapped 332082 sequences
[M::worker_pipeline::252.914*3.60] mapped 332092 sequences
[M::worker_pipeline::253.496*3.60] mapped 332182 sequences
[M::worker_pipeline::254.160*3.60] mapped 332182 sequences
[M::worker_pipeline::254.793*3.60] mapped 332192 sequences
[M::worker_pipeline::255.470*3.60] mapped 332164 sequences
[M::worker_pipeline::256.137*3.61] mapped 332080 sequences
[M::worker_pipeline::256.743*3.61] mapped 332070 sequences
[M::worker_pipeline::257.356*3.61] mapped 332134 sequences
[M::worker_pipeline::258.133*3.61] mapped 332108 sequences
[M::worker_pipeline::258.711*3.61] mapped 332106 sequences
[M::worker_pipeline::259.375*3.61] mapped 332092 sequences
[M::worker_pipeline::260.083*3.61] mapped 332100 sequences
[M::worker_pipeline::260.691*3.61] mapped 332112 sequences
[M::worker_pipeline::261.391*3.61] mapped 332174 sequences
[M::worker_pipeline::262.035*3.61] mapped 332140 sequences
[M::worker_pipeline::262.688*3.61] mapped 332196 sequences
[M::worker_pipeline::263.355*3.61] mapped 332218 sequences
[M::worker_pipeline::264.052*3.61] mapped 332248 sequences
[M::worker_pipeline::264.656*3.61] mapped 332264 sequences
[M::worker_pipeline::265.499*3.61] mapped 332266 sequences
[M::worker_pipeline::266.298*3.61] mapped 332234 sequences
[M::worker_pipeline::267.197*3.60] mapped 332246 sequences
[M::worker_pipeline::268.001*3.60] mapped 332234 sequences
[M::worker_pipeline::268.651*3.60] mapped 332110 sequences
[M::worker_pipeline::269.342*3.60] mapped 332084 sequences
[M::worker_pipeline::269.897*3.60] mapped 332102 sequences
[M::worker_pipeline::270.565*3.61] mapped 332142 sequences
[M::worker_pipeline::271.171*3.61] mapped 332152 sequences
[M::worker_pipeline::271.832*3.61] mapped 332488 sequences
[M::worker_pipeline::272.467*3.61] mapped 332646 sequences
[M::worker_pipeline::273.141*3.61] mapped 332652 sequences
[M::worker_pipeline::273.779*3.61] mapped 332474 sequences
[M::worker_pipeline::274.537*3.61] mapped 332416 sequences
[M::worker_pipeline::274.996*3.61] mapped 332398 sequences
[M::worker_pipeline::275.706*3.61] mapped 332294 sequences
[M::worker_pipeline::276.760*3.61] mapped 332234 sequences
[M::worker_pipeline::276.911*3.61] mapped 332246 sequences
[M::worker_pipeline::277.903*3.61] mapped 332228 sequences
[M::worker_pipeline::278.962*3.61] mapped 332256 sequences
[M::worker_pipeline::279.172*3.61] mapped 332230 sequences
[M::worker_pipeline::279.733*3.61] mapped 332216 sequences
[M::worker_pipeline::280.482*3.61] mapped 332166 sequences
[M::worker_pipeline::280.927*3.61] mapped 332206 sequences
[M::worker_pipeline::281.547*3.62] mapped 332182 sequences
[M::worker_pipeline::282.372*3.62] mapped 332204 sequences
[M::worker_pipeline::283.059*3.62] mapped 332188 sequences
[M::worker_pipeline::283.323*3.62] mapped 332620 sequences
[M::worker_pipeline::283.997*3.62] mapped 332176 sequences
[M::worker_pipeline::284.985*3.62] mapped 332156 sequences
[M::worker_pipeline::285.203*3.62] mapped 332138 sequences
[M::worker_pipeline::285.866*3.62] mapped 332114 sequences
[M::worker_pipeline::286.581*3.62] mapped 332142 sequences
[M::worker_pipeline::287.344*3.62] mapped 332188 sequences
[M::worker_pipeline::287.922*3.62] mapped 332100 sequences
[M::worker_pipeline::288.646*3.63] mapped 332094 sequences
[M::worker_pipeline::289.193*3.63] mapped 332096 sequences
[M::worker_pipeline::290.193*3.62] mapped 332124 sequences
[M::worker_pipeline::291.022*3.62] mapped 332122 sequences
[M::worker_pipeline::292.009*3.62] mapped 332112 sequences
[M::worker_pipeline::299.274*3.55] mapped 332094 sequences
[M::worker_pipeline::299.498*3.55] mapped 332082 sequences
[M::worker_pipeline::299.822*3.55] mapped 332086 sequences
[M::worker_pipeline::300.252*3.55] mapped 332108 sequences
[M::worker_pipeline::301.122*3.55] mapped 332104 sequences
[M::worker_pipeline::302.255*3.55] mapped 332242 sequences
[M::worker_pipeline::303.307*3.54] mapped 332276 sequences
[M::worker_pipeline::304.021*3.54] mapped 332368 sequences
[M::worker_pipeline::304.666*3.54] mapped 332278 sequences
[M::worker_pipeline::305.440*3.54] mapped 332398 sequences
[M::worker_pipeline::306.454*3.54] mapped 332112 sequences
[M::worker_pipeline::307.327*3.54] mapped 332066 sequences
[M::worker_pipeline::308.186*3.53] mapped 332114 sequences
[M::worker_pipeline::309.139*3.53] mapped 332072 sequences
[M::worker_pipeline::309.922*3.53] mapped 332096 sequences
[M::worker_pipeline::310.634*3.53] mapped 332120 sequences
[M::worker_pipeline::311.452*3.53] mapped 332136 sequences
[M::worker_pipeline::312.368*3.53] mapped 332182 sequences
[M::worker_pipeline::313.600*3.52] mapped 332180 sequences
[M::worker_pipeline::314.407*3.52] mapped 332144 sequences
[M::worker_pipeline::315.385*3.52] mapped 332174 sequences
[M::worker_pipeline::316.359*3.51] mapped 332172 sequences
[M::worker_pipeline::317.238*3.51] mapped 332200 sequences
[M::worker_pipeline::318.057*3.51] mapped 332264 sequences
[M::worker_pipeline::319.065*3.51] mapped 332266 sequences
[M::worker_pipeline::319.585*3.51] mapped 332266 sequences
[M::worker_pipeline::320.226*3.51] mapped 332248 sequences
[M::worker_pipeline::321.043*3.51] mapped 332232 sequences
[M::worker_pipeline::321.657*3.51] mapped 332156 sequences
[M::worker_pipeline::322.335*3.51] mapped 332090 sequences
[M::worker_pipeline::322.992*3.51] mapped 332096 sequences
[M::worker_pipeline::323.510*3.52] mapped 332106 sequences
[M::worker_pipeline::324.290*3.52] mapped 332126 sequences
[M::worker_pipeline::324.826*3.52] mapped 332604 sequences
[M::worker_pipeline::325.451*3.52] mapped 332830 sequences
[M::worker_pipeline::326.155*3.52] mapped 332676 sequences
[M::worker_pipeline::326.877*3.52] mapped 332622 sequences
[M::worker_pipeline::327.507*3.52] mapped 332564 sequences
[M::worker_pipeline::328.251*3.52] mapped 332530 sequences
[M::worker_pipeline::328.794*3.52] mapped 332518 sequences
[M::worker_pipeline::329.425*3.52] mapped 332486 sequences
[M::worker_pipeline::330.029*3.53] mapped 332402 sequences
[M::worker_pipeline::330.725*3.53] mapped 332406 sequences
[M::worker_pipeline::331.492*3.53] mapped 332302 sequences
[M::worker_pipeline::332.125*3.53] mapped 332370 sequences
[M::worker_pipeline::332.719*3.53] mapped 332366 sequences
[M::worker_pipeline::333.270*3.53] mapped 332346 sequences
[M::worker_pipeline::334.111*3.53] mapped 332382 sequences
[M::worker_pipeline::334.768*3.53] mapped 332394 sequences
[M::worker_pipeline::335.406*3.53] mapped 332426 sequences
[M::worker_pipeline::336.027*3.53] mapped 332466 sequences
[M::worker_pipeline::336.737*3.53] mapped 332492 sequences
[M::worker_pipeline::337.605*3.53] mapped 332354 sequences
[M::worker_pipeline::338.272*3.53] mapped 332362 sequences
[M::worker_pipeline::339.031*3.53] mapped 332362 sequences
[M::worker_pipeline::339.674*3.53] mapped 332312 sequences
[M::worker_pipeline::340.326*3.53] mapped 332292 sequences
[M::worker_pipeline::341.021*3.53] mapped 332298 sequences
[M::worker_pipeline::341.609*3.53] mapped 332242 sequences
[M::worker_pipeline::342.265*3.54] mapped 332274 sequences
[M::worker_pipeline::342.935*3.54] mapped 332174 sequences
[M::worker_pipeline::343.810*3.53] mapped 332188 sequences
[M::worker_pipeline::344.423*3.54] mapped 332214 sequences
[M::worker_pipeline::345.084*3.54] mapped 332204 sequences
[M::worker_pipeline::345.723*3.54] mapped 332180 sequences
[M::worker_pipeline::346.447*3.54] mapped 332166 sequences
[M::worker_pipeline::347.132*3.54] mapped 332206 sequences
[M::worker_pipeline::347.733*3.54] mapped 332152 sequences
[M::worker_pipeline::348.424*3.54] mapped 332418 sequences
[M::worker_pipeline::349.050*3.54] mapped 332544 sequences
[M::worker_pipeline::349.711*3.54] mapped 332590 sequences
[M::worker_pipeline::350.281*3.54] mapped 332528 sequences
[M::worker_pipeline::351.009*3.54] mapped 332558 sequences
[M::worker_pipeline::351.729*3.54] mapped 332318 sequences
[M::worker_pipeline::352.199*3.55] mapped 332134 sequences
[M::worker_pipeline::352.928*3.55] mapped 332118 sequences
[M::worker_pipeline::353.562*3.55] mapped 332156 sequences
[M::worker_pipeline::354.252*3.55] mapped 332138 sequences
[M::worker_pipeline::355.021*3.55] mapped 332144 sequences
[M::worker_pipeline::355.584*3.55] mapped 332124 sequences
[M::worker_pipeline::356.186*3.55] mapped 332132 sequences
[M::worker_pipeline::356.842*3.55] mapped 332186 sequences
[M::worker_pipeline::357.539*3.55] mapped 332156 sequences
[M::worker_pipeline::358.330*3.55] mapped 332180 sequences
[M::worker_pipeline::358.834*3.55] mapped 332184 sequences
[M::worker_pipeline::359.401*3.56] mapped 332204 sequences
[M::worker_pipeline::360.054*3.56] mapped 332126 sequences
[M::worker_pipeline::360.663*3.56] mapped 332206 sequences
[M::worker_pipeline::361.343*3.56] mapped 332172 sequences
[M::worker_pipeline::361.990*3.56] mapped 332150 sequences
[M::worker_pipeline::362.579*3.56] mapped 332124 sequences
[M::worker_pipeline::363.139*3.56] mapped 332146 sequences
[M::worker_pipeline::363.750*3.56] mapped 332080 sequences
[M::worker_pipeline::364.423*3.56] mapped 331998 sequences
[M::worker_pipeline::365.061*3.56] mapped 332078 sequences
[M::worker_pipeline::365.679*3.57] mapped 332084 sequences
[M::worker_pipeline::366.383*3.57] mapped 332156 sequences
[M::worker_pipeline::366.396*3.57] mapped 24214 sequences
[M::main] Version: 2.22-r1101
[M::main] CMD: minimap2 --secondary=no -t 16 -R @RG\tID:snippy\tSM:snippy -ax sr /work/FAC/FBM/DMF/smitri/evomicrocomm/genome_size/data/ct/reference.fasta /work/FAC/FBM/DMF/smitri/evomicrocomm/genome_size/data/T33.4.3.rep/read1.fq.gz /work/FAC/FBM/DMF/smitri/evomicrocomm/genome_size/data/T33.4.3.rep/read2.fq.gz
[M::main] Real time: 366.419 sec; CPU: 1306.356 sec; Peak RSS: 0.517 GB
[bam_sort_core] merging from 64 files and 16 in-memory blocks...
[Sun Oct 17 22:53:18 2021]
Finished job 0.
1 of 1 steps (100%) done
