Building DAG of jobs...
Using shell: /usr/bin/bash
Provided cores: 16
Rules claiming more threads will be scaled down.
Select jobs to execute...

[Fri Oct 15 16:08:12 2021]
rule mapping:
    input: /work/FAC/FBM/DMF/smitri/evomicrocomm/genome_size/data/oa/reference.fasta, /work/FAC/FBM/DMF/smitri/evomicrocomm/genome_size/data/T44.4.5.rep/read1.fq.gz, /work/FAC/FBM/DMF/smitri/evomicrocomm/genome_size/data/T44.4.5.rep/read2.fq.gz
    output: /work/FAC/FBM/DMF/smitri/evomicrocomm/genome_size/data/T44.4.5.rep/oa/mapped_reads.sorted.bam
    jobid: 0
    wildcards: sample=T44.4.5.rep, strain=oa
    threads: 16
    resources: mem_mb=24077, disk_mb=24077, tmpdir=/tmp/2811857

[M::mm_idx_gen::0.164*0.70] collected minimizers
[M::mm_idx_gen::0.184*1.79] sorted minimizers
[M::main::0.185*1.79] loaded/built the index for 2 target sequence(s)
[M::mm_mapopt_update::0.185*1.79] mid_occ = 1000
[M::mm_idx_stat] kmer size: 21; skip: 11; is_hpc: 0; #seq: 2
[M::mm_idx_stat::0.196*1.75] distinct minimizers: 845953 (98.53% are singletons); average occurrences: 1.019; average spacing: 5.999; total length: 5169535
[M::worker_pipeline::1.271*2.49] mapped 332828 sequences
[M::worker_pipeline::2.150*2.65] mapped 332812 sequences
[M::worker_pipeline::2.943*2.83] mapped 332836 sequences
[M::worker_pipeline::3.685*2.94] mapped 332592 sequences
[M::worker_pipeline::4.507*3.03] mapped 332568 sequences
[M::worker_pipeline::5.185*3.13] mapped 332592 sequences
[M::worker_pipeline::5.821*3.23] mapped 332500 sequences
[M::worker_pipeline::6.450*3.30] mapped 332508 sequences
[M::worker_pipeline::7.071*3.37] mapped 332456 sequences
[M::worker_pipeline::7.677*3.43] mapped 332440 sequences
[M::worker_pipeline::8.349*3.46] mapped 332384 sequences
[M::worker_pipeline::8.942*3.51] mapped 332346 sequences
[M::worker_pipeline::9.579*3.55] mapped 332332 sequences
[M::worker_pipeline::10.179*3.61] mapped 332366 sequences
[M::worker_pipeline::10.789*3.64] mapped 332324 sequences
[M::worker_pipeline::11.403*3.67] mapped 332272 sequences
[M::worker_pipeline::12.003*3.69] mapped 332346 sequences
[M::worker_pipeline::12.629*3.71] mapped 332426 sequences
[M::worker_pipeline::13.232*3.74] mapped 332348 sequences
[M::worker_pipeline::13.835*3.75] mapped 332378 sequences
[M::worker_pipeline::14.471*3.77] mapped 332328 sequences
[M::worker_pipeline::15.054*3.79] mapped 332340 sequences
[M::worker_pipeline::15.670*3.81] mapped 332376 sequences
[M::worker_pipeline::16.276*3.83] mapped 332428 sequences
[M::worker_pipeline::16.903*3.84] mapped 332298 sequences
[M::worker_pipeline::17.509*3.85] mapped 332276 sequences
[M::worker_pipeline::18.104*3.86] mapped 332242 sequences
[M::worker_pipeline::18.728*3.87] mapped 332298 sequences
[M::worker_pipeline::19.335*3.88] mapped 332232 sequences
[M::worker_pipeline::19.946*3.88] mapped 332268 sequences
[M::worker_pipeline::20.535*3.90] mapped 332220 sequences
[M::worker_pipeline::21.155*3.90] mapped 332298 sequences
[M::worker_pipeline::21.730*3.91] mapped 332368 sequences
[M::worker_pipeline::22.349*3.92] mapped 332338 sequences
[M::worker_pipeline::22.995*3.92] mapped 332272 sequences
[M::worker_pipeline::23.561*3.93] mapped 332244 sequences
[M::worker_pipeline::24.181*3.94] mapped 332212 sequences
[M::worker_pipeline::24.782*3.94] mapped 332220 sequences
[M::worker_pipeline::25.405*3.95] mapped 332156 sequences
[M::worker_pipeline::25.975*3.96] mapped 332114 sequences
[M::worker_pipeline::26.608*3.96] mapped 332136 sequences
[M::worker_pipeline::27.169*3.97] mapped 332174 sequences
[M::worker_pipeline::27.784*3.98] mapped 332136 sequences
[M::worker_pipeline::28.361*3.98] mapped 332118 sequences
[M::worker_pipeline::28.962*3.99] mapped 332116 sequences
[M::worker_pipeline::29.560*4.00] mapped 332138 sequences
[M::worker_pipeline::30.211*3.99] mapped 332076 sequences
[M::worker_pipeline::30.792*4.00] mapped 332082 sequences
[M::worker_pipeline::31.431*4.00] mapped 332048 sequences
[M::worker_pipeline::32.016*4.01] mapped 332054 sequences
[M::worker_pipeline::32.593*4.01] mapped 332028 sequences
[M::worker_pipeline::33.239*4.02] mapped 332096 sequences
[M::worker_pipeline::33.815*4.02] mapped 332050 sequences
[M::worker_pipeline::34.395*4.02] mapped 332004 sequences
[M::worker_pipeline::35.047*4.03] mapped 332050 sequences
[M::worker_pipeline::35.656*4.03] mapped 332030 sequences
[M::worker_pipeline::36.254*4.03] mapped 332036 sequences
[M::worker_pipeline::36.834*4.04] mapped 332052 sequences
[M::worker_pipeline::37.441*4.04] mapped 332050 sequences
[M::worker_pipeline::38.010*4.05] mapped 332060 sequences
[M::worker_pipeline::38.605*4.06] mapped 332056 sequences
[M::worker_pipeline::39.180*4.06] mapped 332056 sequences
[M::worker_pipeline::39.797*4.06] mapped 332004 sequences
[M::worker_pipeline::40.368*4.07] mapped 332122 sequences
[M::worker_pipeline::40.994*4.06] mapped 332072 sequences
[M::worker_pipeline::41.613*4.06] mapped 332042 sequences
[M::worker_pipeline::42.222*4.07] mapped 332134 sequences
[M::worker_pipeline::42.822*4.07] mapped 332122 sequences
[M::worker_pipeline::43.449*4.07] mapped 332118 sequences
[M::worker_pipeline::44.035*4.07] mapped 332092 sequences
[M::worker_pipeline::44.617*4.08] mapped 332150 sequences
[M::worker_pipeline::45.226*4.08] mapped 332260 sequences
[M::worker_pipeline::45.841*4.08] mapped 332362 sequences
[M::worker_pipeline::46.483*4.08] mapped 332818 sequences
[M::worker_pipeline::47.101*4.08] mapped 332730 sequences
[M::worker_pipeline::47.737*4.08] mapped 332638 sequences
[M::worker_pipeline::48.339*4.08] mapped 332556 sequences
[M::worker_pipeline::48.930*4.08] mapped 332464 sequences
[M::worker_pipeline::49.505*4.09] mapped 332444 sequences
[M::worker_pipeline::50.078*4.09] mapped 332398 sequences
[M::worker_pipeline::50.679*4.09] mapped 332388 sequences
[M::worker_pipeline::51.310*4.09] mapped 332458 sequences
[M::worker_pipeline::51.928*4.09] mapped 332266 sequences
[M::worker_pipeline::52.529*4.09] mapped 332258 sequences
[M::worker_pipeline::53.178*4.09] mapped 332362 sequences
[M::worker_pipeline::53.775*4.09] mapped 332262 sequences
[M::worker_pipeline::54.403*4.09] mapped 332294 sequences
[M::worker_pipeline::55.008*4.10] mapped 332336 sequences
[M::worker_pipeline::55.597*4.10] mapped 332390 sequences
[M::worker_pipeline::56.207*4.10] mapped 332418 sequences
[M::worker_pipeline::56.800*4.10] mapped 332352 sequences
[M::worker_pipeline::57.404*4.11] mapped 332334 sequences
[M::worker_pipeline::57.984*4.11] mapped 332338 sequences
[M::worker_pipeline::58.595*4.11] mapped 332328 sequences
[M::worker_pipeline::59.183*4.11] mapped 332296 sequences
[M::worker_pipeline::59.806*4.11] mapped 332228 sequences
[M::worker_pipeline::60.440*4.11] mapped 332248 sequences
[M::worker_pipeline::61.043*4.12] mapped 332232 sequences
[M::worker_pipeline::61.596*4.12] mapped 332238 sequences
[M::worker_pipeline::62.231*4.12] mapped 332286 sequences
[M::worker_pipeline::62.839*4.12] mapped 332292 sequences
[M::worker_pipeline::63.396*4.12] mapped 332202 sequences
[M::worker_pipeline::64.013*4.13] mapped 332178 sequences
[M::worker_pipeline::64.617*4.12] mapped 332180 sequences
[M::worker_pipeline::65.249*4.13] mapped 332172 sequences
[M::worker_pipeline::71.854*3.85] mapped 332194 sequences
[M::worker_pipeline::72.035*3.84] mapped 332172 sequences
[M::worker_pipeline::72.219*3.84] mapped 332224 sequences
[M::worker_pipeline::72.733*3.84] mapped 332228 sequences
[M::worker_pipeline::73.345*3.85] mapped 332138 sequences
[M::worker_pipeline::73.947*3.85] mapped 332160 sequences
[M::worker_pipeline::74.552*3.85] mapped 332132 sequences
[M::worker_pipeline::75.247*3.85] mapped 332136 sequences
[M::worker_pipeline::75.870*3.85] mapped 332114 sequences
[M::worker_pipeline::76.550*3.85] mapped 332172 sequences
[M::worker_pipeline::77.148*3.86] mapped 332148 sequences
[M::worker_pipeline::77.792*3.86] mapped 332094 sequences
[M::worker_pipeline::78.410*3.86] mapped 332120 sequences
[M::worker_pipeline::79.015*3.86] mapped 332080 sequences
[M::worker_pipeline::79.614*3.87] mapped 332092 sequences
[M::worker_pipeline::80.281*3.87] mapped 332136 sequences
[M::worker_pipeline::80.867*3.87] mapped 332170 sequences
[M::worker_pipeline::81.441*3.87] mapped 332072 sequences
[M::worker_pipeline::82.058*3.88] mapped 332102 sequences
[M::worker_pipeline::82.633*3.88] mapped 332108 sequences
[M::worker_pipeline::83.230*3.88] mapped 332066 sequences
[M::worker_pipeline::83.851*3.88] mapped 332074 sequences
[M::worker_pipeline::84.443*3.89] mapped 332078 sequences
[M::worker_pipeline::85.018*3.89] mapped 332112 sequences
[M::worker_pipeline::85.610*3.90] mapped 332100 sequences
[M::worker_pipeline::86.192*3.90] mapped 332080 sequences
[M::worker_pipeline::86.821*3.90] mapped 332096 sequences
[M::worker_pipeline::87.427*3.90] mapped 332058 sequences
[M::worker_pipeline::88.006*3.90] mapped 332092 sequences
[M::worker_pipeline::88.598*3.91] mapped 332114 sequences
[M::worker_pipeline::89.210*3.91] mapped 332104 sequences
[M::worker_pipeline::89.791*3.91] mapped 332114 sequences
[M::worker_pipeline::90.407*3.91] mapped 332176 sequences
[M::worker_pipeline::91.073*3.91] mapped 332186 sequences
[M::worker_pipeline::91.647*3.92] mapped 332176 sequences
[M::worker_pipeline::92.225*3.92] mapped 332268 sequences
[M::worker_pipeline::92.817*3.92] mapped 332214 sequences
[M::worker_pipeline::93.408*3.92] mapped 332186 sequences
[M::worker_pipeline::94.020*3.93] mapped 332310 sequences
[M::worker_pipeline::94.600*3.93] mapped 332326 sequences
[M::worker_pipeline::95.230*3.93] mapped 332758 sequences
[M::worker_pipeline::95.843*3.93] mapped 332728 sequences
[M::worker_pipeline::96.444*3.93] mapped 332690 sequences
[M::worker_pipeline::97.066*3.94] mapped 332658 sequences
[M::worker_pipeline::97.630*3.94] mapped 332540 sequences
[M::worker_pipeline::98.298*3.94] mapped 332546 sequences
[M::worker_pipeline::98.940*3.94] mapped 332512 sequences
[M::worker_pipeline::99.586*3.94] mapped 332460 sequences
[M::worker_pipeline::100.221*3.94] mapped 332500 sequences
[M::worker_pipeline::100.802*3.94] mapped 332434 sequences
[M::worker_pipeline::101.425*3.94] mapped 332356 sequences
[M::worker_pipeline::102.066*3.94] mapped 332350 sequences
[M::worker_pipeline::102.655*3.94] mapped 332372 sequences
[M::worker_pipeline::103.276*3.94] mapped 332344 sequences
[M::worker_pipeline::103.916*3.95] mapped 332354 sequences
[M::worker_pipeline::104.477*3.95] mapped 332374 sequences
[M::worker_pipeline::105.098*3.95] mapped 332458 sequences
[M::worker_pipeline::105.712*3.95] mapped 332498 sequences
[M::worker_pipeline::106.299*3.95] mapped 332582 sequences
[M::worker_pipeline::106.978*3.95] mapped 332632 sequences
[M::worker_pipeline::107.618*3.95] mapped 333028 sequences
[M::worker_pipeline::108.212*3.95] mapped 332492 sequences
[M::worker_pipeline::108.864*3.95] mapped 332534 sequences
[M::worker_pipeline::109.471*3.95] mapped 332428 sequences
[M::worker_pipeline::110.073*3.95] mapped 332420 sequences
[M::worker_pipeline::110.725*3.95] mapped 332482 sequences
[M::worker_pipeline::111.326*3.96] mapped 332424 sequences
[M::worker_pipeline::111.916*3.96] mapped 332412 sequences
[M::worker_pipeline::112.507*3.96] mapped 332312 sequences
[M::worker_pipeline::113.145*3.96] mapped 332202 sequences
[M::worker_pipeline::113.734*3.96] mapped 332228 sequences
[M::worker_pipeline::114.352*3.96] mapped 332188 sequences
[M::worker_pipeline::114.927*3.96] mapped 332980 sequences
[M::worker_pipeline::115.540*3.97] mapped 332266 sequences
[M::worker_pipeline::116.131*3.97] mapped 332242 sequences
[M::worker_pipeline::116.719*3.97] mapped 332226 sequences
[M::worker_pipeline::117.373*3.97] mapped 332204 sequences
[M::worker_pipeline::117.964*3.97] mapped 332206 sequences
[M::worker_pipeline::118.544*3.97] mapped 332232 sequences
[M::worker_pipeline::119.187*3.97] mapped 332250 sequences
[M::worker_pipeline::119.777*3.98] mapped 332212 sequences
[M::worker_pipeline::120.380*3.98] mapped 332208 sequences
[M::worker_pipeline::121.001*3.98] mapped 332210 sequences
[M::worker_pipeline::121.609*3.98] mapped 332176 sequences
[M::worker_pipeline::122.201*3.98] mapped 332198 sequences
[M::worker_pipeline::122.837*3.98] mapped 332104 sequences
[M::worker_pipeline::123.431*3.98] mapped 332078 sequences
[M::worker_pipeline::124.044*3.98] mapped 332036 sequences
[M::worker_pipeline::124.672*3.98] mapped 332028 sequences
[M::worker_pipeline::125.261*3.99] mapped 332108 sequences
[M::worker_pipeline::125.874*3.99] mapped 332064 sequences
[M::worker_pipeline::126.442*3.99] mapped 332078 sequences
[M::worker_pipeline::127.040*3.99] mapped 332052 sequences
[M::worker_pipeline::127.654*3.99] mapped 332026 sequences
[M::worker_pipeline::128.277*3.99] mapped 332082 sequences
[M::worker_pipeline::128.853*4.00] mapped 332048 sequences
[M::worker_pipeline::129.450*4.00] mapped 332034 sequences
[M::worker_pipeline::130.030*4.00] mapped 332034 sequences
[M::worker_pipeline::130.645*4.00] mapped 332030 sequences
[M::worker_pipeline::131.210*4.00] mapped 332024 sequences
[M::worker_pipeline::131.818*4.00] mapped 332058 sequences
[M::worker_pipeline::132.400*4.00] mapped 332028 sequences
[M::worker_pipeline::132.990*4.01] mapped 332034 sequences
[M::worker_pipeline::133.566*4.01] mapped 332038 sequences
[M::worker_pipeline::134.196*4.01] mapped 332090 sequences
[M::worker_pipeline::140.248*3.88] mapped 332120 sequences
[M::worker_pipeline::140.429*3.88] mapped 332170 sequences
[M::worker_pipeline::140.614*3.88] mapped 332188 sequences
[M::worker_pipeline::141.114*3.88] mapped 332110 sequences
[M::worker_pipeline::141.724*3.89] mapped 332122 sequences
[M::worker_pipeline::142.304*3.89] mapped 332152 sequences
[M::worker_pipeline::142.878*3.89] mapped 332144 sequences
[M::worker_pipeline::143.495*3.89] mapped 332670 sequences
[M::worker_pipeline::144.126*3.89] mapped 332906 sequences
[M::worker_pipeline::144.684*3.90] mapped 333124 sequences
[M::worker_pipeline::145.290*3.90] mapped 332720 sequences
[M::worker_pipeline::145.873*3.90] mapped 332682 sequences
[M::worker_pipeline::146.458*3.90] mapped 332654 sequences
[M::worker_pipeline::147.064*3.90] mapped 332558 sequences
[M::worker_pipeline::147.695*3.90] mapped 332516 sequences
[M::worker_pipeline::148.312*3.90] mapped 332450 sequences
[M::worker_pipeline::148.886*3.91] mapped 332438 sequences
[M::worker_pipeline::149.466*3.91] mapped 332402 sequences
[M::worker_pipeline::150.065*3.91] mapped 332446 sequences
[M::worker_pipeline::150.690*3.91] mapped 332462 sequences
[M::worker_pipeline::151.270*3.91] mapped 332450 sequences
[M::worker_pipeline::151.898*3.91] mapped 332504 sequences
[M::worker_pipeline::152.516*3.91] mapped 332538 sequences
[M::worker_pipeline::153.099*3.91] mapped 332550 sequences
[M::worker_pipeline::153.719*3.91] mapped 332664 sequences
[M::worker_pipeline::154.321*3.91] mapped 332696 sequences
[M::worker_pipeline::154.916*3.92] mapped 332732 sequences
[M::worker_pipeline::155.531*3.92] mapped 332700 sequences
[M::worker_pipeline::156.144*3.92] mapped 332546 sequences
[M::worker_pipeline::156.702*3.92] mapped 332460 sequences
[M::worker_pipeline::157.324*3.92] mapped 332506 sequences
[M::worker_pipeline::157.967*3.92] mapped 332474 sequences
[M::worker_pipeline::158.565*3.92] mapped 332482 sequences
[M::worker_pipeline::159.191*3.92] mapped 332506 sequences
[M::worker_pipeline::159.827*3.92] mapped 332610 sequences
[M::worker_pipeline::160.428*3.93] mapped 332488 sequences
[M::worker_pipeline::161.044*3.93] mapped 332424 sequences
[M::worker_pipeline::161.677*3.93] mapped 332374 sequences
[M::worker_pipeline::162.295*3.93] mapped 332402 sequences
[M::worker_pipeline::162.867*3.93] mapped 332362 sequences
[M::worker_pipeline::163.483*3.93] mapped 332326 sequences
[M::worker_pipeline::164.117*3.93] mapped 332386 sequences
[M::worker_pipeline::164.710*3.93] mapped 332412 sequences
[M::worker_pipeline::165.328*3.93] mapped 332446 sequences
[M::worker_pipeline::165.950*3.93] mapped 332408 sequences
[M::worker_pipeline::166.544*3.93] mapped 332388 sequences
[M::worker_pipeline::167.143*3.93] mapped 332354 sequences
[M::worker_pipeline::167.753*3.94] mapped 332312 sequences
[M::worker_pipeline::168.345*3.94] mapped 332274 sequences
[M::worker_pipeline::168.910*3.94] mapped 332314 sequences
[M::worker_pipeline::169.524*3.94] mapped 332248 sequences
[M::worker_pipeline::170.126*3.94] mapped 332288 sequences
[M::worker_pipeline::170.737*3.94] mapped 332222 sequences
[M::worker_pipeline::171.321*3.94] mapped 332210 sequences
[M::worker_pipeline::171.913*3.94] mapped 332286 sequences
[M::worker_pipeline::172.514*3.95] mapped 332240 sequences
[M::worker_pipeline::173.142*3.95] mapped 332234 sequences
[M::worker_pipeline::173.742*3.95] mapped 332200 sequences
[M::worker_pipeline::174.365*3.95] mapped 332222 sequences
[M::worker_pipeline::174.951*3.95] mapped 332208 sequences
[M::worker_pipeline::175.574*3.95] mapped 332108 sequences
[M::worker_pipeline::176.222*3.95] mapped 332160 sequences
[M::worker_pipeline::176.781*3.95] mapped 332212 sequences
[M::worker_pipeline::177.411*3.95] mapped 332124 sequences
[M::worker_pipeline::178.048*3.95] mapped 332128 sequences
[M::worker_pipeline::178.679*3.95] mapped 332120 sequences
[M::worker_pipeline::179.257*3.96] mapped 332086 sequences
[M::worker_pipeline::179.884*3.96] mapped 332126 sequences
[M::worker_pipeline::180.458*3.96] mapped 332128 sequences
[M::worker_pipeline::181.039*3.96] mapped 332212 sequences
[M::worker_pipeline::181.661*3.96] mapped 332192 sequences
[M::worker_pipeline::182.273*3.96] mapped 332202 sequences
[M::worker_pipeline::182.864*3.96] mapped 332206 sequences
[M::worker_pipeline::183.470*3.96] mapped 332242 sequences
[M::worker_pipeline::184.129*3.96] mapped 332312 sequences
[M::worker_pipeline::184.710*3.97] mapped 332310 sequences
[M::worker_pipeline::185.285*3.97] mapped 332314 sequences
[M::worker_pipeline::185.943*3.97] mapped 332336 sequences
[M::worker_pipeline::186.543*3.97] mapped 332316 sequences
[M::worker_pipeline::187.127*3.97] mapped 332394 sequences
[M::worker_pipeline::187.725*3.97] mapped 332902 sequences
[M::worker_pipeline::188.345*3.97] mapped 333094 sequences
[M::worker_pipeline::188.946*3.97] mapped 332822 sequences
[M::worker_pipeline::189.543*3.97] mapped 332598 sequences
[M::worker_pipeline::190.153*3.97] mapped 332592 sequences
[M::worker_pipeline::190.760*3.97] mapped 332618 sequences
[M::worker_pipeline::191.335*3.97] mapped 332554 sequences
[M::worker_pipeline::191.941*3.97] mapped 332516 sequences
[M::worker_pipeline::192.533*3.98] mapped 332384 sequences
[M::worker_pipeline::193.134*3.98] mapped 332402 sequences
[M::worker_pipeline::193.748*3.98] mapped 332362 sequences
[M::worker_pipeline::194.372*3.98] mapped 332354 sequences
[M::worker_pipeline::194.966*3.98] mapped 332390 sequences
[M::worker_pipeline::195.602*3.98] mapped 332370 sequences
[M::worker_pipeline::196.219*3.98] mapped 332408 sequences
[M::worker_pipeline::196.842*3.98] mapped 332400 sequences
[M::worker_pipeline::197.408*3.98] mapped 332326 sequences
[M::worker_pipeline::198.041*3.98] mapped 332350 sequences
[M::worker_pipeline::198.631*3.98] mapped 332382 sequences
[M::worker_pipeline::199.230*3.98] mapped 332376 sequences
[M::worker_pipeline::199.794*3.98] mapped 332326 sequences
[M::worker_pipeline::200.390*3.99] mapped 332308 sequences
[M::worker_pipeline::200.970*3.99] mapped 332378 sequences
[M::worker_pipeline::201.565*3.99] mapped 332368 sequences
[M::worker_pipeline::202.144*3.99] mapped 332252 sequences
[M::worker_pipeline::202.761*3.99] mapped 332258 sequences
[M::worker_pipeline::208.020*3.92] mapped 332260 sequences
[M::worker_pipeline::208.193*3.92] mapped 332202 sequences
[M::worker_pipeline::208.379*3.92] mapped 332220 sequences
[M::worker_pipeline::208.896*3.92] mapped 332224 sequences
[M::worker_pipeline::209.540*3.92] mapped 332308 sequences
[M::worker_pipeline::210.112*3.92] mapped 332314 sequences
[M::worker_pipeline::210.724*3.93] mapped 332244 sequences
[M::worker_pipeline::211.278*3.93] mapped 332214 sequences
[M::worker_pipeline::211.900*3.93] mapped 332220 sequences
[M::worker_pipeline::212.490*3.93] mapped 332208 sequences
[M::worker_pipeline::213.059*3.93] mapped 332228 sequences
[M::worker_pipeline::213.635*3.93] mapped 332164 sequences
[M::worker_pipeline::214.306*3.93] mapped 332132 sequences
[M::worker_pipeline::214.886*3.93] mapped 332208 sequences
[M::worker_pipeline::215.513*3.93] mapped 332174 sequences
[M::worker_pipeline::216.115*3.93] mapped 332212 sequences
[M::worker_pipeline::216.704*3.93] mapped 332218 sequences
[M::worker_pipeline::217.303*3.94] mapped 332156 sequences
[M::worker_pipeline::217.922*3.94] mapped 332172 sequences
[M::worker_pipeline::218.507*3.94] mapped 332188 sequences
[M::worker_pipeline::219.125*3.94] mapped 332288 sequences
[M::worker_pipeline::219.727*3.94] mapped 332256 sequences
[M::worker_pipeline::220.307*3.94] mapped 332204 sequences
[M::worker_pipeline::220.920*3.94] mapped 332278 sequences
[M::worker_pipeline::221.495*3.94] mapped 332260 sequences
[M::worker_pipeline::222.091*3.94] mapped 332320 sequences
[M::worker_pipeline::222.699*3.94] mapped 332304 sequences
[M::worker_pipeline::223.289*3.94] mapped 332326 sequences
[M::worker_pipeline::223.859*3.94] mapped 332320 sequences
[M::worker_pipeline::224.480*3.94] mapped 332342 sequences
[M::worker_pipeline::225.073*3.95] mapped 332372 sequences
[M::worker_pipeline::225.667*3.95] mapped 332460 sequences
[M::worker_pipeline::226.229*3.95] mapped 332436 sequences
[M::worker_pipeline::226.809*3.95] mapped 332444 sequences
[M::worker_pipeline::227.415*3.95] mapped 332510 sequences
[M::worker_pipeline::228.016*3.95] mapped 332416 sequences
[M::worker_pipeline::228.653*3.95] mapped 332460 sequences
[M::worker_pipeline::229.216*3.95] mapped 332340 sequences
[M::worker_pipeline::229.866*3.95] mapped 332294 sequences
[M::worker_pipeline::230.465*3.95] mapped 332222 sequences
[M::worker_pipeline::231.068*3.95] mapped 332140 sequences
[M::worker_pipeline::231.666*3.96] mapped 332116 sequences
[M::worker_pipeline::232.321*3.95] mapped 332158 sequences
[M::worker_pipeline::232.933*3.96] mapped 332150 sequences
[M::worker_pipeline::233.549*3.96] mapped 332356 sequences
[M::worker_pipeline::234.179*3.96] mapped 332928 sequences
[M::worker_pipeline::234.782*3.96] mapped 332678 sequences
[M::worker_pipeline::235.379*3.96] mapped 332570 sequences
[M::worker_pipeline::235.988*3.96] mapped 332572 sequences
[M::worker_pipeline::236.620*3.96] mapped 332524 sequences
[M::worker_pipeline::237.265*3.96] mapped 332392 sequences
[M::worker_pipeline::237.909*3.96] mapped 332402 sequences
[M::worker_pipeline::238.536*3.96] mapped 332394 sequences
[M::worker_pipeline::239.105*3.96] mapped 332298 sequences
[M::worker_pipeline::239.721*3.96] mapped 332288 sequences
[M::worker_pipeline::240.370*3.96] mapped 332298 sequences
[M::worker_pipeline::240.984*3.96] mapped 332292 sequences
[M::worker_pipeline::241.565*3.96] mapped 332300 sequences
[M::worker_pipeline::242.232*3.96] mapped 332328 sequences
[M::worker_pipeline::242.831*3.96] mapped 332294 sequences
[M::worker_pipeline::243.415*3.96] mapped 332340 sequences
[M::worker_pipeline::243.999*3.96] mapped 332370 sequences
[M::worker_pipeline::244.606*3.96] mapped 332326 sequences
[M::worker_pipeline::245.243*3.96] mapped 332280 sequences
[M::worker_pipeline::245.839*3.96] mapped 332314 sequences
[M::worker_pipeline::246.466*3.96] mapped 332238 sequences
[M::worker_pipeline::247.048*3.97] mapped 332284 sequences
[M::worker_pipeline::247.646*3.97] mapped 332260 sequences
[M::worker_pipeline::248.268*3.97] mapped 332176 sequences
[M::worker_pipeline::248.856*3.97] mapped 332182 sequences
[M::worker_pipeline::249.499*3.97] mapped 332204 sequences
[M::worker_pipeline::250.079*3.97] mapped 332158 sequences
[M::worker_pipeline::250.655*3.97] mapped 332154 sequences
[M::worker_pipeline::251.266*3.97] mapped 332158 sequences
[M::worker_pipeline::251.928*3.97] mapped 332130 sequences
[M::worker_pipeline::252.509*3.97] mapped 332176 sequences
[M::worker_pipeline::253.124*3.97] mapped 332156 sequences
[M::worker_pipeline::253.742*3.97] mapped 332172 sequences
[M::worker_pipeline::254.351*3.97] mapped 332164 sequences
[M::worker_pipeline::254.997*3.97] mapped 332172 sequences
[M::worker_pipeline::255.588*3.98] mapped 332124 sequences
[M::worker_pipeline::256.166*3.98] mapped 332136 sequences
[M::worker_pipeline::256.744*3.98] mapped 332134 sequences
[M::worker_pipeline::257.377*3.98] mapped 332140 sequences
[M::worker_pipeline::257.982*3.98] mapped 332190 sequences
[M::worker_pipeline::258.551*3.98] mapped 332202 sequences
[M::worker_pipeline::259.154*3.98] mapped 332234 sequences
[M::worker_pipeline::259.769*3.98] mapped 332224 sequences
[M::worker_pipeline::260.401*3.98] mapped 332182 sequences
[M::worker_pipeline::260.999*3.98] mapped 332124 sequences
[M::worker_pipeline::261.594*3.98] mapped 332146 sequences
[M::worker_pipeline::262.244*3.98] mapped 332160 sequences
[M::worker_pipeline::262.813*3.98] mapped 332190 sequences
[M::worker_pipeline::263.452*3.98] mapped 332172 sequences
[M::worker_pipeline::264.051*3.98] mapped 332100 sequences
[M::worker_pipeline::264.650*3.98] mapped 332108 sequences
[M::worker_pipeline::265.279*3.99] mapped 332146 sequences
[M::worker_pipeline::265.893*3.99] mapped 332226 sequences
[M::worker_pipeline::266.530*3.99] mapped 332214 sequences
[M::worker_pipeline::267.071*3.99] mapped 332236 sequences
[M::worker_pipeline::267.722*3.99] mapped 332250 sequences
[M::worker_pipeline::268.327*3.99] mapped 332272 sequences
[M::worker_pipeline::268.897*3.99] mapped 332264 sequences
[M::worker_pipeline::269.466*3.99] mapped 332282 sequences
[M::worker_pipeline::270.105*3.99] mapped 332290 sequences
[M::worker_pipeline::275.502*3.94] mapped 332304 sequences
[M::worker_pipeline::275.680*3.94] mapped 332256 sequences
[M::worker_pipeline::275.842*3.93] mapped 332336 sequences
[M::worker_pipeline::276.385*3.94] mapped 332260 sequences
[M::worker_pipeline::276.965*3.94] mapped 332154 sequences
[M::worker_pipeline::277.567*3.94] mapped 332138 sequences
[M::worker_pipeline::278.204*3.94] mapped 332102 sequences
[M::worker_pipeline::278.794*3.94] mapped 332166 sequences
[M::worker_pipeline::279.403*3.94] mapped 332118 sequences
[M::worker_pipeline::279.961*3.94] mapped 332188 sequences
[M::worker_pipeline::280.592*3.94] mapped 332876 sequences
[M::worker_pipeline::281.153*3.94] mapped 332678 sequences
[M::worker_pipeline::281.770*3.94] mapped 332608 sequences
[M::worker_pipeline::282.360*3.94] mapped 332386 sequences
[M::worker_pipeline::282.951*3.95] mapped 332412 sequences
[M::worker_pipeline::283.564*3.95] mapped 332422 sequences
[M::worker_pipeline::284.177*3.95] mapped 332364 sequences
[M::worker_pipeline::284.766*3.95] mapped 332270 sequences
[M::worker_pipeline::285.324*3.95] mapped 332240 sequences
[M::worker_pipeline::285.932*3.95] mapped 332272 sequences
[M::worker_pipeline::286.555*3.95] mapped 332262 sequences
[M::worker_pipeline::287.141*3.95] mapped 332232 sequences
[M::worker_pipeline::287.736*3.95] mapped 332202 sequences
[M::worker_pipeline::288.324*3.95] mapped 332142 sequences
[M::worker_pipeline::288.942*3.95] mapped 332252 sequences
[M::worker_pipeline::289.546*3.95] mapped 332204 sequences
[M::worker_pipeline::290.115*3.95] mapped 332254 sequences
[M::worker_pipeline::290.729*3.95] mapped 332226 sequences
[M::worker_pipeline::291.322*3.96] mapped 332246 sequences
[M::worker_pipeline::291.914*3.96] mapped 332642 sequences
[M::worker_pipeline::292.563*3.96] mapped 332224 sequences
[M::worker_pipeline::293.172*3.96] mapped 332166 sequences
[M::worker_pipeline::293.745*3.96] mapped 332194 sequences
[M::worker_pipeline::294.347*3.96] mapped 332170 sequences
[M::worker_pipeline::294.964*3.96] mapped 332126 sequences
[M::worker_pipeline::295.562*3.96] mapped 332164 sequences
[M::worker_pipeline::296.146*3.96] mapped 332212 sequences
[M::worker_pipeline::296.770*3.96] mapped 332138 sequences
[M::worker_pipeline::297.344*3.96] mapped 332068 sequences
[M::worker_pipeline::297.895*3.96] mapped 332126 sequences
[M::worker_pipeline::298.526*3.96] mapped 332118 sequences
[M::worker_pipeline::299.111*3.96] mapped 332162 sequences
[M::worker_pipeline::299.696*3.97] mapped 332096 sequences
[M::worker_pipeline::300.273*3.97] mapped 332144 sequences
[M::worker_pipeline::300.874*3.97] mapped 332126 sequences
[M::worker_pipeline::301.485*3.97] mapped 332150 sequences
[M::worker_pipeline::302.018*3.97] mapped 332132 sequences
[M::worker_pipeline::302.648*3.97] mapped 332148 sequences
[M::worker_pipeline::303.266*3.97] mapped 332094 sequences
[M::worker_pipeline::303.826*3.97] mapped 332298 sequences
[M::worker_pipeline::304.434*3.97] mapped 332332 sequences
[M::worker_pipeline::304.972*3.97] mapped 332466 sequences
[M::worker_pipeline::305.657*3.97] mapped 332352 sequences
[M::worker_pipeline::306.258*3.97] mapped 332394 sequences
[M::worker_pipeline::306.845*3.97] mapped 332320 sequences
[M::worker_pipeline::307.461*3.97] mapped 332084 sequences
[M::worker_pipeline::308.041*3.98] mapped 332148 sequences
[M::worker_pipeline::308.638*3.98] mapped 332132 sequences
[M::worker_pipeline::309.230*3.98] mapped 332150 sequences
[M::worker_pipeline::309.861*3.98] mapped 332144 sequences
[M::worker_pipeline::310.433*3.98] mapped 332146 sequences
[M::worker_pipeline::311.056*3.98] mapped 332162 sequences
[M::worker_pipeline::311.628*3.98] mapped 332172 sequences
[M::worker_pipeline::312.213*3.98] mapped 332254 sequences
[M::worker_pipeline::312.781*3.98] mapped 332186 sequences
[M::worker_pipeline::313.369*3.98] mapped 332210 sequences
[M::worker_pipeline::313.946*3.98] mapped 332244 sequences
[M::worker_pipeline::314.568*3.98] mapped 332240 sequences
[M::worker_pipeline::315.153*3.98] mapped 332266 sequences
[M::worker_pipeline::315.730*3.98] mapped 332320 sequences
[M::worker_pipeline::316.333*3.99] mapped 332324 sequences
[M::worker_pipeline::316.996*3.99] mapped 332346 sequences
[M::worker_pipeline::317.550*3.99] mapped 332366 sequences
[M::worker_pipeline::318.186*3.99] mapped 332344 sequences
[M::worker_pipeline::318.769*3.99] mapped 332206 sequences
[M::worker_pipeline::319.378*3.99] mapped 332138 sequences
[M::worker_pipeline::319.974*3.99] mapped 332118 sequences
[M::worker_pipeline::320.574*3.99] mapped 332134 sequences
[M::worker_pipeline::321.156*3.99] mapped 332134 sequences
[M::worker_pipeline::321.756*3.99] mapped 332126 sequences
[M::worker_pipeline::322.374*3.99] mapped 332654 sequences
[M::worker_pipeline::322.956*3.99] mapped 332844 sequences
[M::worker_pipeline::323.562*3.99] mapped 332752 sequences
[M::worker_pipeline::324.131*3.99] mapped 332646 sequences
[M::worker_pipeline::324.744*3.99] mapped 332600 sequences
[M::worker_pipeline::325.331*3.99] mapped 332588 sequences
[M::worker_pipeline::325.964*3.99] mapped 332532 sequences
[M::worker_pipeline::326.586*3.99] mapped 332588 sequences
[M::worker_pipeline::327.199*3.99] mapped 332438 sequences
[M::worker_pipeline::327.794*3.99] mapped 332466 sequences
[M::worker_pipeline::328.389*4.00] mapped 332446 sequences
[M::worker_pipeline::329.031*4.00] mapped 332376 sequences
[M::worker_pipeline::329.667*4.00] mapped 332352 sequences
[M::worker_pipeline::330.281*4.00] mapped 332370 sequences
[M::worker_pipeline::330.828*4.00] mapped 332432 sequences
[M::worker_pipeline::331.431*4.00] mapped 332362 sequences
[M::worker_pipeline::332.020*4.00] mapped 332428 sequences
[M::worker_pipeline::332.609*4.00] mapped 332478 sequences
[M::worker_pipeline::333.224*4.00] mapped 332430 sequences
[M::worker_pipeline::333.840*4.00] mapped 332582 sequences
[M::worker_pipeline::334.427*4.00] mapped 332416 sequences
[M::worker_pipeline::335.049*4.00] mapped 332486 sequences
[M::worker_pipeline::335.647*4.00] mapped 332404 sequences
[M::worker_pipeline::336.250*4.00] mapped 332384 sequences
[M::worker_pipeline::336.870*4.00] mapped 332346 sequences
[M::worker_pipeline::342.131*3.96] mapped 332276 sequences
[M::worker_pipeline::342.311*3.96] mapped 332286 sequences
[M::worker_pipeline::342.491*3.96] mapped 332260 sequences
[M::worker_pipeline::343.022*3.96] mapped 332212 sequences
[M::worker_pipeline::343.614*3.96] mapped 332212 sequences
[M::worker_pipeline::344.215*3.96] mapped 332272 sequences
[M::worker_pipeline::344.815*3.96] mapped 332190 sequences
[M::worker_pipeline::345.418*3.96] mapped 332264 sequences
[M::worker_pipeline::345.991*3.96] mapped 332236 sequences
[M::worker_pipeline::346.610*3.96] mapped 332272 sequences
[M::worker_pipeline::347.199*3.96] mapped 332198 sequences
[M::worker_pipeline::347.806*3.96] mapped 332220 sequences
[M::worker_pipeline::348.423*3.97] mapped 332212 sequences
[M::worker_pipeline::348.995*3.97] mapped 332314 sequences
[M::worker_pipeline::349.624*3.97] mapped 332576 sequences
[M::worker_pipeline::350.265*3.97] mapped 332668 sequences
[M::worker_pipeline::350.885*3.97] mapped 332604 sequences
[M::worker_pipeline::351.503*3.97] mapped 332610 sequences
[M::worker_pipeline::352.100*3.97] mapped 332640 sequences
[M::worker_pipeline::352.706*3.97] mapped 332440 sequences
[M::worker_pipeline::353.312*3.97] mapped 332202 sequences
[M::worker_pipeline::353.897*3.97] mapped 332142 sequences
[M::worker_pipeline::354.444*3.97] mapped 332148 sequences
[M::worker_pipeline::355.084*3.97] mapped 332158 sequences
[M::worker_pipeline::355.665*3.97] mapped 332140 sequences
[M::worker_pipeline::356.262*3.97] mapped 332152 sequences
[M::worker_pipeline::356.850*3.97] mapped 332214 sequences
[M::worker_pipeline::357.447*3.97] mapped 332212 sequences
[M::worker_pipeline::358.054*3.97] mapped 332204 sequences
[M::worker_pipeline::358.660*3.97] mapped 332202 sequences
[M::worker_pipeline::359.244*3.97] mapped 332252 sequences
[M::worker_pipeline::359.846*3.97] mapped 332210 sequences
[M::worker_pipeline::360.449*3.98] mapped 332200 sequences
[M::worker_pipeline::361.038*3.98] mapped 332234 sequences
[M::worker_pipeline::361.607*3.98] mapped 332248 sequences
[M::worker_pipeline::362.184*3.98] mapped 332274 sequences
[M::worker_pipeline::362.779*3.98] mapped 332228 sequences
[M::worker_pipeline::363.410*3.98] mapped 332248 sequences
[M::worker_pipeline::363.991*3.98] mapped 332184 sequences
[M::worker_pipeline::364.614*3.98] mapped 332166 sequences
[M::worker_pipeline::365.225*3.98] mapped 332130 sequences
[M::worker_pipeline::365.811*3.98] mapped 332090 sequences
[M::worker_pipeline::366.398*3.98] mapped 332068 sequences
[M::worker_pipeline::367.029*3.98] mapped 332110 sequences
[M::worker_pipeline::367.605*3.98] mapped 332140 sequences
[M::worker_pipeline::368.172*3.98] mapped 307964 sequences
[M::main] Version: 2.22-r1101
[M::main] CMD: minimap2 --secondary=no -t 16 -R @RG\tID:snippy\tSM:snippy -ax sr /work/FAC/FBM/DMF/smitri/evomicrocomm/genome_size/data/oa/reference.fasta /work/FAC/FBM/DMF/smitri/evomicrocomm/genome_size/data/T44.4.5.rep/read1.fq.gz /work/FAC/FBM/DMF/smitri/evomicrocomm/genome_size/data/T44.4.5.rep/read2.fq.gz
[M::main] Real time: 368.190 sec; CPU: 1466.095 sec; Peak RSS: 0.490 GB
[bam_sort_core] merging from 80 files and 16 in-memory blocks...
[Fri Oct 15 16:18:39 2021]
Finished job 0.
1 of 1 steps (100%) done
