Building DAG of jobs...
Using shell: /usr/bin/bash
Provided cores: 16
Rules claiming more threads will be scaled down.
Select jobs to execute...

[Sun Oct 17 22:46:06 2021]
rule mapping:
    input: /work/FAC/FBM/DMF/smitri/evomicrocomm/genome_size/data/at/reference.fasta, /work/FAC/FBM/DMF/smitri/evomicrocomm/genome_size/data/T11.4.3/read1.fq.gz, /work/FAC/FBM/DMF/smitri/evomicrocomm/genome_size/data/T11.4.3/read2.fq.gz
    output: /work/FAC/FBM/DMF/smitri/evomicrocomm/genome_size/data/T11.4.3/at/mapped_reads.sorted.bam
    jobid: 0
    wildcards: sample=T11.4.3, strain=at
    threads: 16
    resources: mem_mb=30097, disk_mb=30097, tmpdir=/tmp/2846209

[M::mm_idx_gen::0.122*0.97] collected minimizers
[M::mm_idx_gen::0.142*2.12] sorted minimizers
[M::main::0.142*2.12] loaded/built the index for 5 target sequence(s)
[M::mm_mapopt_update::0.142*2.12] mid_occ = 1000
[M::mm_idx_stat] kmer size: 21; skip: 11; is_hpc: 0; #seq: 5
[M::mm_idx_stat::0.153*2.03] distinct minimizers: 875577 (98.87% are singletons); average occurrences: 1.019; average spacing: 5.996; total length: 5348547
[M::worker_pipeline::1.697*3.68] mapped 332952 sequences
[M::worker_pipeline::2.644*4.42] mapped 332912 sequences
[M::worker_pipeline::3.777*4.64] mapped 332840 sequences
[M::worker_pipeline::4.674*4.89] mapped 332718 sequences
[M::worker_pipeline::6.048*5.64] mapped 332714 sequences
[M::worker_pipeline::6.398*5.43] mapped 332654 sequences
[M::worker_pipeline::7.061*5.75] mapped 332664 sequences
[M::worker_pipeline::7.694*6.00] mapped 332626 sequences
[M::worker_pipeline::8.665*6.49] mapped 332612 sequences
[M::worker_pipeline::9.345*6.61] mapped 332600 sequences
[M::worker_pipeline::10.041*6.71] mapped 332558 sequences
[M::worker_pipeline::10.806*6.76] mapped 332506 sequences
[M::worker_pipeline::11.539*6.82] mapped 332490 sequences
[M::worker_pipeline::12.229*6.90] mapped 332508 sequences
[M::worker_pipeline::12.821*7.04] mapped 332524 sequences
[M::worker_pipeline::13.562*7.06] mapped 332570 sequences
[M::worker_pipeline::14.310*7.15] mapped 332498 sequences
[M::worker_pipeline::14.909*7.14] mapped 332516 sequences
[M::worker_pipeline::16.143*7.23] mapped 332488 sequences
[M::worker_pipeline::16.475*7.13] mapped 332462 sequences
[M::worker_pipeline::16.850*7.05] mapped 332472 sequences
[M::worker_pipeline::17.789*7.23] mapped 332532 sequences
[M::worker_pipeline::18.466*7.26] mapped 332548 sequences
[M::worker_pipeline::18.817*7.16] mapped 332768 sequences
[M::worker_pipeline::20.993*7.13] mapped 332726 sequences
[M::worker_pipeline::21.357*7.08] mapped 332718 sequences
[M::worker_pipeline::21.750*7.04] mapped 332832 sequences
[M::worker_pipeline::23.061*7.14] mapped 332804 sequences
[M::worker_pipeline::23.600*7.11] mapped 332780 sequences
[M::worker_pipeline::24.324*7.13] mapped 332814 sequences
[M::worker_pipeline::24.914*7.19] mapped 332708 sequences
[M::worker_pipeline::25.485*7.13] mapped 332632 sequences
[M::worker_pipeline::26.872*7.24] mapped 332584 sequences
[M::worker_pipeline::27.237*7.17] mapped 332566 sequences
[M::worker_pipeline::27.944*7.18] mapped 332526 sequences
[M::worker_pipeline::28.427*7.16] mapped 332558 sequences
[M::worker_pipeline::28.987*7.13] mapped 332438 sequences
[M::worker_pipeline::29.828*7.11] mapped 332526 sequences
[M::worker_pipeline::30.913*7.19] mapped 332568 sequences
[M::worker_pipeline::31.589*7.21] mapped 332612 sequences
[M::worker_pipeline::32.342*7.20] mapped 332504 sequences
[M::worker_pipeline::33.053*7.21] mapped 332738 sequences
[M::worker_pipeline::33.740*7.23] mapped 332930 sequences
[M::worker_pipeline::34.346*7.26] mapped 332722 sequences
[M::worker_pipeline::35.022*7.28] mapped 332590 sequences
[M::worker_pipeline::35.644*7.31] mapped 332566 sequences
[M::worker_pipeline::36.265*7.33] mapped 332526 sequences
[M::worker_pipeline::37.234*7.40] mapped 332516 sequences
[M::worker_pipeline::37.645*7.34] mapped 332444 sequences
[M::worker_pipeline::38.351*7.36] mapped 332458 sequences
[M::worker_pipeline::39.051*7.37] mapped 332528 sequences
[M::worker_pipeline::39.692*7.40] mapped 332480 sequences
[M::worker_pipeline::40.352*7.41] mapped 332510 sequences
[M::worker_pipeline::41.020*7.43] mapped 332498 sequences
[M::worker_pipeline::42.057*7.48] mapped 332490 sequences
[M::worker_pipeline::42.426*7.43] mapped 332546 sequences
[M::worker_pipeline::43.146*7.44] mapped 332570 sequences
[M::worker_pipeline::43.847*7.45] mapped 332550 sequences
[M::worker_pipeline::44.592*7.48] mapped 332552 sequences
[M::worker_pipeline::45.092*7.48] mapped 332532 sequences
[M::worker_pipeline::45.435*7.45] mapped 332528 sequences
[M::worker_pipeline::47.213*7.48] mapped 332710 sequences
[M::worker_pipeline::47.601*7.44] mapped 332620 sequences
[M::worker_pipeline::48.333*7.44] mapped 332612 sequences
[M::worker_pipeline::49.013*7.45] mapped 332648 sequences
[M::worker_pipeline::49.742*7.48] mapped 332682 sequences
[M::worker_pipeline::50.356*7.48] mapped 332708 sequences
[M::worker_pipeline::51.016*7.49] mapped 332638 sequences
[M::worker_pipeline::51.581*7.51] mapped 332594 sequences
[M::worker_pipeline::52.566*7.56] mapped 332558 sequences
[M::worker_pipeline::52.966*7.53] mapped 332560 sequences
[M::worker_pipeline::54.695*7.48] mapped 332530 sequences
[M::worker_pipeline::55.071*7.44] mapped 332630 sequences
[M::worker_pipeline::55.771*7.45] mapped 332756 sequences
[M::worker_pipeline::56.471*7.46] mapped 332642 sequences
[M::worker_pipeline::57.155*7.47] mapped 332716 sequences
[M::worker_pipeline::57.880*7.48] mapped 332796 sequences
[M::worker_pipeline::58.942*7.50] mapped 332832 sequences
[M::worker_pipeline::59.325*7.47] mapped 332820 sequences
[M::worker_pipeline::60.013*7.48] mapped 332858 sequences
[M::worker_pipeline::60.766*7.48] mapped 333094 sequences
[M::worker_pipeline::61.468*7.49] mapped 333108 sequences
[M::worker_pipeline::62.133*7.50] mapped 333002 sequences
[M::worker_pipeline::62.800*7.52] mapped 333152 sequences
[M::worker_pipeline::63.483*7.52] mapped 333032 sequences
[M::worker_pipeline::64.198*7.53] mapped 333056 sequences
[M::worker_pipeline::64.891*7.54] mapped 333216 sequences
[M::worker_pipeline::66.563*7.50] mapped 333152 sequences
[M::worker_pipeline::66.944*7.47] mapped 332674 sequences
[M::worker_pipeline::67.866*7.46] mapped 332568 sequences
[M::worker_pipeline::68.506*7.47] mapped 332494 sequences
[M::worker_pipeline::69.967*7.45] mapped 332472 sequences
[M::worker_pipeline::70.305*7.43] mapped 332446 sequences
[M::worker_pipeline::70.982*7.43] mapped 332356 sequences
[M::worker_pipeline::71.662*7.44] mapped 332324 sequences
[M::worker_pipeline::72.453*7.45] mapped 332280 sequences
[M::worker_pipeline::73.198*7.44] mapped 332308 sequences
[M::worker_pipeline::80.871*6.86] mapped 332250 sequences
[M::worker_pipeline::81.254*6.84] mapped 332276 sequences
[M::worker_pipeline::81.995*6.84] mapped 332272 sequences
[M::worker_pipeline::82.416*6.82] mapped 332304 sequences
[M::worker_pipeline::84.218*6.85] mapped 332220 sequences
[M::worker_pipeline::84.603*6.83] mapped 332206 sequences
[M::worker_pipeline::85.281*6.84] mapped 332252 sequences
[M::worker_pipeline::85.956*6.85] mapped 332238 sequences
[M::worker_pipeline::86.572*6.86] mapped 332248 sequences
[M::worker_pipeline::87.205*6.88] mapped 332242 sequences
[M::worker_pipeline::87.853*6.89] mapped 332172 sequences
[M::worker_pipeline::88.509*6.90] mapped 332266 sequences
[M::worker_pipeline::89.161*6.91] mapped 332236 sequences
[M::worker_pipeline::89.531*6.89] mapped 332216 sequences
[M::worker_pipeline::90.544*6.93] mapped 332292 sequences
[M::worker_pipeline::91.202*6.94] mapped 332352 sequences
[M::worker_pipeline::91.909*6.94] mapped 332410 sequences
[M::worker_pipeline::92.586*6.96] mapped 332488 sequences
[M::worker_pipeline::93.498*6.99] mapped 332522 sequences
[M::worker_pipeline::93.990*6.96] mapped 332586 sequences
[M::worker_pipeline::95.662*6.95] mapped 332602 sequences
[M::worker_pipeline::96.088*6.92] mapped 332486 sequences
[M::worker_pipeline::96.778*6.94] mapped 332388 sequences
[M::worker_pipeline::97.473*6.95] mapped 332398 sequences
[M::worker_pipeline::98.136*6.95] mapped 332372 sequences
[M::worker_pipeline::98.767*6.97] mapped 332338 sequences
[M::worker_pipeline::99.439*6.97] mapped 332272 sequences
[M::worker_pipeline::100.085*6.98] mapped 332312 sequences
[M::worker_pipeline::100.795*6.99] mapped 332296 sequences
[M::worker_pipeline::101.507*6.99] mapped 332386 sequences
[M::worker_pipeline::102.119*7.00] mapped 332262 sequences
[M::worker_pipeline::102.770*7.02] mapped 332392 sequences
[M::worker_pipeline::103.449*7.02] mapped 332324 sequences
[M::worker_pipeline::104.138*7.03] mapped 332652 sequences
[M::worker_pipeline::104.744*7.04] mapped 332678 sequences
[M::worker_pipeline::105.437*7.04] mapped 332498 sequences
[M::worker_pipeline::105.761*7.03] mapped 332274 sequences
[M::worker_pipeline::106.761*7.06] mapped 332328 sequences
[M::worker_pipeline::107.416*7.07] mapped 332240 sequences
[M::worker_pipeline::108.079*7.07] mapped 332318 sequences
[M::worker_pipeline::108.702*7.08] mapped 332272 sequences
[M::worker_pipeline::109.373*7.09] mapped 332228 sequences
[M::worker_pipeline::110.085*7.10] mapped 332244 sequences
[M::worker_pipeline::110.767*7.10] mapped 332202 sequences
[M::worker_pipeline::111.814*7.12] mapped 332270 sequences
[M::worker_pipeline::112.204*7.11] mapped 332318 sequences
[M::worker_pipeline::112.858*7.11] mapped 332336 sequences
[M::worker_pipeline::113.544*7.12] mapped 332262 sequences
[M::worker_pipeline::114.137*7.13] mapped 332252 sequences
[M::worker_pipeline::114.782*7.14] mapped 332314 sequences
[M::worker_pipeline::115.450*7.14] mapped 332292 sequences
[M::worker_pipeline::116.125*7.15] mapped 332246 sequences
[M::worker_pipeline::116.791*7.15] mapped 332166 sequences
[M::worker_pipeline::117.453*7.16] mapped 332196 sequences
[M::worker_pipeline::118.066*7.17] mapped 332252 sequences
[M::worker_pipeline::118.730*7.17] mapped 332228 sequences
[M::worker_pipeline::119.275*7.17] mapped 332212 sequences
[M::worker_pipeline::119.744*7.16] mapped 332238 sequences
[M::worker_pipeline::121.083*7.17] mapped 332228 sequences
[M::worker_pipeline::121.914*7.19] mapped 332176 sequences
[M::worker_pipeline::122.411*7.18] mapped 332212 sequences
[M::worker_pipeline::122.816*7.16] mapped 332156 sequences
[M::worker_pipeline::123.494*7.17] mapped 332152 sequences
[M::worker_pipeline::124.383*7.16] mapped 332164 sequences
[M::worker_pipeline::125.440*7.18] mapped 332230 sequences
[M::worker_pipeline::126.114*7.18] mapped 332262 sequences
[M::worker_pipeline::126.450*7.17] mapped 332234 sequences
[M::worker_pipeline::127.559*7.19] mapped 332268 sequences
[M::worker_pipeline::127.886*7.17] mapped 332246 sequences
[M::worker_pipeline::128.808*7.18] mapped 332284 sequences
[M::worker_pipeline::129.282*7.18] mapped 332312 sequences
[M::worker_pipeline::130.389*7.20] mapped 332312 sequences
[M::worker_pipeline::131.064*7.21] mapped 332282 sequences
[M::worker_pipeline::131.717*7.21] mapped 332260 sequences
[M::worker_pipeline::132.364*7.22] mapped 332258 sequences
[M::worker_pipeline::133.040*7.22] mapped 332280 sequences
[M::worker_pipeline::133.710*7.23] mapped 332248 sequences
[M::worker_pipeline::134.390*7.23] mapped 332258 sequences
[M::worker_pipeline::135.030*7.23] mapped 332278 sequences
[M::worker_pipeline::135.693*7.24] mapped 332372 sequences
[M::worker_pipeline::135.992*7.23] mapped 332372 sequences
[M::worker_pipeline::136.618*7.23] mapped 332548 sequences
[M::worker_pipeline::137.282*7.24] mapped 332570 sequences
[M::worker_pipeline::138.425*7.25] mapped 332534 sequences
[M::worker_pipeline::138.771*7.25] mapped 332426 sequences
[M::worker_pipeline::139.378*7.25] mapped 332372 sequences
[M::worker_pipeline::139.995*7.25] mapped 332342 sequences
[M::worker_pipeline::141.044*7.27] mapped 332360 sequences
[M::worker_pipeline::141.666*7.28] mapped 332350 sequences
[M::worker_pipeline::142.077*7.27] mapped 332300 sequences
[M::worker_pipeline::142.916*7.29] mapped 332322 sequences
[M::worker_pipeline::143.272*7.28] mapped 332320 sequences
[M::worker_pipeline::144.123*7.29] mapped 332318 sequences
[M::worker_pipeline::144.671*7.29] mapped 332270 sequences
[M::worker_pipeline::145.345*7.30] mapped 332242 sequences
[M::worker_pipeline::145.900*7.30] mapped 332264 sequences
[M::worker_pipeline::146.635*7.30] mapped 332298 sequences
[M::worker_pipeline::152.011*7.14] mapped 332230 sequences
[M::worker_pipeline::152.362*7.13] mapped 332198 sequences
[M::worker_pipeline::153.040*7.13] mapped 332206 sequences
[M::worker_pipeline::153.673*7.14] mapped 332176 sequences
[M::worker_pipeline::154.355*7.15] mapped 332244 sequences
[M::worker_pipeline::154.941*7.15] mapped 332202 sequences
[M::worker_pipeline::155.390*7.15] mapped 332186 sequences
[M::worker_pipeline::156.304*7.16] mapped 332248 sequences
[M::worker_pipeline::156.973*7.16] mapped 332312 sequences
[M::worker_pipeline::157.298*7.16] mapped 332322 sequences
[M::worker_pipeline::157.947*7.16] mapped 332356 sequences
[M::worker_pipeline::158.655*7.16] mapped 332390 sequences
[M::worker_pipeline::159.263*7.17] mapped 332312 sequences
[M::worker_pipeline::160.398*7.18] mapped 332308 sequences
[M::worker_pipeline::160.789*7.17] mapped 332332 sequences
[M::worker_pipeline::161.789*7.19] mapped 332220 sequences
[M::worker_pipeline::162.450*7.19] mapped 332224 sequences
[M::worker_pipeline::163.014*7.20] mapped 332232 sequences
[M::worker_pipeline::163.699*7.21] mapped 332162 sequences
[M::worker_pipeline::164.338*7.21] mapped 332168 sequences
[M::worker_pipeline::164.993*7.22] mapped 332234 sequences
[M::worker_pipeline::165.312*7.21] mapped 332182 sequences
[M::worker_pipeline::166.031*7.21] mapped 332216 sequences
[M::worker_pipeline::166.732*7.21] mapped 332216 sequences
[M::worker_pipeline::167.453*7.21] mapped 332304 sequences
[M::worker_pipeline::168.158*7.21] mapped 332286 sequences
[M::worker_pipeline::168.888*7.21] mapped 332468 sequences
[M::worker_pipeline::169.617*7.22] mapped 332352 sequences
[M::worker_pipeline::170.749*7.23] mapped 332316 sequences
[M::worker_pipeline::171.405*7.23] mapped 332226 sequences
[M::worker_pipeline::172.043*7.24] mapped 332252 sequences
[M::worker_pipeline::172.680*7.24] mapped 332244 sequences
[M::worker_pipeline::173.349*7.25] mapped 332266 sequences
[M::worker_pipeline::173.998*7.25] mapped 332388 sequences
[M::worker_pipeline::174.664*7.26] mapped 332442 sequences
[M::worker_pipeline::175.333*7.26] mapped 332272 sequences
[M::worker_pipeline::175.995*7.26] mapped 332224 sequences
[M::worker_pipeline::176.635*7.27] mapped 332218 sequences
[M::worker_pipeline::177.289*7.27] mapped 332194 sequences
[M::worker_pipeline::177.938*7.28] mapped 332246 sequences
[M::worker_pipeline::178.641*7.28] mapped 332236 sequences
[M::worker_pipeline::179.228*7.29] mapped 332262 sequences
[M::worker_pipeline::179.895*7.29] mapped 332212 sequences
[M::worker_pipeline::180.513*7.30] mapped 332224 sequences
[M::worker_pipeline::181.125*7.31] mapped 332198 sequences
[M::worker_pipeline::181.777*7.31] mapped 332210 sequences
[M::worker_pipeline::182.462*7.32] mapped 332230 sequences
[M::worker_pipeline::183.139*7.32] mapped 332264 sequences
[M::worker_pipeline::183.820*7.33] mapped 332240 sequences
[M::worker_pipeline::184.443*7.33] mapped 332252 sequences
[M::worker_pipeline::184.818*7.33] mapped 332238 sequences
[M::worker_pipeline::185.871*7.33] mapped 332256 sequences
[M::worker_pipeline::186.200*7.32] mapped 332192 sequences
[M::worker_pipeline::186.956*7.32] mapped 332212 sequences
[M::worker_pipeline::187.864*7.31] mapped 332200 sequences
[M::worker_pipeline::188.782*7.31] mapped 332236 sequences
[M::worker_pipeline::189.661*7.30] mapped 332194 sequences
[M::worker_pipeline::190.820*7.29] mapped 332224 sequences
[M::worker_pipeline::191.584*7.29] mapped 332332 sequences
[M::worker_pipeline::192.368*7.29] mapped 332310 sequences
[M::worker_pipeline::193.091*7.29] mapped 332270 sequences
[M::worker_pipeline::193.974*7.29] mapped 332346 sequences
[M::worker_pipeline::194.807*7.31] mapped 332384 sequences
[M::worker_pipeline::195.217*7.30] mapped 332392 sequences
[M::worker_pipeline::195.785*7.30] mapped 332402 sequences
[M::worker_pipeline::196.563*7.31] mapped 332414 sequences
[M::worker_pipeline::197.089*7.31] mapped 332420 sequences
[M::worker_pipeline::198.140*7.32] mapped 332478 sequences
[M::worker_pipeline::198.784*7.33] mapped 332458 sequences
[M::worker_pipeline::199.390*7.33] mapped 332480 sequences
[M::worker_pipeline::200.014*7.34] mapped 332416 sequences
[M::worker_pipeline::200.408*7.33] mapped 332516 sequences
[M::worker_pipeline::200.973*7.33] mapped 332434 sequences
[M::worker_pipeline::201.688*7.33] mapped 332542 sequences
[M::worker_pipeline::202.623*7.35] mapped 332756 sequences
[M::worker_pipeline::203.259*7.35] mapped 332772 sequences
[M::worker_pipeline::203.913*7.36] mapped 332688 sequences
[M::worker_pipeline::204.535*7.36] mapped 332720 sequences
[M::worker_pipeline::204.868*7.36] mapped 332660 sequences
[M::worker_pipeline::205.759*7.37] mapped 332654 sequences
[M::worker_pipeline::206.112*7.36] mapped 332652 sequences
[M::worker_pipeline::206.795*7.36] mapped 332632 sequences
[M::worker_pipeline::207.559*7.36] mapped 332484 sequences
[M::worker_pipeline::208.282*7.36] mapped 332436 sequences
[M::worker_pipeline::209.090*7.36] mapped 332502 sequences
[M::worker_pipeline::210.077*7.38] mapped 332454 sequences
[M::worker_pipeline::210.616*7.38] mapped 332476 sequences
[M::worker_pipeline::211.312*7.39] mapped 332428 sequences
[M::worker_pipeline::212.003*7.39] mapped 332484 sequences
[M::worker_pipeline::212.680*7.39] mapped 332470 sequences
[M::worker_pipeline::213.351*7.39] mapped 332462 sequences
[M::worker_pipeline::213.936*7.40] mapped 332438 sequences
[M::worker_pipeline::214.631*7.40] mapped 332402 sequences
[M::worker_pipeline::215.284*7.41] mapped 332374 sequences
[M::worker_pipeline::215.912*7.41] mapped 332374 sequences
[M::worker_pipeline::216.509*7.41] mapped 332394 sequences
[M::worker_pipeline::217.108*7.42] mapped 332430 sequences
[M::worker_pipeline::222.330*7.29] mapped 332406 sequences
[M::worker_pipeline::222.702*7.28] mapped 332484 sequences
[M::worker_pipeline::223.371*7.29] mapped 332470 sequences
[M::worker_pipeline::223.910*7.29] mapped 332530 sequences
[M::worker_pipeline::224.303*7.28] mapped 332504 sequences
[M::worker_pipeline::225.374*7.29] mapped 332568 sequences
[M::worker_pipeline::225.718*7.29] mapped 332550 sequences
[M::worker_pipeline::226.729*7.30] mapped 332518 sequences
[M::worker_pipeline::227.348*7.30] mapped 332556 sequences
[M::worker_pipeline::227.955*7.31] mapped 332588 sequences
[M::worker_pipeline::228.626*7.31] mapped 332478 sequences
[M::worker_pipeline::229.301*7.32] mapped 332486 sequences
[M::worker_pipeline::229.974*7.32] mapped 332472 sequences
[M::worker_pipeline::230.579*7.32] mapped 332462 sequences
[M::worker_pipeline::231.184*7.33] mapped 332430 sequences
[M::worker_pipeline::231.528*7.32] mapped 332382 sequences
[M::worker_pipeline::232.355*7.32] mapped 332460 sequences
[M::worker_pipeline::232.940*7.32] mapped 332378 sequences
[M::worker_pipeline::233.647*7.32] mapped 332288 sequences
[M::worker_pipeline::234.691*7.33] mapped 332370 sequences
[M::worker_pipeline::235.348*7.34] mapped 332422 sequences
[M::worker_pipeline::235.707*7.33] mapped 332492 sequences
[M::worker_pipeline::236.231*7.33] mapped 332504 sequences
[M::worker_pipeline::237.365*7.34] mapped 332426 sequences
[M::worker_pipeline::238.031*7.35] mapped 332468 sequences
[M::worker_pipeline::238.387*7.34] mapped 332532 sequences
[M::worker_pipeline::239.211*7.35] mapped 332414 sequences
[M::worker_pipeline::239.946*7.36] mapped 332458 sequences
[M::worker_pipeline::240.442*7.36] mapped 332426 sequences
[M::worker_pipeline::240.924*7.36] mapped 332464 sequences
[M::worker_pipeline::241.792*7.37] mapped 332424 sequences
[M::worker_pipeline::242.108*7.37] mapped 332372 sequences
[M::worker_pipeline::242.953*7.37] mapped 332454 sequences
[M::worker_pipeline::243.428*7.37] mapped 332374 sequences
[M::worker_pipeline::244.148*7.37] mapped 332404 sequences
[M::worker_pipeline::245.010*7.37] mapped 332352 sequences
[M::worker_pipeline::245.708*7.37] mapped 332352 sequences
[M::worker_pipeline::246.675*7.38] mapped 332342 sequences
[M::worker_pipeline::247.003*7.37] mapped 332256 sequences
[M::worker_pipeline::248.071*7.38] mapped 332316 sequences
[M::worker_pipeline::248.697*7.38] mapped 332362 sequences
[M::worker_pipeline::249.338*7.39] mapped 332356 sequences
[M::worker_pipeline::249.995*7.39] mapped 332332 sequences
[M::worker_pipeline::250.487*7.39] mapped 332276 sequences
[M::worker_pipeline::251.291*7.39] mapped 332354 sequences
[M::worker_pipeline::251.916*7.40] mapped 332244 sequences
[M::worker_pipeline::252.239*7.39] mapped 332260 sequences
[M::worker_pipeline::252.956*7.39] mapped 332308 sequences
[M::worker_pipeline::253.923*7.41] mapped 332316 sequences
[M::worker_pipeline::254.536*7.41] mapped 332336 sequences
[M::worker_pipeline::255.196*7.41] mapped 332362 sequences
[M::worker_pipeline::255.825*7.42] mapped 332338 sequences
[M::worker_pipeline::256.474*7.42] mapped 332306 sequences
[M::worker_pipeline::257.094*7.42] mapped 332350 sequences
[M::worker_pipeline::257.686*7.43] mapped 332376 sequences
[M::worker_pipeline::258.317*7.43] mapped 332352 sequences
[M::worker_pipeline::258.980*7.43] mapped 332344 sequences
[M::worker_pipeline::259.578*7.43] mapped 332342 sequences
[M::worker_pipeline::260.208*7.44] mapped 332382 sequences
[M::worker_pipeline::260.856*7.44] mapped 332334 sequences
[M::worker_pipeline::261.472*7.44] mapped 332368 sequences
[M::worker_pipeline::262.094*7.45] mapped 332356 sequences
[M::worker_pipeline::262.722*7.45] mapped 332384 sequences
[M::worker_pipeline::263.314*7.45] mapped 332304 sequences
[M::worker_pipeline::263.949*7.46] mapped 332640 sequences
[M::worker_pipeline::264.561*7.46] mapped 332494 sequences
[M::worker_pipeline::265.152*7.46] mapped 332538 sequences
[M::worker_pipeline::265.762*7.47] mapped 332488 sequences
[M::worker_pipeline::266.397*7.47] mapped 332430 sequences
[M::worker_pipeline::267.019*7.47] mapped 332500 sequences
[M::worker_pipeline::267.707*7.48] mapped 332446 sequences
[M::worker_pipeline::268.406*7.48] mapped 332484 sequences
[M::worker_pipeline::269.400*7.49] mapped 332460 sequences
[M::worker_pipeline::269.739*7.48] mapped 332374 sequences
[M::worker_pipeline::270.412*7.49] mapped 332306 sequences
[M::worker_pipeline::271.041*7.49] mapped 332346 sequences
[M::worker_pipeline::271.677*7.49] mapped 332268 sequences
[M::worker_pipeline::272.297*7.49] mapped 332306 sequences
[M::worker_pipeline::272.959*7.50] mapped 332280 sequences
[M::worker_pipeline::273.596*7.50] mapped 332302 sequences
[M::worker_pipeline::274.232*7.50] mapped 332258 sequences
[M::worker_pipeline::274.851*7.51] mapped 332292 sequences
[M::worker_pipeline::275.528*7.51] mapped 332260 sequences
[M::worker_pipeline::276.174*7.51] mapped 332282 sequences
[M::worker_pipeline::276.866*7.51] mapped 332228 sequences
[M::worker_pipeline::277.506*7.52] mapped 332316 sequences
[M::worker_pipeline::278.091*7.52] mapped 332240 sequences
[M::worker_pipeline::278.729*7.52] mapped 332298 sequences
[M::worker_pipeline::279.396*7.52] mapped 332326 sequences
[M::worker_pipeline::280.015*7.53] mapped 332368 sequences
[M::worker_pipeline::280.683*7.53] mapped 332438 sequences
[M::worker_pipeline::281.391*7.53] mapped 332442 sequences
[M::worker_pipeline::281.989*7.53] mapped 332432 sequences
[M::worker_pipeline::282.594*7.54] mapped 332436 sequences
[M::worker_pipeline::283.226*7.54] mapped 332360 sequences
[M::worker_pipeline::283.897*7.54] mapped 332348 sequences
[M::worker_pipeline::284.553*7.54] mapped 332304 sequences
[M::worker_pipeline::289.763*7.44] mapped 332384 sequences
[M::worker_pipeline::290.081*7.44] mapped 332348 sequences
[M::worker_pipeline::290.594*7.43] mapped 332342 sequences
[M::worker_pipeline::291.357*7.44] mapped 332332 sequences
[M::worker_pipeline::291.956*7.45] mapped 332364 sequences
[M::worker_pipeline::292.326*7.44] mapped 332346 sequences
[M::worker_pipeline::292.871*7.44] mapped 332450 sequences
[M::worker_pipeline::293.552*7.45] mapped 332358 sequences
[M::worker_pipeline::294.167*7.45] mapped 332348 sequences
[M::worker_pipeline::294.870*7.45] mapped 332280 sequences
[M::worker_pipeline::295.658*7.45] mapped 332276 sequences
[M::worker_pipeline::296.466*7.45] mapped 332300 sequences
[M::worker_pipeline::297.257*7.45] mapped 332306 sequences
[M::worker_pipeline::298.069*7.46] mapped 332464 sequences
[M::worker_pipeline::298.742*7.46] mapped 332318 sequences
[M::worker_pipeline::299.411*7.47] mapped 332256 sequences
[M::worker_pipeline::299.987*7.47] mapped 332304 sequences
[M::worker_pipeline::300.677*7.47] mapped 332306 sequences
[M::worker_pipeline::301.329*7.47] mapped 332330 sequences
[M::worker_pipeline::301.971*7.48] mapped 332228 sequences
[M::worker_pipeline::302.589*7.48] mapped 332214 sequences
[M::worker_pipeline::303.243*7.48] mapped 332266 sequences
[M::worker_pipeline::303.539*7.47] mapped 332404 sequences
[M::worker_pipeline::304.236*7.48] mapped 332342 sequences
[M::worker_pipeline::304.913*7.48] mapped 332310 sequences
[M::worker_pipeline::305.689*7.47] mapped 332316 sequences
[M::worker_pipeline::306.729*7.48] mapped 332296 sequences
[M::worker_pipeline::307.127*7.48] mapped 332290 sequences
[M::worker_pipeline::307.653*7.48] mapped 332178 sequences
[M::worker_pipeline::308.341*7.48] mapped 332266 sequences
[M::worker_pipeline::309.075*7.48] mapped 332224 sequences
[M::worker_pipeline::309.848*7.48] mapped 332224 sequences
[M::worker_pipeline::310.426*7.48] mapped 332246 sequences
[M::worker_pipeline::311.128*7.48] mapped 332190 sequences
[M::worker_pipeline::312.065*7.49] mapped 332164 sequences
[M::worker_pipeline::312.745*7.50] mapped 332174 sequences
[M::worker_pipeline::313.104*7.49] mapped 332218 sequences
[M::worker_pipeline::313.759*7.49] mapped 332408 sequences
[M::worker_pipeline::314.473*7.49] mapped 332212 sequences
[M::worker_pipeline::315.096*7.49] mapped 332250 sequences
[M::worker_pipeline::315.904*7.49] mapped 332300 sequences
[M::worker_pipeline::316.578*7.49] mapped 332156 sequences
[M::worker_pipeline::317.521*7.49] mapped 332160 sequences
[M::worker_pipeline::318.226*7.49] mapped 332134 sequences
[M::worker_pipeline::318.952*7.49] mapped 332180 sequences
[M::worker_pipeline::319.663*7.49] mapped 332208 sequences
[M::worker_pipeline::320.228*7.49] mapped 332300 sequences
[M::worker_pipeline::321.178*7.50] mapped 332246 sequences
[M::worker_pipeline::321.844*7.50] mapped 332212 sequences
[M::worker_pipeline::322.452*7.50] mapped 332364 sequences
[M::worker_pipeline::322.946*7.50] mapped 332166 sequences
[M::worker_pipeline::323.383*7.50] mapped 332290 sequences
[M::worker_pipeline::324.065*7.50] mapped 332226 sequences
[M::worker_pipeline::324.883*7.50] mapped 332252 sequences
[M::worker_pipeline::325.606*7.51] mapped 332332 sequences
[M::worker_pipeline::326.174*7.51] mapped 332348 sequences
[M::worker_pipeline::327.012*7.52] mapped 332460 sequences
[M::worker_pipeline::327.636*7.52] mapped 332502 sequences
[M::worker_pipeline::328.258*7.52] mapped 332402 sequences
[M::worker_pipeline::328.877*7.52] mapped 332312 sequences
[M::worker_pipeline::329.492*7.53] mapped 332300 sequences
[M::worker_pipeline::330.122*7.53] mapped 332272 sequences
[M::worker_pipeline::330.438*7.52] mapped 332312 sequences
[M::worker_pipeline::331.094*7.53] mapped 332268 sequences
[M::worker_pipeline::331.786*7.53] mapped 332266 sequences
[M::worker_pipeline::332.924*7.53] mapped 332196 sequences
[M::worker_pipeline::333.574*7.53] mapped 332206 sequences
[M::worker_pipeline::334.207*7.54] mapped 332204 sequences
[M::worker_pipeline::334.815*7.54] mapped 332190 sequences
[M::worker_pipeline::335.216*7.54] mapped 332176 sequences
[M::worker_pipeline::335.880*7.54] mapped 332176 sequences
[M::worker_pipeline::336.292*7.54] mapped 332152 sequences
[M::worker_pipeline::337.057*7.54] mapped 332194 sequences
[M::worker_pipeline::337.677*7.54] mapped 332220 sequences
[M::worker_pipeline::338.625*7.55] mapped 332098 sequences
[M::worker_pipeline::339.261*7.55] mapped 332184 sequences
[M::worker_pipeline::339.902*7.55] mapped 332168 sequences
[M::worker_pipeline::340.555*7.55] mapped 332128 sequences
[M::worker_pipeline::341.154*7.56] mapped 332170 sequences
[M::worker_pipeline::341.756*7.56] mapped 332196 sequences
[M::worker_pipeline::342.323*7.56] mapped 332212 sequences
[M::worker_pipeline::342.668*7.56] mapped 332210 sequences
[M::worker_pipeline::343.587*7.57] mapped 332162 sequences
[M::worker_pipeline::344.265*7.57] mapped 332198 sequences
[M::worker_pipeline::344.854*7.57] mapped 332230 sequences
[M::worker_pipeline::345.473*7.57] mapped 332190 sequences
[M::worker_pipeline::345.818*7.57] mapped 332170 sequences
[M::worker_pipeline::347.048*7.57] mapped 332200 sequences
[M::worker_pipeline::347.371*7.56] mapped 332168 sequences
[M::worker_pipeline::348.079*7.56] mapped 332164 sequences
[M::worker_pipeline::348.841*7.56] mapped 332160 sequences
[M::worker_pipeline::349.576*7.56] mapped 332162 sequences
[M::worker_pipeline::350.338*7.56] mapped 332150 sequences
[M::worker_pipeline::351.529*7.56] mapped 332138 sequences
[M::worker_pipeline::351.879*7.56] mapped 332132 sequences
[M::worker_pipeline::352.600*7.56] mapped 332168 sequences
[M::worker_pipeline::353.352*7.56] mapped 332094 sequences
[M::worker_pipeline::359.017*7.48] mapped 332304 sequences
[M::worker_pipeline::359.370*7.47] mapped 332218 sequences
[M::worker_pipeline::360.015*7.48] mapped 332206 sequences
[M::worker_pipeline::360.636*7.48] mapped 332214 sequences
[M::worker_pipeline::361.288*7.48] mapped 332150 sequences
[M::worker_pipeline::361.948*7.48] mapped 332132 sequences
[M::worker_pipeline::362.638*7.48] mapped 332156 sequences
[M::worker_pipeline::362.958*7.48] mapped 332238 sequences
[M::worker_pipeline::363.703*7.48] mapped 332294 sequences
[M::worker_pipeline::364.472*7.48] mapped 332178 sequences
[M::worker_pipeline::365.192*7.48] mapped 332162 sequences
[M::worker_pipeline::366.346*7.48] mapped 332188 sequences
[M::worker_pipeline::367.042*7.48] mapped 332160 sequences
[M::worker_pipeline::367.715*7.49] mapped 332158 sequences
[M::worker_pipeline::368.273*7.49] mapped 332140 sequences
[M::worker_pipeline::368.948*7.49] mapped 332192 sequences
[M::worker_pipeline::369.578*7.49] mapped 332124 sequences
[M::worker_pipeline::370.268*7.49] mapped 332108 sequences
[M::worker_pipeline::370.947*7.49] mapped 332182 sequences
[M::worker_pipeline::371.616*7.49] mapped 332136 sequences
[M::worker_pipeline::372.307*7.50] mapped 332128 sequences
[M::worker_pipeline::372.991*7.50] mapped 332126 sequences
[M::worker_pipeline::373.319*7.49] mapped 332142 sequences
[M::worker_pipeline::374.074*7.49] mapped 332118 sequences
[M::worker_pipeline::374.838*7.49] mapped 332134 sequences
[M::worker_pipeline::375.575*7.49] mapped 332174 sequences
[M::worker_pipeline::376.303*7.49] mapped 332234 sequences
[M::worker_pipeline::377.059*7.49] mapped 332222 sequences
[M::worker_pipeline::377.880*7.48] mapped 332134 sequences
[M::worker_pipeline::378.676*7.48] mapped 332078 sequences
[M::worker_pipeline::379.712*7.49] mapped 332154 sequences
[M::worker_pipeline::380.371*7.49] mapped 332112 sequences
[M::worker_pipeline::381.088*7.49] mapped 332212 sequences
[M::worker_pipeline::381.645*7.49] mapped 332236 sequences
[M::worker_pipeline::382.068*7.49] mapped 332280 sequences
[M::worker_pipeline::382.919*7.48] mapped 332240 sequences
[M::worker_pipeline::383.856*7.48] mapped 332220 sequences
[M::worker_pipeline::384.824*7.48] mapped 332290 sequences
[M::worker_pipeline::385.688*7.47] mapped 332246 sequences
[M::worker_pipeline::386.358*7.47] mapped 332460 sequences
[M::worker_pipeline::387.090*7.47] mapped 332322 sequences
[M::worker_pipeline::387.807*7.47] mapped 332256 sequences
[M::worker_pipeline::388.570*7.47] mapped 332330 sequences
[M::worker_pipeline::389.296*7.47] mapped 332268 sequences
[M::worker_pipeline::389.991*7.47] mapped 332402 sequences
[M::worker_pipeline::391.103*7.48] mapped 332302 sequences
[M::worker_pipeline::391.801*7.48] mapped 332496 sequences
[M::worker_pipeline::392.502*7.48] mapped 332370 sequences
[M::worker_pipeline::393.165*7.48] mapped 332378 sequences
[M::worker_pipeline::393.627*7.48] mapped 332358 sequences
[M::worker_pipeline::394.194*7.47] mapped 332474 sequences
[M::worker_pipeline::394.963*7.47] mapped 332376 sequences
[M::worker_pipeline::395.751*7.47] mapped 332234 sequences
[M::worker_pipeline::396.656*7.48] mapped 332350 sequences
[M::worker_pipeline::397.085*7.47] mapped 332322 sequences
[M::worker_pipeline::397.784*7.47] mapped 332264 sequences
[M::worker_pipeline::398.808*7.48] mapped 332222 sequences
[M::worker_pipeline::399.146*7.48] mapped 332258 sequences
[M::worker_pipeline::400.306*7.48] mapped 332262 sequences
[M::worker_pipeline::400.983*7.48] mapped 332252 sequences
[M::worker_pipeline::401.635*7.48] mapped 332186 sequences
[M::worker_pipeline::402.288*7.49] mapped 332194 sequences
[M::worker_pipeline::403.006*7.49] mapped 332194 sequences
[M::worker_pipeline::403.651*7.49] mapped 332224 sequences
[M::worker_pipeline::404.353*7.49] mapped 332266 sequences
[M::worker_pipeline::405.092*7.49] mapped 332124 sequences
[M::worker_pipeline::405.766*7.49] mapped 332152 sequences
[M::worker_pipeline::406.447*7.49] mapped 332140 sequences
[M::worker_pipeline::407.144*7.49] mapped 332190 sequences
[M::worker_pipeline::407.856*7.49] mapped 332174 sequences
[M::worker_pipeline::408.546*7.49] mapped 332186 sequences
[M::worker_pipeline::409.156*7.49] mapped 332250 sequences
[M::worker_pipeline::409.808*7.50] mapped 332208 sequences
[M::worker_pipeline::410.443*7.50] mapped 332236 sequences
[M::worker_pipeline::411.070*7.50] mapped 332236 sequences
[M::worker_pipeline::411.747*7.50] mapped 332350 sequences
[M::worker_pipeline::412.788*7.51] mapped 332332 sequences
[M::worker_pipeline::413.089*7.50] mapped 332276 sequences
[M::worker_pipeline::413.816*7.50] mapped 332202 sequences
[M::worker_pipeline::414.451*7.51] mapped 332222 sequences
[M::worker_pipeline::415.075*7.51] mapped 332252 sequences
[M::worker_pipeline::415.653*7.51] mapped 332248 sequences
[M::worker_pipeline::416.335*7.51] mapped 332202 sequences
[M::worker_pipeline::416.978*7.51] mapped 332182 sequences
[M::worker_pipeline::417.301*7.51] mapped 332272 sequences
[M::worker_pipeline::417.993*7.51] mapped 332150 sequences
[M::worker_pipeline::418.699*7.51] mapped 332204 sequences
[M::worker_pipeline::419.852*7.51] mapped 332130 sequences
[M::worker_pipeline::420.202*7.51] mapped 332176 sequences
[M::worker_pipeline::421.274*7.51] mapped 332208 sequences
[M::worker_pipeline::421.901*7.52] mapped 332248 sequences
[M::worker_pipeline::422.243*7.51] mapped 332112 sequences
[M::worker_pipeline::423.323*7.52] mapped 332210 sequences
[M::worker_pipeline::423.901*7.52] mapped 332188 sequences
[M::worker_pipeline::424.380*7.52] mapped 332152 sequences
[M::worker_pipeline::424.892*7.52] mapped 332240 sequences
[M::worker_pipeline::425.560*7.52] mapped 332690 sequences
[M::worker_pipeline::433.078*7.42] mapped 332164 sequences
[M::worker_pipeline::433.399*7.42] mapped 332174 sequences
[M::worker_pipeline::433.716*7.41] mapped 332172 sequences
[M::worker_pipeline::434.453*7.41] mapped 332270 sequences
[M::worker_pipeline::435.309*7.41] mapped 332216 sequences
[M::worker_pipeline::436.221*7.41] mapped 332074 sequences
[M::worker_pipeline::437.040*7.41] mapped 332148 sequences
[M::worker_pipeline::438.749*7.40] mapped 332098 sequences
[M::worker_pipeline::439.383*7.40] mapped 332114 sequences
[M::worker_pipeline::439.724*7.40] mapped 332044 sequences
[M::worker_pipeline::440.560*7.40] mapped 332078 sequences
[M::worker_pipeline::441.436*7.39] mapped 332106 sequences
[M::worker_pipeline::442.306*7.39] mapped 332060 sequences
[M::worker_pipeline::443.239*7.39] mapped 332114 sequences
[M::worker_pipeline::444.072*7.39] mapped 332144 sequences
[M::worker_pipeline::445.307*7.39] mapped 332204 sequences
[M::worker_pipeline::445.642*7.39] mapped 332360 sequences
[M::worker_pipeline::446.763*7.39] mapped 332026 sequences
[M::worker_pipeline::447.128*7.39] mapped 331992 sequences
[M::worker_pipeline::447.994*7.39] mapped 332052 sequences
[M::worker_pipeline::448.654*7.39] mapped 332026 sequences
[M::worker_pipeline::449.508*7.38] mapped 332078 sequences
[M::worker_pipeline::450.421*7.38] mapped 332016 sequences
[M::worker_pipeline::451.247*7.38] mapped 332062 sequences
[M::worker_pipeline::452.171*7.38] mapped 332174 sequences
[M::worker_pipeline::452.943*7.38] mapped 332070 sequences
[M::worker_pipeline::453.664*7.38] mapped 332112 sequences
[M::worker_pipeline::454.366*7.38] mapped 332194 sequences
[M::worker_pipeline::455.025*7.38] mapped 332168 sequences
[M::worker_pipeline::456.347*7.38] mapped 332210 sequences
[M::worker_pipeline::456.708*7.38] mapped 332100 sequences
[M::worker_pipeline::457.602*7.37] mapped 332174 sequences
[M::worker_pipeline::458.449*7.37] mapped 332150 sequences
[M::worker_pipeline::459.264*7.37] mapped 332138 sequences
[M::worker_pipeline::460.124*7.37] mapped 332140 sequences
[M::worker_pipeline::461.007*7.37] mapped 332148 sequences
[M::worker_pipeline::462.149*7.37] mapped 332144 sequences
[M::worker_pipeline::462.604*7.37] mapped 332300 sequences
[M::worker_pipeline::463.395*7.38] mapped 332346 sequences
[M::worker_pipeline::463.744*7.37] mapped 332696 sequences
[M::worker_pipeline::464.530*7.37] mapped 332618 sequences
[M::worker_pipeline::465.313*7.37] mapped 332624 sequences
[M::worker_pipeline::466.159*7.37] mapped 332568 sequences
[M::worker_pipeline::467.022*7.37] mapped 332526 sequences
[M::worker_pipeline::468.123*7.36] mapped 332454 sequences
[M::worker_pipeline::468.773*7.36] mapped 332510 sequences
[M::worker_pipeline::469.679*7.36] mapped 332436 sequences
[M::worker_pipeline::470.964*7.37] mapped 332482 sequences
[M::worker_pipeline::471.598*7.37] mapped 332494 sequences
[M::worker_pipeline::471.922*7.36] mapped 332500 sequences
[M::worker_pipeline::472.729*7.36] mapped 332486 sequences
[M::worker_pipeline::473.635*7.36] mapped 332396 sequences
[M::worker_pipeline::474.443*7.36] mapped 332432 sequences
[M::worker_pipeline::475.412*7.35] mapped 332430 sequences
[M::worker_pipeline::476.279*7.35] mapped 332420 sequences
[M::worker_pipeline::477.114*7.35] mapped 332454 sequences
[M::worker_pipeline::477.788*7.35] mapped 332400 sequences
[M::worker_pipeline::478.737*7.36] mapped 332400 sequences
[M::worker_pipeline::479.184*7.35] mapped 332372 sequences
[M::worker_pipeline::480.013*7.35] mapped 332394 sequences
[M::worker_pipeline::480.861*7.35] mapped 332358 sequences
[M::worker_pipeline::481.689*7.35] mapped 332420 sequences
[M::worker_pipeline::482.534*7.35] mapped 332458 sequences
[M::worker_pipeline::483.563*7.34] mapped 332440 sequences
[M::worker_pipeline::484.345*7.34] mapped 332408 sequences
[M::worker_pipeline::485.237*7.34] mapped 332388 sequences
[M::worker_pipeline::486.095*7.34] mapped 332408 sequences
[M::worker_pipeline::486.785*7.34] mapped 332446 sequences
[M::worker_pipeline::487.834*7.34] mapped 332398 sequences
[M::worker_pipeline::488.512*7.34] mapped 332310 sequences
[M::worker_pipeline::489.314*7.34] mapped 332372 sequences
[M::worker_pipeline::490.454*7.33] mapped 332428 sequences
[M::worker_pipeline::491.336*7.33] mapped 332346 sequences
[M::worker_pipeline::492.163*7.33] mapped 332390 sequences
[M::worker_pipeline::493.121*7.33] mapped 332388 sequences
[M::worker_pipeline::493.831*7.33] mapped 332418 sequences
[M::worker_pipeline::494.485*7.33] mapped 332334 sequences
[M::worker_pipeline::495.456*7.32] mapped 332380 sequences
[M::worker_pipeline::496.219*7.32] mapped 332402 sequences
[M::worker_pipeline::497.036*7.32] mapped 332456 sequences
[M::worker_pipeline::497.848*7.32] mapped 332320 sequences
[M::worker_pipeline::498.786*7.32] mapped 332330 sequences
[M::worker_pipeline::499.589*7.32] mapped 332368 sequences
[M::worker_pipeline::500.571*7.32] mapped 332348 sequences
[M::worker_pipeline::501.159*7.32] mapped 332332 sequences
[M::worker_pipeline::501.915*7.32] mapped 332438 sequences
[M::worker_pipeline::502.714*7.32] mapped 332468 sequences
[M::worker_pipeline::503.570*7.32] mapped 332488 sequences
[M::worker_pipeline::504.394*7.32] mapped 332390 sequences
[M::worker_pipeline::505.292*7.32] mapped 332428 sequences
[M::worker_pipeline::506.159*7.31] mapped 332400 sequences
[M::worker_pipeline::507.060*7.31] mapped 332332 sequences
[M::worker_pipeline::508.127*7.31] mapped 332362 sequences
[M::worker_pipeline::508.850*7.31] mapped 332416 sequences
[M::worker_pipeline::509.741*7.31] mapped 332456 sequences
[M::worker_pipeline::510.532*7.31] mapped 332368 sequences
[M::worker_pipeline::511.342*7.30] mapped 332296 sequences
[M::worker_pipeline::518.459*7.23] mapped 332404 sequences
[M::worker_pipeline::518.870*7.23] mapped 332346 sequences
[M::worker_pipeline::519.215*7.23] mapped 332320 sequences
[M::worker_pipeline::519.976*7.23] mapped 332324 sequences
[M::worker_pipeline::520.781*7.22] mapped 332316 sequences
[M::worker_pipeline::521.860*7.22] mapped 332262 sequences
[M::worker_pipeline::522.495*7.22] mapped 332398 sequences
[M::worker_pipeline::523.633*7.22] mapped 332338 sequences
[M::worker_pipeline::524.283*7.22] mapped 332294 sequences
[M::worker_pipeline::525.032*7.22] mapped 332246 sequences
[M::worker_pipeline::525.879*7.22] mapped 332208 sequences
[M::worker_pipeline::526.778*7.22] mapped 332292 sequences
[M::worker_pipeline::527.572*7.22] mapped 332260 sequences
[M::worker_pipeline::528.901*7.22] mapped 332234 sequences
[M::worker_pipeline::529.305*7.21] mapped 332356 sequences
[M::worker_pipeline::530.142*7.21] mapped 332512 sequences
[M::worker_pipeline::531.439*7.21] mapped 332514 sequences
[M::worker_pipeline::531.809*7.21] mapped 332414 sequences
[M::worker_pipeline::532.680*7.21] mapped 332440 sequences
[M::worker_pipeline::533.486*7.21] mapped 332416 sequences
[M::worker_pipeline::534.445*7.21] mapped 332538 sequences
[M::worker_pipeline::535.229*7.21] mapped 332442 sequences
[M::worker_pipeline::536.040*7.20] mapped 332384 sequences
[M::worker_pipeline::536.929*7.20] mapped 332488 sequences
[M::worker_pipeline::537.870*7.20] mapped 332540 sequences
[M::worker_pipeline::538.666*7.20] mapped 332586 sequences
[M::worker_pipeline::539.950*7.20] mapped 332528 sequences
[M::worker_pipeline::540.326*7.20] mapped 332508 sequences
[M::worker_pipeline::541.233*7.20] mapped 332550 sequences
[M::worker_pipeline::541.560*7.20] mapped 294946 sequences
[M::main] Version: 2.22-r1101
[M::main] CMD: minimap2 --secondary=no -t 16 -R @RG\tID:snippy\tSM:snippy -ax sr /work/FAC/FBM/DMF/smitri/evomicrocomm/genome_size/data/at/reference.fasta /work/FAC/FBM/DMF/smitri/evomicrocomm/genome_size/data/T11.4.3/read1.fq.gz /work/FAC/FBM/DMF/smitri/evomicrocomm/genome_size/data/T11.4.3/read2.fq.gz
[M::main] Real time: 541.599 sec; CPU: 3899.565 sec; Peak RSS: 0.806 GB
[bam_sort_core] merging from 112 files and 16 in-memory blocks...
[Sun Oct 17 23:02:18 2021]
Finished job 0.
1 of 1 steps (100%) done
