Building DAG of jobs...
Using shell: /usr/bin/bash
Provided cores: 16
Rules claiming more threads will be scaled down.
Select jobs to execute...

[Sun Oct 17 22:40:29 2021]
rule mapping:
    input: /work/FAC/FBM/DMF/smitri/evomicrocomm/genome_size/data/ct/reference.fasta, /work/FAC/FBM/DMF/smitri/evomicrocomm/genome_size/data/T22.2.1/read1.fq.gz, /work/FAC/FBM/DMF/smitri/evomicrocomm/genome_size/data/T22.2.1/read2.fq.gz
    output: /work/FAC/FBM/DMF/smitri/evomicrocomm/genome_size/data/T22.2.1/ct/mapped_reads.sorted.bam
    jobid: 0
    wildcards: sample=T22.2.1, strain=ct
    threads: 16
    resources: mem_mb=1000, disk_mb=1000, tmpdir=/tmp/2846115

[M::mm_idx_gen::0.167*0.81] collected minimizers
[M::mm_idx_gen::0.184*1.86] sorted minimizers
[M::main::0.184*1.86] loaded/built the index for 2 target sequence(s)
[M::mm_mapopt_update::0.184*1.86] mid_occ = 1000
[M::mm_idx_stat] kmer size: 21; skip: 11; is_hpc: 0; #seq: 2
[M::mm_idx_stat::0.197*1.80] distinct minimizers: 993850 (99.11% are singletons); average occurrences: 1.021; average spacing: 5.998; total length: 6084391
[M::worker_pipeline::1.922*3.54] mapped 334480 sequences
[M::worker_pipeline::2.945*4.27] mapped 334516 sequences
[M::worker_pipeline::4.106*4.54] mapped 334704 sequences
[M::worker_pipeline::5.085*4.87] mapped 334602 sequences
[M::worker_pipeline::5.858*5.23] mapped 334668 sequences
[M::worker_pipeline::6.556*5.59] mapped 334510 sequences
[M::worker_pipeline::7.238*5.87] mapped 334658 sequences
[M::worker_pipeline::8.043*6.36] mapped 334478 sequences
[M::worker_pipeline::8.274*6.21] mapped 225274 sequences
[M::main] Version: 2.22-r1101
[M::main] CMD: minimap2 --secondary=no -t 16 -R @RG\tID:snippy\tSM:snippy -ax sr /work/FAC/FBM/DMF/smitri/evomicrocomm/genome_size/data/ct/reference.fasta /work/FAC/FBM/DMF/smitri/evomicrocomm/genome_size/data/T22.2.1/read1.fq.gz /work/FAC/FBM/DMF/smitri/evomicrocomm/genome_size/data/T22.2.1/read2.fq.gz
[M::main] Real time: 8.302 sec; CPU: 51.451 sec; Peak RSS: 0.538 GB
[bam_sort_core] merging from 0 files and 16 in-memory blocks...
[Sun Oct 17 22:40:41 2021]
Finished job 0.
1 of 1 steps (100%) done
