Building DAG of jobs...
Using shell: /usr/bin/bash
Provided cores: 16
Rules claiming more threads will be scaled down.
Select jobs to execute...

[Sun Oct 17 22:48:43 2021]
rule mapping:
    input: /work/FAC/FBM/DMF/smitri/evomicrocomm/genome_size/data/at/reference.fasta, /work/FAC/FBM/DMF/smitri/evomicrocomm/genome_size/data/T22.1.1/read1.fq.gz, /work/FAC/FBM/DMF/smitri/evomicrocomm/genome_size/data/T22.1.1/read2.fq.gz
    output: /work/FAC/FBM/DMF/smitri/evomicrocomm/genome_size/data/T22.1.1/at/mapped_reads.sorted.bam
    jobid: 0
    wildcards: sample=T22.1.1, strain=at
    threads: 16
    resources: mem_mb=1000, disk_mb=1000, tmpdir=/tmp/2846246

[M::mm_idx_gen::0.148*0.79] collected minimizers
[M::mm_idx_gen::0.168*1.13] sorted minimizers
[M::main::0.168*1.13] loaded/built the index for 5 target sequence(s)
[M::mm_mapopt_update::0.168*1.13] mid_occ = 1000
[M::mm_idx_stat] kmer size: 21; skip: 11; is_hpc: 0; #seq: 5
[M::mm_idx_stat::0.179*1.12] distinct minimizers: 875577 (98.87% are singletons); average occurrences: 1.019; average spacing: 5.996; total length: 5348547
[M::worker_pipeline::1.992*3.62] mapped 334756 sequences
[M::worker_pipeline::3.189*4.36] mapped 334802 sequences
[M::worker_pipeline::4.421*4.68] mapped 334966 sequences
[M::worker_pipeline::5.390*5.09] mapped 335038 sequences
[M::worker_pipeline::6.579*6.01] mapped 334926 sequences
[M::worker_pipeline::7.145*5.98] mapped 335096 sequences
[M::worker_pipeline::7.945*6.31] mapped 335042 sequences
[M::worker_pipeline::9.064*6.72] mapped 334894 sequences
[M::worker_pipeline::9.847*6.84] mapped 335048 sequences
[M::worker_pipeline::10.585*6.99] mapped 335060 sequences
[M::worker_pipeline::11.525*7.10] mapped 334866 sequences
[M::worker_pipeline::11.959*6.88] mapped 334848 sequences
[M::worker_pipeline::12.109*6.81] mapped 107944 sequences
[M::main] Version: 2.22-r1101
[M::main] CMD: minimap2 --secondary=no -t 16 -R @RG\tID:snippy\tSM:snippy -ax sr /work/FAC/FBM/DMF/smitri/evomicrocomm/genome_size/data/at/reference.fasta /work/FAC/FBM/DMF/smitri/evomicrocomm/genome_size/data/T22.1.1/read1.fq.gz /work/FAC/FBM/DMF/smitri/evomicrocomm/genome_size/data/T22.1.1/read2.fq.gz
[M::main] Real time: 12.132 sec; CPU: 82.466 sec; Peak RSS: 0.593 GB
[bam_sort_core] merging from 0 files and 16 in-memory blocks...
[Sun Oct 17 22:49:01 2021]
Finished job 0.
1 of 1 steps (100%) done
