Building DAG of jobs...
Using shell: /usr/bin/bash
Provided cores: 16
Rules claiming more threads will be scaled down.
Select jobs to execute...

[Fri Oct 15 16:08:12 2021]
rule mapping:
    input: /work/FAC/FBM/DMF/smitri/evomicrocomm/genome_size/data/ms/reference.fasta, /work/FAC/FBM/DMF/smitri/evomicrocomm/genome_size/data/T44.4.5.rep/read1.fq.gz, /work/FAC/FBM/DMF/smitri/evomicrocomm/genome_size/data/T44.4.5.rep/read2.fq.gz
    output: /work/FAC/FBM/DMF/smitri/evomicrocomm/genome_size/data/T44.4.5.rep/ms/mapped_reads.sorted.bam
    jobid: 0
    wildcards: sample=T44.4.5.rep, strain=ms
    threads: 16
    resources: mem_mb=24075, disk_mb=24075, tmpdir=/tmp/2811847

[M::mm_idx_gen::0.090*0.98] collected minimizers
[M::mm_idx_gen::0.107*2.80] sorted minimizers
[M::main::0.107*2.80] loaded/built the index for 1 target sequence(s)
[M::mm_mapopt_update::0.107*2.80] mid_occ = 1000
[M::mm_idx_stat] kmer size: 21; skip: 11; is_hpc: 0; #seq: 1
[M::mm_idx_stat::0.114*2.69] distinct minimizers: 620509 (99.65% are singletons); average occurrences: 1.004; average spacing: 5.998; total length: 3737398
[M::worker_pipeline::1.090*2.56] mapped 332828 sequences
[M::worker_pipeline::1.831*2.78] mapped 332812 sequences
[M::worker_pipeline::2.607*2.83] mapped 332836 sequences
[M::worker_pipeline::3.353*2.87] mapped 332592 sequences
[M::worker_pipeline::4.150*2.87] mapped 332568 sequences
[M::worker_pipeline::4.860*2.92] mapped 332592 sequences
[M::worker_pipeline::5.507*3.00] mapped 332500 sequences
[M::worker_pipeline::6.117*3.07] mapped 332508 sequences
[M::worker_pipeline::6.710*3.14] mapped 332456 sequences
[M::worker_pipeline::7.292*3.19] mapped 332440 sequences
[M::worker_pipeline::7.897*3.22] mapped 332384 sequences
[M::worker_pipeline::8.532*3.25] mapped 332346 sequences
[M::worker_pipeline::9.157*3.27] mapped 332332 sequences
[M::worker_pipeline::9.777*3.30] mapped 332366 sequences
[M::worker_pipeline::10.401*3.32] mapped 332324 sequences
[M::worker_pipeline::11.010*3.35] mapped 332272 sequences
[M::worker_pipeline::11.582*3.37] mapped 332346 sequences
[M::worker_pipeline::12.204*3.39] mapped 332426 sequences
[M::worker_pipeline::12.834*3.40] mapped 332348 sequences
[M::worker_pipeline::13.483*3.40] mapped 332378 sequences
[M::worker_pipeline::14.120*3.41] mapped 332328 sequences
[M::worker_pipeline::14.735*3.43] mapped 332340 sequences
[M::worker_pipeline::15.350*3.44] mapped 332376 sequences
[M::worker_pipeline::15.994*3.44] mapped 332428 sequences
[M::worker_pipeline::16.589*3.45] mapped 332298 sequences
[M::worker_pipeline::17.201*3.46] mapped 332276 sequences
[M::worker_pipeline::17.804*3.47] mapped 332242 sequences
[M::worker_pipeline::18.443*3.48] mapped 332298 sequences
[M::worker_pipeline::19.065*3.48] mapped 332232 sequences
[M::worker_pipeline::19.709*3.49] mapped 332268 sequences
[M::worker_pipeline::20.340*3.49] mapped 332220 sequences
[M::worker_pipeline::20.969*3.49] mapped 332298 sequences
[M::worker_pipeline::21.595*3.50] mapped 332368 sequences
[M::worker_pipeline::22.199*3.50] mapped 332338 sequences
[M::worker_pipeline::22.834*3.51] mapped 332272 sequences
[M::worker_pipeline::23.458*3.52] mapped 332244 sequences
[M::worker_pipeline::24.037*3.52] mapped 332212 sequences
[M::worker_pipeline::24.668*3.53] mapped 332220 sequences
[M::worker_pipeline::25.258*3.53] mapped 332156 sequences
[M::worker_pipeline::25.869*3.54] mapped 332114 sequences
[M::worker_pipeline::26.477*3.55] mapped 332136 sequences
[M::worker_pipeline::27.100*3.55] mapped 332174 sequences
[M::worker_pipeline::27.723*3.55] mapped 332136 sequences
[M::worker_pipeline::28.323*3.55] mapped 332118 sequences
[M::worker_pipeline::28.956*3.56] mapped 332116 sequences
[M::worker_pipeline::29.588*3.56] mapped 332138 sequences
[M::worker_pipeline::30.177*3.56] mapped 332076 sequences
[M::worker_pipeline::30.782*3.57] mapped 332082 sequences
[M::worker_pipeline::31.392*3.57] mapped 332048 sequences
[M::worker_pipeline::31.980*3.57] mapped 332054 sequences
[M::worker_pipeline::32.567*3.58] mapped 332028 sequences
[M::worker_pipeline::33.153*3.58] mapped 332096 sequences
[M::worker_pipeline::33.777*3.58] mapped 332050 sequences
[M::worker_pipeline::34.374*3.59] mapped 332004 sequences
[M::worker_pipeline::34.976*3.59] mapped 332050 sequences
[M::worker_pipeline::35.565*3.59] mapped 332030 sequences
[M::worker_pipeline::36.168*3.59] mapped 332036 sequences
[M::worker_pipeline::36.770*3.60] mapped 332052 sequences
[M::worker_pipeline::37.382*3.60] mapped 332050 sequences
[M::worker_pipeline::37.957*3.60] mapped 332060 sequences
[M::worker_pipeline::38.567*3.61] mapped 332056 sequences
[M::worker_pipeline::39.187*3.61] mapped 332056 sequences
[M::worker_pipeline::39.803*3.61] mapped 332004 sequences
[M::worker_pipeline::40.401*3.61] mapped 332122 sequences
[M::worker_pipeline::40.990*3.61] mapped 332072 sequences
[M::worker_pipeline::41.579*3.62] mapped 332042 sequences
[M::worker_pipeline::42.190*3.62] mapped 332134 sequences
[M::worker_pipeline::42.787*3.62] mapped 332122 sequences
[M::worker_pipeline::43.398*3.62] mapped 332118 sequences
[M::worker_pipeline::43.989*3.62] mapped 332092 sequences
[M::worker_pipeline::44.580*3.63] mapped 332150 sequences
[M::worker_pipeline::45.175*3.63] mapped 332260 sequences
[M::worker_pipeline::45.760*3.63] mapped 332362 sequences
[M::worker_pipeline::46.367*3.63] mapped 332818 sequences
[M::worker_pipeline::47.025*3.63] mapped 332730 sequences
[M::worker_pipeline::47.613*3.63] mapped 332638 sequences
[M::worker_pipeline::48.268*3.63] mapped 332556 sequences
[M::worker_pipeline::48.890*3.63] mapped 332464 sequences
[M::worker_pipeline::49.471*3.63] mapped 332444 sequences
[M::worker_pipeline::50.088*3.63] mapped 332398 sequences
[M::worker_pipeline::50.687*3.64] mapped 332388 sequences
[M::worker_pipeline::51.279*3.64] mapped 332458 sequences
[M::worker_pipeline::51.898*3.64] mapped 332266 sequences
[M::worker_pipeline::52.538*3.64] mapped 332258 sequences
[M::worker_pipeline::53.178*3.64] mapped 332362 sequences
[M::worker_pipeline::53.755*3.64] mapped 332262 sequences
[M::worker_pipeline::54.368*3.64] mapped 332294 sequences
[M::worker_pipeline::54.993*3.64] mapped 332336 sequences
[M::worker_pipeline::55.579*3.64] mapped 332390 sequences
[M::worker_pipeline::56.222*3.64] mapped 332418 sequences
[M::worker_pipeline::56.816*3.65] mapped 332352 sequences
[M::worker_pipeline::57.382*3.65] mapped 332334 sequences
[M::worker_pipeline::58.035*3.65] mapped 332338 sequences
[M::worker_pipeline::58.608*3.65] mapped 332328 sequences
[M::worker_pipeline::59.197*3.65] mapped 332296 sequences
[M::worker_pipeline::59.816*3.65] mapped 332228 sequences
[M::worker_pipeline::60.418*3.65] mapped 332248 sequences
[M::worker_pipeline::61.026*3.65] mapped 332232 sequences
[M::worker_pipeline::61.633*3.65] mapped 332238 sequences
[M::worker_pipeline::62.246*3.65] mapped 332286 sequences
[M::worker_pipeline::62.830*3.66] mapped 332292 sequences
[M::worker_pipeline::63.461*3.66] mapped 332202 sequences
[M::worker_pipeline::64.091*3.66] mapped 332178 sequences
[M::worker_pipeline::64.704*3.66] mapped 332180 sequences
[M::worker_pipeline::65.298*3.66] mapped 332172 sequences
[M::worker_pipeline::72.320*3.39] mapped 332194 sequences
[M::worker_pipeline::72.500*3.38] mapped 332172 sequences
[M::worker_pipeline::72.672*3.38] mapped 332224 sequences
[M::worker_pipeline::73.197*3.39] mapped 332228 sequences
[M::worker_pipeline::73.797*3.39] mapped 332138 sequences
[M::worker_pipeline::74.422*3.39] mapped 332160 sequences
[M::worker_pipeline::75.036*3.39] mapped 332132 sequences
[M::worker_pipeline::75.643*3.40] mapped 332136 sequences
[M::worker_pipeline::76.229*3.40] mapped 332114 sequences
[M::worker_pipeline::76.860*3.40] mapped 332172 sequences
[M::worker_pipeline::77.474*3.40] mapped 332148 sequences
[M::worker_pipeline::78.092*3.41] mapped 332094 sequences
[M::worker_pipeline::78.679*3.41] mapped 332120 sequences
[M::worker_pipeline::79.255*3.41] mapped 332080 sequences
[M::worker_pipeline::79.880*3.41] mapped 332092 sequences
[M::worker_pipeline::80.483*3.42] mapped 332136 sequences
[M::worker_pipeline::81.091*3.42] mapped 332170 sequences
[M::worker_pipeline::81.712*3.42] mapped 332072 sequences
[M::worker_pipeline::82.331*3.42] mapped 332102 sequences
[M::worker_pipeline::82.928*3.42] mapped 332108 sequences
[M::worker_pipeline::83.553*3.43] mapped 332066 sequences
[M::worker_pipeline::84.149*3.43] mapped 332074 sequences
[M::worker_pipeline::84.754*3.43] mapped 332078 sequences
[M::worker_pipeline::85.385*3.43] mapped 332112 sequences
[M::worker_pipeline::85.994*3.43] mapped 332100 sequences
[M::worker_pipeline::86.587*3.44] mapped 332080 sequences
[M::worker_pipeline::87.177*3.44] mapped 332096 sequences
[M::worker_pipeline::87.796*3.44] mapped 332058 sequences
[M::worker_pipeline::88.430*3.44] mapped 332092 sequences
[M::worker_pipeline::89.004*3.44] mapped 332114 sequences
[M::worker_pipeline::89.591*3.45] mapped 332104 sequences
[M::worker_pipeline::90.175*3.45] mapped 332114 sequences
[M::worker_pipeline::90.765*3.45] mapped 332176 sequences
[M::worker_pipeline::91.406*3.45] mapped 332186 sequences
[M::worker_pipeline::92.010*3.45] mapped 332176 sequences
[M::worker_pipeline::92.649*3.45] mapped 332268 sequences
[M::worker_pipeline::93.282*3.45] mapped 332214 sequences
[M::worker_pipeline::93.863*3.46] mapped 332186 sequences
[M::worker_pipeline::94.464*3.46] mapped 332310 sequences
[M::worker_pipeline::95.057*3.46] mapped 332326 sequences
[M::worker_pipeline::95.695*3.46] mapped 332758 sequences
[M::worker_pipeline::96.330*3.46] mapped 332728 sequences
[M::worker_pipeline::96.947*3.46] mapped 332690 sequences
[M::worker_pipeline::97.577*3.47] mapped 332658 sequences
[M::worker_pipeline::98.188*3.47] mapped 332540 sequences
[M::worker_pipeline::98.783*3.47] mapped 332546 sequences
[M::worker_pipeline::99.436*3.47] mapped 332512 sequences
[M::worker_pipeline::100.033*3.47] mapped 332460 sequences
[M::worker_pipeline::100.613*3.47] mapped 332500 sequences
[M::worker_pipeline::101.261*3.47] mapped 332434 sequences
[M::worker_pipeline::101.862*3.48] mapped 332356 sequences
[M::worker_pipeline::102.491*3.48] mapped 332350 sequences
[M::worker_pipeline::103.134*3.48] mapped 332372 sequences
[M::worker_pipeline::103.733*3.48] mapped 332344 sequences
[M::worker_pipeline::104.288*3.48] mapped 332354 sequences
[M::worker_pipeline::104.926*3.48] mapped 332374 sequences
[M::worker_pipeline::105.540*3.48] mapped 332458 sequences
[M::worker_pipeline::106.159*3.48] mapped 332498 sequences
[M::worker_pipeline::106.755*3.49] mapped 332582 sequences
[M::worker_pipeline::107.380*3.49] mapped 332632 sequences
[M::worker_pipeline::107.994*3.49] mapped 333028 sequences
[M::worker_pipeline::108.620*3.49] mapped 332492 sequences
[M::worker_pipeline::109.259*3.49] mapped 332534 sequences
[M::worker_pipeline::109.878*3.49] mapped 332428 sequences
[M::worker_pipeline::110.514*3.49] mapped 332420 sequences
[M::worker_pipeline::111.150*3.49] mapped 332482 sequences
[M::worker_pipeline::111.782*3.49] mapped 332424 sequences
[M::worker_pipeline::112.376*3.49] mapped 332412 sequences
[M::worker_pipeline::113.026*3.49] mapped 332312 sequences
[M::worker_pipeline::113.606*3.49] mapped 332202 sequences
[M::worker_pipeline::114.193*3.49] mapped 332228 sequences
[M::worker_pipeline::114.780*3.50] mapped 332188 sequences
[M::worker_pipeline::115.394*3.50] mapped 332980 sequences
[M::worker_pipeline::116.012*3.50] mapped 332266 sequences
[M::worker_pipeline::116.633*3.50] mapped 332242 sequences
[M::worker_pipeline::117.253*3.50] mapped 332226 sequences
[M::worker_pipeline::117.821*3.50] mapped 332204 sequences
[M::worker_pipeline::118.413*3.50] mapped 332206 sequences
[M::worker_pipeline::118.987*3.51] mapped 332232 sequences
[M::worker_pipeline::119.653*3.51] mapped 332250 sequences
[M::worker_pipeline::120.261*3.51] mapped 332212 sequences
[M::worker_pipeline::120.873*3.51] mapped 332208 sequences
[M::worker_pipeline::121.457*3.51] mapped 332210 sequences
[M::worker_pipeline::122.068*3.51] mapped 332176 sequences
[M::worker_pipeline::122.667*3.51] mapped 332198 sequences
[M::worker_pipeline::123.277*3.51] mapped 332104 sequences
[M::worker_pipeline::123.901*3.51] mapped 332078 sequences
[M::worker_pipeline::124.478*3.52] mapped 332036 sequences
[M::worker_pipeline::125.102*3.52] mapped 332028 sequences
[M::worker_pipeline::125.681*3.52] mapped 332108 sequences
[M::worker_pipeline::126.287*3.52] mapped 332064 sequences
[M::worker_pipeline::126.888*3.52] mapped 332078 sequences
[M::worker_pipeline::127.480*3.52] mapped 332052 sequences
[M::worker_pipeline::128.092*3.52] mapped 332026 sequences
[M::worker_pipeline::128.682*3.52] mapped 332082 sequences
[M::worker_pipeline::129.314*3.53] mapped 332048 sequences
[M::worker_pipeline::129.892*3.53] mapped 332034 sequences
[M::worker_pipeline::130.507*3.53] mapped 332034 sequences
[M::worker_pipeline::131.108*3.53] mapped 332030 sequences
[M::worker_pipeline::131.679*3.53] mapped 332024 sequences
[M::worker_pipeline::132.318*3.53] mapped 332058 sequences
[M::worker_pipeline::132.929*3.53] mapped 332028 sequences
[M::worker_pipeline::133.515*3.53] mapped 332034 sequences
[M::worker_pipeline::134.112*3.53] mapped 332038 sequences
[M::worker_pipeline::134.736*3.53] mapped 332090 sequences
[M::worker_pipeline::135.341*3.53] mapped 332120 sequences
[M::worker_pipeline::141.274*3.43] mapped 332170 sequences
[M::worker_pipeline::141.455*3.43] mapped 332188 sequences
[M::worker_pipeline::141.639*3.43] mapped 332110 sequences
[M::worker_pipeline::142.123*3.43] mapped 332122 sequences
[M::worker_pipeline::142.748*3.43] mapped 332152 sequences
[M::worker_pipeline::143.360*3.43] mapped 332144 sequences
[M::worker_pipeline::143.959*3.43] mapped 332670 sequences
[M::worker_pipeline::144.586*3.44] mapped 332906 sequences
[M::worker_pipeline::145.171*3.44] mapped 333124 sequences
[M::worker_pipeline::145.791*3.44] mapped 332720 sequences
[M::worker_pipeline::146.426*3.44] mapped 332682 sequences
[M::worker_pipeline::147.020*3.44] mapped 332654 sequences
[M::worker_pipeline::147.617*3.44] mapped 332558 sequences
[M::worker_pipeline::148.256*3.44] mapped 332516 sequences
[M::worker_pipeline::148.859*3.44] mapped 332450 sequences
[M::worker_pipeline::149.502*3.44] mapped 332438 sequences
[M::worker_pipeline::150.119*3.45] mapped 332402 sequences
[M::worker_pipeline::150.701*3.45] mapped 332446 sequences
[M::worker_pipeline::151.306*3.45] mapped 332462 sequences
[M::worker_pipeline::151.936*3.45] mapped 332450 sequences
[M::worker_pipeline::152.544*3.45] mapped 332504 sequences
[M::worker_pipeline::153.172*3.45] mapped 332538 sequences
[M::worker_pipeline::153.790*3.45] mapped 332550 sequences
[M::worker_pipeline::154.399*3.45] mapped 332664 sequences
[M::worker_pipeline::155.027*3.45] mapped 332696 sequences
[M::worker_pipeline::155.645*3.45] mapped 332732 sequences
[M::worker_pipeline::156.255*3.45] mapped 332700 sequences
[M::worker_pipeline::156.870*3.45] mapped 332546 sequences
[M::worker_pipeline::157.488*3.46] mapped 332460 sequences
[M::worker_pipeline::158.073*3.46] mapped 332506 sequences
[M::worker_pipeline::158.678*3.46] mapped 332474 sequences
[M::worker_pipeline::159.278*3.46] mapped 332482 sequences
[M::worker_pipeline::159.873*3.46] mapped 332506 sequences
[M::worker_pipeline::160.468*3.46] mapped 332610 sequences
[M::worker_pipeline::161.085*3.46] mapped 332488 sequences
[M::worker_pipeline::161.710*3.46] mapped 332424 sequences
[M::worker_pipeline::162.319*3.46] mapped 332374 sequences
[M::worker_pipeline::162.920*3.47] mapped 332402 sequences
[M::worker_pipeline::163.551*3.47] mapped 332362 sequences
[M::worker_pipeline::164.154*3.47] mapped 332326 sequences
[M::worker_pipeline::164.754*3.47] mapped 332386 sequences
[M::worker_pipeline::165.408*3.47] mapped 332412 sequences
[M::worker_pipeline::166.022*3.47] mapped 332446 sequences
[M::worker_pipeline::166.615*3.47] mapped 332408 sequences
[M::worker_pipeline::167.248*3.47] mapped 332388 sequences
[M::worker_pipeline::167.845*3.47] mapped 332354 sequences
[M::worker_pipeline::168.406*3.48] mapped 332312 sequences
[M::worker_pipeline::169.015*3.48] mapped 332274 sequences
[M::worker_pipeline::169.662*3.48] mapped 332314 sequences
[M::worker_pipeline::170.251*3.48] mapped 332248 sequences
[M::worker_pipeline::170.835*3.48] mapped 332288 sequences
[M::worker_pipeline::171.435*3.48] mapped 332222 sequences
[M::worker_pipeline::172.050*3.48] mapped 332210 sequences
[M::worker_pipeline::172.677*3.48] mapped 332286 sequences
[M::worker_pipeline::173.254*3.48] mapped 332240 sequences
[M::worker_pipeline::173.865*3.48] mapped 332234 sequences
[M::worker_pipeline::174.455*3.48] mapped 332200 sequences
[M::worker_pipeline::175.044*3.49] mapped 332222 sequences
[M::worker_pipeline::175.688*3.49] mapped 332208 sequences
[M::worker_pipeline::176.273*3.49] mapped 332108 sequences
[M::worker_pipeline::176.901*3.49] mapped 332160 sequences
[M::worker_pipeline::177.511*3.49] mapped 332212 sequences
[M::worker_pipeline::178.120*3.49] mapped 332124 sequences
[M::worker_pipeline::178.755*3.49] mapped 332128 sequences
[M::worker_pipeline::179.351*3.49] mapped 332120 sequences
[M::worker_pipeline::179.933*3.49] mapped 332086 sequences
[M::worker_pipeline::180.540*3.49] mapped 332126 sequences
[M::worker_pipeline::181.158*3.49] mapped 332128 sequences
[M::worker_pipeline::181.754*3.49] mapped 332212 sequences
[M::worker_pipeline::182.330*3.50] mapped 332192 sequences
[M::worker_pipeline::182.952*3.50] mapped 332202 sequences
[M::worker_pipeline::183.579*3.50] mapped 332206 sequences
[M::worker_pipeline::184.159*3.50] mapped 332242 sequences
[M::worker_pipeline::184.773*3.50] mapped 332312 sequences
[M::worker_pipeline::185.400*3.50] mapped 332310 sequences
[M::worker_pipeline::185.998*3.50] mapped 332314 sequences
[M::worker_pipeline::186.641*3.50] mapped 332336 sequences
[M::worker_pipeline::187.243*3.50] mapped 332316 sequences
[M::worker_pipeline::187.867*3.50] mapped 332394 sequences
[M::worker_pipeline::188.487*3.50] mapped 332902 sequences
[M::worker_pipeline::189.092*3.50] mapped 333094 sequences
[M::worker_pipeline::189.681*3.50] mapped 332822 sequences
[M::worker_pipeline::190.293*3.51] mapped 332598 sequences
[M::worker_pipeline::190.897*3.51] mapped 332592 sequences
[M::worker_pipeline::191.514*3.51] mapped 332618 sequences
[M::worker_pipeline::192.112*3.51] mapped 332554 sequences
[M::worker_pipeline::192.703*3.51] mapped 332516 sequences
[M::worker_pipeline::193.294*3.51] mapped 332384 sequences
[M::worker_pipeline::193.927*3.51] mapped 332402 sequences
[M::worker_pipeline::194.517*3.51] mapped 332362 sequences
[M::worker_pipeline::195.153*3.51] mapped 332354 sequences
[M::worker_pipeline::195.746*3.51] mapped 332390 sequences
[M::worker_pipeline::196.325*3.51] mapped 332370 sequences
[M::worker_pipeline::196.922*3.51] mapped 332408 sequences
[M::worker_pipeline::197.504*3.52] mapped 332400 sequences
[M::worker_pipeline::198.090*3.52] mapped 332326 sequences
[M::worker_pipeline::198.659*3.52] mapped 332350 sequences
[M::worker_pipeline::199.242*3.52] mapped 332382 sequences
[M::worker_pipeline::199.858*3.52] mapped 332376 sequences
[M::worker_pipeline::200.464*3.52] mapped 332326 sequences
[M::worker_pipeline::201.084*3.52] mapped 332308 sequences
[M::worker_pipeline::201.689*3.52] mapped 332378 sequences
[M::worker_pipeline::202.313*3.52] mapped 332368 sequences
[M::worker_pipeline::202.930*3.52] mapped 332252 sequences
[M::worker_pipeline::203.554*3.52] mapped 332258 sequences
[M::worker_pipeline::208.668*3.47] mapped 332260 sequences
[M::worker_pipeline::208.853*3.46] mapped 332202 sequences
[M::worker_pipeline::209.036*3.46] mapped 332220 sequences
[M::worker_pipeline::209.538*3.47] mapped 332224 sequences
[M::worker_pipeline::210.136*3.47] mapped 332308 sequences
[M::worker_pipeline::210.727*3.47] mapped 332314 sequences
[M::worker_pipeline::211.320*3.47] mapped 332244 sequences
[M::worker_pipeline::211.960*3.47] mapped 332214 sequences
[M::worker_pipeline::212.533*3.47] mapped 332220 sequences
[M::worker_pipeline::213.197*3.47] mapped 332208 sequences
[M::worker_pipeline::213.789*3.47] mapped 332228 sequences
[M::worker_pipeline::214.392*3.47] mapped 332164 sequences
[M::worker_pipeline::214.985*3.47] mapped 332132 sequences
[M::worker_pipeline::215.582*3.47] mapped 332208 sequences
[M::worker_pipeline::216.156*3.47] mapped 332174 sequences
[M::worker_pipeline::216.792*3.48] mapped 332212 sequences
[M::worker_pipeline::217.403*3.48] mapped 332218 sequences
[M::worker_pipeline::218.019*3.48] mapped 332156 sequences
[M::worker_pipeline::218.589*3.48] mapped 332172 sequences
[M::worker_pipeline::219.174*3.48] mapped 332188 sequences
[M::worker_pipeline::219.790*3.48] mapped 332288 sequences
[M::worker_pipeline::220.421*3.48] mapped 332256 sequences
[M::worker_pipeline::221.005*3.48] mapped 332204 sequences
[M::worker_pipeline::221.656*3.48] mapped 332278 sequences
[M::worker_pipeline::222.211*3.48] mapped 332260 sequences
[M::worker_pipeline::222.823*3.48] mapped 332320 sequences
[M::worker_pipeline::223.428*3.48] mapped 332304 sequences
[M::worker_pipeline::224.038*3.48] mapped 332326 sequences
[M::worker_pipeline::224.657*3.48] mapped 332320 sequences
[M::worker_pipeline::225.247*3.48] mapped 332342 sequences
[M::worker_pipeline::225.832*3.49] mapped 332372 sequences
[M::worker_pipeline::226.460*3.49] mapped 332460 sequences
[M::worker_pipeline::227.046*3.49] mapped 332436 sequences
[M::worker_pipeline::227.654*3.49] mapped 332444 sequences
[M::worker_pipeline::228.252*3.49] mapped 332510 sequences
[M::worker_pipeline::228.858*3.49] mapped 332416 sequences
[M::worker_pipeline::229.498*3.49] mapped 332460 sequences
[M::worker_pipeline::230.116*3.49] mapped 332340 sequences
[M::worker_pipeline::230.724*3.49] mapped 332294 sequences
[M::worker_pipeline::231.315*3.49] mapped 332222 sequences
[M::worker_pipeline::231.889*3.49] mapped 332140 sequences
[M::worker_pipeline::232.462*3.49] mapped 332116 sequences
[M::worker_pipeline::233.074*3.49] mapped 332158 sequences
[M::worker_pipeline::233.650*3.49] mapped 332150 sequences
[M::worker_pipeline::234.265*3.49] mapped 332356 sequences
[M::worker_pipeline::234.851*3.50] mapped 332928 sequences
[M::worker_pipeline::235.473*3.50] mapped 332678 sequences
[M::worker_pipeline::236.080*3.50] mapped 332570 sequences
[M::worker_pipeline::236.661*3.50] mapped 332572 sequences
[M::worker_pipeline::237.304*3.50] mapped 332524 sequences
[M::worker_pipeline::237.929*3.50] mapped 332392 sequences
[M::worker_pipeline::238.561*3.50] mapped 332402 sequences
[M::worker_pipeline::239.159*3.50] mapped 332394 sequences
[M::worker_pipeline::239.777*3.50] mapped 332298 sequences
[M::worker_pipeline::240.410*3.50] mapped 332288 sequences
[M::worker_pipeline::240.985*3.50] mapped 332298 sequences
[M::worker_pipeline::241.598*3.50] mapped 332292 sequences
[M::worker_pipeline::242.196*3.50] mapped 332300 sequences
[M::worker_pipeline::242.778*3.50] mapped 332328 sequences
[M::worker_pipeline::243.398*3.50] mapped 332294 sequences
[M::worker_pipeline::244.009*3.50] mapped 332340 sequences
[M::worker_pipeline::244.596*3.51] mapped 332370 sequences
[M::worker_pipeline::245.191*3.51] mapped 332326 sequences
[M::worker_pipeline::245.799*3.51] mapped 332280 sequences
[M::worker_pipeline::246.424*3.51] mapped 332314 sequences
[M::worker_pipeline::247.007*3.51] mapped 332238 sequences
[M::worker_pipeline::247.640*3.51] mapped 332284 sequences
[M::worker_pipeline::248.270*3.51] mapped 332260 sequences
[M::worker_pipeline::248.898*3.51] mapped 332176 sequences
[M::worker_pipeline::249.490*3.51] mapped 332182 sequences
[M::worker_pipeline::250.136*3.51] mapped 332204 sequences
[M::worker_pipeline::250.773*3.51] mapped 332158 sequences
[M::worker_pipeline::251.381*3.51] mapped 332154 sequences
[M::worker_pipeline::251.967*3.51] mapped 332158 sequences
[M::worker_pipeline::252.602*3.51] mapped 332130 sequences
[M::worker_pipeline::253.222*3.51] mapped 332176 sequences
[M::worker_pipeline::253.838*3.51] mapped 332156 sequences
[M::worker_pipeline::254.430*3.51] mapped 332172 sequences
[M::worker_pipeline::255.020*3.51] mapped 332164 sequences
[M::worker_pipeline::255.636*3.51] mapped 332172 sequences
[M::worker_pipeline::256.233*3.51] mapped 332124 sequences
[M::worker_pipeline::256.857*3.51] mapped 332136 sequences
[M::worker_pipeline::257.459*3.51] mapped 332134 sequences
[M::worker_pipeline::258.078*3.51] mapped 332140 sequences
[M::worker_pipeline::258.711*3.51] mapped 332190 sequences
[M::worker_pipeline::259.314*3.51] mapped 332202 sequences
[M::worker_pipeline::259.922*3.52] mapped 332234 sequences
[M::worker_pipeline::260.507*3.52] mapped 332224 sequences
[M::worker_pipeline::261.121*3.52] mapped 332182 sequences
[M::worker_pipeline::261.722*3.52] mapped 332124 sequences
[M::worker_pipeline::262.330*3.52] mapped 332146 sequences
[M::worker_pipeline::262.960*3.52] mapped 332160 sequences
[M::worker_pipeline::263.573*3.52] mapped 332190 sequences
[M::worker_pipeline::264.174*3.52] mapped 332172 sequences
[M::worker_pipeline::264.775*3.52] mapped 332100 sequences
[M::worker_pipeline::265.345*3.52] mapped 332108 sequences
[M::worker_pipeline::265.959*3.52] mapped 332146 sequences
[M::worker_pipeline::266.539*3.52] mapped 332226 sequences
[M::worker_pipeline::267.144*3.52] mapped 332214 sequences
[M::worker_pipeline::267.772*3.52] mapped 332236 sequences
[M::worker_pipeline::268.348*3.52] mapped 332250 sequences
[M::worker_pipeline::268.966*3.52] mapped 332272 sequences
[M::worker_pipeline::269.522*3.52] mapped 332264 sequences
[M::worker_pipeline::270.121*3.52] mapped 332282 sequences
[M::worker_pipeline::270.736*3.52] mapped 332290 sequences
[M::worker_pipeline::271.350*3.53] mapped 332304 sequences
[M::worker_pipeline::276.329*3.48] mapped 332256 sequences
[M::worker_pipeline::276.511*3.48] mapped 332336 sequences
[M::worker_pipeline::276.679*3.48] mapped 332260 sequences
[M::worker_pipeline::277.189*3.48] mapped 332154 sequences
[M::worker_pipeline::277.799*3.48] mapped 332138 sequences
[M::worker_pipeline::278.380*3.49] mapped 332102 sequences
[M::worker_pipeline::279.010*3.49] mapped 332166 sequences
[M::worker_pipeline::279.603*3.49] mapped 332118 sequences
[M::worker_pipeline::280.210*3.49] mapped 332188 sequences
[M::worker_pipeline::280.857*3.49] mapped 332876 sequences
[M::worker_pipeline::281.473*3.49] mapped 332678 sequences
[M::worker_pipeline::282.073*3.49] mapped 332608 sequences
[M::worker_pipeline::282.691*3.49] mapped 332386 sequences
[M::worker_pipeline::283.293*3.49] mapped 332412 sequences
[M::worker_pipeline::283.875*3.49] mapped 332422 sequences
[M::worker_pipeline::284.536*3.49] mapped 332364 sequences
[M::worker_pipeline::285.143*3.49] mapped 332270 sequences
[M::worker_pipeline::285.740*3.49] mapped 332240 sequences
[M::worker_pipeline::286.365*3.49] mapped 332272 sequences
[M::worker_pipeline::286.992*3.49] mapped 332262 sequences
[M::worker_pipeline::287.614*3.49] mapped 332232 sequences
[M::worker_pipeline::288.246*3.49] mapped 332202 sequences
[M::worker_pipeline::288.785*3.49] mapped 332142 sequences
[M::worker_pipeline::289.386*3.49] mapped 332252 sequences
[M::worker_pipeline::290.015*3.49] mapped 332204 sequences
[M::worker_pipeline::290.611*3.49] mapped 332254 sequences
[M::worker_pipeline::291.191*3.49] mapped 332226 sequences
[M::worker_pipeline::291.777*3.49] mapped 332246 sequences
[M::worker_pipeline::292.371*3.50] mapped 332642 sequences
[M::worker_pipeline::292.978*3.50] mapped 332224 sequences
[M::worker_pipeline::293.603*3.50] mapped 332166 sequences
[M::worker_pipeline::294.221*3.50] mapped 332194 sequences
[M::worker_pipeline::294.794*3.50] mapped 332170 sequences
[M::worker_pipeline::295.419*3.50] mapped 332126 sequences
[M::worker_pipeline::295.997*3.50] mapped 332164 sequences
[M::worker_pipeline::296.576*3.50] mapped 332212 sequences
[M::worker_pipeline::297.194*3.50] mapped 332138 sequences
[M::worker_pipeline::297.755*3.50] mapped 332068 sequences
[M::worker_pipeline::298.404*3.50] mapped 332126 sequences
[M::worker_pipeline::299.013*3.50] mapped 332118 sequences
[M::worker_pipeline::299.598*3.50] mapped 332162 sequences
[M::worker_pipeline::300.194*3.50] mapped 332096 sequences
[M::worker_pipeline::300.800*3.50] mapped 332144 sequences
[M::worker_pipeline::301.415*3.50] mapped 332126 sequences
[M::worker_pipeline::302.005*3.50] mapped 332150 sequences
[M::worker_pipeline::302.606*3.50] mapped 332132 sequences
[M::worker_pipeline::303.197*3.50] mapped 332148 sequences
[M::worker_pipeline::303.831*3.50] mapped 332094 sequences
[M::worker_pipeline::304.397*3.51] mapped 332298 sequences
[M::worker_pipeline::304.976*3.51] mapped 332332 sequences
[M::worker_pipeline::305.586*3.51] mapped 332466 sequences
[M::worker_pipeline::306.177*3.51] mapped 332352 sequences
[M::worker_pipeline::306.796*3.51] mapped 332394 sequences
[M::worker_pipeline::307.377*3.51] mapped 332320 sequences
[M::worker_pipeline::308.006*3.51] mapped 332084 sequences
[M::worker_pipeline::308.590*3.51] mapped 332148 sequences
[M::worker_pipeline::309.202*3.51] mapped 332132 sequences
[M::worker_pipeline::309.831*3.51] mapped 332150 sequences
[M::worker_pipeline::310.444*3.51] mapped 332144 sequences
[M::worker_pipeline::311.057*3.51] mapped 332146 sequences
[M::worker_pipeline::311.672*3.51] mapped 332162 sequences
[M::worker_pipeline::312.247*3.51] mapped 332172 sequences
[M::worker_pipeline::312.852*3.51] mapped 332254 sequences
[M::worker_pipeline::313.464*3.51] mapped 332186 sequences
[M::worker_pipeline::314.051*3.51] mapped 332210 sequences
[M::worker_pipeline::314.659*3.51] mapped 332244 sequences
[M::worker_pipeline::315.272*3.51] mapped 332240 sequences
[M::worker_pipeline::315.902*3.51] mapped 332266 sequences
[M::worker_pipeline::316.522*3.51] mapped 332320 sequences
[M::worker_pipeline::317.130*3.51] mapped 332324 sequences
[M::worker_pipeline::317.711*3.51] mapped 332346 sequences
[M::worker_pipeline::318.318*3.51] mapped 332366 sequences
[M::worker_pipeline::318.920*3.52] mapped 332344 sequences
[M::worker_pipeline::319.523*3.52] mapped 332206 sequences
[M::worker_pipeline::320.143*3.52] mapped 332138 sequences
[M::worker_pipeline::320.741*3.52] mapped 332118 sequences
[M::worker_pipeline::321.320*3.52] mapped 332134 sequences
[M::worker_pipeline::321.942*3.52] mapped 332134 sequences
[M::worker_pipeline::322.564*3.52] mapped 332126 sequences
[M::worker_pipeline::323.192*3.52] mapped 332654 sequences
[M::worker_pipeline::323.795*3.52] mapped 332844 sequences
[M::worker_pipeline::324.412*3.52] mapped 332752 sequences
[M::worker_pipeline::325.031*3.52] mapped 332646 sequences
[M::worker_pipeline::325.627*3.52] mapped 332600 sequences
[M::worker_pipeline::326.226*3.52] mapped 332588 sequences
[M::worker_pipeline::326.859*3.52] mapped 332532 sequences
[M::worker_pipeline::327.478*3.52] mapped 332588 sequences
[M::worker_pipeline::328.103*3.52] mapped 332438 sequences
[M::worker_pipeline::328.668*3.52] mapped 332466 sequences
[M::worker_pipeline::329.272*3.52] mapped 332446 sequences
[M::worker_pipeline::329.907*3.52] mapped 332376 sequences
[M::worker_pipeline::330.522*3.52] mapped 332352 sequences
[M::worker_pipeline::331.148*3.52] mapped 332370 sequences
[M::worker_pipeline::331.766*3.52] mapped 332432 sequences
[M::worker_pipeline::332.385*3.52] mapped 332362 sequences
[M::worker_pipeline::332.951*3.52] mapped 332428 sequences
[M::worker_pipeline::333.568*3.52] mapped 332478 sequences
[M::worker_pipeline::334.187*3.52] mapped 332430 sequences
[M::worker_pipeline::334.812*3.53] mapped 332582 sequences
[M::worker_pipeline::335.392*3.53] mapped 332416 sequences
[M::worker_pipeline::336.014*3.53] mapped 332486 sequences
[M::worker_pipeline::336.652*3.53] mapped 332404 sequences
[M::worker_pipeline::337.237*3.53] mapped 332384 sequences
[M::worker_pipeline::337.895*3.53] mapped 332346 sequences
[M::worker_pipeline::338.496*3.53] mapped 332276 sequences
[M::worker_pipeline::339.220*3.53] mapped 332286 sequences
[M::worker_pipeline::344.060*3.49] mapped 332260 sequences
[M::worker_pipeline::344.230*3.49] mapped 332212 sequences
[M::worker_pipeline::344.407*3.49] mapped 332212 sequences
[M::worker_pipeline::344.937*3.49] mapped 332272 sequences
[M::worker_pipeline::345.531*3.49] mapped 332190 sequences
[M::worker_pipeline::346.146*3.49] mapped 332264 sequences
[M::worker_pipeline::346.755*3.49] mapped 332236 sequences
[M::worker_pipeline::347.368*3.50] mapped 332272 sequences
[M::worker_pipeline::347.989*3.50] mapped 332198 sequences
[M::worker_pipeline::348.601*3.50] mapped 332220 sequences
[M::worker_pipeline::349.189*3.50] mapped 332212 sequences
[M::worker_pipeline::349.829*3.50] mapped 332314 sequences
[M::worker_pipeline::350.377*3.50] mapped 332576 sequences
[M::worker_pipeline::350.987*3.50] mapped 332668 sequences
[M::worker_pipeline::351.609*3.50] mapped 332604 sequences
[M::worker_pipeline::352.215*3.50] mapped 332610 sequences
[M::worker_pipeline::352.795*3.50] mapped 332640 sequences
[M::worker_pipeline::353.417*3.50] mapped 332440 sequences
[M::worker_pipeline::353.966*3.50] mapped 332202 sequences
[M::worker_pipeline::354.621*3.50] mapped 332142 sequences
[M::worker_pipeline::355.222*3.50] mapped 332148 sequences
[M::worker_pipeline::355.817*3.50] mapped 332158 sequences
[M::worker_pipeline::356.421*3.50] mapped 332140 sequences
[M::worker_pipeline::357.025*3.50] mapped 332152 sequences
[M::worker_pipeline::357.616*3.50] mapped 332214 sequences
[M::worker_pipeline::358.213*3.50] mapped 332212 sequences
[M::worker_pipeline::358.783*3.50] mapped 332204 sequences
[M::worker_pipeline::359.430*3.51] mapped 332202 sequences
[M::worker_pipeline::359.997*3.51] mapped 332252 sequences
[M::worker_pipeline::360.558*3.51] mapped 332210 sequences
[M::worker_pipeline::361.208*3.51] mapped 332200 sequences
[M::worker_pipeline::361.782*3.51] mapped 332234 sequences
[M::worker_pipeline::362.429*3.51] mapped 332248 sequences
[M::worker_pipeline::363.067*3.51] mapped 332274 sequences
[M::worker_pipeline::363.681*3.51] mapped 332228 sequences
[M::worker_pipeline::364.325*3.51] mapped 332248 sequences
[M::worker_pipeline::364.970*3.51] mapped 332184 sequences
[M::worker_pipeline::365.545*3.51] mapped 332166 sequences
[M::worker_pipeline::366.154*3.51] mapped 332130 sequences
[M::worker_pipeline::366.761*3.51] mapped 332090 sequences
[M::worker_pipeline::367.357*3.51] mapped 332068 sequences
[M::worker_pipeline::367.959*3.51] mapped 332110 sequences
[M::worker_pipeline::368.564*3.51] mapped 332140 sequences
[M::worker_pipeline::369.049*3.51] mapped 307964 sequences
[M::main] Version: 2.22-r1101
[M::main] CMD: minimap2 --secondary=no -t 16 -R @RG\tID:snippy\tSM:snippy -ax sr /work/FAC/FBM/DMF/smitri/evomicrocomm/genome_size/data/ms/reference.fasta /work/FAC/FBM/DMF/smitri/evomicrocomm/genome_size/data/T44.4.5.rep/read1.fq.gz /work/FAC/FBM/DMF/smitri/evomicrocomm/genome_size/data/T44.4.5.rep/read2.fq.gz
[M::main] Real time: 369.065 sec; CPU: 1295.577 sec; Peak RSS: 0.494 GB
[bam_sort_core] merging from 80 files and 16 in-memory blocks...
[Fri Oct 15 16:18:38 2021]
Finished job 0.
1 of 1 steps (100%) done
