Building DAG of jobs...
Using shell: /usr/bin/bash
Provided cores: 16
Rules claiming more threads will be scaled down.
Select jobs to execute...

[Sun Oct 17 22:38:54 2021]
rule mapping:
    input: /work/FAC/FBM/DMF/smitri/evomicrocomm/genome_size/data/ct/reference.fasta, /work/FAC/FBM/DMF/smitri/evomicrocomm/genome_size/data/T11.3.4/read1.fq.gz, /work/FAC/FBM/DMF/smitri/evomicrocomm/genome_size/data/T11.3.4/read2.fq.gz
    output: /work/FAC/FBM/DMF/smitri/evomicrocomm/genome_size/data/T11.3.4/ct/mapped_reads.sorted.bam
    jobid: 0
    wildcards: sample=T11.3.4, strain=ct
    threads: 16
    resources: mem_mb=28314, disk_mb=28314, tmpdir=/tmp/2846085

[M::mm_idx_gen::0.173*0.79] collected minimizers
[M::mm_idx_gen::0.191*1.51] sorted minimizers
[M::main::0.191*1.51] loaded/built the index for 2 target sequence(s)
[M::mm_mapopt_update::0.191*1.51] mid_occ = 1000
[M::mm_idx_stat] kmer size: 21; skip: 11; is_hpc: 0; #seq: 2
[M::mm_idx_stat::0.204*1.48] distinct minimizers: 993850 (99.11% are singletons); average occurrences: 1.021; average spacing: 5.998; total length: 6084391
[M::worker_pipeline::1.255*2.42] mapped 333232 sequences
[M::worker_pipeline::2.052*2.91] mapped 333146 sequences
[M::worker_pipeline::2.810*3.15] mapped 332994 sequences
[M::worker_pipeline::3.368*3.39] mapped 332974 sequences
[M::worker_pipeline::4.072*3.47] mapped 332914 sequences
[M::worker_pipeline::4.715*3.58] mapped 332900 sequences
[M::worker_pipeline::5.421*3.62] mapped 332820 sequences
[M::worker_pipeline::6.037*3.69] mapped 332824 sequences
[M::worker_pipeline::6.639*3.75] mapped 332822 sequences
[M::worker_pipeline::7.263*3.78] mapped 332798 sequences
[M::worker_pipeline::7.940*3.81] mapped 332748 sequences
[M::worker_pipeline::8.579*3.85] mapped 332748 sequences
[M::worker_pipeline::9.233*3.85] mapped 332674 sequences
[M::worker_pipeline::9.876*3.88] mapped 332708 sequences
[M::worker_pipeline::10.459*3.92] mapped 332794 sequences
[M::worker_pipeline::11.120*3.92] mapped 332698 sequences
[M::worker_pipeline::11.841*3.90] mapped 332652 sequences
[M::worker_pipeline::12.538*3.89] mapped 332674 sequences
[M::worker_pipeline::13.172*3.89] mapped 332746 sequences
[M::worker_pipeline::13.886*3.88] mapped 332802 sequences
[M::worker_pipeline::14.557*3.89] mapped 332746 sequences
[M::worker_pipeline::15.160*3.90] mapped 332920 sequences
[M::worker_pipeline::15.761*3.91] mapped 332922 sequences
[M::worker_pipeline::16.474*3.91] mapped 333000 sequences
[M::worker_pipeline::17.100*3.93] mapped 333070 sequences
[M::worker_pipeline::17.721*3.94] mapped 333044 sequences
[M::worker_pipeline::18.371*3.94] mapped 333192 sequences
[M::worker_pipeline::19.035*3.93] mapped 333020 sequences
[M::worker_pipeline::19.653*3.95] mapped 332916 sequences
[M::worker_pipeline::20.360*3.95] mapped 332892 sequences
[M::worker_pipeline::21.027*3.95] mapped 332806 sequences
[M::worker_pipeline::21.722*3.94] mapped 332726 sequences
[M::worker_pipeline::22.471*3.93] mapped 332704 sequences
[M::worker_pipeline::23.254*3.91] mapped 332746 sequences
[M::worker_pipeline::23.998*3.90] mapped 332716 sequences
[M::worker_pipeline::24.641*3.91] mapped 332804 sequences
[M::worker_pipeline::25.374*3.91] mapped 332826 sequences
[M::worker_pipeline::26.020*3.91] mapped 332764 sequences
[M::worker_pipeline::26.708*3.91] mapped 333146 sequences
[M::worker_pipeline::27.383*3.91] mapped 333032 sequences
[M::worker_pipeline::28.036*3.92] mapped 333002 sequences
[M::worker_pipeline::28.650*3.93] mapped 332796 sequences
[M::worker_pipeline::29.361*3.93] mapped 332772 sequences
[M::worker_pipeline::29.923*3.95] mapped 332736 sequences
[M::worker_pipeline::30.523*3.96] mapped 332692 sequences
[M::worker_pipeline::31.155*3.96] mapped 332724 sequences
[M::worker_pipeline::31.750*3.97] mapped 332706 sequences
[M::worker_pipeline::32.360*3.97] mapped 332690 sequences
[M::worker_pipeline::33.043*3.97] mapped 332690 sequences
[M::worker_pipeline::33.664*3.98] mapped 332678 sequences
[M::worker_pipeline::34.376*3.98] mapped 332746 sequences
[M::worker_pipeline::35.023*3.98] mapped 332772 sequences
[M::worker_pipeline::35.609*3.99] mapped 332776 sequences
[M::worker_pipeline::36.183*4.00] mapped 332746 sequences
[M::worker_pipeline::36.903*4.00] mapped 332734 sequences
[M::worker_pipeline::37.514*4.01] mapped 332756 sequences
[M::worker_pipeline::38.072*4.02] mapped 332888 sequences
[M::worker_pipeline::38.701*4.02] mapped 332828 sequences
[M::worker_pipeline::39.309*4.02] mapped 332874 sequences
[M::worker_pipeline::39.947*4.03] mapped 332920 sequences
[M::worker_pipeline::40.622*4.02] mapped 332876 sequences
[M::worker_pipeline::41.351*4.02] mapped 333050 sequences
[M::worker_pipeline::41.941*4.03] mapped 332866 sequences
[M::worker_pipeline::42.653*4.02] mapped 332786 sequences
[M::worker_pipeline::43.260*4.03] mapped 332846 sequences
[M::worker_pipeline::43.992*4.03] mapped 332872 sequences
[M::worker_pipeline::44.522*4.04] mapped 332832 sequences
[M::worker_pipeline::45.220*4.03] mapped 333052 sequences
[M::worker_pipeline::45.830*4.04] mapped 332878 sequences
[M::worker_pipeline::46.470*4.04] mapped 333082 sequences
[M::worker_pipeline::47.139*4.04] mapped 333170 sequences
[M::worker_pipeline::47.757*4.05] mapped 333190 sequences
[M::worker_pipeline::48.448*4.05] mapped 333222 sequences
[M::worker_pipeline::49.048*4.05] mapped 333236 sequences
[M::worker_pipeline::49.648*4.05] mapped 333512 sequences
[M::worker_pipeline::50.272*4.05] mapped 333420 sequences
[M::worker_pipeline::50.921*4.05] mapped 333418 sequences
[M::worker_pipeline::51.529*4.06] mapped 333530 sequences
[M::worker_pipeline::52.195*4.06] mapped 333436 sequences
[M::worker_pipeline::52.883*4.06] mapped 333618 sequences
[M::worker_pipeline::53.458*4.06] mapped 333552 sequences
[M::worker_pipeline::54.187*4.06] mapped 333024 sequences
[M::worker_pipeline::54.749*4.06] mapped 332744 sequences
[M::worker_pipeline::55.453*4.06] mapped 332676 sequences
[M::worker_pipeline::56.157*4.05] mapped 332626 sequences
[M::worker_pipeline::56.790*4.06] mapped 332574 sequences
[M::worker_pipeline::57.355*4.06] mapped 332570 sequences
[M::worker_pipeline::58.003*4.06] mapped 332490 sequences
[M::worker_pipeline::58.618*4.06] mapped 332502 sequences
[M::worker_pipeline::59.298*4.07] mapped 332470 sequences
[M::worker_pipeline::59.890*4.07] mapped 332408 sequences
[M::worker_pipeline::60.521*4.07] mapped 332418 sequences
[M::worker_pipeline::61.150*4.07] mapped 332418 sequences
[M::worker_pipeline::61.798*4.07] mapped 332440 sequences
[M::worker_pipeline::62.385*4.08] mapped 332464 sequences
[M::worker_pipeline::63.053*4.07] mapped 332386 sequences
[M::worker_pipeline::63.665*4.08] mapped 332422 sequences
[M::worker_pipeline::64.291*4.08] mapped 332430 sequences
[M::worker_pipeline::64.861*4.08] mapped 332376 sequences
[M::worker_pipeline::65.516*4.08] mapped 332424 sequences
[M::worker_pipeline::66.140*4.08] mapped 332426 sequences
[M::worker_pipeline::66.742*4.08] mapped 332410 sequences
[M::worker_pipeline::67.410*4.08] mapped 332462 sequences
[M::worker_pipeline::67.997*4.08] mapped 332552 sequences
[M::worker_pipeline::68.650*4.09] mapped 332642 sequences
[M::worker_pipeline::74.153*3.88] mapped 332764 sequences
[M::worker_pipeline::74.375*3.88] mapped 332800 sequences
[M::worker_pipeline::74.573*3.87] mapped 332840 sequences
[M::worker_pipeline::75.317*3.87] mapped 332856 sequences
[M::worker_pipeline::75.768*3.88] mapped 332716 sequences
[M::worker_pipeline::76.415*3.88] mapped 332692 sequences
[M::worker_pipeline::77.302*3.87] mapped 332606 sequences
[M::worker_pipeline::77.701*3.88] mapped 332516 sequences
[M::worker_pipeline::78.357*3.88] mapped 332520 sequences
[M::worker_pipeline::79.001*3.88] mapped 332540 sequences
[M::worker_pipeline::79.550*3.89] mapped 332500 sequences
[M::worker_pipeline::80.364*3.88] mapped 332526 sequences
[M::worker_pipeline::80.801*3.89] mapped 332516 sequences
[M::worker_pipeline::81.444*3.89] mapped 332552 sequences
[M::worker_pipeline::82.254*3.89] mapped 332534 sequences
[M::worker_pipeline::82.746*3.90] mapped 332810 sequences
[M::worker_pipeline::83.328*3.90] mapped 332946 sequences
[M::worker_pipeline::84.084*3.90] mapped 332892 sequences
[M::worker_pipeline::84.566*3.90] mapped 332562 sequences
[M::worker_pipeline::85.222*3.90] mapped 332556 sequences
[M::worker_pipeline::86.109*3.90] mapped 332460 sequences
[M::worker_pipeline::86.521*3.91] mapped 332452 sequences
[M::worker_pipeline::87.329*3.90] mapped 332400 sequences
[M::worker_pipeline::88.125*3.90] mapped 332366 sequences
[M::worker_pipeline::88.583*3.90] mapped 332404 sequences
[M::worker_pipeline::89.309*3.90] mapped 332402 sequences
[M::worker_pipeline::90.090*3.90] mapped 332454 sequences
[M::worker_pipeline::90.632*3.90] mapped 332444 sequences
[M::worker_pipeline::91.239*3.91] mapped 332450 sequences
[M::worker_pipeline::91.873*3.91] mapped 332480 sequences
[M::worker_pipeline::92.449*3.91] mapped 332530 sequences
[M::worker_pipeline::93.125*3.91] mapped 332448 sequences
[M::worker_pipeline::93.828*3.91] mapped 332392 sequences
[M::worker_pipeline::94.436*3.92] mapped 332342 sequences
[M::worker_pipeline::95.087*3.92] mapped 332376 sequences
[M::worker_pipeline::95.715*3.92] mapped 332414 sequences
[M::worker_pipeline::96.470*3.92] mapped 332406 sequences
[M::worker_pipeline::97.180*3.92] mapped 332484 sequences
[M::worker_pipeline::97.605*3.92] mapped 332452 sequences
[M::worker_pipeline::98.283*3.92] mapped 332448 sequences
[M::worker_pipeline::99.090*3.92] mapped 332370 sequences
[M::worker_pipeline::99.566*3.92] mapped 332324 sequences
[M::worker_pipeline::100.239*3.92] mapped 332290 sequences
[M::worker_pipeline::100.859*3.93] mapped 332360 sequences
[M::worker_pipeline::101.583*3.92] mapped 332380 sequences
[M::worker_pipeline::102.256*3.92] mapped 332390 sequences
[M::worker_pipeline::102.837*3.93] mapped 332422 sequences
[M::worker_pipeline::103.634*3.92] mapped 332428 sequences
[M::worker_pipeline::104.287*3.92] mapped 332450 sequences
[M::worker_pipeline::105.141*3.91] mapped 332454 sequences
[M::worker_pipeline::106.052*3.91] mapped 332496 sequences
[M::worker_pipeline::106.846*3.90] mapped 332476 sequences
[M::worker_pipeline::107.749*3.90] mapped 332516 sequences
[M::worker_pipeline::108.538*3.89] mapped 332514 sequences
[M::worker_pipeline::109.080*3.90] mapped 332480 sequences
[M::worker_pipeline::109.708*3.90] mapped 332528 sequences
[M::worker_pipeline::110.346*3.90] mapped 332516 sequences
[M::worker_pipeline::110.932*3.90] mapped 332426 sequences
[M::worker_pipeline::111.664*3.90] mapped 332576 sequences
[M::worker_pipeline::112.365*3.90] mapped 332628 sequences
[M::worker_pipeline::112.904*3.90] mapped 332800 sequences
[M::worker_pipeline::113.597*3.90] mapped 332674 sequences
[M::worker_pipeline::114.187*3.90] mapped 332666 sequences
[M::worker_pipeline::114.807*3.90] mapped 332642 sequences
[M::worker_pipeline::115.430*3.91] mapped 332574 sequences
[M::worker_pipeline::116.129*3.91] mapped 332498 sequences
[M::worker_pipeline::116.752*3.91] mapped 332536 sequences
[M::worker_pipeline::117.364*3.91] mapped 332510 sequences
[M::worker_pipeline::118.069*3.91] mapped 332510 sequences
[M::worker_pipeline::118.678*3.91] mapped 332516 sequences
[M::worker_pipeline::119.290*3.91] mapped 332506 sequences
[M::worker_pipeline::119.940*3.91] mapped 332468 sequences
[M::worker_pipeline::120.547*3.91] mapped 332424 sequences
[M::worker_pipeline::121.159*3.92] mapped 332424 sequences
[M::worker_pipeline::121.816*3.92] mapped 332446 sequences
[M::worker_pipeline::122.493*3.92] mapped 332334 sequences
[M::worker_pipeline::123.131*3.92] mapped 332348 sequences
[M::worker_pipeline::123.783*3.92] mapped 332376 sequences
[M::worker_pipeline::124.468*3.92] mapped 332392 sequences
[M::worker_pipeline::125.189*3.91] mapped 332376 sequences
[M::worker_pipeline::125.792*3.92] mapped 332414 sequences
[M::worker_pipeline::126.431*3.92] mapped 332462 sequences
[M::worker_pipeline::127.069*3.92] mapped 332472 sequences
[M::worker_pipeline::127.628*3.92] mapped 332552 sequences
[M::worker_pipeline::128.269*3.93] mapped 332546 sequences
[M::worker_pipeline::128.934*3.93] mapped 332542 sequences
[M::worker_pipeline::129.631*3.93] mapped 332578 sequences
[M::worker_pipeline::130.348*3.92] mapped 332532 sequences
[M::worker_pipeline::130.918*3.93] mapped 332534 sequences
[M::worker_pipeline::131.647*3.93] mapped 332454 sequences
[M::worker_pipeline::132.207*3.93] mapped 332456 sequences
[M::worker_pipeline::132.864*3.93] mapped 332378 sequences
[M::worker_pipeline::133.475*3.93] mapped 332356 sequences
[M::worker_pipeline::134.046*3.93] mapped 332382 sequences
[M::worker_pipeline::134.648*3.93] mapped 332402 sequences
[M::worker_pipeline::135.335*3.93] mapped 332368 sequences
[M::worker_pipeline::135.966*3.93] mapped 332452 sequences
[M::worker_pipeline::136.627*3.93] mapped 332552 sequences
[M::worker_pipeline::137.171*3.93] mapped 332556 sequences
[M::worker_pipeline::137.931*3.93] mapped 332714 sequences
[M::worker_pipeline::138.585*3.93] mapped 332688 sequences
[M::worker_pipeline::139.267*3.93] mapped 332576 sequences
[M::worker_pipeline::139.920*3.93] mapped 332408 sequences
[M::worker_pipeline::140.587*3.93] mapped 332436 sequences
[M::worker_pipeline::141.158*3.93] mapped 332448 sequences
[M::worker_pipeline::146.430*3.84] mapped 332456 sequences
[M::worker_pipeline::146.648*3.83] mapped 332860 sequences
[M::worker_pipeline::146.807*3.83] mapped 332520 sequences
[M::worker_pipeline::147.374*3.84] mapped 332458 sequences
[M::worker_pipeline::147.992*3.84] mapped 332406 sequences
[M::worker_pipeline::148.615*3.84] mapped 332460 sequences
[M::worker_pipeline::149.210*3.84] mapped 332470 sequences
[M::worker_pipeline::149.862*3.84] mapped 332424 sequences
[M::worker_pipeline::150.483*3.84] mapped 332450 sequences
[M::worker_pipeline::151.166*3.84] mapped 332366 sequences
[M::worker_pipeline::151.728*3.84] mapped 332362 sequences
[M::worker_pipeline::152.458*3.84] mapped 332424 sequences
[M::worker_pipeline::153.134*3.84] mapped 332398 sequences
[M::worker_pipeline::153.884*3.83] mapped 332454 sequences
[M::worker_pipeline::154.560*3.83] mapped 332490 sequences
[M::worker_pipeline::155.267*3.83] mapped 332442 sequences
[M::worker_pipeline::155.876*3.83] mapped 332478 sequences
[M::worker_pipeline::156.587*3.83] mapped 332428 sequences
[M::worker_pipeline::157.249*3.83] mapped 332374 sequences
[M::worker_pipeline::157.784*3.83] mapped 332426 sequences
[M::worker_pipeline::158.415*3.83] mapped 332412 sequences
[M::worker_pipeline::159.063*3.83] mapped 332372 sequences
[M::worker_pipeline::159.663*3.84] mapped 332408 sequences
[M::worker_pipeline::160.432*3.83] mapped 332436 sequences
[M::worker_pipeline::160.999*3.83] mapped 332490 sequences
[M::worker_pipeline::161.677*3.83] mapped 332588 sequences
[M::worker_pipeline::162.388*3.83] mapped 332586 sequences
[M::worker_pipeline::163.067*3.83] mapped 332606 sequences
[M::worker_pipeline::163.720*3.83] mapped 332588 sequences
[M::worker_pipeline::164.432*3.83] mapped 332678 sequences
[M::worker_pipeline::165.135*3.83] mapped 332602 sequences
[M::worker_pipeline::165.820*3.83] mapped 332658 sequences
[M::worker_pipeline::166.484*3.83] mapped 332826 sequences
[M::worker_pipeline::167.144*3.83] mapped 332692 sequences
[M::worker_pipeline::167.770*3.83] mapped 332768 sequences
[M::worker_pipeline::168.430*3.83] mapped 332708 sequences
[M::worker_pipeline::169.050*3.83] mapped 332744 sequences
[M::worker_pipeline::169.684*3.83] mapped 332728 sequences
[M::worker_pipeline::170.343*3.83] mapped 332860 sequences
[M::worker_pipeline::171.090*3.83] mapped 332998 sequences
[M::worker_pipeline::171.634*3.83] mapped 332914 sequences
[M::worker_pipeline::172.324*3.83] mapped 332946 sequences
[M::worker_pipeline::173.030*3.83] mapped 332938 sequences
[M::worker_pipeline::173.602*3.83] mapped 332834 sequences
[M::worker_pipeline::174.271*3.83] mapped 332890 sequences
[M::worker_pipeline::174.848*3.84] mapped 332818 sequences
[M::worker_pipeline::175.589*3.83] mapped 332682 sequences
[M::worker_pipeline::176.410*3.83] mapped 332688 sequences
[M::worker_pipeline::177.232*3.83] mapped 332738 sequences
[M::worker_pipeline::177.914*3.83] mapped 332684 sequences
[M::worker_pipeline::178.588*3.83] mapped 332630 sequences
[M::worker_pipeline::179.183*3.83] mapped 332636 sequences
[M::worker_pipeline::179.866*3.83] mapped 332672 sequences
[M::worker_pipeline::180.560*3.83] mapped 332688 sequences
[M::worker_pipeline::181.201*3.83] mapped 332670 sequences
[M::worker_pipeline::181.801*3.83] mapped 332622 sequences
[M::worker_pipeline::182.411*3.83] mapped 332580 sequences
[M::worker_pipeline::183.019*3.83] mapped 332564 sequences
[M::worker_pipeline::183.618*3.83] mapped 332672 sequences
[M::worker_pipeline::184.287*3.83] mapped 332650 sequences
[M::worker_pipeline::184.921*3.83] mapped 332594 sequences
[M::worker_pipeline::185.556*3.83] mapped 332676 sequences
[M::worker_pipeline::186.255*3.83] mapped 332724 sequences
[M::worker_pipeline::186.971*3.83] mapped 332760 sequences
[M::worker_pipeline::187.633*3.83] mapped 332780 sequences
[M::worker_pipeline::188.268*3.83] mapped 332818 sequences
[M::worker_pipeline::188.864*3.83] mapped 332714 sequences
[M::worker_pipeline::189.465*3.83] mapped 332764 sequences
[M::worker_pipeline::190.132*3.83] mapped 332814 sequences
[M::worker_pipeline::190.774*3.83] mapped 332744 sequences
[M::worker_pipeline::191.449*3.83] mapped 332778 sequences
[M::worker_pipeline::192.109*3.83] mapped 332686 sequences
[M::worker_pipeline::192.801*3.83] mapped 332680 sequences
[M::worker_pipeline::193.475*3.83] mapped 332654 sequences
[M::worker_pipeline::194.154*3.83] mapped 332686 sequences
[M::worker_pipeline::194.812*3.83] mapped 332602 sequences
[M::worker_pipeline::195.385*3.83] mapped 332494 sequences
[M::worker_pipeline::195.978*3.83] mapped 332568 sequences
[M::worker_pipeline::196.681*3.83] mapped 332588 sequences
[M::worker_pipeline::197.318*3.83] mapped 332704 sequences
[M::worker_pipeline::198.145*3.83] mapped 332686 sequences
[M::worker_pipeline::198.666*3.83] mapped 332646 sequences
[M::worker_pipeline::199.374*3.83] mapped 332654 sequences
[M::worker_pipeline::199.943*3.83] mapped 332642 sequences
[M::worker_pipeline::200.602*3.83] mapped 332596 sequences
[M::worker_pipeline::201.180*3.83] mapped 332692 sequences
[M::worker_pipeline::201.801*3.83] mapped 332652 sequences
[M::worker_pipeline::202.510*3.83] mapped 332640 sequences
[M::worker_pipeline::203.158*3.83] mapped 332612 sequences
[M::worker_pipeline::203.720*3.83] mapped 332628 sequences
[M::worker_pipeline::204.419*3.83] mapped 332610 sequences
[M::worker_pipeline::204.988*3.83] mapped 332612 sequences
[M::worker_pipeline::205.631*3.83] mapped 332582 sequences
[M::worker_pipeline::206.344*3.83] mapped 332506 sequences
[M::worker_pipeline::206.976*3.83] mapped 332548 sequences
[M::worker_pipeline::207.574*3.83] mapped 332464 sequences
[M::worker_pipeline::208.283*3.83] mapped 332472 sequences
[M::worker_pipeline::209.048*3.83] mapped 332544 sequences
[M::worker_pipeline::209.664*3.83] mapped 332460 sequences
[M::worker_pipeline::210.259*3.83] mapped 332490 sequences
[M::worker_pipeline::210.912*3.83] mapped 332524 sequences
[M::worker_pipeline::211.539*3.83] mapped 332368 sequences
[M::worker_pipeline::212.194*3.83] mapped 332438 sequences
[M::worker_pipeline::212.778*3.83] mapped 332484 sequences
[M::worker_pipeline::213.481*3.83] mapped 332556 sequences
[M::worker_pipeline::214.071*3.83] mapped 332508 sequences
[M::worker_pipeline::219.261*3.77] mapped 332556 sequences
[M::worker_pipeline::219.499*3.77] mapped 332572 sequences
[M::worker_pipeline::219.676*3.77] mapped 332478 sequences
[M::worker_pipeline::220.190*3.77] mapped 332560 sequences
[M::worker_pipeline::220.900*3.77] mapped 332540 sequences
[M::worker_pipeline::221.495*3.77] mapped 332594 sequences
[M::worker_pipeline::222.117*3.77] mapped 332492 sequences
[M::worker_pipeline::222.727*3.77] mapped 332596 sequences
[M::worker_pipeline::223.375*3.77] mapped 332544 sequences
[M::worker_pipeline::223.997*3.77] mapped 332600 sequences
[M::worker_pipeline::224.755*3.77] mapped 332580 sequences
[M::worker_pipeline::225.504*3.77] mapped 332574 sequences
[M::worker_pipeline::226.084*3.77] mapped 332586 sequences
[M::worker_pipeline::226.694*3.77] mapped 332780 sequences
[M::worker_pipeline::227.337*3.77] mapped 332702 sequences
[M::worker_pipeline::227.976*3.77] mapped 332702 sequences
[M::worker_pipeline::228.681*3.77] mapped 332670 sequences
[M::worker_pipeline::229.367*3.77] mapped 332722 sequences
[M::worker_pipeline::230.029*3.77] mapped 332608 sequences
[M::worker_pipeline::230.621*3.77] mapped 332624 sequences
[M::worker_pipeline::231.386*3.77] mapped 332678 sequences
[M::worker_pipeline::231.908*3.77] mapped 332572 sequences
[M::worker_pipeline::232.525*3.77] mapped 332484 sequences
[M::worker_pipeline::233.164*3.77] mapped 332578 sequences
[M::worker_pipeline::233.824*3.77] mapped 332478 sequences
[M::worker_pipeline::234.393*3.77] mapped 332488 sequences
[M::worker_pipeline::235.090*3.77] mapped 332462 sequences
[M::worker_pipeline::235.656*3.77] mapped 332500 sequences
[M::worker_pipeline::236.278*3.77] mapped 332454 sequences
[M::worker_pipeline::236.897*3.77] mapped 332424 sequences
[M::worker_pipeline::237.470*3.77] mapped 332464 sequences
[M::worker_pipeline::238.122*3.77] mapped 332466 sequences
[M::worker_pipeline::238.747*3.78] mapped 332426 sequences
[M::worker_pipeline::239.370*3.78] mapped 332492 sequences
[M::worker_pipeline::240.067*3.77] mapped 332464 sequences
[M::worker_pipeline::240.801*3.77] mapped 332528 sequences
[M::worker_pipeline::241.379*3.77] mapped 332602 sequences
[M::worker_pipeline::242.057*3.77] mapped 332700 sequences
[M::worker_pipeline::242.755*3.77] mapped 332638 sequences
[M::worker_pipeline::243.295*3.77] mapped 332628 sequences
[M::worker_pipeline::243.976*3.77] mapped 332592 sequences
[M::worker_pipeline::244.612*3.77] mapped 332530 sequences
[M::worker_pipeline::245.217*3.78] mapped 332590 sequences
[M::worker_pipeline::245.892*3.78] mapped 332542 sequences
[M::worker_pipeline::246.615*3.77] mapped 332522 sequences
[M::worker_pipeline::247.204*3.78] mapped 332570 sequences
[M::worker_pipeline::247.836*3.78] mapped 332588 sequences
[M::worker_pipeline::248.536*3.78] mapped 332608 sequences
[M::worker_pipeline::249.160*3.78] mapped 332508 sequences
[M::worker_pipeline::249.843*3.78] mapped 332674 sequences
[M::worker_pipeline::250.562*3.77] mapped 332548 sequences
[M::worker_pipeline::251.156*3.78] mapped 332458 sequences
[M::worker_pipeline::251.842*3.77] mapped 332458 sequences
[M::worker_pipeline::252.542*3.77] mapped 332538 sequences
[M::worker_pipeline::253.245*3.77] mapped 332414 sequences
[M::worker_pipeline::253.801*3.77] mapped 332670 sequences
[M::worker_pipeline::254.427*3.78] mapped 332588 sequences
[M::worker_pipeline::255.012*3.78] mapped 332414 sequences
[M::worker_pipeline::255.639*3.78] mapped 332468 sequences
[M::worker_pipeline::256.227*3.78] mapped 332492 sequences
[M::worker_pipeline::256.909*3.78] mapped 332540 sequences
[M::worker_pipeline::257.526*3.78] mapped 332434 sequences
[M::worker_pipeline::258.172*3.78] mapped 332420 sequences
[M::worker_pipeline::258.851*3.78] mapped 332472 sequences
[M::worker_pipeline::259.490*3.78] mapped 332558 sequences
[M::worker_pipeline::260.109*3.78] mapped 332516 sequences
[M::worker_pipeline::260.707*3.78] mapped 332566 sequences
[M::worker_pipeline::261.375*3.78] mapped 332554 sequences
[M::worker_pipeline::262.032*3.78] mapped 332516 sequences
[M::worker_pipeline::262.683*3.78] mapped 332406 sequences
[M::worker_pipeline::263.346*3.78] mapped 332402 sequences
[M::worker_pipeline::263.956*3.78] mapped 332398 sequences
[M::worker_pipeline::264.603*3.78] mapped 332418 sequences
[M::worker_pipeline::265.199*3.78] mapped 332442 sequences
[M::worker_pipeline::265.879*3.78] mapped 332354 sequences
[M::worker_pipeline::266.628*3.78] mapped 332384 sequences
[M::worker_pipeline::267.222*3.78] mapped 332304 sequences
[M::worker_pipeline::267.804*3.78] mapped 332410 sequences
[M::worker_pipeline::268.525*3.78] mapped 332700 sequences
[M::worker_pipeline::269.092*3.78] mapped 332432 sequences
[M::worker_pipeline::269.738*3.78] mapped 332444 sequences
[M::worker_pipeline::270.377*3.78] mapped 332456 sequences
[M::worker_pipeline::271.008*3.78] mapped 332366 sequences
[M::worker_pipeline::271.647*3.78] mapped 332378 sequences
[M::worker_pipeline::272.364*3.78] mapped 332362 sequences
[M::worker_pipeline::272.967*3.78] mapped 332428 sequences
[M::worker_pipeline::273.681*3.78] mapped 332524 sequences
[M::worker_pipeline::274.332*3.78] mapped 332460 sequences
[M::worker_pipeline::274.990*3.78] mapped 332386 sequences
[M::worker_pipeline::275.660*3.78] mapped 332524 sequences
[M::worker_pipeline::276.389*3.78] mapped 332456 sequences
[M::worker_pipeline::276.931*3.78] mapped 332452 sequences
[M::worker_pipeline::277.584*3.78] mapped 332466 sequences
[M::worker_pipeline::278.291*3.78] mapped 332498 sequences
[M::worker_pipeline::278.993*3.78] mapped 332578 sequences
[M::worker_pipeline::279.579*3.78] mapped 332648 sequences
[M::worker_pipeline::280.177*3.78] mapped 332762 sequences
[M::worker_pipeline::280.863*3.78] mapped 332620 sequences
[M::worker_pipeline::281.472*3.78] mapped 332514 sequences
[M::worker_pipeline::282.055*3.78] mapped 332462 sequences
[M::worker_pipeline::282.794*3.78] mapped 332506 sequences
[M::worker_pipeline::283.447*3.78] mapped 332452 sequences
[M::worker_pipeline::283.947*3.79] mapped 332500 sequences
[M::worker_pipeline::284.648*3.79] mapped 332400 sequences
[M::worker_pipeline::285.204*3.79] mapped 332386 sequences
[M::worker_pipeline::290.606*3.74] mapped 332354 sequences
[M::worker_pipeline::290.785*3.74] mapped 332388 sequences
[M::worker_pipeline::290.946*3.74] mapped 332312 sequences
[M::worker_pipeline::291.524*3.74] mapped 332340 sequences
[M::worker_pipeline::292.268*3.74] mapped 332334 sequences
[M::worker_pipeline::292.886*3.74] mapped 332358 sequences
[M::worker_pipeline::293.489*3.74] mapped 332372 sequences
[M::worker_pipeline::294.160*3.74] mapped 332290 sequences
[M::worker_pipeline::294.811*3.74] mapped 332300 sequences
[M::worker_pipeline::295.474*3.74] mapped 332306 sequences
[M::worker_pipeline::296.156*3.74] mapped 332352 sequences
[M::worker_pipeline::296.852*3.74] mapped 332398 sequences
[M::worker_pipeline::297.514*3.74] mapped 332380 sequences
[M::worker_pipeline::298.179*3.74] mapped 332350 sequences
[M::worker_pipeline::298.752*3.74] mapped 332396 sequences
[M::worker_pipeline::299.382*3.74] mapped 332286 sequences
[M::worker_pipeline::300.004*3.74] mapped 332396 sequences
[M::worker_pipeline::300.754*3.74] mapped 332400 sequences
[M::worker_pipeline::301.375*3.74] mapped 332306 sequences
[M::worker_pipeline::302.027*3.74] mapped 332360 sequences
[M::worker_pipeline::302.682*3.74] mapped 332336 sequences
[M::worker_pipeline::303.380*3.74] mapped 332324 sequences
[M::worker_pipeline::303.951*3.74] mapped 332346 sequences
[M::worker_pipeline::304.613*3.74] mapped 332312 sequences
[M::worker_pipeline::305.330*3.74] mapped 332348 sequences
[M::worker_pipeline::305.919*3.74] mapped 332324 sequences
[M::worker_pipeline::306.502*3.74] mapped 332318 sequences
[M::worker_pipeline::307.156*3.74] mapped 332304 sequences
[M::worker_pipeline::307.745*3.74] mapped 332290 sequences
[M::worker_pipeline::308.426*3.74] mapped 332428 sequences
[M::worker_pipeline::309.107*3.74] mapped 332380 sequences
[M::worker_pipeline::309.831*3.74] mapped 332430 sequences
[M::worker_pipeline::310.478*3.74] mapped 332440 sequences
[M::worker_pipeline::311.179*3.74] mapped 332342 sequences
[M::worker_pipeline::311.839*3.74] mapped 332340 sequences
[M::worker_pipeline::312.509*3.74] mapped 332366 sequences
[M::worker_pipeline::313.085*3.74] mapped 332620 sequences
[M::worker_pipeline::313.780*3.74] mapped 332288 sequences
[M::worker_pipeline::314.448*3.74] mapped 332386 sequences
[M::worker_pipeline::315.096*3.74] mapped 332310 sequences
[M::worker_pipeline::315.737*3.74] mapped 332302 sequences
[M::worker_pipeline::316.345*3.74] mapped 332386 sequences
[M::worker_pipeline::317.054*3.74] mapped 332322 sequences
[M::worker_pipeline::317.771*3.74] mapped 332334 sequences
[M::worker_pipeline::318.316*3.74] mapped 332320 sequences
[M::worker_pipeline::319.175*3.74] mapped 332348 sequences
[M::worker_pipeline::320.029*3.74] mapped 332376 sequences
[M::worker_pipeline::320.987*3.73] mapped 332282 sequences
[M::worker_pipeline::321.609*3.73] mapped 332366 sequences
[M::worker_pipeline::322.277*3.73] mapped 332300 sequences
[M::worker_pipeline::322.995*3.73] mapped 332334 sequences
[M::worker_pipeline::323.598*3.73] mapped 332334 sequences
[M::worker_pipeline::324.232*3.73] mapped 332310 sequences
[M::worker_pipeline::324.926*3.73] mapped 332396 sequences
[M::worker_pipeline::325.576*3.73] mapped 332544 sequences
[M::worker_pipeline::326.211*3.73] mapped 332334 sequences
[M::worker_pipeline::326.917*3.73] mapped 332240 sequences
[M::worker_pipeline::327.474*3.73] mapped 332350 sequences
[M::worker_pipeline::328.158*3.74] mapped 332330 sequences
[M::worker_pipeline::328.743*3.74] mapped 332404 sequences
[M::worker_pipeline::329.378*3.74] mapped 332442 sequences
[M::worker_pipeline::330.132*3.74] mapped 332564 sequences
[M::worker_pipeline::330.663*3.74] mapped 332490 sequences
[M::worker_pipeline::331.305*3.74] mapped 332486 sequences
[M::worker_pipeline::332.006*3.74] mapped 332522 sequences
[M::worker_pipeline::332.662*3.74] mapped 332534 sequences
[M::worker_pipeline::333.216*3.74] mapped 332672 sequences
[M::worker_pipeline::333.970*3.74] mapped 332542 sequences
[M::worker_pipeline::334.518*3.74] mapped 332526 sequences
[M::worker_pipeline::335.208*3.74] mapped 332574 sequences
[M::worker_pipeline::335.837*3.74] mapped 332684 sequences
[M::worker_pipeline::336.477*3.74] mapped 332584 sequences
[M::worker_pipeline::337.150*3.74] mapped 332768 sequences
[M::worker_pipeline::337.829*3.74] mapped 332682 sequences
[M::worker_pipeline::338.387*3.74] mapped 332574 sequences
[M::worker_pipeline::339.070*3.74] mapped 332554 sequences
[M::worker_pipeline::339.603*3.74] mapped 332672 sequences
[M::worker_pipeline::340.277*3.74] mapped 332530 sequences
[M::worker_pipeline::340.937*3.74] mapped 332424 sequences
[M::worker_pipeline::341.510*3.74] mapped 332528 sequences
[M::worker_pipeline::342.264*3.74] mapped 332512 sequences
[M::worker_pipeline::342.848*3.74] mapped 332412 sequences
[M::worker_pipeline::343.495*3.74] mapped 332402 sequences
[M::worker_pipeline::344.107*3.74] mapped 332452 sequences
[M::worker_pipeline::344.841*3.74] mapped 332394 sequences
[M::worker_pipeline::345.535*3.74] mapped 332378 sequences
[M::worker_pipeline::346.222*3.74] mapped 332366 sequences
[M::worker_pipeline::346.830*3.74] mapped 332384 sequences
[M::worker_pipeline::347.526*3.74] mapped 332320 sequences
[M::worker_pipeline::348.183*3.74] mapped 332422 sequences
[M::worker_pipeline::348.840*3.74] mapped 332384 sequences
[M::worker_pipeline::349.448*3.74] mapped 332338 sequences
[M::worker_pipeline::350.058*3.74] mapped 332388 sequences
[M::worker_pipeline::350.754*3.74] mapped 332382 sequences
[M::worker_pipeline::351.355*3.74] mapped 332404 sequences
[M::worker_pipeline::352.146*3.74] mapped 332468 sequences
[M::worker_pipeline::352.662*3.74] mapped 332434 sequences
[M::worker_pipeline::353.295*3.74] mapped 332426 sequences
[M::worker_pipeline::353.956*3.74] mapped 332468 sequences
[M::worker_pipeline::354.603*3.74] mapped 332504 sequences
[M::worker_pipeline::355.305*3.74] mapped 332538 sequences
[M::worker_pipeline::355.996*3.74] mapped 332462 sequences
[M::worker_pipeline::356.573*3.74] mapped 332408 sequences
[M::worker_pipeline::357.235*3.74] mapped 332432 sequences
[M::worker_pipeline::357.959*3.74] mapped 332394 sequences
[M::worker_pipeline::358.620*3.74] mapped 332390 sequences
[M::worker_pipeline::363.956*3.70] mapped 332310 sequences
[M::worker_pipeline::364.117*3.70] mapped 332430 sequences
[M::worker_pipeline::364.297*3.70] mapped 332408 sequences
[M::worker_pipeline::364.914*3.70] mapped 332408 sequences
[M::worker_pipeline::365.533*3.70] mapped 332370 sequences
[M::worker_pipeline::366.214*3.70] mapped 332296 sequences
[M::worker_pipeline::366.766*3.70] mapped 332448 sequences
[M::worker_pipeline::367.459*3.70] mapped 332462 sequences
[M::worker_pipeline::368.099*3.70] mapped 332326 sequences
[M::worker_pipeline::368.775*3.70] mapped 332386 sequences
[M::worker_pipeline::369.444*3.70] mapped 332362 sequences
[M::worker_pipeline::370.249*3.70] mapped 332354 sequences
[M::worker_pipeline::371.131*3.70] mapped 332450 sequences
[M::worker_pipeline::371.999*3.70] mapped 332992 sequences
[M::worker_pipeline::372.923*3.69] mapped 332382 sequences
[M::worker_pipeline::373.786*3.69] mapped 332376 sequences
[M::worker_pipeline::374.533*3.69] mapped 332430 sequences
[M::worker_pipeline::375.172*3.69] mapped 332530 sequences
[M::worker_pipeline::375.798*3.69] mapped 332286 sequences
[M::worker_pipeline::376.405*3.69] mapped 332264 sequences
[M::worker_pipeline::376.955*3.69] mapped 332324 sequences
[M::worker_pipeline::377.588*3.69] mapped 332322 sequences
[M::worker_pipeline::378.290*3.69] mapped 332216 sequences
[M::worker_pipeline::378.866*3.69] mapped 332232 sequences
[M::worker_pipeline::379.553*3.69] mapped 332266 sequences
[M::worker_pipeline::380.090*3.69] mapped 332236 sequences
[M::worker_pipeline::380.779*3.69] mapped 332230 sequences
[M::worker_pipeline::381.361*3.70] mapped 332294 sequences
[M::worker_pipeline::382.051*3.69] mapped 332436 sequences
[M::worker_pipeline::382.848*3.69] mapped 332466 sequences
[M::worker_pipeline::383.553*3.69] mapped 332228 sequences
[M::worker_pipeline::384.127*3.70] mapped 332188 sequences
[M::worker_pipeline::384.731*3.70] mapped 332230 sequences
[M::worker_pipeline::385.426*3.70] mapped 332240 sequences
[M::worker_pipeline::386.018*3.70] mapped 332194 sequences
[M::worker_pipeline::386.808*3.70] mapped 332224 sequences
[M::worker_pipeline::387.305*3.70] mapped 332306 sequences
[M::worker_pipeline::387.960*3.70] mapped 332312 sequences
[M::worker_pipeline::388.573*3.70] mapped 332298 sequences
[M::worker_pipeline::389.141*3.70] mapped 332354 sequences
[M::worker_pipeline::389.833*3.70] mapped 332308 sequences
[M::worker_pipeline::390.489*3.70] mapped 332392 sequences
[M::worker_pipeline::391.330*3.70] mapped 332222 sequences
[M::worker_pipeline::392.115*3.70] mapped 332360 sequences
[M::worker_pipeline::392.869*3.70] mapped 332332 sequences
[M::worker_pipeline::393.511*3.70] mapped 332306 sequences
[M::worker_pipeline::394.179*3.70] mapped 332304 sequences
[M::worker_pipeline::394.807*3.70] mapped 332362 sequences
[M::worker_pipeline::395.470*3.70] mapped 332394 sequences
[M::worker_pipeline::396.156*3.70] mapped 332616 sequences
[M::worker_pipeline::396.791*3.70] mapped 332622 sequences
[M::worker_pipeline::397.441*3.70] mapped 332878 sequences
[M::worker_pipeline::398.129*3.70] mapped 332908 sequences
[M::worker_pipeline::398.791*3.70] mapped 332832 sequences
[M::worker_pipeline::399.357*3.70] mapped 332774 sequences
[M::worker_pipeline::400.034*3.70] mapped 332692 sequences
[M::worker_pipeline::400.651*3.70] mapped 332692 sequences
[M::worker_pipeline::401.257*3.70] mapped 332616 sequences
[M::worker_pipeline::401.895*3.70] mapped 332682 sequences
[M::worker_pipeline::402.512*3.70] mapped 332730 sequences
[M::worker_pipeline::403.168*3.70] mapped 332730 sequences
[M::worker_pipeline::403.850*3.70] mapped 332686 sequences
[M::worker_pipeline::404.402*3.70] mapped 332644 sequences
[M::worker_pipeline::405.019*3.70] mapped 332622 sequences
[M::worker_pipeline::405.784*3.70] mapped 332674 sequences
[M::worker_pipeline::406.247*3.71] mapped 332576 sequences
[M::worker_pipeline::406.942*3.71] mapped 332680 sequences
[M::worker_pipeline::407.546*3.71] mapped 332586 sequences
[M::worker_pipeline::408.178*3.71] mapped 332596 sequences
[M::worker_pipeline::408.921*3.71] mapped 332598 sequences
[M::worker_pipeline::409.539*3.71] mapped 332614 sequences
[M::worker_pipeline::410.202*3.71] mapped 332588 sequences
[M::worker_pipeline::410.867*3.71] mapped 332684 sequences
[M::worker_pipeline::411.570*3.71] mapped 332710 sequences
[M::worker_pipeline::412.228*3.71] mapped 332652 sequences
[M::worker_pipeline::412.912*3.71] mapped 332650 sequences
[M::worker_pipeline::413.549*3.71] mapped 332636 sequences
[M::worker_pipeline::414.227*3.71] mapped 332600 sequences
[M::worker_pipeline::414.961*3.71] mapped 332594 sequences
[M::worker_pipeline::415.698*3.71] mapped 332480 sequences
[M::worker_pipeline::416.303*3.71] mapped 332652 sequences
[M::worker_pipeline::416.924*3.71] mapped 332550 sequences
[M::worker_pipeline::417.548*3.71] mapped 332504 sequences
[M::worker_pipeline::418.198*3.71] mapped 332574 sequences
[M::worker_pipeline::418.819*3.71] mapped 332522 sequences
[M::worker_pipeline::419.493*3.71] mapped 332558 sequences
[M::worker_pipeline::420.153*3.71] mapped 332642 sequences
[M::worker_pipeline::420.839*3.71] mapped 332592 sequences
[M::worker_pipeline::421.509*3.71] mapped 332664 sequences
[M::worker_pipeline::422.126*3.71] mapped 332564 sequences
[M::worker_pipeline::422.797*3.71] mapped 332546 sequences
[M::worker_pipeline::423.439*3.71] mapped 332506 sequences
[M::worker_pipeline::424.144*3.71] mapped 332572 sequences
[M::worker_pipeline::424.842*3.71] mapped 332616 sequences
[M::worker_pipeline::425.447*3.71] mapped 332594 sequences
[M::worker_pipeline::426.223*3.71] mapped 332722 sequences
[M::worker_pipeline::426.790*3.71] mapped 332544 sequences
[M::worker_pipeline::427.396*3.71] mapped 332632 sequences
[M::worker_pipeline::428.110*3.71] mapped 332574 sequences
[M::worker_pipeline::428.739*3.71] mapped 332610 sequences
[M::worker_pipeline::429.314*3.71] mapped 332636 sequences
[M::worker_pipeline::429.988*3.71] mapped 332656 sequences
[M::worker_pipeline::430.669*3.71] mapped 332648 sequences
[M::worker_pipeline::431.404*3.71] mapped 332586 sequences
[M::worker_pipeline::432.000*3.71] mapped 332492 sequences
[M::worker_pipeline::437.436*3.68] mapped 332582 sequences
[M::worker_pipeline::437.621*3.68] mapped 332510 sequences
[M::worker_pipeline::437.809*3.68] mapped 332488 sequences
[M::worker_pipeline::438.355*3.68] mapped 332504 sequences
[M::worker_pipeline::439.042*3.68] mapped 332440 sequences
[M::worker_pipeline::439.648*3.68] mapped 332568 sequences
[M::worker_pipeline::440.255*3.68] mapped 332520 sequences
[M::worker_pipeline::440.887*3.68] mapped 332466 sequences
[M::worker_pipeline::441.490*3.68] mapped 332462 sequences
[M::worker_pipeline::442.390*3.68] mapped 332512 sequences
[M::worker_pipeline::443.190*3.68] mapped 332506 sequences
[M::worker_pipeline::443.801*3.68] mapped 332450 sequences
[M::worker_pipeline::444.475*3.68] mapped 332564 sequences
[M::worker_pipeline::445.083*3.68] mapped 332686 sequences
[M::worker_pipeline::445.717*3.68] mapped 332734 sequences
[M::worker_pipeline::446.393*3.68] mapped 332734 sequences
[M::worker_pipeline::447.099*3.68] mapped 332704 sequences
[M::worker_pipeline::447.623*3.68] mapped 332620 sequences
[M::worker_pipeline::448.312*3.68] mapped 332744 sequences
[M::worker_pipeline::448.874*3.68] mapped 332750 sequences
[M::worker_pipeline::449.455*3.68] mapped 332688 sequences
[M::worker_pipeline::450.198*3.68] mapped 332764 sequences
[M::worker_pipeline::450.727*3.68] mapped 332874 sequences
[M::worker_pipeline::451.425*3.68] mapped 332868 sequences
[M::worker_pipeline::452.092*3.68] mapped 332782 sequences
[M::worker_pipeline::452.687*3.69] mapped 332718 sequences
[M::worker_pipeline::453.383*3.69] mapped 333018 sequences
[M::worker_pipeline::453.446*3.69] mapped 107294 sequences
[M::main] Version: 2.22-r1101
[M::main] CMD: minimap2 --secondary=no -t 16 -R @RG\tID:snippy\tSM:snippy -ax sr /work/FAC/FBM/DMF/smitri/evomicrocomm/genome_size/data/ct/reference.fasta /work/FAC/FBM/DMF/smitri/evomicrocomm/genome_size/data/T11.3.4/read1.fq.gz /work/FAC/FBM/DMF/smitri/evomicrocomm/genome_size/data/T11.3.4/read2.fq.gz
[M::main] Real time: 453.466 sec; CPU: 1671.280 sec; Peak RSS: 0.502 GB
[bam_sort_core] merging from 96 files and 16 in-memory blocks...
[Sun Oct 17 22:52:24 2021]
Finished job 0.
1 of 1 steps (100%) done
