Building DAG of jobs...
Using shell: /usr/bin/bash
Provided cores: 16
Rules claiming more threads will be scaled down.
Select jobs to execute...

[Sun Oct 17 22:39:51 2021]
rule mapping:
    input: /work/FAC/FBM/DMF/smitri/evomicrocomm/genome_size/data/ct/reference.fasta, /work/FAC/FBM/DMF/smitri/evomicrocomm/genome_size/data/T11.4.3/read1.fq.gz, /work/FAC/FBM/DMF/smitri/evomicrocomm/genome_size/data/T11.4.3/read2.fq.gz
    output: /work/FAC/FBM/DMF/smitri/evomicrocomm/genome_size/data/T11.4.3/ct/mapped_reads.sorted.bam
    jobid: 0
    wildcards: sample=T11.4.3, strain=ct
    threads: 16
    resources: mem_mb=30098, disk_mb=30098, tmpdir=/tmp/2846100

[M::mm_idx_gen::0.138*0.98] collected minimizers
[M::mm_idx_gen::0.154*2.27] sorted minimizers
[M::main::0.154*2.27] loaded/built the index for 2 target sequence(s)
[M::mm_mapopt_update::0.154*2.27] mid_occ = 1000
[M::mm_idx_stat] kmer size: 21; skip: 11; is_hpc: 0; #seq: 2
[M::mm_idx_stat::0.168*2.16] distinct minimizers: 993850 (99.11% are singletons); average occurrences: 1.021; average spacing: 5.998; total length: 6084391
[M::worker_pipeline::1.331*2.28] mapped 332952 sequences
[M::worker_pipeline::2.214*2.50] mapped 332912 sequences
[M::worker_pipeline::3.062*2.63] mapped 332840 sequences
[M::worker_pipeline::3.838*2.72] mapped 332718 sequences
[M::worker_pipeline::4.622*2.81] mapped 332714 sequences
[M::worker_pipeline::5.200*2.96] mapped 332654 sequences
[M::worker_pipeline::5.857*3.04] mapped 332664 sequences
[M::worker_pipeline::6.453*3.14] mapped 332626 sequences
[M::worker_pipeline::7.060*3.22] mapped 332612 sequences
[M::worker_pipeline::7.708*3.26] mapped 332600 sequences
[M::worker_pipeline::8.333*3.31] mapped 332558 sequences
[M::worker_pipeline::8.944*3.36] mapped 332506 sequences
[M::worker_pipeline::9.596*3.40] mapped 332490 sequences
[M::worker_pipeline::10.200*3.44] mapped 332508 sequences
[M::worker_pipeline::10.820*3.48] mapped 332524 sequences
[M::worker_pipeline::11.418*3.51] mapped 332570 sequences
[M::worker_pipeline::11.994*3.55] mapped 332498 sequences
[M::worker_pipeline::12.631*3.56] mapped 332516 sequences
[M::worker_pipeline::13.250*3.58] mapped 332488 sequences
[M::worker_pipeline::13.843*3.60] mapped 332462 sequences
[M::worker_pipeline::14.459*3.61] mapped 332472 sequences
[M::worker_pipeline::15.048*3.63] mapped 332532 sequences
[M::worker_pipeline::15.667*3.64] mapped 332548 sequences
[M::worker_pipeline::16.267*3.65] mapped 332768 sequences
[M::worker_pipeline::16.930*3.66] mapped 332726 sequences
[M::worker_pipeline::17.489*3.68] mapped 332718 sequences
[M::worker_pipeline::18.123*3.70] mapped 332832 sequences
[M::worker_pipeline::18.713*3.71] mapped 332804 sequences
[M::worker_pipeline::19.322*3.71] mapped 332780 sequences
[M::worker_pipeline::19.964*3.71] mapped 332814 sequences
[M::worker_pipeline::20.608*3.72] mapped 332708 sequences
[M::worker_pipeline::21.193*3.72] mapped 332632 sequences
[M::worker_pipeline::21.836*3.72] mapped 332584 sequences
[M::worker_pipeline::22.485*3.73] mapped 332566 sequences
[M::worker_pipeline::23.078*3.74] mapped 332526 sequences
[M::worker_pipeline::23.700*3.74] mapped 332558 sequences
[M::worker_pipeline::24.300*3.75] mapped 332438 sequences
[M::worker_pipeline::24.901*3.75] mapped 332526 sequences
[M::worker_pipeline::25.538*3.76] mapped 332568 sequences
[M::worker_pipeline::26.182*3.76] mapped 332612 sequences
[M::worker_pipeline::26.784*3.77] mapped 332504 sequences
[M::worker_pipeline::27.363*3.78] mapped 332738 sequences
[M::worker_pipeline::27.972*3.78] mapped 332930 sequences
[M::worker_pipeline::28.641*3.78] mapped 332722 sequences
[M::worker_pipeline::29.223*3.78] mapped 332590 sequences
[M::worker_pipeline::29.844*3.78] mapped 332566 sequences
[M::worker_pipeline::30.518*3.79] mapped 332526 sequences
[M::worker_pipeline::31.086*3.79] mapped 332516 sequences
[M::worker_pipeline::31.810*3.79] mapped 332444 sequences
[M::worker_pipeline::32.459*3.79] mapped 332458 sequences
[M::worker_pipeline::33.087*3.79] mapped 332528 sequences
[M::worker_pipeline::33.702*3.79] mapped 332480 sequences
[M::worker_pipeline::34.331*3.79] mapped 332510 sequences
[M::worker_pipeline::34.952*3.79] mapped 332498 sequences
[M::worker_pipeline::35.537*3.80] mapped 332490 sequences
[M::worker_pipeline::36.163*3.80] mapped 332546 sequences
[M::worker_pipeline::36.769*3.80] mapped 332570 sequences
[M::worker_pipeline::37.327*3.81] mapped 332550 sequences
[M::worker_pipeline::37.982*3.81] mapped 332552 sequences
[M::worker_pipeline::38.559*3.81] mapped 332532 sequences
[M::worker_pipeline::39.312*3.80] mapped 332528 sequences
[M::worker_pipeline::39.931*3.80] mapped 332710 sequences
[M::worker_pipeline::40.529*3.80] mapped 332620 sequences
[M::worker_pipeline::41.155*3.81] mapped 332612 sequences
[M::worker_pipeline::41.754*3.81] mapped 332648 sequences
[M::worker_pipeline::42.370*3.81] mapped 332682 sequences
[M::worker_pipeline::42.976*3.82] mapped 332708 sequences
[M::worker_pipeline::43.577*3.82] mapped 332638 sequences
[M::worker_pipeline::44.209*3.82] mapped 332594 sequences
[M::worker_pipeline::44.823*3.82] mapped 332558 sequences
[M::worker_pipeline::45.437*3.82] mapped 332560 sequences
[M::worker_pipeline::46.064*3.82] mapped 332530 sequences
[M::worker_pipeline::46.646*3.83] mapped 332630 sequences
[M::worker_pipeline::47.224*3.83] mapped 332756 sequences
[M::worker_pipeline::47.839*3.83] mapped 332642 sequences
[M::worker_pipeline::48.451*3.84] mapped 332716 sequences
[M::worker_pipeline::49.019*3.84] mapped 332796 sequences
[M::worker_pipeline::49.693*3.84] mapped 332832 sequences
[M::worker_pipeline::50.298*3.84] mapped 332820 sequences
[M::worker_pipeline::50.882*3.84] mapped 332858 sequences
[M::worker_pipeline::51.528*3.85] mapped 333094 sequences
[M::worker_pipeline::52.118*3.85] mapped 333108 sequences
[M::worker_pipeline::52.745*3.85] mapped 333002 sequences
[M::worker_pipeline::53.361*3.85] mapped 333152 sequences
[M::worker_pipeline::53.942*3.86] mapped 333032 sequences
[M::worker_pipeline::54.580*3.85] mapped 333056 sequences
[M::worker_pipeline::55.165*3.86] mapped 333216 sequences
[M::worker_pipeline::55.782*3.86] mapped 333152 sequences
[M::worker_pipeline::56.380*3.86] mapped 332674 sequences
[M::worker_pipeline::56.972*3.87] mapped 332568 sequences
[M::worker_pipeline::57.567*3.87] mapped 332494 sequences
[M::worker_pipeline::58.180*3.87] mapped 332472 sequences
[M::worker_pipeline::58.767*3.87] mapped 332446 sequences
[M::worker_pipeline::59.395*3.88] mapped 332356 sequences
[M::worker_pipeline::60.023*3.88] mapped 332324 sequences
[M::worker_pipeline::60.612*3.88] mapped 332280 sequences
[M::worker_pipeline::61.213*3.88] mapped 332308 sequences
[M::worker_pipeline::61.812*3.88] mapped 332250 sequences
[M::worker_pipeline::62.428*3.88] mapped 332276 sequences
[M::worker_pipeline::63.024*3.88] mapped 332272 sequences
[M::worker_pipeline::63.610*3.88] mapped 332304 sequences
[M::worker_pipeline::64.395*3.87] mapped 332220 sequences
[M::worker_pipeline::65.205*3.86] mapped 332206 sequences
[M::worker_pipeline::65.996*3.85] mapped 332252 sequences
[M::worker_pipeline::66.826*3.84] mapped 332238 sequences
[M::worker_pipeline::72.116*3.66] mapped 332248 sequences
[M::worker_pipeline::72.302*3.65] mapped 332242 sequences
[M::worker_pipeline::72.484*3.65] mapped 332172 sequences
[M::worker_pipeline::73.008*3.65] mapped 332266 sequences
[M::worker_pipeline::73.616*3.66] mapped 332236 sequences
[M::worker_pipeline::74.195*3.66] mapped 332216 sequences
[M::worker_pipeline::74.852*3.66] mapped 332292 sequences
[M::worker_pipeline::75.441*3.66] mapped 332352 sequences
[M::worker_pipeline::76.017*3.67] mapped 332410 sequences
[M::worker_pipeline::76.654*3.67] mapped 332488 sequences
[M::worker_pipeline::77.236*3.68] mapped 332522 sequences
[M::worker_pipeline::77.827*3.68] mapped 332586 sequences
[M::worker_pipeline::78.477*3.68] mapped 332602 sequences
[M::worker_pipeline::79.093*3.68] mapped 332486 sequences
[M::worker_pipeline::79.692*3.68] mapped 332388 sequences
[M::worker_pipeline::80.316*3.68] mapped 332398 sequences
[M::worker_pipeline::80.939*3.69] mapped 332372 sequences
[M::worker_pipeline::81.530*3.69] mapped 332338 sequences
[M::worker_pipeline::82.119*3.69] mapped 332272 sequences
[M::worker_pipeline::82.772*3.69] mapped 332312 sequences
[M::worker_pipeline::83.429*3.69] mapped 332296 sequences
[M::worker_pipeline::84.009*3.70] mapped 332386 sequences
[M::worker_pipeline::84.606*3.70] mapped 332262 sequences
[M::worker_pipeline::85.187*3.70] mapped 332392 sequences
[M::worker_pipeline::85.797*3.71] mapped 332324 sequences
[M::worker_pipeline::86.401*3.71] mapped 332652 sequences
[M::worker_pipeline::87.016*3.71] mapped 332678 sequences
[M::worker_pipeline::87.642*3.71] mapped 332498 sequences
[M::worker_pipeline::88.254*3.71] mapped 332274 sequences
[M::worker_pipeline::88.844*3.71] mapped 332328 sequences
[M::worker_pipeline::89.445*3.72] mapped 332240 sequences
[M::worker_pipeline::90.042*3.72] mapped 332318 sequences
[M::worker_pipeline::90.684*3.72] mapped 332272 sequences
[M::worker_pipeline::91.253*3.72] mapped 332228 sequences
[M::worker_pipeline::91.823*3.73] mapped 332244 sequences
[M::worker_pipeline::92.460*3.73] mapped 332202 sequences
[M::worker_pipeline::93.120*3.73] mapped 332270 sequences
[M::worker_pipeline::93.736*3.73] mapped 332318 sequences
[M::worker_pipeline::94.318*3.73] mapped 332336 sequences
[M::worker_pipeline::94.930*3.73] mapped 332262 sequences
[M::worker_pipeline::95.514*3.73] mapped 332252 sequences
[M::worker_pipeline::96.138*3.73] mapped 332314 sequences
[M::worker_pipeline::96.720*3.74] mapped 332292 sequences
[M::worker_pipeline::97.332*3.74] mapped 332246 sequences
[M::worker_pipeline::97.921*3.74] mapped 332166 sequences
[M::worker_pipeline::98.544*3.74] mapped 332196 sequences
[M::worker_pipeline::99.131*3.74] mapped 332252 sequences
[M::worker_pipeline::99.780*3.74] mapped 332228 sequences
[M::worker_pipeline::100.382*3.74] mapped 332212 sequences
[M::worker_pipeline::101.022*3.75] mapped 332238 sequences
[M::worker_pipeline::101.605*3.75] mapped 332228 sequences
[M::worker_pipeline::102.200*3.75] mapped 332176 sequences
[M::worker_pipeline::102.838*3.75] mapped 332212 sequences
[M::worker_pipeline::103.463*3.75] mapped 332156 sequences
[M::worker_pipeline::104.244*3.75] mapped 332152 sequences
[M::worker_pipeline::104.882*3.75] mapped 332164 sequences
[M::worker_pipeline::105.484*3.75] mapped 332230 sequences
[M::worker_pipeline::106.033*3.75] mapped 332262 sequences
[M::worker_pipeline::106.661*3.75] mapped 332234 sequences
[M::worker_pipeline::107.254*3.76] mapped 332268 sequences
[M::worker_pipeline::107.809*3.76] mapped 332246 sequences
[M::worker_pipeline::108.414*3.76] mapped 332284 sequences
[M::worker_pipeline::109.013*3.76] mapped 332312 sequences
[M::worker_pipeline::109.630*3.76] mapped 332312 sequences
[M::worker_pipeline::110.223*3.76] mapped 332282 sequences
[M::worker_pipeline::110.794*3.77] mapped 332260 sequences
[M::worker_pipeline::111.396*3.77] mapped 332258 sequences
[M::worker_pipeline::111.992*3.77] mapped 332280 sequences
[M::worker_pipeline::112.604*3.77] mapped 332248 sequences
[M::worker_pipeline::113.257*3.77] mapped 332258 sequences
[M::worker_pipeline::113.861*3.77] mapped 332278 sequences
[M::worker_pipeline::114.435*3.77] mapped 332372 sequences
[M::worker_pipeline::115.092*3.77] mapped 332372 sequences
[M::worker_pipeline::115.681*3.78] mapped 332548 sequences
[M::worker_pipeline::116.273*3.78] mapped 332570 sequences
[M::worker_pipeline::116.894*3.78] mapped 332534 sequences
[M::worker_pipeline::117.528*3.78] mapped 332426 sequences
[M::worker_pipeline::118.101*3.78] mapped 332372 sequences
[M::worker_pipeline::118.764*3.78] mapped 332342 sequences
[M::worker_pipeline::119.344*3.78] mapped 332360 sequences
[M::worker_pipeline::119.957*3.78] mapped 332350 sequences
[M::worker_pipeline::120.587*3.78] mapped 332300 sequences
[M::worker_pipeline::121.180*3.78] mapped 332322 sequences
[M::worker_pipeline::121.816*3.79] mapped 332320 sequences
[M::worker_pipeline::122.394*3.79] mapped 332318 sequences
[M::worker_pipeline::122.993*3.79] mapped 332270 sequences
[M::worker_pipeline::123.570*3.79] mapped 332242 sequences
[M::worker_pipeline::124.192*3.79] mapped 332264 sequences
[M::worker_pipeline::124.794*3.79] mapped 332298 sequences
[M::worker_pipeline::125.377*3.79] mapped 332230 sequences
[M::worker_pipeline::125.967*3.80] mapped 332198 sequences
[M::worker_pipeline::126.569*3.80] mapped 332206 sequences
[M::worker_pipeline::127.187*3.80] mapped 332176 sequences
[M::worker_pipeline::127.838*3.80] mapped 332244 sequences
[M::worker_pipeline::128.447*3.80] mapped 332202 sequences
[M::worker_pipeline::129.054*3.80] mapped 332186 sequences
[M::worker_pipeline::129.608*3.80] mapped 332248 sequences
[M::worker_pipeline::130.239*3.80] mapped 332312 sequences
[M::worker_pipeline::130.881*3.80] mapped 332322 sequences
[M::worker_pipeline::131.507*3.80] mapped 332356 sequences
[M::worker_pipeline::132.141*3.80] mapped 332390 sequences
[M::worker_pipeline::132.777*3.80] mapped 332312 sequences
[M::worker_pipeline::133.342*3.80] mapped 332308 sequences
[M::worker_pipeline::133.961*3.81] mapped 332332 sequences
[M::worker_pipeline::134.555*3.81] mapped 332220 sequences
[M::worker_pipeline::139.667*3.72] mapped 332224 sequences
[M::worker_pipeline::139.836*3.71] mapped 332232 sequences
[M::worker_pipeline::140.012*3.71] mapped 332162 sequences
[M::worker_pipeline::140.532*3.72] mapped 332168 sequences
[M::worker_pipeline::141.129*3.72] mapped 332234 sequences
[M::worker_pipeline::141.776*3.72] mapped 332182 sequences
[M::worker_pipeline::142.371*3.72] mapped 332216 sequences
[M::worker_pipeline::142.943*3.72] mapped 332216 sequences
[M::worker_pipeline::143.534*3.72] mapped 332304 sequences
[M::worker_pipeline::144.143*3.72] mapped 332286 sequences
[M::worker_pipeline::144.730*3.73] mapped 332468 sequences
[M::worker_pipeline::145.323*3.73] mapped 332352 sequences
[M::worker_pipeline::145.937*3.73] mapped 332316 sequences
[M::worker_pipeline::146.574*3.73] mapped 332226 sequences
[M::worker_pipeline::147.430*3.72] mapped 332252 sequences
[M::worker_pipeline::148.230*3.72] mapped 332244 sequences
[M::worker_pipeline::149.053*3.72] mapped 332266 sequences
[M::worker_pipeline::149.758*3.71] mapped 332388 sequences
[M::worker_pipeline::150.403*3.72] mapped 332442 sequences
[M::worker_pipeline::151.012*3.72] mapped 332272 sequences
[M::worker_pipeline::151.606*3.72] mapped 332224 sequences
[M::worker_pipeline::152.238*3.72] mapped 332218 sequences
[M::worker_pipeline::152.884*3.72] mapped 332194 sequences
[M::worker_pipeline::153.514*3.72] mapped 332246 sequences
[M::worker_pipeline::154.093*3.72] mapped 332236 sequences
[M::worker_pipeline::154.709*3.72] mapped 332262 sequences
[M::worker_pipeline::155.294*3.73] mapped 332212 sequences
[M::worker_pipeline::155.895*3.73] mapped 332224 sequences
[M::worker_pipeline::156.520*3.73] mapped 332198 sequences
[M::worker_pipeline::157.107*3.73] mapped 332210 sequences
[M::worker_pipeline::157.668*3.73] mapped 332230 sequences
[M::worker_pipeline::158.302*3.73] mapped 332264 sequences
[M::worker_pipeline::158.919*3.73] mapped 332240 sequences
[M::worker_pipeline::159.517*3.74] mapped 332252 sequences
[M::worker_pipeline::160.085*3.74] mapped 332238 sequences
[M::worker_pipeline::160.697*3.74] mapped 332256 sequences
[M::worker_pipeline::161.300*3.74] mapped 332192 sequences
[M::worker_pipeline::161.902*3.74] mapped 332212 sequences
[M::worker_pipeline::162.520*3.74] mapped 332200 sequences
[M::worker_pipeline::163.108*3.74] mapped 332236 sequences
[M::worker_pipeline::163.694*3.74] mapped 332194 sequences
[M::worker_pipeline::164.312*3.74] mapped 332224 sequences
[M::worker_pipeline::164.924*3.74] mapped 332332 sequences
[M::worker_pipeline::165.510*3.75] mapped 332310 sequences
[M::worker_pipeline::166.114*3.75] mapped 332270 sequences
[M::worker_pipeline::166.736*3.75] mapped 332346 sequences
[M::worker_pipeline::167.331*3.75] mapped 332384 sequences
[M::worker_pipeline::167.938*3.75] mapped 332392 sequences
[M::worker_pipeline::168.542*3.75] mapped 332402 sequences
[M::worker_pipeline::169.148*3.75] mapped 332414 sequences
[M::worker_pipeline::169.749*3.75] mapped 332420 sequences
[M::worker_pipeline::170.399*3.75] mapped 332478 sequences
[M::worker_pipeline::171.006*3.76] mapped 332458 sequences
[M::worker_pipeline::171.660*3.75] mapped 332480 sequences
[M::worker_pipeline::172.453*3.75] mapped 332416 sequences
[M::worker_pipeline::173.166*3.75] mapped 332516 sequences
[M::worker_pipeline::174.093*3.74] mapped 332434 sequences
[M::worker_pipeline::174.802*3.74] mapped 332542 sequences
[M::worker_pipeline::175.402*3.74] mapped 332756 sequences
[M::worker_pipeline::175.988*3.75] mapped 332772 sequences
[M::worker_pipeline::176.573*3.75] mapped 332688 sequences
[M::worker_pipeline::177.186*3.75] mapped 332720 sequences
[M::worker_pipeline::177.812*3.75] mapped 332660 sequences
[M::worker_pipeline::178.395*3.75] mapped 332654 sequences
[M::worker_pipeline::179.002*3.75] mapped 332652 sequences
[M::worker_pipeline::179.626*3.75] mapped 332632 sequences
[M::worker_pipeline::180.231*3.75] mapped 332484 sequences
[M::worker_pipeline::180.813*3.75] mapped 332436 sequences
[M::worker_pipeline::181.428*3.75] mapped 332502 sequences
[M::worker_pipeline::182.036*3.76] mapped 332454 sequences
[M::worker_pipeline::182.617*3.76] mapped 332476 sequences
[M::worker_pipeline::183.184*3.76] mapped 332428 sequences
[M::worker_pipeline::183.810*3.76] mapped 332484 sequences
[M::worker_pipeline::184.428*3.76] mapped 332470 sequences
[M::worker_pipeline::185.009*3.76] mapped 332462 sequences
[M::worker_pipeline::185.635*3.76] mapped 332438 sequences
[M::worker_pipeline::186.265*3.76] mapped 332402 sequences
[M::worker_pipeline::186.820*3.76] mapped 332374 sequences
[M::worker_pipeline::187.443*3.76] mapped 332374 sequences
[M::worker_pipeline::188.079*3.76] mapped 332394 sequences
[M::worker_pipeline::188.658*3.77] mapped 332430 sequences
[M::worker_pipeline::189.272*3.77] mapped 332406 sequences
[M::worker_pipeline::189.844*3.77] mapped 332484 sequences
[M::worker_pipeline::190.461*3.77] mapped 332470 sequences
[M::worker_pipeline::191.052*3.77] mapped 332530 sequences
[M::worker_pipeline::191.636*3.77] mapped 332504 sequences
[M::worker_pipeline::192.239*3.77] mapped 332568 sequences
[M::worker_pipeline::192.857*3.77] mapped 332550 sequences
[M::worker_pipeline::193.594*3.77] mapped 332518 sequences
[M::worker_pipeline::194.351*3.77] mapped 332556 sequences
[M::worker_pipeline::194.977*3.77] mapped 332588 sequences
[M::worker_pipeline::195.569*3.77] mapped 332478 sequences
[M::worker_pipeline::196.188*3.77] mapped 332486 sequences
[M::worker_pipeline::196.804*3.77] mapped 332472 sequences
[M::worker_pipeline::197.392*3.77] mapped 332462 sequences
[M::worker_pipeline::197.981*3.77] mapped 332430 sequences
[M::worker_pipeline::198.575*3.77] mapped 332382 sequences
[M::worker_pipeline::199.187*3.77] mapped 332460 sequences
[M::worker_pipeline::199.771*3.77] mapped 332378 sequences
[M::worker_pipeline::200.352*3.78] mapped 332288 sequences
[M::worker_pipeline::200.954*3.78] mapped 332370 sequences
[M::worker_pipeline::201.545*3.78] mapped 332422 sequences
[M::worker_pipeline::202.165*3.78] mapped 332492 sequences
[M::worker_pipeline::202.763*3.78] mapped 332504 sequences
[M::worker_pipeline::203.388*3.78] mapped 332426 sequences
[M::worker_pipeline::208.505*3.72] mapped 332468 sequences
[M::worker_pipeline::208.661*3.72] mapped 332532 sequences
[M::worker_pipeline::208.809*3.72] mapped 332414 sequences
[M::worker_pipeline::209.391*3.72] mapped 332458 sequences
[M::worker_pipeline::209.976*3.72] mapped 332426 sequences
[M::worker_pipeline::210.586*3.72] mapped 332464 sequences
[M::worker_pipeline::211.156*3.72] mapped 332424 sequences
[M::worker_pipeline::211.782*3.72] mapped 332372 sequences
[M::worker_pipeline::212.381*3.72] mapped 332454 sequences
[M::worker_pipeline::212.972*3.73] mapped 332374 sequences
[M::worker_pipeline::213.595*3.73] mapped 332404 sequences
[M::worker_pipeline::214.159*3.73] mapped 332352 sequences
[M::worker_pipeline::214.774*3.73] mapped 332352 sequences
[M::worker_pipeline::215.399*3.73] mapped 332342 sequences
[M::worker_pipeline::215.951*3.73] mapped 332256 sequences
[M::worker_pipeline::216.591*3.73] mapped 332316 sequences
[M::worker_pipeline::217.204*3.73] mapped 332362 sequences
[M::worker_pipeline::217.792*3.73] mapped 332356 sequences
[M::worker_pipeline::218.402*3.73] mapped 332332 sequences
[M::worker_pipeline::218.995*3.73] mapped 332276 sequences
[M::worker_pipeline::219.575*3.73] mapped 332354 sequences
[M::worker_pipeline::220.157*3.74] mapped 332244 sequences
[M::worker_pipeline::220.781*3.74] mapped 332260 sequences
[M::worker_pipeline::221.389*3.74] mapped 332308 sequences
[M::worker_pipeline::221.975*3.74] mapped 332316 sequences
[M::worker_pipeline::222.583*3.74] mapped 332336 sequences
[M::worker_pipeline::223.163*3.74] mapped 332362 sequences
[M::worker_pipeline::223.757*3.74] mapped 332338 sequences
[M::worker_pipeline::224.395*3.74] mapped 332306 sequences
[M::worker_pipeline::224.977*3.74] mapped 332350 sequences
[M::worker_pipeline::225.558*3.74] mapped 332376 sequences
[M::worker_pipeline::226.190*3.74] mapped 332352 sequences
[M::worker_pipeline::226.791*3.74] mapped 332344 sequences
[M::worker_pipeline::227.368*3.75] mapped 332342 sequences
[M::worker_pipeline::227.953*3.75] mapped 332382 sequences
[M::worker_pipeline::228.552*3.75] mapped 332334 sequences
[M::worker_pipeline::229.149*3.75] mapped 332368 sequences
[M::worker_pipeline::229.767*3.75] mapped 332356 sequences
[M::worker_pipeline::230.359*3.75] mapped 332384 sequences
[M::worker_pipeline::230.942*3.75] mapped 332304 sequences
[M::worker_pipeline::231.530*3.75] mapped 332640 sequences
[M::worker_pipeline::232.132*3.75] mapped 332494 sequences
[M::worker_pipeline::232.742*3.75] mapped 332538 sequences
[M::worker_pipeline::233.338*3.75] mapped 332488 sequences
[M::worker_pipeline::233.916*3.76] mapped 332430 sequences
[M::worker_pipeline::234.511*3.76] mapped 332500 sequences
[M::worker_pipeline::235.083*3.76] mapped 332446 sequences
[M::worker_pipeline::235.702*3.76] mapped 332484 sequences
[M::worker_pipeline::236.276*3.76] mapped 332460 sequences
[M::worker_pipeline::236.886*3.76] mapped 332374 sequences
[M::worker_pipeline::237.474*3.76] mapped 332306 sequences
[M::worker_pipeline::238.042*3.76] mapped 332346 sequences
[M::worker_pipeline::238.654*3.76] mapped 332268 sequences
[M::worker_pipeline::239.250*3.76] mapped 332306 sequences
[M::worker_pipeline::239.951*3.76] mapped 332280 sequences
[M::worker_pipeline::240.527*3.76] mapped 332302 sequences
[M::worker_pipeline::241.108*3.76] mapped 332258 sequences
[M::worker_pipeline::241.713*3.76] mapped 332292 sequences
[M::worker_pipeline::242.265*3.77] mapped 332260 sequences
[M::worker_pipeline::242.887*3.77] mapped 332282 sequences
[M::worker_pipeline::243.489*3.77] mapped 332228 sequences
[M::worker_pipeline::244.087*3.77] mapped 332316 sequences
[M::worker_pipeline::244.694*3.77] mapped 332240 sequences
[M::worker_pipeline::245.302*3.77] mapped 332298 sequences
[M::worker_pipeline::245.888*3.77] mapped 332326 sequences
[M::worker_pipeline::246.493*3.77] mapped 332368 sequences
[M::worker_pipeline::247.099*3.77] mapped 332438 sequences
[M::worker_pipeline::247.709*3.77] mapped 332442 sequences
[M::worker_pipeline::248.313*3.77] mapped 332432 sequences
[M::worker_pipeline::248.888*3.77] mapped 332436 sequences
[M::worker_pipeline::249.488*3.77] mapped 332360 sequences
[M::worker_pipeline::250.085*3.77] mapped 332348 sequences
[M::worker_pipeline::250.714*3.77] mapped 332304 sequences
[M::worker_pipeline::251.329*3.77] mapped 332384 sequences
[M::worker_pipeline::251.952*3.78] mapped 332348 sequences
[M::worker_pipeline::252.550*3.78] mapped 332342 sequences
[M::worker_pipeline::253.165*3.78] mapped 332332 sequences
[M::worker_pipeline::253.788*3.78] mapped 332364 sequences
[M::worker_pipeline::254.389*3.78] mapped 332346 sequences
[M::worker_pipeline::254.978*3.78] mapped 332450 sequences
[M::worker_pipeline::255.568*3.78] mapped 332358 sequences
[M::worker_pipeline::256.230*3.78] mapped 332348 sequences
[M::worker_pipeline::256.855*3.78] mapped 332280 sequences
[M::worker_pipeline::257.454*3.78] mapped 332276 sequences
[M::worker_pipeline::258.061*3.78] mapped 332300 sequences
[M::worker_pipeline::258.657*3.78] mapped 332306 sequences
[M::worker_pipeline::259.247*3.78] mapped 332464 sequences
[M::worker_pipeline::259.851*3.78] mapped 332318 sequences
[M::worker_pipeline::260.485*3.78] mapped 332256 sequences
[M::worker_pipeline::261.059*3.78] mapped 332304 sequences
[M::worker_pipeline::261.641*3.78] mapped 332306 sequences
[M::worker_pipeline::262.282*3.79] mapped 332330 sequences
[M::worker_pipeline::262.892*3.79] mapped 332228 sequences
[M::worker_pipeline::263.474*3.79] mapped 332214 sequences
[M::worker_pipeline::264.102*3.79] mapped 332266 sequences
[M::worker_pipeline::264.688*3.79] mapped 332404 sequences
[M::worker_pipeline::265.289*3.79] mapped 332342 sequences
[M::worker_pipeline::265.899*3.79] mapped 332310 sequences
[M::worker_pipeline::266.546*3.79] mapped 332316 sequences
[M::worker_pipeline::267.118*3.79] mapped 332296 sequences
[M::worker_pipeline::267.745*3.79] mapped 332290 sequences
[M::worker_pipeline::268.324*3.79] mapped 332178 sequences
[M::worker_pipeline::268.925*3.79] mapped 332266 sequences
[M::worker_pipeline::269.561*3.79] mapped 332224 sequences
[M::worker_pipeline::270.141*3.79] mapped 332224 sequences
[M::worker_pipeline::270.817*3.79] mapped 332246 sequences
[M::worker_pipeline::275.698*3.75] mapped 332190 sequences
[M::worker_pipeline::275.881*3.75] mapped 332164 sequences
[M::worker_pipeline::276.066*3.75] mapped 332174 sequences
[M::worker_pipeline::276.600*3.75] mapped 332218 sequences
[M::worker_pipeline::277.176*3.75] mapped 332408 sequences
[M::worker_pipeline::277.785*3.75] mapped 332212 sequences
[M::worker_pipeline::278.372*3.75] mapped 332250 sequences
[M::worker_pipeline::278.956*3.75] mapped 332300 sequences
[M::worker_pipeline::279.569*3.75] mapped 332156 sequences
[M::worker_pipeline::280.162*3.75] mapped 332160 sequences
[M::worker_pipeline::280.949*3.75] mapped 332134 sequences
[M::worker_pipeline::281.754*3.75] mapped 332180 sequences
[M::worker_pipeline::282.575*3.74] mapped 332208 sequences
[M::worker_pipeline::283.375*3.74] mapped 332300 sequences
[M::worker_pipeline::284.062*3.74] mapped 332246 sequences
[M::worker_pipeline::284.719*3.74] mapped 332212 sequences
[M::worker_pipeline::285.293*3.74] mapped 332364 sequences
[M::worker_pipeline::285.879*3.74] mapped 332166 sequences
[M::worker_pipeline::286.523*3.74] mapped 332290 sequences
[M::worker_pipeline::287.098*3.75] mapped 332226 sequences
[M::worker_pipeline::287.737*3.75] mapped 332252 sequences
[M::worker_pipeline::288.331*3.75] mapped 332332 sequences
[M::worker_pipeline::288.918*3.75] mapped 332348 sequences
[M::worker_pipeline::289.508*3.75] mapped 332460 sequences
[M::worker_pipeline::290.106*3.75] mapped 332502 sequences
[M::worker_pipeline::290.675*3.75] mapped 332402 sequences
[M::worker_pipeline::291.279*3.75] mapped 332312 sequences
[M::worker_pipeline::291.872*3.75] mapped 332300 sequences
[M::worker_pipeline::292.487*3.75] mapped 332272 sequences
[M::worker_pipeline::293.120*3.75] mapped 332312 sequences
[M::worker_pipeline::293.734*3.75] mapped 332268 sequences
[M::worker_pipeline::294.324*3.75] mapped 332266 sequences
[M::worker_pipeline::294.930*3.75] mapped 332196 sequences
[M::worker_pipeline::295.518*3.75] mapped 332206 sequences
[M::worker_pipeline::296.118*3.75] mapped 332204 sequences
[M::worker_pipeline::296.713*3.75] mapped 332190 sequences
[M::worker_pipeline::297.301*3.75] mapped 332176 sequences
[M::worker_pipeline::297.895*3.76] mapped 332176 sequences
[M::worker_pipeline::298.553*3.76] mapped 332152 sequences
[M::worker_pipeline::299.128*3.76] mapped 332194 sequences
[M::worker_pipeline::299.717*3.76] mapped 332220 sequences
[M::worker_pipeline::300.309*3.76] mapped 332098 sequences
[M::worker_pipeline::300.908*3.76] mapped 332184 sequences
[M::worker_pipeline::301.520*3.76] mapped 332168 sequences
[M::worker_pipeline::302.130*3.76] mapped 332128 sequences
[M::worker_pipeline::302.724*3.76] mapped 332170 sequences
[M::worker_pipeline::303.374*3.76] mapped 332196 sequences
[M::worker_pipeline::303.970*3.76] mapped 332212 sequences
[M::worker_pipeline::304.574*3.76] mapped 332210 sequences
[M::worker_pipeline::305.202*3.76] mapped 332162 sequences
[M::worker_pipeline::305.807*3.76] mapped 332198 sequences
[M::worker_pipeline::306.390*3.76] mapped 332230 sequences
[M::worker_pipeline::306.968*3.76] mapped 332190 sequences
[M::worker_pipeline::307.614*3.76] mapped 332170 sequences
[M::worker_pipeline::308.448*3.76] mapped 332200 sequences
[M::worker_pipeline::309.198*3.76] mapped 332168 sequences
[M::worker_pipeline::310.098*3.76] mapped 332164 sequences
[M::worker_pipeline::310.693*3.76] mapped 332160 sequences
[M::worker_pipeline::311.280*3.76] mapped 332162 sequences
[M::worker_pipeline::311.855*3.76] mapped 332150 sequences
[M::worker_pipeline::312.525*3.76] mapped 332138 sequences
[M::worker_pipeline::313.080*3.76] mapped 332132 sequences
[M::worker_pipeline::313.654*3.76] mapped 332168 sequences
[M::worker_pipeline::314.260*3.76] mapped 332094 sequences
[M::worker_pipeline::314.849*3.76] mapped 332304 sequences
[M::worker_pipeline::315.470*3.76] mapped 332218 sequences
[M::worker_pipeline::316.143*3.76] mapped 332206 sequences
[M::worker_pipeline::316.839*3.76] mapped 332214 sequences
[M::worker_pipeline::317.419*3.76] mapped 332150 sequences
[M::worker_pipeline::318.074*3.76] mapped 332132 sequences
[M::worker_pipeline::318.686*3.76] mapped 332156 sequences
[M::worker_pipeline::319.225*3.76] mapped 332238 sequences
[M::worker_pipeline::319.868*3.76] mapped 332294 sequences
[M::worker_pipeline::320.470*3.76] mapped 332178 sequences
[M::worker_pipeline::321.083*3.76] mapped 332162 sequences
[M::worker_pipeline::321.714*3.76] mapped 332188 sequences
[M::worker_pipeline::322.341*3.76] mapped 332160 sequences
[M::worker_pipeline::322.929*3.76] mapped 332158 sequences
[M::worker_pipeline::323.543*3.76] mapped 332140 sequences
[M::worker_pipeline::324.167*3.76] mapped 332192 sequences
[M::worker_pipeline::324.767*3.77] mapped 332124 sequences
[M::worker_pipeline::325.364*3.77] mapped 332108 sequences
[M::worker_pipeline::325.952*3.77] mapped 332182 sequences
[M::worker_pipeline::326.600*3.77] mapped 332136 sequences
[M::worker_pipeline::327.204*3.77] mapped 332128 sequences
[M::worker_pipeline::327.807*3.77] mapped 332126 sequences
[M::worker_pipeline::328.410*3.77] mapped 332142 sequences
[M::worker_pipeline::329.008*3.77] mapped 332118 sequences
[M::worker_pipeline::329.616*3.77] mapped 332134 sequences
[M::worker_pipeline::330.252*3.77] mapped 332174 sequences
[M::worker_pipeline::330.830*3.77] mapped 332234 sequences
[M::worker_pipeline::331.422*3.77] mapped 332222 sequences
[M::worker_pipeline::332.008*3.77] mapped 332134 sequences
[M::worker_pipeline::332.591*3.77] mapped 332078 sequences
[M::worker_pipeline::333.224*3.77] mapped 332154 sequences
[M::worker_pipeline::333.802*3.77] mapped 332112 sequences
[M::worker_pipeline::334.414*3.78] mapped 332212 sequences
[M::worker_pipeline::335.033*3.78] mapped 332236 sequences
[M::worker_pipeline::335.603*3.78] mapped 332280 sequences
[M::worker_pipeline::336.259*3.78] mapped 332240 sequences
[M::worker_pipeline::336.832*3.78] mapped 332220 sequences
[M::worker_pipeline::337.473*3.78] mapped 332290 sequences
[M::worker_pipeline::338.074*3.78] mapped 332246 sequences
[M::worker_pipeline::338.701*3.78] mapped 332460 sequences
[M::worker_pipeline::339.289*3.78] mapped 332322 sequences
[M::worker_pipeline::344.451*3.74] mapped 332256 sequences
[M::worker_pipeline::344.621*3.74] mapped 332330 sequences
[M::worker_pipeline::344.778*3.74] mapped 332268 sequences
[M::worker_pipeline::345.352*3.74] mapped 332402 sequences
[M::worker_pipeline::345.941*3.74] mapped 332302 sequences
[M::worker_pipeline::346.522*3.74] mapped 332496 sequences
[M::worker_pipeline::347.170*3.74] mapped 332370 sequences
[M::worker_pipeline::347.808*3.74] mapped 332378 sequences
[M::worker_pipeline::348.389*3.74] mapped 332358 sequences
[M::worker_pipeline::348.991*3.74] mapped 332474 sequences
[M::worker_pipeline::349.593*3.74] mapped 332376 sequences
[M::worker_pipeline::350.192*3.74] mapped 332234 sequences
[M::worker_pipeline::350.780*3.74] mapped 332350 sequences
[M::worker_pipeline::351.418*3.74] mapped 332322 sequences
[M::worker_pipeline::352.003*3.75] mapped 332264 sequences
[M::worker_pipeline::352.647*3.75] mapped 332222 sequences
[M::worker_pipeline::353.192*3.75] mapped 332258 sequences
[M::worker_pipeline::353.803*3.75] mapped 332262 sequences
[M::worker_pipeline::354.435*3.75] mapped 332252 sequences
[M::worker_pipeline::354.987*3.75] mapped 332186 sequences
[M::worker_pipeline::355.597*3.75] mapped 332194 sequences
[M::worker_pipeline::356.219*3.75] mapped 332194 sequences
[M::worker_pipeline::357.025*3.75] mapped 332224 sequences
[M::worker_pipeline::357.843*3.74] mapped 332266 sequences
[M::worker_pipeline::358.595*3.74] mapped 332124 sequences
[M::worker_pipeline::359.431*3.74] mapped 332152 sequences
[M::worker_pipeline::360.305*3.74] mapped 332140 sequences
[M::worker_pipeline::360.962*3.74] mapped 332190 sequences
[M::worker_pipeline::361.584*3.74] mapped 332174 sequences
[M::worker_pipeline::362.189*3.74] mapped 332186 sequences
[M::worker_pipeline::362.781*3.74] mapped 332250 sequences
[M::worker_pipeline::363.422*3.74] mapped 332208 sequences
[M::worker_pipeline::364.064*3.74] mapped 332236 sequences
[M::worker_pipeline::364.666*3.74] mapped 332236 sequences
[M::worker_pipeline::365.253*3.74] mapped 332350 sequences
[M::worker_pipeline::365.875*3.74] mapped 332332 sequences
[M::worker_pipeline::366.471*3.74] mapped 332276 sequences
[M::worker_pipeline::367.054*3.74] mapped 332202 sequences
[M::worker_pipeline::367.677*3.74] mapped 332222 sequences
[M::worker_pipeline::368.255*3.74] mapped 332252 sequences
[M::worker_pipeline::368.891*3.75] mapped 332248 sequences
[M::worker_pipeline::369.485*3.75] mapped 332202 sequences
[M::worker_pipeline::370.111*3.75] mapped 332182 sequences
[M::worker_pipeline::370.751*3.75] mapped 332272 sequences
[M::worker_pipeline::371.322*3.75] mapped 332150 sequences
[M::worker_pipeline::371.918*3.75] mapped 332204 sequences
[M::worker_pipeline::372.531*3.75] mapped 332130 sequences
[M::worker_pipeline::373.118*3.75] mapped 332176 sequences
[M::worker_pipeline::373.688*3.75] mapped 332208 sequences
[M::worker_pipeline::374.274*3.75] mapped 332248 sequences
[M::worker_pipeline::374.862*3.75] mapped 332112 sequences
[M::worker_pipeline::375.509*3.75] mapped 332210 sequences
[M::worker_pipeline::376.117*3.75] mapped 332188 sequences
[M::worker_pipeline::376.749*3.75] mapped 332152 sequences
[M::worker_pipeline::377.655*3.75] mapped 332240 sequences
[M::worker_pipeline::378.560*3.75] mapped 332690 sequences
[M::worker_pipeline::379.449*3.74] mapped 332164 sequences
[M::worker_pipeline::380.221*3.74] mapped 332174 sequences
[M::worker_pipeline::380.797*3.74] mapped 332172 sequences
[M::worker_pipeline::381.399*3.74] mapped 332270 sequences
[M::worker_pipeline::382.026*3.74] mapped 332216 sequences
[M::worker_pipeline::382.612*3.75] mapped 332074 sequences
[M::worker_pipeline::383.242*3.75] mapped 332148 sequences
[M::worker_pipeline::383.847*3.75] mapped 332098 sequences
[M::worker_pipeline::384.426*3.75] mapped 332114 sequences
[M::worker_pipeline::385.055*3.75] mapped 332044 sequences
[M::worker_pipeline::385.660*3.75] mapped 332078 sequences
[M::worker_pipeline::386.243*3.75] mapped 332106 sequences
[M::worker_pipeline::386.852*3.75] mapped 332060 sequences
[M::worker_pipeline::387.496*3.75] mapped 332114 sequences
[M::worker_pipeline::388.117*3.75] mapped 332144 sequences
[M::worker_pipeline::388.667*3.75] mapped 332204 sequences
[M::worker_pipeline::389.295*3.75] mapped 332360 sequences
[M::worker_pipeline::389.850*3.75] mapped 332026 sequences
[M::worker_pipeline::390.450*3.75] mapped 331992 sequences
[M::worker_pipeline::391.074*3.75] mapped 332052 sequences
[M::worker_pipeline::391.687*3.75] mapped 332026 sequences
[M::worker_pipeline::392.268*3.75] mapped 332078 sequences
[M::worker_pipeline::392.876*3.75] mapped 332016 sequences
[M::worker_pipeline::393.457*3.75] mapped 332062 sequences
[M::worker_pipeline::394.097*3.75] mapped 332174 sequences
[M::worker_pipeline::394.706*3.75] mapped 332070 sequences
[M::worker_pipeline::395.284*3.75] mapped 332112 sequences
[M::worker_pipeline::395.874*3.76] mapped 332194 sequences
[M::worker_pipeline::396.450*3.76] mapped 332168 sequences
[M::worker_pipeline::397.106*3.76] mapped 332210 sequences
[M::worker_pipeline::397.690*3.76] mapped 332100 sequences
[M::worker_pipeline::398.294*3.76] mapped 332174 sequences
[M::worker_pipeline::398.892*3.76] mapped 332150 sequences
[M::worker_pipeline::399.500*3.76] mapped 332138 sequences
[M::worker_pipeline::400.093*3.76] mapped 332140 sequences
[M::worker_pipeline::400.691*3.76] mapped 332148 sequences
[M::worker_pipeline::401.284*3.76] mapped 332144 sequences
[M::worker_pipeline::401.899*3.76] mapped 332300 sequences
[M::worker_pipeline::402.482*3.76] mapped 332346 sequences
[M::worker_pipeline::403.093*3.76] mapped 332696 sequences
[M::worker_pipeline::403.691*3.76] mapped 332618 sequences
[M::worker_pipeline::404.281*3.76] mapped 332624 sequences
[M::worker_pipeline::404.858*3.76] mapped 332568 sequences
[M::worker_pipeline::405.495*3.76] mapped 332526 sequences
[M::worker_pipeline::406.071*3.76] mapped 332454 sequences
[M::worker_pipeline::406.693*3.76] mapped 332510 sequences
[M::worker_pipeline::407.312*3.76] mapped 332436 sequences
[M::worker_pipeline::407.912*3.76] mapped 332482 sequences
[M::worker_pipeline::408.537*3.76] mapped 332494 sequences
[M::worker_pipeline::413.680*3.73] mapped 332500 sequences
[M::worker_pipeline::413.857*3.73] mapped 332486 sequences
[M::worker_pipeline::414.039*3.73] mapped 332396 sequences
[M::worker_pipeline::414.567*3.73] mapped 332432 sequences
[M::worker_pipeline::415.146*3.73] mapped 332430 sequences
[M::worker_pipeline::415.794*3.73] mapped 332420 sequences
[M::worker_pipeline::416.403*3.73] mapped 332454 sequences
[M::worker_pipeline::417.009*3.73] mapped 332400 sequences
[M::worker_pipeline::417.649*3.74] mapped 332400 sequences
[M::worker_pipeline::418.239*3.74] mapped 332372 sequences
[M::worker_pipeline::418.855*3.74] mapped 332394 sequences
[M::worker_pipeline::419.433*3.74] mapped 332358 sequences
[M::worker_pipeline::420.243*3.73] mapped 332420 sequences
[M::worker_pipeline::421.081*3.73] mapped 332458 sequences
[M::worker_pipeline::421.910*3.73] mapped 332440 sequences
[M::worker_pipeline::422.669*3.73] mapped 332408 sequences
[M::worker_pipeline::423.528*3.73] mapped 332388 sequences
[M::worker_pipeline::424.322*3.73] mapped 332408 sequences
[M::worker_pipeline::424.955*3.73] mapped 332446 sequences
[M::worker_pipeline::425.573*3.73] mapped 332398 sequences
[M::worker_pipeline::426.154*3.73] mapped 332310 sequences
[M::worker_pipeline::426.736*3.73] mapped 332372 sequences
[M::worker_pipeline::427.394*3.73] mapped 332428 sequences
[M::worker_pipeline::427.982*3.73] mapped 332346 sequences
[M::worker_pipeline::428.585*3.73] mapped 332390 sequences
[M::worker_pipeline::429.167*3.73] mapped 332388 sequences
[M::worker_pipeline::429.749*3.73] mapped 332418 sequences
[M::worker_pipeline::430.341*3.73] mapped 332334 sequences
[M::worker_pipeline::430.944*3.73] mapped 332380 sequences
[M::worker_pipeline::431.526*3.73] mapped 332402 sequences
[M::worker_pipeline::432.159*3.73] mapped 332456 sequences
[M::worker_pipeline::432.766*3.73] mapped 332320 sequences
[M::worker_pipeline::433.346*3.74] mapped 332330 sequences
[M::worker_pipeline::433.955*3.74] mapped 332368 sequences
[M::worker_pipeline::434.525*3.74] mapped 332348 sequences
[M::worker_pipeline::435.141*3.74] mapped 332332 sequences
[M::worker_pipeline::435.731*3.74] mapped 332438 sequences
[M::worker_pipeline::436.350*3.74] mapped 332468 sequences
[M::worker_pipeline::436.950*3.74] mapped 332488 sequences
[M::worker_pipeline::437.561*3.74] mapped 332390 sequences
[M::worker_pipeline::438.182*3.74] mapped 332428 sequences
[M::worker_pipeline::438.779*3.74] mapped 332400 sequences
[M::worker_pipeline::439.376*3.74] mapped 332332 sequences
[M::worker_pipeline::439.961*3.74] mapped 332362 sequences
[M::worker_pipeline::440.553*3.74] mapped 332416 sequences
[M::worker_pipeline::441.223*3.74] mapped 332456 sequences
[M::worker_pipeline::441.789*3.74] mapped 332368 sequences
[M::worker_pipeline::442.406*3.74] mapped 332296 sequences
[M::worker_pipeline::443.001*3.74] mapped 332404 sequences
[M::worker_pipeline::443.616*3.74] mapped 332346 sequences
[M::worker_pipeline::444.233*3.74] mapped 332320 sequences
[M::worker_pipeline::444.841*3.74] mapped 332324 sequences
[M::worker_pipeline::445.447*3.74] mapped 332316 sequences
[M::worker_pipeline::446.036*3.74] mapped 332262 sequences
[M::worker_pipeline::446.676*3.74] mapped 332398 sequences
[M::worker_pipeline::447.272*3.74] mapped 332338 sequences
[M::worker_pipeline::447.858*3.75] mapped 332294 sequences
[M::worker_pipeline::448.452*3.75] mapped 332246 sequences
[M::worker_pipeline::449.072*3.75] mapped 332208 sequences
[M::worker_pipeline::449.680*3.75] mapped 332292 sequences
[M::worker_pipeline::450.293*3.75] mapped 332260 sequences
[M::worker_pipeline::450.870*3.75] mapped 332234 sequences
[M::worker_pipeline::451.484*3.75] mapped 332356 sequences
[M::worker_pipeline::452.075*3.75] mapped 332512 sequences
[M::worker_pipeline::452.674*3.75] mapped 332514 sequences
[M::worker_pipeline::453.274*3.75] mapped 332414 sequences
[M::worker_pipeline::453.918*3.75] mapped 332440 sequences
[M::worker_pipeline::454.517*3.75] mapped 332416 sequences
[M::worker_pipeline::455.095*3.75] mapped 332538 sequences
[M::worker_pipeline::455.688*3.75] mapped 332442 sequences
[M::worker_pipeline::456.298*3.75] mapped 332384 sequences
[M::worker_pipeline::456.914*3.75] mapped 332488 sequences
[M::worker_pipeline::457.506*3.75] mapped 332540 sequences
[M::worker_pipeline::458.132*3.75] mapped 332586 sequences
[M::worker_pipeline::458.705*3.75] mapped 332528 sequences
[M::worker_pipeline::459.339*3.75] mapped 332508 sequences
[M::worker_pipeline::459.919*3.75] mapped 332550 sequences
[M::worker_pipeline::460.472*3.75] mapped 294946 sequences
[M::main] Version: 2.22-r1101
[M::main] CMD: minimap2 --secondary=no -t 16 -R @RG\tID:snippy\tSM:snippy -ax sr /work/FAC/FBM/DMF/smitri/evomicrocomm/genome_size/data/ct/reference.fasta /work/FAC/FBM/DMF/smitri/evomicrocomm/genome_size/data/T11.4.3/read1.fq.gz /work/FAC/FBM/DMF/smitri/evomicrocomm/genome_size/data/T11.4.3/read2.fq.gz
[M::main] Real time: 460.488 sec; CPU: 1727.909 sec; Peak RSS: 0.527 GB
[bam_sort_core] merging from 96 files and 16 in-memory blocks...
[Sun Oct 17 22:53:33 2021]
Finished job 0.
1 of 1 steps (100%) done
