Building DAG of jobs...
Using shell: /usr/bin/bash
Provided cores: 16
Rules claiming more threads will be scaled down.
Select jobs to execute...

[Sun Oct 17 22:44:05 2021]
rule mapping:
    input: /work/FAC/FBM/DMF/smitri/evomicrocomm/genome_size/data/at/reference.fasta, /work/FAC/FBM/DMF/smitri/evomicrocomm/genome_size/data/T44.3.5/read1.fq.gz, /work/FAC/FBM/DMF/smitri/evomicrocomm/genome_size/data/T44.3.5/read2.fq.gz
    output: /work/FAC/FBM/DMF/smitri/evomicrocomm/genome_size/data/T44.3.5/at/mapped_reads.sorted.bam
    jobid: 0
    wildcards: sample=T44.3.5, strain=at
    threads: 16
    resources: mem_mb=22103, disk_mb=22103, tmpdir=/tmp/2846186

[M::mm_idx_gen::0.139*0.86] collected minimizers
[M::mm_idx_gen::0.158*2.15] sorted minimizers
[M::main::0.158*2.15] loaded/built the index for 5 target sequence(s)
[M::mm_mapopt_update::0.158*2.15] mid_occ = 1000
[M::mm_idx_stat] kmer size: 21; skip: 11; is_hpc: 0; #seq: 5
[M::mm_idx_stat::0.170*2.07] distinct minimizers: 875577 (98.87% are singletons); average occurrences: 1.019; average spacing: 5.996; total length: 5348547
[M::worker_pipeline::1.704*4.06] mapped 332706 sequences
[M::worker_pipeline::2.548*4.94] mapped 332790 sequences
[M::worker_pipeline::3.538*5.25] mapped 332652 sequences
[M::worker_pipeline::4.432*5.50] mapped 332514 sequences
[M::worker_pipeline::5.352*5.64] mapped 332532 sequences
[M::worker_pipeline::6.205*6.21] mapped 332492 sequences
[M::worker_pipeline::6.998*6.72] mapped 332428 sequences
[M::worker_pipeline::7.595*6.96] mapped 332394 sequences
[M::worker_pipeline::8.298*7.13] mapped 332422 sequences
[M::worker_pipeline::8.939*7.26] mapped 332352 sequences
[M::worker_pipeline::9.581*7.40] mapped 332300 sequences
[M::worker_pipeline::9.929*7.23] mapped 332286 sequences
[M::worker_pipeline::10.557*7.32] mapped 332266 sequences
[M::worker_pipeline::11.363*7.42] mapped 332246 sequences
[M::worker_pipeline::12.184*7.67] mapped 332264 sequences
[M::worker_pipeline::12.835*7.76] mapped 332286 sequences
[M::worker_pipeline::13.451*7.82] mapped 332350 sequences
[M::worker_pipeline::13.817*7.67] mapped 332300 sequences
[M::worker_pipeline::14.524*7.70] mapped 332302 sequences
[M::worker_pipeline::15.596*7.87] mapped 332298 sequences
[M::worker_pipeline::16.235*7.92] mapped 332302 sequences
[M::worker_pipeline::16.858*7.96] mapped 332292 sequences
[M::worker_pipeline::17.498*8.00] mapped 332268 sequences
[M::worker_pipeline::18.127*8.04] mapped 332276 sequences
[M::worker_pipeline::18.718*8.08] mapped 332230 sequences
[M::worker_pipeline::19.375*8.12] mapped 332242 sequences
[M::worker_pipeline::19.986*8.16] mapped 332210 sequences
[M::worker_pipeline::20.545*8.16] mapped 332206 sequences
[M::worker_pipeline::20.918*8.09] mapped 332202 sequences
[M::worker_pipeline::21.732*8.12] mapped 332240 sequences
[M::worker_pipeline::22.682*8.21] mapped 332258 sequences
[M::worker_pipeline::23.276*8.26] mapped 332248 sequences
[M::worker_pipeline::23.923*8.28] mapped 332154 sequences
[M::worker_pipeline::24.526*8.30] mapped 332132 sequences
[M::worker_pipeline::24.871*8.21] mapped 332122 sequences
[M::worker_pipeline::25.892*8.32] mapped 332110 sequences
[M::worker_pipeline::26.567*8.34] mapped 332080 sequences
[M::worker_pipeline::27.193*8.36] mapped 332102 sequences
[M::worker_pipeline::27.872*8.37] mapped 332048 sequences
[M::worker_pipeline::28.519*8.37] mapped 332112 sequences
[M::worker_pipeline::29.199*8.38] mapped 332036 sequences
[M::worker_pipeline::29.868*8.39] mapped 332034 sequences
[M::worker_pipeline::30.603*8.44] mapped 332016 sequences
[M::worker_pipeline::31.169*8.42] mapped 332010 sequences
[M::worker_pipeline::31.788*8.43] mapped 332074 sequences
[M::worker_pipeline::32.407*8.44] mapped 332016 sequences
[M::worker_pipeline::32.808*8.39] mapped 332004 sequences
[M::worker_pipeline::33.697*8.46] mapped 332038 sequences
[M::worker_pipeline::34.058*8.41] mapped 332034 sequences
[M::worker_pipeline::35.001*8.48] mapped 331976 sequences
[M::worker_pipeline::35.623*8.49] mapped 331970 sequences
[M::worker_pipeline::35.993*8.44] mapped 332000 sequences
[M::worker_pipeline::36.912*8.51] mapped 332014 sequences
[M::worker_pipeline::37.561*8.51] mapped 332020 sequences
[M::worker_pipeline::38.131*8.50] mapped 331978 sequences
[M::worker_pipeline::38.835*8.53] mapped 332036 sequences
[M::worker_pipeline::39.180*8.47] mapped 332010 sequences
[M::worker_pipeline::39.901*8.46] mapped 332042 sequences
[M::worker_pipeline::40.933*8.52] mapped 332066 sequences
[M::worker_pipeline::41.554*8.53] mapped 332058 sequences
[M::worker_pipeline::42.176*8.54] mapped 332002 sequences
[M::worker_pipeline::42.853*8.55] mapped 332090 sequences
[M::worker_pipeline::43.501*8.56] mapped 332032 sequences
[M::worker_pipeline::44.151*8.57] mapped 332098 sequences
[M::worker_pipeline::44.996*8.61] mapped 332080 sequences
[M::worker_pipeline::45.436*8.59] mapped 332112 sequences
[M::worker_pipeline::46.123*8.59] mapped 332268 sequences
[M::worker_pipeline::46.763*8.60] mapped 332742 sequences
[M::worker_pipeline::47.413*8.61] mapped 332634 sequences
[M::worker_pipeline::48.064*8.62] mapped 332524 sequences
[M::worker_pipeline::48.758*8.63] mapped 332444 sequences
[M::worker_pipeline::49.399*8.64] mapped 332402 sequences
[M::worker_pipeline::50.079*8.66] mapped 332336 sequences
[M::worker_pipeline::50.659*8.65] mapped 332318 sequences
[M::worker_pipeline::51.327*8.66] mapped 332304 sequences
[M::worker_pipeline::51.998*8.67] mapped 332306 sequences
[M::worker_pipeline::52.678*8.67] mapped 332238 sequences
[M::worker_pipeline::53.330*8.68] mapped 332244 sequences
[M::worker_pipeline::53.687*8.65] mapped 332224 sequences
[M::worker_pipeline::54.638*8.69] mapped 332272 sequences
[M::worker_pipeline::55.251*8.69] mapped 332296 sequences
[M::worker_pipeline::55.634*8.65] mapped 332272 sequences
[M::worker_pipeline::56.687*8.68] mapped 332322 sequences
[M::worker_pipeline::57.105*8.66] mapped 332302 sequences
[M::worker_pipeline::57.696*8.64] mapped 332310 sequences
[M::worker_pipeline::58.434*8.66] mapped 332216 sequences
[M::worker_pipeline::58.995*8.65] mapped 332250 sequences
[M::worker_pipeline::59.992*8.69] mapped 332198 sequences
[M::worker_pipeline::60.721*8.69] mapped 332142 sequences
[M::worker_pipeline::61.358*8.69] mapped 332198 sequences
[M::worker_pipeline::62.010*8.69] mapped 332174 sequences
[M::worker_pipeline::62.469*8.67] mapped 332146 sequences
[M::worker_pipeline::63.034*8.65] mapped 332212 sequences
[M::worker_pipeline::63.723*8.65] mapped 332130 sequences
[M::worker_pipeline::64.442*8.66] mapped 332126 sequences
[M::worker_pipeline::69.781*8.22] mapped 332142 sequences
[M::worker_pipeline::70.120*8.19] mapped 332142 sequences
[M::worker_pipeline::70.798*8.19] mapped 332178 sequences
[M::worker_pipeline::71.368*8.21] mapped 332136 sequences
[M::worker_pipeline::71.725*8.18] mapped 332132 sequences
[M::worker_pipeline::72.471*8.21] mapped 332130 sequences
[M::worker_pipeline::73.028*8.20] mapped 332092 sequences
[M::worker_pipeline::73.942*8.23] mapped 332112 sequences
[M::worker_pipeline::74.605*8.24] mapped 332084 sequences
[M::worker_pipeline::75.203*8.25] mapped 332066 sequences
[M::worker_pipeline::75.561*8.23] mapped 332084 sequences
[M::worker_pipeline::76.163*8.23] mapped 332122 sequences
[M::worker_pipeline::77.259*8.26] mapped 332118 sequences
[M::worker_pipeline::77.936*8.26] mapped 332054 sequences
[M::worker_pipeline::78.399*8.26] mapped 332032 sequences
[M::worker_pipeline::78.998*8.27] mapped 332048 sequences
[M::worker_pipeline::79.775*8.29] mapped 332064 sequences
[M::worker_pipeline::80.404*8.30] mapped 332042 sequences
[M::worker_pipeline::81.084*8.30] mapped 332032 sequences
[M::worker_pipeline::81.746*8.30] mapped 332044 sequences
[M::worker_pipeline::82.651*8.34] mapped 332028 sequences
[M::worker_pipeline::83.039*8.31] mapped 332002 sequences
[M::worker_pipeline::83.704*8.32] mapped 332020 sequences
[M::worker_pipeline::84.289*8.33] mapped 332016 sequences
[M::worker_pipeline::84.921*8.33] mapped 332032 sequences
[M::worker_pipeline::85.581*8.34] mapped 332058 sequences
[M::worker_pipeline::86.202*8.35] mapped 332032 sequences
[M::worker_pipeline::86.857*8.35] mapped 332044 sequences
[M::worker_pipeline::87.532*8.36] mapped 332062 sequences
[M::worker_pipeline::88.224*8.36] mapped 332054 sequences
[M::worker_pipeline::88.892*8.37] mapped 332048 sequences
[M::worker_pipeline::89.478*8.37] mapped 332118 sequences
[M::worker_pipeline::90.127*8.37] mapped 332156 sequences
[M::worker_pipeline::90.742*8.38] mapped 332150 sequences
[M::worker_pipeline::91.518*8.40] mapped 332224 sequences
[M::worker_pipeline::92.010*8.39] mapped 332172 sequences
[M::worker_pipeline::92.641*8.39] mapped 332184 sequences
[M::worker_pipeline::93.333*8.40] mapped 332300 sequences
[M::worker_pipeline::94.013*8.40] mapped 332422 sequences
[M::worker_pipeline::94.821*8.42] mapped 332740 sequences
[M::worker_pipeline::95.406*8.41] mapped 332654 sequences
[M::worker_pipeline::96.189*8.43] mapped 332652 sequences
[M::worker_pipeline::96.712*8.42] mapped 332492 sequences
[M::worker_pipeline::97.369*8.42] mapped 332512 sequences
[M::worker_pipeline::98.021*8.43] mapped 332460 sequences
[M::worker_pipeline::98.689*8.43] mapped 332446 sequences
[M::worker_pipeline::99.332*8.43] mapped 332444 sequences
[M::worker_pipeline::100.026*8.43] mapped 332370 sequences
[M::worker_pipeline::100.699*8.43] mapped 332288 sequences
[M::worker_pipeline::101.389*8.44] mapped 332226 sequences
[M::worker_pipeline::102.347*8.46] mapped 332306 sequences
[M::worker_pipeline::102.717*8.44] mapped 332290 sequences
[M::worker_pipeline::103.368*8.45] mapped 332296 sequences
[M::worker_pipeline::104.050*8.45] mapped 332352 sequences
[M::worker_pipeline::104.651*8.46] mapped 332460 sequences
[M::worker_pipeline::105.330*8.46] mapped 332474 sequences
[M::worker_pipeline::106.202*8.47] mapped 332578 sequences
[M::worker_pipeline::106.717*8.46] mapped 332878 sequences
[M::worker_pipeline::107.345*8.46] mapped 332402 sequences
[M::worker_pipeline::108.054*8.47] mapped 332392 sequences
[M::worker_pipeline::108.708*8.47] mapped 332372 sequences
[M::worker_pipeline::109.352*8.48] mapped 332346 sequences
[M::worker_pipeline::110.323*8.50] mapped 332434 sequences
[M::worker_pipeline::110.679*8.48] mapped 332398 sequences
[M::worker_pipeline::111.319*8.48] mapped 332328 sequences
[M::worker_pipeline::111.640*8.46] mapped 332194 sequences
[M::worker_pipeline::112.306*8.46] mapped 332178 sequences
[M::worker_pipeline::113.373*8.48] mapped 332136 sequences
[M::worker_pipeline::114.018*8.49] mapped 332828 sequences
[M::worker_pipeline::114.551*8.49] mapped 332236 sequences
[M::worker_pipeline::115.345*8.49] mapped 332174 sequences
[M::worker_pipeline::115.995*8.50] mapped 332158 sequences
[M::worker_pipeline::116.661*8.50] mapped 332154 sequences
[M::worker_pipeline::117.315*8.50] mapped 332156 sequences
[M::worker_pipeline::117.967*8.50] mapped 332146 sequences
[M::worker_pipeline::118.639*8.51] mapped 332162 sequences
[M::worker_pipeline::119.275*8.51] mapped 332154 sequences
[M::worker_pipeline::119.946*8.51] mapped 332086 sequences
[M::worker_pipeline::120.863*8.54] mapped 332118 sequences
[M::worker_pipeline::121.264*8.52] mapped 332134 sequences
[M::worker_pipeline::121.976*8.52] mapped 332042 sequences
[M::worker_pipeline::122.954*8.54] mapped 332044 sequences
[M::worker_pipeline::123.303*8.53] mapped 331986 sequences
[M::worker_pipeline::123.962*8.53] mapped 332026 sequences
[M::worker_pipeline::124.610*8.53] mapped 332040 sequences
[M::worker_pipeline::125.230*8.54] mapped 332018 sequences
[M::worker_pipeline::125.885*8.54] mapped 332008 sequences
[M::worker_pipeline::126.534*8.54] mapped 331988 sequences
[M::worker_pipeline::127.244*8.55] mapped 332010 sequences
[M::worker_pipeline::127.841*8.55] mapped 332016 sequences
[M::worker_pipeline::128.490*8.55] mapped 332018 sequences
[M::worker_pipeline::129.153*8.55] mapped 331990 sequences
[M::worker_pipeline::129.805*8.55] mapped 332006 sequences
[M::worker_pipeline::130.482*8.55] mapped 331966 sequences
[M::worker_pipeline::131.104*8.56] mapped 331970 sequences
[M::worker_pipeline::131.760*8.56] mapped 331956 sequences
[M::worker_pipeline::136.745*8.33] mapped 332002 sequences
[M::worker_pipeline::137.090*8.31] mapped 332042 sequences
[M::worker_pipeline::137.735*8.32] mapped 332080 sequences
[M::worker_pipeline::138.297*8.32] mapped 332124 sequences
[M::worker_pipeline::139.038*8.32] mapped 332074 sequences
[M::worker_pipeline::139.676*8.33] mapped 332096 sequences
[M::worker_pipeline::140.321*8.33] mapped 332124 sequences
[M::worker_pipeline::140.977*8.33] mapped 332106 sequences
[M::worker_pipeline::141.614*8.34] mapped 332118 sequences
[M::worker_pipeline::142.270*8.34] mapped 332770 sequences
[M::worker_pipeline::143.134*8.36] mapped 332850 sequences
[M::worker_pipeline::143.607*8.35] mapped 332810 sequences
[M::worker_pipeline::144.294*8.35] mapped 332630 sequences
[M::worker_pipeline::144.924*8.35] mapped 332610 sequences
[M::worker_pipeline::145.579*8.36] mapped 332452 sequences
[M::worker_pipeline::146.235*8.36] mapped 332420 sequences
[M::worker_pipeline::146.871*8.37] mapped 332352 sequences
[M::worker_pipeline::147.549*8.37] mapped 332392 sequences
[M::worker_pipeline::148.144*8.37] mapped 332382 sequences
[M::worker_pipeline::148.805*8.37] mapped 332366 sequences
[M::worker_pipeline::149.154*8.36] mapped 332366 sequences
[M::worker_pipeline::150.119*8.38] mapped 332378 sequences
[M::worker_pipeline::150.776*8.38] mapped 332382 sequences
[M::worker_pipeline::151.457*8.39] mapped 332438 sequences
[M::worker_pipeline::152.111*8.39] mapped 332566 sequences
[M::worker_pipeline::152.854*8.40] mapped 332620 sequences
[M::worker_pipeline::153.379*8.40] mapped 332594 sequences
[M::worker_pipeline::154.080*8.40] mapped 332632 sequences
[M::worker_pipeline::154.704*8.40] mapped 332484 sequences
[M::worker_pipeline::155.606*8.42] mapped 332402 sequences
[M::worker_pipeline::156.006*8.41] mapped 332402 sequences
[M::worker_pipeline::156.683*8.41] mapped 332416 sequences
[M::worker_pipeline::157.368*8.41] mapped 332380 sequences
[M::worker_pipeline::158.032*8.41] mapped 332482 sequences
[M::worker_pipeline::158.690*8.41] mapped 332444 sequences
[M::worker_pipeline::159.326*8.41] mapped 332390 sequences
[M::worker_pipeline::160.274*8.43] mapped 332328 sequences
[M::worker_pipeline::160.639*8.42] mapped 332336 sequences
[M::worker_pipeline::161.263*8.42] mapped 332286 sequences
[M::worker_pipeline::161.959*8.42] mapped 332296 sequences
[M::worker_pipeline::162.617*8.42] mapped 332312 sequences
[M::worker_pipeline::163.240*8.43] mapped 332306 sequences
[M::worker_pipeline::163.910*8.43] mapped 332364 sequences
[M::worker_pipeline::164.650*8.43] mapped 332348 sequences
[M::worker_pipeline::165.309*8.43] mapped 332288 sequences
[M::worker_pipeline::165.917*8.44] mapped 332312 sequences
[M::worker_pipeline::166.659*8.44] mapped 332238 sequences
[M::worker_pipeline::167.184*8.44] mapped 332204 sequences
[M::worker_pipeline::167.843*8.44] mapped 332220 sequences
[M::worker_pipeline::168.538*8.45] mapped 332228 sequences
[M::worker_pipeline::169.157*8.45] mapped 332190 sequences
[M::worker_pipeline::169.847*8.45] mapped 332178 sequences
[M::worker_pipeline::170.451*8.45] mapped 332248 sequences
[M::worker_pipeline::171.085*8.45] mapped 332182 sequences
[M::worker_pipeline::171.701*8.46] mapped 332220 sequences
[M::worker_pipeline::172.388*8.46] mapped 332186 sequences
[M::worker_pipeline::173.062*8.46] mapped 332186 sequences
[M::worker_pipeline::173.716*8.46] mapped 332114 sequences
[M::worker_pipeline::174.728*8.47] mapped 332060 sequences
[M::worker_pipeline::175.081*8.46] mapped 332166 sequences
[M::worker_pipeline::175.716*8.46] mapped 332054 sequences
[M::worker_pipeline::176.080*8.45] mapped 332130 sequences
[M::worker_pipeline::177.054*8.46] mapped 332096 sequences
[M::worker_pipeline::177.679*8.47] mapped 332076 sequences
[M::worker_pipeline::178.324*8.47] mapped 332056 sequences
[M::worker_pipeline::179.018*8.47] mapped 332098 sequences
[M::worker_pipeline::179.633*8.48] mapped 332122 sequences
[M::worker_pipeline::180.359*8.48] mapped 332084 sequences
[M::worker_pipeline::180.938*8.48] mapped 332138 sequences
[M::worker_pipeline::181.570*8.48] mapped 332212 sequences
[M::worker_pipeline::182.260*8.49] mapped 332236 sequences
[M::worker_pipeline::182.944*8.49] mapped 332262 sequences
[M::worker_pipeline::183.543*8.49] mapped 332236 sequences
[M::worker_pipeline::184.155*8.49] mapped 332268 sequences
[M::worker_pipeline::184.819*8.49] mapped 332236 sequences
[M::worker_pipeline::185.480*8.50] mapped 332350 sequences
[M::worker_pipeline::186.152*8.50] mapped 332820 sequences
[M::worker_pipeline::186.886*8.51] mapped 332970 sequences
[M::worker_pipeline::187.400*8.51] mapped 332568 sequences
[M::worker_pipeline::188.083*8.51] mapped 332532 sequences
[M::worker_pipeline::188.731*8.51] mapped 332498 sequences
[M::worker_pipeline::189.720*8.52] mapped 332506 sequences
[M::worker_pipeline::190.069*8.51] mapped 332460 sequences
[M::worker_pipeline::190.760*8.51] mapped 332392 sequences
[M::worker_pipeline::191.404*8.51] mapped 332290 sequences
[M::worker_pipeline::192.099*8.52] mapped 332290 sequences
[M::worker_pipeline::192.712*8.52] mapped 332284 sequences
[M::worker_pipeline::193.652*8.53] mapped 332296 sequences
[M::worker_pipeline::194.003*8.52] mapped 332340 sequences
[M::worker_pipeline::194.658*8.53] mapped 332278 sequences
[M::worker_pipeline::195.281*8.53] mapped 332282 sequences
[M::worker_pipeline::195.948*8.53] mapped 332280 sequences
[M::worker_pipeline::196.576*8.53] mapped 332264 sequences
[M::worker_pipeline::197.263*8.53] mapped 332224 sequences
[M::worker_pipeline::197.904*8.53] mapped 332240 sequences
[M::worker_pipeline::202.833*8.38] mapped 332222 sequences
[M::worker_pipeline::203.167*8.37] mapped 332222 sequences
[M::worker_pipeline::203.790*8.37] mapped 332336 sequences
[M::worker_pipeline::204.391*8.38] mapped 332192 sequences
[M::worker_pipeline::204.988*8.38] mapped 332246 sequences
[M::worker_pipeline::205.543*8.37] mapped 332234 sequences
[M::worker_pipeline::206.437*8.38] mapped 332126 sequences
[M::worker_pipeline::207.124*8.38] mapped 332194 sequences
[M::worker_pipeline::207.823*8.39] mapped 332206 sequences
[M::worker_pipeline::208.415*8.39] mapped 332188 sequences
[M::worker_pipeline::209.008*8.39] mapped 332228 sequences
[M::worker_pipeline::209.779*8.40] mapped 332186 sequences
[M::worker_pipeline::210.288*8.40] mapped 332116 sequences
[M::worker_pipeline::210.904*8.40] mapped 332164 sequences
[M::worker_pipeline::211.553*8.40] mapped 332160 sequences
[M::worker_pipeline::212.163*8.41] mapped 332142 sequences
[M::worker_pipeline::212.804*8.41] mapped 332124 sequences
[M::worker_pipeline::213.484*8.41] mapped 332100 sequences
[M::worker_pipeline::214.086*8.41] mapped 332154 sequences
[M::worker_pipeline::214.884*8.42] mapped 332174 sequences
[M::worker_pipeline::215.326*8.42] mapped 332142 sequences
[M::worker_pipeline::215.965*8.42] mapped 332128 sequences
[M::worker_pipeline::216.375*8.41] mapped 332134 sequences
[M::worker_pipeline::217.283*8.42] mapped 332166 sequences
[M::worker_pipeline::217.936*8.42] mapped 332198 sequences
[M::worker_pipeline::218.554*8.43] mapped 332160 sequences
[M::worker_pipeline::219.213*8.43] mapped 332176 sequences
[M::worker_pipeline::219.829*8.43] mapped 332190 sequences
[M::worker_pipeline::220.208*8.42] mapped 332224 sequences
[M::worker_pipeline::221.095*8.44] mapped 332226 sequences
[M::worker_pipeline::221.757*8.44] mapped 332226 sequences
[M::worker_pipeline::222.388*8.44] mapped 332212 sequences
[M::worker_pipeline::223.029*8.45] mapped 332298 sequences
[M::worker_pipeline::223.641*8.45] mapped 332346 sequences
[M::worker_pipeline::224.204*8.45] mapped 332296 sequences
[M::worker_pipeline::224.630*8.45] mapped 332346 sequences
[M::worker_pipeline::225.528*8.46] mapped 332370 sequences
[M::worker_pipeline::226.142*8.46] mapped 332352 sequences
[M::worker_pipeline::226.489*8.45] mapped 332354 sequences
[M::worker_pipeline::227.457*8.46] mapped 332244 sequences
[M::worker_pipeline::228.144*8.46] mapped 332184 sequences
[M::worker_pipeline::228.774*8.46] mapped 332100 sequences
[M::worker_pipeline::229.123*8.45] mapped 332098 sequences
[M::worker_pipeline::229.774*8.45] mapped 332056 sequences
[M::worker_pipeline::230.752*8.46] mapped 332092 sequences
[M::worker_pipeline::231.472*8.47] mapped 332120 sequences
[M::worker_pipeline::231.995*8.46] mapped 332844 sequences
[M::worker_pipeline::232.761*8.47] mapped 332562 sequences
[M::worker_pipeline::233.435*8.47] mapped 332550 sequences
[M::worker_pipeline::233.776*8.46] mapped 332476 sequences
[M::worker_pipeline::234.562*8.47] mapped 332440 sequences
[M::worker_pipeline::235.201*8.47] mapped 332354 sequences
[M::worker_pipeline::236.048*8.48] mapped 332336 sequences
[M::worker_pipeline::236.684*8.48] mapped 332258 sequences
[M::worker_pipeline::237.374*8.48] mapped 332270 sequences
[M::worker_pipeline::238.034*8.48] mapped 332228 sequences
[M::worker_pipeline::238.612*8.48] mapped 332178 sequences
[M::worker_pipeline::239.384*8.49] mapped 332202 sequences
[M::worker_pipeline::239.932*8.49] mapped 332214 sequences
[M::worker_pipeline::240.613*8.49] mapped 332198 sequences
[M::worker_pipeline::241.236*8.49] mapped 332220 sequences
[M::worker_pipeline::241.904*8.49] mapped 332322 sequences
[M::worker_pipeline::242.544*8.49] mapped 332290 sequences
[M::worker_pipeline::243.176*8.49] mapped 332274 sequences
[M::worker_pipeline::243.829*8.49] mapped 332274 sequences
[M::worker_pipeline::244.478*8.50] mapped 332184 sequences
[M::worker_pipeline::245.202*8.50] mapped 332254 sequences
[M::worker_pipeline::245.712*8.50] mapped 332190 sequences
[M::worker_pipeline::246.341*8.50] mapped 332136 sequences
[M::worker_pipeline::247.023*8.50] mapped 332158 sequences
[M::worker_pipeline::247.656*8.50] mapped 332140 sequences
[M::worker_pipeline::248.326*8.50] mapped 332086 sequences
[M::worker_pipeline::248.959*8.50] mapped 332116 sequences
[M::worker_pipeline::249.632*8.51] mapped 332128 sequences
[M::worker_pipeline::250.327*8.51] mapped 332112 sequences
[M::worker_pipeline::251.019*8.51] mapped 332100 sequences
[M::worker_pipeline::251.606*8.51] mapped 332084 sequences
[M::worker_pipeline::252.236*8.51] mapped 332108 sequences
[M::worker_pipeline::253.075*8.52] mapped 332070 sequences
[M::worker_pipeline::253.507*8.51] mapped 332070 sequences
[M::worker_pipeline::254.253*8.51] mapped 332106 sequences
[M::worker_pipeline::254.874*8.52] mapped 332084 sequences
[M::worker_pipeline::255.476*8.52] mapped 332080 sequences
[M::worker_pipeline::256.077*8.52] mapped 332128 sequences
[M::worker_pipeline::256.679*8.52] mapped 332102 sequences
[M::worker_pipeline::257.029*8.51] mapped 332122 sequences
[M::worker_pipeline::257.810*8.52] mapped 332148 sequences
[M::worker_pipeline::258.753*8.52] mapped 332084 sequences
[M::worker_pipeline::259.408*8.53] mapped 332056 sequences
[M::worker_pipeline::260.045*8.53] mapped 332136 sequences
[M::worker_pipeline::260.652*8.53] mapped 332064 sequences
[M::worker_pipeline::261.297*8.53] mapped 332064 sequences
[M::worker_pipeline::261.965*8.53] mapped 332046 sequences
[M::worker_pipeline::262.648*8.53] mapped 332084 sequences
[M::worker_pipeline::263.287*8.53] mapped 332104 sequences
[M::worker_pipeline::264.098*8.54] mapped 332130 sequences
[M::worker_pipeline::268.951*8.42] mapped 332128 sequences
[M::worker_pipeline::269.311*8.41] mapped 332170 sequences
[M::worker_pipeline::269.970*8.41] mapped 332182 sequences
[M::worker_pipeline::270.623*8.41] mapped 332260 sequences
[M::worker_pipeline::271.228*8.41] mapped 332236 sequences
[M::worker_pipeline::271.816*8.41] mapped 332192 sequences
[M::worker_pipeline::272.506*8.41] mapped 332150 sequences
[M::worker_pipeline::273.125*8.42] mapped 332214 sequences
[M::worker_pipeline::273.781*8.42] mapped 332232 sequences
[M::worker_pipeline::274.438*8.42] mapped 332090 sequences
[M::worker_pipeline::275.075*8.42] mapped 332094 sequences
[M::worker_pipeline::275.449*8.41] mapped 332086 sequences
[M::worker_pipeline::276.345*8.42] mapped 332096 sequences
[M::worker_pipeline::277.020*8.42] mapped 332108 sequences
[M::worker_pipeline::277.659*8.42] mapped 332234 sequences
[M::worker_pipeline::278.195*8.42] mapped 332664 sequences
[M::worker_pipeline::278.646*8.42] mapped 332602 sequences
[M::worker_pipeline::279.405*8.41] mapped 332472 sequences
[M::worker_pipeline::280.032*8.41] mapped 332388 sequences
[M::worker_pipeline::281.094*8.42] mapped 332388 sequences
[M::worker_pipeline::281.569*8.42] mapped 332306 sequences
[M::worker_pipeline::282.013*8.42] mapped 332206 sequences
[M::worker_pipeline::283.055*8.43] mapped 332206 sequences
[M::worker_pipeline::283.761*8.43] mapped 332166 sequences
[M::worker_pipeline::284.448*8.43] mapped 332172 sequences
[M::worker_pipeline::285.055*8.43] mapped 332152 sequences
[M::worker_pipeline::285.998*8.44] mapped 332132 sequences
[M::worker_pipeline::286.361*8.43] mapped 332106 sequences
[M::worker_pipeline::287.055*8.43] mapped 332156 sequences
[M::worker_pipeline::287.711*8.43] mapped 332138 sequences
[M::worker_pipeline::288.328*8.44] mapped 332158 sequences
[M::worker_pipeline::288.944*8.44] mapped 332154 sequences
[M::worker_pipeline::289.558*8.44] mapped 332126 sequences
[M::worker_pipeline::289.879*8.43] mapped 332510 sequences
[M::worker_pipeline::290.651*8.43] mapped 332106 sequences
[M::worker_pipeline::291.681*8.44] mapped 332142 sequences
[M::worker_pipeline::292.426*8.44] mapped 332118 sequences
[M::worker_pipeline::293.071*8.44] mapped 332086 sequences
[M::worker_pipeline::293.727*8.44] mapped 332152 sequences
[M::worker_pipeline::294.353*8.44] mapped 332140 sequences
[M::worker_pipeline::295.024*8.44] mapped 332106 sequences
[M::worker_pipeline::296.002*8.45] mapped 332068 sequences
[M::worker_pipeline::296.350*8.44] mapped 332022 sequences
[M::worker_pipeline::296.820*8.44] mapped 332084 sequences
[M::worker_pipeline::297.650*8.45] mapped 332082 sequences
[M::worker_pipeline::298.225*8.45] mapped 332054 sequences
[M::worker_pipeline::298.568*8.44] mapped 332074 sequences
[M::worker_pipeline::299.492*8.45] mapped 332084 sequences
[M::worker_pipeline::300.193*8.45] mapped 332114 sequences
[M::worker_pipeline::300.854*8.45] mapped 332040 sequences
[M::worker_pipeline::301.502*8.45] mapped 332092 sequences
[M::worker_pipeline::302.181*8.45] mapped 332274 sequences
[M::worker_pipeline::302.823*8.45] mapped 332316 sequences
[M::worker_pipeline::303.432*8.46] mapped 332330 sequences
[M::worker_pipeline::304.124*8.46] mapped 332298 sequences
[M::worker_pipeline::304.773*8.46] mapped 332378 sequences
[M::worker_pipeline::305.249*8.46] mapped 332102 sequences
[M::worker_pipeline::306.102*8.46] mapped 332072 sequences
[M::worker_pipeline::306.762*8.46] mapped 332080 sequences
[M::worker_pipeline::307.441*8.46] mapped 332086 sequences
[M::worker_pipeline::308.393*8.47] mapped 332086 sequences
[M::worker_pipeline::308.745*8.46] mapped 332108 sequences
[M::worker_pipeline::309.405*8.46] mapped 332088 sequences
[M::worker_pipeline::310.058*8.46] mapped 332132 sequences
[M::worker_pipeline::310.721*8.47] mapped 332202 sequences
[M::worker_pipeline::311.344*8.47] mapped 332150 sequences
[M::worker_pipeline::311.943*8.47] mapped 332150 sequences
[M::worker_pipeline::312.615*8.47] mapped 332190 sequences
[M::worker_pipeline::313.460*8.48] mapped 332140 sequences
[M::worker_pipeline::313.904*8.47] mapped 332226 sequences
[M::worker_pipeline::314.556*8.47] mapped 332224 sequences
[M::worker_pipeline::315.200*8.47] mapped 332228 sequences
[M::worker_pipeline::315.849*8.47] mapped 332286 sequences
[M::worker_pipeline::316.481*8.47] mapped 332254 sequences
[M::worker_pipeline::317.159*8.47] mapped 332176 sequences
[M::worker_pipeline::317.763*8.48] mapped 332084 sequences
[M::worker_pipeline::318.417*8.48] mapped 332062 sequences
[M::worker_pipeline::319.108*8.48] mapped 332150 sequences
[M::worker_pipeline::319.747*8.48] mapped 332116 sequences
[M::worker_pipeline::320.404*8.48] mapped 332260 sequences
[M::worker_pipeline::321.008*8.48] mapped 332742 sequences
[M::worker_pipeline::321.639*8.48] mapped 332682 sequences
[M::worker_pipeline::322.273*8.48] mapped 332596 sequences
[M::worker_pipeline::322.979*8.48] mapped 332526 sequences
[M::worker_pipeline::323.647*8.49] mapped 332544 sequences
[M::worker_pipeline::324.298*8.49] mapped 332508 sequences
[M::worker_pipeline::324.931*8.49] mapped 332470 sequences
[M::worker_pipeline::325.582*8.49] mapped 332302 sequences
[M::worker_pipeline::326.242*8.49] mapped 332384 sequences
[M::worker_pipeline::326.908*8.49] mapped 332346 sequences
[M::worker_pipeline::327.562*8.49] mapped 332328 sequences
[M::worker_pipeline::328.202*8.49] mapped 332278 sequences
[M::worker_pipeline::328.777*8.49] mapped 332334 sequences
[M::worker_pipeline::329.435*8.49] mapped 332320 sequences
[M::worker_pipeline::330.072*8.50] mapped 332318 sequences
[M::worker_pipeline::330.874*8.50] mapped 332352 sequences
[M::worker_pipeline::335.831*8.40] mapped 332360 sequences
[M::worker_pipeline::336.195*8.39] mapped 332484 sequences
[M::worker_pipeline::336.816*8.40] mapped 332408 sequences
[M::worker_pipeline::337.480*8.40] mapped 332362 sequences
[M::worker_pipeline::338.102*8.40] mapped 332412 sequences
[M::worker_pipeline::338.646*8.40] mapped 332330 sequences
[M::worker_pipeline::339.404*8.40] mapped 332270 sequences
[M::worker_pipeline::340.079*8.40] mapped 332240 sequences
[M::worker_pipeline::340.686*8.40] mapped 332196 sequences
[M::worker_pipeline::341.052*8.40] mapped 332196 sequences
[M::worker_pipeline::341.999*8.41] mapped 332138 sequences
[M::worker_pipeline::342.621*8.41] mapped 332182 sequences
[M::worker_pipeline::343.258*8.41] mapped 332160 sequences
[M::worker_pipeline::343.923*8.41] mapped 332232 sequences
[M::worker_pipeline::344.540*8.41] mapped 332230 sequences
[M::worker_pipeline::345.192*8.41] mapped 332188 sequences
[M::worker_pipeline::345.914*8.41] mapped 332110 sequences
[M::worker_pipeline::346.541*8.41] mapped 332164 sequences
[M::worker_pipeline::347.202*8.41] mapped 332174 sequences
[M::worker_pipeline::347.883*8.41] mapped 332370 sequences
[M::worker_pipeline::348.779*8.42] mapped 332532 sequences
[M::worker_pipeline::349.204*8.41] mapped 332550 sequences
[M::worker_pipeline::349.868*8.41] mapped 332426 sequences
[M::worker_pipeline::350.550*8.41] mapped 332478 sequences
[M::worker_pipeline::351.270*8.41] mapped 332302 sequences
[M::worker_pipeline::351.890*8.42] mapped 332126 sequences
[M::worker_pipeline::352.840*8.42] mapped 332068 sequences
[M::worker_pipeline::353.184*8.42] mapped 332084 sequences
[M::worker_pipeline::353.862*8.42] mapped 332124 sequences
[M::worker_pipeline::354.511*8.42] mapped 332148 sequences
[M::worker_pipeline::355.190*8.42] mapped 332070 sequences
[M::worker_pipeline::355.803*8.42] mapped 332130 sequences
[M::worker_pipeline::356.457*8.42] mapped 332152 sequences
[M::worker_pipeline::357.020*8.42] mapped 332150 sequences
[M::worker_pipeline::357.573*8.42] mapped 332190 sequences
[M::worker_pipeline::358.302*8.43] mapped 332166 sequences
[M::worker_pipeline::358.916*8.43] mapped 332164 sequences
[M::worker_pipeline::359.267*8.42] mapped 332142 sequences
[M::worker_pipeline::360.330*8.43] mapped 332158 sequences
[M::worker_pipeline::360.984*8.43] mapped 332166 sequences
[M::worker_pipeline::361.655*8.43] mapped 332178 sequences
[M::worker_pipeline::362.070*8.42] mapped 332122 sequences
[M::worker_pipeline::362.955*8.43] mapped 332068 sequences
[M::worker_pipeline::363.300*8.42] mapped 332104 sequences
[M::worker_pipeline::364.023*8.43] mapped 332032 sequences
[M::worker_pipeline::364.684*8.43] mapped 332020 sequences
[M::worker_pipeline::365.638*8.43] mapped 332032 sequences
[M::worker_pipeline::366.068*8.43] mapped 332088 sequences
[M::worker_pipeline::366.312*8.43] mapped 220718 sequences
[M::main] Version: 2.22-r1101
[M::main] CMD: minimap2 --secondary=no -t 16 -R @RG\tID:snippy\tSM:snippy -ax sr /work/FAC/FBM/DMF/smitri/evomicrocomm/genome_size/data/at/reference.fasta /work/FAC/FBM/DMF/smitri/evomicrocomm/genome_size/data/T44.3.5/read1.fq.gz /work/FAC/FBM/DMF/smitri/evomicrocomm/genome_size/data/T44.3.5/read2.fq.gz
[M::main] Real time: 366.336 sec; CPU: 3086.273 sec; Peak RSS: 0.809 GB
[bam_sort_core] merging from 80 files and 16 in-memory blocks...
[Sun Oct 17 22:59:48 2021]
Finished job 0.
1 of 1 steps (100%) done
