Building DAG of jobs...
Using shell: /usr/bin/bash
Provided cores: 16
Rules claiming more threads will be scaled down.
Select jobs to execute...

[Sun Oct 17 22:33:24 2021]
rule mapping:
    input: /work/FAC/FBM/DMF/smitri/evomicrocomm/genome_size/data/ms/reference.fasta, /work/FAC/FBM/DMF/smitri/evomicrocomm/genome_size/data/T33.3.5/read1.fq.gz, /work/FAC/FBM/DMF/smitri/evomicrocomm/genome_size/data/T33.3.5/read2.fq.gz
    output: /work/FAC/FBM/DMF/smitri/evomicrocomm/genome_size/data/T33.3.5/ms/mapped_reads.sorted.bam
    jobid: 0
    wildcards: sample=T33.3.5, strain=ms
    threads: 16
    resources: mem_mb=20466, disk_mb=20466, tmpdir=/tmp/2846035

[M::mm_idx_gen::0.087*0.98] collected minimizers
[M::mm_idx_gen::0.111*1.97] sorted minimizers
[M::main::0.111*1.97] loaded/built the index for 1 target sequence(s)
[M::mm_mapopt_update::0.111*1.97] mid_occ = 1000
[M::mm_idx_stat] kmer size: 21; skip: 11; is_hpc: 0; #seq: 1
[M::mm_idx_stat::0.121*1.89] distinct minimizers: 620509 (99.65% are singletons); average occurrences: 1.004; average spacing: 5.998; total length: 3737398
[M::worker_pipeline::1.364*2.13] mapped 332754 sequences
[M::worker_pipeline::2.225*2.35] mapped 332864 sequences
[M::worker_pipeline::3.159*2.46] mapped 332654 sequences
[M::worker_pipeline::3.913*2.58] mapped 332534 sequences
[M::worker_pipeline::4.893*2.58] mapped 332546 sequences
[M::worker_pipeline::5.462*2.71] mapped 332448 sequences
[M::worker_pipeline::6.164*2.79] mapped 332466 sequences
[M::worker_pipeline::6.903*2.85] mapped 332390 sequences
[M::worker_pipeline::7.392*2.96] mapped 332328 sequences
[M::worker_pipeline::7.980*3.03] mapped 332310 sequences
[M::worker_pipeline::8.710*3.06] mapped 332362 sequences
[M::worker_pipeline::9.195*3.14] mapped 332294 sequences
[M::worker_pipeline::9.820*3.17] mapped 332292 sequences
[M::worker_pipeline::10.674*3.17] mapped 332286 sequences
[M::worker_pipeline::11.107*3.24] mapped 332306 sequences
[M::worker_pipeline::11.755*3.26] mapped 332330 sequences
[M::worker_pipeline::12.464*3.27] mapped 332330 sequences
[M::worker_pipeline::12.975*3.32] mapped 332324 sequences
[M::worker_pipeline::13.564*3.34] mapped 332300 sequences
[M::worker_pipeline::14.320*3.35] mapped 332286 sequences
[M::worker_pipeline::14.848*3.38] mapped 332358 sequences
[M::worker_pipeline::15.462*3.40] mapped 332294 sequences
[M::worker_pipeline::16.217*3.39] mapped 332232 sequences
[M::worker_pipeline::16.693*3.42] mapped 332268 sequences
[M::worker_pipeline::17.299*3.43] mapped 332192 sequences
[M::worker_pipeline::17.969*3.44] mapped 332222 sequences
[M::worker_pipeline::18.514*3.46] mapped 332268 sequences
[M::worker_pipeline::19.169*3.46] mapped 332248 sequences
[M::worker_pipeline::19.841*3.47] mapped 332278 sequences
[M::worker_pipeline::20.359*3.49] mapped 332214 sequences
[M::worker_pipeline::20.985*3.49] mapped 332170 sequences
[M::worker_pipeline::21.616*3.49] mapped 332148 sequences
[M::worker_pipeline::22.377*3.49] mapped 332132 sequences
[M::worker_pipeline::23.074*3.49] mapped 332108 sequences
[M::worker_pipeline::23.631*3.51] mapped 332138 sequences
[M::worker_pipeline::24.301*3.51] mapped 332068 sequences
[M::worker_pipeline::24.950*3.52] mapped 332082 sequences
[M::worker_pipeline::25.550*3.52] mapped 332086 sequences
[M::worker_pipeline::26.282*3.52] mapped 332098 sequences
[M::worker_pipeline::26.916*3.52] mapped 332014 sequences
[M::worker_pipeline::27.553*3.52] mapped 332014 sequences
[M::worker_pipeline::28.202*3.52] mapped 332024 sequences
[M::worker_pipeline::28.975*3.51] mapped 332026 sequences
[M::worker_pipeline::29.695*3.51] mapped 332002 sequences
[M::worker_pipeline::30.168*3.53] mapped 331990 sequences
[M::worker_pipeline::30.907*3.52] mapped 331992 sequences
[M::worker_pipeline::31.572*3.53] mapped 332014 sequences
[M::worker_pipeline::32.093*3.54] mapped 331970 sequences
[M::worker_pipeline::32.758*3.53] mapped 331986 sequences
[M::worker_pipeline::33.434*3.54] mapped 331968 sequences
[M::worker_pipeline::33.990*3.54] mapped 331982 sequences
[M::worker_pipeline::34.657*3.54] mapped 332020 sequences
[M::worker_pipeline::35.338*3.54] mapped 332006 sequences
[M::worker_pipeline::35.878*3.55] mapped 332008 sequences
[M::worker_pipeline::36.710*3.54] mapped 331998 sequences
[M::worker_pipeline::37.278*3.55] mapped 332046 sequences
[M::worker_pipeline::37.908*3.55] mapped 332096 sequences
[M::worker_pipeline::38.666*3.54] mapped 332032 sequences
[M::worker_pipeline::39.191*3.55] mapped 332036 sequences
[M::worker_pipeline::39.774*3.55] mapped 332108 sequences
[M::worker_pipeline::40.437*3.55] mapped 332106 sequences
[M::worker_pipeline::41.106*3.55] mapped 332242 sequences
[M::worker_pipeline::41.736*3.55] mapped 332802 sequences
[M::worker_pipeline::42.436*3.55] mapped 332648 sequences
[M::worker_pipeline::43.046*3.55] mapped 332464 sequences
[M::worker_pipeline::43.709*3.55] mapped 332516 sequences
[M::worker_pipeline::44.372*3.55] mapped 332410 sequences
[M::worker_pipeline::45.011*3.55] mapped 332356 sequences
[M::worker_pipeline::45.644*3.55] mapped 332362 sequences
[M::worker_pipeline::46.245*3.55] mapped 332374 sequences
[M::worker_pipeline::46.939*3.55] mapped 332290 sequences
[M::worker_pipeline::47.530*3.55] mapped 332234 sequences
[M::worker_pipeline::48.251*3.54] mapped 332290 sequences
[M::worker_pipeline::48.830*3.55] mapped 332248 sequences
[M::worker_pipeline::49.483*3.55] mapped 332304 sequences
[M::worker_pipeline::50.259*3.54] mapped 332380 sequences
[M::worker_pipeline::50.744*3.55] mapped 332332 sequences
[M::worker_pipeline::51.612*3.54] mapped 332274 sequences
[M::worker_pipeline::52.114*3.55] mapped 332336 sequences
[M::worker_pipeline::52.693*3.55] mapped 332306 sequences
[M::worker_pipeline::53.369*3.55] mapped 332218 sequences
[M::worker_pipeline::53.986*3.55] mapped 332178 sequences
[M::worker_pipeline::54.643*3.55] mapped 332182 sequences
[M::worker_pipeline::55.280*3.55] mapped 332188 sequences
[M::worker_pipeline::56.098*3.55] mapped 332188 sequences
[M::worker_pipeline::56.558*3.55] mapped 332254 sequences
[M::worker_pipeline::57.261*3.55] mapped 332192 sequences
[M::worker_pipeline::57.834*3.55] mapped 332128 sequences
[M::worker_pipeline::58.490*3.55] mapped 332126 sequences
[M::worker_pipeline::59.094*3.56] mapped 332140 sequences
[M::worker_pipeline::59.715*3.56] mapped 332126 sequences
[M::worker_pipeline::60.366*3.56] mapped 332132 sequences
[M::worker_pipeline::61.040*3.56] mapped 332090 sequences
[M::worker_pipeline::61.659*3.56] mapped 332090 sequences
[M::worker_pipeline::62.249*3.56] mapped 332066 sequences
[M::worker_pipeline::62.941*3.56] mapped 332102 sequences
[M::worker_pipeline::63.568*3.56] mapped 332068 sequences
[M::worker_pipeline::64.161*3.56] mapped 332084 sequences
[M::worker_pipeline::64.846*3.56] mapped 332100 sequences
[M::worker_pipeline::65.515*3.56] mapped 332104 sequences
[M::worker_pipeline::66.131*3.56] mapped 332118 sequences
[M::worker_pipeline::66.738*3.57] mapped 332030 sequences
[M::worker_pipeline::67.386*3.57] mapped 332074 sequences
[M::worker_pipeline::68.001*3.57] mapped 332074 sequences
[M::worker_pipeline::68.680*3.57] mapped 332046 sequences
[M::worker_pipeline::75.347*3.33] mapped 332028 sequences
[M::worker_pipeline::75.492*3.33] mapped 332006 sequences
[M::worker_pipeline::75.638*3.33] mapped 332032 sequences
[M::worker_pipeline::76.229*3.33] mapped 332042 sequences
[M::worker_pipeline::76.910*3.33] mapped 332020 sequences
[M::worker_pipeline::77.534*3.33] mapped 332048 sequences
[M::worker_pipeline::78.103*3.34] mapped 332010 sequences
[M::worker_pipeline::78.775*3.34] mapped 332046 sequences
[M::worker_pipeline::79.521*3.34] mapped 332000 sequences
[M::worker_pipeline::80.166*3.34] mapped 332008 sequences
[M::worker_pipeline::80.816*3.34] mapped 332020 sequences
[M::worker_pipeline::81.385*3.34] mapped 332064 sequences
[M::worker_pipeline::82.009*3.35] mapped 332094 sequences
[M::worker_pipeline::82.644*3.35] mapped 332132 sequences
[M::worker_pipeline::83.259*3.35] mapped 332194 sequences
[M::worker_pipeline::83.916*3.35] mapped 332152 sequences
[M::worker_pipeline::84.556*3.35] mapped 332104 sequences
[M::worker_pipeline::85.232*3.35] mapped 332244 sequences
[M::worker_pipeline::85.852*3.35] mapped 332296 sequences
[M::worker_pipeline::86.490*3.35] mapped 332784 sequences
[M::worker_pipeline::87.176*3.35] mapped 332658 sequences
[M::worker_pipeline::87.746*3.36] mapped 332616 sequences
[M::worker_pipeline::88.406*3.36] mapped 332506 sequences
[M::worker_pipeline::89.023*3.36] mapped 332544 sequences
[M::worker_pipeline::89.693*3.36] mapped 332448 sequences
[M::worker_pipeline::90.455*3.36] mapped 332440 sequences
[M::worker_pipeline::90.986*3.37] mapped 332422 sequences
[M::worker_pipeline::91.589*3.37] mapped 332310 sequences
[M::worker_pipeline::92.198*3.37] mapped 332268 sequences
[M::worker_pipeline::92.876*3.37] mapped 332280 sequences
[M::worker_pipeline::93.466*3.37] mapped 332318 sequences
[M::worker_pipeline::94.147*3.37] mapped 332302 sequences
[M::worker_pipeline::94.849*3.37] mapped 332376 sequences
[M::worker_pipeline::95.461*3.38] mapped 332448 sequences
[M::worker_pipeline::96.064*3.38] mapped 332564 sequences
[M::worker_pipeline::96.750*3.38] mapped 332538 sequences
[M::worker_pipeline::97.363*3.38] mapped 332860 sequences
[M::worker_pipeline::98.029*3.38] mapped 332424 sequences
[M::worker_pipeline::98.685*3.38] mapped 332458 sequences
[M::worker_pipeline::99.389*3.38] mapped 332406 sequences
[M::worker_pipeline::100.003*3.38] mapped 332354 sequences
[M::worker_pipeline::100.645*3.38] mapped 332348 sequences
[M::worker_pipeline::101.405*3.38] mapped 332316 sequences
[M::worker_pipeline::101.893*3.39] mapped 332208 sequences
[M::worker_pipeline::102.553*3.39] mapped 332190 sequences
[M::worker_pipeline::103.150*3.39] mapped 332156 sequences
[M::worker_pipeline::103.787*3.40] mapped 332858 sequences
[M::worker_pipeline::104.360*3.40] mapped 332220 sequences
[M::worker_pipeline::104.979*3.40] mapped 332154 sequences
[M::worker_pipeline::105.582*3.40] mapped 332118 sequences
[M::worker_pipeline::106.207*3.40] mapped 332168 sequences
[M::worker_pipeline::106.892*3.40] mapped 332202 sequences
[M::worker_pipeline::107.556*3.40] mapped 332176 sequences
[M::worker_pipeline::108.189*3.41] mapped 332132 sequences
[M::worker_pipeline::108.800*3.41] mapped 332124 sequences
[M::worker_pipeline::109.451*3.41] mapped 332110 sequences
[M::worker_pipeline::110.105*3.41] mapped 332156 sequences
[M::worker_pipeline::110.745*3.41] mapped 332060 sequences
[M::worker_pipeline::111.382*3.41] mapped 332036 sequences
[M::worker_pipeline::111.981*3.41] mapped 332030 sequences
[M::worker_pipeline::112.564*3.41] mapped 332022 sequences
[M::worker_pipeline::113.267*3.41] mapped 332010 sequences
[M::worker_pipeline::113.853*3.42] mapped 332006 sequences
[M::worker_pipeline::114.530*3.42] mapped 331988 sequences
[M::worker_pipeline::115.130*3.42] mapped 332004 sequences
[M::worker_pipeline::115.757*3.42] mapped 331996 sequences
[M::worker_pipeline::116.344*3.42] mapped 331978 sequences
[M::worker_pipeline::117.009*3.42] mapped 332002 sequences
[M::worker_pipeline::117.604*3.42] mapped 331972 sequences
[M::worker_pipeline::118.284*3.42] mapped 331988 sequences
[M::worker_pipeline::118.904*3.43] mapped 332002 sequences
[M::worker_pipeline::119.479*3.43] mapped 331988 sequences
[M::worker_pipeline::120.130*3.43] mapped 331990 sequences
[M::worker_pipeline::120.720*3.43] mapped 332004 sequences
[M::worker_pipeline::121.349*3.43] mapped 332058 sequences
[M::worker_pipeline::122.058*3.43] mapped 332102 sequences
[M::worker_pipeline::122.590*3.43] mapped 332034 sequences
[M::worker_pipeline::123.273*3.43] mapped 332036 sequences
[M::worker_pipeline::123.831*3.44] mapped 332084 sequences
[M::worker_pipeline::124.458*3.44] mapped 332096 sequences
[M::worker_pipeline::125.138*3.44] mapped 332516 sequences
[M::worker_pipeline::125.697*3.44] mapped 332848 sequences
[M::worker_pipeline::126.414*3.44] mapped 332902 sequences
[M::worker_pipeline::127.050*3.44] mapped 332610 sequences
[M::worker_pipeline::127.685*3.44] mapped 332648 sequences
[M::worker_pipeline::128.340*3.44] mapped 332540 sequences
[M::worker_pipeline::129.041*3.44] mapped 332484 sequences
[M::worker_pipeline::129.654*3.44] mapped 332450 sequences
[M::worker_pipeline::130.237*3.44] mapped 332370 sequences
[M::worker_pipeline::130.912*3.44] mapped 332400 sequences
[M::worker_pipeline::131.508*3.44] mapped 332410 sequences
[M::worker_pipeline::132.167*3.44] mapped 332362 sequences
[M::worker_pipeline::132.822*3.44] mapped 332446 sequences
[M::worker_pipeline::133.441*3.44] mapped 332528 sequences
[M::worker_pipeline::134.104*3.44] mapped 332586 sequences
[M::worker_pipeline::134.749*3.44] mapped 332608 sequences
[M::worker_pipeline::135.377*3.45] mapped 332600 sequences
[M::worker_pipeline::136.027*3.45] mapped 332642 sequences
[M::worker_pipeline::136.670*3.45] mapped 332470 sequences
[M::worker_pipeline::137.277*3.45] mapped 332438 sequences
[M::worker_pipeline::137.897*3.45] mapped 332438 sequences
[M::worker_pipeline::138.525*3.45] mapped 332440 sequences
[M::worker_pipeline::139.206*3.45] mapped 332448 sequences
[M::worker_pipeline::139.787*3.45] mapped 332480 sequences
[M::worker_pipeline::140.456*3.45] mapped 332470 sequences
[M::worker_pipeline::141.076*3.45] mapped 332332 sequences
[M::worker_pipeline::146.282*3.37] mapped 332336 sequences
[M::worker_pipeline::146.472*3.37] mapped 332308 sequences
[M::worker_pipeline::146.642*3.37] mapped 332310 sequences
[M::worker_pipeline::147.203*3.37] mapped 332268 sequences
[M::worker_pipeline::147.790*3.37] mapped 332350 sequences
[M::worker_pipeline::148.453*3.37] mapped 332304 sequences
[M::worker_pipeline::149.127*3.37] mapped 332348 sequences
[M::worker_pipeline::149.780*3.37] mapped 332324 sequences
[M::worker_pipeline::150.775*3.37] mapped 332294 sequences
[M::worker_pipeline::151.150*3.37] mapped 332270 sequences
[M::worker_pipeline::151.777*3.37] mapped 332192 sequences
[M::worker_pipeline::152.398*3.37] mapped 332232 sequences
[M::worker_pipeline::153.042*3.37] mapped 332204 sequences
[M::worker_pipeline::153.660*3.38] mapped 332226 sequences
[M::worker_pipeline::154.345*3.38] mapped 332244 sequences
[M::worker_pipeline::155.029*3.38] mapped 332154 sequences
[M::worker_pipeline::155.648*3.38] mapped 332186 sequences
[M::worker_pipeline::156.312*3.38] mapped 332148 sequences
[M::worker_pipeline::156.958*3.38] mapped 332164 sequences
[M::worker_pipeline::157.564*3.38] mapped 332110 sequences
[M::worker_pipeline::158.219*3.38] mapped 332052 sequences
[M::worker_pipeline::158.858*3.38] mapped 332098 sequences
[M::worker_pipeline::159.473*3.38] mapped 332080 sequences
[M::worker_pipeline::160.133*3.38] mapped 332072 sequences
[M::worker_pipeline::160.712*3.38] mapped 332060 sequences
[M::worker_pipeline::161.378*3.38] mapped 332050 sequences
[M::worker_pipeline::161.980*3.39] mapped 332050 sequences
[M::worker_pipeline::162.669*3.39] mapped 332108 sequences
[M::worker_pipeline::163.282*3.39] mapped 332076 sequences
[M::worker_pipeline::163.932*3.39] mapped 332128 sequences
[M::worker_pipeline::164.525*3.39] mapped 332172 sequences
[M::worker_pipeline::165.200*3.39] mapped 332224 sequences
[M::worker_pipeline::165.953*3.39] mapped 332226 sequences
[M::worker_pipeline::166.426*3.39] mapped 332206 sequences
[M::worker_pipeline::167.103*3.39] mapped 332224 sequences
[M::worker_pipeline::167.898*3.39] mapped 332266 sequences
[M::worker_pipeline::168.345*3.40] mapped 332680 sequences
[M::worker_pipeline::168.992*3.40] mapped 332954 sequences
[M::worker_pipeline::169.799*3.40] mapped 332634 sequences
[M::worker_pipeline::170.274*3.40] mapped 332578 sequences
[M::worker_pipeline::170.961*3.40] mapped 332584 sequences
[M::worker_pipeline::171.498*3.40] mapped 332524 sequences
[M::worker_pipeline::172.124*3.40] mapped 332430 sequences
[M::worker_pipeline::172.684*3.40] mapped 332348 sequences
[M::worker_pipeline::173.380*3.40] mapped 332358 sequences
[M::worker_pipeline::174.001*3.40] mapped 332298 sequences
[M::worker_pipeline::174.629*3.40] mapped 332306 sequences
[M::worker_pipeline::175.267*3.40] mapped 332304 sequences
[M::worker_pipeline::175.832*3.41] mapped 332366 sequences
[M::worker_pipeline::176.453*3.41] mapped 332302 sequences
[M::worker_pipeline::177.156*3.41] mapped 332270 sequences
[M::worker_pipeline::177.756*3.41] mapped 332270 sequences
[M::worker_pipeline::178.388*3.41] mapped 332246 sequences
[M::worker_pipeline::179.066*3.41] mapped 332284 sequences
[M::worker_pipeline::179.679*3.41] mapped 332242 sequences
[M::worker_pipeline::180.296*3.41] mapped 332278 sequences
[M::worker_pipeline::180.953*3.41] mapped 332280 sequences
[M::worker_pipeline::181.587*3.41] mapped 332214 sequences
[M::worker_pipeline::182.179*3.41] mapped 332202 sequences
[M::worker_pipeline::182.860*3.41] mapped 332208 sequences
[M::worker_pipeline::183.509*3.41] mapped 332190 sequences
[M::worker_pipeline::184.127*3.41] mapped 332192 sequences
[M::worker_pipeline::184.789*3.41] mapped 332242 sequences
[M::worker_pipeline::185.476*3.41] mapped 332200 sequences
[M::worker_pipeline::186.157*3.41] mapped 332184 sequences
[M::worker_pipeline::186.635*3.42] mapped 332146 sequences
[M::worker_pipeline::187.326*3.42] mapped 332150 sequences
[M::worker_pipeline::187.951*3.42] mapped 332126 sequences
[M::worker_pipeline::188.523*3.42] mapped 332076 sequences
[M::worker_pipeline::189.220*3.42] mapped 332092 sequences
[M::worker_pipeline::189.850*3.42] mapped 332124 sequences
[M::worker_pipeline::190.499*3.42] mapped 332138 sequences
[M::worker_pipeline::191.123*3.42] mapped 332106 sequences
[M::worker_pipeline::191.732*3.42] mapped 332144 sequences
[M::worker_pipeline::192.339*3.42] mapped 332138 sequences
[M::worker_pipeline::192.965*3.42] mapped 332184 sequences
[M::worker_pipeline::193.519*3.42] mapped 332140 sequences
[M::worker_pipeline::194.159*3.42] mapped 332200 sequences
[M::worker_pipeline::194.813*3.42] mapped 332196 sequences
[M::worker_pipeline::195.397*3.43] mapped 332188 sequences
[M::worker_pipeline::196.068*3.43] mapped 332164 sequences
[M::worker_pipeline::196.697*3.43] mapped 332238 sequences
[M::worker_pipeline::197.396*3.43] mapped 332234 sequences
[M::worker_pipeline::197.958*3.43] mapped 332234 sequences
[M::worker_pipeline::198.588*3.43] mapped 332292 sequences
[M::worker_pipeline::199.215*3.43] mapped 332338 sequences
[M::worker_pipeline::199.849*3.43] mapped 332362 sequences
[M::worker_pipeline::200.460*3.43] mapped 332348 sequences
[M::worker_pipeline::201.113*3.43] mapped 332374 sequences
[M::worker_pipeline::201.779*3.43] mapped 332328 sequences
[M::worker_pipeline::202.359*3.43] mapped 332270 sequences
[M::worker_pipeline::202.970*3.43] mapped 332190 sequences
[M::worker_pipeline::203.624*3.43] mapped 332104 sequences
[M::worker_pipeline::204.247*3.43] mapped 332082 sequences
[M::worker_pipeline::204.857*3.43] mapped 332090 sequences
[M::worker_pipeline::205.430*3.44] mapped 332076 sequences
[M::worker_pipeline::206.082*3.44] mapped 332624 sequences
[M::worker_pipeline::206.777*3.44] mapped 332630 sequences
[M::worker_pipeline::207.363*3.44] mapped 332486 sequences
[M::worker_pipeline::208.029*3.44] mapped 332472 sequences
[M::worker_pipeline::208.616*3.44] mapped 332432 sequences
[M::worker_pipeline::209.279*3.44] mapped 332362 sequences
[M::worker_pipeline::209.935*3.44] mapped 332328 sequences
[M::worker_pipeline::210.587*3.44] mapped 332250 sequences
[M::worker_pipeline::211.203*3.44] mapped 332280 sequences
[M::worker_pipeline::216.718*3.38] mapped 332234 sequences
[M::worker_pipeline::216.901*3.38] mapped 332224 sequences
[M::worker_pipeline::217.067*3.38] mapped 332212 sequences
[M::worker_pipeline::217.597*3.38] mapped 332244 sequences
[M::worker_pipeline::218.238*3.38] mapped 332230 sequences
[M::worker_pipeline::218.882*3.38] mapped 332290 sequences
[M::worker_pipeline::219.512*3.38] mapped 332264 sequences
[M::worker_pipeline::220.162*3.38] mapped 332268 sequences
[M::worker_pipeline::220.808*3.38] mapped 332212 sequences
[M::worker_pipeline::221.415*3.38] mapped 332206 sequences
[M::worker_pipeline::222.084*3.38] mapped 332264 sequences
[M::worker_pipeline::222.702*3.38] mapped 332124 sequences
[M::worker_pipeline::223.322*3.38] mapped 332132 sequences
[M::worker_pipeline::223.997*3.38] mapped 332132 sequences
[M::worker_pipeline::224.619*3.39] mapped 332068 sequences
[M::worker_pipeline::225.234*3.39] mapped 332100 sequences
[M::worker_pipeline::225.827*3.39] mapped 332096 sequences
[M::worker_pipeline::226.453*3.39] mapped 332060 sequences
[M::worker_pipeline::227.070*3.39] mapped 332112 sequences
[M::worker_pipeline::227.681*3.39] mapped 332092 sequences
[M::worker_pipeline::228.306*3.39] mapped 332096 sequences
[M::worker_pipeline::228.926*3.39] mapped 332084 sequences
[M::worker_pipeline::229.550*3.39] mapped 332094 sequences
[M::worker_pipeline::230.200*3.39] mapped 332068 sequences
[M::worker_pipeline::230.797*3.39] mapped 332064 sequences
[M::worker_pipeline::231.466*3.39] mapped 332092 sequences
[M::worker_pipeline::232.101*3.39] mapped 332168 sequences
[M::worker_pipeline::232.717*3.39] mapped 332142 sequences
[M::worker_pipeline::233.382*3.40] mapped 332108 sequences
[M::worker_pipeline::233.986*3.40] mapped 332080 sequences
[M::worker_pipeline::234.599*3.40] mapped 332068 sequences
[M::worker_pipeline::235.218*3.40] mapped 332112 sequences
[M::worker_pipeline::235.853*3.40] mapped 332078 sequences
[M::worker_pipeline::236.496*3.40] mapped 332046 sequences
[M::worker_pipeline::237.120*3.40] mapped 332096 sequences
[M::worker_pipeline::237.743*3.40] mapped 332056 sequences
[M::worker_pipeline::238.318*3.40] mapped 332142 sequences
[M::worker_pipeline::238.962*3.40] mapped 332138 sequences
[M::worker_pipeline::239.547*3.40] mapped 332150 sequences
[M::worker_pipeline::240.243*3.40] mapped 332146 sequences
[M::worker_pipeline::240.826*3.40] mapped 332218 sequences
[M::worker_pipeline::241.402*3.40] mapped 332202 sequences
[M::worker_pipeline::242.086*3.40] mapped 332204 sequences
[M::worker_pipeline::242.741*3.40] mapped 332192 sequences
[M::worker_pipeline::243.351*3.40] mapped 332220 sequences
[M::worker_pipeline::244.149*3.40] mapped 332224 sequences
[M::worker_pipeline::244.608*3.41] mapped 332096 sequences
[M::worker_pipeline::245.241*3.41] mapped 332036 sequences
[M::worker_pipeline::245.895*3.41] mapped 332024 sequences
[M::worker_pipeline::246.518*3.41] mapped 332080 sequences
[M::worker_pipeline::247.175*3.41] mapped 332112 sequences
[M::worker_pipeline::247.748*3.41] mapped 332584 sequences
[M::worker_pipeline::248.351*3.41] mapped 332610 sequences
[M::worker_pipeline::248.976*3.41] mapped 332484 sequences
[M::worker_pipeline::249.592*3.41] mapped 332398 sequences
[M::worker_pipeline::250.255*3.41] mapped 332386 sequences
[M::worker_pipeline::250.926*3.41] mapped 332316 sequences
[M::worker_pipeline::251.481*3.41] mapped 332246 sequences
[M::worker_pipeline::252.069*3.41] mapped 332250 sequences
[M::worker_pipeline::252.726*3.41] mapped 332178 sequences
[M::worker_pipeline::253.319*3.42] mapped 332182 sequences
[M::worker_pipeline::253.956*3.42] mapped 332164 sequences
[M::worker_pipeline::254.551*3.42] mapped 332130 sequences
[M::worker_pipeline::255.167*3.42] mapped 332156 sequences
[M::worker_pipeline::255.800*3.42] mapped 332154 sequences
[M::worker_pipeline::256.483*3.42] mapped 332204 sequences
[M::worker_pipeline::257.119*3.42] mapped 332172 sequences
[M::worker_pipeline::257.764*3.42] mapped 332140 sequences
[M::worker_pipeline::258.347*3.42] mapped 332498 sequences
[M::worker_pipeline::258.941*3.42] mapped 332140 sequences
[M::worker_pipeline::259.551*3.42] mapped 332134 sequences
[M::worker_pipeline::260.217*3.42] mapped 332106 sequences
[M::worker_pipeline::260.849*3.42] mapped 332118 sequences
[M::worker_pipeline::261.534*3.42] mapped 332186 sequences
[M::worker_pipeline::262.148*3.42] mapped 332096 sequences
[M::worker_pipeline::262.791*3.42] mapped 332088 sequences
[M::worker_pipeline::263.427*3.42] mapped 332070 sequences
[M::worker_pipeline::264.072*3.42] mapped 332054 sequences
[M::worker_pipeline::264.725*3.42] mapped 332118 sequences
[M::worker_pipeline::265.314*3.42] mapped 332062 sequences
[M::worker_pipeline::265.984*3.42] mapped 332096 sequences
[M::worker_pipeline::266.600*3.42] mapped 332058 sequences
[M::worker_pipeline::267.246*3.42] mapped 332046 sequences
[M::worker_pipeline::267.976*3.42] mapped 332030 sequences
[M::worker_pipeline::268.487*3.43] mapped 332108 sequences
[M::worker_pipeline::269.089*3.43] mapped 332276 sequences
[M::worker_pipeline::269.860*3.43] mapped 332312 sequences
[M::worker_pipeline::270.377*3.43] mapped 332302 sequences
[M::worker_pipeline::270.993*3.43] mapped 332350 sequences
[M::worker_pipeline::271.703*3.43] mapped 332170 sequences
[M::worker_pipeline::272.269*3.43] mapped 332036 sequences
[M::worker_pipeline::272.955*3.43] mapped 332116 sequences
[M::worker_pipeline::273.557*3.43] mapped 332062 sequences
[M::worker_pipeline::274.151*3.43] mapped 332090 sequences
[M::worker_pipeline::274.869*3.43] mapped 332074 sequences
[M::worker_pipeline::275.547*3.43] mapped 332086 sequences
[M::worker_pipeline::276.150*3.43] mapped 332212 sequences
[M::worker_pipeline::276.815*3.43] mapped 332112 sequences
[M::worker_pipeline::277.474*3.43] mapped 332148 sequences
[M::worker_pipeline::278.039*3.43] mapped 332166 sequences
[M::worker_pipeline::278.693*3.43] mapped 332194 sequences
[M::worker_pipeline::279.363*3.43] mapped 332208 sequences
[M::worker_pipeline::280.023*3.43] mapped 332222 sequences
[M::worker_pipeline::280.655*3.43] mapped 332214 sequences
[M::worker_pipeline::281.311*3.43] mapped 332218 sequences
[M::worker_pipeline::281.945*3.43] mapped 332234 sequences
[M::worker_pipeline::287.216*3.39] mapped 332126 sequences
[M::worker_pipeline::287.389*3.39] mapped 332054 sequences
[M::worker_pipeline::287.574*3.39] mapped 332042 sequences
[M::worker_pipeline::288.101*3.39] mapped 332064 sequences
[M::worker_pipeline::288.758*3.39] mapped 332096 sequences
[M::worker_pipeline::289.388*3.39] mapped 332528 sequences
[M::worker_pipeline::290.065*3.39] mapped 332768 sequences
[M::worker_pipeline::290.683*3.39] mapped 332678 sequences
[M::worker_pipeline::291.332*3.39] mapped 332566 sequences
[M::worker_pipeline::291.944*3.39] mapped 332544 sequences
[M::worker_pipeline::292.574*3.39] mapped 332490 sequences
[M::worker_pipeline::293.261*3.39] mapped 332500 sequences
[M::worker_pipeline::293.849*3.39] mapped 332440 sequences
[M::worker_pipeline::294.487*3.40] mapped 332402 sequences
[M::worker_pipeline::295.187*3.39] mapped 332340 sequences
[M::worker_pipeline::295.791*3.40] mapped 332314 sequences
[M::worker_pipeline::296.431*3.40] mapped 332302 sequences
[M::worker_pipeline::297.062*3.40] mapped 332360 sequences
[M::worker_pipeline::297.669*3.40] mapped 332324 sequences
[M::worker_pipeline::298.352*3.40] mapped 332390 sequences
[M::worker_pipeline::298.983*3.40] mapped 332426 sequences
[M::worker_pipeline::299.588*3.40] mapped 332548 sequences
[M::worker_pipeline::300.204*3.40] mapped 332406 sequences
[M::worker_pipeline::300.867*3.40] mapped 332376 sequences
[M::worker_pipeline::301.494*3.40] mapped 332322 sequences
[M::worker_pipeline::302.121*3.40] mapped 332284 sequences
[M::worker_pipeline::302.781*3.40] mapped 332316 sequences
[M::worker_pipeline::303.377*3.40] mapped 332246 sequences
[M::worker_pipeline::304.051*3.40] mapped 332226 sequences
[M::worker_pipeline::304.695*3.40] mapped 332174 sequences
[M::worker_pipeline::305.324*3.40] mapped 332188 sequences
[M::worker_pipeline::305.961*3.40] mapped 332150 sequences
[M::worker_pipeline::306.585*3.40] mapped 332184 sequences
[M::worker_pipeline::307.207*3.40] mapped 332160 sequences
[M::worker_pipeline::307.871*3.40] mapped 332198 sequences
[M::worker_pipeline::308.450*3.40] mapped 332116 sequences
[M::worker_pipeline::309.083*3.40] mapped 332192 sequences
[M::worker_pipeline::309.769*3.40] mapped 332130 sequences
[M::worker_pipeline::310.340*3.40] mapped 332510 sequences
[M::worker_pipeline::310.986*3.40] mapped 332584 sequences
[M::worker_pipeline::311.646*3.40] mapped 332516 sequences
[M::worker_pipeline::312.259*3.41] mapped 332448 sequences
[M::worker_pipeline::312.919*3.41] mapped 332462 sequences
[M::worker_pipeline::313.607*3.41] mapped 332156 sequences
[M::worker_pipeline::314.232*3.41] mapped 332092 sequences
[M::worker_pipeline::314.859*3.41] mapped 332128 sequences
[M::worker_pipeline::315.530*3.41] mapped 332074 sequences
[M::worker_pipeline::316.171*3.41] mapped 332116 sequences
[M::worker_pipeline::316.769*3.41] mapped 332142 sequences
[M::worker_pipeline::317.426*3.41] mapped 332136 sequences
[M::worker_pipeline::318.089*3.41] mapped 332170 sequences
[M::worker_pipeline::318.702*3.41] mapped 332134 sequences
[M::worker_pipeline::319.336*3.41] mapped 332172 sequences
[M::worker_pipeline::320.007*3.41] mapped 332108 sequences
[M::worker_pipeline::320.614*3.41] mapped 332172 sequences
[M::worker_pipeline::321.265*3.41] mapped 332130 sequences
[M::worker_pipeline::321.910*3.41] mapped 332202 sequences
[M::worker_pipeline::322.559*3.41] mapped 332150 sequences
[M::worker_pipeline::323.197*3.41] mapped 332138 sequences
[M::worker_pipeline::323.756*3.41] mapped 332030 sequences
[M::worker_pipeline::324.416*3.41] mapped 332070 sequences
[M::worker_pipeline::325.093*3.41] mapped 332048 sequences
[M::worker_pipeline::325.646*3.41] mapped 331994 sequences
[M::worker_pipeline::326.286*3.41] mapped 332030 sequences
[M::worker_pipeline::326.987*3.41] mapped 332102 sequences
[M::worker_pipeline::327.023*3.41] mapped 82798 sequences
[M::main] Version: 2.22-r1101
[M::main] CMD: minimap2 --secondary=no -t 16 -R @RG\tID:snippy\tSM:snippy -ax sr /work/FAC/FBM/DMF/smitri/evomicrocomm/genome_size/data/ms/reference.fasta /work/FAC/FBM/DMF/smitri/evomicrocomm/genome_size/data/T33.3.5/read1.fq.gz /work/FAC/FBM/DMF/smitri/evomicrocomm/genome_size/data/T33.3.5/read2.fq.gz
[M::main] Real time: 327.038 sec; CPU: 1115.662 sec; Peak RSS: 0.496 GB
[bam_sort_core] merging from 64 files and 16 in-memory blocks...
[Sun Oct 17 22:42:41 2021]
Finished job 0.
1 of 1 steps (100%) done
