Building DAG of jobs...
Using shell: /usr/bin/bash
Provided cores: 16
Rules claiming more threads will be scaled down.
Select jobs to execute...

[Sun Oct 17 22:49:05 2021]
rule mapping:
    input: /work/FAC/FBM/DMF/smitri/evomicrocomm/genome_size/data/at/reference.fasta, /work/FAC/FBM/DMF/smitri/evomicrocomm/genome_size/data/T11.3.1/read1.fq.gz, /work/FAC/FBM/DMF/smitri/evomicrocomm/genome_size/data/T11.3.1/read2.fq.gz
    output: /work/FAC/FBM/DMF/smitri/evomicrocomm/genome_size/data/T11.3.1/at/mapped_reads.sorted.bam
    jobid: 0
    wildcards: sample=T11.3.1, strain=at
    threads: 16
    resources: mem_mb=22726, disk_mb=22726, tmpdir=/tmp/2846250

[M::mm_idx_gen::0.123*0.96] collected minimizers
[M::mm_idx_gen::0.149*2.00] sorted minimizers
[M::main::0.149*2.00] loaded/built the index for 5 target sequence(s)
[M::mm_mapopt_update::0.149*2.00] mid_occ = 1000
[M::mm_idx_stat] kmer size: 21; skip: 11; is_hpc: 0; #seq: 5
[M::mm_idx_stat::0.160*1.93] distinct minimizers: 875577 (98.87% are singletons); average occurrences: 1.019; average spacing: 5.996; total length: 5348547
[M::worker_pipeline::1.986*6.76] mapped 333078 sequences
[M::worker_pipeline::2.822*7.19] mapped 332960 sequences
[M::worker_pipeline::3.265*6.91] mapped 332800 sequences
[M::worker_pipeline::4.435*7.58] mapped 332886 sequences
[M::worker_pipeline::5.212*7.65] mapped 332772 sequences
[M::worker_pipeline::6.331*8.15] mapped 332766 sequences
[M::worker_pipeline::6.679*7.83] mapped 332736 sequences
[M::worker_pipeline::7.388*7.97] mapped 332724 sequences
[M::worker_pipeline::8.155*8.01] mapped 332620 sequences
[M::worker_pipeline::9.275*8.31] mapped 332612 sequences
[M::worker_pipeline::9.664*8.05] mapped 332564 sequences
[M::worker_pipeline::10.401*8.11] mapped 332572 sequences
[M::worker_pipeline::11.567*8.31] mapped 332610 sequences
[M::worker_pipeline::11.941*8.11] mapped 332568 sequences
[M::worker_pipeline::12.641*8.16] mapped 332532 sequences
[M::worker_pipeline::13.416*8.17] mapped 332610 sequences
[M::worker_pipeline::14.083*8.23] mapped 332578 sequences
[M::worker_pipeline::14.831*8.26] mapped 332608 sequences
[M::worker_pipeline::15.700*8.36] mapped 332694 sequences
[M::worker_pipeline::16.353*8.31] mapped 332786 sequences
[M::worker_pipeline::17.025*8.31] mapped 332774 sequences
[M::worker_pipeline::17.730*8.33] mapped 332866 sequences
[M::worker_pipeline::18.430*8.36] mapped 332888 sequences
[M::worker_pipeline::19.562*8.49] mapped 332874 sequences
[M::worker_pipeline::19.927*8.37] mapped 332738 sequences
[M::worker_pipeline::20.683*8.38] mapped 332702 sequences
[M::worker_pipeline::21.386*8.40] mapped 332680 sequences
[M::worker_pipeline::22.424*8.53] mapped 332618 sequences
[M::worker_pipeline::22.794*8.42] mapped 332574 sequences
[M::worker_pipeline::23.532*8.43] mapped 332574 sequences
[M::worker_pipeline::24.240*8.45] mapped 332640 sequences
[M::worker_pipeline::24.939*8.47] mapped 332590 sequences
[M::worker_pipeline::25.689*8.47] mapped 332670 sequences
[M::worker_pipeline::26.627*8.55] mapped 332898 sequences
[M::worker_pipeline::27.094*8.49] mapped 332706 sequences
[M::worker_pipeline::27.827*8.50] mapped 332556 sequences
[M::worker_pipeline::28.973*8.57] mapped 332568 sequences
[M::worker_pipeline::29.357*8.48] mapped 332570 sequences
[M::worker_pipeline::30.118*8.48] mapped 332550 sequences
[M::worker_pipeline::31.259*8.55] mapped 332556 sequences
[M::worker_pipeline::31.597*8.48] mapped 332548 sequences
[M::worker_pipeline::32.420*8.47] mapped 332536 sequences
[M::worker_pipeline::33.496*8.55] mapped 332546 sequences
[M::worker_pipeline::33.853*8.48] mapped 332610 sequences
[M::worker_pipeline::34.628*8.47] mapped 332596 sequences
[M::worker_pipeline::35.363*8.47] mapped 332584 sequences
[M::worker_pipeline::36.466*8.54] mapped 332534 sequences
[M::worker_pipeline::36.837*8.47] mapped 332664 sequences
[M::worker_pipeline::37.555*8.49] mapped 332562 sequences
[M::worker_pipeline::38.295*8.49] mapped 332608 sequences
[M::worker_pipeline::39.422*8.54] mapped 332656 sequences
[M::worker_pipeline::39.779*8.49] mapped 332696 sequences
[M::worker_pipeline::40.486*8.50] mapped 332608 sequences
[M::worker_pipeline::41.223*8.50] mapped 332526 sequences
[M::worker_pipeline::42.308*8.57] mapped 332558 sequences
[M::worker_pipeline::42.674*8.51] mapped 332610 sequences
[M::worker_pipeline::43.484*8.50] mapped 332680 sequences
[M::worker_pipeline::44.211*8.51] mapped 332726 sequences
[M::worker_pipeline::44.947*8.51] mapped 332738 sequences
[M::worker_pipeline::45.745*8.50] mapped 332740 sequences
[M::worker_pipeline::46.948*8.54] mapped 332792 sequences
[M::worker_pipeline::47.348*8.48] mapped 333044 sequences
[M::worker_pipeline::48.059*8.50] mapped 333054 sequences
[M::worker_pipeline::49.202*8.54] mapped 333040 sequences
[M::worker_pipeline::49.592*8.49] mapped 333000 sequences
[M::worker_pipeline::50.386*8.49] mapped 332996 sequences
[M::worker_pipeline::51.439*8.55] mapped 333152 sequences
[M::worker_pipeline::51.816*8.50] mapped 332750 sequences
[M::worker_pipeline::52.533*8.51] mapped 332688 sequences
[M::worker_pipeline::53.290*8.51] mapped 332620 sequences
[M::worker_pipeline::54.004*8.51] mapped 332494 sequences
[M::worker_pipeline::55.000*8.58] mapped 332442 sequences
[M::worker_pipeline::55.395*8.53] mapped 332432 sequences
[M::worker_pipeline::56.173*8.53] mapped 332354 sequences
[M::worker_pipeline::56.895*8.53] mapped 332374 sequences
[M::worker_pipeline::57.595*8.54] mapped 332290 sequences
[M::worker_pipeline::58.345*8.54] mapped 332362 sequences
[M::worker_pipeline::59.080*8.54] mapped 332314 sequences
[M::worker_pipeline::59.852*8.55] mapped 332334 sequences
[M::worker_pipeline::60.465*8.55] mapped 332244 sequences
[M::worker_pipeline::61.258*8.55] mapped 332326 sequences
[M::worker_pipeline::61.964*8.55] mapped 332318 sequences
[M::worker_pipeline::63.026*8.59] mapped 332312 sequences
[M::worker_pipeline::63.364*8.56] mapped 332268 sequences
[M::worker_pipeline::64.080*8.56] mapped 332264 sequences
[M::worker_pipeline::64.806*8.56] mapped 332286 sequences
[M::worker_pipeline::65.518*8.57] mapped 332370 sequences
[M::worker_pipeline::66.311*8.58] mapped 332470 sequences
[M::worker_pipeline::66.980*8.57] mapped 332520 sequences
[M::worker_pipeline::68.063*8.61] mapped 332550 sequences
[M::worker_pipeline::68.434*8.57] mapped 332708 sequences
[M::worker_pipeline::69.207*8.57] mapped 332544 sequences
[M::worker_pipeline::69.955*8.57] mapped 332468 sequences
[M::worker_pipeline::70.680*8.57] mapped 332422 sequences
[M::worker_pipeline::71.455*8.57] mapped 332394 sequences
[M::worker_pipeline::76.577*8.15] mapped 332364 sequences
[M::worker_pipeline::76.957*8.12] mapped 332338 sequences
[M::worker_pipeline::77.714*8.12] mapped 332400 sequences
[M::worker_pipeline::78.448*8.13] mapped 332294 sequences
[M::worker_pipeline::79.315*8.13] mapped 332428 sequences
[M::worker_pipeline::79.902*8.14] mapped 332526 sequences
[M::worker_pipeline::80.646*8.14] mapped 332668 sequences
[M::worker_pipeline::81.330*8.15] mapped 332582 sequences
[M::worker_pipeline::82.083*8.15] mapped 332334 sequences
[M::worker_pipeline::82.833*8.15] mapped 332374 sequences
[M::worker_pipeline::83.614*8.15] mapped 332336 sequences
[M::worker_pipeline::84.656*8.19] mapped 332304 sequences
[M::worker_pipeline::85.038*8.16] mapped 332312 sequences
[M::worker_pipeline::85.797*8.17] mapped 332252 sequences
[M::worker_pipeline::86.489*8.17] mapped 332342 sequences
[M::worker_pipeline::87.357*8.20] mapped 332368 sequences
[M::worker_pipeline::87.850*8.19] mapped 332282 sequences
[M::worker_pipeline::88.549*8.20] mapped 332404 sequences
[M::worker_pipeline::89.555*8.23] mapped 332340 sequences
[M::worker_pipeline::89.999*8.21] mapped 332196 sequences
[M::worker_pipeline::90.747*8.21] mapped 332214 sequences
[M::worker_pipeline::91.902*8.24] mapped 332234 sequences
[M::worker_pipeline::92.276*8.21] mapped 332288 sequences
[M::worker_pipeline::93.030*8.22] mapped 332318 sequences
[M::worker_pipeline::93.957*8.24] mapped 332314 sequences
[M::worker_pipeline::94.514*8.23] mapped 332258 sequences
[M::worker_pipeline::95.355*8.24] mapped 332242 sequences
[M::worker_pipeline::95.905*8.24] mapped 332186 sequences
[M::worker_pipeline::97.006*8.27] mapped 332234 sequences
[M::worker_pipeline::97.377*8.25] mapped 332280 sequences
[M::worker_pipeline::98.150*8.25] mapped 332260 sequences
[M::worker_pipeline::99.193*8.28] mapped 332270 sequences
[M::worker_pipeline::99.567*8.26] mapped 332262 sequences
[M::worker_pipeline::100.324*8.26] mapped 332282 sequences
[M::worker_pipeline::101.016*8.26] mapped 332288 sequences
[M::worker_pipeline::101.710*8.27] mapped 332306 sequences
[M::worker_pipeline::102.830*8.29] mapped 332326 sequences
[M::worker_pipeline::103.206*8.27] mapped 332346 sequences
[M::worker_pipeline::103.952*8.27] mapped 332266 sequences
[M::worker_pipeline::104.729*8.28] mapped 332388 sequences
[M::worker_pipeline::105.369*8.29] mapped 332484 sequences
[M::worker_pipeline::106.432*8.31] mapped 332652 sequences
[M::worker_pipeline::106.805*8.29] mapped 332604 sequences
[M::worker_pipeline::107.563*8.29] mapped 332468 sequences
[M::worker_pipeline::108.304*8.30] mapped 332462 sequences
[M::worker_pipeline::108.950*8.30] mapped 332404 sequences
[M::worker_pipeline::109.915*8.32] mapped 332384 sequences
[M::worker_pipeline::110.464*8.31] mapped 332354 sequences
[M::worker_pipeline::111.201*8.31] mapped 332338 sequences
[M::worker_pipeline::112.395*8.33] mapped 332386 sequences
[M::worker_pipeline::112.769*8.31] mapped 332362 sequences
[M::worker_pipeline::113.525*8.31] mapped 332260 sequences
[M::worker_pipeline::114.270*8.31] mapped 332298 sequences
[M::worker_pipeline::114.994*8.31] mapped 332302 sequences
[M::worker_pipeline::115.481*8.30] mapped 332230 sequences
[M::worker_pipeline::116.120*8.29] mapped 332246 sequences
[M::worker_pipeline::116.907*8.29] mapped 332242 sequences
[M::worker_pipeline::117.887*8.27] mapped 332202 sequences
[M::worker_pipeline::118.877*8.26] mapped 332280 sequences
[M::worker_pipeline::119.840*8.24] mapped 332302 sequences
[M::worker_pipeline::121.302*8.25] mapped 332348 sequences
[M::worker_pipeline::122.402*8.26] mapped 332374 sequences
[M::worker_pipeline::122.780*8.24] mapped 332404 sequences
[M::worker_pipeline::123.548*8.25] mapped 332396 sequences
[M::worker_pipeline::124.664*8.27] mapped 332392 sequences
[M::worker_pipeline::125.031*8.25] mapped 332366 sequences
[M::worker_pipeline::125.782*8.25] mapped 332264 sequences
[M::worker_pipeline::126.478*8.26] mapped 332258 sequences
[M::worker_pipeline::127.207*8.26] mapped 332282 sequences
[M::worker_pipeline::127.975*8.26] mapped 332276 sequences
[M::worker_pipeline::128.719*8.26] mapped 332238 sequences
[M::worker_pipeline::129.752*8.28] mapped 332240 sequences
[M::worker_pipeline::130.163*8.26] mapped 332384 sequences
[M::worker_pipeline::130.897*8.27] mapped 332324 sequences
[M::worker_pipeline::131.653*8.27] mapped 332504 sequences
[M::worker_pipeline::132.336*8.27] mapped 332366 sequences
[M::worker_pipeline::133.505*8.29] mapped 332304 sequences
[M::worker_pipeline::133.875*8.27] mapped 332344 sequences
[M::worker_pipeline::134.631*8.27] mapped 332316 sequences
[M::worker_pipeline::135.576*8.29] mapped 332372 sequences
[M::worker_pipeline::136.063*8.28] mapped 332510 sequences
[M::worker_pipeline::136.889*8.28] mapped 332310 sequences
[M::worker_pipeline::137.964*8.30] mapped 332256 sequences
[M::worker_pipeline::138.335*8.28] mapped 332290 sequences
[M::worker_pipeline::139.041*8.28] mapped 332324 sequences
[M::worker_pipeline::140.200*8.30] mapped 332302 sequences
[M::worker_pipeline::140.584*8.28] mapped 332266 sequences
[M::worker_pipeline::141.362*8.28] mapped 332220 sequences
[M::worker_pipeline::142.440*8.31] mapped 332256 sequences
[M::worker_pipeline::142.813*8.29] mapped 332280 sequences
[M::worker_pipeline::143.610*8.29] mapped 332324 sequences
[M::worker_pipeline::144.391*8.29] mapped 332262 sequences
[M::worker_pipeline::145.333*8.31] mapped 332278 sequences
[M::worker_pipeline::145.796*8.30] mapped 332206 sequences
[M::worker_pipeline::146.579*8.30] mapped 332238 sequences
[M::worker_pipeline::147.518*8.31] mapped 332254 sequences
[M::worker_pipeline::152.688*8.09] mapped 332238 sequences
[M::worker_pipeline::153.086*8.07] mapped 332302 sequences
[M::worker_pipeline::153.908*8.07] mapped 332308 sequences
[M::worker_pipeline::154.691*8.09] mapped 332330 sequences
[M::worker_pipeline::155.233*8.08] mapped 332410 sequences
[M::worker_pipeline::156.329*8.10] mapped 332380 sequences
[M::worker_pipeline::156.699*8.09] mapped 332414 sequences
[M::worker_pipeline::157.512*8.09] mapped 332414 sequences
[M::worker_pipeline::158.300*8.09] mapped 332474 sequences
[M::worker_pipeline::159.411*8.10] mapped 332472 sequences
[M::worker_pipeline::159.859*8.09] mapped 332440 sequences
[M::worker_pipeline::160.590*8.09] mapped 332504 sequences
[M::worker_pipeline::161.285*8.10] mapped 332470 sequences
[M::worker_pipeline::162.041*8.10] mapped 332888 sequences
[M::worker_pipeline::163.126*8.11] mapped 332772 sequences
[M::worker_pipeline::163.575*8.10] mapped 332758 sequences
[M::worker_pipeline::164.408*8.10] mapped 332852 sequences
[M::worker_pipeline::165.516*8.11] mapped 332724 sequences
[M::worker_pipeline::165.912*8.10] mapped 332700 sequences
[M::worker_pipeline::166.724*8.10] mapped 332622 sequences
[M::worker_pipeline::167.901*8.11] mapped 332562 sequences
[M::worker_pipeline::168.290*8.09] mapped 332578 sequences
[M::worker_pipeline::169.021*8.10] mapped 332564 sequences
[M::worker_pipeline::170.095*8.11] mapped 332506 sequences
[M::worker_pipeline::170.468*8.10] mapped 332512 sequences
[M::worker_pipeline::171.188*8.10] mapped 332516 sequences
[M::worker_pipeline::171.889*8.11] mapped 332520 sequences
[M::worker_pipeline::172.629*8.11] mapped 332540 sequences
[M::worker_pipeline::173.772*8.13] mapped 332474 sequences
[M::worker_pipeline::174.145*8.11] mapped 332506 sequences
[M::worker_pipeline::174.950*8.11] mapped 332524 sequences
[M::worker_pipeline::175.675*8.12] mapped 332486 sequences
[M::worker_pipeline::176.780*8.13] mapped 332536 sequences
[M::worker_pipeline::177.128*8.12] mapped 332520 sequences
[M::worker_pipeline::177.870*8.12] mapped 332590 sequences
[M::worker_pipeline::178.630*8.13] mapped 332564 sequences
[M::worker_pipeline::179.354*8.13] mapped 332586 sequences
[M::worker_pipeline::180.488*8.14] mapped 332598 sequences
[M::worker_pipeline::180.900*8.13] mapped 332594 sequences
[M::worker_pipeline::181.922*8.13] mapped 332550 sequences
[M::worker_pipeline::182.429*8.13] mapped 332558 sequences
[M::worker_pipeline::183.222*8.13] mapped 332520 sequences
[M::worker_pipeline::184.346*8.14] mapped 332506 sequences
[M::worker_pipeline::184.728*8.13] mapped 332480 sequences
[M::worker_pipeline::185.521*8.13] mapped 332564 sequences
[M::worker_pipeline::186.711*8.14] mapped 332446 sequences
[M::worker_pipeline::187.103*8.13] mapped 332398 sequences
[M::worker_pipeline::187.894*8.13] mapped 332454 sequences
[M::worker_pipeline::189.097*8.14] mapped 332480 sequences
[M::worker_pipeline::189.508*8.12] mapped 332482 sequences
[M::worker_pipeline::190.234*8.13] mapped 332506 sequences
[M::worker_pipeline::191.026*8.13] mapped 332480 sequences
[M::worker_pipeline::191.763*8.13] mapped 332466 sequences
[M::worker_pipeline::192.491*8.13] mapped 332524 sequences
[M::worker_pipeline::193.190*8.13] mapped 332500 sequences
[M::worker_pipeline::194.393*8.14] mapped 332454 sequences
[M::worker_pipeline::194.805*8.13] mapped 332446 sequences
[M::worker_pipeline::195.607*8.13] mapped 332460 sequences
[M::worker_pipeline::196.748*8.14] mapped 332444 sequences
[M::worker_pipeline::197.138*8.13] mapped 332392 sequences
[M::worker_pipeline::197.891*8.13] mapped 332366 sequences
[M::worker_pipeline::198.995*8.15] mapped 332408 sequences
[M::worker_pipeline::199.373*8.13] mapped 332390 sequences
[M::worker_pipeline::200.102*8.14] mapped 332372 sequences
[M::worker_pipeline::200.842*8.14] mapped 332320 sequences
[M::worker_pipeline::201.598*8.14] mapped 332344 sequences
[M::worker_pipeline::202.339*8.14] mapped 332306 sequences
[M::worker_pipeline::203.099*8.14] mapped 332386 sequences
[M::worker_pipeline::203.802*8.15] mapped 332342 sequences
[M::worker_pipeline::204.571*8.14] mapped 332408 sequences
[M::worker_pipeline::205.266*8.14] mapped 332432 sequences
[M::worker_pipeline::205.789*8.14] mapped 332356 sequences
[M::worker_pipeline::206.837*8.15] mapped 332430 sequences
[M::worker_pipeline::207.626*8.15] mapped 332416 sequences
[M::worker_pipeline::208.409*8.15] mapped 332362 sequences
[M::worker_pipeline::209.443*8.17] mapped 332358 sequences
[M::worker_pipeline::209.827*8.15] mapped 332386 sequences
[M::worker_pipeline::210.693*8.15] mapped 332366 sequences
[M::worker_pipeline::211.843*8.16] mapped 332350 sequences
[M::worker_pipeline::212.196*8.15] mapped 332404 sequences
[M::worker_pipeline::212.997*8.15] mapped 332594 sequences
[M::worker_pipeline::214.120*8.16] mapped 332590 sequences
[M::worker_pipeline::214.476*8.15] mapped 332490 sequences
[M::worker_pipeline::215.256*8.15] mapped 332538 sequences
[M::worker_pipeline::216.019*8.15] mapped 332496 sequences
[M::worker_pipeline::217.023*8.16] mapped 332484 sequences
[M::worker_pipeline::217.483*8.16] mapped 332464 sequences
[M::worker_pipeline::218.277*8.16] mapped 332362 sequences
[M::worker_pipeline::219.491*8.16] mapped 332382 sequences
[M::worker_pipeline::219.880*8.15] mapped 332362 sequences
[M::worker_pipeline::220.714*8.15] mapped 332346 sequences
[M::worker_pipeline::221.524*8.15] mapped 332322 sequences
[M::worker_pipeline::222.305*8.15] mapped 332344 sequences
[M::worker_pipeline::223.180*8.15] mapped 332288 sequences
[M::worker_pipeline::223.778*8.15] mapped 332320 sequences
[M::worker_pipeline::229.057*8.01] mapped 332348 sequences
[M::worker_pipeline::229.428*8.00] mapped 332320 sequences
[M::worker_pipeline::230.149*8.01] mapped 332342 sequences
[M::worker_pipeline::230.834*8.01] mapped 332326 sequences
[M::worker_pipeline::231.577*8.01] mapped 332374 sequences
[M::worker_pipeline::232.319*8.01] mapped 332462 sequences
[M::worker_pipeline::233.411*8.03] mapped 332458 sequences
[M::worker_pipeline::233.808*8.02] mapped 332490 sequences
[M::worker_pipeline::234.563*8.02] mapped 332468 sequences
[M::worker_pipeline::235.272*8.02] mapped 332414 sequences
[M::worker_pipeline::236.322*8.04] mapped 332344 sequences
[M::worker_pipeline::236.684*8.03] mapped 332390 sequences
[M::worker_pipeline::237.408*8.03] mapped 332440 sequences
[M::worker_pipeline::238.161*8.03] mapped 332348 sequences
[M::worker_pipeline::238.871*8.03] mapped 332412 sequences
[M::worker_pipeline::239.965*8.05] mapped 332450 sequences
[M::worker_pipeline::240.319*8.04] mapped 332358 sequences
[M::worker_pipeline::241.044*8.04] mapped 332308 sequences
[M::worker_pipeline::241.743*8.04] mapped 332322 sequences
[M::worker_pipeline::242.491*8.05] mapped 332298 sequences
[M::worker_pipeline::243.564*8.06] mapped 332428 sequences
[M::worker_pipeline::243.919*8.05] mapped 332324 sequences
[M::worker_pipeline::244.735*8.05] mapped 332298 sequences
[M::worker_pipeline::245.503*8.05] mapped 332358 sequences
[M::worker_pipeline::246.605*8.06] mapped 332322 sequences
[M::worker_pipeline::246.976*8.05] mapped 332244 sequences
[M::worker_pipeline::247.765*8.05] mapped 332316 sequences
[M::worker_pipeline::248.414*8.06] mapped 332374 sequences
[M::worker_pipeline::249.024*8.06] mapped 332292 sequences
[M::worker_pipeline::249.830*8.06] mapped 332366 sequences
[M::worker_pipeline::250.577*8.06] mapped 332360 sequences
[M::worker_pipeline::250.963*8.06] mapped 332254 sequences
[M::worker_pipeline::251.998*8.07] mapped 332260 sequences
[M::worker_pipeline::253.142*8.08] mapped 332258 sequences
[M::worker_pipeline::253.491*8.07] mapped 332228 sequences
[M::worker_pipeline::254.288*8.07] mapped 332242 sequences
[M::worker_pipeline::255.424*8.08] mapped 332192 sequences
[M::worker_pipeline::255.787*8.07] mapped 332260 sequences
[M::worker_pipeline::256.589*8.07] mapped 332358 sequences
[M::worker_pipeline::257.323*8.07] mapped 332272 sequences
[M::worker_pipeline::258.052*8.08] mapped 332220 sequences
[M::worker_pipeline::259.063*8.09] mapped 332226 sequences
[M::worker_pipeline::259.514*8.08] mapped 332216 sequences
[M::worker_pipeline::260.187*8.08] mapped 332186 sequences
[M::worker_pipeline::260.913*8.09] mapped 332274 sequences
[M::worker_pipeline::261.670*8.09] mapped 332208 sequences
[M::worker_pipeline::262.373*8.09] mapped 332298 sequences
[M::worker_pipeline::263.084*8.09] mapped 332238 sequences
[M::worker_pipeline::264.221*8.10] mapped 332268 sequences
[M::worker_pipeline::264.588*8.09] mapped 332244 sequences
[M::worker_pipeline::265.382*8.09] mapped 332368 sequences
[M::worker_pipeline::266.119*8.10] mapped 332434 sequences
[M::worker_pipeline::267.289*8.10] mapped 332556 sequences
[M::worker_pipeline::267.671*8.10] mapped 332400 sequences
[M::worker_pipeline::268.384*8.10] mapped 332336 sequences
[M::worker_pipeline::269.080*8.10] mapped 332346 sequences
[M::worker_pipeline::269.807*8.11] mapped 332304 sequences
[M::worker_pipeline::270.904*8.12] mapped 332352 sequences
[M::worker_pipeline::271.309*8.11] mapped 332250 sequences
[M::worker_pipeline::272.097*8.11] mapped 332258 sequences
[M::worker_pipeline::273.156*8.12] mapped 332262 sequences
[M::worker_pipeline::273.520*8.11] mapped 332220 sequences
[M::worker_pipeline::274.266*8.11] mapped 332214 sequences
[M::worker_pipeline::275.530*8.12] mapped 332202 sequences
[M::worker_pipeline::275.912*8.11] mapped 332214 sequences
[M::worker_pipeline::276.687*8.11] mapped 332192 sequences
[M::worker_pipeline::277.551*8.11] mapped 332136 sequences
[M::worker_pipeline::278.185*8.11] mapped 332176 sequences
[M::worker_pipeline::278.951*8.11] mapped 332242 sequences
[M::worker_pipeline::279.831*8.12] mapped 332194 sequences
[M::worker_pipeline::280.424*8.11] mapped 332252 sequences
[M::worker_pipeline::281.158*8.12] mapped 332246 sequences
[M::worker_pipeline::282.381*8.12] mapped 332226 sequences
[M::worker_pipeline::282.770*8.11] mapped 332264 sequences
[M::worker_pipeline::283.543*8.11] mapped 332248 sequences
[M::worker_pipeline::284.317*8.12] mapped 332212 sequences
[M::worker_pipeline::285.097*8.12] mapped 332216 sequences
[M::worker_pipeline::286.283*8.12] mapped 332234 sequences
[M::worker_pipeline::286.701*8.11] mapped 332174 sequences
[M::worker_pipeline::287.974*8.12] mapped 332178 sequences
[M::worker_pipeline::288.312*8.11] mapped 332236 sequences
[M::worker_pipeline::289.108*8.11] mapped 332184 sequences
[M::worker_pipeline::289.888*8.12] mapped 332172 sequences
[M::worker_pipeline::290.647*8.12] mapped 332158 sequences
[M::worker_pipeline::291.842*8.12] mapped 332306 sequences
[M::worker_pipeline::292.226*8.11] mapped 332248 sequences
[M::worker_pipeline::292.962*8.12] mapped 332252 sequences
[M::worker_pipeline::293.699*8.12] mapped 332194 sequences
[M::worker_pipeline::294.481*8.12] mapped 332148 sequences
[M::worker_pipeline::295.609*8.13] mapped 332214 sequences
[M::worker_pipeline::295.992*8.12] mapped 332402 sequences
[M::worker_pipeline::296.775*8.12] mapped 332128 sequences
[M::worker_pipeline::297.846*8.13] mapped 332184 sequences
[M::worker_pipeline::298.216*8.12] mapped 332172 sequences
[M::worker_pipeline::298.903*8.13] mapped 332164 sequences
[M::worker_pipeline::299.680*8.12] mapped 332150 sequences
[M::worker_pipeline::304.812*8.03] mapped 332162 sequences
[M::worker_pipeline::305.208*8.02] mapped 332152 sequences
[M::worker_pipeline::305.966*8.02] mapped 332150 sequences
[M::worker_pipeline::306.785*8.02] mapped 332156 sequences
[M::worker_pipeline::307.505*8.02] mapped 332154 sequences
[M::worker_pipeline::308.272*8.02] mapped 332168 sequences
[M::worker_pipeline::309.429*8.03] mapped 332174 sequences
[M::worker_pipeline::309.942*8.02] mapped 332272 sequences
[M::worker_pipeline::310.872*8.03] mapped 332206 sequences
[M::worker_pipeline::311.428*8.02] mapped 332118 sequences
[M::worker_pipeline::312.279*8.02] mapped 332198 sequences
[M::worker_pipeline::313.590*8.03] mapped 332170 sequences
[M::worker_pipeline::313.958*8.02] mapped 332276 sequences
[M::worker_pipeline::314.761*8.02] mapped 332314 sequences
[M::worker_pipeline::315.827*8.03] mapped 332252 sequences
[M::worker_pipeline::316.218*8.02] mapped 332260 sequences
[M::worker_pipeline::316.990*8.02] mapped 332302 sequences
[M::worker_pipeline::318.107*8.03] mapped 332414 sequences
[M::worker_pipeline::318.442*8.03] mapped 332288 sequences
[M::worker_pipeline::319.133*8.03] mapped 332364 sequences
[M::worker_pipeline::319.808*8.03] mapped 332338 sequences
[M::worker_pipeline::320.604*8.04] mapped 332398 sequences
[M::worker_pipeline::321.217*8.04] mapped 332420 sequences
[M::worker_pipeline::321.922*8.04] mapped 332408 sequences
[M::worker_pipeline::322.648*8.04] mapped 332468 sequences
[M::worker_pipeline::323.547*8.04] mapped 332450 sequences
[M::worker_pipeline::324.241*8.04] mapped 332326 sequences
[M::worker_pipeline::325.463*8.04] mapped 332344 sequences
[M::worker_pipeline::325.842*8.04] mapped 332360 sequences
[M::worker_pipeline::327.051*8.05] mapped 332292 sequences
[M::worker_pipeline::327.451*8.04] mapped 332240 sequences
[M::worker_pipeline::328.226*8.04] mapped 332262 sequences
[M::worker_pipeline::329.313*8.05] mapped 332256 sequences
[M::worker_pipeline::329.660*8.04] mapped 332224 sequences
[M::worker_pipeline::330.374*8.04] mapped 332224 sequences
[M::worker_pipeline::331.093*8.05] mapped 332194 sequences
[M::worker_pipeline::332.289*8.05] mapped 332276 sequences
[M::worker_pipeline::332.685*8.04] mapped 332164 sequences
[M::worker_pipeline::333.450*8.05] mapped 332196 sequences
[M::worker_pipeline::334.169*8.05] mapped 332180 sequences
[M::worker_pipeline::335.280*8.06] mapped 332214 sequences
[M::worker_pipeline::335.675*8.05] mapped 332262 sequences
[M::worker_pipeline::336.442*8.05] mapped 332292 sequences
[M::worker_pipeline::337.479*8.06] mapped 332256 sequences
[M::worker_pipeline::337.867*8.05] mapped 332282 sequences
[M::worker_pipeline::338.631*8.05] mapped 332410 sequences
[M::worker_pipeline::339.316*8.06] mapped 332300 sequences
[M::worker_pipeline::340.470*8.06] mapped 332258 sequences
[M::worker_pipeline::340.822*8.06] mapped 332278 sequences
[M::worker_pipeline::341.548*8.06] mapped 332288 sequences
[M::worker_pipeline::342.260*8.06] mapped 332186 sequences
[M::worker_pipeline::343.162*8.07] mapped 332230 sequences
[M::worker_pipeline::343.700*8.06] mapped 332244 sequences
[M::worker_pipeline::344.858*8.07] mapped 332230 sequences
[M::worker_pipeline::345.258*8.06] mapped 332190 sequences
[M::worker_pipeline::346.070*8.06] mapped 332240 sequences
[M::worker_pipeline::346.804*8.06] mapped 332230 sequences
[M::worker_pipeline::347.999*8.07] mapped 332176 sequences
[M::worker_pipeline::348.378*8.06] mapped 332182 sequences
[M::worker_pipeline::349.471*8.06] mapped 332200 sequences
[M::worker_pipeline::350.046*8.06] mapped 332168 sequences
[M::worker_pipeline::351.153*8.07] mapped 332622 sequences
[M::worker_pipeline::351.588*8.06] mapped 332194 sequences
[M::worker_pipeline::352.327*8.06] mapped 332208 sequences
[M::worker_pipeline::353.012*8.06] mapped 332254 sequences
[M::worker_pipeline::354.246*8.07] mapped 332192 sequences
[M::worker_pipeline::354.619*8.06] mapped 332160 sequences
[M::worker_pipeline::355.399*8.06] mapped 332128 sequences
[M::worker_pipeline::356.085*8.07] mapped 332096 sequences
[M::worker_pipeline::356.786*8.07] mapped 332100 sequences
[M::worker_pipeline::357.526*8.07] mapped 332124 sequences
[M::worker_pipeline::358.588*8.08] mapped 332072 sequences
[M::worker_pipeline::358.953*8.07] mapped 332132 sequences
[M::worker_pipeline::359.716*8.07] mapped 332430 sequences
[M::worker_pipeline::360.399*8.07] mapped 332076 sequences
[M::worker_pipeline::361.247*8.07] mapped 332060 sequences
[M::worker_pipeline::361.903*8.07] mapped 332046 sequences
[M::worker_pipeline::362.671*8.08] mapped 332100 sequences
[M::worker_pipeline::363.450*8.08] mapped 332066 sequences
[M::worker_pipeline::364.250*8.08] mapped 332192 sequences
[M::worker_pipeline::365.412*8.08] mapped 332122 sequences
[M::worker_pipeline::365.798*8.07] mapped 332230 sequences
[M::worker_pipeline::366.594*8.07] mapped 332148 sequences
[M::worker_pipeline::367.249*8.08] mapped 332136 sequences
[M::worker_pipeline::368.192*8.08] mapped 332152 sequences
[M::worker_pipeline::368.745*8.08] mapped 332160 sequences
[M::worker_pipeline::369.766*8.08] mapped 332148 sequences
[M::worker_pipeline::370.232*8.08] mapped 332160 sequences
[M::worker_pipeline::370.938*8.08] mapped 332282 sequences
[M::worker_pipeline::372.066*8.09] mapped 332374 sequences
[M::worker_pipeline::372.444*8.08] mapped 332810 sequences
[M::worker_pipeline::373.150*8.08] mapped 332712 sequences
[M::worker_pipeline::373.989*8.08] mapped 332652 sequences
[M::worker_pipeline::374.721*8.08] mapped 332634 sequences
[M::worker_pipeline::375.480*8.08] mapped 332506 sequences
[M::worker_pipeline::380.552*8.01] mapped 332544 sequences
[M::worker_pipeline::380.915*8.00] mapped 332508 sequences
[M::worker_pipeline::381.673*8.00] mapped 332582 sequences
[M::worker_pipeline::382.466*8.00] mapped 332534 sequences
[M::worker_pipeline::383.566*8.01] mapped 332470 sequences
[M::worker_pipeline::383.945*8.00] mapped 332466 sequences
[M::worker_pipeline::385.007*8.01] mapped 332470 sequences
[M::worker_pipeline::385.539*8.01] mapped 332406 sequences
[M::worker_pipeline::386.653*8.01] mapped 332484 sequences
[M::worker_pipeline::387.024*8.01] mapped 332428 sequences
[M::worker_pipeline::387.748*8.01] mapped 332418 sequences
[M::worker_pipeline::388.556*8.01] mapped 332492 sequences
[M::worker_pipeline::389.270*8.01] mapped 332440 sequences
[M::worker_pipeline::390.017*8.01] mapped 332494 sequences
[M::worker_pipeline::390.827*8.02] mapped 332488 sequences
[M::worker_pipeline::391.518*8.01] mapped 332498 sequences
[M::worker_pipeline::392.588*8.02] mapped 332464 sequences
[M::worker_pipeline::392.963*8.02] mapped 332462 sequences
[M::worker_pipeline::393.756*8.02] mapped 332472 sequences
[M::worker_pipeline::394.457*8.02] mapped 332392 sequences
[M::worker_pipeline::395.490*8.03] mapped 332414 sequences
[M::worker_pipeline::395.872*8.02] mapped 332352 sequences
[M::worker_pipeline::396.647*8.02] mapped 332402 sequences
[M::worker_pipeline::397.443*8.02] mapped 332390 sequences
[M::worker_pipeline::398.102*8.03] mapped 332426 sequences
[M::worker_pipeline::399.194*8.03] mapped 332434 sequences
[M::worker_pipeline::399.569*8.03] mapped 332476 sequences
[M::worker_pipeline::400.279*8.03] mapped 332366 sequences
[M::worker_pipeline::401.021*8.03] mapped 332370 sequences
[M::worker_pipeline::401.708*8.03] mapped 332384 sequences
[M::worker_pipeline::402.555*8.03] mapped 332446 sequences
[M::worker_pipeline::403.598*8.04] mapped 332474 sequences
[M::worker_pipeline::403.981*8.03] mapped 332484 sequences
[M::worker_pipeline::404.801*8.03] mapped 332360 sequences
[M::worker_pipeline::405.586*8.04] mapped 332440 sequences
[M::worker_pipeline::406.701*8.04] mapped 332428 sequences
[M::worker_pipeline::407.093*8.04] mapped 332426 sequences
[M::worker_pipeline::407.973*8.04] mapped 332446 sequences
[M::worker_pipeline::408.747*8.04] mapped 332468 sequences
[M::worker_pipeline::409.393*8.04] mapped 332310 sequences
[M::worker_pipeline::410.195*8.04] mapped 332358 sequences
[M::worker_pipeline::411.374*8.04] mapped 332334 sequences
[M::worker_pipeline::411.746*8.04] mapped 332374 sequences
[M::worker_pipeline::412.536*8.04] mapped 332304 sequences
[M::worker_pipeline::413.667*8.04] mapped 332352 sequences
[M::worker_pipeline::414.044*8.04] mapped 332274 sequences
[M::worker_pipeline::414.806*8.04] mapped 332262 sequences
[M::worker_pipeline::415.557*8.04] mapped 332288 sequences
[M::worker_pipeline::416.333*8.04] mapped 332280 sequences
[M::worker_pipeline::416.997*8.04] mapped 332296 sequences
[M::worker_pipeline::417.732*8.04] mapped 332528 sequences
[M::worker_pipeline::418.833*8.05] mapped 332532 sequences
[M::worker_pipeline::419.199*8.04] mapped 332468 sequences
[M::worker_pipeline::420.015*8.04] mapped 332388 sequences
[M::worker_pipeline::421.083*8.05] mapped 332504 sequences
[M::worker_pipeline::421.460*8.05] mapped 332414 sequences
[M::worker_pipeline::422.171*8.05] mapped 332474 sequences
[M::worker_pipeline::422.854*8.05] mapped 332604 sequences
[M::worker_pipeline::423.576*8.05] mapped 332528 sequences
[M::worker_pipeline::424.266*8.05] mapped 332538 sequences
[M::worker_pipeline::424.574*8.04] mapped 289806 sequences
[M::main] Version: 2.22-r1101
[M::main] CMD: minimap2 --secondary=no -t 16 -R @RG\tID:snippy\tSM:snippy -ax sr /work/FAC/FBM/DMF/smitri/evomicrocomm/genome_size/data/at/reference.fasta /work/FAC/FBM/DMF/smitri/evomicrocomm/genome_size/data/T11.3.1/read1.fq.gz /work/FAC/FBM/DMF/smitri/evomicrocomm/genome_size/data/T11.3.1/read2.fq.gz
[M::main] Real time: 424.608 sec; CPU: 3415.583 sec; Peak RSS: 0.787 GB
[bam_sort_core] merging from 80 files and 16 in-memory blocks...
[Sun Oct 17 23:01:03 2021]
Finished job 0.
1 of 1 steps (100%) done
