Building DAG of jobs...
Using shell: /usr/bin/bash
Provided cores: 16
Rules claiming more threads will be scaled down.
Select jobs to execute...

[Sun Oct 17 22:38:29 2021]
rule mapping:
    input: /work/FAC/FBM/DMF/smitri/evomicrocomm/genome_size/data/ct/reference.fasta, /work/FAC/FBM/DMF/smitri/evomicrocomm/genome_size/data/T11.4.1/read1.fq.gz, /work/FAC/FBM/DMF/smitri/evomicrocomm/genome_size/data/T11.4.1/read2.fq.gz
    output: /work/FAC/FBM/DMF/smitri/evomicrocomm/genome_size/data/T11.4.1/ct/mapped_reads.sorted.bam
    jobid: 0
    wildcards: sample=T11.4.1, strain=ct
    threads: 16
    resources: mem_mb=25669, disk_mb=25669, tmpdir=/tmp/2846073

[M::mm_idx_gen::0.207*0.66] collected minimizers
[M::mm_idx_gen::0.226*1.16] sorted minimizers
[M::main::0.226*1.16] loaded/built the index for 2 target sequence(s)
[M::mm_mapopt_update::0.226*1.16] mid_occ = 1000
[M::mm_idx_stat] kmer size: 21; skip: 11; is_hpc: 0; #seq: 2
[M::mm_idx_stat::0.239*1.15] distinct minimizers: 993850 (99.11% are singletons); average occurrences: 1.021; average spacing: 5.998; total length: 6084391
[M::worker_pipeline::1.524*2.25] mapped 333088 sequences
[M::worker_pipeline::2.603*2.41] mapped 332968 sequences
[M::worker_pipeline::3.621*2.57] mapped 332836 sequences
[M::worker_pipeline::4.404*2.78] mapped 332810 sequences
[M::worker_pipeline::5.263*2.91] mapped 332830 sequences
[M::worker_pipeline::5.870*3.09] mapped 332742 sequences
[M::worker_pipeline::6.495*3.22] mapped 332730 sequences
[M::worker_pipeline::7.126*3.33] mapped 332760 sequences
[M::worker_pipeline::7.698*3.43] mapped 332656 sequences
[M::worker_pipeline::8.423*3.50] mapped 332600 sequences
[M::worker_pipeline::9.082*3.56] mapped 332628 sequences
[M::worker_pipeline::9.720*3.61] mapped 332550 sequences
[M::worker_pipeline::10.460*3.64] mapped 332618 sequences
[M::worker_pipeline::11.238*3.65] mapped 332636 sequences
[M::worker_pipeline::11.944*3.67] mapped 332640 sequences
[M::worker_pipeline::12.730*3.66] mapped 332598 sequences
[M::worker_pipeline::13.371*3.69] mapped 332584 sequences
[M::worker_pipeline::13.997*3.71] mapped 332616 sequences
[M::worker_pipeline::14.658*3.73] mapped 332622 sequences
[M::worker_pipeline::15.335*3.74] mapped 332638 sequences
[M::worker_pipeline::16.198*3.75] mapped 332870 sequences
[M::worker_pipeline::16.780*3.77] mapped 332836 sequences
[M::worker_pipeline::17.475*3.79] mapped 332904 sequences
[M::worker_pipeline::18.148*3.80] mapped 332968 sequences
[M::worker_pipeline::18.785*3.81] mapped 333012 sequences
[M::worker_pipeline::19.555*3.79] mapped 332892 sequences
[M::worker_pipeline::20.255*3.79] mapped 332826 sequences
[M::worker_pipeline::20.891*3.78] mapped 332782 sequences
[M::worker_pipeline::21.691*3.76] mapped 332706 sequences
[M::worker_pipeline::22.405*3.76] mapped 332644 sequences
[M::worker_pipeline::23.136*3.75] mapped 332654 sequences
[M::worker_pipeline::23.769*3.75] mapped 332594 sequences
[M::worker_pipeline::24.503*3.74] mapped 332670 sequences
[M::worker_pipeline::25.185*3.74] mapped 332662 sequences
[M::worker_pipeline::25.896*3.74] mapped 332660 sequences
[M::worker_pipeline::26.636*3.73] mapped 332904 sequences
[M::worker_pipeline::27.359*3.72] mapped 332998 sequences
[M::worker_pipeline::28.094*3.71] mapped 332828 sequences
[M::worker_pipeline::28.843*3.70] mapped 332732 sequences
[M::worker_pipeline::29.517*3.70] mapped 332698 sequences
[M::worker_pipeline::30.216*3.70] mapped 332604 sequences
[M::worker_pipeline::30.954*3.70] mapped 332550 sequences
[M::worker_pipeline::31.637*3.70] mapped 332600 sequences
[M::worker_pipeline::32.215*3.71] mapped 332624 sequences
[M::worker_pipeline::32.985*3.70] mapped 332602 sequences
[M::worker_pipeline::33.611*3.71] mapped 332632 sequences
[M::worker_pipeline::34.397*3.70] mapped 332590 sequences
[M::worker_pipeline::35.107*3.70] mapped 332660 sequences
[M::worker_pipeline::35.831*3.69] mapped 332728 sequences
[M::worker_pipeline::36.469*3.70] mapped 332634 sequences
[M::worker_pipeline::37.168*3.70] mapped 332694 sequences
[M::worker_pipeline::37.913*3.69] mapped 332812 sequences
[M::worker_pipeline::38.660*3.69] mapped 332776 sequences
[M::worker_pipeline::39.246*3.70] mapped 332808 sequences
[M::worker_pipeline::39.974*3.70] mapped 332838 sequences
[M::worker_pipeline::40.661*3.70] mapped 332866 sequences
[M::worker_pipeline::41.372*3.70] mapped 332864 sequences
[M::worker_pipeline::42.124*3.70] mapped 332668 sequences
[M::worker_pipeline::42.667*3.71] mapped 332688 sequences
[M::worker_pipeline::43.404*3.70] mapped 332692 sequences
[M::worker_pipeline::44.116*3.70] mapped 332730 sequences
[M::worker_pipeline::44.899*3.69] mapped 332902 sequences
[M::worker_pipeline::45.648*3.68] mapped 332802 sequences
[M::worker_pipeline::46.345*3.69] mapped 332924 sequences
[M::worker_pipeline::47.083*3.69] mapped 332972 sequences
[M::worker_pipeline::47.845*3.68] mapped 333064 sequences
[M::worker_pipeline::48.778*3.67] mapped 333022 sequences
[M::worker_pipeline::49.615*3.66] mapped 333290 sequences
[M::worker_pipeline::50.568*3.64] mapped 333168 sequences
[M::worker_pipeline::51.418*3.63] mapped 333254 sequences
[M::worker_pipeline::52.315*3.62] mapped 333178 sequences
[M::worker_pipeline::52.998*3.62] mapped 333274 sequences
[M::worker_pipeline::53.738*3.63] mapped 333346 sequences
[M::worker_pipeline::54.441*3.63] mapped 332952 sequences
[M::worker_pipeline::55.102*3.63] mapped 332600 sequences
[M::worker_pipeline::55.807*3.63] mapped 332592 sequences
[M::worker_pipeline::56.524*3.64] mapped 332576 sequences
[M::worker_pipeline::57.166*3.64] mapped 332500 sequences
[M::worker_pipeline::57.913*3.64] mapped 332486 sequences
[M::worker_pipeline::58.591*3.65] mapped 332444 sequences
[M::worker_pipeline::59.171*3.65] mapped 332446 sequences
[M::worker_pipeline::59.886*3.65] mapped 332342 sequences
[M::worker_pipeline::60.495*3.66] mapped 332412 sequences
[M::worker_pipeline::61.053*3.67] mapped 332352 sequences
[M::worker_pipeline::61.790*3.67] mapped 332386 sequences
[M::worker_pipeline::62.446*3.68] mapped 332438 sequences
[M::worker_pipeline::63.097*3.68] mapped 332322 sequences
[M::worker_pipeline::63.850*3.68] mapped 332350 sequences
[M::worker_pipeline::64.561*3.69] mapped 332362 sequences
[M::worker_pipeline::65.207*3.69] mapped 332374 sequences
[M::worker_pipeline::65.932*3.69] mapped 332350 sequences
[M::worker_pipeline::66.627*3.70] mapped 332390 sequences
[M::worker_pipeline::67.249*3.70] mapped 332350 sequences
[M::worker_pipeline::67.929*3.70] mapped 332420 sequences
[M::worker_pipeline::68.599*3.71] mapped 332492 sequences
[M::worker_pipeline::69.357*3.71] mapped 332614 sequences
[M::worker_pipeline::69.996*3.71] mapped 332652 sequences
[M::worker_pipeline::70.729*3.71] mapped 332736 sequences
[M::worker_pipeline::71.433*3.72] mapped 332750 sequences
[M::worker_pipeline::72.023*3.72] mapped 332668 sequences
[M::worker_pipeline::72.788*3.72] mapped 332600 sequences
[M::worker_pipeline::73.442*3.73] mapped 332542 sequences
[M::worker_pipeline::74.143*3.73] mapped 332502 sequences
[M::worker_pipeline::74.890*3.73] mapped 332492 sequences
[M::worker_pipeline::75.548*3.73] mapped 332492 sequences
[M::worker_pipeline::82.892*3.49] mapped 332444 sequences
[M::worker_pipeline::83.080*3.48] mapped 332508 sequences
[M::worker_pipeline::83.261*3.48] mapped 332454 sequences
[M::worker_pipeline::83.876*3.49] mapped 332600 sequences
[M::worker_pipeline::84.654*3.49] mapped 332630 sequences
[M::worker_pipeline::85.472*3.49] mapped 332924 sequences
[M::worker_pipeline::86.193*3.49] mapped 332762 sequences
[M::worker_pipeline::86.824*3.49] mapped 332450 sequences
[M::worker_pipeline::87.610*3.50] mapped 332454 sequences
[M::worker_pipeline::88.083*3.51] mapped 332396 sequences
[M::worker_pipeline::88.684*3.52] mapped 332398 sequences
[M::worker_pipeline::89.284*3.52] mapped 332360 sequences
[M::worker_pipeline::90.000*3.53] mapped 332330 sequences
[M::worker_pipeline::90.692*3.53] mapped 332410 sequences
[M::worker_pipeline::91.335*3.54] mapped 332402 sequences
[M::worker_pipeline::91.989*3.54] mapped 332450 sequences
[M::worker_pipeline::92.689*3.54] mapped 332386 sequences
[M::worker_pipeline::93.404*3.54] mapped 332398 sequences
[M::worker_pipeline::94.095*3.54] mapped 332422 sequences
[M::worker_pipeline::94.704*3.55] mapped 332362 sequences
[M::worker_pipeline::95.396*3.55] mapped 332292 sequences
[M::worker_pipeline::96.131*3.56] mapped 332332 sequences
[M::worker_pipeline::96.835*3.56] mapped 332338 sequences
[M::worker_pipeline::97.470*3.56] mapped 332350 sequences
[M::worker_pipeline::98.150*3.57] mapped 332362 sequences
[M::worker_pipeline::98.912*3.57] mapped 332376 sequences
[M::worker_pipeline::99.389*3.58] mapped 332332 sequences
[M::worker_pipeline::100.124*3.59] mapped 332274 sequences
[M::worker_pipeline::100.699*3.59] mapped 332252 sequences
[M::worker_pipeline::101.476*3.59] mapped 332304 sequences
[M::worker_pipeline::101.982*3.60] mapped 332312 sequences
[M::worker_pipeline::102.667*3.60] mapped 332334 sequences
[M::worker_pipeline::103.264*3.61] mapped 332356 sequences
[M::worker_pipeline::103.925*3.61] mapped 332340 sequences
[M::worker_pipeline::104.678*3.61] mapped 332386 sequences
[M::worker_pipeline::105.377*3.62] mapped 332394 sequences
[M::worker_pipeline::105.894*3.62] mapped 332408 sequences
[M::worker_pipeline::106.570*3.63] mapped 332382 sequences
[M::worker_pipeline::107.234*3.63] mapped 332390 sequences
[M::worker_pipeline::107.913*3.63] mapped 332404 sequences
[M::worker_pipeline::108.510*3.64] mapped 332358 sequences
[M::worker_pipeline::109.176*3.64] mapped 332368 sequences
[M::worker_pipeline::109.803*3.65] mapped 332490 sequences
[M::worker_pipeline::110.535*3.65] mapped 332558 sequences
[M::worker_pipeline::111.187*3.65] mapped 332634 sequences
[M::worker_pipeline::111.978*3.65] mapped 332660 sequences
[M::worker_pipeline::112.662*3.65] mapped 332566 sequences
[M::worker_pipeline::113.291*3.65] mapped 332544 sequences
[M::worker_pipeline::113.971*3.66] mapped 332438 sequences
[M::worker_pipeline::114.618*3.66] mapped 332418 sequences
[M::worker_pipeline::115.380*3.66] mapped 332422 sequences
[M::worker_pipeline::115.990*3.66] mapped 332424 sequences
[M::worker_pipeline::116.745*3.66] mapped 332478 sequences
[M::worker_pipeline::117.461*3.66] mapped 332462 sequences
[M::worker_pipeline::118.082*3.67] mapped 332410 sequences
[M::worker_pipeline::118.820*3.67] mapped 332350 sequences
[M::worker_pipeline::119.522*3.67] mapped 332362 sequences
[M::worker_pipeline::120.116*3.68] mapped 332390 sequences
[M::worker_pipeline::121.057*3.67] mapped 332314 sequences
[M::worker_pipeline::121.564*3.68] mapped 332352 sequences
[M::worker_pipeline::122.151*3.69] mapped 332324 sequences
[M::worker_pipeline::122.814*3.69] mapped 332310 sequences
[M::worker_pipeline::123.491*3.69] mapped 332344 sequences
[M::worker_pipeline::124.118*3.69] mapped 332396 sequences
[M::worker_pipeline::124.920*3.70] mapped 332400 sequences
[M::worker_pipeline::125.481*3.70] mapped 332406 sequences
[M::worker_pipeline::126.141*3.70] mapped 332472 sequences
[M::worker_pipeline::126.941*3.70] mapped 332544 sequences
[M::worker_pipeline::127.555*3.70] mapped 332444 sequences
[M::worker_pipeline::128.260*3.71] mapped 332422 sequences
[M::worker_pipeline::128.853*3.71] mapped 332474 sequences
[M::worker_pipeline::129.530*3.71] mapped 332464 sequences
[M::worker_pipeline::130.056*3.72] mapped 332330 sequences
[M::worker_pipeline::130.797*3.72] mapped 332252 sequences
[M::worker_pipeline::131.565*3.72] mapped 332318 sequences
[M::worker_pipeline::132.260*3.72] mapped 332350 sequences
[M::worker_pipeline::132.818*3.72] mapped 332294 sequences
[M::worker_pipeline::133.531*3.72] mapped 332392 sequences
[M::worker_pipeline::134.228*3.72] mapped 332504 sequences
[M::worker_pipeline::134.887*3.73] mapped 332488 sequences
[M::worker_pipeline::135.548*3.73] mapped 332686 sequences
[M::worker_pipeline::136.246*3.73] mapped 332440 sequences
[M::worker_pipeline::136.964*3.73] mapped 332394 sequences
[M::worker_pipeline::137.740*3.73] mapped 332394 sequences
[M::worker_pipeline::138.328*3.73] mapped 332414 sequences
[M::worker_pipeline::139.060*3.73] mapped 332406 sequences
[M::worker_pipeline::139.844*3.73] mapped 332814 sequences
[M::worker_pipeline::140.385*3.73] mapped 332346 sequences
[M::worker_pipeline::141.120*3.73] mapped 332316 sequences
[M::worker_pipeline::141.827*3.74] mapped 332354 sequences
[M::worker_pipeline::142.509*3.74] mapped 332384 sequences
[M::worker_pipeline::143.192*3.74] mapped 332418 sequences
[M::worker_pipeline::143.764*3.74] mapped 332422 sequences
[M::worker_pipeline::144.422*3.74] mapped 332280 sequences
[M::worker_pipeline::145.092*3.74] mapped 332292 sequences
[M::worker_pipeline::145.731*3.75] mapped 332348 sequences
[M::worker_pipeline::146.445*3.75] mapped 332400 sequences
[M::worker_pipeline::147.152*3.75] mapped 332396 sequences
[M::worker_pipeline::147.840*3.75] mapped 332344 sequences
[M::worker_pipeline::148.710*3.75] mapped 332394 sequences
[M::worker_pipeline::149.132*3.75] mapped 332352 sequences
[M::worker_pipeline::149.800*3.75] mapped 332334 sequences
[M::worker_pipeline::150.492*3.75] mapped 332380 sequences
[M::worker_pipeline::151.070*3.76] mapped 332310 sequences
[M::worker_pipeline::151.971*3.76] mapped 332298 sequences
[M::worker_pipeline::158.686*3.64] mapped 332386 sequences
[M::worker_pipeline::158.883*3.64] mapped 332448 sequences
[M::worker_pipeline::159.086*3.64] mapped 332460 sequences
[M::worker_pipeline::159.630*3.64] mapped 332464 sequences
[M::worker_pipeline::160.511*3.64] mapped 332488 sequences
[M::worker_pipeline::161.327*3.63] mapped 332500 sequences
[M::worker_pipeline::162.139*3.63] mapped 332508 sequences
[M::worker_pipeline::162.828*3.63] mapped 332584 sequences
[M::worker_pipeline::163.578*3.63] mapped 332646 sequences
[M::worker_pipeline::164.255*3.64] mapped 332642 sequences
[M::worker_pipeline::164.890*3.64] mapped 332584 sequences
[M::worker_pipeline::165.486*3.64] mapped 332594 sequences
[M::worker_pipeline::166.258*3.64] mapped 332570 sequences
[M::worker_pipeline::167.128*3.64] mapped 332730 sequences
[M::worker_pipeline::167.676*3.64] mapped 332884 sequences
[M::worker_pipeline::168.427*3.64] mapped 332788 sequences
[M::worker_pipeline::169.139*3.64] mapped 332800 sequences
[M::worker_pipeline::169.945*3.64] mapped 332820 sequences
[M::worker_pipeline::170.571*3.64] mapped 332722 sequences
[M::worker_pipeline::171.195*3.64] mapped 332756 sequences
[M::worker_pipeline::171.922*3.64] mapped 332694 sequences
[M::worker_pipeline::172.471*3.65] mapped 332612 sequences
[M::worker_pipeline::173.193*3.65] mapped 332594 sequences
[M::worker_pipeline::173.882*3.65] mapped 332568 sequences
[M::worker_pipeline::174.699*3.65] mapped 332590 sequences
[M::worker_pipeline::175.204*3.65] mapped 332510 sequences
[M::worker_pipeline::175.959*3.65] mapped 332564 sequences
[M::worker_pipeline::176.544*3.66] mapped 332526 sequences
[M::worker_pipeline::177.229*3.66] mapped 332514 sequences
[M::worker_pipeline::177.907*3.66] mapped 332534 sequences
[M::worker_pipeline::178.678*3.66] mapped 332484 sequences
[M::worker_pipeline::179.152*3.66] mapped 332526 sequences
[M::worker_pipeline::179.852*3.67] mapped 332602 sequences
[M::worker_pipeline::180.649*3.66] mapped 332508 sequences
[M::worker_pipeline::181.270*3.67] mapped 332530 sequences
[M::worker_pipeline::182.043*3.66] mapped 332606 sequences
[M::worker_pipeline::182.807*3.66] mapped 332620 sequences
[M::worker_pipeline::183.537*3.66] mapped 332578 sequences
[M::worker_pipeline::184.224*3.66] mapped 332676 sequences
[M::worker_pipeline::184.957*3.66] mapped 332676 sequences
[M::worker_pipeline::185.679*3.66] mapped 332626 sequences
[M::worker_pipeline::186.312*3.67] mapped 332678 sequences
[M::worker_pipeline::186.961*3.67] mapped 332670 sequences
[M::worker_pipeline::187.681*3.67] mapped 332656 sequences
[M::worker_pipeline::188.306*3.67] mapped 332604 sequences
[M::worker_pipeline::189.100*3.67] mapped 332576 sequences
[M::worker_pipeline::189.774*3.67] mapped 332508 sequences
[M::worker_pipeline::190.429*3.67] mapped 332588 sequences
[M::worker_pipeline::191.140*3.67] mapped 332448 sequences
[M::worker_pipeline::191.716*3.67] mapped 332426 sequences
[M::worker_pipeline::192.373*3.67] mapped 332558 sequences
[M::worker_pipeline::193.087*3.67] mapped 332594 sequences
[M::worker_pipeline::193.844*3.67] mapped 332582 sequences
[M::worker_pipeline::194.585*3.67] mapped 332464 sequences
[M::worker_pipeline::195.232*3.68] mapped 332484 sequences
[M::worker_pipeline::195.983*3.68] mapped 332610 sequences
[M::worker_pipeline::196.631*3.68] mapped 332558 sequences
[M::worker_pipeline::197.174*3.68] mapped 332536 sequences
[M::worker_pipeline::197.911*3.68] mapped 332526 sequences
[M::worker_pipeline::198.581*3.68] mapped 332550 sequences
[M::worker_pipeline::199.139*3.68] mapped 332526 sequences
[M::worker_pipeline::199.766*3.69] mapped 332542 sequences
[M::worker_pipeline::200.446*3.69] mapped 332530 sequences
[M::worker_pipeline::201.132*3.69] mapped 332516 sequences
[M::worker_pipeline::201.778*3.69] mapped 332416 sequences
[M::worker_pipeline::202.484*3.69] mapped 332402 sequences
[M::worker_pipeline::203.079*3.69] mapped 332432 sequences
[M::worker_pipeline::203.845*3.69] mapped 332450 sequences
[M::worker_pipeline::204.458*3.69] mapped 332452 sequences
[M::worker_pipeline::205.156*3.69] mapped 332454 sequences
[M::worker_pipeline::205.835*3.69] mapped 332400 sequences
[M::worker_pipeline::206.405*3.70] mapped 332350 sequences
[M::worker_pipeline::207.047*3.70] mapped 332390 sequences
[M::worker_pipeline::207.740*3.70] mapped 332382 sequences
[M::worker_pipeline::208.410*3.70] mapped 332432 sequences
[M::worker_pipeline::208.991*3.70] mapped 332398 sequences
[M::worker_pipeline::209.624*3.70] mapped 332428 sequences
[M::worker_pipeline::210.435*3.70] mapped 332432 sequences
[M::worker_pipeline::211.009*3.70] mapped 332514 sequences
[M::worker_pipeline::211.728*3.70] mapped 332462 sequences
[M::worker_pipeline::212.454*3.70] mapped 332488 sequences
[M::worker_pipeline::213.041*3.71] mapped 332370 sequences
[M::worker_pipeline::213.680*3.71] mapped 332412 sequences
[M::worker_pipeline::214.449*3.71] mapped 332460 sequences
[M::worker_pipeline::215.072*3.71] mapped 332478 sequences
[M::worker_pipeline::215.795*3.71] mapped 332424 sequences
[M::worker_pipeline::216.491*3.71] mapped 332472 sequences
[M::worker_pipeline::217.177*3.71] mapped 332704 sequences
[M::worker_pipeline::218.013*3.70] mapped 332630 sequences
[M::worker_pipeline::218.643*3.70] mapped 332510 sequences
[M::worker_pipeline::219.255*3.71] mapped 332546 sequences
[M::worker_pipeline::220.024*3.70] mapped 332556 sequences
[M::worker_pipeline::220.726*3.71] mapped 332564 sequences
[M::worker_pipeline::221.319*3.71] mapped 332544 sequences
[M::worker_pipeline::222.017*3.71] mapped 332462 sequences
[M::worker_pipeline::222.738*3.71] mapped 332436 sequences
[M::worker_pipeline::223.458*3.71] mapped 332406 sequences
[M::worker_pipeline::224.207*3.71] mapped 332392 sequences
[M::worker_pipeline::224.864*3.71] mapped 332400 sequences
[M::worker_pipeline::225.517*3.71] mapped 332402 sequences
[M::worker_pipeline::226.237*3.71] mapped 332344 sequences
[M::worker_pipeline::227.001*3.71] mapped 332386 sequences
[M::worker_pipeline::227.575*3.71] mapped 332364 sequences
[M::worker_pipeline::228.314*3.71] mapped 332394 sequences
[M::worker_pipeline::228.864*3.71] mapped 332328 sequences
[M::worker_pipeline::237.261*3.61] mapped 332384 sequences
[M::worker_pipeline::237.439*3.61] mapped 332382 sequences
[M::worker_pipeline::237.627*3.61] mapped 332386 sequences
[M::worker_pipeline::238.382*3.61] mapped 332428 sequences
[M::worker_pipeline::239.287*3.60] mapped 332506 sequences
[M::worker_pipeline::240.001*3.60] mapped 332500 sequences
[M::worker_pipeline::240.702*3.60] mapped 332518 sequences
[M::worker_pipeline::241.476*3.60] mapped 332564 sequences
[M::worker_pipeline::242.158*3.61] mapped 332450 sequences
[M::worker_pipeline::242.764*3.61] mapped 332432 sequences
[M::worker_pipeline::243.482*3.61] mapped 332438 sequences
[M::worker_pipeline::244.160*3.61] mapped 332438 sequences
[M::worker_pipeline::244.882*3.61] mapped 332500 sequences
[M::worker_pipeline::245.450*3.61] mapped 332488 sequences
[M::worker_pipeline::246.040*3.61] mapped 332476 sequences
[M::worker_pipeline::246.767*3.61] mapped 332546 sequences
[M::worker_pipeline::247.438*3.61] mapped 332538 sequences
[M::worker_pipeline::248.126*3.61] mapped 332374 sequences
[M::worker_pipeline::248.904*3.61] mapped 332358 sequences
[M::worker_pipeline::249.610*3.61] mapped 332406 sequences
[M::worker_pipeline::250.275*3.61] mapped 332346 sequences
[M::worker_pipeline::250.854*3.61] mapped 332620 sequences
[M::worker_pipeline::251.506*3.62] mapped 332396 sequences
[M::worker_pipeline::252.214*3.62] mapped 332372 sequences
[M::worker_pipeline::252.870*3.62] mapped 332396 sequences
[M::worker_pipeline::253.584*3.62] mapped 332488 sequences
[M::worker_pipeline::254.312*3.62] mapped 332340 sequences
[M::worker_pipeline::255.036*3.62] mapped 332302 sequences
[M::worker_pipeline::255.739*3.62] mapped 332386 sequences
[M::worker_pipeline::256.445*3.62] mapped 332478 sequences
[M::worker_pipeline::257.272*3.62] mapped 332324 sequences
[M::worker_pipeline::257.907*3.62] mapped 332414 sequences
[M::worker_pipeline::258.567*3.62] mapped 332390 sequences
[M::worker_pipeline::259.292*3.62] mapped 332354 sequences
[M::worker_pipeline::259.826*3.62] mapped 332308 sequences
[M::worker_pipeline::260.499*3.62] mapped 332302 sequences
[M::worker_pipeline::261.271*3.62] mapped 332286 sequences
[M::worker_pipeline::261.886*3.62] mapped 332340 sequences
[M::worker_pipeline::262.507*3.63] mapped 332260 sequences
[M::worker_pipeline::263.300*3.63] mapped 332262 sequences
[M::worker_pipeline::264.107*3.62] mapped 332240 sequences
[M::worker_pipeline::264.862*3.63] mapped 332464 sequences
[M::worker_pipeline::265.407*3.63] mapped 332324 sequences
[M::worker_pipeline::266.157*3.63] mapped 332346 sequences
[M::worker_pipeline::266.948*3.62] mapped 332308 sequences
[M::worker_pipeline::267.762*3.62] mapped 332224 sequences
[M::worker_pipeline::268.447*3.62] mapped 332282 sequences
[M::worker_pipeline::269.167*3.62] mapped 332276 sequences
[M::worker_pipeline::269.842*3.62] mapped 332378 sequences
[M::worker_pipeline::270.556*3.62] mapped 332346 sequences
[M::worker_pipeline::271.169*3.62] mapped 332218 sequences
[M::worker_pipeline::271.907*3.62] mapped 332406 sequences
[M::worker_pipeline::272.602*3.63] mapped 332258 sequences
[M::worker_pipeline::273.290*3.63] mapped 332296 sequences
[M::worker_pipeline::273.934*3.63] mapped 332344 sequences
[M::worker_pipeline::274.680*3.63] mapped 332366 sequences
[M::worker_pipeline::275.256*3.63] mapped 332428 sequences
[M::worker_pipeline::275.993*3.63] mapped 332626 sequences
[M::worker_pipeline::276.782*3.63] mapped 332482 sequences
[M::worker_pipeline::277.537*3.63] mapped 332426 sequences
[M::worker_pipeline::278.132*3.63] mapped 332412 sequences
[M::worker_pipeline::278.774*3.63] mapped 332398 sequences
[M::worker_pipeline::279.466*3.63] mapped 332386 sequences
[M::worker_pipeline::279.977*3.64] mapped 332376 sequences
[M::worker_pipeline::280.705*3.64] mapped 332324 sequences
[M::worker_pipeline::281.393*3.64] mapped 332284 sequences
[M::worker_pipeline::282.026*3.64] mapped 332336 sequences
[M::worker_pipeline::282.767*3.64] mapped 332310 sequences
[M::worker_pipeline::283.521*3.64] mapped 332264 sequences
[M::worker_pipeline::284.181*3.64] mapped 332244 sequences
[M::worker_pipeline::284.895*3.64] mapped 332248 sequences
[M::worker_pipeline::285.528*3.64] mapped 332328 sequences
[M::worker_pipeline::286.314*3.64] mapped 332228 sequences
[M::worker_pipeline::287.094*3.64] mapped 332272 sequences
[M::worker_pipeline::287.642*3.64] mapped 332306 sequences
[M::worker_pipeline::288.399*3.64] mapped 332340 sequences
[M::worker_pipeline::289.059*3.64] mapped 332300 sequences
[M::worker_pipeline::289.821*3.64] mapped 332292 sequences
[M::worker_pipeline::290.393*3.64] mapped 332340 sequences
[M::worker_pipeline::291.089*3.64] mapped 332284 sequences
[M::worker_pipeline::291.780*3.65] mapped 332302 sequences
[M::worker_pipeline::292.398*3.65] mapped 332322 sequences
[M::worker_pipeline::293.043*3.65] mapped 332284 sequences
[M::worker_pipeline::293.732*3.65] mapped 332282 sequences
[M::worker_pipeline::294.439*3.65] mapped 332264 sequences
[M::worker_pipeline::295.075*3.65] mapped 332272 sequences
[M::worker_pipeline::295.812*3.65] mapped 332274 sequences
[M::worker_pipeline::296.495*3.65] mapped 332260 sequences
[M::worker_pipeline::297.308*3.65] mapped 332276 sequences
[M::worker_pipeline::298.065*3.65] mapped 332248 sequences
[M::worker_pipeline::298.532*3.65] mapped 332264 sequences
[M::worker_pipeline::299.081*3.65] mapped 332220 sequences
[M::worker_pipeline::299.846*3.65] mapped 332314 sequences
[M::worker_pipeline::300.538*3.65] mapped 332350 sequences
[M::worker_pipeline::301.155*3.66] mapped 332442 sequences
[M::worker_pipeline::301.851*3.66] mapped 332314 sequences
[M::worker_pipeline::302.517*3.66] mapped 332308 sequences
[M::worker_pipeline::303.207*3.66] mapped 332298 sequences
[M::worker_pipeline::303.925*3.66] mapped 332344 sequences
[M::worker_pipeline::304.705*3.66] mapped 332572 sequences
[M::worker_pipeline::305.372*3.66] mapped 332286 sequences
[M::worker_pipeline::306.035*3.66] mapped 332326 sequences
[M::worker_pipeline::306.728*3.66] mapped 332296 sequences
[M::worker_pipeline::307.436*3.66] mapped 332322 sequences
[M::worker_pipeline::308.135*3.66] mapped 332276 sequences
[M::worker_pipeline::316.269*3.59] mapped 332318 sequences
[M::worker_pipeline::316.460*3.59] mapped 332268 sequences
[M::worker_pipeline::316.618*3.58] mapped 332258 sequences
[M::worker_pipeline::317.383*3.58] mapped 332292 sequences
[M::worker_pipeline::318.295*3.58] mapped 332290 sequences
[M::worker_pipeline::319.008*3.58] mapped 332282 sequences
[M::worker_pipeline::319.699*3.58] mapped 332240 sequences
[M::worker_pipeline::320.341*3.58] mapped 332242 sequences
[M::worker_pipeline::321.087*3.58] mapped 332308 sequences
[M::worker_pipeline::321.761*3.58] mapped 332318 sequences
[M::worker_pipeline::322.464*3.58] mapped 332350 sequences
[M::worker_pipeline::323.173*3.58] mapped 332220 sequences
[M::worker_pipeline::323.852*3.59] mapped 332214 sequences
[M::worker_pipeline::324.493*3.59] mapped 332210 sequences
[M::worker_pipeline::325.203*3.59] mapped 332342 sequences
[M::worker_pipeline::325.903*3.59] mapped 332330 sequences
[M::worker_pipeline::326.648*3.59] mapped 332424 sequences
[M::worker_pipeline::327.253*3.59] mapped 332402 sequences
[M::worker_pipeline::327.996*3.59] mapped 332410 sequences
[M::worker_pipeline::328.716*3.59] mapped 332372 sequences
[M::worker_pipeline::329.381*3.59] mapped 332498 sequences
[M::worker_pipeline::330.083*3.59] mapped 332376 sequences
[M::worker_pipeline::330.842*3.59] mapped 332428 sequences
[M::worker_pipeline::331.513*3.59] mapped 332456 sequences
[M::worker_pipeline::332.266*3.59] mapped 332482 sequences
[M::worker_pipeline::333.072*3.59] mapped 332558 sequences
[M::worker_pipeline::333.663*3.59] mapped 332590 sequences
[M::worker_pipeline::334.260*3.59] mapped 332482 sequences
[M::worker_pipeline::335.024*3.59] mapped 332456 sequences
[M::worker_pipeline::335.652*3.59] mapped 332564 sequences
[M::worker_pipeline::336.411*3.59] mapped 332484 sequences
[M::worker_pipeline::337.219*3.59] mapped 332336 sequences
[M::worker_pipeline::337.708*3.59] mapped 332396 sequences
[M::worker_pipeline::338.325*3.60] mapped 332396 sequences
[M::worker_pipeline::339.007*3.60] mapped 332328 sequences
[M::worker_pipeline::339.735*3.60] mapped 332366 sequences
[M::worker_pipeline::340.521*3.60] mapped 332368 sequences
[M::worker_pipeline::341.162*3.60] mapped 332308 sequences
[M::worker_pipeline::341.829*3.60] mapped 332312 sequences
[M::worker_pipeline::342.528*3.60] mapped 332318 sequences
[M::worker_pipeline::343.212*3.60] mapped 332342 sequences
[M::worker_pipeline::343.927*3.60] mapped 332398 sequences
[M::worker_pipeline::344.642*3.60] mapped 332280 sequences
[M::worker_pipeline::345.310*3.60] mapped 332302 sequences
[M::worker_pipeline::345.915*3.60] mapped 332280 sequences
[M::worker_pipeline::346.621*3.60] mapped 332322 sequences
[M::worker_pipeline::347.289*3.60] mapped 332330 sequences
[M::worker_pipeline::347.993*3.60] mapped 332372 sequences
[M::worker_pipeline::348.720*3.60] mapped 332332 sequences
[M::worker_pipeline::349.395*3.60] mapped 332328 sequences
[M::worker_pipeline::350.042*3.60] mapped 332416 sequences
[M::worker_pipeline::350.717*3.60] mapped 332462 sequences
[M::worker_pipeline::351.461*3.60] mapped 332406 sequences
[M::worker_pipeline::352.234*3.60] mapped 332332 sequences
[M::worker_pipeline::352.918*3.60] mapped 332340 sequences
[M::worker_pipeline::353.533*3.61] mapped 332348 sequences
[M::worker_pipeline::354.289*3.61] mapped 332386 sequences
[M::worker_pipeline::354.845*3.61] mapped 332288 sequences
[M::worker_pipeline::355.653*3.61] mapped 332338 sequences
[M::worker_pipeline::356.271*3.61] mapped 332368 sequences
[M::worker_pipeline::356.981*3.61] mapped 332304 sequences
[M::worker_pipeline::357.652*3.61] mapped 332348 sequences
[M::worker_pipeline::358.350*3.61] mapped 332210 sequences
[M::worker_pipeline::359.025*3.61] mapped 332336 sequences
[M::worker_pipeline::359.724*3.61] mapped 332364 sequences
[M::worker_pipeline::360.378*3.61] mapped 332282 sequences
[M::worker_pipeline::361.014*3.61] mapped 332272 sequences
[M::worker_pipeline::361.771*3.61] mapped 332306 sequences
[M::worker_pipeline::362.451*3.61] mapped 332294 sequences
[M::worker_pipeline::363.127*3.61] mapped 332956 sequences
[M::worker_pipeline::363.834*3.61] mapped 332286 sequences
[M::worker_pipeline::364.502*3.61] mapped 332374 sequences
[M::worker_pipeline::365.185*3.62] mapped 332330 sequences
[M::worker_pipeline::365.939*3.62] mapped 332422 sequences
[M::worker_pipeline::366.764*3.61] mapped 332206 sequences
[M::worker_pipeline::367.354*3.62] mapped 332254 sequences
[M::worker_pipeline::367.865*3.62] mapped 332144 sequences
[M::worker_pipeline::368.516*3.62] mapped 332232 sequences
[M::worker_pipeline::369.221*3.62] mapped 332112 sequences
[M::worker_pipeline::369.901*3.62] mapped 332166 sequences
[M::worker_pipeline::370.615*3.62] mapped 332188 sequences
[M::worker_pipeline::371.332*3.62] mapped 332200 sequences
[M::worker_pipeline::371.956*3.62] mapped 332244 sequences
[M::worker_pipeline::372.553*3.62] mapped 332492 sequences
[M::worker_pipeline::373.387*3.62] mapped 332162 sequences
[M::worker_pipeline::374.070*3.62] mapped 332168 sequences
[M::worker_pipeline::374.699*3.62] mapped 332166 sequences
[M::worker_pipeline::375.434*3.62] mapped 332130 sequences
[M::worker_pipeline::376.090*3.62] mapped 332132 sequences
[M::worker_pipeline::376.705*3.62] mapped 332186 sequences
[M::worker_pipeline::377.433*3.62] mapped 332260 sequences
[M::worker_pipeline::378.062*3.63] mapped 332166 sequences
[M::worker_pipeline::378.724*3.63] mapped 332242 sequences
[M::worker_pipeline::379.355*3.63] mapped 332246 sequences
[M::worker_pipeline::380.074*3.63] mapped 332240 sequences
[M::worker_pipeline::380.690*3.63] mapped 332140 sequences
[M::worker_pipeline::381.334*3.63] mapped 332216 sequences
[M::worker_pipeline::382.062*3.63] mapped 332234 sequences
[M::worker_pipeline::382.690*3.63] mapped 332192 sequences
[M::worker_pipeline::383.434*3.63] mapped 332218 sequences
[M::worker_pipeline::384.125*3.63] mapped 332306 sequences
[M::worker_pipeline::384.798*3.63] mapped 332430 sequences
[M::worker_pipeline::385.551*3.63] mapped 332706 sequences
[M::worker_pipeline::386.237*3.63] mapped 332730 sequences
[M::worker_pipeline::393.979*3.58] mapped 332794 sequences
[M::worker_pipeline::394.198*3.58] mapped 332750 sequences
[M::worker_pipeline::394.375*3.58] mapped 332620 sequences
[M::worker_pipeline::395.094*3.58] mapped 332632 sequences
[M::worker_pipeline::395.999*3.58] mapped 332558 sequences
[M::worker_pipeline::396.729*3.58] mapped 332500 sequences
[M::worker_pipeline::397.303*3.58] mapped 332582 sequences
[M::worker_pipeline::397.988*3.58] mapped 332630 sequences
[M::worker_pipeline::398.674*3.58] mapped 332544 sequences
[M::worker_pipeline::399.356*3.58] mapped 332482 sequences
[M::worker_pipeline::399.994*3.58] mapped 332548 sequences
[M::worker_pipeline::400.698*3.58] mapped 332540 sequences
[M::worker_pipeline::401.406*3.58] mapped 332512 sequences
[M::worker_pipeline::402.029*3.58] mapped 332494 sequences
[M::worker_pipeline::402.697*3.58] mapped 332496 sequences
[M::worker_pipeline::403.414*3.58] mapped 332472 sequences
[M::worker_pipeline::404.118*3.58] mapped 332538 sequences
[M::worker_pipeline::404.750*3.58] mapped 332462 sequences
[M::worker_pipeline::405.463*3.58] mapped 332510 sequences
[M::worker_pipeline::406.183*3.58] mapped 332554 sequences
[M::worker_pipeline::406.833*3.58] mapped 332534 sequences
[M::worker_pipeline::407.642*3.58] mapped 332516 sequences
[M::worker_pipeline::408.591*3.58] mapped 332532 sequences
[M::worker_pipeline::409.576*3.58] mapped 332546 sequences
[M::worker_pipeline::410.426*3.58] mapped 332420 sequences
[M::worker_pipeline::411.245*3.58] mapped 332482 sequences
[M::worker_pipeline::411.924*3.58] mapped 332478 sequences
[M::worker_pipeline::412.560*3.58] mapped 332406 sequences
[M::worker_pipeline::413.246*3.58] mapped 332458 sequences
[M::worker_pipeline::413.870*3.58] mapped 332468 sequences
[M::worker_pipeline::414.560*3.58] mapped 332446 sequences
[M::worker_pipeline::415.240*3.58] mapped 332524 sequences
[M::worker_pipeline::415.901*3.58] mapped 332498 sequences
[M::worker_pipeline::416.595*3.58] mapped 332562 sequences
[M::worker_pipeline::417.226*3.58] mapped 332422 sequences
[M::worker_pipeline::417.944*3.58] mapped 332406 sequences
[M::worker_pipeline::418.555*3.59] mapped 332470 sequences
[M::worker_pipeline::419.107*3.59] mapped 332416 sequences
[M::worker_pipeline::419.788*3.59] mapped 332536 sequences
[M::worker_pipeline::420.447*3.59] mapped 332664 sequences
[M::worker_pipeline::421.084*3.59] mapped 332446 sequences
[M::worker_pipeline::421.798*3.59] mapped 332510 sequences
[M::worker_pipeline::422.497*3.59] mapped 332588 sequences
[M::worker_pipeline::423.146*3.59] mapped 332486 sequences
[M::worker_pipeline::423.890*3.59] mapped 332528 sequences
[M::worker_pipeline::424.460*3.59] mapped 332568 sequences
[M::worker_pipeline::425.154*3.59] mapped 332492 sequences
[M::worker_pipeline::425.816*3.59] mapped 332438 sequences
[M::worker_pipeline::426.485*3.59] mapped 332490 sequences
[M::worker_pipeline::427.184*3.59] mapped 332472 sequences
[M::worker_pipeline::427.907*3.59] mapped 332374 sequences
[M::worker_pipeline::428.461*3.59] mapped 332410 sequences
[M::worker_pipeline::429.245*3.59] mapped 332384 sequences
[M::worker_pipeline::429.894*3.59] mapped 332488 sequences
[M::worker_pipeline::430.579*3.59] mapped 332368 sequences
[M::worker_pipeline::431.211*3.60] mapped 332360 sequences
[M::worker_pipeline::431.872*3.60] mapped 332284 sequences
[M::worker_pipeline::432.534*3.60] mapped 332398 sequences
[M::worker_pipeline::433.205*3.60] mapped 332400 sequences
[M::worker_pipeline::433.884*3.60] mapped 332426 sequences
[M::worker_pipeline::434.621*3.60] mapped 332634 sequences
[M::worker_pipeline::435.172*3.60] mapped 332618 sequences
[M::worker_pipeline::435.888*3.60] mapped 332482 sequences
[M::worker_pipeline::436.632*3.60] mapped 332516 sequences
[M::worker_pipeline::437.397*3.60] mapped 332596 sequences
[M::worker_pipeline::438.053*3.60] mapped 332602 sequences
[M::worker_pipeline::438.715*3.60] mapped 332490 sequences
[M::worker_pipeline::439.448*3.60] mapped 332608 sequences
[M::worker_pipeline::440.027*3.60] mapped 332658 sequences
[M::worker_pipeline::440.686*3.60] mapped 332632 sequences
[M::worker_pipeline::441.346*3.60] mapped 332620 sequences
[M::worker_pipeline::442.149*3.60] mapped 332750 sequences
[M::worker_pipeline::442.234*3.60] mapped 141760 sequences
[M::main] Version: 2.22-r1101
[M::main] CMD: minimap2 --secondary=no -t 16 -R @RG\tID:snippy\tSM:snippy -ax sr /work/FAC/FBM/DMF/smitri/evomicrocomm/genome_size/data/ct/reference.fasta /work/FAC/FBM/DMF/smitri/evomicrocomm/genome_size/data/T11.4.1/read1.fq.gz /work/FAC/FBM/DMF/smitri/evomicrocomm/genome_size/data/T11.4.1/read2.fq.gz
[M::main] Real time: 442.257 sec; CPU: 1593.644 sec; Peak RSS: 0.535 GB
[bam_sort_core] merging from 80 files and 16 in-memory blocks...
[Sun Oct 17 22:51:06 2021]
Finished job 0.
1 of 1 steps (100%) done
