Building DAG of jobs...
Using shell: /usr/bin/bash
Provided cores: 16
Rules claiming more threads will be scaled down.
Select jobs to execute...

[Sun Oct 17 22:45:35 2021]
rule mapping:
    input: /work/FAC/FBM/DMF/smitri/evomicrocomm/genome_size/data/at/reference.fasta, /work/FAC/FBM/DMF/smitri/evomicrocomm/genome_size/data/T11.3.4/read1.fq.gz, /work/FAC/FBM/DMF/smitri/evomicrocomm/genome_size/data/T11.3.4/read2.fq.gz
    output: /work/FAC/FBM/DMF/smitri/evomicrocomm/genome_size/data/T11.3.4/at/mapped_reads.sorted.bam
    jobid: 0
    wildcards: sample=T11.3.4, strain=at
    threads: 16
    resources: mem_mb=28313, disk_mb=28313, tmpdir=/tmp/2846203

[M::mm_idx_gen::0.124*0.95] collected minimizers
[M::mm_idx_gen::0.145*2.11] sorted minimizers
[M::main::0.145*2.11] loaded/built the index for 5 target sequence(s)
[M::mm_mapopt_update::0.145*2.11] mid_occ = 1000
[M::mm_idx_stat] kmer size: 21; skip: 11; is_hpc: 0; #seq: 5
[M::mm_idx_stat::0.157*2.03] distinct minimizers: 875577 (98.87% are singletons); average occurrences: 1.019; average spacing: 5.996; total length: 5348547
[M::worker_pipeline::1.775*3.70] mapped 333232 sequences
[M::worker_pipeline::2.919*4.44] mapped 333146 sequences
[M::worker_pipeline::4.025*5.10] mapped 332994 sequences
[M::worker_pipeline::5.081*6.08] mapped 332974 sequences
[M::worker_pipeline::6.158*6.21] mapped 332914 sequences
[M::worker_pipeline::6.794*6.51] mapped 332900 sequences
[M::worker_pipeline::7.546*6.68] mapped 332820 sequences
[M::worker_pipeline::8.417*7.04] mapped 332824 sequences
[M::worker_pipeline::8.976*7.00] mapped 332822 sequences
[M::worker_pipeline::10.142*7.30] mapped 332798 sequences
[M::worker_pipeline::10.516*7.11] mapped 332748 sequences
[M::worker_pipeline::11.234*7.20] mapped 332748 sequences
[M::worker_pipeline::11.979*7.27] mapped 332674 sequences
[M::worker_pipeline::12.649*7.37] mapped 332708 sequences
[M::worker_pipeline::13.820*7.59] mapped 332794 sequences
[M::worker_pipeline::14.250*7.42] mapped 332698 sequences
[M::worker_pipeline::14.929*7.49] mapped 332652 sequences
[M::worker_pipeline::15.401*7.37] mapped 332674 sequences
[M::worker_pipeline::16.547*7.58] mapped 332746 sequences
[M::worker_pipeline::17.387*7.68] mapped 332802 sequences
[M::worker_pipeline::18.086*7.62] mapped 332746 sequences
[M::worker_pipeline::19.320*7.73] mapped 332920 sequences
[M::worker_pipeline::19.700*7.62] mapped 332922 sequences
[M::worker_pipeline::20.550*7.65] mapped 333000 sequences
[M::worker_pipeline::21.622*7.78] mapped 333070 sequences
[M::worker_pipeline::22.001*7.68] mapped 333044 sequences
[M::worker_pipeline::22.744*7.73] mapped 333192 sequences
[M::worker_pipeline::23.445*7.75] mapped 333020 sequences
[M::worker_pipeline::24.230*7.74] mapped 332916 sequences
[M::worker_pipeline::25.292*7.89] mapped 332892 sequences
[M::worker_pipeline::25.673*7.80] mapped 332806 sequences
[M::worker_pipeline::26.393*7.81] mapped 332726 sequences
[M::worker_pipeline::27.096*7.83] mapped 332704 sequences
[M::worker_pipeline::27.901*7.83] mapped 332746 sequences
[M::worker_pipeline::28.529*7.86] mapped 332716 sequences
[M::worker_pipeline::29.593*7.94] mapped 332804 sequences
[M::worker_pipeline::29.984*7.86] mapped 332826 sequences
[M::worker_pipeline::30.702*7.88] mapped 332764 sequences
[M::worker_pipeline::31.550*7.85] mapped 333146 sequences
[M::worker_pipeline::32.847*7.87] mapped 333032 sequences
[M::worker_pipeline::33.241*7.80] mapped 333002 sequences
[M::worker_pipeline::34.031*7.82] mapped 332796 sequences
[M::worker_pipeline::34.793*7.84] mapped 332772 sequences
[M::worker_pipeline::35.651*7.91] mapped 332736 sequences
[M::worker_pipeline::36.154*7.88] mapped 332692 sequences
[M::worker_pipeline::36.855*7.89] mapped 332724 sequences
[M::worker_pipeline::37.706*7.94] mapped 332706 sequences
[M::worker_pipeline::38.170*7.93] mapped 332690 sequences
[M::worker_pipeline::38.947*7.94] mapped 332690 sequences
[M::worker_pipeline::39.673*7.96] mapped 332678 sequences
[M::worker_pipeline::40.716*8.02] mapped 332746 sequences
[M::worker_pipeline::41.118*7.96] mapped 332772 sequences
[M::worker_pipeline::41.845*7.97] mapped 332776 sequences
[M::worker_pipeline::42.624*7.99] mapped 332746 sequences
[M::worker_pipeline::43.319*7.99] mapped 332734 sequences
[M::worker_pipeline::43.983*8.01] mapped 332756 sequences
[M::worker_pipeline::44.959*8.07] mapped 332888 sequences
[M::worker_pipeline::45.435*8.03] mapped 332828 sequences
[M::worker_pipeline::46.204*8.03] mapped 332874 sequences
[M::worker_pipeline::46.897*8.03] mapped 332920 sequences
[M::worker_pipeline::47.633*8.04] mapped 332876 sequences
[M::worker_pipeline::48.653*8.10] mapped 333050 sequences
[M::worker_pipeline::49.025*8.06] mapped 332866 sequences
[M::worker_pipeline::49.754*8.07] mapped 332786 sequences
[M::worker_pipeline::50.538*8.07] mapped 332846 sequences
[M::worker_pipeline::51.207*8.09] mapped 332872 sequences
[M::worker_pipeline::52.340*8.13] mapped 332832 sequences
[M::worker_pipeline::52.727*8.09] mapped 333052 sequences
[M::worker_pipeline::53.523*8.10] mapped 332878 sequences
[M::worker_pipeline::54.437*8.12] mapped 333082 sequences
[M::worker_pipeline::54.955*8.11] mapped 333170 sequences
[M::worker_pipeline::55.627*8.12] mapped 333190 sequences
[M::worker_pipeline::56.312*8.13] mapped 333222 sequences
[M::worker_pipeline::56.988*8.14] mapped 333236 sequences
[M::worker_pipeline::58.041*8.20] mapped 333512 sequences
[M::worker_pipeline::58.420*8.16] mapped 333420 sequences
[M::worker_pipeline::59.100*8.17] mapped 333418 sequences
[M::worker_pipeline::59.830*8.17] mapped 333530 sequences
[M::worker_pipeline::60.448*8.18] mapped 333436 sequences
[M::worker_pipeline::61.272*8.18] mapped 333618 sequences
[M::worker_pipeline::62.366*8.23] mapped 333552 sequences
[M::worker_pipeline::62.761*8.19] mapped 333024 sequences
[M::worker_pipeline::63.557*8.18] mapped 332744 sequences
[M::worker_pipeline::64.428*8.17] mapped 332676 sequences
[M::worker_pipeline::65.133*8.17] mapped 332626 sequences
[M::worker_pipeline::66.338*8.19] mapped 332574 sequences
[M::worker_pipeline::66.724*8.16] mapped 332570 sequences
[M::worker_pipeline::67.466*8.15] mapped 332490 sequences
[M::worker_pipeline::68.190*8.16] mapped 332502 sequences
[M::worker_pipeline::69.063*8.14] mapped 332470 sequences
[M::worker_pipeline::70.268*8.17] mapped 332408 sequences
[M::worker_pipeline::70.631*8.14] mapped 332418 sequences
[M::worker_pipeline::71.397*8.14] mapped 332418 sequences
[M::worker_pipeline::72.290*8.15] mapped 332440 sequences
[M::worker_pipeline::72.852*8.15] mapped 332464 sequences
[M::worker_pipeline::79.089*7.64] mapped 332386 sequences
[M::worker_pipeline::79.463*7.62] mapped 332422 sequences
[M::worker_pipeline::80.235*7.62] mapped 332430 sequences
[M::worker_pipeline::80.906*7.63] mapped 332376 sequences
[M::worker_pipeline::81.294*7.60] mapped 332424 sequences
[M::worker_pipeline::82.949*7.66] mapped 332426 sequences
[M::worker_pipeline::83.298*7.63] mapped 332410 sequences
[M::worker_pipeline::84.009*7.64] mapped 332462 sequences
[M::worker_pipeline::84.678*7.66] mapped 332552 sequences
[M::worker_pipeline::85.346*7.67] mapped 332642 sequences
[M::worker_pipeline::86.221*7.69] mapped 332764 sequences
[M::worker_pipeline::86.881*7.68] mapped 332800 sequences
[M::worker_pipeline::87.922*7.72] mapped 332840 sequences
[M::worker_pipeline::88.405*7.68] mapped 332856 sequences
[M::worker_pipeline::89.139*7.69] mapped 332716 sequences
[M::worker_pipeline::89.775*7.70] mapped 332692 sequences
[M::worker_pipeline::90.578*7.71] mapped 332606 sequences
[M::worker_pipeline::91.251*7.72] mapped 332516 sequences
[M::worker_pipeline::92.312*7.75] mapped 332520 sequences
[M::worker_pipeline::92.725*7.72] mapped 332540 sequences
[M::worker_pipeline::93.463*7.74] mapped 332500 sequences
[M::worker_pipeline::94.462*7.75] mapped 332526 sequences
[M::worker_pipeline::94.997*7.74] mapped 332516 sequences
[M::worker_pipeline::95.772*7.75] mapped 332552 sequences
[M::worker_pipeline::96.895*7.77] mapped 332534 sequences
[M::worker_pipeline::97.288*7.75] mapped 332810 sequences
[M::worker_pipeline::98.011*7.75] mapped 332946 sequences
[M::worker_pipeline::98.788*7.75] mapped 332892 sequences
[M::worker_pipeline::99.465*7.76] mapped 332562 sequences
[M::worker_pipeline::100.570*7.79] mapped 332556 sequences
[M::worker_pipeline::101.010*7.76] mapped 332460 sequences
[M::worker_pipeline::101.550*7.77] mapped 332452 sequences
[M::worker_pipeline::102.398*7.78] mapped 332400 sequences
[M::worker_pipeline::103.037*7.78] mapped 332366 sequences
[M::worker_pipeline::103.891*7.79] mapped 332404 sequences
[M::worker_pipeline::104.741*7.80] mapped 332402 sequences
[M::worker_pipeline::105.294*7.79] mapped 332454 sequences
[M::worker_pipeline::106.005*7.80] mapped 332444 sequences
[M::worker_pipeline::107.103*7.82] mapped 332450 sequences
[M::worker_pipeline::107.478*7.80] mapped 332480 sequences
[M::worker_pipeline::108.157*7.82] mapped 332530 sequences
[M::worker_pipeline::109.009*7.81] mapped 332448 sequences
[M::worker_pipeline::109.739*7.81] mapped 332392 sequences
[M::worker_pipeline::110.435*7.82] mapped 332342 sequences
[M::worker_pipeline::111.212*7.82] mapped 332376 sequences
[M::worker_pipeline::111.885*7.83] mapped 332414 sequences
[M::worker_pipeline::112.685*7.83] mapped 332406 sequences
[M::worker_pipeline::113.735*7.86] mapped 332484 sequences
[M::worker_pipeline::114.142*7.84] mapped 332452 sequences
[M::worker_pipeline::114.827*7.85] mapped 332448 sequences
[M::worker_pipeline::115.570*7.85] mapped 332370 sequences
[M::worker_pipeline::116.682*7.87] mapped 332324 sequences
[M::worker_pipeline::117.060*7.85] mapped 332290 sequences
[M::worker_pipeline::117.820*7.86] mapped 332360 sequences
[M::worker_pipeline::119.065*7.87] mapped 332380 sequences
[M::worker_pipeline::119.459*7.85] mapped 332390 sequences
[M::worker_pipeline::120.222*7.85] mapped 332422 sequences
[M::worker_pipeline::120.981*7.86] mapped 332428 sequences
[M::worker_pipeline::122.011*7.88] mapped 332450 sequences
[M::worker_pipeline::122.445*7.86] mapped 332454 sequences
[M::worker_pipeline::123.150*7.86] mapped 332496 sequences
[M::worker_pipeline::124.004*7.86] mapped 332476 sequences
[M::worker_pipeline::125.009*7.88] mapped 332516 sequences
[M::worker_pipeline::125.583*7.86] mapped 332514 sequences
[M::worker_pipeline::126.724*7.88] mapped 332480 sequences
[M::worker_pipeline::127.137*7.86] mapped 332528 sequences
[M::worker_pipeline::127.915*7.87] mapped 332516 sequences
[M::worker_pipeline::129.029*7.89] mapped 332426 sequences
[M::worker_pipeline::129.396*7.87] mapped 332576 sequences
[M::worker_pipeline::130.264*7.87] mapped 332628 sequences
[M::worker_pipeline::131.212*7.88] mapped 332800 sequences
[M::worker_pipeline::131.826*7.87] mapped 332674 sequences
[M::worker_pipeline::132.631*7.87] mapped 332666 sequences
[M::worker_pipeline::133.299*7.88] mapped 332642 sequences
[M::worker_pipeline::133.965*7.88] mapped 332574 sequences
[M::worker_pipeline::134.764*7.89] mapped 332498 sequences
[M::worker_pipeline::135.647*7.90] mapped 332536 sequences
[M::worker_pipeline::136.160*7.90] mapped 332510 sequences
[M::worker_pipeline::136.873*7.90] mapped 332510 sequences
[M::worker_pipeline::137.672*7.90] mapped 332516 sequences
[M::worker_pipeline::138.392*7.91] mapped 332506 sequences
[M::worker_pipeline::139.506*7.92] mapped 332468 sequences
[M::worker_pipeline::139.891*7.91] mapped 332424 sequences
[M::worker_pipeline::140.358*7.90] mapped 332424 sequences
[M::worker_pipeline::141.772*7.93] mapped 332446 sequences
[M::worker_pipeline::142.152*7.91] mapped 332334 sequences
[M::worker_pipeline::142.920*7.92] mapped 332348 sequences
[M::worker_pipeline::143.661*7.92] mapped 332376 sequences
[M::worker_pipeline::144.758*7.93] mapped 332392 sequences
[M::worker_pipeline::145.129*7.92] mapped 332376 sequences
[M::worker_pipeline::145.989*7.92] mapped 332414 sequences
[M::worker_pipeline::146.727*7.92] mapped 332462 sequences
[M::worker_pipeline::147.911*7.94] mapped 332472 sequences
[M::worker_pipeline::148.370*7.92] mapped 332552 sequences
[M::worker_pipeline::149.154*7.92] mapped 332546 sequences
[M::worker_pipeline::154.941*7.70] mapped 332542 sequences
[M::worker_pipeline::155.368*7.69] mapped 332578 sequences
[M::worker_pipeline::156.126*7.69] mapped 332532 sequences
[M::worker_pipeline::156.879*7.70] mapped 332534 sequences
[M::worker_pipeline::157.516*7.70] mapped 332454 sequences
[M::worker_pipeline::158.404*7.71] mapped 332456 sequences
[M::worker_pipeline::158.948*7.71] mapped 332378 sequences
[M::worker_pipeline::159.666*7.71] mapped 332356 sequences
[M::worker_pipeline::160.896*7.72] mapped 332382 sequences
[M::worker_pipeline::161.267*7.71] mapped 332402 sequences
[M::worker_pipeline::161.990*7.71] mapped 332368 sequences
[M::worker_pipeline::163.055*7.71] mapped 332452 sequences
[M::worker_pipeline::163.664*7.71] mapped 332552 sequences
[M::worker_pipeline::164.669*7.72] mapped 332556 sequences
[M::worker_pipeline::165.254*7.72] mapped 332714 sequences
[M::worker_pipeline::166.324*7.74] mapped 332688 sequences
[M::worker_pipeline::166.699*7.72] mapped 332576 sequences
[M::worker_pipeline::167.430*7.72] mapped 332408 sequences
[M::worker_pipeline::168.251*7.72] mapped 332436 sequences
[M::worker_pipeline::168.978*7.73] mapped 332448 sequences
[M::worker_pipeline::170.139*7.74] mapped 332456 sequences
[M::worker_pipeline::170.521*7.73] mapped 332860 sequences
[M::worker_pipeline::171.320*7.73] mapped 332520 sequences
[M::worker_pipeline::172.444*7.75] mapped 332458 sequences
[M::worker_pipeline::172.849*7.74] mapped 332406 sequences
[M::worker_pipeline::173.552*7.74] mapped 332460 sequences
[M::worker_pipeline::174.459*7.75] mapped 332470 sequences
[M::worker_pipeline::175.548*7.75] mapped 332424 sequences
[M::worker_pipeline::176.003*7.74] mapped 332450 sequences
[M::worker_pipeline::177.178*7.76] mapped 332366 sequences
[M::worker_pipeline::177.642*7.74] mapped 332362 sequences
[M::worker_pipeline::178.528*7.75] mapped 332424 sequences
[M::worker_pipeline::179.147*7.74] mapped 332398 sequences
[M::worker_pipeline::180.249*7.76] mapped 332454 sequences
[M::worker_pipeline::180.654*7.74] mapped 332490 sequences
[M::worker_pipeline::181.428*7.74] mapped 332442 sequences
[M::worker_pipeline::182.703*7.75] mapped 332478 sequences
[M::worker_pipeline::183.242*7.74] mapped 332428 sequences
[M::worker_pipeline::184.370*7.75] mapped 332374 sequences
[M::worker_pipeline::184.791*7.74] mapped 332426 sequences
[M::worker_pipeline::185.594*7.74] mapped 332412 sequences
[M::worker_pipeline::186.702*7.75] mapped 332372 sequences
[M::worker_pipeline::187.161*7.74] mapped 332408 sequences
[M::worker_pipeline::187.990*7.74] mapped 332436 sequences
[M::worker_pipeline::188.798*7.75] mapped 332490 sequences
[M::worker_pipeline::189.442*7.74] mapped 332588 sequences
[M::worker_pipeline::190.550*7.76] mapped 332586 sequences
[M::worker_pipeline::190.989*7.74] mapped 332606 sequences
[M::worker_pipeline::191.742*7.75] mapped 332588 sequences
[M::worker_pipeline::192.513*7.75] mapped 332678 sequences
[M::worker_pipeline::193.185*7.75] mapped 332602 sequences
[M::worker_pipeline::194.287*7.77] mapped 332658 sequences
[M::worker_pipeline::194.691*7.75] mapped 332826 sequences
[M::worker_pipeline::195.466*7.76] mapped 332692 sequences
[M::worker_pipeline::195.992*7.76] mapped 332768 sequences
[M::worker_pipeline::196.800*7.77] mapped 332708 sequences
[M::worker_pipeline::197.879*7.78] mapped 332744 sequences
[M::worker_pipeline::198.266*7.77] mapped 332728 sequences
[M::worker_pipeline::199.004*7.78] mapped 332860 sequences
[M::worker_pipeline::200.198*7.79] mapped 332998 sequences
[M::worker_pipeline::200.579*7.78] mapped 332914 sequences
[M::worker_pipeline::201.408*7.78] mapped 332946 sequences
[M::worker_pipeline::202.718*7.78] mapped 332938 sequences
[M::worker_pipeline::203.102*7.77] mapped 332834 sequences
[M::worker_pipeline::203.910*7.77] mapped 332890 sequences
[M::worker_pipeline::204.612*7.78] mapped 332818 sequences
[M::worker_pipeline::205.627*7.79] mapped 332682 sequences
[M::worker_pipeline::206.004*7.78] mapped 332688 sequences
[M::worker_pipeline::206.871*7.78] mapped 332738 sequences
[M::worker_pipeline::207.549*7.78] mapped 332684 sequences
[M::worker_pipeline::208.617*7.80] mapped 332630 sequences
[M::worker_pipeline::209.025*7.78] mapped 332636 sequences
[M::worker_pipeline::209.788*7.79] mapped 332672 sequences
[M::worker_pipeline::210.565*7.79] mapped 332688 sequences
[M::worker_pipeline::211.286*7.79] mapped 332670 sequences
[M::worker_pipeline::212.022*7.79] mapped 332622 sequences
[M::worker_pipeline::212.703*7.80] mapped 332580 sequences
[M::worker_pipeline::213.474*7.80] mapped 332564 sequences
[M::worker_pipeline::214.174*7.80] mapped 332672 sequences
[M::worker_pipeline::214.931*7.81] mapped 332650 sequences
[M::worker_pipeline::215.708*7.81] mapped 332594 sequences
[M::worker_pipeline::216.682*7.82] mapped 332676 sequences
[M::worker_pipeline::217.123*7.81] mapped 332724 sequences
[M::worker_pipeline::218.047*7.81] mapped 332760 sequences
[M::worker_pipeline::218.866*7.82] mapped 332780 sequences
[M::worker_pipeline::219.398*7.81] mapped 332818 sequences
[M::worker_pipeline::220.550*7.82] mapped 332714 sequences
[M::worker_pipeline::220.943*7.81] mapped 332764 sequences
[M::worker_pipeline::221.678*7.81] mapped 332814 sequences
[M::worker_pipeline::222.406*7.82] mapped 332744 sequences
[M::worker_pipeline::223.145*7.82] mapped 332778 sequences
[M::worker_pipeline::223.933*7.82] mapped 332686 sequences
[M::worker_pipeline::224.652*7.82] mapped 332680 sequences
[M::worker_pipeline::225.722*7.83] mapped 332654 sequences
[M::worker_pipeline::226.104*7.82] mapped 332686 sequences
[M::worker_pipeline::226.694*7.83] mapped 332602 sequences
[M::worker_pipeline::231.868*7.70] mapped 332494 sequences
[M::worker_pipeline::232.272*7.69] mapped 332568 sequences
[M::worker_pipeline::232.990*7.70] mapped 332588 sequences
[M::worker_pipeline::233.736*7.70] mapped 332704 sequences
[M::worker_pipeline::234.590*7.71] mapped 332686 sequences
[M::worker_pipeline::235.537*7.71] mapped 332646 sequences
[M::worker_pipeline::235.907*7.71] mapped 332654 sequences
[M::worker_pipeline::236.704*7.71] mapped 332642 sequences
[M::worker_pipeline::237.817*7.72] mapped 332596 sequences
[M::worker_pipeline::238.255*7.71] mapped 332692 sequences
[M::worker_pipeline::238.938*7.71] mapped 332652 sequences
[M::worker_pipeline::239.658*7.71] mapped 332640 sequences
[M::worker_pipeline::240.753*7.72] mapped 332612 sequences
[M::worker_pipeline::241.153*7.71] mapped 332628 sequences
[M::worker_pipeline::241.534*7.71] mapped 332610 sequences
[M::worker_pipeline::242.627*7.71] mapped 332612 sequences
[M::worker_pipeline::243.519*7.71] mapped 332582 sequences
[M::worker_pipeline::244.262*7.72] mapped 332506 sequences
[M::worker_pipeline::245.001*7.72] mapped 332548 sequences
[M::worker_pipeline::245.655*7.72] mapped 332464 sequences
[M::worker_pipeline::246.657*7.73] mapped 332472 sequences
[M::worker_pipeline::247.021*7.73] mapped 332544 sequences
[M::worker_pipeline::247.728*7.73] mapped 332460 sequences
[M::worker_pipeline::248.461*7.73] mapped 332490 sequences
[M::worker_pipeline::249.192*7.73] mapped 332524 sequences
[M::worker_pipeline::250.296*7.75] mapped 332368 sequences
[M::worker_pipeline::250.673*7.74] mapped 332438 sequences
[M::worker_pipeline::251.536*7.74] mapped 332484 sequences
[M::worker_pipeline::252.188*7.74] mapped 332556 sequences
[M::worker_pipeline::252.834*7.75] mapped 332508 sequences
[M::worker_pipeline::253.559*7.75] mapped 332556 sequences
[M::worker_pipeline::254.184*7.76] mapped 332572 sequences
[M::worker_pipeline::255.362*7.77] mapped 332478 sequences
[M::worker_pipeline::255.777*7.76] mapped 332560 sequences
[M::worker_pipeline::256.411*7.76] mapped 332540 sequences
[M::worker_pipeline::257.285*7.77] mapped 332594 sequences
[M::worker_pipeline::258.154*7.77] mapped 332492 sequences
[M::worker_pipeline::258.712*7.77] mapped 332596 sequences
[M::worker_pipeline::259.419*7.78] mapped 332544 sequences
[M::worker_pipeline::260.198*7.78] mapped 332600 sequences
[M::worker_pipeline::260.893*7.78] mapped 332580 sequences
[M::worker_pipeline::261.652*7.78] mapped 332574 sequences
[M::worker_pipeline::262.294*7.79] mapped 332586 sequences
[M::worker_pipeline::263.217*7.80] mapped 332780 sequences
[M::worker_pipeline::263.689*7.79] mapped 332702 sequences
[M::worker_pipeline::264.388*7.79] mapped 332702 sequences
[M::worker_pipeline::265.547*7.80] mapped 332670 sequences
[M::worker_pipeline::265.966*7.79] mapped 332722 sequences
[M::worker_pipeline::266.769*7.79] mapped 332608 sequences
[M::worker_pipeline::267.516*7.80] mapped 332624 sequences
[M::worker_pipeline::268.553*7.81] mapped 332678 sequences
[M::worker_pipeline::268.952*7.80] mapped 332572 sequences
[M::worker_pipeline::269.663*7.80] mapped 332484 sequences
[M::worker_pipeline::270.405*7.80] mapped 332578 sequences
[M::worker_pipeline::271.166*7.80] mapped 332478 sequences
[M::worker_pipeline::272.159*7.81] mapped 332488 sequences
[M::worker_pipeline::272.608*7.81] mapped 332462 sequences
[M::worker_pipeline::273.344*7.81] mapped 332500 sequences
[M::worker_pipeline::274.087*7.81] mapped 332454 sequences
[M::worker_pipeline::274.754*7.82] mapped 332424 sequences
[M::worker_pipeline::275.394*7.82] mapped 332464 sequences
[M::worker_pipeline::276.456*7.83] mapped 332466 sequences
[M::worker_pipeline::276.884*7.82] mapped 332426 sequences
[M::worker_pipeline::277.398*7.82] mapped 332492 sequences
[M::worker_pipeline::278.321*7.82] mapped 332464 sequences
[M::worker_pipeline::279.100*7.82] mapped 332528 sequences
[M::worker_pipeline::280.135*7.83] mapped 332602 sequences
[M::worker_pipeline::280.610*7.82] mapped 332700 sequences
[M::worker_pipeline::281.313*7.83] mapped 332638 sequences
[M::worker_pipeline::282.133*7.83] mapped 332628 sequences
[M::worker_pipeline::282.903*7.83] mapped 332592 sequences
[M::worker_pipeline::283.333*7.82] mapped 332530 sequences
[M::worker_pipeline::284.108*7.82] mapped 332590 sequences
[M::worker_pipeline::284.902*7.82] mapped 332542 sequences
[M::worker_pipeline::285.828*7.81] mapped 332522 sequences
[M::worker_pipeline::286.749*7.81] mapped 332570 sequences
[M::worker_pipeline::287.797*7.80] mapped 332588 sequences
[M::worker_pipeline::288.676*7.80] mapped 332608 sequences
[M::worker_pipeline::289.518*7.80] mapped 332508 sequences
[M::worker_pipeline::290.295*7.80] mapped 332674 sequences
[M::worker_pipeline::291.316*7.79] mapped 332548 sequences
[M::worker_pipeline::292.364*7.78] mapped 332458 sequences
[M::worker_pipeline::293.204*7.78] mapped 332458 sequences
[M::worker_pipeline::294.058*7.78] mapped 332538 sequences
[M::worker_pipeline::295.509*7.78] mapped 332414 sequences
[M::worker_pipeline::296.570*7.79] mapped 332670 sequences
[M::worker_pipeline::296.963*7.78] mapped 332588 sequences
[M::worker_pipeline::297.605*7.78] mapped 332414 sequences
[M::worker_pipeline::298.368*7.78] mapped 332468 sequences
[M::worker_pipeline::299.064*7.79] mapped 332492 sequences
[M::worker_pipeline::299.427*7.78] mapped 332540 sequences
[M::worker_pipeline::300.286*7.78] mapped 332434 sequences
[M::worker_pipeline::301.194*7.77] mapped 332420 sequences
[M::worker_pipeline::302.060*7.77] mapped 332472 sequences
[M::worker_pipeline::302.993*7.77] mapped 332558 sequences
[M::worker_pipeline::309.226*7.67] mapped 332516 sequences
[M::worker_pipeline::309.662*7.66] mapped 332566 sequences
[M::worker_pipeline::310.386*7.66] mapped 332554 sequences
[M::worker_pipeline::310.817*7.65] mapped 332516 sequences
[M::worker_pipeline::311.848*7.64] mapped 332406 sequences
[M::worker_pipeline::312.694*7.64] mapped 332402 sequences
[M::worker_pipeline::313.789*7.64] mapped 332398 sequences
[M::worker_pipeline::314.973*7.64] mapped 332418 sequences
[M::worker_pipeline::315.664*7.65] mapped 332442 sequences
[M::worker_pipeline::316.408*7.65] mapped 332354 sequences
[M::worker_pipeline::317.129*7.65] mapped 332384 sequences
[M::worker_pipeline::317.894*7.66] mapped 332304 sequences
[M::worker_pipeline::318.586*7.65] mapped 332410 sequences
[M::worker_pipeline::319.318*7.66] mapped 332700 sequences
[M::worker_pipeline::320.022*7.66] mapped 332432 sequences
[M::worker_pipeline::320.859*7.66] mapped 332444 sequences
[M::worker_pipeline::321.579*7.66] mapped 332456 sequences
[M::worker_pipeline::322.310*7.66] mapped 332366 sequences
[M::worker_pipeline::323.027*7.66] mapped 332378 sequences
[M::worker_pipeline::323.756*7.66] mapped 332362 sequences
[M::worker_pipeline::324.262*7.66] mapped 332428 sequences
[M::worker_pipeline::324.886*7.66] mapped 332524 sequences
[M::worker_pipeline::325.873*7.65] mapped 332460 sequences
[M::worker_pipeline::326.706*7.65] mapped 332386 sequences
[M::worker_pipeline::327.540*7.65] mapped 332524 sequences
[M::worker_pipeline::328.433*7.65] mapped 332456 sequences
[M::worker_pipeline::329.212*7.65] mapped 332452 sequences
[M::worker_pipeline::330.186*7.64] mapped 332466 sequences
[M::worker_pipeline::331.513*7.65] mapped 332498 sequences
[M::worker_pipeline::332.292*7.65] mapped 332578 sequences
[M::worker_pipeline::333.037*7.65] mapped 332648 sequences
[M::worker_pipeline::333.504*7.65] mapped 332762 sequences
[M::worker_pipeline::334.103*7.64] mapped 332620 sequences
[M::worker_pipeline::335.551*7.65] mapped 332514 sequences
[M::worker_pipeline::335.895*7.64] mapped 332462 sequences
[M::worker_pipeline::336.696*7.64] mapped 332506 sequences
[M::worker_pipeline::337.575*7.64] mapped 332452 sequences
[M::worker_pipeline::338.631*7.64] mapped 332500 sequences
[M::worker_pipeline::339.208*7.64] mapped 332400 sequences
[M::worker_pipeline::340.099*7.63] mapped 332386 sequences
[M::worker_pipeline::341.017*7.63] mapped 332354 sequences
[M::worker_pipeline::341.860*7.63] mapped 332388 sequences
[M::worker_pipeline::342.781*7.63] mapped 332312 sequences
[M::worker_pipeline::343.635*7.63] mapped 332340 sequences
[M::worker_pipeline::344.429*7.63] mapped 332334 sequences
[M::worker_pipeline::345.263*7.63] mapped 332358 sequences
[M::worker_pipeline::346.057*7.62] mapped 332372 sequences
[M::worker_pipeline::346.970*7.62] mapped 332290 sequences
[M::worker_pipeline::347.675*7.62] mapped 332300 sequences
[M::worker_pipeline::348.531*7.62] mapped 332306 sequences
[M::worker_pipeline::349.250*7.62] mapped 332352 sequences
[M::worker_pipeline::350.386*7.63] mapped 332398 sequences
[M::worker_pipeline::350.907*7.63] mapped 332380 sequences
[M::worker_pipeline::351.479*7.63] mapped 332350 sequences
[M::worker_pipeline::352.250*7.63] mapped 332396 sequences
[M::worker_pipeline::353.047*7.63] mapped 332286 sequences
[M::worker_pipeline::353.824*7.63] mapped 332396 sequences
[M::worker_pipeline::354.959*7.64] mapped 332400 sequences
[M::worker_pipeline::355.660*7.64] mapped 332306 sequences
[M::worker_pipeline::356.041*7.63] mapped 332360 sequences
[M::worker_pipeline::356.951*7.63] mapped 332336 sequences
[M::worker_pipeline::357.848*7.64] mapped 332324 sequences
[M::worker_pipeline::358.212*7.64] mapped 332346 sequences
[M::worker_pipeline::359.342*7.64] mapped 332312 sequences
[M::worker_pipeline::360.068*7.65] mapped 332348 sequences
[M::worker_pipeline::360.830*7.65] mapped 332324 sequences
[M::worker_pipeline::361.544*7.65] mapped 332318 sequences
[M::worker_pipeline::362.222*7.65] mapped 332304 sequences
[M::worker_pipeline::362.850*7.65] mapped 332290 sequences
[M::worker_pipeline::363.586*7.66] mapped 332428 sequences
[M::worker_pipeline::364.347*7.66] mapped 332380 sequences
[M::worker_pipeline::365.074*7.66] mapped 332430 sequences
[M::worker_pipeline::365.731*7.66] mapped 332440 sequences
[M::worker_pipeline::366.419*7.67] mapped 332342 sequences
[M::worker_pipeline::367.124*7.67] mapped 332340 sequences
[M::worker_pipeline::367.868*7.67] mapped 332366 sequences
[M::worker_pipeline::368.600*7.67] mapped 332620 sequences
[M::worker_pipeline::369.399*7.67] mapped 332288 sequences
[M::worker_pipeline::370.092*7.67] mapped 332386 sequences
[M::worker_pipeline::370.833*7.67] mapped 332310 sequences
[M::worker_pipeline::371.637*7.68] mapped 332302 sequences
[M::worker_pipeline::372.704*7.68] mapped 332386 sequences
[M::worker_pipeline::373.114*7.68] mapped 332322 sequences
[M::worker_pipeline::373.854*7.68] mapped 332334 sequences
[M::worker_pipeline::374.587*7.68] mapped 332320 sequences
[M::worker_pipeline::375.285*7.68] mapped 332348 sequences
[M::worker_pipeline::375.964*7.68] mapped 332376 sequences
[M::worker_pipeline::376.743*7.68] mapped 332282 sequences
[M::worker_pipeline::377.432*7.68] mapped 332366 sequences
[M::worker_pipeline::377.784*7.68] mapped 332300 sequences
[M::worker_pipeline::378.540*7.68] mapped 332334 sequences
[M::worker_pipeline::379.332*7.68] mapped 332334 sequences
[M::worker_pipeline::380.150*7.68] mapped 332310 sequences
[M::worker_pipeline::380.911*7.68] mapped 332396 sequences
[M::worker_pipeline::381.625*7.68] mapped 332544 sequences
[M::worker_pipeline::387.584*7.61] mapped 332334 sequences
[M::worker_pipeline::387.978*7.60] mapped 332240 sequences
[M::worker_pipeline::388.673*7.60] mapped 332350 sequences
[M::worker_pipeline::389.401*7.60] mapped 332330 sequences
[M::worker_pipeline::390.063*7.61] mapped 332404 sequences
[M::worker_pipeline::390.740*7.61] mapped 332442 sequences
[M::worker_pipeline::391.766*7.62] mapped 332564 sequences
[M::worker_pipeline::392.155*7.61] mapped 332490 sequences
[M::worker_pipeline::392.907*7.62] mapped 332486 sequences
[M::worker_pipeline::393.642*7.62] mapped 332522 sequences
[M::worker_pipeline::394.331*7.62] mapped 332534 sequences
[M::worker_pipeline::395.396*7.63] mapped 332672 sequences
[M::worker_pipeline::395.784*7.62] mapped 332542 sequences
[M::worker_pipeline::396.539*7.62] mapped 332526 sequences
[M::worker_pipeline::397.238*7.62] mapped 332574 sequences
[M::worker_pipeline::397.915*7.63] mapped 332684 sequences
[M::worker_pipeline::399.062*7.63] mapped 332584 sequences
[M::worker_pipeline::399.413*7.63] mapped 332768 sequences
[M::worker_pipeline::400.192*7.63] mapped 332682 sequences
[M::worker_pipeline::400.985*7.63] mapped 332574 sequences
[M::worker_pipeline::402.103*7.64] mapped 332554 sequences
[M::worker_pipeline::402.558*7.63] mapped 332672 sequences
[M::worker_pipeline::403.300*7.63] mapped 332530 sequences
[M::worker_pipeline::404.397*7.64] mapped 332424 sequences
[M::worker_pipeline::404.790*7.64] mapped 332528 sequences
[M::worker_pipeline::405.583*7.64] mapped 332512 sequences
[M::worker_pipeline::406.343*7.64] mapped 332412 sequences
[M::worker_pipeline::407.397*7.64] mapped 332402 sequences
[M::worker_pipeline::407.826*7.64] mapped 332452 sequences
[M::worker_pipeline::408.539*7.64] mapped 332394 sequences
[M::worker_pipeline::409.661*7.65] mapped 332378 sequences
[M::worker_pipeline::410.097*7.64] mapped 332366 sequences
[M::worker_pipeline::411.203*7.65] mapped 332384 sequences
[M::worker_pipeline::411.614*7.64] mapped 332320 sequences
[M::worker_pipeline::412.408*7.64] mapped 332422 sequences
[M::worker_pipeline::413.499*7.65] mapped 332384 sequences
[M::worker_pipeline::413.883*7.65] mapped 332338 sequences
[M::worker_pipeline::414.650*7.65] mapped 332388 sequences
[M::worker_pipeline::415.292*7.65] mapped 332382 sequences
[M::worker_pipeline::416.299*7.66] mapped 332404 sequences
[M::worker_pipeline::416.691*7.65] mapped 332468 sequences
[M::worker_pipeline::417.188*7.65] mapped 332434 sequences
[M::worker_pipeline::417.978*7.66] mapped 332426 sequences
[M::worker_pipeline::418.731*7.66] mapped 332468 sequences
[M::worker_pipeline::419.781*7.66] mapped 332504 sequences
[M::worker_pipeline::420.180*7.66] mapped 332538 sequences
[M::worker_pipeline::420.906*7.66] mapped 332462 sequences
[M::worker_pipeline::421.316*7.66] mapped 332408 sequences
[M::worker_pipeline::422.065*7.65] mapped 332432 sequences
[M::worker_pipeline::423.052*7.65] mapped 332394 sequences
[M::worker_pipeline::423.813*7.65] mapped 332390 sequences
[M::worker_pipeline::424.788*7.65] mapped 332310 sequences
[M::worker_pipeline::425.956*7.65] mapped 332430 sequences
[M::worker_pipeline::426.693*7.66] mapped 332408 sequences
[M::worker_pipeline::427.319*7.66] mapped 332408 sequences
[M::worker_pipeline::427.970*7.66] mapped 332370 sequences
[M::worker_pipeline::428.667*7.66] mapped 332296 sequences
[M::worker_pipeline::429.327*7.66] mapped 332448 sequences
[M::worker_pipeline::430.396*7.67] mapped 332462 sequences
[M::worker_pipeline::430.856*7.67] mapped 332326 sequences
[M::worker_pipeline::432.040*7.67] mapped 332386 sequences
[M::worker_pipeline::432.669*7.66] mapped 332362 sequences
[M::worker_pipeline::433.825*7.67] mapped 332354 sequences
[M::worker_pipeline::434.258*7.66] mapped 332450 sequences
[M::worker_pipeline::435.411*7.67] mapped 332992 sequences
[M::worker_pipeline::435.881*7.66] mapped 332382 sequences
[M::worker_pipeline::436.886*7.67] mapped 332376 sequences
[M::worker_pipeline::437.523*7.66] mapped 332430 sequences
[M::worker_pipeline::438.723*7.67] mapped 332530 sequences
[M::worker_pipeline::439.174*7.66] mapped 332286 sequences
[M::worker_pipeline::440.007*7.66] mapped 332264 sequences
[M::worker_pipeline::441.133*7.67] mapped 332324 sequences
[M::worker_pipeline::441.571*7.66] mapped 332322 sequences
[M::worker_pipeline::442.396*7.66] mapped 332216 sequences
[M::worker_pipeline::443.075*7.66] mapped 332232 sequences
[M::worker_pipeline::444.293*7.66] mapped 332266 sequences
[M::worker_pipeline::444.706*7.66] mapped 332236 sequences
[M::worker_pipeline::445.483*7.66] mapped 332230 sequences
[M::worker_pipeline::446.169*7.66] mapped 332294 sequences
[M::worker_pipeline::446.867*7.66] mapped 332436 sequences
[M::worker_pipeline::447.558*7.67] mapped 332466 sequences
[M::worker_pipeline::448.543*7.67] mapped 332228 sequences
[M::worker_pipeline::448.943*7.67] mapped 332188 sequences
[M::worker_pipeline::449.643*7.67] mapped 332230 sequences
[M::worker_pipeline::450.357*7.67] mapped 332240 sequences
[M::worker_pipeline::451.574*7.67] mapped 332194 sequences
[M::worker_pipeline::452.109*7.67] mapped 332224 sequences
[M::worker_pipeline::452.817*7.67] mapped 332306 sequences
[M::worker_pipeline::453.529*7.67] mapped 332312 sequences
[M::worker_pipeline::454.580*7.68] mapped 332298 sequences
[M::worker_pipeline::455.069*7.67] mapped 332354 sequences
[M::worker_pipeline::455.802*7.67] mapped 332308 sequences
[M::worker_pipeline::456.936*7.68] mapped 332392 sequences
[M::worker_pipeline::457.469*7.67] mapped 332222 sequences
[M::worker_pipeline::458.603*7.68] mapped 332360 sequences
[M::worker_pipeline::459.024*7.67] mapped 332332 sequences
[M::worker_pipeline::465.135*7.59] mapped 332306 sequences
[M::worker_pipeline::465.531*7.59] mapped 332304 sequences
[M::worker_pipeline::466.238*7.59] mapped 332362 sequences
[M::worker_pipeline::466.610*7.59] mapped 332394 sequences
[M::worker_pipeline::467.502*7.59] mapped 332616 sequences
[M::worker_pipeline::468.343*7.58] mapped 332622 sequences
[M::worker_pipeline::469.210*7.58] mapped 332878 sequences
[M::worker_pipeline::470.446*7.59] mapped 332908 sequences
[M::worker_pipeline::471.198*7.59] mapped 332832 sequences
[M::worker_pipeline::471.891*7.59] mapped 332774 sequences
[M::worker_pipeline::472.686*7.59] mapped 332692 sequences
[M::worker_pipeline::473.455*7.59] mapped 332692 sequences
[M::worker_pipeline::473.993*7.59] mapped 332616 sequences
[M::worker_pipeline::474.648*7.60] mapped 332682 sequences
[M::worker_pipeline::475.277*7.60] mapped 332730 sequences
[M::worker_pipeline::476.363*7.61] mapped 332730 sequences
[M::worker_pipeline::476.767*7.60] mapped 332686 sequences
[M::worker_pipeline::477.435*7.60] mapped 332644 sequences
[M::worker_pipeline::478.582*7.61] mapped 332622 sequences
[M::worker_pipeline::478.995*7.60] mapped 332674 sequences
[M::worker_pipeline::479.752*7.61] mapped 332576 sequences
[M::worker_pipeline::480.591*7.61] mapped 332680 sequences
[M::worker_pipeline::481.170*7.61] mapped 332586 sequences
[M::worker_pipeline::481.833*7.61] mapped 332596 sequences
[M::worker_pipeline::482.887*7.62] mapped 332598 sequences
[M::worker_pipeline::483.267*7.61] mapped 332614 sequences
[M::worker_pipeline::483.973*7.61] mapped 332588 sequences
[M::worker_pipeline::485.073*7.62] mapped 332684 sequences
[M::worker_pipeline::485.466*7.62] mapped 332710 sequences
[M::worker_pipeline::486.242*7.62] mapped 332652 sequences
[M::worker_pipeline::487.113*7.62] mapped 332650 sequences
[M::worker_pipeline::487.670*7.62] mapped 332636 sequences
[M::worker_pipeline::488.422*7.62] mapped 332600 sequences
[M::worker_pipeline::489.127*7.62] mapped 332594 sequences
[M::worker_pipeline::489.757*7.62] mapped 332480 sequences
[M::worker_pipeline::490.575*7.63] mapped 332652 sequences
[M::worker_pipeline::491.236*7.63] mapped 332550 sequences
[M::worker_pipeline::491.939*7.63] mapped 332504 sequences
[M::worker_pipeline::492.971*7.64] mapped 332574 sequences
[M::worker_pipeline::493.383*7.63] mapped 332522 sequences
[M::worker_pipeline::494.071*7.63] mapped 332558 sequences
[M::worker_pipeline::494.765*7.63] mapped 332642 sequences
[M::worker_pipeline::495.505*7.64] mapped 332592 sequences
[M::worker_pipeline::496.564*7.64] mapped 332664 sequences
[M::worker_pipeline::496.962*7.64] mapped 332564 sequences
[M::worker_pipeline::497.632*7.64] mapped 332546 sequences
[M::worker_pipeline::498.416*7.64] mapped 332506 sequences
[M::worker_pipeline::499.084*7.64] mapped 332572 sequences
[M::worker_pipeline::500.191*7.64] mapped 332616 sequences
[M::worker_pipeline::500.574*7.64] mapped 332594 sequences
[M::worker_pipeline::501.413*7.64] mapped 332722 sequences
[M::worker_pipeline::502.206*7.64] mapped 332544 sequences
[M::worker_pipeline::502.959*7.64] mapped 332632 sequences
[M::worker_pipeline::503.664*7.64] mapped 332574 sequences
[M::worker_pipeline::504.405*7.64] mapped 332610 sequences
[M::worker_pipeline::505.139*7.64] mapped 332636 sequences
[M::worker_pipeline::505.756*7.64] mapped 332656 sequences
[M::worker_pipeline::506.835*7.65] mapped 332648 sequences
[M::worker_pipeline::507.235*7.65] mapped 332586 sequences
[M::worker_pipeline::507.999*7.65] mapped 332492 sequences
[M::worker_pipeline::508.747*7.65] mapped 332582 sequences
[M::worker_pipeline::509.611*7.65] mapped 332510 sequences
[M::worker_pipeline::510.127*7.65] mapped 332488 sequences
[M::worker_pipeline::510.854*7.65] mapped 332504 sequences
[M::worker_pipeline::511.542*7.65] mapped 332440 sequences
[M::worker_pipeline::512.268*7.66] mapped 332568 sequences
[M::worker_pipeline::512.872*7.66] mapped 332520 sequences
[M::worker_pipeline::513.594*7.66] mapped 332466 sequences
[M::worker_pipeline::514.217*7.66] mapped 332462 sequences
[M::worker_pipeline::515.246*7.67] mapped 332512 sequences
[M::worker_pipeline::515.639*7.66] mapped 332506 sequences
[M::worker_pipeline::516.294*7.67] mapped 332450 sequences
[M::worker_pipeline::517.086*7.67] mapped 332564 sequences
[M::worker_pipeline::517.746*7.67] mapped 332686 sequences
[M::worker_pipeline::518.859*7.67] mapped 332734 sequences
[M::worker_pipeline::519.272*7.67] mapped 332734 sequences
[M::worker_pipeline::519.998*7.67] mapped 332704 sequences
[M::worker_pipeline::520.717*7.67] mapped 332620 sequences
[M::worker_pipeline::521.836*7.68] mapped 332744 sequences
[M::worker_pipeline::522.247*7.67] mapped 332750 sequences
[M::worker_pipeline::522.998*7.67] mapped 332688 sequences
[M::worker_pipeline::524.157*7.68] mapped 332764 sequences
[M::worker_pipeline::524.578*7.67] mapped 332874 sequences
[M::worker_pipeline::525.279*7.67] mapped 332868 sequences
[M::worker_pipeline::526.025*7.68] mapped 332782 sequences
[M::worker_pipeline::526.821*7.68] mapped 332718 sequences
[M::worker_pipeline::527.271*7.67] mapped 333018 sequences
[M::worker_pipeline::527.402*7.67] mapped 107294 sequences
[M::main] Version: 2.22-r1101
[M::main] CMD: minimap2 --secondary=no -t 16 -R @RG\tID:snippy\tSM:snippy -ax sr /work/FAC/FBM/DMF/smitri/evomicrocomm/genome_size/data/at/reference.fasta /work/FAC/FBM/DMF/smitri/evomicrocomm/genome_size/data/T11.3.4/read1.fq.gz /work/FAC/FBM/DMF/smitri/evomicrocomm/genome_size/data/T11.3.4/read2.fq.gz
[M::main] Real time: 527.432 sec; CPU: 4046.180 sec; Peak RSS: 0.790 GB
[bam_sort_core] merging from 96 files and 16 in-memory blocks...
[Sun Oct 17 23:00:30 2021]
Finished job 0.
1 of 1 steps (100%) done
