Building DAG of jobs...
Using shell: /usr/bin/bash
Provided cores: 16
Rules claiming more threads will be scaled down.
Select jobs to execute...

[Fri Oct 15 16:08:12 2021]
rule mapping:
    input: /work/FAC/FBM/DMF/smitri/evomicrocomm/genome_size/data/ms/reference.fasta, /work/FAC/FBM/DMF/smitri/evomicrocomm/genome_size/data/T44.4.2/read1.fq.gz, /work/FAC/FBM/DMF/smitri/evomicrocomm/genome_size/data/T44.4.2/read2.fq.gz
    output: /work/FAC/FBM/DMF/smitri/evomicrocomm/genome_size/data/T44.4.2/ms/mapped_reads.sorted.bam
    jobid: 0
    wildcards: sample=T44.4.2, strain=ms
    threads: 16
    resources: mem_mb=22982, disk_mb=22982, tmpdir=/tmp/2811854

[M::mm_idx_gen::0.090*0.98] collected minimizers
[M::mm_idx_gen::0.108*2.65] sorted minimizers
[M::main::0.108*2.64] loaded/built the index for 1 target sequence(s)
[M::mm_mapopt_update::0.108*2.64] mid_occ = 1000
[M::mm_idx_stat] kmer size: 21; skip: 11; is_hpc: 0; #seq: 1
[M::mm_idx_stat::0.116*2.54] distinct minimizers: 620509 (99.65% are singletons); average occurrences: 1.004; average spacing: 5.998; total length: 3737398
[M::worker_pipeline::1.022*2.64] mapped 332838 sequences
[M::worker_pipeline::1.819*2.75] mapped 332800 sequences
[M::worker_pipeline::2.603*2.81] mapped 332760 sequences
[M::worker_pipeline::3.319*2.85] mapped 332568 sequences
[M::worker_pipeline::4.093*2.86] mapped 332556 sequences
[M::worker_pipeline::4.845*2.89] mapped 332564 sequences
[M::worker_pipeline::5.473*2.96] mapped 332506 sequences
[M::worker_pipeline::6.123*3.03] mapped 332468 sequences
[M::worker_pipeline::6.719*3.09] mapped 332422 sequences
[M::worker_pipeline::7.331*3.16] mapped 332348 sequences
[M::worker_pipeline::7.940*3.20] mapped 332346 sequences
[M::worker_pipeline::8.566*3.22] mapped 332370 sequences
[M::worker_pipeline::9.216*3.23] mapped 332296 sequences
[M::worker_pipeline::9.857*3.25] mapped 332314 sequences
[M::worker_pipeline::10.473*3.28] mapped 332268 sequences
[M::worker_pipeline::11.109*3.28] mapped 332328 sequences
[M::worker_pipeline::11.776*3.30] mapped 332438 sequences
[M::worker_pipeline::12.396*3.32] mapped 332356 sequences
[M::worker_pipeline::12.984*3.33] mapped 332368 sequences
[M::worker_pipeline::13.617*3.35] mapped 332340 sequences
[M::worker_pipeline::14.237*3.37] mapped 332370 sequences
[M::worker_pipeline::14.854*3.37] mapped 332306 sequences
[M::worker_pipeline::15.504*3.38] mapped 332306 sequences
[M::worker_pipeline::16.074*3.39] mapped 332278 sequences
[M::worker_pipeline::16.661*3.40] mapped 332228 sequences
[M::worker_pipeline::17.318*3.41] mapped 332312 sequences
[M::worker_pipeline::17.909*3.43] mapped 332248 sequences
[M::worker_pipeline::18.580*3.44] mapped 332254 sequences
[M::worker_pipeline::19.170*3.45] mapped 332228 sequences
[M::worker_pipeline::19.758*3.46] mapped 332300 sequences
[M::worker_pipeline::20.344*3.47] mapped 332334 sequences
[M::worker_pipeline::20.957*3.47] mapped 332350 sequences
[M::worker_pipeline::21.598*3.48] mapped 332238 sequences
[M::worker_pipeline::22.232*3.47] mapped 332188 sequences
[M::worker_pipeline::22.854*3.48] mapped 332218 sequences
[M::worker_pipeline::23.504*3.49] mapped 332174 sequences
[M::worker_pipeline::24.093*3.49] mapped 332108 sequences
[M::worker_pipeline::24.698*3.49] mapped 332122 sequences
[M::worker_pipeline::25.311*3.50] mapped 332108 sequences
[M::worker_pipeline::25.933*3.50] mapped 332082 sequences
[M::worker_pipeline::26.564*3.50] mapped 332136 sequences
[M::worker_pipeline::27.204*3.50] mapped 332072 sequences
[M::worker_pipeline::27.814*3.50] mapped 332096 sequences
[M::worker_pipeline::28.414*3.51] mapped 332114 sequences
[M::worker_pipeline::29.020*3.51] mapped 332048 sequences
[M::worker_pipeline::29.622*3.51] mapped 332036 sequences
[M::worker_pipeline::30.232*3.51] mapped 332028 sequences
[M::worker_pipeline::30.841*3.52] mapped 332018 sequences
[M::worker_pipeline::31.426*3.52] mapped 332058 sequences
[M::worker_pipeline::32.022*3.53] mapped 332050 sequences
[M::worker_pipeline::32.607*3.53] mapped 332018 sequences
[M::worker_pipeline::33.225*3.53] mapped 332014 sequences
[M::worker_pipeline::33.815*3.53] mapped 332004 sequences
[M::worker_pipeline::34.422*3.54] mapped 332036 sequences
[M::worker_pipeline::35.019*3.54] mapped 332014 sequences
[M::worker_pipeline::35.611*3.54] mapped 332014 sequences
[M::worker_pipeline::36.251*3.54] mapped 332050 sequences
[M::worker_pipeline::36.849*3.54] mapped 332054 sequences
[M::worker_pipeline::37.476*3.54] mapped 331998 sequences
[M::worker_pipeline::38.084*3.54] mapped 332022 sequences
[M::worker_pipeline::38.702*3.55] mapped 332126 sequences
[M::worker_pipeline::39.319*3.55] mapped 332068 sequences
[M::worker_pipeline::39.879*3.55] mapped 332030 sequences
[M::worker_pipeline::40.543*3.55] mapped 332076 sequences
[M::worker_pipeline::41.144*3.55] mapped 332130 sequences
[M::worker_pipeline::41.698*3.56] mapped 332024 sequences
[M::worker_pipeline::42.334*3.56] mapped 332084 sequences
[M::worker_pipeline::42.888*3.57] mapped 332146 sequences
[M::worker_pipeline::43.484*3.57] mapped 332206 sequences
[M::worker_pipeline::44.130*3.57] mapped 332536 sequences
[M::worker_pipeline::44.761*3.57] mapped 332744 sequences
[M::worker_pipeline::45.359*3.57] mapped 332690 sequences
[M::worker_pipeline::45.963*3.57] mapped 332572 sequences
[M::worker_pipeline::46.609*3.57] mapped 332500 sequences
[M::worker_pipeline::47.197*3.57] mapped 332448 sequences
[M::worker_pipeline::47.864*3.58] mapped 332390 sequences
[M::worker_pipeline::48.418*3.58] mapped 332374 sequences
[M::worker_pipeline::49.019*3.58] mapped 332418 sequences
[M::worker_pipeline::49.603*3.58] mapped 332304 sequences
[M::worker_pipeline::50.246*3.58] mapped 332264 sequences
[M::worker_pipeline::50.857*3.58] mapped 332332 sequences
[M::worker_pipeline::51.467*3.58] mapped 332276 sequences
[M::worker_pipeline::52.029*3.59] mapped 332258 sequences
[M::worker_pipeline::52.657*3.59] mapped 332434 sequences
[M::worker_pipeline::53.276*3.58] mapped 332390 sequences
[M::worker_pipeline::53.859*3.59] mapped 332336 sequences
[M::worker_pipeline::54.484*3.59] mapped 332334 sequences
[M::worker_pipeline::55.113*3.59] mapped 332318 sequences
[M::worker_pipeline::55.691*3.59] mapped 332290 sequences
[M::worker_pipeline::56.297*3.59] mapped 332262 sequences
[M::worker_pipeline::56.916*3.59] mapped 332208 sequences
[M::worker_pipeline::57.585*3.59] mapped 332212 sequences
[M::worker_pipeline::58.204*3.59] mapped 332186 sequences
[M::worker_pipeline::58.857*3.59] mapped 332146 sequences
[M::worker_pipeline::59.465*3.59] mapped 332274 sequences
[M::worker_pipeline::60.122*3.59] mapped 332206 sequences
[M::worker_pipeline::60.701*3.59] mapped 332174 sequences
[M::worker_pipeline::61.308*3.59] mapped 332196 sequences
[M::worker_pipeline::61.860*3.60] mapped 332158 sequences
[M::worker_pipeline::62.590*3.59] mapped 332134 sequences
[M::worker_pipeline::63.160*3.60] mapped 332180 sequences
[M::worker_pipeline::63.757*3.60] mapped 332186 sequences
[M::worker_pipeline::64.375*3.60] mapped 332174 sequences
[M::worker_pipeline::64.957*3.60] mapped 332124 sequences
[M::worker_pipeline::65.575*3.60] mapped 332096 sequences
[M::worker_pipeline::72.628*3.34] mapped 332106 sequences
[M::worker_pipeline::72.823*3.33] mapped 332114 sequences
[M::worker_pipeline::73.005*3.33] mapped 332098 sequences
[M::worker_pipeline::73.517*3.33] mapped 332112 sequences
[M::worker_pipeline::74.152*3.34] mapped 332130 sequences
[M::worker_pipeline::74.739*3.34] mapped 332122 sequences
[M::worker_pipeline::75.368*3.34] mapped 332150 sequences
[M::worker_pipeline::75.949*3.35] mapped 332034 sequences
[M::worker_pipeline::76.603*3.35] mapped 332092 sequences
[M::worker_pipeline::77.213*3.35] mapped 332096 sequences
[M::worker_pipeline::77.833*3.35] mapped 332110 sequences
[M::worker_pipeline::78.423*3.36] mapped 332072 sequences
[M::worker_pipeline::79.057*3.36] mapped 332090 sequences
[M::worker_pipeline::79.661*3.36] mapped 332090 sequences
[M::worker_pipeline::80.231*3.37] mapped 332048 sequences
[M::worker_pipeline::80.902*3.37] mapped 332082 sequences
[M::worker_pipeline::81.439*3.37] mapped 332066 sequences
[M::worker_pipeline::82.062*3.37] mapped 332052 sequences
[M::worker_pipeline::82.667*3.37] mapped 332078 sequences
[M::worker_pipeline::83.282*3.38] mapped 332040 sequences
[M::worker_pipeline::83.867*3.38] mapped 332008 sequences
[M::worker_pipeline::84.495*3.38] mapped 332020 sequences
[M::worker_pipeline::85.047*3.38] mapped 332050 sequences
[M::worker_pipeline::85.696*3.38] mapped 332066 sequences
[M::worker_pipeline::86.345*3.38] mapped 332052 sequences
[M::worker_pipeline::86.887*3.39] mapped 332124 sequences
[M::worker_pipeline::87.500*3.39] mapped 332154 sequences
[M::worker_pipeline::88.092*3.39] mapped 332148 sequences
[M::worker_pipeline::88.684*3.39] mapped 332236 sequences
[M::worker_pipeline::89.311*3.40] mapped 332196 sequences
[M::worker_pipeline::89.901*3.40] mapped 332130 sequences
[M::worker_pipeline::90.485*3.40] mapped 332264 sequences
[M::worker_pipeline::91.136*3.40] mapped 332238 sequences
[M::worker_pipeline::91.721*3.40] mapped 332602 sequences
[M::worker_pipeline::92.331*3.40] mapped 332782 sequences
[M::worker_pipeline::92.952*3.41] mapped 332638 sequences
[M::worker_pipeline::93.542*3.41] mapped 332606 sequences
[M::worker_pipeline::94.184*3.41] mapped 332502 sequences
[M::worker_pipeline::94.776*3.41] mapped 332554 sequences
[M::worker_pipeline::95.397*3.41] mapped 332478 sequences
[M::worker_pipeline::95.995*3.41] mapped 332464 sequences
[M::worker_pipeline::96.582*3.41] mapped 332466 sequences
[M::worker_pipeline::97.210*3.41] mapped 332356 sequences
[M::worker_pipeline::97.894*3.42] mapped 332310 sequences
[M::worker_pipeline::98.487*3.42] mapped 332344 sequences
[M::worker_pipeline::99.091*3.42] mapped 332352 sequences
[M::worker_pipeline::99.724*3.42] mapped 332330 sequences
[M::worker_pipeline::100.320*3.42] mapped 332414 sequences
[M::worker_pipeline::100.906*3.42] mapped 332450 sequences
[M::worker_pipeline::101.554*3.42] mapped 332544 sequences
[M::worker_pipeline::102.138*3.43] mapped 332586 sequences
[M::worker_pipeline::102.774*3.43] mapped 332630 sequences
[M::worker_pipeline::103.396*3.43] mapped 332890 sequences
[M::worker_pipeline::104.020*3.43] mapped 332506 sequences
[M::worker_pipeline::104.688*3.43] mapped 332520 sequences
[M::worker_pipeline::105.296*3.43] mapped 332450 sequences
[M::worker_pipeline::105.884*3.43] mapped 332434 sequences
[M::worker_pipeline::106.491*3.43] mapped 332460 sequences
[M::worker_pipeline::107.065*3.44] mapped 332388 sequences
[M::worker_pipeline::107.664*3.44] mapped 332312 sequences
[M::worker_pipeline::108.294*3.44] mapped 332236 sequences
[M::worker_pipeline::108.891*3.44] mapped 332204 sequences
[M::worker_pipeline::109.533*3.45] mapped 332152 sequences
[M::worker_pipeline::110.166*3.45] mapped 332884 sequences
[M::worker_pipeline::110.749*3.45] mapped 332288 sequences
[M::worker_pipeline::111.389*3.45] mapped 332188 sequences
[M::worker_pipeline::111.990*3.45] mapped 332194 sequences
[M::worker_pipeline::112.609*3.45] mapped 332194 sequences
[M::worker_pipeline::113.227*3.45] mapped 332188 sequences
[M::worker_pipeline::113.851*3.45] mapped 332200 sequences
[M::worker_pipeline::114.443*3.45] mapped 332222 sequences
[M::worker_pipeline::115.028*3.45] mapped 332112 sequences
[M::worker_pipeline::115.622*3.45] mapped 332152 sequences
[M::worker_pipeline::116.257*3.46] mapped 332156 sequences
[M::worker_pipeline::116.874*3.46] mapped 332120 sequences
[M::worker_pipeline::117.468*3.46] mapped 332134 sequences
[M::worker_pipeline::118.101*3.46] mapped 332060 sequences
[M::worker_pipeline::118.681*3.46] mapped 332062 sequences
[M::worker_pipeline::119.289*3.46] mapped 332032 sequences
[M::worker_pipeline::119.891*3.46] mapped 332028 sequences
[M::worker_pipeline::120.481*3.46] mapped 332024 sequences
[M::worker_pipeline::121.081*3.46] mapped 332036 sequences
[M::worker_pipeline::121.682*3.47] mapped 332052 sequences
[M::worker_pipeline::122.292*3.47] mapped 331994 sequences
[M::worker_pipeline::122.904*3.47] mapped 332000 sequences
[M::worker_pipeline::123.509*3.47] mapped 331992 sequences
[M::worker_pipeline::124.098*3.47] mapped 332044 sequences
[M::worker_pipeline::124.716*3.47] mapped 332004 sequences
[M::worker_pipeline::125.352*3.47] mapped 332010 sequences
[M::worker_pipeline::125.936*3.47] mapped 332020 sequences
[M::worker_pipeline::126.549*3.47] mapped 331956 sequences
[M::worker_pipeline::127.138*3.47] mapped 332000 sequences
[M::worker_pipeline::127.717*3.47] mapped 332000 sequences
[M::worker_pipeline::128.303*3.48] mapped 332012 sequences
[M::worker_pipeline::128.931*3.48] mapped 332092 sequences
[M::worker_pipeline::129.548*3.48] mapped 332054 sequences
[M::worker_pipeline::130.141*3.48] mapped 332172 sequences
[M::worker_pipeline::130.763*3.48] mapped 332092 sequences
[M::worker_pipeline::131.342*3.48] mapped 332054 sequences
[M::worker_pipeline::131.957*3.48] mapped 332104 sequences
[M::worker_pipeline::132.529*3.48] mapped 332110 sequences
[M::worker_pipeline::133.149*3.48] mapped 332156 sequences
[M::worker_pipeline::133.788*3.48] mapped 332946 sequences
[M::worker_pipeline::134.377*3.48] mapped 332996 sequences
[M::worker_pipeline::134.977*3.48] mapped 332776 sequences
[M::worker_pipeline::135.583*3.49] mapped 332644 sequences
[M::worker_pipeline::141.335*3.39] mapped 332624 sequences
[M::worker_pipeline::141.518*3.39] mapped 332514 sequences
[M::worker_pipeline::141.671*3.39] mapped 332496 sequences
[M::worker_pipeline::142.240*3.39] mapped 332388 sequences
[M::worker_pipeline::142.812*3.39] mapped 332414 sequences
[M::worker_pipeline::143.397*3.39] mapped 332360 sequences
[M::worker_pipeline::143.998*3.39] mapped 332416 sequences
[M::worker_pipeline::144.626*3.39] mapped 332408 sequences
[M::worker_pipeline::145.234*3.39] mapped 332448 sequences
[M::worker_pipeline::145.841*3.39] mapped 332470 sequences
[M::worker_pipeline::146.447*3.40] mapped 332522 sequences
[M::worker_pipeline::147.073*3.40] mapped 332624 sequences
[M::worker_pipeline::147.670*3.40] mapped 332668 sequences
[M::worker_pipeline::148.287*3.40] mapped 332752 sequences
[M::worker_pipeline::148.916*3.40] mapped 332682 sequences
[M::worker_pipeline::149.526*3.40] mapped 332596 sequences
[M::worker_pipeline::150.096*3.40] mapped 332436 sequences
[M::worker_pipeline::150.702*3.41] mapped 332500 sequences
[M::worker_pipeline::151.325*3.41] mapped 332466 sequences
[M::worker_pipeline::151.885*3.41] mapped 332418 sequences
[M::worker_pipeline::152.485*3.41] mapped 332496 sequences
[M::worker_pipeline::153.120*3.41] mapped 332562 sequences
[M::worker_pipeline::153.747*3.41] mapped 332452 sequences
[M::worker_pipeline::154.327*3.41] mapped 332418 sequences
[M::worker_pipeline::154.930*3.41] mapped 332430 sequences
[M::worker_pipeline::155.516*3.42] mapped 332384 sequences
[M::worker_pipeline::156.162*3.42] mapped 332330 sequences
[M::worker_pipeline::156.718*3.42] mapped 332292 sequences
[M::worker_pipeline::157.367*3.42] mapped 332322 sequences
[M::worker_pipeline::157.991*3.42] mapped 332420 sequences
[M::worker_pipeline::158.569*3.42] mapped 332434 sequences
[M::worker_pipeline::159.201*3.42] mapped 332386 sequences
[M::worker_pipeline::159.797*3.42] mapped 332334 sequences
[M::worker_pipeline::160.394*3.43] mapped 332356 sequences
[M::worker_pipeline::160.963*3.43] mapped 332298 sequences
[M::worker_pipeline::161.610*3.43] mapped 332276 sequences
[M::worker_pipeline::162.173*3.43] mapped 332274 sequences
[M::worker_pipeline::162.778*3.43] mapped 332292 sequences
[M::worker_pipeline::163.400*3.43] mapped 332178 sequences
[M::worker_pipeline::164.043*3.43] mapped 332226 sequences
[M::worker_pipeline::164.661*3.43] mapped 332310 sequences
[M::worker_pipeline::165.287*3.43] mapped 332234 sequences
[M::worker_pipeline::165.920*3.43] mapped 332186 sequences
[M::worker_pipeline::166.555*3.43] mapped 332250 sequences
[M::worker_pipeline::167.160*3.43] mapped 332204 sequences
[M::worker_pipeline::167.769*3.44] mapped 332170 sequences
[M::worker_pipeline::168.389*3.44] mapped 332102 sequences
[M::worker_pipeline::169.008*3.44] mapped 332158 sequences
[M::worker_pipeline::169.604*3.44] mapped 332136 sequences
[M::worker_pipeline::170.186*3.44] mapped 332148 sequences
[M::worker_pipeline::170.812*3.44] mapped 332128 sequences
[M::worker_pipeline::171.431*3.44] mapped 332108 sequences
[M::worker_pipeline::171.975*3.44] mapped 332086 sequences
[M::worker_pipeline::172.611*3.44] mapped 332126 sequences
[M::worker_pipeline::173.195*3.45] mapped 332044 sequences
[M::worker_pipeline::173.784*3.45] mapped 332170 sequences
[M::worker_pipeline::174.444*3.45] mapped 332158 sequences
[M::worker_pipeline::175.030*3.45] mapped 332218 sequences
[M::worker_pipeline::175.667*3.45] mapped 332194 sequences
[M::worker_pipeline::176.267*3.45] mapped 332250 sequences
[M::worker_pipeline::176.877*3.45] mapped 332270 sequences
[M::worker_pipeline::177.470*3.45] mapped 332250 sequences
[M::worker_pipeline::178.066*3.45] mapped 332346 sequences
[M::worker_pipeline::178.661*3.45] mapped 332288 sequences
[M::worker_pipeline::179.275*3.45] mapped 332304 sequences
[M::worker_pipeline::179.878*3.45] mapped 332700 sequences
[M::worker_pipeline::180.469*3.45] mapped 332986 sequences
[M::worker_pipeline::181.114*3.46] mapped 332840 sequences
[M::worker_pipeline::181.723*3.46] mapped 332568 sequences
[M::worker_pipeline::182.307*3.46] mapped 332542 sequences
[M::worker_pipeline::182.896*3.46] mapped 332556 sequences
[M::worker_pipeline::183.509*3.46] mapped 332534 sequences
[M::worker_pipeline::184.087*3.46] mapped 332446 sequences
[M::worker_pipeline::184.700*3.46] mapped 332342 sequences
[M::worker_pipeline::185.279*3.46] mapped 332352 sequences
[M::worker_pipeline::185.867*3.47] mapped 332328 sequences
[M::worker_pipeline::186.473*3.47] mapped 332370 sequences
[M::worker_pipeline::187.060*3.47] mapped 332334 sequences
[M::worker_pipeline::187.700*3.47] mapped 332350 sequences
[M::worker_pipeline::188.306*3.47] mapped 332360 sequences
[M::worker_pipeline::188.911*3.47] mapped 332302 sequences
[M::worker_pipeline::189.467*3.47] mapped 332310 sequences
[M::worker_pipeline::190.135*3.47] mapped 332350 sequences
[M::worker_pipeline::190.688*3.47] mapped 332314 sequences
[M::worker_pipeline::191.274*3.48] mapped 332278 sequences
[M::worker_pipeline::191.847*3.48] mapped 332254 sequences
[M::worker_pipeline::192.477*3.48] mapped 332330 sequences
[M::worker_pipeline::193.045*3.48] mapped 332352 sequences
[M::worker_pipeline::193.663*3.48] mapped 332268 sequences
[M::worker_pipeline::194.269*3.48] mapped 332222 sequences
[M::worker_pipeline::194.846*3.48] mapped 332232 sequences
[M::worker_pipeline::195.469*3.48] mapped 332184 sequences
[M::worker_pipeline::196.102*3.48] mapped 332202 sequences
[M::worker_pipeline::196.687*3.49] mapped 332268 sequences
[M::worker_pipeline::197.278*3.49] mapped 332288 sequences
[M::worker_pipeline::197.886*3.49] mapped 332244 sequences
[M::worker_pipeline::198.517*3.49] mapped 332218 sequences
[M::worker_pipeline::199.111*3.49] mapped 332168 sequences
[M::worker_pipeline::199.731*3.49] mapped 332188 sequences
[M::worker_pipeline::200.335*3.49] mapped 332212 sequences
[M::worker_pipeline::200.977*3.49] mapped 332156 sequences
[M::worker_pipeline::201.523*3.49] mapped 332186 sequences
[M::worker_pipeline::202.164*3.49] mapped 332192 sequences
[M::worker_pipeline::202.753*3.49] mapped 332180 sequences
[M::worker_pipeline::203.354*3.49] mapped 332220 sequences
[M::worker_pipeline::203.989*3.49] mapped 332198 sequences
[M::worker_pipeline::208.750*3.44] mapped 332228 sequences
[M::worker_pipeline::208.903*3.44] mapped 332208 sequences
[M::worker_pipeline::209.040*3.44] mapped 332242 sequences
[M::worker_pipeline::209.603*3.44] mapped 332208 sequences
[M::worker_pipeline::210.193*3.44] mapped 332216 sequences
[M::worker_pipeline::210.815*3.44] mapped 332238 sequences
[M::worker_pipeline::211.380*3.45] mapped 332222 sequences
[M::worker_pipeline::211.960*3.45] mapped 332262 sequences
[M::worker_pipeline::212.556*3.45] mapped 332280 sequences
[M::worker_pipeline::213.144*3.45] mapped 332274 sequences
[M::worker_pipeline::213.717*3.45] mapped 332348 sequences
[M::worker_pipeline::214.331*3.45] mapped 332264 sequences
[M::worker_pipeline::214.915*3.45] mapped 332292 sequences
[M::worker_pipeline::215.491*3.45] mapped 332328 sequences
[M::worker_pipeline::216.076*3.45] mapped 332428 sequences
[M::worker_pipeline::216.663*3.45] mapped 332378 sequences
[M::worker_pipeline::217.264*3.45] mapped 332478 sequences
[M::worker_pipeline::217.884*3.46] mapped 332422 sequences
[M::worker_pipeline::218.499*3.46] mapped 332340 sequences
[M::worker_pipeline::219.083*3.46] mapped 332402 sequences
[M::worker_pipeline::219.696*3.46] mapped 332308 sequences
[M::worker_pipeline::220.314*3.46] mapped 332248 sequences
[M::worker_pipeline::220.911*3.46] mapped 332164 sequences
[M::worker_pipeline::221.494*3.46] mapped 332136 sequences
[M::worker_pipeline::222.099*3.46] mapped 332126 sequences
[M::worker_pipeline::222.745*3.46] mapped 332078 sequences
[M::worker_pipeline::223.349*3.46] mapped 332180 sequences
[M::worker_pipeline::223.986*3.46] mapped 332932 sequences
[M::worker_pipeline::224.578*3.46] mapped 332598 sequences
[M::worker_pipeline::225.175*3.46] mapped 332506 sequences
[M::worker_pipeline::225.801*3.46] mapped 332520 sequences
[M::worker_pipeline::226.421*3.46] mapped 332464 sequences
[M::worker_pipeline::227.016*3.46] mapped 332390 sequences
[M::worker_pipeline::227.618*3.46] mapped 332358 sequences
[M::worker_pipeline::228.237*3.46] mapped 332334 sequences
[M::worker_pipeline::228.831*3.46] mapped 332314 sequences
[M::worker_pipeline::229.431*3.47] mapped 332258 sequences
[M::worker_pipeline::230.006*3.47] mapped 332238 sequences
[M::worker_pipeline::230.610*3.47] mapped 332256 sequences
[M::worker_pipeline::231.210*3.47] mapped 332292 sequences
[M::worker_pipeline::231.867*3.47] mapped 332268 sequences
[M::worker_pipeline::232.478*3.47] mapped 332264 sequences
[M::worker_pipeline::233.083*3.47] mapped 332372 sequences
[M::worker_pipeline::233.676*3.47] mapped 332264 sequences
[M::worker_pipeline::234.317*3.47] mapped 332264 sequences
[M::worker_pipeline::234.915*3.47] mapped 332284 sequences
[M::worker_pipeline::235.546*3.47] mapped 332240 sequences
[M::worker_pipeline::236.186*3.47] mapped 332286 sequences
[M::worker_pipeline::236.819*3.47] mapped 332214 sequences
[M::worker_pipeline::237.446*3.47] mapped 332144 sequences
[M::worker_pipeline::238.055*3.47] mapped 332168 sequences
[M::worker_pipeline::238.637*3.47] mapped 332196 sequences
[M::worker_pipeline::239.219*3.47] mapped 332132 sequences
[M::worker_pipeline::239.829*3.47] mapped 332134 sequences
[M::worker_pipeline::240.456*3.47] mapped 332128 sequences
[M::worker_pipeline::241.049*3.48] mapped 332110 sequences
[M::worker_pipeline::241.616*3.48] mapped 332156 sequences
[M::worker_pipeline::242.249*3.48] mapped 332142 sequences
[M::worker_pipeline::242.858*3.48] mapped 332094 sequences
[M::worker_pipeline::243.460*3.48] mapped 332118 sequences
[M::worker_pipeline::244.052*3.48] mapped 332124 sequences
[M::worker_pipeline::244.646*3.48] mapped 332106 sequences
[M::worker_pipeline::245.237*3.48] mapped 332080 sequences
[M::worker_pipeline::245.863*3.48] mapped 332144 sequences
[M::worker_pipeline::246.438*3.48] mapped 332124 sequences
[M::worker_pipeline::247.058*3.48] mapped 332234 sequences
[M::worker_pipeline::247.670*3.48] mapped 332236 sequences
[M::worker_pipeline::248.282*3.48] mapped 332240 sequences
[M::worker_pipeline::248.846*3.49] mapped 332160 sequences
[M::worker_pipeline::249.392*3.49] mapped 332062 sequences
[M::worker_pipeline::250.029*3.49] mapped 332120 sequences
[M::worker_pipeline::250.634*3.49] mapped 332124 sequences
[M::worker_pipeline::251.253*3.49] mapped 332062 sequences
[M::worker_pipeline::251.838*3.49] mapped 332068 sequences
[M::worker_pipeline::252.440*3.49] mapped 332070 sequences
[M::worker_pipeline::253.021*3.49] mapped 332120 sequences
[M::worker_pipeline::253.602*3.49] mapped 332172 sequences
[M::worker_pipeline::254.164*3.49] mapped 332144 sequences
[M::worker_pipeline::254.747*3.49] mapped 332194 sequences
[M::worker_pipeline::255.382*3.49] mapped 332210 sequences
[M::worker_pipeline::255.962*3.49] mapped 332234 sequences
[M::worker_pipeline::256.545*3.49] mapped 332248 sequences
[M::worker_pipeline::257.131*3.49] mapped 332252 sequences
[M::worker_pipeline::257.729*3.49] mapped 332288 sequences
[M::worker_pipeline::258.298*3.49] mapped 332270 sequences
[M::worker_pipeline::258.917*3.49] mapped 332218 sequences
[M::worker_pipeline::259.560*3.49] mapped 332262 sequences
[M::worker_pipeline::260.185*3.50] mapped 332208 sequences
[M::worker_pipeline::260.781*3.50] mapped 332114 sequences
[M::worker_pipeline::261.359*3.50] mapped 332064 sequences
[M::worker_pipeline::261.981*3.50] mapped 332072 sequences
[M::worker_pipeline::262.571*3.50] mapped 332120 sequences
[M::worker_pipeline::263.177*3.50] mapped 332112 sequences
[M::worker_pipeline::263.823*3.50] mapped 332264 sequences
[M::worker_pipeline::264.419*3.50] mapped 332710 sequences
[M::worker_pipeline::265.052*3.50] mapped 332660 sequences
[M::worker_pipeline::265.645*3.50] mapped 332414 sequences
[M::worker_pipeline::266.268*3.50] mapped 332388 sequences
[M::worker_pipeline::266.904*3.50] mapped 332422 sequences
[M::worker_pipeline::267.521*3.50] mapped 332352 sequences
[M::worker_pipeline::268.103*3.50] mapped 332234 sequences
[M::worker_pipeline::268.742*3.50] mapped 332192 sequences
[M::worker_pipeline::269.295*3.50] mapped 332208 sequences
[M::worker_pipeline::269.918*3.50] mapped 332220 sequences
[M::worker_pipeline::270.537*3.50] mapped 332216 sequences
[M::worker_pipeline::275.557*3.46] mapped 332180 sequences
[M::worker_pipeline::275.731*3.46] mapped 332150 sequences
[M::worker_pipeline::275.909*3.46] mapped 332220 sequences
[M::worker_pipeline::276.432*3.46] mapped 332230 sequences
[M::worker_pipeline::277.023*3.46] mapped 332218 sequences
[M::worker_pipeline::277.598*3.46] mapped 332166 sequences
[M::worker_pipeline::278.190*3.46] mapped 332180 sequences
[M::worker_pipeline::278.783*3.46] mapped 332586 sequences
[M::worker_pipeline::279.408*3.46] mapped 332164 sequences
[M::worker_pipeline::280.007*3.46] mapped 332180 sequences
[M::worker_pipeline::280.629*3.46] mapped 332118 sequences
[M::worker_pipeline::281.233*3.46] mapped 332106 sequences
[M::worker_pipeline::281.852*3.46] mapped 332170 sequences
[M::worker_pipeline::282.428*3.46] mapped 332128 sequences
[M::worker_pipeline::283.027*3.47] mapped 332116 sequences
[M::worker_pipeline::283.594*3.47] mapped 332150 sequences
[M::worker_pipeline::284.191*3.47] mapped 332122 sequences
[M::worker_pipeline::284.837*3.47] mapped 332066 sequences
[M::worker_pipeline::285.388*3.47] mapped 332128 sequences
[M::worker_pipeline::285.995*3.47] mapped 332170 sequences
[M::worker_pipeline::286.629*3.47] mapped 332102 sequences
[M::worker_pipeline::287.233*3.47] mapped 332114 sequences
[M::worker_pipeline::287.851*3.47] mapped 332082 sequences
[M::worker_pipeline::288.474*3.47] mapped 332096 sequences
[M::worker_pipeline::289.066*3.47] mapped 332088 sequences
[M::worker_pipeline::289.698*3.47] mapped 332178 sequences
[M::worker_pipeline::290.273*3.47] mapped 332380 sequences
[M::worker_pipeline::290.902*3.47] mapped 332442 sequences
[M::worker_pipeline::291.515*3.47] mapped 332356 sequences
[M::worker_pipeline::292.108*3.47] mapped 332376 sequences
[M::worker_pipeline::292.670*3.47] mapped 332386 sequences
[M::worker_pipeline::293.331*3.47] mapped 332114 sequences
[M::worker_pipeline::293.898*3.47] mapped 332090 sequences
[M::worker_pipeline::294.522*3.48] mapped 332080 sequences
[M::worker_pipeline::295.149*3.48] mapped 332054 sequences
[M::worker_pipeline::295.782*3.48] mapped 332112 sequences
[M::worker_pipeline::296.379*3.48] mapped 332124 sequences
[M::worker_pipeline::296.962*3.48] mapped 332076 sequences
[M::worker_pipeline::297.560*3.48] mapped 332118 sequences
[M::worker_pipeline::298.156*3.48] mapped 332228 sequences
[M::worker_pipeline::298.754*3.48] mapped 332174 sequences
[M::worker_pipeline::299.349*3.48] mapped 332134 sequences
[M::worker_pipeline::299.968*3.48] mapped 332212 sequences
[M::worker_pipeline::300.575*3.48] mapped 332294 sequences
[M::worker_pipeline::301.172*3.48] mapped 332250 sequences
[M::worker_pipeline::301.805*3.48] mapped 332266 sequences
[M::worker_pipeline::302.392*3.48] mapped 332300 sequences
[M::worker_pipeline::302.996*3.48] mapped 332284 sequences
[M::worker_pipeline::303.618*3.48] mapped 332286 sequences
[M::worker_pipeline::304.199*3.48] mapped 332252 sequences
[M::worker_pipeline::304.801*3.48] mapped 332130 sequences
[M::worker_pipeline::305.400*3.48] mapped 332126 sequences
[M::worker_pipeline::306.015*3.48] mapped 332098 sequences
[M::worker_pipeline::306.643*3.48] mapped 332114 sequences
[M::worker_pipeline::307.275*3.48] mapped 332130 sequences
[M::worker_pipeline::307.878*3.48] mapped 332228 sequences
[M::worker_pipeline::308.500*3.48] mapped 332902 sequences
[M::worker_pipeline::309.104*3.48] mapped 332806 sequences
[M::worker_pipeline::309.701*3.48] mapped 332708 sequences
[M::worker_pipeline::310.308*3.48] mapped 332538 sequences
[M::worker_pipeline::310.897*3.49] mapped 332586 sequences
[M::worker_pipeline::311.535*3.49] mapped 332518 sequences
[M::worker_pipeline::312.179*3.49] mapped 332528 sequences
[M::worker_pipeline::312.783*3.49] mapped 332424 sequences
[M::worker_pipeline::313.353*3.49] mapped 332424 sequences
[M::worker_pipeline::313.994*3.49] mapped 332416 sequences
[M::worker_pipeline::314.608*3.49] mapped 332348 sequences
[M::worker_pipeline::315.209*3.49] mapped 332336 sequences
[M::worker_pipeline::315.826*3.49] mapped 332398 sequences
[M::worker_pipeline::316.435*3.49] mapped 332318 sequences
[M::worker_pipeline::317.049*3.49] mapped 332386 sequences
[M::worker_pipeline::317.617*3.49] mapped 332424 sequences
[M::worker_pipeline::318.237*3.49] mapped 332448 sequences
[M::worker_pipeline::318.826*3.49] mapped 332450 sequences
[M::worker_pipeline::319.418*3.49] mapped 332532 sequences
[M::worker_pipeline::320.030*3.49] mapped 332380 sequences
[M::worker_pipeline::320.698*3.49] mapped 332438 sequences
[M::worker_pipeline::321.280*3.49] mapped 332366 sequences
[M::worker_pipeline::321.887*3.49] mapped 332310 sequences
[M::worker_pipeline::322.506*3.49] mapped 332294 sequences
[M::worker_pipeline::323.096*3.49] mapped 332276 sequences
[M::worker_pipeline::323.727*3.49] mapped 332222 sequences
[M::worker_pipeline::324.315*3.49] mapped 332232 sequences
[M::worker_pipeline::324.916*3.49] mapped 332212 sequences
[M::worker_pipeline::325.515*3.49] mapped 332224 sequences
[M::worker_pipeline::326.116*3.49] mapped 332200 sequences
[M::worker_pipeline::326.728*3.49] mapped 332222 sequences
[M::worker_pipeline::327.326*3.50] mapped 332214 sequences
[M::worker_pipeline::327.946*3.50] mapped 332210 sequences
[M::worker_pipeline::328.589*3.50] mapped 332210 sequences
[M::worker_pipeline::329.166*3.50] mapped 332178 sequences
[M::worker_pipeline::329.806*3.50] mapped 332202 sequences
[M::worker_pipeline::330.391*3.50] mapped 332452 sequences
[M::worker_pipeline::330.984*3.50] mapped 332678 sequences
[M::worker_pipeline::331.580*3.50] mapped 332652 sequences
[M::worker_pipeline::332.179*3.50] mapped 332542 sequences
[M::worker_pipeline::332.831*3.50] mapped 332586 sequences
[M::worker_pipeline::333.412*3.50] mapped 332490 sequences
[M::worker_pipeline::333.985*3.50] mapped 332228 sequences
[M::worker_pipeline::334.597*3.50] mapped 332142 sequences
[M::worker_pipeline::335.258*3.50] mapped 332128 sequences
[M::worker_pipeline::335.869*3.50] mapped 332152 sequences
[M::worker_pipeline::336.486*3.50] mapped 332114 sequences
[M::worker_pipeline::337.085*3.50] mapped 332164 sequences
[M::worker_pipeline::337.666*3.50] mapped 332190 sequences
[M::worker_pipeline::338.267*3.50] mapped 332138 sequences
[M::worker_pipeline::343.402*3.47] mapped 332220 sequences
[M::worker_pipeline::343.560*3.47] mapped 332156 sequences
[M::worker_pipeline::343.736*3.47] mapped 332194 sequences
[M::worker_pipeline::344.260*3.47] mapped 332214 sequences
[M::worker_pipeline::344.856*3.47] mapped 332180 sequences
[M::worker_pipeline::345.437*3.47] mapped 332190 sequences
[M::worker_pipeline::346.017*3.47] mapped 332194 sequences
[M::worker_pipeline::346.639*3.47] mapped 332164 sequences
[M::worker_pipeline::347.228*3.47] mapped 332198 sequences
[M::worker_pipeline::347.846*3.47] mapped 332162 sequences
[M::worker_pipeline::348.439*3.47] mapped 332118 sequences
[M::worker_pipeline::349.016*3.47] mapped 332132 sequences
[M::worker_pipeline::349.588*3.47] mapped 332124 sequences
[M::worker_pipeline::350.182*3.47] mapped 332028 sequences
[M::worker_pipeline::350.776*3.47] mapped 332082 sequences
[M::worker_pipeline::351.376*3.47] mapped 332106 sequences
[M::worker_pipeline::352.010*3.48] mapped 332096 sequences
[M::worker_pipeline::352.069*3.47] mapped 108330 sequences
[M::main] Version: 2.22-r1101
[M::main] CMD: minimap2 --secondary=no -t 16 -R @RG\tID:snippy\tSM:snippy -ax sr /work/FAC/FBM/DMF/smitri/evomicrocomm/genome_size/data/ms/reference.fasta /work/FAC/FBM/DMF/smitri/evomicrocomm/genome_size/data/T44.4.2/read1.fq.gz /work/FAC/FBM/DMF/smitri/evomicrocomm/genome_size/data/T44.4.2/read2.fq.gz
[M::main] Real time: 352.086 sec; CPU: 1223.452 sec; Peak RSS: 0.477 GB
[bam_sort_core] merging from 80 files and 16 in-memory blocks...
[Fri Oct 15 16:19:42 2021]
Finished job 0.
1 of 1 steps (100%) done
