Building DAG of jobs...
Using shell: /usr/bin/bash
Provided cores: 16
Rules claiming more threads will be scaled down.
Select jobs to execute...

[Mon Oct 18 09:02:10 2021]
rule snippy:
    input: /work/FAC/FBM/DMF/smitri/evomicrocomm/genome_size/data/at/reference.gbk, /work/FAC/FBM/DMF/smitri/evomicrocomm/genome_size/data/T22.3.2/at/mapped_reads.sorted.bam
    output: /work/FAC/FBM/DMF/smitri/evomicrocomm/genome_size/data/T22.3.2/at/snippy/snps.tab
    jobid: 0
    wildcards: sample=T22.3.2, strain=at
    threads: 16
    resources: mem_mb=7351, disk_mb=7351, tmpdir=/tmp/2847877

[09:02:10] This is snippy 4.6.0
[09:02:10] Written by Torsten Seemann
[09:02:10] Obtained from https://github.com/tseemann/snippy
[09:02:10] Detected operating system: linux
[09:02:10] Enabling bundled linux tools.
[09:02:10] Found bwa - /work/FAC/FBM/DMF/smitri/evomicrocomm/eric/miniconda3/envs/bqh/bin/bwa
[09:02:10] Found bcftools - /work/FAC/FBM/DMF/smitri/evomicrocomm/eric/miniconda3/envs/bqh/bin/bcftools
[09:02:10] Found samtools - /work/FAC/FBM/DMF/smitri/evomicrocomm/eric/miniconda3/envs/bqh/bin/samtools
[09:02:10] Found java - /work/FAC/FBM/DMF/smitri/evomicrocomm/eric/miniconda3/envs/bqh/bin/java
[09:02:10] Found snpEff - /work/FAC/FBM/DMF/smitri/evomicrocomm/eric/miniconda3/envs/bqh/bin/snpEff
[09:02:10] Found samclip - /work/FAC/FBM/DMF/smitri/evomicrocomm/eric/miniconda3/envs/bqh/bin/samclip
[09:02:10] Found seqtk - /work/FAC/FBM/DMF/smitri/evomicrocomm/eric/miniconda3/envs/bqh/bin/seqtk
[09:02:10] Found parallel - /work/FAC/FBM/DMF/smitri/evomicrocomm/eric/miniconda3/envs/bqh/bin/parallel
[09:02:10] Found freebayes - /work/FAC/FBM/DMF/smitri/evomicrocomm/eric/miniconda3/envs/bqh/bin/freebayes
[09:02:10] Found freebayes-parallel - /work/FAC/FBM/DMF/smitri/evomicrocomm/eric/miniconda3/envs/bqh/bin/freebayes-parallel
[09:02:10] Found fasta_generate_regions.py - /work/FAC/FBM/DMF/smitri/evomicrocomm/eric/miniconda3/envs/bqh/bin/fasta_generate_regions.py
[09:02:10] Found vcfstreamsort - /work/FAC/FBM/DMF/smitri/evomicrocomm/eric/miniconda3/envs/bqh/bin/vcfstreamsort
[09:02:10] Found vcfuniq - /work/FAC/FBM/DMF/smitri/evomicrocomm/eric/miniconda3/envs/bqh/bin/vcfuniq
[09:02:10] Found vcffirstheader - /work/FAC/FBM/DMF/smitri/evomicrocomm/eric/miniconda3/envs/bqh/bin/vcffirstheader
[09:02:10] Found gzip - /usr/bin/gzip
[09:02:10] Found vt - /work/FAC/FBM/DMF/smitri/evomicrocomm/eric/miniconda3/envs/bqh/bin/vt
[09:02:10] Found snippy-vcf_to_tab - /work/FAC/FBM/DMF/smitri/evomicrocomm/eric/miniconda3/envs/bqh/bin/snippy-vcf_to_tab
[09:02:10] Found snippy-vcf_report - /work/FAC/FBM/DMF/smitri/evomicrocomm/eric/miniconda3/envs/bqh/bin/snippy-vcf_report
[09:02:10] Checking version: samtools --version is >= 1.7 - ok, have 1.12
[09:02:10] Checking version: bcftools --version is >= 1.7 - ok, have 1.12
[09:02:10] Checking version: freebayes --version is >= 1.1 - ok, have 1.3.5
[09:02:10] Checking version: snpEff -version is >= 4.3 - ok, have 5.0
[09:02:10] Checking version: bwa is >= 0.7.12 - ok, have 0.7.17
[09:02:10] Using reference: /work/FAC/FBM/DMF/smitri/evomicrocomm/genome_size/data/at/reference.gbk
[09:02:10] Treating reference as 'genbank' format.
[09:02:10] Will use 16 CPU cores.
[09:02:10] Using BAM file '/work/FAC/FBM/DMF/smitri/evomicrocomm/genome_size/data/T22.3.2/at/mapped_reads.sorted.bam' instead of aligning reads.
[09:02:10] Used --force, will overwrite existing /work/FAC/FBM/DMF/smitri/evomicrocomm/genome_size/data/T22.3.2/at/snippy
[09:02:10] Changing working directory: /work/FAC/FBM/DMF/smitri/evomicrocomm/genome_size/data/T22.3.2/at/snippy
[09:02:10] Creating reference folder: reference
[09:02:10] Extracting FASTA and GFF from reference.

--------------------- WARNING ---------------------
MSG: Unexpected error in feature table for  Skipping feature, attempting to recover
---------------------------------------------------

--------------------- WARNING ---------------------
MSG: Unexpected error in feature table for  Skipping feature, attempting to recover
---------------------------------------------------

--------------------- WARNING ---------------------
MSG: Unexpected error in feature table for  Skipping feature, attempting to recover
---------------------------------------------------

--------------------- WARNING ---------------------
MSG: Unexpected error in feature table for  Skipping feature, attempting to recover
---------------------------------------------------

--------------------- WARNING ---------------------
MSG: Unexpected error in feature table for  Skipping feature, attempting to recover
---------------------------------------------------
[09:02:12] Wrote 5 sequences to ref.fa
[09:02:12] Wrote 5031 features to ref.gff
[09:02:12] Creating reference/snpeff.config
[09:02:12] Freebayes will process 31 chunks of 175419 bp, 16 chunks at a time.
[09:02:12] Using BAM RG (Read Group) ID: snippy
[09:02:12] Running: samtools faidx reference/ref.fa 2>> snps.log
[09:02:12] Running: mkdir -p reference/genomes && cp -f reference/ref.fa reference/genomes/ref.fa 2>> snps.log
[09:02:12] Running: ln -sf reference/ref.fa . 2>> snps.log
[09:02:12] Running: ln -sf reference/ref.fa.fai . 2>> snps.log
[09:02:12] Running: mkdir -p reference/ref && gzip -c reference/ref.gff > reference/ref/genes.gff.gz 2>> snps.log
[09:02:12] Running: snpEff build -c reference/snpeff.config -dataDir . -gff3 ref 2>> snps.log
[09:02:16] Running: samtools view -h -O SAM \/work\/FAC\/FBM\/DMF\/smitri\/evomicrocomm\/genome_size\/data\/T22\.3\.2\/at\/mapped_reads\.sorted\.bam | samclip --max 10 --ref reference/ref.fa.fai | samtools sort -n -l 0 -T /tmp/2847877 --threads 7 -m 8000M | samtools fixmate -m --threads 7 - - | samtools sort -l 0 -T /tmp/2847877 --threads 7 -m 8000M | samtools markdup -T /tmp/2847877 --threads 7 -r -s - - > snps.bam 2>> snps.log
[samclip] samclip 0.4.0 by Torsten Seemann (@torstenseemann)
[samclip] Loading: reference/ref.fa.fai
[samclip] Found 5 sequences in reference/ref.fa.fai
[samclip] Processed 100000 records...
[samclip] Processed 200000 records...
[samclip] Processed 300000 records...
[samclip] Processed 400000 records...
[samclip] Processed 500000 records...
[samclip] Processed 600000 records...
[samclip] Processed 700000 records...
[samclip] Processed 800000 records...
[samclip] Processed 900000 records...
[samclip] Processed 1000000 records...
[samclip] Processed 1100000 records...
[samclip] Processed 1200000 records...
[samclip] Processed 1300000 records...
[samclip] Processed 1400000 records...
[samclip] Processed 1500000 records...
[samclip] Processed 1600000 records...
[samclip] Processed 1700000 records...
[samclip] Processed 1800000 records...
[samclip] Processed 1900000 records...
[samclip] Processed 2000000 records...
[samclip] Processed 2100000 records...
[samclip] Processed 2200000 records...
[samclip] Processed 2300000 records...
[samclip] Processed 2400000 records...
[samclip] Processed 2500000 records...
[samclip] Processed 2600000 records...
[samclip] Processed 2700000 records...
[samclip] Processed 2800000 records...
[samclip] Processed 2900000 records...
[samclip] Processed 3000000 records...
[samclip] Processed 3100000 records...
[samclip] Processed 3200000 records...
[samclip] Processed 3300000 records...
[samclip] Processed 3400000 records...
[samclip] Processed 3500000 records...
[samclip] Processed 3600000 records...
[samclip] Processed 3700000 records...
[samclip] Processed 3800000 records...
[samclip] Processed 3900000 records...
[samclip] Processed 4000000 records...
[samclip] Processed 4100000 records...
[samclip] Processed 4200000 records...
[samclip] Processed 4300000 records...
[samclip] Processed 4400000 records...
[samclip] Processed 4500000 records...
[samclip] Processed 4600000 records...
[samclip] Processed 4700000 records...
[samclip] Processed 4800000 records...
[samclip] Processed 4900000 records...
[samclip] Processed 5000000 records...
[samclip] Processed 5100000 records...
[samclip] Processed 5200000 records...
[samclip] Processed 5300000 records...
[samclip] Processed 5400000 records...
[samclip] Processed 5500000 records...
[samclip] Processed 5600000 records...
[samclip] Processed 5700000 records...
[samclip] Processed 5800000 records...
[samclip] Processed 5900000 records...
[samclip] Processed 6000000 records...
[samclip] Processed 6100000 records...
[samclip] Processed 6200000 records...
[samclip] Processed 6300000 records...
[samclip] Processed 6400000 records...
[samclip] Processed 6500000 records...
[samclip] Processed 6600000 records...
[samclip] Processed 6700000 records...
[samclip] Processed 6800000 records...
[samclip] Processed 6900000 records...
[samclip] Processed 7000000 records...
[samclip] Processed 7100000 records...
[samclip] Processed 7200000 records...
[samclip] Processed 7300000 records...
[samclip] Processed 7400000 records...
[samclip] Processed 7500000 records...
[samclip] Processed 7600000 records...
[samclip] Processed 7700000 records...
[samclip] Processed 7800000 records...
[samclip] Processed 7900000 records...
[samclip] Processed 8000000 records...
[samclip] Processed 8100000 records...
[samclip] Processed 8200000 records...
[samclip] Processed 8300000 records...
[samclip] Processed 8400000 records...
[samclip] Processed 8500000 records...
[samclip] Processed 8600000 records...
[samclip] Processed 8700000 records...
[samclip] Processed 8800000 records...
[samclip] Processed 8900000 records...
[samclip] Processed 9000000 records...
[samclip] Processed 9100000 records...
[samclip] Processed 9200000 records...
[samclip] Processed 9300000 records...
[samclip] Processed 9400000 records...
[samclip] Processed 9500000 records...
[samclip] Processed 9600000 records...
[samclip] Processed 9700000 records...
[samclip] Processed 9800000 records...
[samclip] Processed 9900000 records...
[samclip] Processed 10000000 records...
[samclip] Processed 10100000 records...
[samclip] Processed 10200000 records...
[samclip] Processed 10300000 records...
[samclip] Processed 10400000 records...
[samclip] Processed 10500000 records...
[samclip] Processed 10600000 records...
[samclip] Processed 10700000 records...
[samclip] Processed 10800000 records...
[samclip] Processed 10900000 records...
[samclip] Processed 11000000 records...
[samclip] Processed 11100000 records...
[samclip] Processed 11200000 records...
[samclip] Processed 11300000 records...
[samclip] Processed 11400000 records...
[samclip] Processed 11500000 records...
[samclip] Processed 11600000 records...
[samclip] Processed 11700000 records...
[samclip] Processed 11800000 records...
[samclip] Processed 11900000 records...
[samclip] Processed 12000000 records...
[samclip] Processed 12100000 records...
[samclip] Processed 12200000 records...
[samclip] Processed 12300000 records...
[samclip] Processed 12400000 records...
[samclip] Processed 12500000 records...
[samclip] Processed 12600000 records...
[samclip] Processed 12700000 records...
[samclip] Processed 12800000 records...
[samclip] Processed 12900000 records...
[samclip] Processed 13000000 records...
[samclip] Processed 13100000 records...
[samclip] Processed 13200000 records...
[samclip] Processed 13300000 records...
[samclip] Processed 13400000 records...
[samclip] Processed 13500000 records...
[samclip] Processed 13600000 records...
[samclip] Processed 13700000 records...
[samclip] Processed 13800000 records...
[samclip] Processed 13900000 records...
[samclip] Processed 14000000 records...
[samclip] Processed 14100000 records...
[samclip] Processed 14200000 records...
[samclip] Processed 14300000 records...
[samclip] Processed 14400000 records...
[samclip] Processed 14500000 records...
[samclip] Processed 14600000 records...
[samclip] Processed 14700000 records...
[samclip] Processed 14800000 records...
[samclip] Processed 14900000 records...
[samclip] Processed 15000000 records...
[samclip] Processed 15100000 records...
[samclip] Processed 15200000 records...
[samclip] Processed 15300000 records...
[samclip] Processed 15400000 records...
[samclip] Processed 15500000 records...
[samclip] Processed 15600000 records...
[samclip] Processed 15700000 records...
[samclip] Processed 15800000 records...
[samclip] Processed 15900000 records...
[samclip] Processed 16000000 records...
[samclip] Processed 16100000 records...
[samclip] Processed 16200000 records...
[samclip] Processed 16300000 records...
[samclip] Processed 16400000 records...
[samclip] Processed 16500000 records...
[samclip] Processed 16600000 records...
[samclip] Processed 16700000 records...
[samclip] Processed 16800000 records...
[samclip] Processed 16900000 records...
[samclip] Processed 17000000 records...
[samclip] Processed 17100000 records...
[samclip] Processed 17200000 records...
[samclip] Processed 17300000 records...
[samclip] Processed 17400000 records...
[samclip] Processed 17500000 records...
[samclip] Processed 17600000 records...
[samclip] Processed 17700000 records...
[samclip] Processed 17800000 records...
[samclip] Processed 17900000 records...
[samclip] Processed 18000000 records...
[samclip] Processed 18100000 records...
[samclip] Processed 18200000 records...
[samclip] Processed 18300000 records...
[samclip] Processed 18400000 records...
[samclip] Processed 18500000 records...
[samclip] Processed 18600000 records...
[samclip] Processed 18700000 records...
[samclip] Processed 18800000 records...
[samclip] Processed 18900000 records...
[samclip] Processed 19000000 records...
[samclip] Processed 19100000 records...
[samclip] Processed 19200000 records...
[samclip] Processed 19300000 records...
[samclip] Processed 19400000 records...
[samclip] Processed 19500000 records...
[samclip] Processed 19600000 records...
[samclip] Processed 19700000 records...
[samclip] Processed 19800000 records...
[samclip] Processed 19900000 records...
[samclip] Processed 20000000 records...
[samclip] Processed 20100000 records...
[samclip] Processed 20200000 records...
[samclip] Processed 20300000 records...
[samclip] Processed 20400000 records...
[samclip] Processed 20500000 records...
[samclip] Processed 20600000 records...
[samclip] Processed 20700000 records...
[samclip] Processed 20800000 records...
[samclip] Processed 20900000 records...
[samclip] Processed 21000000 records...
[samclip] Processed 21100000 records...
[samclip] Processed 21200000 records...
[samclip] Processed 21300000 records...
[samclip] Processed 21400000 records...
[samclip] Processed 21500000 records...
[samclip] Processed 21600000 records...
[samclip] Processed 21700000 records...
[samclip] Processed 21800000 records...
[samclip] Processed 21900000 records...
[samclip] Processed 22000000 records...
[samclip] Processed 22100000 records...
[samclip] Processed 22200000 records...
[samclip] Processed 22300000 records...
[samclip] Processed 22400000 records...
[samclip] Processed 22500000 records...
[samclip] Processed 22600000 records...
[samclip] Processed 22700000 records...
[samclip] Processed 22800000 records...
[samclip] Processed 22900000 records...
[samclip] Processed 23000000 records...
[samclip] Processed 23100000 records...
[samclip] Processed 23200000 records...
[samclip] Processed 23300000 records...
[samclip] Processed 23400000 records...
[samclip] Processed 23500000 records...
[samclip] Processed 23600000 records...
[samclip] Processed 23700000 records...
[samclip] Processed 23800000 records...
[samclip] Processed 23900000 records...
[samclip] Processed 24000000 records...
[samclip] Processed 24100000 records...
[samclip] Processed 24200000 records...
[samclip] Processed 24300000 records...
[samclip] Processed 24400000 records...
[samclip] Processed 24500000 records...
[samclip] Processed 24600000 records...
[samclip] Processed 24700000 records...
[samclip] Processed 24800000 records...
[samclip] Processed 24900000 records...
[samclip] Processed 25000000 records...
[samclip] Processed 25100000 records...
[samclip] Processed 25200000 records...
[samclip] Processed 25300000 records...
[samclip] Processed 25400000 records...
[samclip] Processed 25500000 records...
[samclip] Processed 25600000 records...
[samclip] Processed 25700000 records...
[samclip] Processed 25800000 records...
[samclip] Processed 25900000 records...
[samclip] Processed 26000000 records...
[samclip] Processed 26100000 records...
[samclip] Processed 26200000 records...
[samclip] Processed 26300000 records...
[samclip] Processed 26400000 records...
[samclip] Processed 26500000 records...
[samclip] Processed 26600000 records...
[samclip] Processed 26700000 records...
[samclip] Processed 26800000 records...
[samclip] Processed 26900000 records...
[samclip] Processed 27000000 records...
[samclip] Processed 27100000 records...
[samclip] Processed 27200000 records...
[samclip] Processed 27300000 records...
[samclip] Processed 27400000 records...
[samclip] Processed 27500000 records...
[samclip] Processed 27600000 records...
[samclip] Processed 27700000 records...
[samclip] Processed 27800000 records...
[samclip] Processed 27900000 records...
[samclip] Processed 28000000 records...
[samclip] Processed 28100000 records...
[samclip] Processed 28200000 records...
[samclip] Processed 28300000 records...
[samclip] Processed 28400000 records...
[samclip] Processed 28500000 records...
[samclip] Processed 28600000 records...
[samclip] Processed 28700000 records...
[samclip] Processed 28800000 records...
[samclip] Processed 28900000 records...
[samclip] Processed 29000000 records...
[samclip] Processed 29100000 records...
[samclip] Processed 29200000 records...
[samclip] Processed 29300000 records...
[samclip] Processed 29400000 records...
[samclip] Processed 29500000 records...
[samclip] Processed 29600000 records...
[samclip] Processed 29700000 records...
[samclip] Processed 29800000 records...
[samclip] Processed 29900000 records...
[samclip] Processed 30000000 records...
[samclip] Processed 30100000 records...
[samclip] Processed 30200000 records...
[samclip] Processed 30300000 records...
[samclip] Processed 30400000 records...
[samclip] Processed 30500000 records...
[samclip] Processed 30600000 records...
[samclip] Processed 30700000 records...
[samclip] Processed 30800000 records...
[samclip] Processed 30900000 records...
[samclip] Processed 31000000 records...
[samclip] Processed 31100000 records...
[samclip] Processed 31200000 records...
[samclip] Processed 31300000 records...
[samclip] Processed 31400000 records...
[samclip] Processed 31500000 records...
[samclip] Processed 31600000 records...
[samclip] Processed 31700000 records...
[samclip] Processed 31800000 records...
[samclip] Processed 31900000 records...
[samclip] Processed 32000000 records...
[samclip] Processed 32100000 records...
[samclip] Processed 32200000 records...
[samclip] Processed 32300000 records...
[samclip] Processed 32400000 records...
[samclip] Processed 32500000 records...
[samclip] Processed 32600000 records...
[samclip] Processed 32700000 records...
[samclip] Processed 32800000 records...
[samclip] Processed 32900000 records...
[samclip] Processed 33000000 records...
[samclip] Processed 33100000 records...
[samclip] Processed 33200000 records...
[samclip] Processed 33300000 records...
[samclip] Processed 33400000 records...
[samclip] Processed 33500000 records...
[samclip] Processed 33600000 records...
[samclip] Processed 33700000 records...
[samclip] Processed 33800000 records...
[samclip] Processed 33900000 records...
[samclip] Processed 34000000 records...
[samclip] Processed 34100000 records...
[samclip] Processed 34200000 records...
[samclip] Processed 34300000 records...
[samclip] Processed 34400000 records...
[samclip] Processed 34500000 records...
[samclip] Processed 34600000 records...
[samclip] Processed 34700000 records...
[samclip] Processed 34800000 records...
[samclip] Processed 34900000 records...
[samclip] Processed 35000000 records...
[samclip] Processed 35100000 records...
[samclip] Processed 35200000 records...
[samclip] Processed 35300000 records...
[samclip] Processed 35400000 records...
[samclip] Processed 35500000 records...
[samclip] Processed 35600000 records...
[samclip] Processed 35700000 records...
[samclip] Processed 35800000 records...
[samclip] Processed 35900000 records...
[samclip] Processed 36000000 records...
[samclip] Processed 36100000 records...
[samclip] Processed 36200000 records...
[samclip] Processed 36300000 records...
[samclip] Processed 36400000 records...
[samclip] Processed 36500000 records...
[samclip] Processed 36600000 records...
[samclip] Processed 36700000 records...
[samclip] Processed 36800000 records...
[samclip] Processed 36900000 records...
[samclip] Processed 37000000 records...
[samclip] Processed 37100000 records...
[samclip] Processed 37200000 records...
[samclip] Processed 37300000 records...
[samclip] Processed 37400000 records...
[samclip] Processed 37500000 records...
[samclip] Processed 37600000 records...
[samclip] Processed 37700000 records...
[samclip] Processed 37800000 records...
[samclip] Processed 37900000 records...
[samclip] Processed 38000000 records...
[samclip] Processed 38100000 records...
[samclip] Processed 38200000 records...
[samclip] Processed 38300000 records...
[samclip] Processed 38400000 records...
[samclip] Processed 38500000 records...
[samclip] Processed 38600000 records...
[samclip] Processed 38700000 records...
[samclip] Processed 38800000 records...
[samclip] Processed 38900000 records...
[samclip] Processed 39000000 records...
[samclip] Processed 39100000 records...
[samclip] Processed 39200000 records...
[samclip] Processed 39300000 records...
[samclip] Processed 39400000 records...
[samclip] Processed 39500000 records...
[samclip] Processed 39600000 records...
[samclip] Processed 39700000 records...
[samclip] Processed 39800000 records...
[samclip] Processed 39900000 records...
[samclip] Processed 40000000 records...
[samclip] Processed 40100000 records...
[samclip] Processed 40200000 records...
[samclip] Processed 40300000 records...
[samclip] Processed 40400000 records...
[samclip] Processed 40500000 records...
[samclip] Processed 40600000 records...
[samclip] Processed 40700000 records...
[samclip] Processed 40800000 records...
[samclip] Processed 40900000 records...
[samclip] Processed 41000000 records...
[samclip] Processed 41100000 records...
[samclip] Processed 41200000 records...
[samclip] Processed 41300000 records...
[samclip] Processed 41400000 records...
[samclip] Processed 41500000 records...
[samclip] Processed 41600000 records...
[samclip] Processed 41700000 records...
[samclip] Processed 41800000 records...
[samclip] Processed 41900000 records...
[samclip] Processed 42000000 records...
[samclip] Processed 42100000 records...
[samclip] Processed 42200000 records...
[samclip] Processed 42300000 records...
[samclip] Processed 42400000 records...
[samclip] Processed 42500000 records...
[samclip] Processed 42600000 records...
[samclip] Processed 42700000 records...
[samclip] Processed 42800000 records...
[samclip] Processed 42900000 records...
[samclip] Processed 43000000 records...
[samclip] Processed 43100000 records...
[samclip] Processed 43200000 records...
[samclip] Processed 43300000 records...
[samclip] Processed 43400000 records...
[samclip] Processed 43500000 records...
[samclip] Processed 43600000 records...
[samclip] Processed 43700000 records...
[samclip] Processed 43800000 records...
[samclip] Processed 43900000 records...
[samclip] Processed 44000000 records...
[samclip] Processed 44100000 records...
[samclip] Processed 44200000 records...
[samclip] Processed 44300000 records...
[samclip] Processed 44400000 records...
[samclip] Processed 44500000 records...
[samclip] Processed 44600000 records...
[samclip] Processed 44700000 records...
[samclip] Processed 44800000 records...
[samclip] Processed 44900000 records...
[samclip] Processed 45000000 records...
[samclip] Processed 45100000 records...
[samclip] Processed 45200000 records...
[samclip] Processed 45300000 records...
[samclip] Processed 45400000 records...
[samclip] Processed 45500000 records...
[samclip] Processed 45600000 records...
[samclip] Processed 45700000 records...
[samclip] Processed 45800000 records...
[samclip] Processed 45900000 records...
[samclip] Processed 46000000 records...
[samclip] Processed 46100000 records...
[samclip] Processed 46200000 records...
[samclip] Processed 46300000 records...
[samclip] Processed 46400000 records...
[samclip] Processed 46500000 records...
[samclip] Processed 46600000 records...
[samclip] Processed 46700000 records...
[samclip] Processed 46800000 records...
[samclip] Processed 46900000 records...
[samclip] Processed 47000000 records...
[samclip] Processed 47100000 records...
[samclip] Processed 47200000 records...
[samclip] Processed 47300000 records...
[samclip] Processed 47400000 records...
[samclip] Processed 47500000 records...
[samclip] Processed 47600000 records...
[samclip] Processed 47700000 records...
[samclip] Processed 47800000 records...
[samclip] Processed 47900000 records...
[samclip] Processed 48000000 records...
[samclip] Processed 48100000 records...
[samclip] Processed 48200000 records...
[samclip] Processed 48300000 records...
[samclip] Processed 48400000 records...
[samclip] Processed 48500000 records...
[samclip] Processed 48600000 records...
[samclip] Processed 48700000 records...
[samclip] Processed 48800000 records...
[samclip] Processed 48900000 records...
[samclip] Processed 49000000 records...
[samclip] Processed 49100000 records...
[samclip] Processed 49200000 records...
[samclip] Processed 49300000 records...
[samclip] Processed 49400000 records...
[samclip] Processed 49500000 records...
[samclip] Processed 49600000 records...
[samclip] Processed 49700000 records...
[samclip] Processed 49800000 records...
[samclip] Processed 49900000 records...
[samclip] Processed 50000000 records...
[samclip] Processed 50100000 records...
[samclip] Processed 50200000 records...
[samclip] Processed 50300000 records...
[samclip] Processed 50400000 records...
[samclip] Processed 50500000 records...
[samclip] Processed 50600000 records...
[samclip] Processed 50700000 records...
[samclip] Processed 50800000 records...
[samclip] Processed 50900000 records...
[samclip] Processed 51000000 records...
[samclip] Processed 51100000 records...
[samclip] Processed 51200000 records...
[samclip] Processed 51300000 records...
[samclip] Processed 51400000 records...
[samclip] Processed 51500000 records...
[samclip] Processed 51600000 records...
[samclip] Processed 51700000 records...
[samclip] Processed 51800000 records...
[samclip] Processed 51900000 records...
[samclip] Processed 52000000 records...
[samclip] Processed 52100000 records...
[samclip] Processed 52200000 records...
[samclip] Processed 52300000 records...
[samclip] Processed 52400000 records...
[samclip] Processed 52500000 records...
[samclip] Processed 52600000 records...
[samclip] Processed 52700000 records...
[samclip] Processed 52800000 records...
[samclip] Processed 52900000 records...
[samclip] Processed 53000000 records...
[samclip] Processed 53100000 records...
[samclip] Processed 53200000 records...
[samclip] Processed 53300000 records...
[samclip] Processed 53400000 records...
[samclip] Processed 53500000 records...
[samclip] Processed 53600000 records...
[samclip] Processed 53700000 records...
[samclip] Processed 53800000 records...
[samclip] Processed 53900000 records...
[samclip] Processed 54000000 records...
[samclip] Processed 54100000 records...
[samclip] Processed 54200000 records...
[samclip] Processed 54300000 records...
[samclip] Processed 54400000 records...
[samclip] Processed 54500000 records...
[samclip] Processed 54600000 records...
[samclip] Processed 54700000 records...
[samclip] Processed 54800000 records...
[samclip] Processed 54900000 records...
[samclip] Processed 55000000 records...
[samclip] Processed 55100000 records...
[samclip] Processed 55200000 records...
[samclip] Processed 55300000 records...
[samclip] Processed 55400000 records...
[samclip] Processed 55500000 records...
[samclip] Processed 55600000 records...
[samclip] Processed 55700000 records...
[samclip] Processed 55800000 records...
[samclip] Processed 55900000 records...
[samclip] Processed 56000000 records...
[samclip] Processed 56100000 records...
[samclip] Processed 56200000 records...
[samclip] Processed 56300000 records...
[samclip] Processed 56400000 records...
[samclip] Processed 56500000 records...
[samclip] Processed 56600000 records...
[samclip] Processed 56700000 records...
[samclip] Processed 56800000 records...
[samclip] Total SAM records 56876300, removed 275917, allowed 127466, passed 56600383
[samclip] Header contained 11 lines
[samclip] Done.
[bam_sort_core] merging from 0 files and 7 in-memory blocks...
[bam_sort_core] merging from 0 files and 7 in-memory blocks...
[09:06:57] Running: samtools index snps.bam 2>> snps.log
[09:07:25] Running: fasta_generate_regions.py reference/ref.fa.fai 175419 > reference/ref.txt 2>> snps.log
[09:07:25] Running: freebayes-parallel reference/ref.txt 16 -p 2 -P 0 -C 2 -F 0.05 --min-coverage 10 --min-repeat-entropy 1.0 -q 13 -m 60 --strict-vcf   -f reference/ref.fa snps.bam > snps.raw.vcf 2>> snps.log
[09:09:07] Running: bcftools view --include 'FMT/GT="1/1" && QUAL>=100 && FMT/DP>=10 && (FMT/AO)/(FMT/DP)>=0.8' snps.raw.vcf  | vt normalize -r reference/ref.fa - | bcftools annotate --remove '^INFO/TYPE,^INFO/DP,^INFO/RO,^INFO/AO,^INFO/AB,^FORMAT/GT,^FORMAT/DP,^FORMAT/RO,^FORMAT/AO,^FORMAT/QR,^FORMAT/QA,^FORMAT/GL' > snps.filt.vcf 2>> snps.log
normalize v0.5

options:     input VCF file                                  -
         [o] output VCF file                                 -
         [w] sorting window size                             10000
         [n] no fail on reference inconsistency for non SNPs false
         [q] quiet                                           false
         [d] debug                                           false
         [r] reference FASTA file                            reference/ref.fa


stats: biallelic
          no. left trimmed                      : 0
          no. right trimmed                     : 11
          no. left and right trimmed            : 0
          no. right trimmed and left aligned    : 0
          no. left aligned                      : 0

       total no. biallelic normalized           : 11

       multiallelic
          no. left trimmed                      : 0
          no. right trimmed                     : 0
          no. left and right trimmed            : 0
          no. right trimmed and left aligned    : 0
          no. left aligned                      : 0

       total no. multiallelic normalized        : 0

       total no. variants normalized            : 11
       total no. variants observed              : 11
       total no. reference observed             : 0

Time elapsed: 0.00s

[09:09:07] Running: snpEff ann -noLog -noStats -no-downstream -no-upstream -no-utr -c reference/snpeff.config -dataDir . ref snps.filt.vcf > snps.vcf 2>> snps.log
[09:09:08] Running: /work/FAC/FBM/DMF/smitri/evomicrocomm/eric/miniconda3/envs/bqh/bin/snippy-vcf_to_tab --gff reference/ref.gff --ref reference/ref.fa --vcf snps.vcf > snps.tab 2>> snps.log
[09:09:10] Running: /work/FAC/FBM/DMF/smitri/evomicrocomm/eric/miniconda3/envs/bqh/bin/snippy-vcf_extract_subs snps.filt.vcf > snps.subs.vcf 2>> snps.log
[09:09:10] Running: bcftools convert -Oz -o snps.vcf.gz snps.vcf 2>> snps.log
[09:09:11] Running: bcftools index -f snps.vcf.gz 2>> snps.log
[09:09:11] Running: bcftools consensus --sample snippy -f reference/ref.fa -o snps.consensus.fa snps.vcf.gz 2>> snps.log
[09:09:11] Running: bcftools convert -Oz -o snps.subs.vcf.gz snps.subs.vcf 2>> snps.log
[09:09:11] Running: bcftools index -f snps.subs.vcf.gz 2>> snps.log
[09:09:11] Running: bcftools consensus --sample snippy -f reference/ref.fa -o snps.consensus.subs.fa snps.subs.vcf.gz 2>> snps.log
[09:09:11] Running: rm -f snps.subs.vcf.gz snps.subs.vcf.gz.csi snps.subs.vcf.gz.tbi 2>> snps.log
[09:09:11] Generating reference aligned/masked FASTA relative to reference: snps.aligned.fa
[09:11:47] Marked 141 heterozygous sites with 'n'
[09:11:47] Creating extra output files: BED GFF CSV TXT HTML
[09:11:47] Identified 11 variants.
[09:11:47] Deleting: reference/ref.fa.fai
[09:11:47] Deleting: reference/ref.fa.amb
[09:11:47] Deleting: reference/ref.fa.ann
[09:11:47] Deleting: reference/ref.fa.bwt
[09:11:47] Deleting: reference/ref.fa.pac
[09:11:47] Deleting: reference/ref.fa.sa
[09:11:47] Deleting: snps.bam
[09:11:47] Deleting: snps.bam.bai
[09:11:47] Deleting: snps.raw.vcf
[09:11:47] Deleting: snps.vcf.gz.csi
[09:11:47] Deleting: snps.vcf.gz
[09:11:47] Deleting: snps.consensus.fa
[09:11:47] Deleting: snps.consensus.subs.fa
[09:11:47] Deleting: ref.fa
[09:11:47] Removing folder: reference/genomes
[09:11:47] Removing folder: reference/ref
[09:11:47] Result folder: /work/FAC/FBM/DMF/smitri/evomicrocomm/genome_size/data/T22.3.2/at/snippy
[09:11:47] Result files:
[09:11:47] * /work/FAC/FBM/DMF/smitri/evomicrocomm/genome_size/data/T22.3.2/at/snippy/snps.aligned.fa
[09:11:47] * /work/FAC/FBM/DMF/smitri/evomicrocomm/genome_size/data/T22.3.2/at/snippy/snps.bed
[09:11:47] * /work/FAC/FBM/DMF/smitri/evomicrocomm/genome_size/data/T22.3.2/at/snippy/snps.csv
[09:11:47] * /work/FAC/FBM/DMF/smitri/evomicrocomm/genome_size/data/T22.3.2/at/snippy/snps.filt.vcf
[09:11:47] * /work/FAC/FBM/DMF/smitri/evomicrocomm/genome_size/data/T22.3.2/at/snippy/snps.gff
[09:11:47] * /work/FAC/FBM/DMF/smitri/evomicrocomm/genome_size/data/T22.3.2/at/snippy/snps.html
[09:11:47] * /work/FAC/FBM/DMF/smitri/evomicrocomm/genome_size/data/T22.3.2/at/snippy/snps.log
[09:11:47] * /work/FAC/FBM/DMF/smitri/evomicrocomm/genome_size/data/T22.3.2/at/snippy/snps.subs.vcf
[09:11:47] * /work/FAC/FBM/DMF/smitri/evomicrocomm/genome_size/data/T22.3.2/at/snippy/snps.tab
[09:11:47] * /work/FAC/FBM/DMF/smitri/evomicrocomm/genome_size/data/T22.3.2/at/snippy/snps.txt
[09:11:47] * /work/FAC/FBM/DMF/smitri/evomicrocomm/genome_size/data/T22.3.2/at/snippy/snps.vcf
[09:11:47] Walltime used: 9 minutes, 37 seconds
[09:11:47] Found a bug? Post it at https://github.com/tseemann/snippy/issues
[09:11:47] Done.
[Mon Oct 18 09:11:47 2021]
Finished job 0.
1 of 1 steps (100%) done
