Building DAG of jobs...
Using shell: /usr/bin/bash
Provided cluster nodes: 100
Job stats:
job       count    min threads    max threads
------  -------  -------------  -------------
snippy       10             16             16
total        10             16             16

Select jobs to execute...

[Mon Oct 18 11:59:36 2021]
rule snippy:
    input: /work/FAC/FBM/DMF/smitri/evomicrocomm/genome_size/data/ms/reference.gbk, /work/FAC/FBM/DMF/smitri/evomicrocomm/genome_size/data/T33.3.3/ms/mapped_reads.sorted.bam
    output: /work/FAC/FBM/DMF/smitri/evomicrocomm/genome_size/data/T33.3.3/ms/snippy/snps.tab
    jobid: 54
    wildcards: sample=T33.3.3, strain=ms
    threads: 16
    resources: tmpdir=/tmp/2854406

Submitted job 54 with external jobid 'Submitted batch job 2854409'.

[Mon Oct 18 11:59:36 2021]
rule snippy:
    input: /work/FAC/FBM/DMF/smitri/evomicrocomm/genome_size/data/ms/reference.gbk, /work/FAC/FBM/DMF/smitri/evomicrocomm/genome_size/data/T44.3.2/ms/mapped_reads.sorted.bam
    output: /work/FAC/FBM/DMF/smitri/evomicrocomm/genome_size/data/T44.3.2/ms/snippy/snps.tab
    jobid: 32
    wildcards: sample=T44.3.2, strain=ms
    threads: 16
    resources: tmpdir=/tmp/2854406

Submitted job 32 with external jobid 'Submitted batch job 2854410'.

[Mon Oct 18 11:59:36 2021]
rule snippy:
    input: /work/FAC/FBM/DMF/smitri/evomicrocomm/genome_size/data/ms/reference.gbk, /work/FAC/FBM/DMF/smitri/evomicrocomm/genome_size/data/T44.4.3/ms/mapped_reads.sorted.bam
    output: /work/FAC/FBM/DMF/smitri/evomicrocomm/genome_size/data/T44.4.3/ms/snippy/snps.tab
    jobid: 2
    wildcards: sample=T44.4.3, strain=ms
    threads: 16
    resources: tmpdir=/tmp/2854406

Submitted job 2 with external jobid 'Submitted batch job 2854411'.

[Mon Oct 18 11:59:36 2021]
rule snippy:
    input: /work/FAC/FBM/DMF/smitri/evomicrocomm/genome_size/data/ms/reference.gbk, /work/FAC/FBM/DMF/smitri/evomicrocomm/genome_size/data/T11.4.3/ms/mapped_reads.sorted.bam
    output: /work/FAC/FBM/DMF/smitri/evomicrocomm/genome_size/data/T11.4.3/ms/snippy/snps.tab
    jobid: 16
    wildcards: sample=T11.4.3, strain=ms
    threads: 16
    resources: tmpdir=/tmp/2854406

Submitted job 16 with external jobid 'Submitted batch job 2854412'.

[Mon Oct 18 11:59:36 2021]
rule snippy:
    input: /work/FAC/FBM/DMF/smitri/evomicrocomm/genome_size/data/ms/reference.gbk, /work/FAC/FBM/DMF/smitri/evomicrocomm/genome_size/data/T33.3.1/ms/mapped_reads.sorted.bam
    output: /work/FAC/FBM/DMF/smitri/evomicrocomm/genome_size/data/T33.3.1/ms/snippy/snps.tab
    jobid: 70
    wildcards: sample=T33.3.1, strain=ms
    threads: 16
    resources: tmpdir=/tmp/2854406

Submitted job 70 with external jobid 'Submitted batch job 2854413'.

[Mon Oct 18 11:59:36 2021]
rule snippy:
    input: /work/FAC/FBM/DMF/smitri/evomicrocomm/genome_size/data/ms/reference.gbk, /work/FAC/FBM/DMF/smitri/evomicrocomm/genome_size/data/T11.3.3/ms/mapped_reads.sorted.bam
    output: /work/FAC/FBM/DMF/smitri/evomicrocomm/genome_size/data/T11.3.3/ms/snippy/snps.tab
    jobid: 58
    wildcards: sample=T11.3.3, strain=ms
    threads: 16
    resources: tmpdir=/tmp/2854406

Submitted job 58 with external jobid 'Submitted batch job 2854414'.

[Mon Oct 18 11:59:36 2021]
rule snippy:
    input: /work/FAC/FBM/DMF/smitri/evomicrocomm/genome_size/data/ms/reference.gbk, /work/FAC/FBM/DMF/smitri/evomicrocomm/genome_size/data/T11.3.5/ms/mapped_reads.sorted.bam
    output: /work/FAC/FBM/DMF/smitri/evomicrocomm/genome_size/data/T11.3.5/ms/snippy/snps.tab
    jobid: 74
    wildcards: sample=T11.3.5, strain=ms
    threads: 16
    resources: tmpdir=/tmp/2854406

Submitted job 74 with external jobid 'Submitted batch job 2854415'.

[Mon Oct 18 11:59:36 2021]
rule snippy:
    input: /work/FAC/FBM/DMF/smitri/evomicrocomm/genome_size/data/ms/reference.gbk, /work/FAC/FBM/DMF/smitri/evomicrocomm/genome_size/data/T11.3.1/ms/mapped_reads.sorted.bam
    output: /work/FAC/FBM/DMF/smitri/evomicrocomm/genome_size/data/T11.3.1/ms/snippy/snps.tab
    jobid: 62
    wildcards: sample=T11.3.1, strain=ms
    threads: 16
    resources: tmpdir=/tmp/2854406

Submitted job 62 with external jobid 'Submitted batch job 2854416'.

[Mon Oct 18 11:59:36 2021]
rule snippy:
    input: /work/FAC/FBM/DMF/smitri/evomicrocomm/genome_size/data/ms/reference.gbk, /work/FAC/FBM/DMF/smitri/evomicrocomm/genome_size/data/T33.4.1/ms/mapped_reads.sorted.bam
    output: /work/FAC/FBM/DMF/smitri/evomicrocomm/genome_size/data/T33.4.1/ms/snippy/snps.tab
    jobid: 46
    wildcards: sample=T33.4.1, strain=ms
    threads: 16
    resources: tmpdir=/tmp/2854406

Submitted job 46 with external jobid 'Submitted batch job 2854417'.

[Mon Oct 18 11:59:36 2021]
rule snippy:
    input: /work/FAC/FBM/DMF/smitri/evomicrocomm/genome_size/data/ms/reference.gbk, /work/FAC/FBM/DMF/smitri/evomicrocomm/genome_size/data/T11.4.1/ms/mapped_reads.sorted.bam
    output: /work/FAC/FBM/DMF/smitri/evomicrocomm/genome_size/data/T11.4.1/ms/snippy/snps.tab
    jobid: 22
    wildcards: sample=T11.4.1, strain=ms
    threads: 16
    resources: tmpdir=/tmp/2854406

Submitted job 22 with external jobid 'Submitted batch job 2854418'.
[Mon Oct 18 12:06:22 2021]
Finished job 54.
1 of 10 steps (10%) done
[Mon Oct 18 12:07:03 2021]
Finished job 32.
2 of 10 steps (20%) done
[Mon Oct 18 12:08:23 2021]
Finished job 2.
3 of 10 steps (30%) done
[Mon Oct 18 12:10:43 2021]
Error in rule snippy:
    jobid: 70
    output: /work/FAC/FBM/DMF/smitri/evomicrocomm/genome_size/data/T33.3.1/ms/snippy/snps.tab
    shell:
        
        snippy --cpus 16 --force --ram 64 --minfrac 0.8 --cleanup --outdir         /work/FAC/FBM/DMF/smitri/evomicrocomm/genome_size/data/T33.3.1/ms/snippy --reference /work/FAC/FBM/DMF/smitri/evomicrocomm/genome_size/data/ms/reference.gbk --bam /work/FAC/FBM/DMF/smitri/evomicrocomm/genome_size/data/T33.3.1/ms/mapped_reads.sorted.bam
        
        (one of the commands exited with non-zero exit code; note that snakemake uses bash strict mode!)
    cluster_jobid: Submitted batch job 2854413

Error executing rule snippy on cluster (jobid: 70, external: Submitted batch job 2854413, jobscript: /users/eulrich/black_queen_hypothesis/scripts/workflows/.snakemake/tmp.44wb977z/snakejob.snippy.70.sh). For error details see the cluster log and the log files of the involved rule(s).
[Mon Oct 18 12:15:34 2021]
Finished job 16.
4 of 10 steps (40%) done
[Mon Oct 18 12:15:34 2021]
Finished job 58.
5 of 10 steps (50%) done
[Mon Oct 18 12:15:54 2021]
Error in rule snippy:
    jobid: 46
    output: /work/FAC/FBM/DMF/smitri/evomicrocomm/genome_size/data/T33.4.1/ms/snippy/snps.tab
    shell:
        
        snippy --cpus 16 --force --ram 64 --minfrac 0.8 --cleanup --outdir         /work/FAC/FBM/DMF/smitri/evomicrocomm/genome_size/data/T33.4.1/ms/snippy --reference /work/FAC/FBM/DMF/smitri/evomicrocomm/genome_size/data/ms/reference.gbk --bam /work/FAC/FBM/DMF/smitri/evomicrocomm/genome_size/data/T33.4.1/ms/mapped_reads.sorted.bam
        
        (one of the commands exited with non-zero exit code; note that snakemake uses bash strict mode!)
    cluster_jobid: Submitted batch job 2854417

Error executing rule snippy on cluster (jobid: 46, external: Submitted batch job 2854417, jobscript: /users/eulrich/black_queen_hypothesis/scripts/workflows/.snakemake/tmp.44wb977z/snakejob.snippy.46.sh). For error details see the cluster log and the log files of the involved rule(s).
[Mon Oct 18 12:16:14 2021]
Error in rule snippy:
    jobid: 74
    output: /work/FAC/FBM/DMF/smitri/evomicrocomm/genome_size/data/T11.3.5/ms/snippy/snps.tab
    shell:
        
        snippy --cpus 16 --force --ram 64 --minfrac 0.8 --cleanup --outdir         /work/FAC/FBM/DMF/smitri/evomicrocomm/genome_size/data/T11.3.5/ms/snippy --reference /work/FAC/FBM/DMF/smitri/evomicrocomm/genome_size/data/ms/reference.gbk --bam /work/FAC/FBM/DMF/smitri/evomicrocomm/genome_size/data/T11.3.5/ms/mapped_reads.sorted.bam
        
        (one of the commands exited with non-zero exit code; note that snakemake uses bash strict mode!)
    cluster_jobid: Submitted batch job 2854415

Error executing rule snippy on cluster (jobid: 74, external: Submitted batch job 2854415, jobscript: /users/eulrich/black_queen_hypothesis/scripts/workflows/.snakemake/tmp.44wb977z/snakejob.snippy.74.sh). For error details see the cluster log and the log files of the involved rule(s).
[Mon Oct 18 12:17:24 2021]
Finished job 62.
6 of 10 steps (60%) done
[Mon Oct 18 12:19:04 2021]
Finished job 22.
7 of 10 steps (70%) done
Shutting down, this might take some time.
Exiting because a job execution failed. Look above for error message
Complete log: /users/eulrich/black_queen_hypothesis/scripts/workflows/.snakemake/log/2021-10-18T115931.581021.snakemake.log
