Building DAG of jobs...
Using shell: /usr/bin/bash
Provided cores: 16
Rules claiming more threads will be scaled down.
Select jobs to execute...

[Fri Oct 15 16:08:12 2021]
rule mapping:
    input: /work/FAC/FBM/DMF/smitri/evomicrocomm/genome_size/data/at/reference.fasta, /work/FAC/FBM/DMF/smitri/evomicrocomm/genome_size/data/T44.4.4/read1.fq.gz, /work/FAC/FBM/DMF/smitri/evomicrocomm/genome_size/data/T44.4.4/read2.fq.gz
    output: /work/FAC/FBM/DMF/smitri/evomicrocomm/genome_size/data/T44.4.4/at/mapped_reads.sorted.bam
    jobid: 0
    wildcards: sample=T44.4.4, strain=at
    threads: 16
    resources: mem_mb=23204, disk_mb=23204, tmpdir=/tmp/2811856

[M::mm_idx_gen::0.126*0.96] collected minimizers
[M::mm_idx_gen::0.145*1.71] sorted minimizers
[M::main::0.145*1.71] loaded/built the index for 5 target sequence(s)
[M::mm_mapopt_update::0.145*1.71] mid_occ = 1000
[M::mm_idx_stat] kmer size: 21; skip: 11; is_hpc: 0; #seq: 5
[M::mm_idx_stat::0.157*1.66] distinct minimizers: 875577 (98.87% are singletons); average occurrences: 1.019; average spacing: 5.996; total length: 5348547
[M::worker_pipeline::1.569*4.73] mapped 332688 sequences
[M::worker_pipeline::2.339*6.08] mapped 332724 sequences
[M::worker_pipeline::3.062*6.86] mapped 332664 sequences
[M::worker_pipeline::3.977*6.96] mapped 332522 sequences
[M::worker_pipeline::5.045*6.97] mapped 332470 sequences
[M::worker_pipeline::5.880*7.39] mapped 332440 sequences
[M::worker_pipeline::6.452*7.41] mapped 332356 sequences
[M::worker_pipeline::7.264*7.30] mapped 332346 sequences
[M::worker_pipeline::8.755*7.62] mapped 332362 sequences
[M::worker_pipeline::9.343*7.68] mapped 332286 sequences
[M::worker_pipeline::10.236*7.82] mapped 332290 sequences
[M::worker_pipeline::11.170*8.04] mapped 332268 sequences
[M::worker_pipeline::11.707*7.86] mapped 332230 sequences
[M::worker_pipeline::12.949*8.04] mapped 332220 sequences
[M::worker_pipeline::13.379*7.84] mapped 332182 sequences
[M::worker_pipeline::14.284*7.83] mapped 332148 sequences
[M::worker_pipeline::15.526*7.97] mapped 332188 sequences
[M::worker_pipeline::15.951*7.81] mapped 332240 sequences
[M::worker_pipeline::16.696*7.86] mapped 332194 sequences
[M::worker_pipeline::17.521*7.88] mapped 332176 sequences
[M::worker_pipeline::18.240*7.94] mapped 332166 sequences
[M::worker_pipeline::18.920*8.01] mapped 332208 sequences
[M::worker_pipeline::19.729*8.01] mapped 332220 sequences
[M::worker_pipeline::20.538*8.05] mapped 332178 sequences
[M::worker_pipeline::21.288*8.11] mapped 332176 sequences
[M::worker_pipeline::21.943*8.13] mapped 332146 sequences
[M::worker_pipeline::23.008*8.24] mapped 332166 sequences
[M::worker_pipeline::23.468*8.12] mapped 332112 sequences
[M::worker_pipeline::24.337*8.16] mapped 332090 sequences
[M::worker_pipeline::25.271*8.14] mapped 332104 sequences
[M::worker_pipeline::25.964*8.11] mapped 332136 sequences
[M::worker_pipeline::26.972*8.16] mapped 332154 sequences
[M::worker_pipeline::27.539*8.11] mapped 332158 sequences
[M::worker_pipeline::28.332*8.12] mapped 332152 sequences
[M::worker_pipeline::29.132*8.12] mapped 332126 sequences
[M::worker_pipeline::30.304*8.19] mapped 332072 sequences
[M::worker_pipeline::30.723*8.11] mapped 332044 sequences
[M::worker_pipeline::31.570*8.10] mapped 332044 sequences
[M::worker_pipeline::32.341*8.11] mapped 332032 sequences
[M::worker_pipeline::33.419*8.21] mapped 332016 sequences
[M::worker_pipeline::33.792*8.14] mapped 332004 sequences
[M::worker_pipeline::34.597*8.15] mapped 332008 sequences
[M::worker_pipeline::35.775*8.23] mapped 332028 sequences
[M::worker_pipeline::36.172*8.16] mapped 331996 sequences
[M::worker_pipeline::37.045*8.15] mapped 331990 sequences
[M::worker_pipeline::37.764*8.18] mapped 331976 sequences
[M::worker_pipeline::38.943*8.25] mapped 331948 sequences
[M::worker_pipeline::39.360*8.18] mapped 331956 sequences
[M::worker_pipeline::40.168*8.19] mapped 331972 sequences
[M::worker_pipeline::40.930*8.20] mapped 331930 sequences
[M::worker_pipeline::41.663*8.21] mapped 331958 sequences
[M::worker_pipeline::42.357*8.24] mapped 331952 sequences
[M::worker_pipeline::43.442*8.30] mapped 331916 sequences
[M::worker_pipeline::43.824*8.25] mapped 331908 sequences
[M::worker_pipeline::44.556*8.26] mapped 331928 sequences
[M::worker_pipeline::45.326*8.28] mapped 331906 sequences
[M::worker_pipeline::46.363*8.35] mapped 331930 sequences
[M::worker_pipeline::46.742*8.30] mapped 331964 sequences
[M::worker_pipeline::47.545*8.29] mapped 331932 sequences
[M::worker_pipeline::48.721*8.34] mapped 331938 sequences
[M::worker_pipeline::49.148*8.29] mapped 331958 sequences
[M::worker_pipeline::50.014*8.30] mapped 331962 sequences
[M::worker_pipeline::50.682*8.29] mapped 331952 sequences
[M::worker_pipeline::51.807*8.34] mapped 331970 sequences
[M::worker_pipeline::52.231*8.29] mapped 331922 sequences
[M::worker_pipeline::53.057*8.29] mapped 332004 sequences
[M::worker_pipeline::53.862*8.29] mapped 331962 sequences
[M::worker_pipeline::54.994*8.35] mapped 331946 sequences
[M::worker_pipeline::55.375*8.31] mapped 331968 sequences
[M::worker_pipeline::56.055*8.32] mapped 331958 sequences
[M::worker_pipeline::56.833*8.32] mapped 332022 sequences
[M::worker_pipeline::57.532*8.34] mapped 332568 sequences
[M::worker_pipeline::58.397*8.35] mapped 332568 sequences
[M::worker_pipeline::59.127*8.36] mapped 332522 sequences
[M::worker_pipeline::60.230*8.38] mapped 332454 sequences
[M::worker_pipeline::60.682*8.33] mapped 332434 sequences
[M::worker_pipeline::61.424*8.35] mapped 332308 sequences
[M::worker_pipeline::62.551*8.39] mapped 332302 sequences
[M::worker_pipeline::62.945*8.34] mapped 332254 sequences
[M::worker_pipeline::63.809*8.34] mapped 332256 sequences
[M::worker_pipeline::64.555*8.34] mapped 332218 sequences
[M::worker_pipeline::65.388*8.35] mapped 332198 sequences
[M::worker_pipeline::66.443*8.38] mapped 332194 sequences
[M::worker_pipeline::66.784*8.35] mapped 332166 sequences
[M::worker_pipeline::67.714*8.33] mapped 332146 sequences
[M::worker_pipeline::68.675*8.30] mapped 332194 sequences
[M::worker_pipeline::69.491*8.29] mapped 332220 sequences
[M::worker_pipeline::70.664*8.25] mapped 332204 sequences
[M::worker_pipeline::71.520*8.25] mapped 332172 sequences
[M::worker_pipeline::72.487*8.23] mapped 332218 sequences
[M::worker_pipeline::73.294*8.23] mapped 332170 sequences
[M::worker_pipeline::74.385*8.27] mapped 332174 sequences
[M::worker_pipeline::74.762*8.23] mapped 332130 sequences
[M::worker_pipeline::75.506*8.24] mapped 332122 sequences
[M::worker_pipeline::76.229*8.25] mapped 332092 sequences
[M::worker_pipeline::81.317*7.88] mapped 332100 sequences
[M::worker_pipeline::81.749*7.85] mapped 332106 sequences
[M::worker_pipeline::83.072*7.87] mapped 332088 sequences
[M::worker_pipeline::83.478*7.84] mapped 332114 sequences
[M::worker_pipeline::84.299*7.85] mapped 332068 sequences
[M::worker_pipeline::85.067*7.85] mapped 332078 sequences
[M::worker_pipeline::85.880*7.85] mapped 332056 sequences
[M::worker_pipeline::86.653*7.86] mapped 332052 sequences
[M::worker_pipeline::87.463*7.86] mapped 332026 sequences
[M::worker_pipeline::88.631*7.89] mapped 332048 sequences
[M::worker_pipeline::89.022*7.87] mapped 332072 sequences
[M::worker_pipeline::89.790*7.87] mapped 332044 sequences
[M::worker_pipeline::90.495*7.88] mapped 332000 sequences
[M::worker_pipeline::91.716*7.90] mapped 331994 sequences
[M::worker_pipeline::92.114*7.88] mapped 332026 sequences
[M::worker_pipeline::92.904*7.88] mapped 332004 sequences
[M::worker_pipeline::93.624*7.89] mapped 332022 sequences
[M::worker_pipeline::94.642*7.92] mapped 332018 sequences
[M::worker_pipeline::95.079*7.90] mapped 332002 sequences
[M::worker_pipeline::96.314*7.93] mapped 331978 sequences
[M::worker_pipeline::96.743*7.90] mapped 331990 sequences
[M::worker_pipeline::97.483*7.91] mapped 331976 sequences
[M::worker_pipeline::98.599*7.94] mapped 331982 sequences
[M::worker_pipeline::98.991*7.92] mapped 332042 sequences
[M::worker_pipeline::99.705*7.93] mapped 332020 sequences
[M::worker_pipeline::100.545*7.94] mapped 331974 sequences
[M::worker_pipeline::101.359*7.94] mapped 331984 sequences
[M::worker_pipeline::102.004*7.94] mapped 331966 sequences
[M::worker_pipeline::102.701*7.95] mapped 331974 sequences
[M::worker_pipeline::103.545*7.95] mapped 331948 sequences
[M::worker_pipeline::104.642*7.98] mapped 331950 sequences
[M::worker_pipeline::105.040*7.95] mapped 331930 sequences
[M::worker_pipeline::105.821*7.96] mapped 331970 sequences
[M::worker_pipeline::107.078*7.98] mapped 331956 sequences
[M::worker_pipeline::107.407*7.96] mapped 331972 sequences
[M::worker_pipeline::108.221*7.96] mapped 331948 sequences
[M::worker_pipeline::108.927*7.97] mapped 331944 sequences
[M::worker_pipeline::109.702*7.97] mapped 331918 sequences
[M::worker_pipeline::110.631*7.99] mapped 331996 sequences
[M::worker_pipeline::111.189*7.98] mapped 331952 sequences
[M::worker_pipeline::111.879*7.99] mapped 332038 sequences
[M::worker_pipeline::113.088*8.00] mapped 332018 sequences
[M::worker_pipeline::113.527*7.98] mapped 332064 sequences
[M::worker_pipeline::114.300*7.99] mapped 332094 sequences
[M::worker_pipeline::115.532*8.01] mapped 332034 sequences
[M::worker_pipeline::116.023*7.98] mapped 332086 sequences
[M::worker_pipeline::116.778*7.98] mapped 332098 sequences
[M::worker_pipeline::117.959*8.01] mapped 332312 sequences
[M::worker_pipeline::118.412*7.98] mapped 332734 sequences
[M::worker_pipeline::119.220*7.98] mapped 332544 sequences
[M::worker_pipeline::120.153*7.98] mapped 332508 sequences
[M::worker_pipeline::120.995*7.99] mapped 332406 sequences
[M::worker_pipeline::121.651*7.98] mapped 332376 sequences
[M::worker_pipeline::122.825*8.00] mapped 332402 sequences
[M::worker_pipeline::123.214*7.98] mapped 332330 sequences
[M::worker_pipeline::123.968*7.99] mapped 332368 sequences
[M::worker_pipeline::124.753*7.99] mapped 332312 sequences
[M::worker_pipeline::125.505*7.99] mapped 332244 sequences
[M::worker_pipeline::126.683*8.01] mapped 332154 sequences
[M::worker_pipeline::127.088*7.99] mapped 332226 sequences
[M::worker_pipeline::127.803*8.00] mapped 332206 sequences
[M::worker_pipeline::128.615*8.00] mapped 332186 sequences
[M::worker_pipeline::129.632*8.03] mapped 332170 sequences
[M::worker_pipeline::130.034*8.01] mapped 332236 sequences
[M::worker_pipeline::130.884*8.01] mapped 332224 sequences
[M::worker_pipeline::132.095*8.03] mapped 332286 sequences
[M::worker_pipeline::132.447*8.01] mapped 332400 sequences
[M::worker_pipeline::133.226*8.01] mapped 332430 sequences
[M::worker_pipeline::133.952*8.02] mapped 332732 sequences
[M::worker_pipeline::134.716*8.03] mapped 332248 sequences
[M::worker_pipeline::135.471*8.04] mapped 332262 sequences
[M::worker_pipeline::136.224*8.05] mapped 332232 sequences
[M::worker_pipeline::136.931*8.05] mapped 332222 sequences
[M::worker_pipeline::137.963*8.07] mapped 332214 sequences
[M::worker_pipeline::138.387*8.05] mapped 332204 sequences
[M::worker_pipeline::139.109*8.06] mapped 332134 sequences
[M::worker_pipeline::139.645*8.05] mapped 332122 sequences
[M::worker_pipeline::140.655*8.06] mapped 332078 sequences
[M::worker_pipeline::141.434*8.06] mapped 332044 sequences
[M::worker_pipeline::142.463*8.09] mapped 332536 sequences
[M::worker_pipeline::142.873*8.07] mapped 332250 sequences
[M::worker_pipeline::143.787*8.08] mapped 332080 sequences
[M::worker_pipeline::144.878*8.09] mapped 332056 sequences
[M::worker_pipeline::145.288*8.07] mapped 332096 sequences
[M::worker_pipeline::146.088*8.07] mapped 332068 sequences
[M::worker_pipeline::147.191*8.09] mapped 332040 sequences
[M::worker_pipeline::147.654*8.07] mapped 332110 sequences
[M::worker_pipeline::148.548*8.07] mapped 332104 sequences
[M::worker_pipeline::149.667*8.09] mapped 332036 sequences
[M::worker_pipeline::150.095*8.07] mapped 332010 sequences
[M::worker_pipeline::150.944*8.07] mapped 332050 sequences
[M::worker_pipeline::151.746*8.07] mapped 332034 sequences
[M::worker_pipeline::152.842*8.09] mapped 331952 sequences
[M::worker_pipeline::153.223*8.07] mapped 331968 sequences
[M::worker_pipeline::153.766*8.07] mapped 331952 sequences
[M::worker_pipeline::154.635*8.08] mapped 331946 sequences
[M::worker_pipeline::160.105*7.88] mapped 331960 sequences
[M::worker_pipeline::160.530*7.87] mapped 331934 sequences
[M::worker_pipeline::161.361*7.87] mapped 331930 sequences
[M::worker_pipeline::162.435*7.89] mapped 331926 sequences
[M::worker_pipeline::162.819*7.88] mapped 331920 sequences
[M::worker_pipeline::163.657*7.88] mapped 331920 sequences
[M::worker_pipeline::164.735*7.90] mapped 331882 sequences
[M::worker_pipeline::165.152*7.88] mapped 331948 sequences
[M::worker_pipeline::165.988*7.88] mapped 331884 sequences
[M::worker_pipeline::166.717*7.89] mapped 331904 sequences
[M::worker_pipeline::167.439*7.89] mapped 331906 sequences
[M::worker_pipeline::168.180*7.90] mapped 331916 sequences
[M::worker_pipeline::169.364*7.92] mapped 331910 sequences
[M::worker_pipeline::169.765*7.90] mapped 331928 sequences
[M::worker_pipeline::170.493*7.91] mapped 331970 sequences
[M::worker_pipeline::171.274*7.91] mapped 331968 sequences
[M::worker_pipeline::172.048*7.91] mapped 331960 sequences
[M::worker_pipeline::173.141*7.93] mapped 332048 sequences
[M::worker_pipeline::173.549*7.92] mapped 331968 sequences
[M::worker_pipeline::174.356*7.92] mapped 331990 sequences
[M::worker_pipeline::175.516*7.94] mapped 332014 sequences
[M::worker_pipeline::175.903*7.93] mapped 332000 sequences
[M::worker_pipeline::176.664*7.93] mapped 332008 sequences
[M::worker_pipeline::177.523*7.93] mapped 332746 sequences
[M::worker_pipeline::178.638*7.95] mapped 332790 sequences
[M::worker_pipeline::178.993*7.94] mapped 332698 sequences
[M::worker_pipeline::179.785*7.94] mapped 332492 sequences
[M::worker_pipeline::180.561*7.94] mapped 332498 sequences
[M::worker_pipeline::181.763*7.95] mapped 332500 sequences
[M::worker_pipeline::182.147*7.94] mapped 332354 sequences
[M::worker_pipeline::182.894*7.94] mapped 332320 sequences
[M::worker_pipeline::183.651*7.95] mapped 332272 sequences
[M::worker_pipeline::184.582*7.96] mapped 332306 sequences
[M::worker_pipeline::185.067*7.96] mapped 332288 sequences
[M::worker_pipeline::185.997*7.97] mapped 332270 sequences
[M::worker_pipeline::186.584*7.96] mapped 332252 sequences
[M::worker_pipeline::187.296*7.97] mapped 332296 sequences
[M::worker_pipeline::188.201*7.98] mapped 332352 sequences
[M::worker_pipeline::188.701*7.98] mapped 332374 sequences
[M::worker_pipeline::189.530*7.98] mapped 332376 sequences
[M::worker_pipeline::190.382*7.98] mapped 332452 sequences
[M::worker_pipeline::191.489*7.99] mapped 332434 sequences
[M::worker_pipeline::191.851*7.98] mapped 332426 sequences
[M::worker_pipeline::192.564*7.99] mapped 332374 sequences
[M::worker_pipeline::193.320*7.99] mapped 332282 sequences
[M::worker_pipeline::194.105*7.99] mapped 332286 sequences
[M::worker_pipeline::194.853*7.99] mapped 332238 sequences
[M::worker_pipeline::195.947*8.01] mapped 332260 sequences
[M::worker_pipeline::196.339*8.00] mapped 332292 sequences
[M::worker_pipeline::197.224*8.00] mapped 332288 sequences
[M::worker_pipeline::197.930*8.00] mapped 332314 sequences
[M::worker_pipeline::198.789*8.01] mapped 332236 sequences
[M::worker_pipeline::199.386*8.01] mapped 332202 sequences
[M::worker_pipeline::200.169*8.01] mapped 332212 sequences
[M::worker_pipeline::201.426*8.02] mapped 332140 sequences
[M::worker_pipeline::201.808*8.01] mapped 332112 sequences
[M::worker_pipeline::202.585*8.01] mapped 332204 sequences
[M::worker_pipeline::203.682*8.02] mapped 332236 sequences
[M::worker_pipeline::204.051*8.01] mapped 332228 sequences
[M::worker_pipeline::204.860*8.01] mapped 332214 sequences
[M::worker_pipeline::205.574*8.02] mapped 332212 sequences
[M::worker_pipeline::206.692*8.03] mapped 332156 sequences
[M::worker_pipeline::207.085*8.02] mapped 332136 sequences
[M::worker_pipeline::207.775*8.03] mapped 332084 sequences
[M::worker_pipeline::208.588*8.03] mapped 332126 sequences
[M::worker_pipeline::209.712*8.04] mapped 332090 sequences
[M::worker_pipeline::210.091*8.03] mapped 332088 sequences
[M::worker_pipeline::210.963*8.03] mapped 332022 sequences
[M::worker_pipeline::211.736*8.03] mapped 332028 sequences
[M::worker_pipeline::212.889*8.05] mapped 332116 sequences
[M::worker_pipeline::213.248*8.04] mapped 332052 sequences
[M::worker_pipeline::214.039*8.04] mapped 332044 sequences
[M::worker_pipeline::215.016*8.05] mapped 332092 sequences
[M::worker_pipeline::215.491*8.04] mapped 332078 sequences
[M::worker_pipeline::216.684*8.06] mapped 332002 sequences
[M::worker_pipeline::217.053*8.05] mapped 331946 sequences
[M::worker_pipeline::217.852*8.05] mapped 332040 sequences
[M::worker_pipeline::218.992*8.06] mapped 331992 sequences
[M::worker_pipeline::219.371*8.05] mapped 332002 sequences
[M::worker_pipeline::220.101*8.06] mapped 331990 sequences
[M::worker_pipeline::220.800*8.06] mapped 332010 sequences
[M::worker_pipeline::222.071*8.07] mapped 331974 sequences
[M::worker_pipeline::222.449*8.06] mapped 331982 sequences
[M::worker_pipeline::223.225*8.06] mapped 331964 sequences
[M::worker_pipeline::224.242*8.08] mapped 332020 sequences
[M::worker_pipeline::224.636*8.07] mapped 331988 sequences
[M::worker_pipeline::225.889*8.08] mapped 332092 sequences
[M::worker_pipeline::226.283*8.07] mapped 332050 sequences
[M::worker_pipeline::227.066*8.07] mapped 332080 sequences
[M::worker_pipeline::227.811*8.07] mapped 332096 sequences
[M::worker_pipeline::228.456*8.08] mapped 332104 sequences
[M::worker_pipeline::229.233*8.08] mapped 332154 sequences
[M::worker_pipeline::230.047*8.09] mapped 332142 sequences
[M::worker_pipeline::230.649*8.09] mapped 332212 sequences
[M::worker_pipeline::231.803*8.10] mapped 332660 sequences
[M::worker_pipeline::232.187*8.09] mapped 332774 sequences
[M::worker_pipeline::237.885*7.95] mapped 332644 sequences
[M::worker_pipeline::238.309*7.93] mapped 332394 sequences
[M::worker_pipeline::239.105*7.94] mapped 332426 sequences
[M::worker_pipeline::240.253*7.95] mapped 332430 sequences
[M::worker_pipeline::240.626*7.94] mapped 332340 sequences
[M::worker_pipeline::241.498*7.94] mapped 332334 sequences
[M::worker_pipeline::242.667*7.95] mapped 332248 sequences
[M::worker_pipeline::243.114*7.94] mapped 332236 sequences
[M::worker_pipeline::244.020*7.93] mapped 332238 sequences
[M::worker_pipeline::245.042*7.94] mapped 332230 sequences
[M::worker_pipeline::245.599*7.93] mapped 332224 sequences
[M::worker_pipeline::246.668*7.95] mapped 332206 sequences
[M::worker_pipeline::247.058*7.94] mapped 332192 sequences
[M::worker_pipeline::247.812*7.94] mapped 332216 sequences
[M::worker_pipeline::248.947*7.95] mapped 332194 sequences
[M::worker_pipeline::249.326*7.95] mapped 332208 sequences
[M::worker_pipeline::250.108*7.95] mapped 332170 sequences
[M::worker_pipeline::251.301*7.96] mapped 332152 sequences
[M::worker_pipeline::251.664*7.95] mapped 332124 sequences
[M::worker_pipeline::252.472*7.95] mapped 332144 sequences
[M::worker_pipeline::253.136*7.96] mapped 332172 sequences
[M::worker_pipeline::253.939*7.96] mapped 332184 sequences
[M::worker_pipeline::255.116*7.97] mapped 332156 sequences
[M::worker_pipeline::255.524*7.96] mapped 332140 sequences
[M::worker_pipeline::256.193*7.96] mapped 332054 sequences
[M::worker_pipeline::256.976*7.97] mapped 332100 sequences
[M::worker_pipeline::258.013*7.98] mapped 332096 sequences
[M::worker_pipeline::258.397*7.97] mapped 332160 sequences
[M::worker_pipeline::259.154*7.98] mapped 332140 sequences
[M::worker_pipeline::259.891*7.98] mapped 332132 sequences
[M::worker_pipeline::261.065*7.99] mapped 332070 sequences
[M::worker_pipeline::261.438*7.98] mapped 332048 sequences
[M::worker_pipeline::262.264*7.98] mapped 332020 sequences
[M::worker_pipeline::263.344*7.99] mapped 332100 sequences
[M::worker_pipeline::263.765*7.98] mapped 332066 sequences
[M::worker_pipeline::264.524*7.99] mapped 332006 sequences
[M::worker_pipeline::265.310*7.99] mapped 332062 sequences
[M::worker_pipeline::266.388*8.00] mapped 332046 sequences
[M::worker_pipeline::266.785*7.99] mapped 332082 sequences
[M::worker_pipeline::267.941*8.00] mapped 332080 sequences
[M::worker_pipeline::268.374*7.99] mapped 332008 sequences
[M::worker_pipeline::269.151*7.99] mapped 332066 sequences
[M::worker_pipeline::269.804*8.00] mapped 332066 sequences
[M::worker_pipeline::270.859*8.01] mapped 332092 sequences
[M::worker_pipeline::271.326*8.00] mapped 332058 sequences
[M::worker_pipeline::272.157*8.01] mapped 332034 sequences
[M::worker_pipeline::273.244*8.01] mapped 332094 sequences
[M::worker_pipeline::273.643*8.01] mapped 332100 sequences
[M::worker_pipeline::274.472*8.01] mapped 332104 sequences
[M::worker_pipeline::275.219*8.01] mapped 332108 sequences
[M::worker_pipeline::275.983*8.01] mapped 332124 sequences
[M::worker_pipeline::276.637*8.01] mapped 332182 sequences
[M::worker_pipeline::277.657*8.02] mapped 332172 sequences
[M::worker_pipeline::278.127*8.02] mapped 332158 sequences
[M::worker_pipeline::278.916*8.02] mapped 332222 sequences
[M::worker_pipeline::279.690*8.02] mapped 332210 sequences
[M::worker_pipeline::280.886*8.03] mapped 332280 sequences
[M::worker_pipeline::281.299*8.02] mapped 332256 sequences
[M::worker_pipeline::282.125*8.02] mapped 332170 sequences
[M::worker_pipeline::283.253*8.03] mapped 332198 sequences
[M::worker_pipeline::283.659*8.02] mapped 332092 sequences
[M::worker_pipeline::284.455*8.02] mapped 332100 sequences
[M::worker_pipeline::285.611*8.03] mapped 331990 sequences
[M::worker_pipeline::285.971*8.03] mapped 332000 sequences
[M::worker_pipeline::286.729*8.03] mapped 331986 sequences
[M::worker_pipeline::287.859*8.04] mapped 332000 sequences
[M::worker_pipeline::288.249*8.03] mapped 332066 sequences
[M::worker_pipeline::289.117*8.03] mapped 332700 sequences
[M::worker_pipeline::290.017*8.03] mapped 332470 sequences
[M::worker_pipeline::291.084*8.04] mapped 332434 sequences
[M::worker_pipeline::291.510*8.03] mapped 332346 sequences
[M::worker_pipeline::292.311*8.03] mapped 332344 sequences
[M::worker_pipeline::293.128*8.04] mapped 332274 sequences
[M::worker_pipeline::294.067*8.04] mapped 332222 sequences
[M::worker_pipeline::294.495*8.04] mapped 332204 sequences
[M::worker_pipeline::295.274*8.04] mapped 332180 sequences
[M::worker_pipeline::296.069*8.04] mapped 332156 sequences
[M::worker_pipeline::297.233*8.05] mapped 332132 sequences
[M::worker_pipeline::297.672*8.04] mapped 332106 sequences
[M::worker_pipeline::298.392*8.04] mapped 332130 sequences
[M::worker_pipeline::299.527*8.05] mapped 332158 sequences
[M::worker_pipeline::299.979*8.04] mapped 332150 sequences
[M::worker_pipeline::300.835*8.04] mapped 332138 sequences
[M::worker_pipeline::301.609*8.04] mapped 332234 sequences
[M::worker_pipeline::302.532*8.04] mapped 332188 sequences
[M::worker_pipeline::303.590*8.05] mapped 332138 sequences
[M::worker_pipeline::304.016*8.04] mapped 332130 sequences
[M::worker_pipeline::304.677*8.05] mapped 332124 sequences
[M::worker_pipeline::305.507*8.05] mapped 332104 sequences
[M::worker_pipeline::306.369*8.05] mapped 332132 sequences
[M::worker_pipeline::306.966*8.05] mapped 332056 sequences
[M::worker_pipeline::307.842*8.06] mapped 332088 sequences
[M::worker_pipeline::308.571*8.06] mapped 332056 sequences
[M::worker_pipeline::309.578*8.07] mapped 332062 sequences
[M::worker_pipeline::309.963*8.06] mapped 331996 sequences
[M::worker_pipeline::315.220*7.96] mapped 332026 sequences
[M::worker_pipeline::315.603*7.96] mapped 332046 sequences
[M::worker_pipeline::316.349*7.96] mapped 332014 sequences
[M::worker_pipeline::317.450*7.97] mapped 332020 sequences
[M::worker_pipeline::317.827*7.96] mapped 332002 sequences
[M::worker_pipeline::318.627*7.96] mapped 332030 sequences
[M::worker_pipeline::319.906*7.97] mapped 332016 sequences
[M::worker_pipeline::320.304*7.96] mapped 332022 sequences
[M::worker_pipeline::321.045*7.96] mapped 331986 sequences
[M::worker_pipeline::322.138*7.97] mapped 332008 sequences
[M::worker_pipeline::322.522*7.97] mapped 331976 sequences
[M::worker_pipeline::323.288*7.97] mapped 332004 sequences
[M::worker_pipeline::323.988*7.97] mapped 332030 sequences
[M::worker_pipeline::324.782*7.97] mapped 332086 sequences
[M::worker_pipeline::325.531*7.97] mapped 332030 sequences
[M::worker_pipeline::326.280*7.97] mapped 332034 sequences
[M::worker_pipeline::327.438*7.98] mapped 332000 sequences
[M::worker_pipeline::327.806*7.97] mapped 331942 sequences
[M::worker_pipeline::328.626*7.97] mapped 332022 sequences
[M::worker_pipeline::329.466*7.98] mapped 331966 sequences
[M::worker_pipeline::330.079*7.98] mapped 332018 sequences
[M::worker_pipeline::331.144*7.99] mapped 331940 sequences
[M::worker_pipeline::331.598*7.98] mapped 332000 sequences
[M::worker_pipeline::332.719*7.99] mapped 332046 sequences
[M::worker_pipeline::333.155*7.98] mapped 332032 sequences
[M::worker_pipeline::334.006*7.98] mapped 332054 sequences
[M::worker_pipeline::335.241*7.99] mapped 332056 sequences
[M::worker_pipeline::335.636*7.98] mapped 332050 sequences
[M::worker_pipeline::336.485*7.98] mapped 332088 sequences
[M::worker_pipeline::337.423*7.99] mapped 332100 sequences
[M::worker_pipeline::338.003*7.98] mapped 332132 sequences
[M::worker_pipeline::339.135*7.99] mapped 332108 sequences
[M::worker_pipeline::339.512*7.98] mapped 332072 sequences
[M::worker_pipeline::340.340*7.99] mapped 332108 sequences
[M::worker_pipeline::341.197*7.99] mapped 332122 sequences
[M::worker_pipeline::341.789*7.99] mapped 331994 sequences
[M::worker_pipeline::342.871*8.00] mapped 331986 sequences
[M::worker_pipeline::343.323*7.99] mapped 331968 sequences
[M::worker_pipeline::343.997*8.00] mapped 331976 sequences
[M::worker_pipeline::344.733*8.00] mapped 331962 sequences
[M::worker_pipeline::345.471*8.00] mapped 332042 sequences
[M::worker_pipeline::346.267*8.00] mapped 332586 sequences
[M::worker_pipeline::347.448*8.01] mapped 332474 sequences
[M::worker_pipeline::347.846*8.00] mapped 332418 sequences
[M::worker_pipeline::348.579*8.00] mapped 332284 sequences
[M::worker_pipeline::349.478*8.00] mapped 332224 sequences
[M::worker_pipeline::350.258*8.00] mapped 332292 sequences
[M::worker_pipeline::351.038*8.00] mapped 332194 sequences
[M::worker_pipeline::351.764*8.00] mapped 332184 sequences
[M::worker_pipeline::352.424*8.00] mapped 332152 sequences
[M::worker_pipeline::353.253*8.00] mapped 332100 sequences
[M::worker_pipeline::353.999*8.01] mapped 332134 sequences
[M::worker_pipeline::354.897*8.01] mapped 332080 sequences
[M::worker_pipeline::355.572*8.01] mapped 332074 sequences
[M::worker_pipeline::356.721*8.01] mapped 332070 sequences
[M::worker_pipeline::357.154*8.01] mapped 332074 sequences
[M::worker_pipeline::357.941*8.01] mapped 332080 sequences
[M::worker_pipeline::358.777*8.01] mapped 332088 sequences
[M::worker_pipeline::359.565*8.01] mapped 332092 sequences
[M::worker_pipeline::360.274*8.01] mapped 332070 sequences
[M::worker_pipeline::361.447*8.02] mapped 332482 sequences
[M::worker_pipeline::361.829*8.01] mapped 332086 sequences
[M::worker_pipeline::362.634*8.01] mapped 332078 sequences
[M::worker_pipeline::363.491*8.01] mapped 332018 sequences
[M::worker_pipeline::364.307*8.01] mapped 332028 sequences
[M::worker_pipeline::365.446*8.01] mapped 331974 sequences
[M::worker_pipeline::365.888*8.01] mapped 332062 sequences
[M::worker_pipeline::366.636*8.01] mapped 332012 sequences
[M::worker_pipeline::367.302*8.01] mapped 332004 sequences
[M::worker_pipeline::368.057*8.01] mapped 331996 sequences
[M::worker_pipeline::368.844*8.01] mapped 331998 sequences
[M::worker_pipeline::369.762*8.02] mapped 331972 sequences
[M::worker_pipeline::370.331*8.02] mapped 332006 sequences
[M::worker_pipeline::371.399*8.03] mapped 332012 sequences
[M::worker_pipeline::371.786*8.02] mapped 332028 sequences
[M::worker_pipeline::372.578*8.02] mapped 331984 sequences
[M::worker_pipeline::373.386*8.02] mapped 332008 sequences
[M::worker_pipeline::374.180*8.02] mapped 331968 sequences
[M::worker_pipeline::375.411*8.03] mapped 331976 sequences
[M::worker_pipeline::375.830*8.02] mapped 332048 sequences
[M::worker_pipeline::376.703*8.02] mapped 332170 sequences
[M::worker_pipeline::377.927*8.03] mapped 332192 sequences
[M::worker_pipeline::378.264*8.02] mapped 332220 sequences
[M::worker_pipeline::379.073*8.02] mapped 332136 sequences
[M::worker_pipeline::380.290*8.03] mapped 332270 sequences
[M::worker_pipeline::380.688*8.02] mapped 331990 sequences
[M::worker_pipeline::381.462*8.02] mapped 331988 sequences
[M::worker_pipeline::382.706*8.03] mapped 332004 sequences
[M::worker_pipeline::383.076*8.02] mapped 331990 sequences
[M::worker_pipeline::383.918*8.02] mapped 332006 sequences
[M::worker_pipeline::385.063*8.03] mapped 332018 sequences
[M::worker_pipeline::385.458*8.02] mapped 332000 sequences
[M::worker_pipeline::386.231*8.02] mapped 331998 sequences
[M::worker_pipeline::387.367*8.03] mapped 332102 sequences
[M::worker_pipeline::387.739*8.02] mapped 332066 sequences
[M::worker_pipeline::388.569*8.02] mapped 332044 sequences
[M::worker_pipeline::393.826*7.95] mapped 332060 sequences
[M::worker_pipeline::394.231*7.94] mapped 332096 sequences
[M::worker_pipeline::395.314*7.94] mapped 332102 sequences
[M::worker_pipeline::395.843*7.94] mapped 332148 sequences
[M::worker_pipeline::396.556*7.94] mapped 332164 sequences
[M::worker_pipeline::397.689*7.95] mapped 332168 sequences
[M::worker_pipeline::398.099*7.95] mapped 332186 sequences
[M::worker_pipeline::398.854*7.95] mapped 332120 sequences
[M::worker_pipeline::399.625*7.95] mapped 332020 sequences
[M::worker_pipeline::400.238*7.95] mapped 331990 sequences
[M::worker_pipeline::401.321*7.96] mapped 331982 sequences
[M::worker_pipeline::401.690*7.96] mapped 331996 sequences
[M::worker_pipeline::402.390*7.96] mapped 331998 sequences
[M::worker_pipeline::403.081*7.96] mapped 331998 sequences
[M::worker_pipeline::403.571*7.96] mapped 332586 sequences
[M::worker_pipeline::404.523*7.97] mapped 332640 sequences
[M::worker_pipeline::405.673*7.97] mapped 332566 sequences
[M::worker_pipeline::406.088*7.97] mapped 332466 sequences
[M::worker_pipeline::406.873*7.97] mapped 332462 sequences
[M::worker_pipeline::407.646*7.97] mapped 332436 sequences
[M::worker_pipeline::408.685*7.98] mapped 332332 sequences
[M::worker_pipeline::409.021*7.97] mapped 332342 sequences
[M::worker_pipeline::409.776*7.98] mapped 332328 sequences
[M::worker_pipeline::410.443*7.98] mapped 332302 sequences
[M::worker_pipeline::411.244*7.98] mapped 332242 sequences
[M::worker_pipeline::411.996*7.98] mapped 332258 sequences
[M::worker_pipeline::412.695*7.98] mapped 332230 sequences
[M::worker_pipeline::413.423*7.98] mapped 332238 sequences
[M::worker_pipeline::414.235*7.98] mapped 332208 sequences
[M::worker_pipeline::415.348*7.99] mapped 332244 sequences
[M::worker_pipeline::415.774*7.99] mapped 332276 sequences
[M::worker_pipeline::416.476*7.99] mapped 332300 sequences
[M::worker_pipeline::417.147*7.99] mapped 332300 sequences
[M::worker_pipeline::417.917*7.99] mapped 332344 sequences
[M::worker_pipeline::418.632*8.00] mapped 332230 sequences
[M::worker_pipeline::419.426*8.00] mapped 332208 sequences
[M::worker_pipeline::420.227*8.00] mapped 332234 sequences
[M::worker_pipeline::420.977*8.00] mapped 332184 sequences
[M::worker_pipeline::421.671*8.00] mapped 332150 sequences
[M::worker_pipeline::422.439*8.00] mapped 332182 sequences
[M::worker_pipeline::423.141*8.01] mapped 332142 sequences
[M::worker_pipeline::423.876*8.01] mapped 332106 sequences
[M::worker_pipeline::424.847*8.01] mapped 332060 sequences
[M::worker_pipeline::425.410*8.01] mapped 332072 sequences
[M::worker_pipeline::426.532*8.01] mapped 332090 sequences
[M::worker_pipeline::426.962*8.01] mapped 332072 sequences
[M::worker_pipeline::427.638*8.01] mapped 332104 sequences
[M::worker_pipeline::428.385*8.01] mapped 332062 sequences
[M::worker_pipeline::429.089*8.02] mapped 332110 sequences
[M::worker_pipeline::429.897*8.02] mapped 332082 sequences
[M::worker_pipeline::430.693*8.02] mapped 332074 sequences
[M::worker_pipeline::431.349*8.02] mapped 332196 sequences
[M::worker_pipeline::432.046*8.02] mapped 332380 sequences
[M::worker_pipeline::432.727*8.02] mapped 332432 sequences
[M::worker_pipeline::433.446*8.02] mapped 332386 sequences
[M::worker_pipeline::434.168*8.03] mapped 332356 sequences
[M::worker_pipeline::434.917*8.03] mapped 332372 sequences
[M::worker_pipeline::435.779*8.03] mapped 332150 sequences
[M::worker_pipeline::436.394*8.03] mapped 332034 sequences
[M::worker_pipeline::437.527*8.04] mapped 332038 sequences
[M::worker_pipeline::437.994*8.03] mapped 332024 sequences
[M::worker_pipeline::438.682*8.03] mapped 332042 sequences
[M::worker_pipeline::439.492*8.03] mapped 332034 sequences
[M::worker_pipeline::440.653*8.04] mapped 332020 sequences
[M::worker_pipeline::441.061*8.03] mapped 332082 sequences
[M::worker_pipeline::441.826*8.03] mapped 332066 sequences
[M::worker_pipeline::442.674*8.03] mapped 332078 sequences
[M::worker_pipeline::443.424*8.03] mapped 332050 sequences
[M::worker_pipeline::444.086*8.04] mapped 332072 sequences
[M::worker_pipeline::444.797*8.04] mapped 332080 sequences
[M::worker_pipeline::445.592*8.04] mapped 332106 sequences
[M::worker_pipeline::446.698*8.05] mapped 332044 sequences
[M::worker_pipeline::447.103*8.04] mapped 332064 sequences
[M::worker_pipeline::447.933*8.04] mapped 332066 sequences
[M::worker_pipeline::449.066*8.05] mapped 332068 sequences
[M::worker_pipeline::449.417*8.04] mapped 332044 sequences
[M::worker_pipeline::450.220*8.04] mapped 332026 sequences
[M::worker_pipeline::450.984*8.04] mapped 332012 sequences
[M::worker_pipeline::451.395*8.04] mapped 331940 sequences
[M::worker_pipeline::452.079*8.04] mapped 331986 sequences
[M::worker_pipeline::453.288*8.05] mapped 331926 sequences
[M::worker_pipeline::453.956*8.05] mapped 332004 sequences
[M::worker_pipeline::454.295*8.04] mapped 280674 sequences
[M::main] Version: 2.22-r1101
[M::main] CMD: minimap2 --secondary=no -t 16 -R @RG\tID:snippy\tSM:snippy -ax sr /work/FAC/FBM/DMF/smitri/evomicrocomm/genome_size/data/at/reference.fasta /work/FAC/FBM/DMF/smitri/evomicrocomm/genome_size/data/T44.4.4/read1.fq.gz /work/FAC/FBM/DMF/smitri/evomicrocomm/genome_size/data/T44.4.4/read2.fq.gz
[M::main] Real time: 454.330 sec; CPU: 3653.099 sec; Peak RSS: 0.755 GB
[bam_sort_core] merging from 80 files and 16 in-memory blocks...
[Fri Oct 15 16:23:30 2021]
Finished job 0.
1 of 1 steps (100%) done
