Building DAG of jobs...
Using shell: /usr/bin/bash
Provided cores: 16
Rules claiming more threads will be scaled down.
Select jobs to execute...

[Sun Oct 17 22:40:40 2021]
rule mapping:
    input: /work/FAC/FBM/DMF/smitri/evomicrocomm/genome_size/data/ct/reference.fasta, /work/FAC/FBM/DMF/smitri/evomicrocomm/genome_size/data/T33.4.5/read1.fq.gz, /work/FAC/FBM/DMF/smitri/evomicrocomm/genome_size/data/T33.4.5/read2.fq.gz
    output: /work/FAC/FBM/DMF/smitri/evomicrocomm/genome_size/data/T33.4.5/ct/mapped_reads.sorted.bam
    jobid: 0
    wildcards: sample=T33.4.5, strain=ct
    threads: 16
    resources: mem_mb=20436, disk_mb=20436, tmpdir=/tmp/2846117

[M::mm_idx_gen::0.154*0.98] collected minimizers
[M::mm_idx_gen::0.172*1.77] sorted minimizers
[M::main::0.172*1.77] loaded/built the index for 2 target sequence(s)
[M::mm_mapopt_update::0.172*1.77] mid_occ = 1000
[M::mm_idx_stat] kmer size: 21; skip: 11; is_hpc: 0; #seq: 2
[M::mm_idx_stat::0.186*1.72] distinct minimizers: 993850 (99.11% are singletons); average occurrences: 1.021; average spacing: 5.998; total length: 6084391
[M::worker_pipeline::1.424*2.36] mapped 332668 sequences
[M::worker_pipeline::2.374*2.67] mapped 332766 sequences
[M::worker_pipeline::3.371*2.75] mapped 332488 sequences
[M::worker_pipeline::4.311*2.81] mapped 332454 sequences
[M::worker_pipeline::4.946*3.06] mapped 332456 sequences
[M::worker_pipeline::5.612*3.21] mapped 332406 sequences
[M::worker_pipeline::6.205*3.33] mapped 332346 sequences
[M::worker_pipeline::6.893*3.40] mapped 332338 sequences
[M::worker_pipeline::7.524*3.47] mapped 332284 sequences
[M::worker_pipeline::8.136*3.57] mapped 332276 sequences
[M::worker_pipeline::8.756*3.65] mapped 332268 sequences
[M::worker_pipeline::9.511*3.67] mapped 332228 sequences
[M::worker_pipeline::10.119*3.71] mapped 332242 sequences
[M::worker_pipeline::10.845*3.72] mapped 332210 sequences
[M::worker_pipeline::11.548*3.74] mapped 332208 sequences
[M::worker_pipeline::12.206*3.75] mapped 332276 sequences
[M::worker_pipeline::12.793*3.79] mapped 332244 sequences
[M::worker_pipeline::13.512*3.79] mapped 332228 sequences
[M::worker_pipeline::14.189*3.81] mapped 332240 sequences
[M::worker_pipeline::14.821*3.84] mapped 332234 sequences
[M::worker_pipeline::15.475*3.85] mapped 332192 sequences
[M::worker_pipeline::16.103*3.87] mapped 332206 sequences
[M::worker_pipeline::16.754*3.88] mapped 332160 sequences
[M::worker_pipeline::17.530*3.89] mapped 332222 sequences
[M::worker_pipeline::18.080*3.91] mapped 332124 sequences
[M::worker_pipeline::18.727*3.93] mapped 332156 sequences
[M::worker_pipeline::19.351*3.94] mapped 332174 sequences
[M::worker_pipeline::20.097*3.94] mapped 332186 sequences
[M::worker_pipeline::20.734*3.95] mapped 332200 sequences
[M::worker_pipeline::21.406*3.96] mapped 332146 sequences
[M::worker_pipeline::22.024*3.98] mapped 332124 sequences
[M::worker_pipeline::22.669*3.98] mapped 332074 sequences
[M::worker_pipeline::23.317*3.99] mapped 332044 sequences
[M::worker_pipeline::23.920*4.00] mapped 332052 sequences
[M::worker_pipeline::24.580*4.00] mapped 332064 sequences
[M::worker_pipeline::25.206*4.00] mapped 332024 sequences
[M::worker_pipeline::25.896*4.00] mapped 332030 sequences
[M::worker_pipeline::26.599*3.99] mapped 332022 sequences
[M::worker_pipeline::27.212*4.00] mapped 332042 sequences
[M::worker_pipeline::27.940*4.00] mapped 332034 sequences
[M::worker_pipeline::28.602*4.01] mapped 332000 sequences
[M::worker_pipeline::29.139*4.03] mapped 332016 sequences
[M::worker_pipeline::29.821*4.03] mapped 331986 sequences
[M::worker_pipeline::30.471*4.04] mapped 331960 sequences
[M::worker_pipeline::31.104*4.06] mapped 331976 sequences
[M::worker_pipeline::31.730*4.07] mapped 331928 sequences
[M::worker_pipeline::32.341*4.07] mapped 331968 sequences
[M::worker_pipeline::33.020*4.07] mapped 331920 sequences
[M::worker_pipeline::33.610*4.08] mapped 331940 sequences
[M::worker_pipeline::34.263*4.07] mapped 331958 sequences
[M::worker_pipeline::34.898*4.08] mapped 331962 sequences
[M::worker_pipeline::35.635*4.08] mapped 331938 sequences
[M::worker_pipeline::36.269*4.08] mapped 331926 sequences
[M::worker_pipeline::36.933*4.08] mapped 332020 sequences
[M::worker_pipeline::37.645*4.08] mapped 331992 sequences
[M::worker_pipeline::38.245*4.08] mapped 331964 sequences
[M::worker_pipeline::38.857*4.09] mapped 332014 sequences
[M::worker_pipeline::39.472*4.10] mapped 332054 sequences
[M::worker_pipeline::40.064*4.11] mapped 332020 sequences
[M::worker_pipeline::40.658*4.11] mapped 332028 sequences
[M::worker_pipeline::41.400*4.10] mapped 332034 sequences
[M::worker_pipeline::42.026*4.11] mapped 332078 sequences
[M::worker_pipeline::42.745*4.10] mapped 332542 sequences
[M::worker_pipeline::43.244*4.11] mapped 332582 sequences
[M::worker_pipeline::43.939*4.11] mapped 332502 sequences
[M::worker_pipeline::44.605*4.11] mapped 332428 sequences
[M::worker_pipeline::45.242*4.12] mapped 332356 sequences
[M::worker_pipeline::45.812*4.13] mapped 332284 sequences
[M::worker_pipeline::46.420*4.13] mapped 332268 sequences
[M::worker_pipeline::47.061*4.13] mapped 332266 sequences
[M::worker_pipeline::47.706*4.14] mapped 332232 sequences
[M::worker_pipeline::48.284*4.14] mapped 332152 sequences
[M::worker_pipeline::48.952*4.14] mapped 332196 sequences
[M::worker_pipeline::49.601*4.14] mapped 332186 sequences
[M::worker_pipeline::50.234*4.14] mapped 332182 sequences
[M::worker_pipeline::50.891*4.14] mapped 332244 sequences
[M::worker_pipeline::51.515*4.15] mapped 332270 sequences
[M::worker_pipeline::52.204*4.14] mapped 332220 sequences
[M::worker_pipeline::52.866*4.14] mapped 332248 sequences
[M::worker_pipeline::53.483*4.14] mapped 332176 sequences
[M::worker_pipeline::54.133*4.14] mapped 332138 sequences
[M::worker_pipeline::54.838*4.14] mapped 332158 sequences
[M::worker_pipeline::55.450*4.14] mapped 332088 sequences
[M::worker_pipeline::56.096*4.15] mapped 332184 sequences
[M::worker_pipeline::56.773*4.15] mapped 332096 sequences
[M::worker_pipeline::57.383*4.15] mapped 332124 sequences
[M::worker_pipeline::58.009*4.15] mapped 332116 sequences
[M::worker_pipeline::58.656*4.15] mapped 332080 sequences
[M::worker_pipeline::59.333*4.15] mapped 332072 sequences
[M::worker_pipeline::60.057*4.15] mapped 332120 sequences
[M::worker_pipeline::60.703*4.15] mapped 332074 sequences
[M::worker_pipeline::61.394*4.15] mapped 332046 sequences
[M::worker_pipeline::62.052*4.15] mapped 332086 sequences
[M::worker_pipeline::62.689*4.15] mapped 332026 sequences
[M::worker_pipeline::63.336*4.15] mapped 332034 sequences
[M::worker_pipeline::64.001*4.15] mapped 332006 sequences
[M::worker_pipeline::64.666*4.15] mapped 332014 sequences
[M::worker_pipeline::65.230*4.16] mapped 332038 sequences
[M::worker_pipeline::65.949*4.15] mapped 332048 sequences
[M::worker_pipeline::66.542*4.16] mapped 332042 sequences
[M::worker_pipeline::67.230*4.15] mapped 332052 sequences
[M::worker_pipeline::67.847*4.16] mapped 332028 sequences
[M::worker_pipeline::68.592*4.15] mapped 331964 sequences
[M::worker_pipeline::69.156*4.15] mapped 331990 sequences
[M::worker_pipeline::69.766*4.16] mapped 332008 sequences
[M::worker_pipeline::75.250*3.96] mapped 332028 sequences
[M::worker_pipeline::75.419*3.95] mapped 331966 sequences
[M::worker_pipeline::75.615*3.95] mapped 331972 sequences
[M::worker_pipeline::76.205*3.95] mapped 331976 sequences
[M::worker_pipeline::76.890*3.95] mapped 332000 sequences
[M::worker_pipeline::77.614*3.96] mapped 332002 sequences
[M::worker_pipeline::78.122*3.96] mapped 331998 sequences
[M::worker_pipeline::78.696*3.97] mapped 332022 sequences
[M::worker_pipeline::79.381*3.97] mapped 331984 sequences
[M::worker_pipeline::79.955*3.98] mapped 331954 sequences
[M::worker_pipeline::80.623*3.98] mapped 331994 sequences
[M::worker_pipeline::81.279*3.98] mapped 332004 sequences
[M::worker_pipeline::81.928*3.98] mapped 332026 sequences
[M::worker_pipeline::82.655*3.98] mapped 332040 sequences
[M::worker_pipeline::83.321*3.98] mapped 332066 sequences
[M::worker_pipeline::83.964*3.99] mapped 332132 sequences
[M::worker_pipeline::84.567*3.99] mapped 332102 sequences
[M::worker_pipeline::85.218*3.99] mapped 332178 sequences
[M::worker_pipeline::85.879*3.99] mapped 332188 sequences
[M::worker_pipeline::86.578*3.99] mapped 332556 sequences
[M::worker_pipeline::87.244*3.99] mapped 332642 sequences
[M::worker_pipeline::87.902*3.99] mapped 332570 sequences
[M::worker_pipeline::88.525*3.99] mapped 332484 sequences
[M::worker_pipeline::89.326*3.99] mapped 332404 sequences
[M::worker_pipeline::89.837*4.00] mapped 332402 sequences
[M::worker_pipeline::90.597*4.00] mapped 332350 sequences
[M::worker_pipeline::91.239*4.00] mapped 332364 sequences
[M::worker_pipeline::91.906*4.00] mapped 332282 sequences
[M::worker_pipeline::92.575*4.00] mapped 332222 sequences
[M::worker_pipeline::93.219*4.00] mapped 332254 sequences
[M::worker_pipeline::93.862*4.00] mapped 332224 sequences
[M::worker_pipeline::94.627*4.00] mapped 332210 sequences
[M::worker_pipeline::95.255*4.00] mapped 332274 sequences
[M::worker_pipeline::95.879*4.00] mapped 332332 sequences
[M::worker_pipeline::96.625*4.00] mapped 332388 sequences
[M::worker_pipeline::97.193*4.00] mapped 332496 sequences
[M::worker_pipeline::97.945*4.00] mapped 332762 sequences
[M::worker_pipeline::98.546*4.01] mapped 332316 sequences
[M::worker_pipeline::99.158*4.01] mapped 332368 sequences
[M::worker_pipeline::99.833*4.01] mapped 332346 sequences
[M::worker_pipeline::100.529*4.01] mapped 332258 sequences
[M::worker_pipeline::101.127*4.01] mapped 332310 sequences
[M::worker_pipeline::101.721*4.02] mapped 332250 sequences
[M::worker_pipeline::102.295*4.02] mapped 332162 sequences
[M::worker_pipeline::103.116*4.02] mapped 332130 sequences
[M::worker_pipeline::103.712*4.02] mapped 332076 sequences
[M::worker_pipeline::104.304*4.02] mapped 332184 sequences
[M::worker_pipeline::104.918*4.03] mapped 332572 sequences
[M::worker_pipeline::105.516*4.03] mapped 332116 sequences
[M::worker_pipeline::106.070*4.04] mapped 332092 sequences
[M::worker_pipeline::106.827*4.04] mapped 332100 sequences
[M::worker_pipeline::107.419*4.04] mapped 332092 sequences
[M::worker_pipeline::108.035*4.04] mapped 332092 sequences
[M::worker_pipeline::108.633*4.04] mapped 332090 sequences
[M::worker_pipeline::109.291*4.04] mapped 332062 sequences
[M::worker_pipeline::109.901*4.05] mapped 332070 sequences
[M::worker_pipeline::110.564*4.05] mapped 332064 sequences
[M::worker_pipeline::111.217*4.05] mapped 332054 sequences
[M::worker_pipeline::111.831*4.05] mapped 331994 sequences
[M::worker_pipeline::112.408*4.05] mapped 331966 sequences
[M::worker_pipeline::113.023*4.05] mapped 331960 sequences
[M::worker_pipeline::113.666*4.06] mapped 331984 sequences
[M::worker_pipeline::114.243*4.06] mapped 331964 sequences
[M::worker_pipeline::114.920*4.06] mapped 331960 sequences
[M::worker_pipeline::115.522*4.06] mapped 331944 sequences
[M::worker_pipeline::116.204*4.06] mapped 331934 sequences
[M::worker_pipeline::116.872*4.06] mapped 331942 sequences
[M::worker_pipeline::117.428*4.06] mapped 331990 sequences
[M::worker_pipeline::118.076*4.07] mapped 331942 sequences
[M::worker_pipeline::118.692*4.07] mapped 331938 sequences
[M::worker_pipeline::119.287*4.07] mapped 331950 sequences
[M::worker_pipeline::119.940*4.07] mapped 331952 sequences
[M::worker_pipeline::120.619*4.07] mapped 331946 sequences
[M::worker_pipeline::121.180*4.07] mapped 331952 sequences
[M::worker_pipeline::121.801*4.07] mapped 331972 sequences
[M::worker_pipeline::122.581*4.07] mapped 332034 sequences
[M::worker_pipeline::123.151*4.07] mapped 332112 sequences
[M::worker_pipeline::123.786*4.07] mapped 331986 sequences
[M::worker_pipeline::124.469*4.07] mapped 332026 sequences
[M::worker_pipeline::125.125*4.07] mapped 332070 sequences
[M::worker_pipeline::125.738*4.07] mapped 332046 sequences
[M::worker_pipeline::126.437*4.07] mapped 332686 sequences
[M::worker_pipeline::127.144*4.07] mapped 332798 sequences
[M::worker_pipeline::127.760*4.07] mapped 332660 sequences
[M::worker_pipeline::128.376*4.07] mapped 332498 sequences
[M::worker_pipeline::129.060*4.07] mapped 332480 sequences
[M::worker_pipeline::129.701*4.07] mapped 332410 sequences
[M::worker_pipeline::130.226*4.08] mapped 332336 sequences
[M::worker_pipeline::130.926*4.08] mapped 332304 sequences
[M::worker_pipeline::131.590*4.08] mapped 332350 sequences
[M::worker_pipeline::132.195*4.08] mapped 332262 sequences
[M::worker_pipeline::132.810*4.08] mapped 332238 sequences
[M::worker_pipeline::133.452*4.08] mapped 332292 sequences
[M::worker_pipeline::134.074*4.08] mapped 332328 sequences
[M::worker_pipeline::134.648*4.08] mapped 332430 sequences
[M::worker_pipeline::135.234*4.08] mapped 332444 sequences
[M::worker_pipeline::135.873*4.08] mapped 332488 sequences
[M::worker_pipeline::136.541*4.08] mapped 332540 sequences
[M::worker_pipeline::137.174*4.08] mapped 332456 sequences
[M::worker_pipeline::137.838*4.08] mapped 332408 sequences
[M::worker_pipeline::138.474*4.09] mapped 332300 sequences
[M::worker_pipeline::139.123*4.09] mapped 332328 sequences
[M::worker_pipeline::139.663*4.09] mapped 332320 sequences
[M::worker_pipeline::140.274*4.09] mapped 332324 sequences
[M::worker_pipeline::140.985*4.09] mapped 332374 sequences
[M::worker_pipeline::147.390*3.96] mapped 332328 sequences
[M::worker_pipeline::147.581*3.96] mapped 332258 sequences
[M::worker_pipeline::147.758*3.95] mapped 332220 sequences
[M::worker_pipeline::148.354*3.95] mapped 332212 sequences
[M::worker_pipeline::149.046*3.96] mapped 332174 sequences
[M::worker_pipeline::149.648*3.96] mapped 332216 sequences
[M::worker_pipeline::150.207*3.96] mapped 332316 sequences
[M::worker_pipeline::150.850*3.96] mapped 332248 sequences
[M::worker_pipeline::151.543*3.96] mapped 332236 sequences
[M::worker_pipeline::152.252*3.96] mapped 332186 sequences
[M::worker_pipeline::153.046*3.96] mapped 332228 sequences
[M::worker_pipeline::153.802*3.96] mapped 332172 sequences
[M::worker_pipeline::154.537*3.95] mapped 332168 sequences
[M::worker_pipeline::155.152*3.96] mapped 332132 sequences
[M::worker_pipeline::155.743*3.96] mapped 332104 sequences
[M::worker_pipeline::156.380*3.96] mapped 332130 sequences
[M::worker_pipeline::157.036*3.96] mapped 332174 sequences
[M::worker_pipeline::157.673*3.96] mapped 332090 sequences
[M::worker_pipeline::158.362*3.96] mapped 332118 sequences
[M::worker_pipeline::158.963*3.96] mapped 332110 sequences
[M::worker_pipeline::159.581*3.96] mapped 332070 sequences
[M::worker_pipeline::160.200*3.96] mapped 332004 sequences
[M::worker_pipeline::160.803*3.97] mapped 332062 sequences
[M::worker_pipeline::161.428*3.97] mapped 332006 sequences
[M::worker_pipeline::162.088*3.97] mapped 332038 sequences
[M::worker_pipeline::162.793*3.97] mapped 332026 sequences
[M::worker_pipeline::163.369*3.97] mapped 332020 sequences
[M::worker_pipeline::163.997*3.97] mapped 332018 sequences
[M::worker_pipeline::164.652*3.97] mapped 331982 sequences
[M::worker_pipeline::165.354*3.97] mapped 332034 sequences
[M::worker_pipeline::165.966*3.97] mapped 332048 sequences
[M::worker_pipeline::166.550*3.97] mapped 332146 sequences
[M::worker_pipeline::167.239*3.97] mapped 332132 sequences
[M::worker_pipeline::167.846*3.98] mapped 332172 sequences
[M::worker_pipeline::168.434*3.98] mapped 332144 sequences
[M::worker_pipeline::169.130*3.98] mapped 332180 sequences
[M::worker_pipeline::169.810*3.98] mapped 332248 sequences
[M::worker_pipeline::170.454*3.98] mapped 332198 sequences
[M::worker_pipeline::171.128*3.98] mapped 332676 sequences
[M::worker_pipeline::171.738*3.98] mapped 332872 sequences
[M::worker_pipeline::172.354*3.98] mapped 332598 sequences
[M::worker_pipeline::173.046*3.98] mapped 332468 sequences
[M::worker_pipeline::173.650*3.98] mapped 332490 sequences
[M::worker_pipeline::174.276*3.98] mapped 332436 sequences
[M::worker_pipeline::174.865*3.98] mapped 332408 sequences
[M::worker_pipeline::175.570*3.98] mapped 332284 sequences
[M::worker_pipeline::176.167*3.98] mapped 332300 sequences
[M::worker_pipeline::176.806*3.98] mapped 332288 sequences
[M::worker_pipeline::177.489*3.98] mapped 332294 sequences
[M::worker_pipeline::178.078*3.98] mapped 332264 sequences
[M::worker_pipeline::178.757*3.98] mapped 332292 sequences
[M::worker_pipeline::179.436*3.98] mapped 332278 sequences
[M::worker_pipeline::180.040*3.98] mapped 332220 sequences
[M::worker_pipeline::180.623*3.98] mapped 332242 sequences
[M::worker_pipeline::181.283*3.98] mapped 332236 sequences
[M::worker_pipeline::181.915*3.98] mapped 332240 sequences
[M::worker_pipeline::182.596*3.98] mapped 332172 sequences
[M::worker_pipeline::183.262*3.98] mapped 332226 sequences
[M::worker_pipeline::183.915*3.98] mapped 332246 sequences
[M::worker_pipeline::184.509*3.98] mapped 332142 sequences
[M::worker_pipeline::185.213*3.98] mapped 332148 sequences
[M::worker_pipeline::185.769*3.99] mapped 332106 sequences
[M::worker_pipeline::186.385*3.99] mapped 332118 sequences
[M::worker_pipeline::187.043*3.99] mapped 332168 sequences
[M::worker_pipeline::187.666*3.99] mapped 332168 sequences
[M::worker_pipeline::188.321*3.99] mapped 332170 sequences
[M::worker_pipeline::188.996*3.98] mapped 332130 sequences
[M::worker_pipeline::189.752*3.98] mapped 332096 sequences
[M::worker_pipeline::190.382*3.98] mapped 332148 sequences
[M::worker_pipeline::191.032*3.98] mapped 332098 sequences
[M::worker_pipeline::191.690*3.98] mapped 332070 sequences
[M::worker_pipeline::192.388*3.98] mapped 332064 sequences
[M::worker_pipeline::192.991*3.98] mapped 332120 sequences
[M::worker_pipeline::193.603*3.98] mapped 332116 sequences
[M::worker_pipeline::194.208*3.98] mapped 332146 sequences
[M::worker_pipeline::195.023*3.98] mapped 332114 sequences
[M::worker_pipeline::195.531*3.98] mapped 332092 sequences
[M::worker_pipeline::196.213*3.98] mapped 332090 sequences
[M::worker_pipeline::196.797*3.99] mapped 332106 sequences
[M::worker_pipeline::197.387*3.99] mapped 332106 sequences
[M::worker_pipeline::197.981*3.99] mapped 332144 sequences
[M::worker_pipeline::198.640*3.99] mapped 332192 sequences
[M::worker_pipeline::199.339*3.99] mapped 332184 sequences
[M::worker_pipeline::199.984*3.99] mapped 332160 sequences
[M::worker_pipeline::200.697*3.99] mapped 332244 sequences
[M::worker_pipeline::201.252*3.99] mapped 332216 sequences
[M::worker_pipeline::201.943*3.99] mapped 332284 sequences
[M::worker_pipeline::202.541*3.99] mapped 332316 sequences
[M::worker_pipeline::203.191*3.99] mapped 332286 sequences
[M::worker_pipeline::203.892*3.99] mapped 332296 sequences
[M::worker_pipeline::204.535*3.99] mapped 332322 sequences
[M::worker_pipeline::205.097*3.99] mapped 332350 sequences
[M::worker_pipeline::205.803*3.99] mapped 332194 sequences
[M::worker_pipeline::206.354*3.99] mapped 332180 sequences
[M::worker_pipeline::206.934*3.99] mapped 332066 sequences
[M::worker_pipeline::207.754*3.99] mapped 332022 sequences
[M::worker_pipeline::208.242*3.99] mapped 332046 sequences
[M::worker_pipeline::208.913*3.99] mapped 332032 sequences
[M::worker_pipeline::209.551*3.99] mapped 332274 sequences
[M::worker_pipeline::210.209*3.99] mapped 332746 sequences
[M::worker_pipeline::210.845*3.99] mapped 332458 sequences
[M::worker_pipeline::211.479*3.99] mapped 332422 sequences
[M::worker_pipeline::212.177*3.99] mapped 332426 sequences
[M::worker_pipeline::212.815*3.99] mapped 332368 sequences
[M::worker_pipeline::213.461*3.99] mapped 332338 sequences
[M::worker_pipeline::218.670*3.93] mapped 332218 sequences
[M::worker_pipeline::218.885*3.93] mapped 332232 sequences
[M::worker_pipeline::219.069*3.92] mapped 332176 sequences
[M::worker_pipeline::219.611*3.93] mapped 332154 sequences
[M::worker_pipeline::220.236*3.93] mapped 332158 sequences
[M::worker_pipeline::220.835*3.93] mapped 332172 sequences
[M::worker_pipeline::221.470*3.93] mapped 332194 sequences
[M::worker_pipeline::222.098*3.93] mapped 332182 sequences
[M::worker_pipeline::222.711*3.93] mapped 332268 sequences
[M::worker_pipeline::223.245*3.93] mapped 332234 sequences
[M::worker_pipeline::223.946*3.93] mapped 332202 sequences
[M::worker_pipeline::224.851*3.93] mapped 332180 sequences
[M::worker_pipeline::225.657*3.92] mapped 332194 sequences
[M::worker_pipeline::226.317*3.92] mapped 332138 sequences
[M::worker_pipeline::227.006*3.92] mapped 332114 sequences
[M::worker_pipeline::227.629*3.92] mapped 332072 sequences
[M::worker_pipeline::228.292*3.92] mapped 332074 sequences
[M::worker_pipeline::228.964*3.92] mapped 332052 sequences
[M::worker_pipeline::229.619*3.92] mapped 332062 sequences
[M::worker_pipeline::230.207*3.92] mapped 332016 sequences
[M::worker_pipeline::230.842*3.92] mapped 332072 sequences
[M::worker_pipeline::231.485*3.92] mapped 332064 sequences
[M::worker_pipeline::232.170*3.92] mapped 332104 sequences
[M::worker_pipeline::232.848*3.92] mapped 332056 sequences
[M::worker_pipeline::233.419*3.92] mapped 332006 sequences
[M::worker_pipeline::234.086*3.92] mapped 332046 sequences
[M::worker_pipeline::234.688*3.92] mapped 331980 sequences
[M::worker_pipeline::235.321*3.92] mapped 332056 sequences
[M::worker_pipeline::236.036*3.92] mapped 332106 sequences
[M::worker_pipeline::236.660*3.92] mapped 332164 sequences
[M::worker_pipeline::237.349*3.92] mapped 332130 sequences
[M::worker_pipeline::238.009*3.92] mapped 332080 sequences
[M::worker_pipeline::238.678*3.92] mapped 332002 sequences
[M::worker_pipeline::239.251*3.93] mapped 332038 sequences
[M::worker_pipeline::239.885*3.93] mapped 332086 sequences
[M::worker_pipeline::240.469*3.93] mapped 332054 sequences
[M::worker_pipeline::241.144*3.93] mapped 331970 sequences
[M::worker_pipeline::241.783*3.93] mapped 332066 sequences
[M::worker_pipeline::242.466*3.93] mapped 332054 sequences
[M::worker_pipeline::243.107*3.93] mapped 332126 sequences
[M::worker_pipeline::243.701*3.93] mapped 332112 sequences
[M::worker_pipeline::244.393*3.93] mapped 332100 sequences
[M::worker_pipeline::245.058*3.93] mapped 332152 sequences
[M::worker_pipeline::245.670*3.93] mapped 332182 sequences
[M::worker_pipeline::246.307*3.93] mapped 332196 sequences
[M::worker_pipeline::246.912*3.93] mapped 332150 sequences
[M::worker_pipeline::247.499*3.93] mapped 332138 sequences
[M::worker_pipeline::248.202*3.93] mapped 332200 sequences
[M::worker_pipeline::248.791*3.93] mapped 332160 sequences
[M::worker_pipeline::249.451*3.93] mapped 332034 sequences
[M::worker_pipeline::250.094*3.93] mapped 332010 sequences
[M::worker_pipeline::250.737*3.93] mapped 332012 sequences
[M::worker_pipeline::251.322*3.93] mapped 332026 sequences
[M::worker_pipeline::251.959*3.93] mapped 332184 sequences
[M::worker_pipeline::252.519*3.93] mapped 332692 sequences
[M::worker_pipeline::253.154*3.93] mapped 332518 sequences
[M::worker_pipeline::253.752*3.93] mapped 332398 sequences
[M::worker_pipeline::254.375*3.93] mapped 332330 sequences
[M::worker_pipeline::255.016*3.94] mapped 332338 sequences
[M::worker_pipeline::255.547*3.94] mapped 332192 sequences
[M::worker_pipeline::256.226*3.94] mapped 332186 sequences
[M::worker_pipeline::256.909*3.94] mapped 332152 sequences
[M::worker_pipeline::257.464*3.94] mapped 332120 sequences
[M::worker_pipeline::258.150*3.94] mapped 332146 sequences
[M::worker_pipeline::258.827*3.94] mapped 332122 sequences
[M::worker_pipeline::259.433*3.94] mapped 332106 sequences
[M::worker_pipeline::260.024*3.94] mapped 332112 sequences
[M::worker_pipeline::260.575*3.94] mapped 332104 sequences
[M::worker_pipeline::261.306*3.94] mapped 332144 sequences
[M::worker_pipeline::261.907*3.94] mapped 332152 sequences
[M::worker_pipeline::262.573*3.94] mapped 332392 sequences
[M::worker_pipeline::263.201*3.94] mapped 332144 sequences
[M::worker_pipeline::263.842*3.94] mapped 332100 sequences
[M::worker_pipeline::264.533*3.94] mapped 332036 sequences
[M::worker_pipeline::265.122*3.94] mapped 332022 sequences
[M::worker_pipeline::265.723*3.94] mapped 332118 sequences
[M::worker_pipeline::266.380*3.94] mapped 332068 sequences
[M::worker_pipeline::267.072*3.94] mapped 332040 sequences
[M::worker_pipeline::267.729*3.94] mapped 332024 sequences
[M::worker_pipeline::268.329*3.94] mapped 332028 sequences
[M::worker_pipeline::268.952*3.94] mapped 332050 sequences
[M::worker_pipeline::269.536*3.94] mapped 332018 sequences
[M::worker_pipeline::270.150*3.94] mapped 332042 sequences
[M::worker_pipeline::270.831*3.94] mapped 332030 sequences
[M::worker_pipeline::271.548*3.94] mapped 332018 sequences
[M::worker_pipeline::272.205*3.94] mapped 332030 sequences
[M::worker_pipeline::272.887*3.94] mapped 332024 sequences
[M::worker_pipeline::273.465*3.94] mapped 332130 sequences
[M::worker_pipeline::274.159*3.94] mapped 332238 sequences
[M::worker_pipeline::274.854*3.94] mapped 332342 sequences
[M::worker_pipeline::275.527*3.94] mapped 332234 sequences
[M::worker_pipeline::276.122*3.94] mapped 332298 sequences
[M::worker_pipeline::276.765*3.94] mapped 332008 sequences
[M::worker_pipeline::277.346*3.94] mapped 332016 sequences
[M::worker_pipeline::278.023*3.94] mapped 332022 sequences
[M::worker_pipeline::278.683*3.94] mapped 332018 sequences
[M::worker_pipeline::279.306*3.94] mapped 332060 sequences
[M::worker_pipeline::279.969*3.94] mapped 332066 sequences
[M::worker_pipeline::280.584*3.94] mapped 332060 sequences
[M::worker_pipeline::281.189*3.94] mapped 332164 sequences
[M::worker_pipeline::281.780*3.94] mapped 332098 sequences
[M::worker_pipeline::282.373*3.94] mapped 332070 sequences
[M::worker_pipeline::283.080*3.94] mapped 332096 sequences
[M::worker_pipeline::283.708*3.94] mapped 332152 sequences
[M::worker_pipeline::284.336*3.94] mapped 332206 sequences
[M::worker_pipeline::284.965*3.94] mapped 332200 sequences
[M::worker_pipeline::290.017*3.90] mapped 332226 sequences
[M::worker_pipeline::290.224*3.90] mapped 332210 sequences
[M::worker_pipeline::290.425*3.90] mapped 332196 sequences
[M::worker_pipeline::290.935*3.90] mapped 332076 sequences
[M::worker_pipeline::291.647*3.90] mapped 332054 sequences
[M::worker_pipeline::292.307*3.90] mapped 332052 sequences
[M::worker_pipeline::292.920*3.90] mapped 332072 sequences
[M::worker_pipeline::293.582*3.90] mapped 332070 sequences
[M::worker_pipeline::294.308*3.90] mapped 332626 sequences
[M::worker_pipeline::295.025*3.90] mapped 332622 sequences
[M::worker_pipeline::295.615*3.90] mapped 332606 sequences
[M::worker_pipeline::296.261*3.90] mapped 332454 sequences
[M::worker_pipeline::296.971*3.90] mapped 332502 sequences
[M::worker_pipeline::297.606*3.90] mapped 332436 sequences
[M::worker_pipeline::298.251*3.90] mapped 332428 sequences
[M::worker_pipeline::298.797*3.90] mapped 332350 sequences
[M::worker_pipeline::299.548*3.90] mapped 332332 sequences
[M::worker_pipeline::300.670*3.89] mapped 332274 sequences
[M::worker_pipeline::301.152*3.90] mapped 332284 sequences
[M::worker_pipeline::301.817*3.90] mapped 332316 sequences
[M::worker_pipeline::302.508*3.90] mapped 332280 sequences
[M::worker_pipeline::303.150*3.90] mapped 332310 sequences
[M::worker_pipeline::303.793*3.90] mapped 332316 sequences
[M::worker_pipeline::304.466*3.90] mapped 332366 sequences
[M::worker_pipeline::305.148*3.90] mapped 332438 sequences
[M::worker_pipeline::305.792*3.90] mapped 332308 sequences
[M::worker_pipeline::306.495*3.89] mapped 332282 sequences
[M::worker_pipeline::307.114*3.90] mapped 332254 sequences
[M::worker_pipeline::307.773*3.90] mapped 332186 sequences
[M::worker_pipeline::308.380*3.90] mapped 332224 sequences
[M::worker_pipeline::309.051*3.90] mapped 332154 sequences
[M::worker_pipeline::309.654*3.90] mapped 332176 sequences
[M::worker_pipeline::310.317*3.90] mapped 332120 sequences
[M::worker_pipeline::310.988*3.90] mapped 332102 sequences
[M::worker_pipeline::311.612*3.90] mapped 332082 sequences
[M::worker_pipeline::312.295*3.90] mapped 332174 sequences
[M::worker_pipeline::312.992*3.90] mapped 332150 sequences
[M::worker_pipeline::313.634*3.90] mapped 332078 sequences
[M::worker_pipeline::314.213*3.90] mapped 332106 sequences
[M::worker_pipeline::314.865*3.90] mapped 332102 sequences
[M::worker_pipeline::315.565*3.89] mapped 332178 sequences
[M::worker_pipeline::316.245*3.89] mapped 332398 sequences
[M::worker_pipeline::316.828*3.90] mapped 332522 sequences
[M::worker_pipeline::317.447*3.90] mapped 332422 sequences
[M::worker_pipeline::318.029*3.90] mapped 332414 sequences
[M::worker_pipeline::318.664*3.90] mapped 332392 sequences
[M::worker_pipeline::319.319*3.90] mapped 332144 sequences
[M::worker_pipeline::320.010*3.90] mapped 332054 sequences
[M::worker_pipeline::320.638*3.90] mapped 332036 sequences
[M::worker_pipeline::321.314*3.89] mapped 332096 sequences
[M::worker_pipeline::321.936*3.89] mapped 332086 sequences
[M::worker_pipeline::322.614*3.89] mapped 332044 sequences
[M::worker_pipeline::323.288*3.89] mapped 332078 sequences
[M::worker_pipeline::323.851*3.90] mapped 332160 sequences
[M::worker_pipeline::324.491*3.90] mapped 332110 sequences
[M::worker_pipeline::325.112*3.90] mapped 332144 sequences
[M::worker_pipeline::325.700*3.90] mapped 332128 sequences
[M::worker_pipeline::326.293*3.90] mapped 332138 sequences
[M::worker_pipeline::326.879*3.90] mapped 332152 sequences
[M::worker_pipeline::327.473*3.90] mapped 332124 sequences
[M::worker_pipeline::328.088*3.90] mapped 332120 sequences
[M::worker_pipeline::328.741*3.90] mapped 332096 sequences
[M::worker_pipeline::329.384*3.90] mapped 332072 sequences
[M::worker_pipeline::330.026*3.90] mapped 332026 sequences
[M::worker_pipeline::330.704*3.90] mapped 332008 sequences
[M::worker_pipeline::331.266*3.90] mapped 332010 sequences
[M::worker_pipeline::331.940*3.90] mapped 331990 sequences
[M::worker_pipeline::332.587*3.90] mapped 332060 sequences
[M::worker_pipeline::332.780*3.90] mapped 154490 sequences
[M::main] Version: 2.22-r1101
[M::main] CMD: minimap2 --secondary=no -t 16 -R @RG\tID:snippy\tSM:snippy -ax sr /work/FAC/FBM/DMF/smitri/evomicrocomm/genome_size/data/ct/reference.fasta /work/FAC/FBM/DMF/smitri/evomicrocomm/genome_size/data/T33.4.5/read1.fq.gz /work/FAC/FBM/DMF/smitri/evomicrocomm/genome_size/data/T33.4.5/read2.fq.gz
[M::main] Real time: 332.799 sec; CPU: 1297.652 sec; Peak RSS: 0.522 GB
[bam_sort_core] merging from 64 files and 16 in-memory blocks...
[Sun Oct 17 22:50:24 2021]
Finished job 0.
1 of 1 steps (100%) done
