Building DAG of jobs...
Using shell: /usr/bin/bash
Provided cores: 16
Rules claiming more threads will be scaled down.
Select jobs to execute...

[Mon Oct 18 09:01:05 2021]
rule snippy:
    input: /work/FAC/FBM/DMF/smitri/evomicrocomm/genome_size/data/oa/reference.gbk, /work/FAC/FBM/DMF/smitri/evomicrocomm/genome_size/data/T44.4.1/oa/mapped_reads.sorted.bam
    output: /work/FAC/FBM/DMF/smitri/evomicrocomm/genome_size/data/T44.4.1/oa/snippy/snps.tab
    jobid: 0
    wildcards: sample=T44.4.1, strain=oa
    threads: 16
    resources: mem_mb=22570, disk_mb=22570, tmpdir=/tmp/2847786

[09:01:07] This is snippy 4.6.0
[09:01:07] Written by Torsten Seemann
[09:01:07] Obtained from https://github.com/tseemann/snippy
[09:01:07] Detected operating system: linux
[09:01:07] Enabling bundled linux tools.
[09:01:07] Found bwa - /work/FAC/FBM/DMF/smitri/evomicrocomm/eric/miniconda3/envs/bqh/bin/bwa
[09:01:07] Found bcftools - /work/FAC/FBM/DMF/smitri/evomicrocomm/eric/miniconda3/envs/bqh/bin/bcftools
[09:01:07] Found samtools - /work/FAC/FBM/DMF/smitri/evomicrocomm/eric/miniconda3/envs/bqh/bin/samtools
[09:01:07] Found java - /work/FAC/FBM/DMF/smitri/evomicrocomm/eric/miniconda3/envs/bqh/bin/java
[09:01:07] Found snpEff - /work/FAC/FBM/DMF/smitri/evomicrocomm/eric/miniconda3/envs/bqh/bin/snpEff
[09:01:07] Found samclip - /work/FAC/FBM/DMF/smitri/evomicrocomm/eric/miniconda3/envs/bqh/bin/samclip
[09:01:07] Found seqtk - /work/FAC/FBM/DMF/smitri/evomicrocomm/eric/miniconda3/envs/bqh/bin/seqtk
[09:01:07] Found parallel - /work/FAC/FBM/DMF/smitri/evomicrocomm/eric/miniconda3/envs/bqh/bin/parallel
[09:01:07] Found freebayes - /work/FAC/FBM/DMF/smitri/evomicrocomm/eric/miniconda3/envs/bqh/bin/freebayes
[09:01:07] Found freebayes-parallel - /work/FAC/FBM/DMF/smitri/evomicrocomm/eric/miniconda3/envs/bqh/bin/freebayes-parallel
[09:01:07] Found fasta_generate_regions.py - /work/FAC/FBM/DMF/smitri/evomicrocomm/eric/miniconda3/envs/bqh/bin/fasta_generate_regions.py
[09:01:07] Found vcfstreamsort - /work/FAC/FBM/DMF/smitri/evomicrocomm/eric/miniconda3/envs/bqh/bin/vcfstreamsort
[09:01:07] Found vcfuniq - /work/FAC/FBM/DMF/smitri/evomicrocomm/eric/miniconda3/envs/bqh/bin/vcfuniq
[09:01:07] Found vcffirstheader - /work/FAC/FBM/DMF/smitri/evomicrocomm/eric/miniconda3/envs/bqh/bin/vcffirstheader
[09:01:07] Found gzip - /usr/bin/gzip
[09:01:07] Found vt - /work/FAC/FBM/DMF/smitri/evomicrocomm/eric/miniconda3/envs/bqh/bin/vt
[09:01:07] Found snippy-vcf_to_tab - /work/FAC/FBM/DMF/smitri/evomicrocomm/eric/miniconda3/envs/bqh/bin/snippy-vcf_to_tab
[09:01:07] Found snippy-vcf_report - /work/FAC/FBM/DMF/smitri/evomicrocomm/eric/miniconda3/envs/bqh/bin/snippy-vcf_report
[09:01:08] Checking version: samtools --version is >= 1.7 - ok, have 1.12
[09:01:08] Checking version: bcftools --version is >= 1.7 - ok, have 1.12
[09:01:08] Checking version: freebayes --version is >= 1.1 - ok, have 1.3.5
[09:01:09] Checking version: snpEff -version is >= 4.3 - ok, have 5.0
[09:01:09] Checking version: bwa is >= 0.7.12 - ok, have 0.7.17
[09:01:09] Using reference: /work/FAC/FBM/DMF/smitri/evomicrocomm/genome_size/data/oa/reference.gbk
[09:01:09] Treating reference as 'genbank' format.
[09:01:09] Will use 16 CPU cores.
[09:01:09] Using BAM file '/work/FAC/FBM/DMF/smitri/evomicrocomm/genome_size/data/T44.4.1/oa/mapped_reads.sorted.bam' instead of aligning reads.
[09:01:09] Used --force, will overwrite existing /work/FAC/FBM/DMF/smitri/evomicrocomm/genome_size/data/T44.4.1/oa/snippy
[09:01:09] Changing working directory: /work/FAC/FBM/DMF/smitri/evomicrocomm/genome_size/data/T44.4.1/oa/snippy
[09:01:09] Creating reference folder: reference
[09:01:09] Extracting FASTA and GFF from reference.

--------------------- WARNING ---------------------
MSG: Unexpected error in feature table for  Skipping feature, attempting to recover
---------------------------------------------------
[09:01:10] Wrote 1 sequences to ref.fa
[09:01:10] Wrote 2143 features to ref.gff
[09:01:10] Creating reference/snpeff.config
[09:01:10] Freebayes will process 31 chunks of 74086 bp, 16 chunks at a time.
[09:01:10] Using BAM RG (Read Group) ID: snippy
[09:01:10] Running: samtools faidx reference/ref.fa 2>> snps.log
[09:01:10] Running: mkdir -p reference/genomes && cp -f reference/ref.fa reference/genomes/ref.fa 2>> snps.log
[09:01:10] Running: ln -sf reference/ref.fa . 2>> snps.log
[09:01:10] Running: ln -sf reference/ref.fa.fai . 2>> snps.log
[09:01:10] Running: mkdir -p reference/ref && gzip -c reference/ref.gff > reference/ref/genes.gff.gz 2>> snps.log
[09:01:10] Running: snpEff build -c reference/snpeff.config -dataDir . -gff3 ref 2>> snps.log
[09:01:13] Running: samtools view -h -O SAM \/work\/FAC\/FBM\/DMF\/smitri\/evomicrocomm\/genome_size\/data\/T44\.4\.1\/oa\/mapped_reads\.sorted\.bam | samclip --max 10 --ref reference/ref.fa.fai | samtools sort -n -l 0 -T /tmp/2847786 --threads 7 -m 8000M | samtools fixmate -m --threads 7 - - | samtools sort -l 0 -T /tmp/2847786 --threads 7 -m 8000M | samtools markdup -T /tmp/2847786 --threads 7 -r -s - - > snps.bam 2>> snps.log
[samclip] samclip 0.4.0 by Torsten Seemann (@torstenseemann)
[samclip] Loading: reference/ref.fa.fai
[samclip] Found 1 sequences in reference/ref.fa.fai
[samclip] Processed 100000 records...
[samclip] Processed 200000 records...
[samclip] Processed 300000 records...
[samclip] Processed 400000 records...
[samclip] Processed 500000 records...
[samclip] Processed 600000 records...
[samclip] Processed 700000 records...
[samclip] Processed 800000 records...
[samclip] Processed 900000 records...
[samclip] Processed 1000000 records...
[samclip] Processed 1100000 records...
[samclip] Processed 1200000 records...
[samclip] Processed 1300000 records...
[samclip] Processed 1400000 records...
[samclip] Processed 1500000 records...
[samclip] Processed 1600000 records...
[samclip] Processed 1700000 records...
[samclip] Processed 1800000 records...
[samclip] Processed 1900000 records...
[samclip] Processed 2000000 records...
[samclip] Processed 2100000 records...
[samclip] Processed 2200000 records...
[samclip] Processed 2300000 records...
[samclip] ERROR: Reference OCAN001.0001.c02 not in 'reference/ref.fa.fai'
[bam_sort_core] merging from 0 files and 7 in-memory blocks...
[bam_sort_core] merging from 0 files and 7 in-memory blocks...
[09:01:24] Running: samtools index snps.bam 2>> snps.log
[09:01:24] Running: fasta_generate_regions.py reference/ref.fa.fai 74086 > reference/ref.txt 2>> snps.log
[09:01:24] Running: freebayes-parallel reference/ref.txt 16 -p 2 -P 0 -C 2 -F 0.05 --min-coverage 10 --min-repeat-entropy 1.0 -q 13 -m 60 --strict-vcf   -f reference/ref.fa snps.bam > snps.raw.vcf 2>> snps.log
[09:01:28] Running: bcftools view --include 'FMT/GT="1/1" && QUAL>=100 && FMT/DP>=10 && (FMT/AO)/(FMT/DP)>=0.8' snps.raw.vcf  | vt normalize -r reference/ref.fa - | bcftools annotate --remove '^INFO/TYPE,^INFO/DP,^INFO/RO,^INFO/AO,^INFO/AB,^FORMAT/GT,^FORMAT/DP,^FORMAT/RO,^FORMAT/AO,^FORMAT/QR,^FORMAT/QA,^FORMAT/GL' > snps.filt.vcf 2>> snps.log
normalize v0.5

options:     input VCF file                                  -
         [o] output VCF file                                 -
         [w] sorting window size                             10000
         [n] no fail on reference inconsistency for non SNPs false
         [q] quiet                                           false
         [d] debug                                           false
         [r] reference FASTA file                            reference/ref.fa


stats: biallelic
          no. left trimmed                      : 0
          no. right trimmed                     : 6
          no. left and right trimmed            : 0
          no. right trimmed and left aligned    : 0
          no. left aligned                      : 0

       total no. biallelic normalized           : 6

       multiallelic
          no. left trimmed                      : 0
          no. right trimmed                     : 0
          no. left and right trimmed            : 0
          no. right trimmed and left aligned    : 0
          no. left aligned                      : 0

       total no. multiallelic normalized        : 0

       total no. variants normalized            : 6
       total no. variants observed              : 59
       total no. reference observed             : 0

Time elapsed: 0.00s

[09:01:28] Running: snpEff ann -noLog -noStats -no-downstream -no-upstream -no-utr -c reference/snpeff.config -dataDir . ref snps.filt.vcf > snps.vcf 2>> snps.log
[09:01:29] Running: /work/FAC/FBM/DMF/smitri/evomicrocomm/eric/miniconda3/envs/bqh/bin/snippy-vcf_to_tab --gff reference/ref.gff --ref reference/ref.fa --vcf snps.vcf > snps.tab 2>> snps.log
[09:01:30] Running: /work/FAC/FBM/DMF/smitri/evomicrocomm/eric/miniconda3/envs/bqh/bin/snippy-vcf_extract_subs snps.filt.vcf > snps.subs.vcf 2>> snps.log
[09:01:30] Running: bcftools convert -Oz -o snps.vcf.gz snps.vcf 2>> snps.log
[09:01:30] Running: bcftools index -f snps.vcf.gz 2>> snps.log
[09:01:30] Running: bcftools consensus --sample snippy -f reference/ref.fa -o snps.consensus.fa snps.vcf.gz 2>> snps.log
[09:01:30] Running: bcftools convert -Oz -o snps.subs.vcf.gz snps.subs.vcf 2>> snps.log
[09:01:30] Running: bcftools index -f snps.subs.vcf.gz 2>> snps.log
[09:01:30] Running: bcftools consensus --sample snippy -f reference/ref.fa -o snps.consensus.subs.fa snps.subs.vcf.gz 2>> snps.log
[09:01:30] Running: rm -f snps.subs.vcf.gz snps.subs.vcf.gz.csi snps.subs.vcf.gz.tbi 2>> snps.log
[09:01:30] Generating reference aligned/masked FASTA relative to reference: snps.aligned.fa
Use of uninitialized value $masked{"OCAN001.0001.c02"} in substr at /work/FAC/FBM/DMF/smitri/evomicrocomm/eric/miniconda3/envs/bqh/bin/snippy line 477, <$depth_fh> line 2258968.
[09:01:35] Marked 537 heterozygous sites with 'n'
[09:01:35] Creating extra output files: BED GFF CSV TXT HTML
[09:01:35] Identified 59 variants.
[09:01:35] Deleting: reference/ref.fa.fai
[09:01:35] Deleting: reference/ref.fa.amb
[09:01:35] Deleting: reference/ref.fa.ann
[09:01:35] Deleting: reference/ref.fa.bwt
[09:01:35] Deleting: reference/ref.fa.pac
[09:01:35] Deleting: reference/ref.fa.sa
[09:01:35] Deleting: snps.bam
[09:01:35] Deleting: snps.bam.bai
[09:01:35] Deleting: snps.raw.vcf
[09:01:35] Deleting: snps.vcf.gz.csi
[09:01:35] Deleting: snps.vcf.gz
[09:01:35] Deleting: snps.consensus.fa
[09:01:35] Deleting: snps.consensus.subs.fa
[09:01:35] Deleting: ref.fa
[09:01:35] Removing folder: reference/genomes
[09:01:35] Removing folder: reference/ref
[09:01:35] Result folder: /work/FAC/FBM/DMF/smitri/evomicrocomm/genome_size/data/T44.4.1/oa/snippy
[09:01:35] Result files:
[09:01:35] * /work/FAC/FBM/DMF/smitri/evomicrocomm/genome_size/data/T44.4.1/oa/snippy/snps.aligned.fa
[09:01:35] * /work/FAC/FBM/DMF/smitri/evomicrocomm/genome_size/data/T44.4.1/oa/snippy/snps.bed
[09:01:35] * /work/FAC/FBM/DMF/smitri/evomicrocomm/genome_size/data/T44.4.1/oa/snippy/snps.csv
[09:01:35] * /work/FAC/FBM/DMF/smitri/evomicrocomm/genome_size/data/T44.4.1/oa/snippy/snps.filt.vcf
[09:01:35] * /work/FAC/FBM/DMF/smitri/evomicrocomm/genome_size/data/T44.4.1/oa/snippy/snps.gff
[09:01:35] * /work/FAC/FBM/DMF/smitri/evomicrocomm/genome_size/data/T44.4.1/oa/snippy/snps.html
[09:01:35] * /work/FAC/FBM/DMF/smitri/evomicrocomm/genome_size/data/T44.4.1/oa/snippy/snps.log
[09:01:35] * /work/FAC/FBM/DMF/smitri/evomicrocomm/genome_size/data/T44.4.1/oa/snippy/snps.subs.vcf
[09:01:35] * /work/FAC/FBM/DMF/smitri/evomicrocomm/genome_size/data/T44.4.1/oa/snippy/snps.tab
[09:01:35] * /work/FAC/FBM/DMF/smitri/evomicrocomm/genome_size/data/T44.4.1/oa/snippy/snps.txt
[09:01:35] * /work/FAC/FBM/DMF/smitri/evomicrocomm/genome_size/data/T44.4.1/oa/snippy/snps.vcf
[09:01:35] Walltime used: 28 seconds
[09:01:35] The Snippy manual is at https://github.com/tseemann/snippy/blob/master/README.md
[09:01:35] Done.
[Mon Oct 18 09:01:35 2021]
Finished job 0.
1 of 1 steps (100%) done
