Building DAG of jobs...
Using shell: /usr/bin/bash
Provided cores: 16
Rules claiming more threads will be scaled down.
Select jobs to execute...

[Sun Oct 17 22:39:46 2021]
rule mapping:
    input: /work/FAC/FBM/DMF/smitri/evomicrocomm/genome_size/data/ct/reference.fasta, /work/FAC/FBM/DMF/smitri/evomicrocomm/genome_size/data/T33.2.4.rep/read1.fq.gz, /work/FAC/FBM/DMF/smitri/evomicrocomm/genome_size/data/T33.2.4.rep/read2.fq.gz
    output: /work/FAC/FBM/DMF/smitri/evomicrocomm/genome_size/data/T33.2.4.rep/ct/mapped_reads.sorted.bam
    jobid: 0
    wildcards: sample=T33.2.4.rep, strain=ct
    threads: 16
    resources: mem_mb=1710, disk_mb=1710, tmpdir=/tmp/2846098

[M::mm_idx_gen::0.153*0.91] collected minimizers
[M::mm_idx_gen::0.172*1.65] sorted minimizers
[M::main::0.172*1.65] loaded/built the index for 2 target sequence(s)
[M::mm_mapopt_update::0.172*1.65] mid_occ = 1000
[M::mm_idx_stat] kmer size: 21; skip: 11; is_hpc: 0; #seq: 2
[M::mm_idx_stat::0.186*1.61] distinct minimizers: 993850 (99.11% are singletons); average occurrences: 1.021; average spacing: 5.998; total length: 6084391
[M::worker_pipeline::2.529*6.14] mapped 332290 sequences
[M::worker_pipeline::2.913*5.59] mapped 332182 sequences
[M::worker_pipeline::4.252*7.23] mapped 332122 sequences
[M::worker_pipeline::5.045*7.59] mapped 332038 sequences
[M::worker_pipeline::6.194*8.37] mapped 332038 sequences
[M::worker_pipeline::6.606*7.96] mapped 332214 sequences
[M::worker_pipeline::7.393*8.15] mapped 332170 sequences
[M::worker_pipeline::8.114*8.32] mapped 332038 sequences
[M::worker_pipeline::8.830*8.47] mapped 332026 sequences
[M::worker_pipeline::10.089*8.73] mapped 332006 sequences
[M::worker_pipeline::10.557*8.43] mapped 332316 sequences
[M::worker_pipeline::11.456*8.42] mapped 332322 sequences
[M::worker_pipeline::12.725*8.60] mapped 332190 sequences
[M::worker_pipeline::13.234*8.34] mapped 332050 sequences
[M::worker_pipeline::14.477*8.57] mapped 332000 sequences
[M::worker_pipeline::14.893*8.39] mapped 332274 sequences
[M::worker_pipeline::15.851*8.36] mapped 332310 sequences
[M::worker_pipeline::17.072*8.55] mapped 332318 sequences
[M::worker_pipeline::17.501*8.39] mapped 332198 sequences
[M::worker_pipeline::18.329*8.40] mapped 332082 sequences
[M::worker_pipeline::19.183*8.50] mapped 332304 sequences
[M::worker_pipeline::20.249*8.63] mapped 332258 sequences
[M::worker_pipeline::20.728*8.48] mapped 332158 sequences
[M::worker_pipeline::21.539*8.49] mapped 332074 sequences
[M::worker_pipeline::22.731*8.62] mapped 332224 sequences
[M::worker_pipeline::23.128*8.50] mapped 332220 sequences
[M::worker_pipeline::23.977*8.50] mapped 332188 sequences
[M::worker_pipeline::25.131*8.65] mapped 332086 sequences
[M::worker_pipeline::25.558*8.54] mapped 332060 sequences
[M::worker_pipeline::26.368*8.55] mapped 332100 sequences
[M::worker_pipeline::27.631*8.64] mapped 332166 sequences
[M::worker_pipeline::27.977*8.56] mapped 332146 sequences
[M::worker_pipeline::28.844*8.57] mapped 332126 sequences
[M::worker_pipeline::30.031*8.67] mapped 332096 sequences
[M::worker_pipeline::30.494*8.56] mapped 332134 sequences
[M::worker_pipeline::31.398*8.56] mapped 332212 sequences
[M::worker_pipeline::32.618*8.66] mapped 332302 sequences
[M::worker_pipeline::32.977*8.59] mapped 332224 sequences
[M::worker_pipeline::34.040*8.67] mapped 332226 sequences
[M::worker_pipeline::34.392*8.59] mapped 332112 sequences
[M::worker_pipeline::34.697*8.52] mapped 244414 sequences
[M::main] Version: 2.22-r1101
[M::main] CMD: minimap2 --secondary=no -t 16 -R @RG\tID:snippy\tSM:snippy -ax sr /work/FAC/FBM/DMF/smitri/evomicrocomm/genome_size/data/ct/reference.fasta /work/FAC/FBM/DMF/smitri/evomicrocomm/genome_size/data/T33.2.4.rep/read1.fq.gz /work/FAC/FBM/DMF/smitri/evomicrocomm/genome_size/data/T33.2.4.rep/read2.fq.gz
[M::main] Real time: 34.741 sec; CPU: 295.684 sec; Peak RSS: 0.706 GB
[bam_sort_core] merging from 0 files and 16 in-memory blocks...
[Sun Oct 17 22:40:39 2021]
Finished job 0.
1 of 1 steps (100%) done
