Building DAG of jobs...
Using shell: /usr/bin/bash
Provided cores: 16
Rules claiming more threads will be scaled down.
Select jobs to execute...

[Sun Oct 17 22:41:17 2021]
rule mapping:
    input: /work/FAC/FBM/DMF/smitri/evomicrocomm/genome_size/data/ct/reference.fasta, /work/FAC/FBM/DMF/smitri/evomicrocomm/genome_size/data/T33.2.2.rep/read1.fq.gz, /work/FAC/FBM/DMF/smitri/evomicrocomm/genome_size/data/T33.2.2.rep/read2.fq.gz
    output: /work/FAC/FBM/DMF/smitri/evomicrocomm/genome_size/data/T33.2.2.rep/ct/mapped_reads.sorted.bam
    jobid: 0
    wildcards: sample=T33.2.2.rep, strain=ct
    threads: 16
    resources: mem_mb=1810, disk_mb=1810, tmpdir=/tmp/2846131

[M::mm_idx_gen::0.160*0.86] collected minimizers
[M::mm_idx_gen::0.176*1.96] sorted minimizers
[M::main::0.177*1.96] loaded/built the index for 2 target sequence(s)
[M::mm_mapopt_update::0.177*1.96] mid_occ = 1000
[M::mm_idx_stat] kmer size: 21; skip: 11; is_hpc: 0; #seq: 2
[M::mm_idx_stat::0.189*1.90] distinct minimizers: 993850 (99.11% are singletons); average occurrences: 1.021; average spacing: 5.998; total length: 6084391
[M::worker_pipeline::1.718*3.97] mapped 332380 sequences
[M::worker_pipeline::2.749*4.75] mapped 332204 sequences
[M::worker_pipeline::3.587*5.32] mapped 332160 sequences
[M::worker_pipeline::4.560*5.51] mapped 332054 sequences
[M::worker_pipeline::5.674*6.46] mapped 331974 sequences
[M::worker_pipeline::6.332*6.76] mapped 332232 sequences
[M::worker_pipeline::6.985*6.99] mapped 332212 sequences
[M::worker_pipeline::7.602*7.19] mapped 332114 sequences
[M::worker_pipeline::8.176*7.28] mapped 332072 sequences
[M::worker_pipeline::8.913*7.54] mapped 332012 sequences
[M::worker_pipeline::9.519*7.68] mapped 332160 sequences
[M::worker_pipeline::9.872*7.47] mapped 332288 sequences
[M::worker_pipeline::11.031*7.77] mapped 332362 sequences
[M::worker_pipeline::11.712*7.85] mapped 332148 sequences
[M::worker_pipeline::12.347*7.95] mapped 332026 sequences
[M::worker_pipeline::13.076*8.08] mapped 331954 sequences
[M::worker_pipeline::13.673*8.09] mapped 332352 sequences
[M::worker_pipeline::14.369*8.21] mapped 332358 sequences
[M::worker_pipeline::14.956*8.23] mapped 332294 sequences
[M::worker_pipeline::15.627*8.26] mapped 332226 sequences
[M::worker_pipeline::16.245*8.31] mapped 332056 sequences
[M::worker_pipeline::16.941*8.35] mapped 332326 sequences
[M::worker_pipeline::17.554*8.41] mapped 332294 sequences
[M::worker_pipeline::18.268*8.43] mapped 332186 sequences
[M::worker_pipeline::19.095*8.55] mapped 332126 sequences
[M::worker_pipeline::19.602*8.49] mapped 332210 sequences
[M::worker_pipeline::20.237*8.51] mapped 332242 sequences
[M::worker_pipeline::20.799*8.50] mapped 332286 sequences
[M::worker_pipeline::21.560*8.56] mapped 332132 sequences
[M::worker_pipeline::22.178*8.60] mapped 332016 sequences
[M::worker_pipeline::22.583*8.52] mapped 332082 sequences
[M::worker_pipeline::23.337*8.60] mapped 332152 sequences
[M::worker_pipeline::24.084*8.67] mapped 332200 sequences
[M::worker_pipeline::24.743*8.70] mapped 332150 sequences
[M::worker_pipeline::25.401*8.72] mapped 332052 sequences
[M::worker_pipeline::26.087*8.72] mapped 332136 sequences
[M::worker_pipeline::27.067*8.83] mapped 332152 sequences
[M::worker_pipeline::27.435*8.73] mapped 332236 sequences
[M::worker_pipeline::28.068*8.75] mapped 332286 sequences
[M::worker_pipeline::28.736*8.76] mapped 332222 sequences
[M::worker_pipeline::29.486*8.81] mapped 332282 sequences
[M::worker_pipeline::30.005*8.76] mapped 332106 sequences
[M::worker_pipeline::30.320*8.68] mapped 294130 sequences
[M::main] Version: 2.22-r1101
[M::main] CMD: minimap2 --secondary=no -t 16 -R @RG\tID:snippy\tSM:snippy -ax sr /work/FAC/FBM/DMF/smitri/evomicrocomm/genome_size/data/ct/reference.fasta /work/FAC/FBM/DMF/smitri/evomicrocomm/genome_size/data/T33.2.2.rep/read1.fq.gz /work/FAC/FBM/DMF/smitri/evomicrocomm/genome_size/data/T33.2.2.rep/read2.fq.gz
[M::main] Real time: 30.345 sec; CPU: 263.135 sec; Peak RSS: 0.702 GB
[bam_sort_core] merging from 0 files and 16 in-memory blocks...
[Sun Oct 17 22:42:06 2021]
Finished job 0.
1 of 1 steps (100%) done
