Building DAG of jobs...
Using shell: /usr/bin/bash
Provided cores: 16
Rules claiming more threads will be scaled down.
Select jobs to execute...

[Sun Oct 17 22:48:46 2021]
rule mapping:
    input: /work/FAC/FBM/DMF/smitri/evomicrocomm/genome_size/data/at/reference.fasta, /work/FAC/FBM/DMF/smitri/evomicrocomm/genome_size/data/T44.3.4/read1.fq.gz, /work/FAC/FBM/DMF/smitri/evomicrocomm/genome_size/data/T44.3.4/read2.fq.gz
    output: /work/FAC/FBM/DMF/smitri/evomicrocomm/genome_size/data/T44.3.4/at/mapped_reads.sorted.bam
    jobid: 0
    wildcards: sample=T44.3.4, strain=at
    threads: 16
    resources: mem_mb=25155, disk_mb=25155, tmpdir=/tmp/2846247

[M::mm_idx_gen::0.145*0.82] collected minimizers
[M::mm_idx_gen::0.173*1.91] sorted minimizers
[M::main::0.173*1.91] loaded/built the index for 5 target sequence(s)
[M::mm_mapopt_update::0.173*1.91] mid_occ = 1000
[M::mm_idx_stat] kmer size: 21; skip: 11; is_hpc: 0; #seq: 5
[M::mm_idx_stat::0.187*1.84] distinct minimizers: 875577 (98.87% are singletons); average occurrences: 1.019; average spacing: 5.996; total length: 5348547
[M::worker_pipeline::1.800*3.81] mapped 332750 sequences
[M::worker_pipeline::2.855*4.60] mapped 332762 sequences
[M::worker_pipeline::3.962*5.13] mapped 332770 sequences
[M::worker_pipeline::4.795*5.51] mapped 332560 sequences
[M::worker_pipeline::5.735*5.72] mapped 332528 sequences
[M::worker_pipeline::6.656*6.46] mapped 332532 sequences
[M::worker_pipeline::7.330*6.77] mapped 332446 sequences
[M::worker_pipeline::8.097*7.01] mapped 332460 sequences
[M::worker_pipeline::8.983*7.03] mapped 332420 sequences
[M::worker_pipeline::9.732*7.13] mapped 332420 sequences
[M::worker_pipeline::10.845*7.44] mapped 332350 sequences
[M::worker_pipeline::11.276*7.23] mapped 332324 sequences
[M::worker_pipeline::11.986*7.33] mapped 332284 sequences
[M::worker_pipeline::13.072*7.58] mapped 332314 sequences
[M::worker_pipeline::13.532*7.39] mapped 332320 sequences
[M::worker_pipeline::14.242*7.47] mapped 332256 sequences
[M::worker_pipeline::15.606*7.55] mapped 332258 sequences
[M::worker_pipeline::16.030*7.40] mapped 332264 sequences
[M::worker_pipeline::16.639*7.42] mapped 332342 sequences
[M::worker_pipeline::17.142*7.32] mapped 332352 sequences
[M::worker_pipeline::18.061*7.32] mapped 332294 sequences
[M::worker_pipeline::19.062*7.30] mapped 332308 sequences
[M::worker_pipeline::19.813*7.31] mapped 332318 sequences
[M::worker_pipeline::20.956*7.45] mapped 332248 sequences
[M::worker_pipeline::21.660*7.50] mapped 332298 sequences
[M::worker_pipeline::22.849*7.63] mapped 332306 sequences
[M::worker_pipeline::23.285*7.53] mapped 332266 sequences
[M::worker_pipeline::24.089*7.54] mapped 332222 sequences
[M::worker_pipeline::25.238*7.70] mapped 332306 sequences
[M::worker_pipeline::25.597*7.62] mapped 332204 sequences
[M::worker_pipeline::26.464*7.61] mapped 332162 sequences
[M::worker_pipeline::27.149*7.65] mapped 332206 sequences
[M::worker_pipeline::27.998*7.74] mapped 332226 sequences
[M::worker_pipeline::28.597*7.69] mapped 332266 sequences
[M::worker_pipeline::29.831*7.78] mapped 332292 sequences
[M::worker_pipeline::30.265*7.70] mapped 332282 sequences
[M::worker_pipeline::31.095*7.72] mapped 332204 sequences
[M::worker_pipeline::31.725*7.74] mapped 332142 sequences
[M::worker_pipeline::32.733*7.85] mapped 332152 sequences
[M::worker_pipeline::33.155*7.77] mapped 332106 sequences
[M::worker_pipeline::33.860*7.79] mapped 332072 sequences
[M::worker_pipeline::34.509*7.82] mapped 332090 sequences
[M::worker_pipeline::35.250*7.83] mapped 332120 sequences
[M::worker_pipeline::36.088*7.85] mapped 332080 sequences
[M::worker_pipeline::36.841*7.87] mapped 332122 sequences
[M::worker_pipeline::37.850*7.93] mapped 332112 sequences
[M::worker_pipeline::38.273*7.86] mapped 332030 sequences
[M::worker_pipeline::39.043*7.87] mapped 332088 sequences
[M::worker_pipeline::40.166*7.95] mapped 332024 sequences
[M::worker_pipeline::40.581*7.89] mapped 332028 sequences
[M::worker_pipeline::41.378*7.89] mapped 332096 sequences
[M::worker_pipeline::42.013*7.92] mapped 332016 sequences
[M::worker_pipeline::43.117*7.98] mapped 332020 sequences
[M::worker_pipeline::43.529*7.93] mapped 332018 sequences
[M::worker_pipeline::44.455*7.95] mapped 332054 sequences
[M::worker_pipeline::44.984*7.94] mapped 332002 sequences
[M::worker_pipeline::45.754*7.94] mapped 331994 sequences
[M::worker_pipeline::46.832*8.01] mapped 332010 sequences
[M::worker_pipeline::47.238*7.95] mapped 332000 sequences
[M::worker_pipeline::48.021*7.96] mapped 332010 sequences
[M::worker_pipeline::48.828*7.97] mapped 331998 sequences
[M::worker_pipeline::49.836*8.01] mapped 332010 sequences
[M::worker_pipeline::50.271*7.96] mapped 332008 sequences
[M::worker_pipeline::51.061*7.96] mapped 332012 sequences
[M::worker_pipeline::51.788*7.96] mapped 332016 sequences
[M::worker_pipeline::52.530*7.98] mapped 332018 sequences
[M::worker_pipeline::53.187*7.99] mapped 332054 sequences
[M::worker_pipeline::54.329*8.02] mapped 332040 sequences
[M::worker_pipeline::54.765*7.97] mapped 332070 sequences
[M::worker_pipeline::55.575*7.97] mapped 332036 sequences
[M::worker_pipeline::56.721*8.01] mapped 332082 sequences
[M::worker_pipeline::57.137*7.97] mapped 332056 sequences
[M::worker_pipeline::57.977*7.96] mapped 332002 sequences
[M::worker_pipeline::58.689*8.00] mapped 332062 sequences
[M::worker_pipeline::59.501*8.02] mapped 332092 sequences
[M::worker_pipeline::60.081*8.00] mapped 332166 sequences
[M::worker_pipeline::61.219*8.05] mapped 332462 sequences
[M::worker_pipeline::61.632*8.00] mapped 332720 sequences
[M::worker_pipeline::62.435*8.00] mapped 332616 sequences
[M::worker_pipeline::63.319*8.00] mapped 332548 sequences
[M::worker_pipeline::63.963*8.02] mapped 332530 sequences
[M::worker_pipeline::65.019*8.06] mapped 332472 sequences
[M::worker_pipeline::65.355*8.03] mapped 332394 sequences
[M::worker_pipeline::66.081*8.03] mapped 332344 sequences
[M::worker_pipeline::66.846*8.04] mapped 332354 sequences
[M::worker_pipeline::67.965*8.07] mapped 332336 sequences
[M::worker_pipeline::68.427*8.02] mapped 332296 sequences
[M::worker_pipeline::69.304*8.01] mapped 332264 sequences
[M::worker_pipeline::69.712*7.98] mapped 332268 sequences
[M::worker_pipeline::70.464*7.97] mapped 332246 sequences
[M::worker_pipeline::71.352*7.96] mapped 332224 sequences
[M::worker_pipeline::72.693*7.98] mapped 332258 sequences
[M::worker_pipeline::73.445*7.98] mapped 332318 sequences
[M::worker_pipeline::74.442*8.02] mapped 332322 sequences
[M::worker_pipeline::74.952*7.99] mapped 332312 sequences
[M::worker_pipeline::80.280*7.61] mapped 332308 sequences
[M::worker_pipeline::80.644*7.58] mapped 332316 sequences
[M::worker_pipeline::81.309*7.60] mapped 332254 sequences
[M::worker_pipeline::82.093*7.61] mapped 332270 sequences
[M::worker_pipeline::82.870*7.61] mapped 332204 sequences
[M::worker_pipeline::83.624*7.62] mapped 332192 sequences
[M::worker_pipeline::84.340*7.63] mapped 332198 sequences
[M::worker_pipeline::85.424*7.67] mapped 332166 sequences
[M::worker_pipeline::85.852*7.64] mapped 332224 sequences
[M::worker_pipeline::86.665*7.64] mapped 332198 sequences
[M::worker_pipeline::87.487*7.65] mapped 332210 sequences
[M::worker_pipeline::88.446*7.69] mapped 332162 sequences
[M::worker_pipeline::88.909*7.66] mapped 332156 sequences
[M::worker_pipeline::90.027*7.69] mapped 332078 sequences
[M::worker_pipeline::90.476*7.66] mapped 332194 sequences
[M::worker_pipeline::91.700*7.69] mapped 332126 sequences
[M::worker_pipeline::92.091*7.66] mapped 332098 sequences
[M::worker_pipeline::92.775*7.67] mapped 332136 sequences
[M::worker_pipeline::93.569*7.68] mapped 332104 sequences
[M::worker_pipeline::94.304*7.69] mapped 332096 sequences
[M::worker_pipeline::95.038*7.69] mapped 332104 sequences
[M::worker_pipeline::96.000*7.72] mapped 332132 sequences
[M::worker_pipeline::96.412*7.71] mapped 332076 sequences
[M::worker_pipeline::97.252*7.71] mapped 332098 sequences
[M::worker_pipeline::98.282*7.74] mapped 332066 sequences
[M::worker_pipeline::98.724*7.72] mapped 332108 sequences
[M::worker_pipeline::99.510*7.73] mapped 332122 sequences
[M::worker_pipeline::100.637*7.75] mapped 332088 sequences
[M::worker_pipeline::100.959*7.74] mapped 332102 sequences
[M::worker_pipeline::101.735*7.74] mapped 332052 sequences
[M::worker_pipeline::102.544*7.75] mapped 332020 sequences
[M::worker_pipeline::103.288*7.76] mapped 332048 sequences
[M::worker_pipeline::104.545*7.78] mapped 332086 sequences
[M::worker_pipeline::104.985*7.75] mapped 332030 sequences
[M::worker_pipeline::105.849*7.75] mapped 332042 sequences
[M::worker_pipeline::106.934*7.78] mapped 332052 sequences
[M::worker_pipeline::107.406*7.75] mapped 332052 sequences
[M::worker_pipeline::108.181*7.76] mapped 332030 sequences
[M::worker_pipeline::108.835*7.76] mapped 332044 sequences
[M::worker_pipeline::109.542*7.77] mapped 332022 sequences
[M::worker_pipeline::110.339*7.77] mapped 332046 sequences
[M::worker_pipeline::111.389*7.80] mapped 332024 sequences
[M::worker_pipeline::111.808*7.78] mapped 331998 sequences
[M::worker_pipeline::112.526*7.78] mapped 332018 sequences
[M::worker_pipeline::113.356*7.79] mapped 332002 sequences
[M::worker_pipeline::114.362*7.82] mapped 332024 sequences
[M::worker_pipeline::114.776*7.80] mapped 332006 sequences
[M::worker_pipeline::115.504*7.80] mapped 332016 sequences
[M::worker_pipeline::116.256*7.80] mapped 332014 sequences
[M::worker_pipeline::116.986*7.81] mapped 332114 sequences
[M::worker_pipeline::117.977*7.84] mapped 332110 sequences
[M::worker_pipeline::118.388*7.82] mapped 332100 sequences
[M::worker_pipeline::119.233*7.82] mapped 332200 sequences
[M::worker_pipeline::120.256*7.85] mapped 332210 sequences
[M::worker_pipeline::120.718*7.83] mapped 332152 sequences
[M::worker_pipeline::121.419*7.84] mapped 332250 sequences
[M::worker_pipeline::122.164*7.84] mapped 332242 sequences
[M::worker_pipeline::122.877*7.84] mapped 332436 sequences
[M::worker_pipeline::123.619*7.85] mapped 332830 sequences
[M::worker_pipeline::124.466*7.87] mapped 332676 sequences
[M::worker_pipeline::125.007*7.86] mapped 332662 sequences
[M::worker_pipeline::125.776*7.86] mapped 332548 sequences
[M::worker_pipeline::126.966*7.89] mapped 332492 sequences
[M::worker_pipeline::127.394*7.87] mapped 332500 sequences
[M::worker_pipeline::128.229*7.86] mapped 332434 sequences
[M::worker_pipeline::129.011*7.86] mapped 332454 sequences
[M::worker_pipeline::130.453*7.86] mapped 332462 sequences
[M::worker_pipeline::130.845*7.85] mapped 332372 sequences
[M::worker_pipeline::131.635*7.85] mapped 332312 sequences
[M::worker_pipeline::133.054*7.85] mapped 332220 sequences
[M::worker_pipeline::133.475*7.84] mapped 332264 sequences
[M::worker_pipeline::134.257*7.84] mapped 332270 sequences
[M::worker_pipeline::135.607*7.84] mapped 332260 sequences
[M::worker_pipeline::136.096*7.82] mapped 332334 sequences
[M::worker_pipeline::137.556*7.83] mapped 332368 sequences
[M::worker_pipeline::138.031*7.80] mapped 332440 sequences
[M::worker_pipeline::138.774*7.81] mapped 332530 sequences
[M::worker_pipeline::139.813*7.79] mapped 332578 sequences
[M::worker_pipeline::140.673*7.79] mapped 332942 sequences
[M::worker_pipeline::142.115*7.79] mapped 332396 sequences
[M::worker_pipeline::142.562*7.78] mapped 332448 sequences
[M::worker_pipeline::143.271*7.78] mapped 332348 sequences
[M::worker_pipeline::144.664*7.78] mapped 332382 sequences
[M::worker_pipeline::145.076*7.77] mapped 332340 sequences
[M::worker_pipeline::146.101*7.76] mapped 332376 sequences
[M::worker_pipeline::147.001*7.75] mapped 332338 sequences
[M::worker_pipeline::148.254*7.76] mapped 332252 sequences
[M::worker_pipeline::148.648*7.75] mapped 332218 sequences
[M::worker_pipeline::149.346*7.75] mapped 332144 sequences
[M::worker_pipeline::150.071*7.76] mapped 332126 sequences
[M::worker_pipeline::150.902*7.77] mapped 332182 sequences
[M::worker_pipeline::151.592*7.76] mapped 332920 sequences
[M::worker_pipeline::152.859*7.77] mapped 332218 sequences
[M::worker_pipeline::153.332*7.75] mapped 332170 sequences
[M::worker_pipeline::154.094*7.76] mapped 332120 sequences
[M::worker_pipeline::155.150*7.77] mapped 332124 sequences
[M::worker_pipeline::159.980*7.58] mapped 332148 sequences
[M::worker_pipeline::160.401*7.56] mapped 332134 sequences
[M::worker_pipeline::161.203*7.56] mapped 332208 sequences
[M::worker_pipeline::161.864*7.57] mapped 332174 sequences
[M::worker_pipeline::162.306*7.56] mapped 332148 sequences
[M::worker_pipeline::162.995*7.56] mapped 332106 sequences
[M::worker_pipeline::163.909*7.55] mapped 332130 sequences
[M::worker_pipeline::164.944*7.55] mapped 332116 sequences
[M::worker_pipeline::165.680*7.55] mapped 332088 sequences
[M::worker_pipeline::166.624*7.54] mapped 332068 sequences
[M::worker_pipeline::167.867*7.55] mapped 332042 sequences
[M::worker_pipeline::168.965*7.57] mapped 331982 sequences
[M::worker_pipeline::169.371*7.56] mapped 332010 sequences
[M::worker_pipeline::170.153*7.56] mapped 332022 sequences
[M::worker_pipeline::170.984*7.56] mapped 332014 sequences
[M::worker_pipeline::171.753*7.56] mapped 331990 sequences
[M::worker_pipeline::172.522*7.56] mapped 331986 sequences
[M::worker_pipeline::172.919*7.55] mapped 331976 sequences
[M::worker_pipeline::174.205*7.56] mapped 332016 sequences
[M::worker_pipeline::174.614*7.55] mapped 332004 sequences
[M::worker_pipeline::175.455*7.54] mapped 332024 sequences
[M::worker_pipeline::176.501*7.53] mapped 332012 sequences
[M::worker_pipeline::177.337*7.53] mapped 331976 sequences
[M::worker_pipeline::178.679*7.54] mapped 332028 sequences
[M::worker_pipeline::179.579*7.56] mapped 331970 sequences
[M::worker_pipeline::180.180*7.55] mapped 331944 sequences
[M::worker_pipeline::180.861*7.56] mapped 331994 sequences
[M::worker_pipeline::181.974*7.57] mapped 332004 sequences
[M::worker_pipeline::182.410*7.56] mapped 332040 sequences
[M::worker_pipeline::183.115*7.56] mapped 332054 sequences
[M::worker_pipeline::183.825*7.57] mapped 332056 sequences
[M::worker_pipeline::184.159*7.56] mapped 332152 sequences
[M::worker_pipeline::184.946*7.56] mapped 332076 sequences
[M::worker_pipeline::185.986*7.55] mapped 332034 sequences
[M::worker_pipeline::186.845*7.55] mapped 332112 sequences
[M::worker_pipeline::187.730*7.55] mapped 332104 sequences
[M::worker_pipeline::188.582*7.54] mapped 332098 sequences
[M::worker_pipeline::189.792*7.56] mapped 332566 sequences
[M::worker_pipeline::190.426*7.56] mapped 332758 sequences
[M::worker_pipeline::191.185*7.57] mapped 333002 sequences
[M::worker_pipeline::191.897*7.57] mapped 332674 sequences
[M::worker_pipeline::192.588*7.57] mapped 332660 sequences
[M::worker_pipeline::193.237*7.58] mapped 332600 sequences
[M::worker_pipeline::193.706*7.58] mapped 332540 sequences
[M::worker_pipeline::194.359*7.58] mapped 332446 sequences
[M::worker_pipeline::195.025*7.58] mapped 332394 sequences
[M::worker_pipeline::196.490*7.58] mapped 332392 sequences
[M::worker_pipeline::196.896*7.57] mapped 332402 sequences
[M::worker_pipeline::197.693*7.57] mapped 332358 sequences
[M::worker_pipeline::198.490*7.57] mapped 332352 sequences
[M::worker_pipeline::199.567*7.56] mapped 332406 sequences
[M::worker_pipeline::200.389*7.56] mapped 332406 sequences
[M::worker_pipeline::201.253*7.56] mapped 332384 sequences
[M::worker_pipeline::202.461*7.57] mapped 332452 sequences
[M::worker_pipeline::203.178*7.57] mapped 332506 sequences
[M::worker_pipeline::203.798*7.57] mapped 332572 sequences
[M::worker_pipeline::204.379*7.57] mapped 332584 sequences
[M::worker_pipeline::205.119*7.57] mapped 332644 sequences
[M::worker_pipeline::205.979*7.57] mapped 332510 sequences
[M::worker_pipeline::206.916*7.56] mapped 332496 sequences
[M::worker_pipeline::207.754*7.56] mapped 332370 sequences
[M::worker_pipeline::208.677*7.56] mapped 332434 sequences
[M::worker_pipeline::209.631*7.55] mapped 332402 sequences
[M::worker_pipeline::210.962*7.56] mapped 332408 sequences
[M::worker_pipeline::211.718*7.56] mapped 332390 sequences
[M::worker_pipeline::212.486*7.56] mapped 332478 sequences
[M::worker_pipeline::213.256*7.57] mapped 332476 sequences
[M::worker_pipeline::214.269*7.58] mapped 332372 sequences
[M::worker_pipeline::214.703*7.57] mapped 332302 sequences
[M::worker_pipeline::215.477*7.57] mapped 332368 sequences
[M::worker_pipeline::216.213*7.58] mapped 332320 sequences
[M::worker_pipeline::216.613*7.57] mapped 332280 sequences
[M::worker_pipeline::217.587*7.56] mapped 332258 sequences
[M::worker_pipeline::218.548*7.55] mapped 332312 sequences
[M::worker_pipeline::219.563*7.55] mapped 332370 sequences
[M::worker_pipeline::220.684*7.53] mapped 332372 sequences
[M::worker_pipeline::221.950*7.55] mapped 332362 sequences
[M::worker_pipeline::222.677*7.55] mapped 332352 sequences
[M::worker_pipeline::223.451*7.55] mapped 332302 sequences
[M::worker_pipeline::224.218*7.55] mapped 332292 sequences
[M::worker_pipeline::224.960*7.55] mapped 332248 sequences
[M::worker_pipeline::225.758*7.55] mapped 332226 sequences
[M::worker_pipeline::226.466*7.56] mapped 332210 sequences
[M::worker_pipeline::227.166*7.56] mapped 332242 sequences
[M::worker_pipeline::227.617*7.55] mapped 332168 sequences
[M::worker_pipeline::228.398*7.55] mapped 332170 sequences
[M::worker_pipeline::229.357*7.54] mapped 332224 sequences
[M::worker_pipeline::230.345*7.54] mapped 332194 sequences
[M::worker_pipeline::231.324*7.53] mapped 332190 sequences
[M::worker_pipeline::232.416*7.55] mapped 332164 sequences
[M::worker_pipeline::233.184*7.55] mapped 332160 sequences
[M::worker_pipeline::233.891*7.55] mapped 332162 sequences
[M::worker_pipeline::234.495*7.56] mapped 332092 sequences
[M::worker_pipeline::235.352*7.56] mapped 332042 sequences
[M::worker_pipeline::236.047*7.56] mapped 332122 sequences
[M::worker_pipeline::241.172*7.45] mapped 332138 sequences
[M::worker_pipeline::241.547*7.44] mapped 332102 sequences
[M::worker_pipeline::241.923*7.43] mapped 332048 sequences
[M::worker_pipeline::242.752*7.43] mapped 332070 sequences
[M::worker_pipeline::243.872*7.44] mapped 332058 sequences
[M::worker_pipeline::244.633*7.45] mapped 332086 sequences
[M::worker_pipeline::245.346*7.45] mapped 332056 sequences
[M::worker_pipeline::246.214*7.46] mapped 332066 sequences
[M::worker_pipeline::246.776*7.46] mapped 332058 sequences
[M::worker_pipeline::247.527*7.46] mapped 332098 sequences
[M::worker_pipeline::248.270*7.46] mapped 332160 sequences
[M::worker_pipeline::248.697*7.45] mapped 332182 sequences
[M::worker_pipeline::249.559*7.45] mapped 332214 sequences
[M::worker_pipeline::250.492*7.44] mapped 332208 sequences
[M::worker_pipeline::251.465*7.44] mapped 332214 sequences
[M::worker_pipeline::252.465*7.43] mapped 332224 sequences
[M::worker_pipeline::253.389*7.43] mapped 332264 sequences
[M::worker_pipeline::254.310*7.43] mapped 332268 sequences
[M::worker_pipeline::255.387*7.44] mapped 332378 sequences
[M::worker_pipeline::256.522*7.45] mapped 332844 sequences
[M::worker_pipeline::256.932*7.45] mapped 333014 sequences
[M::worker_pipeline::257.460*7.44] mapped 332708 sequences
[M::worker_pipeline::258.021*7.44] mapped 332532 sequences
[M::worker_pipeline::258.838*7.44] mapped 332550 sequences
[M::worker_pipeline::259.748*7.44] mapped 332600 sequences
[M::worker_pipeline::260.714*7.43] mapped 332452 sequences
[M::worker_pipeline::261.649*7.43] mapped 332422 sequences
[M::worker_pipeline::262.626*7.43] mapped 332410 sequences
[M::worker_pipeline::263.532*7.42] mapped 332320 sequences
[M::worker_pipeline::264.650*7.42] mapped 332280 sequences
[M::worker_pipeline::265.659*7.43] mapped 332310 sequences
[M::worker_pipeline::266.378*7.44] mapped 332360 sequences
[M::worker_pipeline::267.079*7.44] mapped 332294 sequences
[M::worker_pipeline::267.761*7.45] mapped 332344 sequences
[M::worker_pipeline::268.430*7.45] mapped 332288 sequences
[M::worker_pipeline::268.854*7.45] mapped 332282 sequences
[M::worker_pipeline::269.515*7.44] mapped 332284 sequences
[M::worker_pipeline::270.485*7.44] mapped 332252 sequences
[M::worker_pipeline::271.381*7.44] mapped 332314 sequences
[M::worker_pipeline::272.340*7.43] mapped 332310 sequences
[M::worker_pipeline::273.267*7.43] mapped 332228 sequences
[M::worker_pipeline::273.952*7.43] mapped 332232 sequences
[M::worker_pipeline::274.865*7.43] mapped 332272 sequences
[M::worker_pipeline::276.287*7.44] mapped 332292 sequences
[M::worker_pipeline::277.070*7.44] mapped 332216 sequences
[M::worker_pipeline::278.186*7.45] mapped 332178 sequences
[M::worker_pipeline::278.582*7.44] mapped 332180 sequences
[M::worker_pipeline::279.030*7.44] mapped 332130 sequences
[M::worker_pipeline::279.601*7.44] mapped 332176 sequences
[M::worker_pipeline::280.367*7.44] mapped 332222 sequences
[M::worker_pipeline::281.374*7.43] mapped 332248 sequences
[M::worker_pipeline::282.117*7.43] mapped 332220 sequences
[M::worker_pipeline::282.999*7.43] mapped 332210 sequences
[M::worker_pipeline::283.988*7.43] mapped 332210 sequences
[M::worker_pipeline::284.981*7.42] mapped 332178 sequences
[M::worker_pipeline::285.740*7.42] mapped 332150 sequences
[M::worker_pipeline::286.950*7.43] mapped 332158 sequences
[M::worker_pipeline::287.736*7.43] mapped 332144 sequences
[M::worker_pipeline::288.610*7.44] mapped 332116 sequences
[M::worker_pipeline::289.330*7.43] mapped 332126 sequences
[M::worker_pipeline::289.946*7.44] mapped 332152 sequences
[M::worker_pipeline::290.657*7.44] mapped 332170 sequences
[M::worker_pipeline::290.991*7.43] mapped 332172 sequences
[M::worker_pipeline::291.989*7.43] mapped 332144 sequences
[M::worker_pipeline::293.100*7.42] mapped 332182 sequences
[M::worker_pipeline::293.915*7.42] mapped 332120 sequences
[M::worker_pipeline::294.836*7.42] mapped 332140 sequences
[M::worker_pipeline::295.615*7.42] mapped 332160 sequences
[M::worker_pipeline::296.554*7.42] mapped 332156 sequences
[M::worker_pipeline::297.602*7.41] mapped 332140 sequences
[M::worker_pipeline::298.858*7.42] mapped 332212 sequences
[M::worker_pipeline::299.626*7.42] mapped 332222 sequences
[M::worker_pipeline::300.455*7.43] mapped 332218 sequences
[M::worker_pipeline::301.032*7.43] mapped 332198 sequences
[M::worker_pipeline::301.606*7.43] mapped 332264 sequences
[M::worker_pipeline::302.005*7.43] mapped 332202 sequences
[M::worker_pipeline::302.950*7.42] mapped 332240 sequences
[M::worker_pipeline::303.804*7.42] mapped 332212 sequences
[M::worker_pipeline::304.635*7.42] mapped 332298 sequences
[M::worker_pipeline::305.588*7.42] mapped 332304 sequences
[M::worker_pipeline::306.468*7.42] mapped 332354 sequences
[M::worker_pipeline::307.238*7.42] mapped 332350 sequences
[M::worker_pipeline::308.279*7.41] mapped 332368 sequences
[M::worker_pipeline::309.374*7.43] mapped 332320 sequences
[M::worker_pipeline::310.123*7.43] mapped 332328 sequences
[M::worker_pipeline::311.201*7.44] mapped 332228 sequences
[M::worker_pipeline::311.603*7.43] mapped 332186 sequences
[M::worker_pipeline::312.364*7.43] mapped 332116 sequences
[M::worker_pipeline::312.763*7.42] mapped 332118 sequences
[M::worker_pipeline::313.674*7.42] mapped 331996 sequences
[M::worker_pipeline::314.617*7.42] mapped 332086 sequences
[M::worker_pipeline::315.467*7.42] mapped 332094 sequences
[M::worker_pipeline::316.489*7.41] mapped 332100 sequences
[M::worker_pipeline::317.429*7.41] mapped 332702 sequences
[M::worker_pipeline::318.428*7.41] mapped 332732 sequences
[M::worker_pipeline::319.177*7.41] mapped 332538 sequences
[M::worker_pipeline::324.822*7.33] mapped 332516 sequences
[M::worker_pipeline::325.232*7.33] mapped 332478 sequences
[M::worker_pipeline::325.643*7.32] mapped 332438 sequences
[M::worker_pipeline::326.472*7.32] mapped 332312 sequences
[M::worker_pipeline::327.404*7.32] mapped 332372 sequences
[M::worker_pipeline::328.403*7.31] mapped 332314 sequences
[M::worker_pipeline::329.342*7.31] mapped 332332 sequences
[M::worker_pipeline::330.272*7.31] mapped 332256 sequences
[M::worker_pipeline::331.069*7.31] mapped 332194 sequences
[M::worker_pipeline::332.105*7.31] mapped 332190 sequences
[M::worker_pipeline::333.255*7.30] mapped 332220 sequences
[M::worker_pipeline::334.211*7.30] mapped 332270 sequences
[M::worker_pipeline::335.047*7.30] mapped 332256 sequences
[M::worker_pipeline::336.034*7.29] mapped 332248 sequences
[M::worker_pipeline::336.996*7.29] mapped 332326 sequences
[M::worker_pipeline::337.807*7.29] mapped 332320 sequences
[M::worker_pipeline::338.782*7.29] mapped 332286 sequences
[M::worker_pipeline::339.607*7.29] mapped 332250 sequences
[M::worker_pipeline::340.513*7.29] mapped 332246 sequences
[M::worker_pipeline::341.418*7.28] mapped 332224 sequences
[M::worker_pipeline::342.360*7.28] mapped 332284 sequences
[M::worker_pipeline::343.389*7.28] mapped 332182 sequences
[M::worker_pipeline::344.316*7.28] mapped 332150 sequences
[M::worker_pipeline::345.228*7.27] mapped 332170 sequences
[M::worker_pipeline::346.071*7.27] mapped 332116 sequences
[M::worker_pipeline::347.160*7.27] mapped 332112 sequences
[M::worker_pipeline::347.945*7.27] mapped 332142 sequences
[M::worker_pipeline::348.897*7.27] mapped 332150 sequences
[M::worker_pipeline::349.912*7.26] mapped 332094 sequences
[M::worker_pipeline::350.847*7.26] mapped 332116 sequences
[M::worker_pipeline::351.660*7.26] mapped 332090 sequences
[M::worker_pipeline::352.662*7.26] mapped 332064 sequences
[M::worker_pipeline::353.512*7.26] mapped 332090 sequences
[M::worker_pipeline::354.437*7.25] mapped 332108 sequences
[M::worker_pipeline::355.312*7.25] mapped 332060 sequences
[M::worker_pipeline::356.358*7.25] mapped 332096 sequences
[M::worker_pipeline::357.225*7.25] mapped 332112 sequences
[M::worker_pipeline::358.237*7.24] mapped 332050 sequences
[M::worker_pipeline::359.105*7.24] mapped 332094 sequences
[M::worker_pipeline::360.037*7.24] mapped 332128 sequences
[M::worker_pipeline::361.066*7.24] mapped 332222 sequences
[M::worker_pipeline::362.044*7.23] mapped 332148 sequences
[M::worker_pipeline::362.850*7.23] mapped 332194 sequences
[M::worker_pipeline::363.844*7.23] mapped 332136 sequences
[M::worker_pipeline::364.867*7.23] mapped 332042 sequences
[M::worker_pipeline::365.715*7.23] mapped 332070 sequences
[M::worker_pipeline::366.740*7.22] mapped 332084 sequences
[M::worker_pipeline::367.646*7.22] mapped 332058 sequences
[M::worker_pipeline::368.479*7.22] mapped 332070 sequences
[M::worker_pipeline::369.447*7.22] mapped 332068 sequences
[M::worker_pipeline::370.384*7.21] mapped 332090 sequences
[M::worker_pipeline::371.329*7.21] mapped 332142 sequences
[M::worker_pipeline::372.623*7.22] mapped 332106 sequences
[M::worker_pipeline::373.016*7.21] mapped 332150 sequences
[M::worker_pipeline::373.926*7.21] mapped 332120 sequences
[M::worker_pipeline::374.818*7.21] mapped 332144 sequences
[M::worker_pipeline::375.589*7.21] mapped 332200 sequences
[M::worker_pipeline::376.597*7.21] mapped 332218 sequences
[M::worker_pipeline::377.444*7.21] mapped 332198 sequences
[M::worker_pipeline::378.288*7.21] mapped 332244 sequences
[M::worker_pipeline::379.100*7.21] mapped 332232 sequences
[M::worker_pipeline::380.172*7.22] mapped 332228 sequences
[M::worker_pipeline::380.904*7.23] mapped 332180 sequences
[M::worker_pipeline::381.978*7.24] mapped 332294 sequences
[M::worker_pipeline::382.331*7.23] mapped 332090 sequences
[M::worker_pipeline::383.129*7.23] mapped 332088 sequences
[M::worker_pipeline::384.233*7.24] mapped 332060 sequences
[M::worker_pipeline::384.689*7.24] mapped 332018 sequences
[M::worker_pipeline::385.460*7.24] mapped 332082 sequences
[M::worker_pipeline::386.201*7.24] mapped 332076 sequences
[M::worker_pipeline::387.353*7.25] mapped 332152 sequences
[M::worker_pipeline::387.764*7.24] mapped 332802 sequences
[M::worker_pipeline::388.492*7.25] mapped 332596 sequences
[M::worker_pipeline::389.243*7.25] mapped 332564 sequences
[M::worker_pipeline::389.992*7.25] mapped 332404 sequences
[M::worker_pipeline::391.030*7.26] mapped 332360 sequences
[M::worker_pipeline::391.426*7.26] mapped 332404 sequences
[M::worker_pipeline::392.162*7.26] mapped 332262 sequences
[M::worker_pipeline::392.835*7.26] mapped 332278 sequences
[M::worker_pipeline::393.522*7.26] mapped 332190 sequences
[M::worker_pipeline::394.204*7.27] mapped 332188 sequences
[M::worker_pipeline::394.887*7.27] mapped 332214 sequences
[M::worker_pipeline::395.610*7.27] mapped 332148 sequences
[M::worker_pipeline::396.664*7.28] mapped 332166 sequences
[M::worker_pipeline::397.010*7.28] mapped 332118 sequences
[M::worker_pipeline::397.716*7.28] mapped 332110 sequences
[M::worker_pipeline::398.447*7.28] mapped 332178 sequences
[M::worker_pipeline::399.520*7.29] mapped 332156 sequences
[M::worker_pipeline::399.944*7.28] mapped 332172 sequences
[M::worker_pipeline::400.711*7.29] mapped 332206 sequences
[M::worker_pipeline::401.718*7.29] mapped 332198 sequences
[M::worker_pipeline::402.127*7.29] mapped 332582 sequences
[M::worker_pipeline::402.940*7.29] mapped 332120 sequences
[M::worker_pipeline::404.025*7.30] mapped 332122 sequences
[M::worker_pipeline::404.381*7.29] mapped 332100 sequences
[M::worker_pipeline::405.117*7.30] mapped 332084 sequences
[M::worker_pipeline::411.330*7.21] mapped 332088 sequences
[M::worker_pipeline::411.758*7.21] mapped 332164 sequences
[M::worker_pipeline::412.534*7.21] mapped 332152 sequences
[M::worker_pipeline::413.700*7.22] mapped 332138 sequences
[M::worker_pipeline::414.110*7.21] mapped 332078 sequences
[M::worker_pipeline::414.850*7.21] mapped 332066 sequences
[M::worker_pipeline::415.655*7.22] mapped 332040 sequences
[M::worker_pipeline::416.403*7.22] mapped 332090 sequences
[M::worker_pipeline::417.176*7.22] mapped 332122 sequences
[M::worker_pipeline::418.408*7.23] mapped 332138 sequences
[M::worker_pipeline::418.843*7.22] mapped 332124 sequences
[M::worker_pipeline::419.611*7.22] mapped 332090 sequences
[M::worker_pipeline::420.278*7.23] mapped 332082 sequences
[M::worker_pipeline::421.095*7.23] mapped 332082 sequences
[M::worker_pipeline::422.165*7.24] mapped 332072 sequences
[M::worker_pipeline::422.570*7.23] mapped 332072 sequences
[M::worker_pipeline::423.879*7.24] mapped 332282 sequences
[M::worker_pipeline::424.307*7.23] mapped 332278 sequences
[M::worker_pipeline::425.064*7.23] mapped 332330 sequences
[M::worker_pipeline::426.099*7.24] mapped 332270 sequences
[M::worker_pipeline::426.597*7.24] mapped 332340 sequences
[M::worker_pipeline::427.462*7.24] mapped 332228 sequences
[M::worker_pipeline::428.151*7.24] mapped 332046 sequences
[M::worker_pipeline::428.866*7.24] mapped 332066 sequences
[M::worker_pipeline::429.605*7.25] mapped 332102 sequences
[M::worker_pipeline::430.209*7.25] mapped 332076 sequences
[M::worker_pipeline::430.910*7.25] mapped 332074 sequences
[M::worker_pipeline::431.558*7.25] mapped 332090 sequences
[M::worker_pipeline::432.500*7.25] mapped 332116 sequences
[M::worker_pipeline::433.653*7.25] mapped 332120 sequences
[M::worker_pipeline::434.619*7.26] mapped 332174 sequences
[M::worker_pipeline::435.024*7.25] mapped 332180 sequences
[M::worker_pipeline::435.499*7.25] mapped 332166 sequences
[M::worker_pipeline::436.507*7.26] mapped 332146 sequences
[M::worker_pipeline::437.565*7.27] mapped 332156 sequences
[M::worker_pipeline::438.013*7.26] mapped 332132 sequences
[M::worker_pipeline::438.733*7.26] mapped 332212 sequences
[M::worker_pipeline::439.444*7.27] mapped 332252 sequences
[M::worker_pipeline::440.476*7.27] mapped 332194 sequences
[M::worker_pipeline::440.887*7.27] mapped 332190 sequences
[M::worker_pipeline::441.618*7.27] mapped 332284 sequences
[M::worker_pipeline::442.371*7.27] mapped 332240 sequences
[M::worker_pipeline::443.417*7.28] mapped 332162 sequences
[M::worker_pipeline::443.832*7.28] mapped 332092 sequences
[M::worker_pipeline::444.595*7.28] mapped 332034 sequences
[M::worker_pipeline::445.382*7.28] mapped 332118 sequences
[M::worker_pipeline::446.081*7.28] mapped 332098 sequences
[M::worker_pipeline::446.901*7.29] mapped 332092 sequences
[M::worker_pipeline::447.967*7.29] mapped 332180 sequences
[M::worker_pipeline::448.394*7.29] mapped 332846 sequences
[M::worker_pipeline::449.180*7.29] mapped 332756 sequences
[M::worker_pipeline::450.288*7.30] mapped 332632 sequences
[M::worker_pipeline::450.721*7.29] mapped 332546 sequences
[M::worker_pipeline::451.699*7.30] mapped 332510 sequences
[M::worker_pipeline::452.240*7.30] mapped 332540 sequences
[M::worker_pipeline::453.495*7.30] mapped 332432 sequences
[M::worker_pipeline::453.904*7.30] mapped 332512 sequences
[M::worker_pipeline::454.608*7.30] mapped 332366 sequences
[M::worker_pipeline::455.353*7.30] mapped 332468 sequences
[M::worker_pipeline::456.455*7.31] mapped 332376 sequences
[M::worker_pipeline::456.791*7.30] mapped 332270 sequences
[M::worker_pipeline::457.578*7.31] mapped 332334 sequences
[M::worker_pipeline::458.315*7.31] mapped 332318 sequences
[M::worker_pipeline::459.062*7.31] mapped 332312 sequences
[M::worker_pipeline::460.365*7.31] mapped 332336 sequences
[M::worker_pipeline::460.735*7.31] mapped 332348 sequences
[M::worker_pipeline::461.496*7.31] mapped 332410 sequences
[M::worker_pipeline::462.305*7.31] mapped 332410 sequences
[M::worker_pipeline::463.025*7.31] mapped 332442 sequences
[M::worker_pipeline::464.207*7.32] mapped 332490 sequences
[M::worker_pipeline::464.592*7.31] mapped 332360 sequences
[M::worker_pipeline::465.313*7.32] mapped 332334 sequences
[M::worker_pipeline::466.041*7.32] mapped 332330 sequences
[M::worker_pipeline::466.845*7.32] mapped 332334 sequences
[M::worker_pipeline::468.004*7.33] mapped 332268 sequences
[M::worker_pipeline::468.415*7.32] mapped 332258 sequences
[M::worker_pipeline::469.202*7.32] mapped 332226 sequences
[M::worker_pipeline::470.526*7.32] mapped 332190 sequences
[M::worker_pipeline::470.970*7.32] mapped 332162 sequences
[M::worker_pipeline::471.719*7.32] mapped 332182 sequences
[M::worker_pipeline::472.440*7.32] mapped 332196 sequences
[M::worker_pipeline::473.172*7.33] mapped 332182 sequences
[M::worker_pipeline::473.834*7.33] mapped 332208 sequences
[M::worker_pipeline::474.502*7.33] mapped 332240 sequences
[M::worker_pipeline::475.156*7.33] mapped 332176 sequences
[M::worker_pipeline::475.876*7.34] mapped 332160 sequences
[M::worker_pipeline::477.076*7.34] mapped 332162 sequences
[M::worker_pipeline::477.426*7.34] mapped 332194 sequences
[M::worker_pipeline::478.290*7.34] mapped 332146 sequences
[M::worker_pipeline::479.647*7.34] mapped 332434 sequences
[M::worker_pipeline::480.047*7.34] mapped 332504 sequences
[M::worker_pipeline::480.781*7.34] mapped 332592 sequences
[M::worker_pipeline::482.151*7.34] mapped 332458 sequences
[M::worker_pipeline::482.577*7.34] mapped 332428 sequences
[M::worker_pipeline::483.244*7.34] mapped 332412 sequences
[M::worker_pipeline::488.548*7.29] mapped 332216 sequences
[M::worker_pipeline::489.028*7.28] mapped 332070 sequences
[M::worker_pipeline::489.798*7.28] mapped 332138 sequences
[M::worker_pipeline::490.485*7.28] mapped 332126 sequences
[M::worker_pipeline::491.254*7.28] mapped 332118 sequences
[M::worker_pipeline::492.072*7.29] mapped 332094 sequences
[M::worker_pipeline::492.821*7.29] mapped 332114 sequences
[M::worker_pipeline::493.923*7.29] mapped 332148 sequences
[M::worker_pipeline::494.342*7.29] mapped 332126 sequences
[M::worker_pipeline::495.143*7.29] mapped 332164 sequences
[M::worker_pipeline::496.024*7.30] mapped 332188 sequences
[M::worker_pipeline::496.499*7.30] mapped 332148 sequences
[M::worker_pipeline::497.212*7.30] mapped 332160 sequences
[M::worker_pipeline::498.027*7.30] mapped 332144 sequences
[M::worker_pipeline::498.697*7.30] mapped 332146 sequences
[M::worker_pipeline::499.972*7.30] mapped 332110 sequences
[M::worker_pipeline::500.408*7.30] mapped 332166 sequences
[M::worker_pipeline::501.190*7.30] mapped 332146 sequences
[M::worker_pipeline::502.105*7.31] mapped 332136 sequences
[M::worker_pipeline::502.667*7.30] mapped 332110 sequences
[M::worker_pipeline::503.517*7.31] mapped 332042 sequences
[M::worker_pipeline::504.172*7.31] mapped 332102 sequences
[M::worker_pipeline::504.865*7.31] mapped 332080 sequences
[M::worker_pipeline::505.859*7.32] mapped 332020 sequences
[M::worker_pipeline::506.283*7.31] mapped 331998 sequences
[M::worker_pipeline::506.797*7.31] mapped 332070 sequences
[M::worker_pipeline::507.945*7.31] mapped 332062 sequences
[M::worker_pipeline::508.368*7.31] mapped 328894 sequences
[M::main] Version: 2.22-r1101
[M::main] CMD: minimap2 --secondary=no -t 16 -R @RG\tID:snippy\tSM:snippy -ax sr /work/FAC/FBM/DMF/smitri/evomicrocomm/genome_size/data/at/reference.fasta /work/FAC/FBM/DMF/smitri/evomicrocomm/genome_size/data/T44.3.4/read1.fq.gz /work/FAC/FBM/DMF/smitri/evomicrocomm/genome_size/data/T44.3.4/read2.fq.gz
[M::main] Real time: 508.420 sec; CPU: 3714.496 sec; Peak RSS: 0.811 GB
[bam_sort_core] merging from 96 files and 16 in-memory blocks...
[Sun Oct 17 23:02:56 2021]
Finished job 0.
1 of 1 steps (100%) done
