Building DAG of jobs...
Using shell: /usr/bin/bash
Provided cores: 16
Rules claiming more threads will be scaled down.
Select jobs to execute...

[Sun Oct 17 22:42:46 2021]
rule mapping:
    input: /work/FAC/FBM/DMF/smitri/evomicrocomm/genome_size/data/ct/reference.fasta, /work/FAC/FBM/DMF/smitri/evomicrocomm/genome_size/data/T11.3.2/read1.fq.gz, /work/FAC/FBM/DMF/smitri/evomicrocomm/genome_size/data/T11.3.2/read2.fq.gz
    output: /work/FAC/FBM/DMF/smitri/evomicrocomm/genome_size/data/T11.3.2/ct/mapped_reads.sorted.bam
    jobid: 0
    wildcards: sample=T11.3.2, strain=ct
    threads: 16
    resources: mem_mb=27357, disk_mb=27357, tmpdir=/tmp/2846154

[M::mm_idx_gen::0.147*0.92] collected minimizers
[M::mm_idx_gen::0.173*1.32] sorted minimizers
[M::main::0.173*1.32] loaded/built the index for 2 target sequence(s)
[M::mm_mapopt_update::0.173*1.32] mid_occ = 1000
[M::mm_idx_stat] kmer size: 21; skip: 11; is_hpc: 0; #seq: 2
[M::mm_idx_stat::0.185*1.30] distinct minimizers: 993850 (99.11% are singletons); average occurrences: 1.021; average spacing: 5.998; total length: 6084391
[M::worker_pipeline::1.265*2.49] mapped 333206 sequences
[M::worker_pipeline::2.142*2.71] mapped 333070 sequences
[M::worker_pipeline::2.901*2.98] mapped 332968 sequences
[M::worker_pipeline::3.467*3.20] mapped 332918 sequences
[M::worker_pipeline::4.188*3.25] mapped 332878 sequences
[M::worker_pipeline::4.952*3.30] mapped 332860 sequences
[M::worker_pipeline::5.474*3.43] mapped 332834 sequences
[M::worker_pipeline::6.225*3.47] mapped 332768 sequences
[M::worker_pipeline::6.912*3.52] mapped 332728 sequences
[M::worker_pipeline::7.470*3.60] mapped 332750 sequences
[M::worker_pipeline::8.171*3.60] mapped 332698 sequences
[M::worker_pipeline::8.798*3.63] mapped 332702 sequences
[M::worker_pipeline::9.382*3.67] mapped 332658 sequences
[M::worker_pipeline::10.108*3.68] mapped 332606 sequences
[M::worker_pipeline::10.691*3.72] mapped 332726 sequences
[M::worker_pipeline::11.288*3.74] mapped 332658 sequences
[M::worker_pipeline::11.983*3.74] mapped 332622 sequences
[M::worker_pipeline::12.581*3.76] mapped 332638 sequences
[M::worker_pipeline::13.176*3.77] mapped 332666 sequences
[M::worker_pipeline::13.847*3.78] mapped 332664 sequences
[M::worker_pipeline::14.454*3.79] mapped 332696 sequences
[M::worker_pipeline::15.100*3.81] mapped 332820 sequences
[M::worker_pipeline::15.871*3.80] mapped 332896 sequences
[M::worker_pipeline::16.386*3.82] mapped 332932 sequences
[M::worker_pipeline::17.040*3.83] mapped 332920 sequences
[M::worker_pipeline::17.787*3.81] mapped 332928 sequences
[M::worker_pipeline::18.331*3.83] mapped 333042 sequences
[M::worker_pipeline::18.955*3.85] mapped 332916 sequences
[M::worker_pipeline::19.720*3.84] mapped 332844 sequences
[M::worker_pipeline::20.220*3.86] mapped 332818 sequences
[M::worker_pipeline::20.879*3.86] mapped 332752 sequences
[M::worker_pipeline::21.506*3.86] mapped 332682 sequences
[M::worker_pipeline::22.180*3.85] mapped 332662 sequences
[M::worker_pipeline::22.886*3.85] mapped 332632 sequences
[M::worker_pipeline::23.568*3.85] mapped 332682 sequences
[M::worker_pipeline::24.339*3.84] mapped 332712 sequences
[M::worker_pipeline::24.768*3.86] mapped 332748 sequences
[M::worker_pipeline::25.506*3.85] mapped 332812 sequences
[M::worker_pipeline::26.177*3.85] mapped 333190 sequences
[M::worker_pipeline::26.983*3.83] mapped 332906 sequences
[M::worker_pipeline::27.566*3.84] mapped 332726 sequences
[M::worker_pipeline::28.305*3.83] mapped 332726 sequences
[M::worker_pipeline::29.199*3.81] mapped 332708 sequences
[M::worker_pipeline::29.714*3.82] mapped 332658 sequences
[M::worker_pipeline::30.461*3.81] mapped 332654 sequences
[M::worker_pipeline::31.099*3.82] mapped 332658 sequences
[M::worker_pipeline::31.887*3.81] mapped 332722 sequences
[M::worker_pipeline::32.429*3.83] mapped 332626 sequences
[M::worker_pipeline::33.123*3.82] mapped 332628 sequences
[M::worker_pipeline::33.752*3.82] mapped 332642 sequences
[M::worker_pipeline::34.401*3.83] mapped 332696 sequences
[M::worker_pipeline::35.158*3.82] mapped 332692 sequences
[M::worker_pipeline::35.865*3.82] mapped 332690 sequences
[M::worker_pipeline::36.499*3.82] mapped 332658 sequences
[M::worker_pipeline::37.076*3.83] mapped 332654 sequences
[M::worker_pipeline::37.762*3.83] mapped 332846 sequences
[M::worker_pipeline::38.385*3.83] mapped 332748 sequences
[M::worker_pipeline::38.953*3.84] mapped 332758 sequences
[M::worker_pipeline::39.763*3.83] mapped 332880 sequences
[M::worker_pipeline::40.295*3.84] mapped 332812 sequences
[M::worker_pipeline::40.928*3.84] mapped 332850 sequences
[M::worker_pipeline::41.784*3.82] mapped 332756 sequences
[M::worker_pipeline::42.287*3.83] mapped 332764 sequences
[M::worker_pipeline::42.914*3.84] mapped 332686 sequences
[M::worker_pipeline::43.566*3.83] mapped 332738 sequences
[M::worker_pipeline::44.457*3.82] mapped 332822 sequences
[M::worker_pipeline::44.853*3.84] mapped 332904 sequences
[M::worker_pipeline::45.523*3.84] mapped 332898 sequences
[M::worker_pipeline::46.324*3.83] mapped 333010 sequences
[M::worker_pipeline::46.984*3.83] mapped 332992 sequences
[M::worker_pipeline::47.538*3.84] mapped 333082 sequences
[M::worker_pipeline::48.217*3.84] mapped 333116 sequences
[M::worker_pipeline::48.797*3.85] mapped 333328 sequences
[M::worker_pipeline::49.553*3.84] mapped 333224 sequences
[M::worker_pipeline::50.126*3.85] mapped 333200 sequences
[M::worker_pipeline::50.746*3.85] mapped 333396 sequences
[M::worker_pipeline::51.516*3.84] mapped 333296 sequences
[M::worker_pipeline::52.137*3.85] mapped 333422 sequences
[M::worker_pipeline::52.758*3.85] mapped 333456 sequences
[M::worker_pipeline::53.481*3.84] mapped 332796 sequences
[M::worker_pipeline::54.082*3.85] mapped 332676 sequences
[M::worker_pipeline::54.712*3.85] mapped 332712 sequences
[M::worker_pipeline::55.433*3.84] mapped 332600 sequences
[M::worker_pipeline::56.042*3.84] mapped 332522 sequences
[M::worker_pipeline::56.733*3.84] mapped 332518 sequences
[M::worker_pipeline::57.378*3.84] mapped 332466 sequences
[M::worker_pipeline::58.061*3.84] mapped 332454 sequences
[M::worker_pipeline::58.627*3.84] mapped 332442 sequences
[M::worker_pipeline::59.334*3.84] mapped 332358 sequences
[M::worker_pipeline::59.931*3.84] mapped 332364 sequences
[M::worker_pipeline::60.549*3.84] mapped 332340 sequences
[M::worker_pipeline::61.245*3.84] mapped 332382 sequences
[M::worker_pipeline::61.891*3.84] mapped 332376 sequences
[M::worker_pipeline::62.501*3.84] mapped 332338 sequences
[M::worker_pipeline::63.230*3.84] mapped 332388 sequences
[M::worker_pipeline::63.833*3.84] mapped 332352 sequences
[M::worker_pipeline::64.600*3.84] mapped 332406 sequences
[M::worker_pipeline::65.134*3.84] mapped 332314 sequences
[M::worker_pipeline::65.803*3.84] mapped 332388 sequences
[M::worker_pipeline::66.637*3.83] mapped 332342 sequences
[M::worker_pipeline::67.360*3.82] mapped 332448 sequences
[M::worker_pipeline::68.043*3.82] mapped 332448 sequences
[M::worker_pipeline::68.676*3.82] mapped 332548 sequences
[M::worker_pipeline::69.365*3.82] mapped 332674 sequences
[M::worker_pipeline::69.923*3.82] mapped 332728 sequences
[M::worker_pipeline::75.483*3.63] mapped 332764 sequences
[M::worker_pipeline::75.715*3.63] mapped 332758 sequences
[M::worker_pipeline::75.945*3.62] mapped 332668 sequences
[M::worker_pipeline::76.385*3.63] mapped 332622 sequences
[M::worker_pipeline::77.088*3.64] mapped 332592 sequences
[M::worker_pipeline::77.831*3.64] mapped 332516 sequences
[M::worker_pipeline::78.327*3.64] mapped 332488 sequences
[M::worker_pipeline::78.985*3.64] mapped 332498 sequences
[M::worker_pipeline::79.562*3.65] mapped 332454 sequences
[M::worker_pipeline::80.210*3.65] mapped 332530 sequences
[M::worker_pipeline::80.883*3.65] mapped 332416 sequences
[M::worker_pipeline::81.519*3.65] mapped 332518 sequences
[M::worker_pipeline::82.179*3.65] mapped 332492 sequences
[M::worker_pipeline::83.001*3.65] mapped 332806 sequences
[M::worker_pipeline::83.411*3.66] mapped 332894 sequences
[M::worker_pipeline::84.316*3.66] mapped 332758 sequences
[M::worker_pipeline::84.838*3.66] mapped 332488 sequences
[M::worker_pipeline::85.508*3.66] mapped 332480 sequences
[M::worker_pipeline::86.178*3.66] mapped 332360 sequences
[M::worker_pipeline::86.782*3.66] mapped 332412 sequences
[M::worker_pipeline::87.545*3.66] mapped 332342 sequences
[M::worker_pipeline::88.021*3.67] mapped 332364 sequences
[M::worker_pipeline::88.693*3.67] mapped 332348 sequences
[M::worker_pipeline::89.486*3.66] mapped 332392 sequences
[M::worker_pipeline::89.930*3.67] mapped 332374 sequences
[M::worker_pipeline::90.762*3.67] mapped 332428 sequences
[M::worker_pipeline::91.297*3.67] mapped 332442 sequences
[M::worker_pipeline::91.913*3.67] mapped 332440 sequences
[M::worker_pipeline::92.719*3.67] mapped 332446 sequences
[M::worker_pipeline::93.255*3.68] mapped 332318 sequences
[M::worker_pipeline::93.862*3.68] mapped 332282 sequences
[M::worker_pipeline::94.672*3.68] mapped 332330 sequences
[M::worker_pipeline::95.157*3.68] mapped 332356 sequences
[M::worker_pipeline::95.888*3.68] mapped 332322 sequences
[M::worker_pipeline::96.594*3.68] mapped 332388 sequences
[M::worker_pipeline::97.122*3.69] mapped 332394 sequences
[M::worker_pipeline::97.836*3.69] mapped 332388 sequences
[M::worker_pipeline::98.456*3.69] mapped 332342 sequences
[M::worker_pipeline::99.065*3.69] mapped 332268 sequences
[M::worker_pipeline::99.676*3.69] mapped 332234 sequences
[M::worker_pipeline::100.278*3.70] mapped 332244 sequences
[M::worker_pipeline::100.946*3.70] mapped 332294 sequences
[M::worker_pipeline::101.613*3.70] mapped 332398 sequences
[M::worker_pipeline::102.308*3.70] mapped 332368 sequences
[M::worker_pipeline::102.844*3.71] mapped 332344 sequences
[M::worker_pipeline::103.448*3.71] mapped 332390 sequences
[M::worker_pipeline::104.115*3.71] mapped 332436 sequences
[M::worker_pipeline::104.632*3.71] mapped 332456 sequences
[M::worker_pipeline::105.314*3.71] mapped 332460 sequences
[M::worker_pipeline::106.016*3.71] mapped 332400 sequences
[M::worker_pipeline::106.599*3.72] mapped 332386 sequences
[M::worker_pipeline::107.259*3.72] mapped 332448 sequences
[M::worker_pipeline::107.824*3.72] mapped 332376 sequences
[M::worker_pipeline::108.456*3.72] mapped 332416 sequences
[M::worker_pipeline::109.122*3.72] mapped 332506 sequences
[M::worker_pipeline::109.764*3.72] mapped 332568 sequences
[M::worker_pipeline::110.345*3.73] mapped 332736 sequences
[M::worker_pipeline::110.961*3.73] mapped 332694 sequences
[M::worker_pipeline::111.576*3.73] mapped 332634 sequences
[M::worker_pipeline::112.171*3.73] mapped 332576 sequences
[M::worker_pipeline::112.830*3.73] mapped 332460 sequences
[M::worker_pipeline::113.458*3.73] mapped 332554 sequences
[M::worker_pipeline::114.029*3.74] mapped 332506 sequences
[M::worker_pipeline::114.679*3.74] mapped 332472 sequences
[M::worker_pipeline::115.288*3.74] mapped 332482 sequences
[M::worker_pipeline::115.888*3.74] mapped 332462 sequences
[M::worker_pipeline::116.524*3.74] mapped 332472 sequences
[M::worker_pipeline::117.226*3.75] mapped 332374 sequences
[M::worker_pipeline::117.742*3.75] mapped 332388 sequences
[M::worker_pipeline::118.402*3.75] mapped 332368 sequences
[M::worker_pipeline::119.159*3.75] mapped 332414 sequences
[M::worker_pipeline::119.671*3.75] mapped 332312 sequences
[M::worker_pipeline::120.247*3.75] mapped 332348 sequences
[M::worker_pipeline::120.922*3.75] mapped 332284 sequences
[M::worker_pipeline::121.437*3.76] mapped 332296 sequences
[M::worker_pipeline::122.173*3.76] mapped 332364 sequences
[M::worker_pipeline::122.860*3.76] mapped 332364 sequences
[M::worker_pipeline::123.375*3.76] mapped 332316 sequences
[M::worker_pipeline::124.044*3.76] mapped 332470 sequences
[M::worker_pipeline::124.732*3.76] mapped 332486 sequences
[M::worker_pipeline::125.289*3.76] mapped 332468 sequences
[M::worker_pipeline::125.951*3.76] mapped 332508 sequences
[M::worker_pipeline::126.682*3.76] mapped 332484 sequences
[M::worker_pipeline::127.148*3.77] mapped 332456 sequences
[M::worker_pipeline::127.828*3.77] mapped 332472 sequences
[M::worker_pipeline::128.525*3.77] mapped 332424 sequences
[M::worker_pipeline::129.024*3.77] mapped 332442 sequences
[M::worker_pipeline::129.682*3.77] mapped 332328 sequences
[M::worker_pipeline::130.353*3.77] mapped 332292 sequences
[M::worker_pipeline::130.884*3.77] mapped 332330 sequences
[M::worker_pipeline::131.538*3.77] mapped 332368 sequences
[M::worker_pipeline::132.137*3.78] mapped 332310 sequences
[M::worker_pipeline::132.733*3.78] mapped 332378 sequences
[M::worker_pipeline::133.427*3.78] mapped 332444 sequences
[M::worker_pipeline::134.025*3.78] mapped 332448 sequences
[M::worker_pipeline::134.612*3.78] mapped 332656 sequences
[M::worker_pipeline::135.244*3.78] mapped 332554 sequences
[M::worker_pipeline::135.898*3.78] mapped 332432 sequences
[M::worker_pipeline::136.508*3.78] mapped 332386 sequences
[M::worker_pipeline::137.304*3.78] mapped 332398 sequences
[M::worker_pipeline::138.249*3.77] mapped 332410 sequences
[M::worker_pipeline::138.937*3.77] mapped 332452 sequences
[M::worker_pipeline::139.967*3.76] mapped 332726 sequences
[M::worker_pipeline::140.520*3.76] mapped 332424 sequences
[M::worker_pipeline::141.120*3.77] mapped 332344 sequences
[M::worker_pipeline::146.457*3.68] mapped 332308 sequences
[M::worker_pipeline::146.665*3.67] mapped 332404 sequences
[M::worker_pipeline::146.873*3.67] mapped 332420 sequences
[M::worker_pipeline::147.421*3.67] mapped 332434 sequences
[M::worker_pipeline::148.064*3.68] mapped 332372 sequences
[M::worker_pipeline::148.627*3.68] mapped 332304 sequences
[M::worker_pipeline::149.279*3.68] mapped 332334 sequences
[M::worker_pipeline::149.911*3.68] mapped 332340 sequences
[M::worker_pipeline::150.504*3.68] mapped 332352 sequences
[M::worker_pipeline::151.169*3.68] mapped 332436 sequences
[M::worker_pipeline::151.843*3.69] mapped 332388 sequences
[M::worker_pipeline::152.396*3.69] mapped 332366 sequences
[M::worker_pipeline::153.071*3.69] mapped 332358 sequences
[M::worker_pipeline::153.694*3.69] mapped 332318 sequences
[M::worker_pipeline::154.287*3.69] mapped 332354 sequences
[M::worker_pipeline::154.886*3.69] mapped 332262 sequences
[M::worker_pipeline::155.578*3.69] mapped 332352 sequences
[M::worker_pipeline::156.140*3.70] mapped 332324 sequences
[M::worker_pipeline::156.759*3.70] mapped 332382 sequences
[M::worker_pipeline::157.409*3.70] mapped 332444 sequences
[M::worker_pipeline::158.014*3.70] mapped 332468 sequences
[M::worker_pipeline::158.636*3.70] mapped 332478 sequences
[M::worker_pipeline::159.357*3.70] mapped 332550 sequences
[M::worker_pipeline::159.868*3.70] mapped 332534 sequences
[M::worker_pipeline::160.610*3.70] mapped 332552 sequences
[M::worker_pipeline::161.280*3.71] mapped 332604 sequences
[M::worker_pipeline::161.763*3.71] mapped 332574 sequences
[M::worker_pipeline::162.505*3.71] mapped 332646 sequences
[M::worker_pipeline::163.071*3.71] mapped 332648 sequences
[M::worker_pipeline::163.648*3.71] mapped 332600 sequences
[M::worker_pipeline::164.377*3.71] mapped 332638 sequences
[M::worker_pipeline::165.136*3.71] mapped 332614 sequences
[M::worker_pipeline::165.623*3.72] mapped 332860 sequences
[M::worker_pipeline::166.423*3.71] mapped 332900 sequences
[M::worker_pipeline::167.094*3.71] mapped 332872 sequences
[M::worker_pipeline::167.642*3.72] mapped 332854 sequences
[M::worker_pipeline::168.398*3.72] mapped 332906 sequences
[M::worker_pipeline::169.210*3.71] mapped 332784 sequences
[M::worker_pipeline::169.646*3.72] mapped 332762 sequences
[M::worker_pipeline::170.578*3.71] mapped 332750 sequences
[M::worker_pipeline::171.490*3.72] mapped 332670 sequences
[M::worker_pipeline::171.708*3.71] mapped 332634 sequences
[M::worker_pipeline::172.348*3.72] mapped 332624 sequences
[M::worker_pipeline::173.107*3.71] mapped 332634 sequences
[M::worker_pipeline::173.541*3.72] mapped 332584 sequences
[M::worker_pipeline::174.350*3.72] mapped 332516 sequences
[M::worker_pipeline::175.252*3.72] mapped 332648 sequences
[M::worker_pipeline::175.471*3.72] mapped 332646 sequences
[M::worker_pipeline::176.115*3.72] mapped 332596 sequences
[M::worker_pipeline::176.764*3.72] mapped 332538 sequences
[M::worker_pipeline::177.276*3.72] mapped 332532 sequences
[M::worker_pipeline::177.958*3.73] mapped 332592 sequences
[M::worker_pipeline::178.717*3.72] mapped 332560 sequences
[M::worker_pipeline::179.141*3.73] mapped 332550 sequences
[M::worker_pipeline::179.806*3.73] mapped 332574 sequences
[M::worker_pipeline::180.646*3.73] mapped 332590 sequences
[M::worker_pipeline::181.136*3.73] mapped 332642 sequences
[M::worker_pipeline::181.748*3.73] mapped 332616 sequences
[M::worker_pipeline::182.648*3.73] mapped 332702 sequences
[M::worker_pipeline::183.010*3.73] mapped 332692 sequences
[M::worker_pipeline::183.688*3.73] mapped 332714 sequences
[M::worker_pipeline::184.486*3.73] mapped 332666 sequences
[M::worker_pipeline::185.101*3.73] mapped 332708 sequences
[M::worker_pipeline::185.732*3.73] mapped 332628 sequences
[M::worker_pipeline::186.538*3.73] mapped 332660 sequences
[M::worker_pipeline::187.183*3.73] mapped 332614 sequences
[M::worker_pipeline::187.794*3.73] mapped 332602 sequences
[M::worker_pipeline::188.713*3.73] mapped 332632 sequences
[M::worker_pipeline::189.380*3.73] mapped 332660 sequences
[M::worker_pipeline::189.720*3.73] mapped 332522 sequences
[M::worker_pipeline::190.348*3.73] mapped 332470 sequences
[M::worker_pipeline::190.989*3.74] mapped 332544 sequences
[M::worker_pipeline::191.683*3.74] mapped 332598 sequences
[M::worker_pipeline::192.427*3.73] mapped 332630 sequences
[M::worker_pipeline::192.852*3.74] mapped 332614 sequences
[M::worker_pipeline::193.481*3.74] mapped 332572 sequences
[M::worker_pipeline::194.159*3.74] mapped 332614 sequences
[M::worker_pipeline::194.826*3.74] mapped 332544 sequences
[M::worker_pipeline::195.505*3.74] mapped 332616 sequences
[M::worker_pipeline::196.144*3.74] mapped 332554 sequences
[M::worker_pipeline::196.757*3.74] mapped 332546 sequences
[M::worker_pipeline::197.426*3.74] mapped 332584 sequences
[M::worker_pipeline::198.143*3.74] mapped 332588 sequences
[M::worker_pipeline::199.111*3.74] mapped 332568 sequences
[M::worker_pipeline::199.387*3.74] mapped 332546 sequences
[M::worker_pipeline::200.111*3.74] mapped 332464 sequences
[M::worker_pipeline::200.895*3.74] mapped 332456 sequences
[M::worker_pipeline::201.324*3.74] mapped 332524 sequences
[M::worker_pipeline::202.005*3.74] mapped 332494 sequences
[M::worker_pipeline::202.907*3.74] mapped 332456 sequences
[M::worker_pipeline::203.262*3.74] mapped 332426 sequences
[M::worker_pipeline::203.939*3.74] mapped 332444 sequences
[M::worker_pipeline::204.841*3.74] mapped 332440 sequences
[M::worker_pipeline::205.182*3.74] mapped 332436 sequences
[M::worker_pipeline::205.835*3.74] mapped 332370 sequences
[M::worker_pipeline::206.633*3.74] mapped 332442 sequences
[M::worker_pipeline::207.049*3.74] mapped 332396 sequences
[M::worker_pipeline::207.629*3.75] mapped 332404 sequences
[M::worker_pipeline::208.586*3.74] mapped 332458 sequences
[M::worker_pipeline::209.323*3.74] mapped 332462 sequences
[M::worker_pipeline::210.198*3.74] mapped 332482 sequences
[M::worker_pipeline::210.926*3.73] mapped 332428 sequences
[M::worker_pipeline::211.590*3.73] mapped 332488 sequences
[M::worker_pipeline::212.261*3.73] mapped 332504 sequences
[M::worker_pipeline::212.901*3.74] mapped 332480 sequences
[M::worker_pipeline::213.543*3.74] mapped 332452 sequences
[M::worker_pipeline::220.565*3.65] mapped 332438 sequences
[M::worker_pipeline::220.759*3.65] mapped 332484 sequences
[M::worker_pipeline::220.948*3.64] mapped 332506 sequences
[M::worker_pipeline::221.489*3.65] mapped 332468 sequences
[M::worker_pipeline::222.125*3.65] mapped 332494 sequences
[M::worker_pipeline::222.823*3.65] mapped 332748 sequences
[M::worker_pipeline::223.711*3.64] mapped 332612 sequences
[M::worker_pipeline::224.319*3.64] mapped 332664 sequences
[M::worker_pipeline::224.923*3.64] mapped 332634 sequences
[M::worker_pipeline::225.595*3.64] mapped 332626 sequences
[M::worker_pipeline::226.441*3.64] mapped 332556 sequences
[M::worker_pipeline::226.919*3.65] mapped 332606 sequences
[M::worker_pipeline::227.570*3.65] mapped 332606 sequences
[M::worker_pipeline::228.547*3.65] mapped 332540 sequences
[M::worker_pipeline::228.860*3.65] mapped 332462 sequences
[M::worker_pipeline::229.453*3.65] mapped 332470 sequences
[M::worker_pipeline::230.183*3.65] mapped 332450 sequences
[M::worker_pipeline::230.836*3.65] mapped 332436 sequences
[M::worker_pipeline::231.394*3.65] mapped 332446 sequences
[M::worker_pipeline::232.390*3.65] mapped 332378 sequences
[M::worker_pipeline::232.701*3.65] mapped 332400 sequences
[M::worker_pipeline::233.397*3.65] mapped 332374 sequences
[M::worker_pipeline::234.118*3.65] mapped 332452 sequences
[M::worker_pipeline::234.790*3.66] mapped 332418 sequences
[M::worker_pipeline::235.343*3.66] mapped 332422 sequences
[M::worker_pipeline::236.444*3.66] mapped 332432 sequences
[M::worker_pipeline::236.628*3.66] mapped 332404 sequences
[M::worker_pipeline::237.221*3.66] mapped 332422 sequences
[M::worker_pipeline::238.214*3.66] mapped 332480 sequences
[M::worker_pipeline::238.475*3.66] mapped 332632 sequences
[M::worker_pipeline::239.115*3.66] mapped 332552 sequences
[M::worker_pipeline::239.754*3.66] mapped 332604 sequences
[M::worker_pipeline::240.403*3.66] mapped 332554 sequences
[M::worker_pipeline::241.051*3.66] mapped 332548 sequences
[M::worker_pipeline::241.747*3.66] mapped 332476 sequences
[M::worker_pipeline::242.391*3.66] mapped 332472 sequences
[M::worker_pipeline::243.062*3.66] mapped 332428 sequences
[M::worker_pipeline::243.743*3.67] mapped 332536 sequences
[M::worker_pipeline::244.391*3.67] mapped 332468 sequences
[M::worker_pipeline::245.104*3.67] mapped 332560 sequences
[M::worker_pipeline::245.759*3.67] mapped 332518 sequences
[M::worker_pipeline::246.424*3.67] mapped 332532 sequences
[M::worker_pipeline::247.113*3.67] mapped 332420 sequences
[M::worker_pipeline::247.740*3.67] mapped 332468 sequences
[M::worker_pipeline::248.372*3.67] mapped 332412 sequences
[M::worker_pipeline::249.091*3.67] mapped 332330 sequences
[M::worker_pipeline::250.140*3.67] mapped 332502 sequences
[M::worker_pipeline::250.392*3.67] mapped 332592 sequences
[M::worker_pipeline::250.994*3.67] mapped 332378 sequences
[M::worker_pipeline::251.653*3.67] mapped 332412 sequences
[M::worker_pipeline::252.318*3.67] mapped 332420 sequences
[M::worker_pipeline::252.979*3.67] mapped 332492 sequences
[M::worker_pipeline::253.640*3.67] mapped 332358 sequences
[M::worker_pipeline::254.361*3.67] mapped 332392 sequences
[M::worker_pipeline::255.001*3.67] mapped 332436 sequences
[M::worker_pipeline::255.634*3.67] mapped 332482 sequences
[M::worker_pipeline::256.358*3.67] mapped 332452 sequences
[M::worker_pipeline::257.006*3.67] mapped 332504 sequences
[M::worker_pipeline::257.637*3.67] mapped 332402 sequences
[M::worker_pipeline::258.700*3.67] mapped 332386 sequences
[M::worker_pipeline::258.981*3.67] mapped 332354 sequences
[M::worker_pipeline::259.665*3.67] mapped 332350 sequences
[M::worker_pipeline::260.291*3.67] mapped 332350 sequences
[M::worker_pipeline::260.922*3.67] mapped 332372 sequences
[M::worker_pipeline::261.573*3.67] mapped 332304 sequences
[M::worker_pipeline::262.223*3.67] mapped 332324 sequences
[M::worker_pipeline::262.950*3.67] mapped 332274 sequences
[M::worker_pipeline::263.599*3.67] mapped 332312 sequences
[M::worker_pipeline::264.243*3.67] mapped 332594 sequences
[M::worker_pipeline::264.828*3.68] mapped 332370 sequences
[M::worker_pipeline::265.474*3.68] mapped 332358 sequences
[M::worker_pipeline::266.147*3.68] mapped 332346 sequences
[M::worker_pipeline::266.851*3.68] mapped 332276 sequences
[M::worker_pipeline::267.398*3.68] mapped 332290 sequences
[M::worker_pipeline::268.057*3.68] mapped 332300 sequences
[M::worker_pipeline::268.711*3.68] mapped 332360 sequences
[M::worker_pipeline::269.391*3.68] mapped 332352 sequences
[M::worker_pipeline::269.999*3.68] mapped 332358 sequences
[M::worker_pipeline::270.658*3.68] mapped 332432 sequences
[M::worker_pipeline::271.326*3.68] mapped 332352 sequences
[M::worker_pipeline::272.323*3.68] mapped 332378 sequences
[M::worker_pipeline::272.719*3.68] mapped 332394 sequences
[M::worker_pipeline::273.359*3.68] mapped 332406 sequences
[M::worker_pipeline::273.952*3.68] mapped 332472 sequences
[M::worker_pipeline::274.639*3.68] mapped 332560 sequences
[M::worker_pipeline::275.293*3.68] mapped 332640 sequences
[M::worker_pipeline::275.995*3.68] mapped 332584 sequences
[M::worker_pipeline::276.782*3.68] mapped 332536 sequences
[M::worker_pipeline::277.671*3.68] mapped 332410 sequences
[M::worker_pipeline::278.501*3.67] mapped 332430 sequences
[M::worker_pipeline::279.390*3.67] mapped 332410 sequences
[M::worker_pipeline::280.262*3.67] mapped 332436 sequences
[M::worker_pipeline::280.943*3.67] mapped 332380 sequences
[M::worker_pipeline::281.623*3.67] mapped 332316 sequences
[M::worker_pipeline::282.192*3.67] mapped 332296 sequences
[M::worker_pipeline::282.802*3.67] mapped 332382 sequences
[M::worker_pipeline::283.454*3.67] mapped 332316 sequences
[M::worker_pipeline::284.137*3.67] mapped 332298 sequences
[M::worker_pipeline::284.801*3.67] mapped 332298 sequences
[M::worker_pipeline::285.454*3.67] mapped 332266 sequences
[M::worker_pipeline::286.105*3.67] mapped 332330 sequences
[M::worker_pipeline::286.745*3.67] mapped 332218 sequences
[M::worker_pipeline::287.397*3.67] mapped 332288 sequences
[M::worker_pipeline::287.959*3.67] mapped 332286 sequences
[M::worker_pipeline::288.619*3.67] mapped 332328 sequences
[M::worker_pipeline::294.085*3.63] mapped 332284 sequences
[M::worker_pipeline::294.280*3.62] mapped 332326 sequences
[M::worker_pipeline::294.477*3.62] mapped 332348 sequences
[M::worker_pipeline::295.014*3.62] mapped 332366 sequences
[M::worker_pipeline::295.652*3.63] mapped 332326 sequences
[M::worker_pipeline::296.273*3.63] mapped 332362 sequences
[M::worker_pipeline::296.928*3.63] mapped 332388 sequences
[M::worker_pipeline::297.469*3.63] mapped 332280 sequences
[M::worker_pipeline::298.168*3.63] mapped 332274 sequences
[M::worker_pipeline::298.749*3.63] mapped 332260 sequences
[M::worker_pipeline::299.347*3.63] mapped 332274 sequences
[M::worker_pipeline::299.994*3.63] mapped 332310 sequences
[M::worker_pipeline::300.665*3.63] mapped 332276 sequences
[M::worker_pipeline::301.272*3.63] mapped 332280 sequences
[M::worker_pipeline::301.934*3.63] mapped 332270 sequences
[M::worker_pipeline::302.600*3.63] mapped 332250 sequences
[M::worker_pipeline::303.251*3.63] mapped 332230 sequences
[M::worker_pipeline::303.926*3.63] mapped 332232 sequences
[M::worker_pipeline::304.601*3.63] mapped 332442 sequences
[M::worker_pipeline::305.209*3.63] mapped 332344 sequences
[M::worker_pipeline::305.844*3.63] mapped 332388 sequences
[M::worker_pipeline::306.506*3.63] mapped 332326 sequences
[M::worker_pipeline::307.136*3.63] mapped 332250 sequences
[M::worker_pipeline::307.744*3.63] mapped 332320 sequences
[M::worker_pipeline::308.384*3.63] mapped 332348 sequences
[M::worker_pipeline::309.000*3.63] mapped 332586 sequences
[M::worker_pipeline::309.619*3.64] mapped 332296 sequences
[M::worker_pipeline::310.269*3.64] mapped 332308 sequences
[M::worker_pipeline::310.887*3.64] mapped 332298 sequences
[M::worker_pipeline::311.487*3.64] mapped 332268 sequences
[M::worker_pipeline::312.214*3.64] mapped 332248 sequences
[M::worker_pipeline::312.817*3.64] mapped 332296 sequences
[M::worker_pipeline::313.508*3.64] mapped 332322 sequences
[M::worker_pipeline::314.168*3.64] mapped 332196 sequences
[M::worker_pipeline::314.809*3.64] mapped 332348 sequences
[M::worker_pipeline::315.400*3.64] mapped 332286 sequences
[M::worker_pipeline::316.097*3.64] mapped 332292 sequences
[M::worker_pipeline::316.759*3.64] mapped 332262 sequences
[M::worker_pipeline::317.386*3.64] mapped 332266 sequences
[M::worker_pipeline::318.021*3.64] mapped 332248 sequences
[M::worker_pipeline::318.715*3.64] mapped 332354 sequences
[M::worker_pipeline::319.395*3.64] mapped 332394 sequences
[M::worker_pipeline::320.079*3.64] mapped 332408 sequences
[M::worker_pipeline::320.748*3.64] mapped 332286 sequences
[M::worker_pipeline::321.396*3.64] mapped 332236 sequences
[M::worker_pipeline::322.095*3.64] mapped 332248 sequences
[M::worker_pipeline::322.718*3.64] mapped 332276 sequences
[M::worker_pipeline::323.425*3.64] mapped 332364 sequences
[M::worker_pipeline::324.098*3.64] mapped 332478 sequences
[M::worker_pipeline::324.742*3.64] mapped 332454 sequences
[M::worker_pipeline::325.398*3.64] mapped 332420 sequences
[M::worker_pipeline::326.034*3.64] mapped 332436 sequences
[M::worker_pipeline::326.784*3.64] mapped 332402 sequences
[M::worker_pipeline::327.321*3.64] mapped 332612 sequences
[M::worker_pipeline::327.917*3.64] mapped 332506 sequences
[M::worker_pipeline::328.550*3.64] mapped 332402 sequences
[M::worker_pipeline::329.215*3.64] mapped 332490 sequences
[M::worker_pipeline::329.856*3.64] mapped 332560 sequences
[M::worker_pipeline::330.560*3.64] mapped 332518 sequences
[M::worker_pipeline::331.189*3.64] mapped 332668 sequences
[M::worker_pipeline::331.833*3.64] mapped 332554 sequences
[M::worker_pipeline::332.532*3.64] mapped 332560 sequences
[M::worker_pipeline::333.168*3.64] mapped 332616 sequences
[M::worker_pipeline::333.824*3.64] mapped 332586 sequences
[M::worker_pipeline::334.496*3.64] mapped 332442 sequences
[M::worker_pipeline::335.168*3.64] mapped 332430 sequences
[M::worker_pipeline::335.837*3.64] mapped 332468 sequences
[M::worker_pipeline::336.424*3.64] mapped 332408 sequences
[M::worker_pipeline::337.107*3.64] mapped 332360 sequences
[M::worker_pipeline::337.738*3.64] mapped 332386 sequences
[M::worker_pipeline::338.362*3.64] mapped 332418 sequences
[M::worker_pipeline::339.053*3.64] mapped 332338 sequences
[M::worker_pipeline::339.685*3.65] mapped 332302 sequences
[M::worker_pipeline::340.338*3.65] mapped 332296 sequences
[M::worker_pipeline::340.931*3.65] mapped 332310 sequences
[M::worker_pipeline::341.639*3.65] mapped 332398 sequences
[M::worker_pipeline::342.554*3.64] mapped 332318 sequences
[M::worker_pipeline::343.396*3.64] mapped 332296 sequences
[M::worker_pipeline::344.108*3.64] mapped 332336 sequences
[M::worker_pipeline::344.838*3.64] mapped 332276 sequences
[M::worker_pipeline::345.437*3.64] mapped 332328 sequences
[M::worker_pipeline::346.080*3.64] mapped 332350 sequences
[M::worker_pipeline::346.650*3.64] mapped 332410 sequences
[M::worker_pipeline::347.317*3.64] mapped 332360 sequences
[M::worker_pipeline::347.926*3.64] mapped 332348 sequences
[M::worker_pipeline::348.566*3.64] mapped 332414 sequences
[M::worker_pipeline::349.183*3.64] mapped 332452 sequences
[M::worker_pipeline::349.819*3.65] mapped 332488 sequences
[M::worker_pipeline::350.488*3.65] mapped 332392 sequences
[M::worker_pipeline::351.126*3.65] mapped 332364 sequences
[M::worker_pipeline::351.793*3.65] mapped 332300 sequences
[M::worker_pipeline::352.442*3.65] mapped 332380 sequences
[M::worker_pipeline::353.099*3.65] mapped 332306 sequences
[M::worker_pipeline::353.757*3.65] mapped 332320 sequences
[M::worker_pipeline::354.377*3.65] mapped 332420 sequences
[M::worker_pipeline::355.080*3.65] mapped 332348 sequences
[M::worker_pipeline::355.748*3.65] mapped 332356 sequences
[M::worker_pipeline::356.325*3.65] mapped 332346 sequences
[M::worker_pipeline::357.013*3.65] mapped 332300 sequences
[M::worker_pipeline::357.582*3.65] mapped 332342 sequences
[M::worker_pipeline::358.220*3.65] mapped 332346 sequences
[M::worker_pipeline::358.853*3.65] mapped 332264 sequences
[M::worker_pipeline::359.480*3.65] mapped 332302 sequences
[M::worker_pipeline::360.069*3.65] mapped 332304 sequences
[M::worker_pipeline::360.872*3.65] mapped 332300 sequences
[M::worker_pipeline::366.056*3.62] mapped 332978 sequences
[M::worker_pipeline::366.257*3.62] mapped 332294 sequences
[M::worker_pipeline::366.445*3.62] mapped 332296 sequences
[M::worker_pipeline::366.978*3.62] mapped 332376 sequences
[M::worker_pipeline::367.599*3.62] mapped 332456 sequences
[M::worker_pipeline::368.214*3.62] mapped 332336 sequences
[M::worker_pipeline::368.844*3.62] mapped 332190 sequences
[M::worker_pipeline::369.489*3.62] mapped 332266 sequences
[M::worker_pipeline::370.130*3.62] mapped 332236 sequences
[M::worker_pipeline::370.769*3.62] mapped 332208 sequences
[M::worker_pipeline::371.374*3.62] mapped 332186 sequences
[M::worker_pipeline::372.019*3.62] mapped 332176 sequences
[M::worker_pipeline::372.650*3.62] mapped 332182 sequences
[M::worker_pipeline::373.304*3.62] mapped 332196 sequences
[M::worker_pipeline::373.984*3.62] mapped 332172 sequences
[M::worker_pipeline::374.664*3.62] mapped 332552 sequences
[M::worker_pipeline::375.212*3.62] mapped 332210 sequences
[M::worker_pipeline::375.844*3.62] mapped 332168 sequences
[M::worker_pipeline::376.474*3.62] mapped 332174 sequences
[M::worker_pipeline::377.146*3.62] mapped 332146 sequences
[M::worker_pipeline::377.757*3.62] mapped 332138 sequences
[M::worker_pipeline::378.413*3.62] mapped 332186 sequences
[M::worker_pipeline::379.011*3.62] mapped 332208 sequences
[M::worker_pipeline::379.675*3.62] mapped 332268 sequences
[M::worker_pipeline::380.227*3.63] mapped 332256 sequences
[M::worker_pipeline::380.909*3.63] mapped 332344 sequences
[M::worker_pipeline::381.586*3.63] mapped 332264 sequences
[M::worker_pipeline::382.232*3.63] mapped 332286 sequences
[M::worker_pipeline::382.884*3.63] mapped 332198 sequences
[M::worker_pipeline::383.507*3.63] mapped 332306 sequences
[M::worker_pipeline::384.071*3.63] mapped 332226 sequences
[M::worker_pipeline::384.672*3.63] mapped 332240 sequences
[M::worker_pipeline::385.285*3.63] mapped 332270 sequences
[M::worker_pipeline::385.943*3.63] mapped 332316 sequences
[M::worker_pipeline::386.559*3.63] mapped 332438 sequences
[M::worker_pipeline::387.238*3.63] mapped 332430 sequences
[M::worker_pipeline::387.858*3.63] mapped 332936 sequences
[M::worker_pipeline::388.556*3.63] mapped 332850 sequences
[M::worker_pipeline::389.182*3.63] mapped 332798 sequences
[M::worker_pipeline::389.852*3.63] mapped 332760 sequences
[M::worker_pipeline::390.420*3.63] mapped 332682 sequences
[M::worker_pipeline::391.089*3.63] mapped 332716 sequences
[M::worker_pipeline::391.758*3.63] mapped 332652 sequences
[M::worker_pipeline::392.362*3.63] mapped 332636 sequences
[M::worker_pipeline::393.043*3.63] mapped 332672 sequences
[M::worker_pipeline::393.720*3.63] mapped 332720 sequences
[M::worker_pipeline::394.369*3.63] mapped 332662 sequences
[M::worker_pipeline::395.026*3.63] mapped 332616 sequences
[M::worker_pipeline::395.692*3.63] mapped 332632 sequences
[M::worker_pipeline::396.366*3.63] mapped 332600 sequences
[M::worker_pipeline::397.008*3.63] mapped 332604 sequences
[M::worker_pipeline::397.682*3.64] mapped 332586 sequences
[M::worker_pipeline::398.208*3.64] mapped 332548 sequences
[M::worker_pipeline::398.816*3.64] mapped 332470 sequences
[M::worker_pipeline::399.418*3.64] mapped 332522 sequences
[M::worker_pipeline::400.077*3.64] mapped 332604 sequences
[M::worker_pipeline::400.730*3.64] mapped 332540 sequences
[M::worker_pipeline::401.401*3.64] mapped 332610 sequences
[M::worker_pipeline::401.997*3.64] mapped 332632 sequences
[M::worker_pipeline::402.635*3.64] mapped 332584 sequences
[M::worker_pipeline::403.296*3.64] mapped 332564 sequences
[M::worker_pipeline::404.014*3.64] mapped 332590 sequences
[M::worker_pipeline::404.604*3.64] mapped 332562 sequences
[M::worker_pipeline::405.280*3.64] mapped 332586 sequences
[M::worker_pipeline::405.953*3.64] mapped 332454 sequences
[M::worker_pipeline::406.506*3.64] mapped 332528 sequences
[M::worker_pipeline::407.206*3.64] mapped 332486 sequences
[M::worker_pipeline::407.899*3.64] mapped 332480 sequences
[M::worker_pipeline::408.598*3.64] mapped 332550 sequences
[M::worker_pipeline::409.289*3.64] mapped 332432 sequences
[M::worker_pipeline::409.855*3.64] mapped 332494 sequences
[M::worker_pipeline::410.528*3.64] mapped 332560 sequences
[M::worker_pipeline::411.138*3.64] mapped 332604 sequences
[M::worker_pipeline::411.801*3.64] mapped 332588 sequences
[M::worker_pipeline::412.378*3.64] mapped 332500 sequences
[M::worker_pipeline::413.014*3.64] mapped 332502 sequences
[M::worker_pipeline::413.639*3.64] mapped 332494 sequences
[M::worker_pipeline::414.309*3.64] mapped 332500 sequences
[M::worker_pipeline::414.978*3.64] mapped 332604 sequences
[M::worker_pipeline::415.602*3.64] mapped 332684 sequences
[M::worker_pipeline::416.220*3.64] mapped 332496 sequences
[M::worker_pipeline::416.922*3.64] mapped 332508 sequences
[M::worker_pipeline::417.503*3.64] mapped 332538 sequences
[M::worker_pipeline::418.173*3.64] mapped 332484 sequences
[M::worker_pipeline::418.868*3.64] mapped 332496 sequences
[M::worker_pipeline::419.510*3.64] mapped 332562 sequences
[M::worker_pipeline::420.190*3.64] mapped 332552 sequences
[M::worker_pipeline::420.846*3.64] mapped 332554 sequences
[M::worker_pipeline::421.481*3.64] mapped 332506 sequences
[M::worker_pipeline::422.061*3.65] mapped 332538 sequences
[M::worker_pipeline::422.772*3.65] mapped 332508 sequences
[M::worker_pipeline::423.405*3.65] mapped 332416 sequences
[M::worker_pipeline::424.000*3.65] mapped 332420 sequences
[M::worker_pipeline::424.701*3.65] mapped 332318 sequences
[M::worker_pipeline::425.278*3.65] mapped 332510 sequences
[M::worker_pipeline::425.947*3.65] mapped 332436 sequences
[M::worker_pipeline::426.613*3.65] mapped 332386 sequences
[M::worker_pipeline::427.263*3.65] mapped 332334 sequences
[M::worker_pipeline::427.884*3.65] mapped 332438 sequences
[M::worker_pipeline::428.521*3.65] mapped 332382 sequences
[M::worker_pipeline::429.195*3.65] mapped 332382 sequences
[M::worker_pipeline::429.830*3.65] mapped 332554 sequences
[M::worker_pipeline::430.517*3.65] mapped 332790 sequences
[M::worker_pipeline::431.149*3.65] mapped 332698 sequences
[M::worker_pipeline::431.792*3.65] mapped 332570 sequences
[M::worker_pipeline::432.576*3.65] mapped 332574 sequences
[M::worker_pipeline::437.544*3.62] mapped 332664 sequences
[M::worker_pipeline::437.726*3.62] mapped 332652 sequences
[M::worker_pipeline::437.914*3.62] mapped 332590 sequences
[M::worker_pipeline::438.492*3.62] mapped 332678 sequences
[M::worker_pipeline::439.127*3.62] mapped 332776 sequences
[M::worker_pipeline::439.807*3.62] mapped 332772 sequences
[M::worker_pipeline::440.446*3.62] mapped 332694 sequences
[M::worker_pipeline::441.042*3.62] mapped 332660 sequences
[M::worker_pipeline::441.578*3.62] mapped 290320 sequences
[M::main] Version: 2.22-r1101
[M::main] CMD: minimap2 --secondary=no -t 16 -R @RG\tID:snippy\tSM:snippy -ax sr /work/FAC/FBM/DMF/smitri/evomicrocomm/genome_size/data/ct/reference.fasta /work/FAC/FBM/DMF/smitri/evomicrocomm/genome_size/data/T11.3.2/read1.fq.gz /work/FAC/FBM/DMF/smitri/evomicrocomm/genome_size/data/T11.3.2/read2.fq.gz
[M::main] Real time: 441.602 sec; CPU: 1599.834 sec; Peak RSS: 0.508 GB
[bam_sort_core] merging from 96 files and 16 in-memory blocks...
[Sun Oct 17 22:56:03 2021]
Finished job 0.
1 of 1 steps (100%) done
