Building DAG of jobs...
Using shell: /usr/bin/bash
Provided cores: 1 (use --cores to define parallelism)
Rules claiming more threads will be scaled down.
Select jobs to execute...

[Mon Oct 18 13:32:57 2021]
rule md_pdf:
    input: /work/FAC/FBM/DMF/smitri/evomicrocomm/genome_size/data/T33.3.4/ms/report.md
    output: /work/FAC/FBM/DMF/smitri/evomicrocomm/genome_size/data/T33.3.4/ms/report.pdf
    jobid: 0
    wildcards: sample=T33.3.4, strain=ms
    resources: mem_mb=1000, disk_mb=1000, tmpdir=/tmp/2855477

]0;md-to-pdf[13:32:58] generating PDF from /work/FAC/FBM/DMF/smitri/evomicrocomm/genome_size/data/T33.3.4/ms/report.md [started]
/work/FAC/FBM/DMF/smitri/evomicrocomm/eric/miniconda3/envs/bqh/lib/node_modules/md-to-pdf/node_modules/puppeteer/lib/cjs/puppeteer/common/Connection.js:217
            this._callbacks.set(id, { resolve, reject, error: new Error(), method });
                                                              ^

Error: Protocol error (IO.close): Target closed.
    at /work/FAC/FBM/DMF/smitri/evomicrocomm/eric/miniconda3/envs/bqh/lib/node_modules/md-to-pdf/node_modules/puppeteer/lib/cjs/puppeteer/common/Connection.js:217:63
    at new Promise (<anonymous>)
    at CDPSession.send (/work/FAC/FBM/DMF/smitri/evomicrocomm/eric/miniconda3/envs/bqh/lib/node_modules/md-to-pdf/node_modules/puppeteer/lib/cjs/puppeteer/common/Connection.js:216:16)
    at Readable.read [as _read] (/work/FAC/FBM/DMF/smitri/evomicrocomm/eric/miniconda3/envs/bqh/lib/node_modules/md-to-pdf/node_modules/puppeteer/lib/cjs/puppeteer/common/helper.js:281:30)
    at processTicksAndRejections (node:internal/process/task_queues:96:5)
[Mon Oct 18 13:33:02 2021]
Error in rule md_pdf:
    jobid: 0
    output: /work/FAC/FBM/DMF/smitri/evomicrocomm/genome_size/data/T33.3.4/ms/report.pdf
    shell:
        md-to-pdf /work/FAC/FBM/DMF/smitri/evomicrocomm/genome_size/data/T33.3.4/ms/report.md
        (one of the commands exited with non-zero exit code; note that snakemake uses bash strict mode!)

Shutting down, this might take some time.
Exiting because a job execution failed. Look above for error message
