Building DAG of jobs...
Using shell: /usr/bin/bash
Provided cores: 16
Rules claiming more threads will be scaled down.
Select jobs to execute...

[Mon Oct 18 09:01:53 2021]
rule snippy:
    input: /work/FAC/FBM/DMF/smitri/evomicrocomm/genome_size/data/ct/reference.gbk, /work/FAC/FBM/DMF/smitri/evomicrocomm/genome_size/data/T33.2.2.rep/ct/mapped_reads.sorted.bam
    output: /work/FAC/FBM/DMF/smitri/evomicrocomm/genome_size/data/T33.2.2.rep/ct/snippy/snps.tab
    jobid: 0
    wildcards: sample=T33.2.2.rep, strain=ct
    threads: 16
    resources: mem_mb=1139, disk_mb=1139, tmpdir=/tmp/2847800

[09:01:53] This is snippy 4.6.0
[09:01:53] Written by Torsten Seemann
[09:01:53] Obtained from https://github.com/tseemann/snippy
[09:01:53] Detected operating system: linux
[09:01:53] Enabling bundled linux tools.
[09:01:53] Found bwa - /work/FAC/FBM/DMF/smitri/evomicrocomm/eric/miniconda3/envs/bqh/bin/bwa
[09:01:53] Found bcftools - /work/FAC/FBM/DMF/smitri/evomicrocomm/eric/miniconda3/envs/bqh/bin/bcftools
[09:01:53] Found samtools - /work/FAC/FBM/DMF/smitri/evomicrocomm/eric/miniconda3/envs/bqh/bin/samtools
[09:01:53] Found java - /work/FAC/FBM/DMF/smitri/evomicrocomm/eric/miniconda3/envs/bqh/bin/java
[09:01:53] Found snpEff - /work/FAC/FBM/DMF/smitri/evomicrocomm/eric/miniconda3/envs/bqh/bin/snpEff
[09:01:53] Found samclip - /work/FAC/FBM/DMF/smitri/evomicrocomm/eric/miniconda3/envs/bqh/bin/samclip
[09:01:53] Found seqtk - /work/FAC/FBM/DMF/smitri/evomicrocomm/eric/miniconda3/envs/bqh/bin/seqtk
[09:01:53] Found parallel - /work/FAC/FBM/DMF/smitri/evomicrocomm/eric/miniconda3/envs/bqh/bin/parallel
[09:01:53] Found freebayes - /work/FAC/FBM/DMF/smitri/evomicrocomm/eric/miniconda3/envs/bqh/bin/freebayes
[09:01:53] Found freebayes-parallel - /work/FAC/FBM/DMF/smitri/evomicrocomm/eric/miniconda3/envs/bqh/bin/freebayes-parallel
[09:01:53] Found fasta_generate_regions.py - /work/FAC/FBM/DMF/smitri/evomicrocomm/eric/miniconda3/envs/bqh/bin/fasta_generate_regions.py
[09:01:53] Found vcfstreamsort - /work/FAC/FBM/DMF/smitri/evomicrocomm/eric/miniconda3/envs/bqh/bin/vcfstreamsort
[09:01:53] Found vcfuniq - /work/FAC/FBM/DMF/smitri/evomicrocomm/eric/miniconda3/envs/bqh/bin/vcfuniq
[09:01:53] Found vcffirstheader - /work/FAC/FBM/DMF/smitri/evomicrocomm/eric/miniconda3/envs/bqh/bin/vcffirstheader
[09:01:53] Found gzip - /usr/bin/gzip
[09:01:53] Found vt - /work/FAC/FBM/DMF/smitri/evomicrocomm/eric/miniconda3/envs/bqh/bin/vt
[09:01:53] Found snippy-vcf_to_tab - /work/FAC/FBM/DMF/smitri/evomicrocomm/eric/miniconda3/envs/bqh/bin/snippy-vcf_to_tab
[09:01:53] Found snippy-vcf_report - /work/FAC/FBM/DMF/smitri/evomicrocomm/eric/miniconda3/envs/bqh/bin/snippy-vcf_report
[09:01:53] Checking version: samtools --version is >= 1.7 - ok, have 1.12
[09:01:53] Checking version: bcftools --version is >= 1.7 - ok, have 1.12
[09:01:53] Checking version: freebayes --version is >= 1.1 - ok, have 1.3.5
[09:01:54] Checking version: snpEff -version is >= 4.3 - ok, have 5.0
[09:01:54] Checking version: bwa is >= 0.7.12 - ok, have 0.7.17
[09:01:54] Using reference: /work/FAC/FBM/DMF/smitri/evomicrocomm/genome_size/data/ct/reference.gbk
[09:01:54] Treating reference as 'genbank' format.
[09:01:54] Will use 16 CPU cores.
[09:01:54] Using BAM file '/work/FAC/FBM/DMF/smitri/evomicrocomm/genome_size/data/T33.2.2.rep/ct/mapped_reads.sorted.bam' instead of aligning reads.
[09:01:54] Used --force, will overwrite existing /work/FAC/FBM/DMF/smitri/evomicrocomm/genome_size/data/T33.2.2.rep/ct/snippy
[09:01:54] Changing working directory: /work/FAC/FBM/DMF/smitri/evomicrocomm/genome_size/data/T33.2.2.rep/ct/snippy
[09:01:54] Creating reference folder: reference
[09:01:54] Extracting FASTA and GFF from reference.

--------------------- WARNING ---------------------
MSG: Unexpected error in feature table for  Skipping feature, attempting to recover
---------------------------------------------------

--------------------- WARNING ---------------------
MSG: Unexpected error in feature table for  Skipping feature, attempting to recover
---------------------------------------------------
[09:01:56] Wrote 2 sequences to ref.fa
[09:01:56] Wrote 5654 features to ref.gff
[09:01:56] Creating reference/snpeff.config
[09:01:56] Freebayes will process 31 chunks of 199545 bp, 16 chunks at a time.
[09:01:56] Using BAM RG (Read Group) ID: snippy
[09:01:56] Running: samtools faidx reference/ref.fa 2>> snps.log
[09:01:56] Running: mkdir -p reference/genomes && cp -f reference/ref.fa reference/genomes/ref.fa 2>> snps.log
[09:01:56] Running: ln -sf reference/ref.fa . 2>> snps.log
[09:01:56] Running: ln -sf reference/ref.fa.fai . 2>> snps.log
[09:01:56] Running: mkdir -p reference/ref && gzip -c reference/ref.gff > reference/ref/genes.gff.gz 2>> snps.log
[09:01:56] Running: snpEff build -c reference/snpeff.config -dataDir . -gff3 ref 2>> snps.log
[09:02:00] Running: samtools view -h -O SAM \/work\/FAC\/FBM\/DMF\/smitri\/evomicrocomm\/genome_size\/data\/T33\.2\.2\.rep\/ct\/mapped_reads\.sorted\.bam | samclip --max 10 --ref reference/ref.fa.fai | samtools sort -n -l 0 -T /tmp/2847800 --threads 7 -m 8000M | samtools fixmate -m --threads 7 - - | samtools sort -l 0 -T /tmp/2847800 --threads 7 -m 8000M | samtools markdup -T /tmp/2847800 --threads 7 -r -s - - > snps.bam 2>> snps.log
[samclip] samclip 0.4.0 by Torsten Seemann (@torstenseemann)
[samclip] Loading: reference/ref.fa.fai
[samclip] Found 2 sequences in reference/ref.fa.fai
[samclip] Processed 100000 records...
[samclip] Processed 200000 records...
[samclip] Processed 300000 records...
[samclip] Processed 400000 records...
[samclip] Processed 500000 records...
[samclip] Processed 600000 records...
[samclip] Processed 700000 records...
[samclip] Processed 800000 records...
[samclip] Processed 900000 records...
[samclip] Processed 1000000 records...
[samclip] Processed 1100000 records...
[samclip] Processed 1200000 records...
[samclip] Processed 1300000 records...
[samclip] Processed 1400000 records...
[samclip] Processed 1500000 records...
[samclip] Processed 1600000 records...
[samclip] Processed 1700000 records...
[samclip] Processed 1800000 records...
[samclip] Processed 1900000 records...
[samclip] Processed 2000000 records...
[samclip] Processed 2100000 records...
[samclip] Processed 2200000 records...
[samclip] Processed 2300000 records...
[samclip] Processed 2400000 records...
[samclip] Processed 2500000 records...
[samclip] Processed 2600000 records...
[samclip] Processed 2700000 records...
[samclip] Processed 2800000 records...
[samclip] Processed 2900000 records...
[samclip] Processed 3000000 records...
[samclip] Processed 3100000 records...
[samclip] Processed 3200000 records...
[samclip] Processed 3300000 records...
[samclip] Processed 3400000 records...
[samclip] Processed 3500000 records...
[samclip] Processed 3600000 records...
[samclip] Processed 3700000 records...
[samclip] Processed 3800000 records...
[samclip] Processed 3900000 records...
[samclip] Processed 4000000 records...
[samclip] Processed 4100000 records...
[samclip] Processed 4200000 records...
[samclip] Processed 4300000 records...
[samclip] Processed 4400000 records...
[samclip] Processed 4500000 records...
[samclip] Processed 4600000 records...
[samclip] Processed 4700000 records...
[samclip] Processed 4800000 records...
[samclip] Processed 4900000 records...
[samclip] Processed 5000000 records...
[samclip] Processed 5100000 records...
[samclip] Processed 5200000 records...
[samclip] Processed 5300000 records...
[samclip] Processed 5400000 records...
[samclip] Processed 5500000 records...
[samclip] Processed 5600000 records...
[samclip] Processed 5700000 records...
[samclip] Processed 5800000 records...
[samclip] Processed 5900000 records...
[samclip] Processed 6000000 records...
[samclip] Processed 6100000 records...
[samclip] Processed 6200000 records...
[samclip] Processed 6300000 records...
[samclip] Processed 6400000 records...
[samclip] Processed 6500000 records...
[samclip] Processed 6600000 records...
[samclip] Processed 6700000 records...
[samclip] Processed 6800000 records...
[samclip] Processed 6900000 records...
[samclip] Processed 7000000 records...
[samclip] Processed 7100000 records...
[samclip] Processed 7200000 records...
[samclip] Processed 7300000 records...
[samclip] Processed 7400000 records...
[samclip] Processed 7500000 records...
[samclip] Processed 7600000 records...
[samclip] Processed 7700000 records...
[samclip] Processed 7800000 records...
[samclip] Processed 7900000 records...
[samclip] Processed 8000000 records...
[samclip] Processed 8100000 records...
[samclip] Processed 8200000 records...
[samclip] Processed 8300000 records...
[samclip] Processed 8400000 records...
[samclip] Processed 8500000 records...
[samclip] Processed 8600000 records...
[samclip] Processed 8700000 records...
[samclip] Processed 8800000 records...
[samclip] Processed 8900000 records...
[samclip] Processed 9000000 records...
[samclip] Processed 9100000 records...
[samclip] Processed 9200000 records...
[samclip] Processed 9300000 records...
[samclip] Processed 9400000 records...
[samclip] Processed 9500000 records...
[samclip] Processed 9600000 records...
[samclip] Processed 9700000 records...
[samclip] Processed 9800000 records...
[samclip] Processed 9900000 records...
[samclip] Processed 10000000 records...
[samclip] Processed 10100000 records...
[samclip] Processed 10200000 records...
[samclip] Processed 10300000 records...
[samclip] Processed 10400000 records...
[samclip] Processed 10500000 records...
[samclip] Processed 10600000 records...
[samclip] Processed 10700000 records...
[samclip] Processed 10800000 records...
[samclip] Processed 10900000 records...
[samclip] Processed 11000000 records...
[samclip] Processed 11100000 records...
[samclip] Processed 11200000 records...
[samclip] Processed 11300000 records...
[samclip] Processed 11400000 records...
[samclip] Processed 11500000 records...
[samclip] Processed 11600000 records...
[samclip] Processed 11700000 records...
[samclip] Processed 11800000 records...
[samclip] Processed 11900000 records...
[samclip] Processed 12000000 records...
[samclip] Processed 12100000 records...
[samclip] Processed 12200000 records...
[samclip] Processed 12300000 records...
[samclip] Processed 12400000 records...
[samclip] Processed 12500000 records...
[samclip] Processed 12600000 records...
[samclip] Processed 12700000 records...
[samclip] Processed 12800000 records...
[samclip] Processed 12900000 records...
[samclip] Processed 13000000 records...
[samclip] Processed 13100000 records...
[samclip] Processed 13200000 records...
[samclip] Processed 13300000 records...
[samclip] Processed 13400000 records...
[samclip] Processed 13500000 records...
[samclip] Processed 13600000 records...
[samclip] Processed 13700000 records...
[samclip] Processed 13800000 records...
[samclip] Processed 13900000 records...
[samclip] Processed 14000000 records...
[samclip] Processed 14100000 records...
[samclip] Processed 14200000 records...
[samclip] Total SAM records 14250790, removed 18556, allowed 19249, passed 14232234
[samclip] Header contained 8 lines
[samclip] Done.
[bam_sort_core] merging from 0 files and 7 in-memory blocks...
[bam_sort_core] merging from 0 files and 7 in-memory blocks...
[09:03:08] Running: samtools index snps.bam 2>> snps.log
[09:03:13] Running: fasta_generate_regions.py reference/ref.fa.fai 199545 > reference/ref.txt 2>> snps.log
[09:03:13] Running: freebayes-parallel reference/ref.txt 16 -p 2 -P 0 -C 2 -F 0.05 --min-coverage 10 --min-repeat-entropy 1.0 -q 13 -m 60 --strict-vcf   -f reference/ref.fa snps.bam > snps.raw.vcf 2>> snps.log
[09:03:35] Running: bcftools view --include 'FMT/GT="1/1" && QUAL>=100 && FMT/DP>=10 && (FMT/AO)/(FMT/DP)>=0.8' snps.raw.vcf  | vt normalize -r reference/ref.fa - | bcftools annotate --remove '^INFO/TYPE,^INFO/DP,^INFO/RO,^INFO/AO,^INFO/AB,^FORMAT/GT,^FORMAT/DP,^FORMAT/RO,^FORMAT/AO,^FORMAT/QR,^FORMAT/QA,^FORMAT/GL' > snps.filt.vcf 2>> snps.log
normalize v0.5

options:     input VCF file                                  -
         [o] output VCF file                                 -
         [w] sorting window size                             10000
         [n] no fail on reference inconsistency for non SNPs false
         [q] quiet                                           false
         [d] debug                                           false
         [r] reference FASTA file                            reference/ref.fa


stats: biallelic
          no. left trimmed                      : 0
          no. right trimmed                     : 9
          no. left and right trimmed            : 0
          no. right trimmed and left aligned    : 0
          no. left aligned                      : 0

       total no. biallelic normalized           : 9

       multiallelic
          no. left trimmed                      : 0
          no. right trimmed                     : 0
          no. left and right trimmed            : 0
          no. right trimmed and left aligned    : 0
          no. left aligned                      : 0

       total no. multiallelic normalized        : 0

       total no. variants normalized            : 9
       total no. variants observed              : 13
       total no. reference observed             : 0

Time elapsed: 0.00s

[09:03:35] Running: snpEff ann -noLog -noStats -no-downstream -no-upstream -no-utr -c reference/snpeff.config -dataDir . ref snps.filt.vcf > snps.vcf 2>> snps.log
[09:03:36] Running: /work/FAC/FBM/DMF/smitri/evomicrocomm/eric/miniconda3/envs/bqh/bin/snippy-vcf_to_tab --gff reference/ref.gff --ref reference/ref.fa --vcf snps.vcf > snps.tab 2>> snps.log
[09:03:39] Running: /work/FAC/FBM/DMF/smitri/evomicrocomm/eric/miniconda3/envs/bqh/bin/snippy-vcf_extract_subs snps.filt.vcf > snps.subs.vcf 2>> snps.log
[09:03:39] Running: bcftools convert -Oz -o snps.vcf.gz snps.vcf 2>> snps.log
[09:03:39] Running: bcftools index -f snps.vcf.gz 2>> snps.log
[09:03:39] Running: bcftools consensus --sample snippy -f reference/ref.fa -o snps.consensus.fa snps.vcf.gz 2>> snps.log
[09:03:39] Running: bcftools convert -Oz -o snps.subs.vcf.gz snps.subs.vcf 2>> snps.log
[09:03:39] Running: bcftools index -f snps.subs.vcf.gz 2>> snps.log
[09:03:39] Running: bcftools consensus --sample snippy -f reference/ref.fa -o snps.consensus.subs.fa snps.subs.vcf.gz 2>> snps.log
[09:03:39] Running: rm -f snps.subs.vcf.gz snps.subs.vcf.gz.csi snps.subs.vcf.gz.tbi 2>> snps.log
[09:03:39] Generating reference aligned/masked FASTA relative to reference: snps.aligned.fa
[09:04:05] Marked 152 heterozygous sites with 'n'
[09:04:05] Creating extra output files: BED GFF CSV TXT HTML
[09:04:05] Identified 13 variants.
[09:04:05] Deleting: reference/ref.fa.fai
[09:04:05] Deleting: reference/ref.fa.amb
[09:04:05] Deleting: reference/ref.fa.ann
[09:04:05] Deleting: reference/ref.fa.bwt
[09:04:05] Deleting: reference/ref.fa.pac
[09:04:05] Deleting: reference/ref.fa.sa
[09:04:05] Deleting: snps.bam
[09:04:05] Deleting: snps.bam.bai
[09:04:05] Deleting: snps.raw.vcf
[09:04:05] Deleting: snps.vcf.gz.csi
[09:04:05] Deleting: snps.vcf.gz
[09:04:05] Deleting: snps.consensus.fa
[09:04:05] Deleting: snps.consensus.subs.fa
[09:04:05] Deleting: ref.fa
[09:04:05] Removing folder: reference/genomes
[09:04:05] Removing folder: reference/ref
[09:04:05] Result folder: /work/FAC/FBM/DMF/smitri/evomicrocomm/genome_size/data/T33.2.2.rep/ct/snippy
[09:04:05] Result files:
[09:04:05] * /work/FAC/FBM/DMF/smitri/evomicrocomm/genome_size/data/T33.2.2.rep/ct/snippy/snps.aligned.fa
[09:04:05] * /work/FAC/FBM/DMF/smitri/evomicrocomm/genome_size/data/T33.2.2.rep/ct/snippy/snps.bed
[09:04:05] * /work/FAC/FBM/DMF/smitri/evomicrocomm/genome_size/data/T33.2.2.rep/ct/snippy/snps.csv
[09:04:05] * /work/FAC/FBM/DMF/smitri/evomicrocomm/genome_size/data/T33.2.2.rep/ct/snippy/snps.filt.vcf
[09:04:05] * /work/FAC/FBM/DMF/smitri/evomicrocomm/genome_size/data/T33.2.2.rep/ct/snippy/snps.gff
[09:04:05] * /work/FAC/FBM/DMF/smitri/evomicrocomm/genome_size/data/T33.2.2.rep/ct/snippy/snps.html
[09:04:05] * /work/FAC/FBM/DMF/smitri/evomicrocomm/genome_size/data/T33.2.2.rep/ct/snippy/snps.log
[09:04:05] * /work/FAC/FBM/DMF/smitri/evomicrocomm/genome_size/data/T33.2.2.rep/ct/snippy/snps.subs.vcf
[09:04:05] * /work/FAC/FBM/DMF/smitri/evomicrocomm/genome_size/data/T33.2.2.rep/ct/snippy/snps.tab
[09:04:05] * /work/FAC/FBM/DMF/smitri/evomicrocomm/genome_size/data/T33.2.2.rep/ct/snippy/snps.txt
[09:04:05] * /work/FAC/FBM/DMF/smitri/evomicrocomm/genome_size/data/T33.2.2.rep/ct/snippy/snps.vcf
[09:04:05] Walltime used: 2 minutes, 12 seconds
[09:04:05] Have a suggestion? Tell me at https://github.com/tseemann/snippy/issues
[09:04:05] Done.
[Mon Oct 18 09:04:05 2021]
Finished job 0.
1 of 1 steps (100%) done
