Building DAG of jobs...
Using shell: /usr/bin/bash
Provided cores: 16
Rules claiming more threads will be scaled down.
Select jobs to execute...

[Fri Oct 15 16:08:12 2021]
rule mapping:
    input: /work/FAC/FBM/DMF/smitri/evomicrocomm/genome_size/data/oa/reference.fasta, /work/FAC/FBM/DMF/smitri/evomicrocomm/genome_size/data/T44.4.4/read1.fq.gz, /work/FAC/FBM/DMF/smitri/evomicrocomm/genome_size/data/T44.4.4/read2.fq.gz
    output: /work/FAC/FBM/DMF/smitri/evomicrocomm/genome_size/data/T44.4.4/oa/mapped_reads.sorted.bam
    jobid: 0
    wildcards: sample=T44.4.4, strain=oa
    threads: 16
    resources: mem_mb=23204, disk_mb=23204, tmpdir=/tmp/2811865

[M::mm_idx_gen::0.120*0.96] collected minimizers
[M::mm_idx_gen::0.144*2.15] sorted minimizers
[M::main::0.144*2.15] loaded/built the index for 2 target sequence(s)
[M::mm_mapopt_update::0.144*2.15] mid_occ = 1000
[M::mm_idx_stat] kmer size: 21; skip: 11; is_hpc: 0; #seq: 2
[M::mm_idx_stat::0.156*2.06] distinct minimizers: 845953 (98.53% are singletons); average occurrences: 1.019; average spacing: 5.999; total length: 5169535
[M::worker_pipeline::1.120*2.83] mapped 332688 sequences
[M::worker_pipeline::1.930*3.11] mapped 332724 sequences
[M::worker_pipeline::2.600*3.35] mapped 332664 sequences
[M::worker_pipeline::3.355*3.40] mapped 332522 sequences
[M::worker_pipeline::4.088*3.47] mapped 332470 sequences
[M::worker_pipeline::4.751*3.53] mapped 332440 sequences
[M::worker_pipeline::5.472*3.57] mapped 332356 sequences
[M::worker_pipeline::6.088*3.64] mapped 332346 sequences
[M::worker_pipeline::6.730*3.69] mapped 332362 sequences
[M::worker_pipeline::7.328*3.72] mapped 332286 sequences
[M::worker_pipeline::7.977*3.76] mapped 332290 sequences
[M::worker_pipeline::8.616*3.78] mapped 332268 sequences
[M::worker_pipeline::9.235*3.80] mapped 332230 sequences
[M::worker_pipeline::9.877*3.82] mapped 332220 sequences
[M::worker_pipeline::10.487*3.84] mapped 332182 sequences
[M::worker_pipeline::11.080*3.89] mapped 332148 sequences
[M::worker_pipeline::11.717*3.90] mapped 332188 sequences
[M::worker_pipeline::12.345*3.92] mapped 332240 sequences
[M::worker_pipeline::12.981*3.93] mapped 332194 sequences
[M::worker_pipeline::13.572*3.95] mapped 332176 sequences
[M::worker_pipeline::14.218*3.96] mapped 332166 sequences
[M::worker_pipeline::14.879*3.96] mapped 332208 sequences
[M::worker_pipeline::15.447*3.99] mapped 332220 sequences
[M::worker_pipeline::16.169*3.98] mapped 332178 sequences
[M::worker_pipeline::16.774*4.00] mapped 332176 sequences
[M::worker_pipeline::17.366*4.02] mapped 332146 sequences
[M::worker_pipeline::17.930*4.04] mapped 332166 sequences
[M::worker_pipeline::18.482*4.05] mapped 332112 sequences
[M::worker_pipeline::19.199*4.04] mapped 332090 sequences
[M::worker_pipeline::19.760*4.06] mapped 332104 sequences
[M::worker_pipeline::20.318*4.08] mapped 332136 sequences
[M::worker_pipeline::21.054*4.08] mapped 332154 sequences
[M::worker_pipeline::21.639*4.09] mapped 332158 sequences
[M::worker_pipeline::22.355*4.08] mapped 332152 sequences
[M::worker_pipeline::22.967*4.09] mapped 332126 sequences
[M::worker_pipeline::23.661*4.08] mapped 332072 sequences
[M::worker_pipeline::24.271*4.09] mapped 332044 sequences
[M::worker_pipeline::24.984*4.08] mapped 332044 sequences
[M::worker_pipeline::25.579*4.10] mapped 332032 sequences
[M::worker_pipeline::26.263*4.09] mapped 332016 sequences
[M::worker_pipeline::26.918*4.09] mapped 332004 sequences
[M::worker_pipeline::27.576*4.09] mapped 332008 sequences
[M::worker_pipeline::28.126*4.10] mapped 332028 sequences
[M::worker_pipeline::28.914*4.08] mapped 331996 sequences
[M::worker_pipeline::29.610*4.08] mapped 331990 sequences
[M::worker_pipeline::30.259*4.08] mapped 331976 sequences
[M::worker_pipeline::30.853*4.10] mapped 331948 sequences
[M::worker_pipeline::31.504*4.09] mapped 331956 sequences
[M::worker_pipeline::32.068*4.10] mapped 331972 sequences
[M::worker_pipeline::32.755*4.10] mapped 331930 sequences
[M::worker_pipeline::33.398*4.10] mapped 331958 sequences
[M::worker_pipeline::33.996*4.11] mapped 331952 sequences
[M::worker_pipeline::34.605*4.12] mapped 331916 sequences
[M::worker_pipeline::35.231*4.12] mapped 331908 sequences
[M::worker_pipeline::35.819*4.12] mapped 331928 sequences
[M::worker_pipeline::36.475*4.12] mapped 331906 sequences
[M::worker_pipeline::37.172*4.11] mapped 331930 sequences
[M::worker_pipeline::37.708*4.12] mapped 331964 sequences
[M::worker_pipeline::38.401*4.11] mapped 331932 sequences
[M::worker_pipeline::39.101*4.11] mapped 331938 sequences
[M::worker_pipeline::39.685*4.11] mapped 331958 sequences
[M::worker_pipeline::40.307*4.11] mapped 331962 sequences
[M::worker_pipeline::40.952*4.11] mapped 331952 sequences
[M::worker_pipeline::41.518*4.12] mapped 331970 sequences
[M::worker_pipeline::42.216*4.11] mapped 331922 sequences
[M::worker_pipeline::42.851*4.12] mapped 332004 sequences
[M::worker_pipeline::43.525*4.11] mapped 331962 sequences
[M::worker_pipeline::44.126*4.11] mapped 331946 sequences
[M::worker_pipeline::44.912*4.10] mapped 331968 sequences
[M::worker_pipeline::45.662*4.10] mapped 331958 sequences
[M::worker_pipeline::46.288*4.10] mapped 332022 sequences
[M::worker_pipeline::47.054*4.09] mapped 332568 sequences
[M::worker_pipeline::47.710*4.09] mapped 332568 sequences
[M::worker_pipeline::48.405*4.08] mapped 332522 sequences
[M::worker_pipeline::49.031*4.08] mapped 332454 sequences
[M::worker_pipeline::49.726*4.08] mapped 332434 sequences
[M::worker_pipeline::50.367*4.08] mapped 332308 sequences
[M::worker_pipeline::51.113*4.07] mapped 332302 sequences
[M::worker_pipeline::51.787*4.07] mapped 332254 sequences
[M::worker_pipeline::52.460*4.07] mapped 332256 sequences
[M::worker_pipeline::53.147*4.07] mapped 332218 sequences
[M::worker_pipeline::53.811*4.07] mapped 332198 sequences
[M::worker_pipeline::54.460*4.07] mapped 332194 sequences
[M::worker_pipeline::55.135*4.07] mapped 332166 sequences
[M::worker_pipeline::55.818*4.06] mapped 332146 sequences
[M::worker_pipeline::56.475*4.06] mapped 332194 sequences
[M::worker_pipeline::57.171*4.06] mapped 332220 sequences
[M::worker_pipeline::57.847*4.05] mapped 332204 sequences
[M::worker_pipeline::58.515*4.05] mapped 332172 sequences
[M::worker_pipeline::59.136*4.05] mapped 332218 sequences
[M::worker_pipeline::59.901*4.05] mapped 332170 sequences
[M::worker_pipeline::60.517*4.05] mapped 332174 sequences
[M::worker_pipeline::61.227*4.05] mapped 332130 sequences
[M::worker_pipeline::61.909*4.04] mapped 332122 sequences
[M::worker_pipeline::62.566*4.04] mapped 332092 sequences
[M::worker_pipeline::63.270*4.04] mapped 332100 sequences
[M::worker_pipeline::63.936*4.04] mapped 332106 sequences
[M::worker_pipeline::64.591*4.04] mapped 332088 sequences
[M::worker_pipeline::65.280*4.04] mapped 332114 sequences
[M::worker_pipeline::66.010*4.03] mapped 332068 sequences
[M::worker_pipeline::66.673*4.03] mapped 332078 sequences
[M::worker_pipeline::67.323*4.03] mapped 332056 sequences
[M::worker_pipeline::67.967*4.03] mapped 332052 sequences
[M::worker_pipeline::68.678*4.03] mapped 332026 sequences
[M::worker_pipeline::69.217*4.03] mapped 332048 sequences
[M::worker_pipeline::74.823*3.83] mapped 332072 sequences
[M::worker_pipeline::74.990*3.82] mapped 332044 sequences
[M::worker_pipeline::75.143*3.82] mapped 332000 sequences
[M::worker_pipeline::75.810*3.82] mapped 331994 sequences
[M::worker_pipeline::76.500*3.82] mapped 332026 sequences
[M::worker_pipeline::77.190*3.82] mapped 332004 sequences
[M::worker_pipeline::77.819*3.82] mapped 332022 sequences
[M::worker_pipeline::78.527*3.82] mapped 332018 sequences
[M::worker_pipeline::79.247*3.82] mapped 332002 sequences
[M::worker_pipeline::79.894*3.82] mapped 331978 sequences
[M::worker_pipeline::80.552*3.82] mapped 331990 sequences
[M::worker_pipeline::81.190*3.82] mapped 331976 sequences
[M::worker_pipeline::81.892*3.82] mapped 331982 sequences
[M::worker_pipeline::82.501*3.83] mapped 332042 sequences
[M::worker_pipeline::83.182*3.82] mapped 332020 sequences
[M::worker_pipeline::83.959*3.82] mapped 331974 sequences
[M::worker_pipeline::84.584*3.82] mapped 331984 sequences
[M::worker_pipeline::85.285*3.82] mapped 331966 sequences
[M::worker_pipeline::85.999*3.82] mapped 331974 sequences
[M::worker_pipeline::86.557*3.83] mapped 331948 sequences
[M::worker_pipeline::87.286*3.82] mapped 331950 sequences
[M::worker_pipeline::88.020*3.82] mapped 331930 sequences
[M::worker_pipeline::88.644*3.83] mapped 331970 sequences
[M::worker_pipeline::89.419*3.82] mapped 331956 sequences
[M::worker_pipeline::90.022*3.83] mapped 331972 sequences
[M::worker_pipeline::90.674*3.83] mapped 331948 sequences
[M::worker_pipeline::91.317*3.83] mapped 331944 sequences
[M::worker_pipeline::92.090*3.83] mapped 331918 sequences
[M::worker_pipeline::92.708*3.83] mapped 331996 sequences
[M::worker_pipeline::93.456*3.83] mapped 331952 sequences
[M::worker_pipeline::94.154*3.82] mapped 332038 sequences
[M::worker_pipeline::94.826*3.83] mapped 332018 sequences
[M::worker_pipeline::95.517*3.83] mapped 332064 sequences
[M::worker_pipeline::96.172*3.83] mapped 332094 sequences
[M::worker_pipeline::96.888*3.83] mapped 332034 sequences
[M::worker_pipeline::97.543*3.83] mapped 332086 sequences
[M::worker_pipeline::98.181*3.83] mapped 332098 sequences
[M::worker_pipeline::98.831*3.83] mapped 332312 sequences
[M::worker_pipeline::99.474*3.83] mapped 332734 sequences
[M::worker_pipeline::100.080*3.84] mapped 332544 sequences
[M::worker_pipeline::100.754*3.84] mapped 332508 sequences
[M::worker_pipeline::101.335*3.84] mapped 332406 sequences
[M::worker_pipeline::101.908*3.84] mapped 332376 sequences
[M::worker_pipeline::102.603*3.84] mapped 332402 sequences
[M::worker_pipeline::103.328*3.84] mapped 332330 sequences
[M::worker_pipeline::104.006*3.84] mapped 332368 sequences
[M::worker_pipeline::104.612*3.84] mapped 332312 sequences
[M::worker_pipeline::105.368*3.84] mapped 332244 sequences
[M::worker_pipeline::106.055*3.85] mapped 332154 sequences
[M::worker_pipeline::106.656*3.85] mapped 332226 sequences
[M::worker_pipeline::107.301*3.85] mapped 332206 sequences
[M::worker_pipeline::107.962*3.85] mapped 332186 sequences
[M::worker_pipeline::108.510*3.85] mapped 332170 sequences
[M::worker_pipeline::109.265*3.85] mapped 332236 sequences
[M::worker_pipeline::109.861*3.86] mapped 332224 sequences
[M::worker_pipeline::110.515*3.86] mapped 332286 sequences
[M::worker_pipeline::111.250*3.85] mapped 332400 sequences
[M::worker_pipeline::111.897*3.86] mapped 332430 sequences
[M::worker_pipeline::112.589*3.85] mapped 332732 sequences
[M::worker_pipeline::113.250*3.85] mapped 332248 sequences
[M::worker_pipeline::114.038*3.85] mapped 332262 sequences
[M::worker_pipeline::114.749*3.85] mapped 332232 sequences
[M::worker_pipeline::115.462*3.85] mapped 332222 sequences
[M::worker_pipeline::116.212*3.85] mapped 332214 sequences
[M::worker_pipeline::116.870*3.85] mapped 332204 sequences
[M::worker_pipeline::117.616*3.84] mapped 332134 sequences
[M::worker_pipeline::118.334*3.84] mapped 332122 sequences
[M::worker_pipeline::119.034*3.84] mapped 332078 sequences
[M::worker_pipeline::119.665*3.84] mapped 332044 sequences
[M::worker_pipeline::120.313*3.84] mapped 332536 sequences
[M::worker_pipeline::121.027*3.84] mapped 332250 sequences
[M::worker_pipeline::121.681*3.84] mapped 332080 sequences
[M::worker_pipeline::122.412*3.84] mapped 332056 sequences
[M::worker_pipeline::123.150*3.84] mapped 332096 sequences
[M::worker_pipeline::123.748*3.84] mapped 332068 sequences
[M::worker_pipeline::124.414*3.84] mapped 332040 sequences
[M::worker_pipeline::125.149*3.84] mapped 332110 sequences
[M::worker_pipeline::125.781*3.84] mapped 332104 sequences
[M::worker_pipeline::126.512*3.84] mapped 332036 sequences
[M::worker_pipeline::127.113*3.84] mapped 332010 sequences
[M::worker_pipeline::127.795*3.84] mapped 332050 sequences
[M::worker_pipeline::128.412*3.85] mapped 332034 sequences
[M::worker_pipeline::129.192*3.84] mapped 331952 sequences
[M::worker_pipeline::129.838*3.84] mapped 331968 sequences
[M::worker_pipeline::130.531*3.84] mapped 331952 sequences
[M::worker_pipeline::131.250*3.84] mapped 331946 sequences
[M::worker_pipeline::131.817*3.84] mapped 331960 sequences
[M::worker_pipeline::132.536*3.84] mapped 331934 sequences
[M::worker_pipeline::133.172*3.84] mapped 331930 sequences
[M::worker_pipeline::133.800*3.84] mapped 331926 sequences
[M::worker_pipeline::134.521*3.84] mapped 331920 sequences
[M::worker_pipeline::135.177*3.84] mapped 331920 sequences
[M::worker_pipeline::135.856*3.84] mapped 331882 sequences
[M::worker_pipeline::136.503*3.84] mapped 331948 sequences
[M::worker_pipeline::137.137*3.85] mapped 331884 sequences
[M::worker_pipeline::137.710*3.85] mapped 331904 sequences
[M::worker_pipeline::138.299*3.85] mapped 331906 sequences
[M::worker_pipeline::138.948*3.85] mapped 331916 sequences
[M::worker_pipeline::139.622*3.85] mapped 331910 sequences
[M::worker_pipeline::140.242*3.85] mapped 331928 sequences
[M::worker_pipeline::140.938*3.85] mapped 331970 sequences
[M::worker_pipeline::141.588*3.85] mapped 331968 sequences
[M::worker_pipeline::142.266*3.85] mapped 331960 sequences
[M::worker_pipeline::142.985*3.85] mapped 332048 sequences
[M::worker_pipeline::143.629*3.85] mapped 331968 sequences
[M::worker_pipeline::148.846*3.77] mapped 331990 sequences
[M::worker_pipeline::149.059*3.76] mapped 332014 sequences
[M::worker_pipeline::149.263*3.76] mapped 332000 sequences
[M::worker_pipeline::149.832*3.76] mapped 332008 sequences
[M::worker_pipeline::150.520*3.76] mapped 332746 sequences
[M::worker_pipeline::151.104*3.77] mapped 332790 sequences
[M::worker_pipeline::151.839*3.76] mapped 332698 sequences
[M::worker_pipeline::152.560*3.76] mapped 332492 sequences
[M::worker_pipeline::153.140*3.77] mapped 332498 sequences
[M::worker_pipeline::153.879*3.77] mapped 332500 sequences
[M::worker_pipeline::154.541*3.77] mapped 332354 sequences
[M::worker_pipeline::155.262*3.77] mapped 332320 sequences
[M::worker_pipeline::155.881*3.77] mapped 332272 sequences
[M::worker_pipeline::156.511*3.77] mapped 332306 sequences
[M::worker_pipeline::157.174*3.77] mapped 332288 sequences
[M::worker_pipeline::157.823*3.77] mapped 332270 sequences
[M::worker_pipeline::158.517*3.77] mapped 332252 sequences
[M::worker_pipeline::159.173*3.77] mapped 332296 sequences
[M::worker_pipeline::159.787*3.77] mapped 332352 sequences
[M::worker_pipeline::160.511*3.77] mapped 332374 sequences
[M::worker_pipeline::161.145*3.77] mapped 332376 sequences
[M::worker_pipeline::161.786*3.77] mapped 332452 sequences
[M::worker_pipeline::162.437*3.77] mapped 332434 sequences
[M::worker_pipeline::163.129*3.77] mapped 332426 sequences
[M::worker_pipeline::163.875*3.77] mapped 332374 sequences
[M::worker_pipeline::164.523*3.77] mapped 332282 sequences
[M::worker_pipeline::165.232*3.77] mapped 332286 sequences
[M::worker_pipeline::165.907*3.77] mapped 332238 sequences
[M::worker_pipeline::166.610*3.77] mapped 332260 sequences
[M::worker_pipeline::167.280*3.77] mapped 332292 sequences
[M::worker_pipeline::167.956*3.77] mapped 332288 sequences
[M::worker_pipeline::168.726*3.77] mapped 332314 sequences
[M::worker_pipeline::169.388*3.77] mapped 332236 sequences
[M::worker_pipeline::170.094*3.77] mapped 332202 sequences
[M::worker_pipeline::170.735*3.77] mapped 332212 sequences
[M::worker_pipeline::171.453*3.77] mapped 332140 sequences
[M::worker_pipeline::172.026*3.78] mapped 332112 sequences
[M::worker_pipeline::172.618*3.78] mapped 332204 sequences
[M::worker_pipeline::173.357*3.78] mapped 332236 sequences
[M::worker_pipeline::174.032*3.78] mapped 332228 sequences
[M::worker_pipeline::174.827*3.78] mapped 332214 sequences
[M::worker_pipeline::175.478*3.78] mapped 332212 sequences
[M::worker_pipeline::176.044*3.78] mapped 332156 sequences
[M::worker_pipeline::176.711*3.78] mapped 332136 sequences
[M::worker_pipeline::177.313*3.78] mapped 332084 sequences
[M::worker_pipeline::178.045*3.78] mapped 332126 sequences
[M::worker_pipeline::178.652*3.78] mapped 332090 sequences
[M::worker_pipeline::179.346*3.78] mapped 332088 sequences
[M::worker_pipeline::180.045*3.78] mapped 332022 sequences
[M::worker_pipeline::180.699*3.78] mapped 332028 sequences
[M::worker_pipeline::181.434*3.78] mapped 332116 sequences
[M::worker_pipeline::182.069*3.78] mapped 332052 sequences
[M::worker_pipeline::182.746*3.78] mapped 332044 sequences
[M::worker_pipeline::183.435*3.78] mapped 332092 sequences
[M::worker_pipeline::184.192*3.78] mapped 332078 sequences
[M::worker_pipeline::184.865*3.78] mapped 332002 sequences
[M::worker_pipeline::185.610*3.78] mapped 331946 sequences
[M::worker_pipeline::186.183*3.78] mapped 332040 sequences
[M::worker_pipeline::186.889*3.78] mapped 331992 sequences
[M::worker_pipeline::187.511*3.78] mapped 332002 sequences
[M::worker_pipeline::188.218*3.78] mapped 331990 sequences
[M::worker_pipeline::188.949*3.78] mapped 332010 sequences
[M::worker_pipeline::189.562*3.78] mapped 331974 sequences
[M::worker_pipeline::190.264*3.78] mapped 331982 sequences
[M::worker_pipeline::190.838*3.78] mapped 331964 sequences
[M::worker_pipeline::191.476*3.78] mapped 332020 sequences
[M::worker_pipeline::192.178*3.78] mapped 331988 sequences
[M::worker_pipeline::192.896*3.78] mapped 332092 sequences
[M::worker_pipeline::193.534*3.78] mapped 332050 sequences
[M::worker_pipeline::194.266*3.78] mapped 332080 sequences
[M::worker_pipeline::194.978*3.78] mapped 332096 sequences
[M::worker_pipeline::195.548*3.78] mapped 332104 sequences
[M::worker_pipeline::196.193*3.78] mapped 332154 sequences
[M::worker_pipeline::196.881*3.78] mapped 332142 sequences
[M::worker_pipeline::197.466*3.78] mapped 332212 sequences
[M::worker_pipeline::198.173*3.78] mapped 332660 sequences
[M::worker_pipeline::198.921*3.78] mapped 332774 sequences
[M::worker_pipeline::199.618*3.78] mapped 332644 sequences
[M::worker_pipeline::200.359*3.78] mapped 332394 sequences
[M::worker_pipeline::201.017*3.78] mapped 332426 sequences
[M::worker_pipeline::201.726*3.78] mapped 332430 sequences
[M::worker_pipeline::202.398*3.78] mapped 332340 sequences
[M::worker_pipeline::203.031*3.78] mapped 332334 sequences
[M::worker_pipeline::203.686*3.78] mapped 332248 sequences
[M::worker_pipeline::204.386*3.78] mapped 332236 sequences
[M::worker_pipeline::205.098*3.78] mapped 332238 sequences
[M::worker_pipeline::205.716*3.78] mapped 332230 sequences
[M::worker_pipeline::206.361*3.78] mapped 332224 sequences
[M::worker_pipeline::207.053*3.78] mapped 332206 sequences
[M::worker_pipeline::207.748*3.78] mapped 332192 sequences
[M::worker_pipeline::208.432*3.78] mapped 332216 sequences
[M::worker_pipeline::209.119*3.78] mapped 332194 sequences
[M::worker_pipeline::209.744*3.79] mapped 332208 sequences
[M::worker_pipeline::210.424*3.79] mapped 332170 sequences
[M::worker_pipeline::211.034*3.79] mapped 332152 sequences
[M::worker_pipeline::211.627*3.79] mapped 332124 sequences
[M::worker_pipeline::212.268*3.79] mapped 332144 sequences
[M::worker_pipeline::212.939*3.79] mapped 332172 sequences
[M::worker_pipeline::213.538*3.79] mapped 332184 sequences
[M::worker_pipeline::214.199*3.79] mapped 332156 sequences
[M::worker_pipeline::214.937*3.79] mapped 332140 sequences
[M::worker_pipeline::215.599*3.79] mapped 332054 sequences
[M::worker_pipeline::216.268*3.79] mapped 332100 sequences
[M::worker_pipeline::216.999*3.79] mapped 332096 sequences
[M::worker_pipeline::217.645*3.79] mapped 332160 sequences
[M::worker_pipeline::218.326*3.79] mapped 332140 sequences
[M::worker_pipeline::223.576*3.73] mapped 332132 sequences
[M::worker_pipeline::223.741*3.73] mapped 332070 sequences
[M::worker_pipeline::223.906*3.73] mapped 332048 sequences
[M::worker_pipeline::224.520*3.73] mapped 332020 sequences
[M::worker_pipeline::225.230*3.73] mapped 332100 sequences
[M::worker_pipeline::225.925*3.73] mapped 332066 sequences
[M::worker_pipeline::226.562*3.73] mapped 332006 sequences
[M::worker_pipeline::227.248*3.73] mapped 332062 sequences
[M::worker_pipeline::227.924*3.73] mapped 332046 sequences
[M::worker_pipeline::228.565*3.73] mapped 332082 sequences
[M::worker_pipeline::229.282*3.73] mapped 332080 sequences
[M::worker_pipeline::229.892*3.74] mapped 332008 sequences
[M::worker_pipeline::230.518*3.74] mapped 332066 sequences
[M::worker_pipeline::231.196*3.74] mapped 332066 sequences
[M::worker_pipeline::231.830*3.74] mapped 332092 sequences
[M::worker_pipeline::232.417*3.74] mapped 332058 sequences
[M::worker_pipeline::233.092*3.74] mapped 332034 sequences
[M::worker_pipeline::233.708*3.74] mapped 332094 sequences
[M::worker_pipeline::234.419*3.74] mapped 332100 sequences
[M::worker_pipeline::235.022*3.74] mapped 332104 sequences
[M::worker_pipeline::235.782*3.74] mapped 332108 sequences
[M::worker_pipeline::236.367*3.74] mapped 332124 sequences
[M::worker_pipeline::237.087*3.74] mapped 332182 sequences
[M::worker_pipeline::237.782*3.74] mapped 332172 sequences
[M::worker_pipeline::238.483*3.74] mapped 332158 sequences
[M::worker_pipeline::239.127*3.74] mapped 332222 sequences
[M::worker_pipeline::239.726*3.74] mapped 332210 sequences
[M::worker_pipeline::240.385*3.74] mapped 332280 sequences
[M::worker_pipeline::241.083*3.74] mapped 332256 sequences
[M::worker_pipeline::241.712*3.75] mapped 332170 sequences
[M::worker_pipeline::242.395*3.75] mapped 332198 sequences
[M::worker_pipeline::243.011*3.75] mapped 332092 sequences
[M::worker_pipeline::243.655*3.75] mapped 332100 sequences
[M::worker_pipeline::244.338*3.75] mapped 331990 sequences
[M::worker_pipeline::245.052*3.75] mapped 332000 sequences
[M::worker_pipeline::245.768*3.75] mapped 331986 sequences
[M::worker_pipeline::246.417*3.75] mapped 332000 sequences
[M::worker_pipeline::247.120*3.75] mapped 332066 sequences
[M::worker_pipeline::247.924*3.74] mapped 332700 sequences
[M::worker_pipeline::248.533*3.75] mapped 332470 sequences
[M::worker_pipeline::249.275*3.75] mapped 332434 sequences
[M::worker_pipeline::249.981*3.74] mapped 332346 sequences
[M::worker_pipeline::250.706*3.74] mapped 332344 sequences
[M::worker_pipeline::251.301*3.75] mapped 332274 sequences
[M::worker_pipeline::251.998*3.75] mapped 332222 sequences
[M::worker_pipeline::252.579*3.75] mapped 332204 sequences
[M::worker_pipeline::253.239*3.75] mapped 332180 sequences
[M::worker_pipeline::253.878*3.75] mapped 332156 sequences
[M::worker_pipeline::254.649*3.75] mapped 332132 sequences
[M::worker_pipeline::255.358*3.75] mapped 332106 sequences
[M::worker_pipeline::256.023*3.75] mapped 332130 sequences
[M::worker_pipeline::256.725*3.75] mapped 332158 sequences
[M::worker_pipeline::257.406*3.75] mapped 332150 sequences
[M::worker_pipeline::258.076*3.75] mapped 332138 sequences
[M::worker_pipeline::258.700*3.75] mapped 332234 sequences
[M::worker_pipeline::259.394*3.75] mapped 332188 sequences
[M::worker_pipeline::260.076*3.75] mapped 332138 sequences
[M::worker_pipeline::260.735*3.75] mapped 332130 sequences
[M::worker_pipeline::261.483*3.75] mapped 332124 sequences
[M::worker_pipeline::262.125*3.75] mapped 332104 sequences
[M::worker_pipeline::262.779*3.75] mapped 332132 sequences
[M::worker_pipeline::263.413*3.75] mapped 332056 sequences
[M::worker_pipeline::264.093*3.75] mapped 332088 sequences
[M::worker_pipeline::264.761*3.75] mapped 332056 sequences
[M::worker_pipeline::265.463*3.75] mapped 332062 sequences
[M::worker_pipeline::266.028*3.75] mapped 331996 sequences
[M::worker_pipeline::266.677*3.75] mapped 332026 sequences
[M::worker_pipeline::267.388*3.75] mapped 332046 sequences
[M::worker_pipeline::268.063*3.75] mapped 332014 sequences
[M::worker_pipeline::268.760*3.75] mapped 332020 sequences
[M::worker_pipeline::269.423*3.75] mapped 332002 sequences
[M::worker_pipeline::270.150*3.75] mapped 332030 sequences
[M::worker_pipeline::270.805*3.75] mapped 332016 sequences
[M::worker_pipeline::271.469*3.75] mapped 332022 sequences
[M::worker_pipeline::272.091*3.75] mapped 331986 sequences
[M::worker_pipeline::272.691*3.75] mapped 332008 sequences
[M::worker_pipeline::273.344*3.76] mapped 331976 sequences
[M::worker_pipeline::273.927*3.76] mapped 332004 sequences
[M::worker_pipeline::274.561*3.76] mapped 332030 sequences
[M::worker_pipeline::275.291*3.76] mapped 332086 sequences
[M::worker_pipeline::275.924*3.76] mapped 332030 sequences
[M::worker_pipeline::276.602*3.76] mapped 332034 sequences
[M::worker_pipeline::277.305*3.76] mapped 332000 sequences
[M::worker_pipeline::277.927*3.76] mapped 331942 sequences
[M::worker_pipeline::278.601*3.76] mapped 332022 sequences
[M::worker_pipeline::279.318*3.76] mapped 331966 sequences
[M::worker_pipeline::280.086*3.76] mapped 332018 sequences
[M::worker_pipeline::280.713*3.76] mapped 331940 sequences
[M::worker_pipeline::281.345*3.76] mapped 332000 sequences
[M::worker_pipeline::282.013*3.76] mapped 332046 sequences
[M::worker_pipeline::282.631*3.76] mapped 332032 sequences
[M::worker_pipeline::283.307*3.76] mapped 332054 sequences
[M::worker_pipeline::284.098*3.76] mapped 332056 sequences
[M::worker_pipeline::284.627*3.76] mapped 332050 sequences
[M::worker_pipeline::285.245*3.76] mapped 332088 sequences
[M::worker_pipeline::285.847*3.76] mapped 332100 sequences
[M::worker_pipeline::286.582*3.76] mapped 332132 sequences
[M::worker_pipeline::287.164*3.77] mapped 332108 sequences
[M::worker_pipeline::287.894*3.77] mapped 332072 sequences
[M::worker_pipeline::288.464*3.77] mapped 332108 sequences
[M::worker_pipeline::289.181*3.77] mapped 332122 sequences
[M::worker_pipeline::289.797*3.77] mapped 331994 sequences
[M::worker_pipeline::290.452*3.77] mapped 331986 sequences
[M::worker_pipeline::291.133*3.77] mapped 331968 sequences
[M::worker_pipeline::291.730*3.77] mapped 331976 sequences
[M::worker_pipeline::296.922*3.73] mapped 331962 sequences
[M::worker_pipeline::297.109*3.73] mapped 332042 sequences
[M::worker_pipeline::297.271*3.72] mapped 332586 sequences
[M::worker_pipeline::297.916*3.73] mapped 332474 sequences
[M::worker_pipeline::298.596*3.73] mapped 332418 sequences
[M::worker_pipeline::299.345*3.73] mapped 332284 sequences
[M::worker_pipeline::300.001*3.73] mapped 332224 sequences
[M::worker_pipeline::300.630*3.73] mapped 332292 sequences
[M::worker_pipeline::301.284*3.73] mapped 332194 sequences
[M::worker_pipeline::301.897*3.73] mapped 332184 sequences
[M::worker_pipeline::302.601*3.73] mapped 332152 sequences
[M::worker_pipeline::303.208*3.73] mapped 332100 sequences
[M::worker_pipeline::303.971*3.73] mapped 332134 sequences
[M::worker_pipeline::304.642*3.73] mapped 332080 sequences
[M::worker_pipeline::305.286*3.73] mapped 332074 sequences
[M::worker_pipeline::306.023*3.73] mapped 332070 sequences
[M::worker_pipeline::306.666*3.73] mapped 332074 sequences
[M::worker_pipeline::307.279*3.73] mapped 332080 sequences
[M::worker_pipeline::307.998*3.73] mapped 332088 sequences
[M::worker_pipeline::308.677*3.73] mapped 332092 sequences
[M::worker_pipeline::309.393*3.73] mapped 332070 sequences
[M::worker_pipeline::310.036*3.73] mapped 332482 sequences
[M::worker_pipeline::310.575*3.73] mapped 332086 sequences
[M::worker_pipeline::311.237*3.74] mapped 332078 sequences
[M::worker_pipeline::311.893*3.74] mapped 332018 sequences
[M::worker_pipeline::312.630*3.74] mapped 332028 sequences
[M::worker_pipeline::313.204*3.74] mapped 331974 sequences
[M::worker_pipeline::313.837*3.74] mapped 332062 sequences
[M::worker_pipeline::314.388*3.74] mapped 332012 sequences
[M::worker_pipeline::314.993*3.74] mapped 332004 sequences
[M::worker_pipeline::315.741*3.74] mapped 331996 sequences
[M::worker_pipeline::316.287*3.74] mapped 331998 sequences
[M::worker_pipeline::316.988*3.74] mapped 331972 sequences
[M::worker_pipeline::317.687*3.74] mapped 332006 sequences
[M::worker_pipeline::318.378*3.74] mapped 332012 sequences
[M::worker_pipeline::318.997*3.74] mapped 332028 sequences
[M::worker_pipeline::319.702*3.74] mapped 331984 sequences
[M::worker_pipeline::320.443*3.74] mapped 332008 sequences
[M::worker_pipeline::321.068*3.74] mapped 331968 sequences
[M::worker_pipeline::321.727*3.74] mapped 331976 sequences
[M::worker_pipeline::322.448*3.74] mapped 332048 sequences
[M::worker_pipeline::323.018*3.74] mapped 332170 sequences
[M::worker_pipeline::323.729*3.74] mapped 332192 sequences
[M::worker_pipeline::324.445*3.74] mapped 332220 sequences
[M::worker_pipeline::325.090*3.74] mapped 332136 sequences
[M::worker_pipeline::325.822*3.74] mapped 332270 sequences
[M::worker_pipeline::326.422*3.74] mapped 331990 sequences
[M::worker_pipeline::327.027*3.75] mapped 331988 sequences
[M::worker_pipeline::327.695*3.75] mapped 332004 sequences
[M::worker_pipeline::328.392*3.75] mapped 331990 sequences
[M::worker_pipeline::329.116*3.74] mapped 332006 sequences
[M::worker_pipeline::329.729*3.75] mapped 332018 sequences
[M::worker_pipeline::330.399*3.75] mapped 332000 sequences
[M::worker_pipeline::331.098*3.75] mapped 331998 sequences
[M::worker_pipeline::331.736*3.75] mapped 332102 sequences
[M::worker_pipeline::332.448*3.75] mapped 332066 sequences
[M::worker_pipeline::333.170*3.74] mapped 332044 sequences
[M::worker_pipeline::333.838*3.74] mapped 332060 sequences
[M::worker_pipeline::334.505*3.74] mapped 332096 sequences
[M::worker_pipeline::335.190*3.74] mapped 332102 sequences
[M::worker_pipeline::335.874*3.74] mapped 332148 sequences
[M::worker_pipeline::336.499*3.75] mapped 332164 sequences
[M::worker_pipeline::337.241*3.74] mapped 332168 sequences
[M::worker_pipeline::337.877*3.75] mapped 332186 sequences
[M::worker_pipeline::338.496*3.75] mapped 332120 sequences
[M::worker_pipeline::339.237*3.75] mapped 332020 sequences
[M::worker_pipeline::339.872*3.75] mapped 331990 sequences
[M::worker_pipeline::340.543*3.75] mapped 331982 sequences
[M::worker_pipeline::341.252*3.75] mapped 331996 sequences
[M::worker_pipeline::341.880*3.75] mapped 331998 sequences
[M::worker_pipeline::342.449*3.75] mapped 331998 sequences
[M::worker_pipeline::343.101*3.75] mapped 332586 sequences
[M::worker_pipeline::343.833*3.75] mapped 332640 sequences
[M::worker_pipeline::344.560*3.75] mapped 332566 sequences
[M::worker_pipeline::345.238*3.75] mapped 332466 sequences
[M::worker_pipeline::346.041*3.75] mapped 332462 sequences
[M::worker_pipeline::346.642*3.75] mapped 332436 sequences
[M::worker_pipeline::347.311*3.75] mapped 332332 sequences
[M::worker_pipeline::348.026*3.75] mapped 332342 sequences
[M::worker_pipeline::348.781*3.75] mapped 332328 sequences
[M::worker_pipeline::349.551*3.75] mapped 332302 sequences
[M::worker_pipeline::350.094*3.75] mapped 332242 sequences
[M::worker_pipeline::350.828*3.75] mapped 332258 sequences
[M::worker_pipeline::351.509*3.75] mapped 332230 sequences
[M::worker_pipeline::352.152*3.75] mapped 332238 sequences
[M::worker_pipeline::352.864*3.75] mapped 332208 sequences
[M::worker_pipeline::353.527*3.75] mapped 332244 sequences
[M::worker_pipeline::354.294*3.75] mapped 332276 sequences
[M::worker_pipeline::354.952*3.75] mapped 332300 sequences
[M::worker_pipeline::355.565*3.75] mapped 332300 sequences
[M::worker_pipeline::356.252*3.75] mapped 332344 sequences
[M::worker_pipeline::356.860*3.75] mapped 332230 sequences
[M::worker_pipeline::357.450*3.75] mapped 332208 sequences
[M::worker_pipeline::358.109*3.75] mapped 332234 sequences
[M::worker_pipeline::358.765*3.75] mapped 332184 sequences
[M::worker_pipeline::359.438*3.75] mapped 332150 sequences
[M::worker_pipeline::360.069*3.75] mapped 332182 sequences
[M::worker_pipeline::360.707*3.75] mapped 332142 sequences
[M::worker_pipeline::361.346*3.75] mapped 332106 sequences
[M::worker_pipeline::362.015*3.75] mapped 332060 sequences
[M::worker_pipeline::362.657*3.75] mapped 332072 sequences
[M::worker_pipeline::363.363*3.75] mapped 332090 sequences
[M::worker_pipeline::363.998*3.76] mapped 332072 sequences
[M::worker_pipeline::364.699*3.75] mapped 332104 sequences
[M::worker_pipeline::365.405*3.75] mapped 332062 sequences
[M::worker_pipeline::366.090*3.75] mapped 332110 sequences
[M::worker_pipeline::371.145*3.72] mapped 332082 sequences
[M::worker_pipeline::371.354*3.72] mapped 332074 sequences
[M::worker_pipeline::371.540*3.72] mapped 332196 sequences
[M::worker_pipeline::372.113*3.72] mapped 332380 sequences
[M::worker_pipeline::372.807*3.72] mapped 332432 sequences
[M::worker_pipeline::373.458*3.72] mapped 332386 sequences
[M::worker_pipeline::374.126*3.72] mapped 332356 sequences
[M::worker_pipeline::374.775*3.72] mapped 332372 sequences
[M::worker_pipeline::375.488*3.72] mapped 332150 sequences
[M::worker_pipeline::376.161*3.72] mapped 332034 sequences
[M::worker_pipeline::376.788*3.72] mapped 332038 sequences
[M::worker_pipeline::377.480*3.72] mapped 332024 sequences
[M::worker_pipeline::378.101*3.72] mapped 332042 sequences
[M::worker_pipeline::378.795*3.73] mapped 332034 sequences
[M::worker_pipeline::379.539*3.73] mapped 332020 sequences
[M::worker_pipeline::380.194*3.73] mapped 332082 sequences
[M::worker_pipeline::380.788*3.73] mapped 332066 sequences
[M::worker_pipeline::381.501*3.73] mapped 332078 sequences
[M::worker_pipeline::382.163*3.73] mapped 332050 sequences
[M::worker_pipeline::382.745*3.73] mapped 332072 sequences
[M::worker_pipeline::383.401*3.73] mapped 332080 sequences
[M::worker_pipeline::384.027*3.73] mapped 332106 sequences
[M::worker_pipeline::384.716*3.73] mapped 332044 sequences
[M::worker_pipeline::385.332*3.73] mapped 332064 sequences
[M::worker_pipeline::385.994*3.73] mapped 332066 sequences
[M::worker_pipeline::386.718*3.73] mapped 332068 sequences
[M::worker_pipeline::387.381*3.73] mapped 332044 sequences
[M::worker_pipeline::388.066*3.73] mapped 332026 sequences
[M::worker_pipeline::388.711*3.73] mapped 332012 sequences
[M::worker_pipeline::389.327*3.73] mapped 331940 sequences
[M::worker_pipeline::389.997*3.73] mapped 331986 sequences
[M::worker_pipeline::390.669*3.73] mapped 331926 sequences
[M::worker_pipeline::391.329*3.73] mapped 332004 sequences
[M::worker_pipeline::391.822*3.73] mapped 280674 sequences
[M::main] Version: 2.22-r1101
[M::main] CMD: minimap2 --secondary=no -t 16 -R @RG\tID:snippy\tSM:snippy -ax sr /work/FAC/FBM/DMF/smitri/evomicrocomm/genome_size/data/oa/reference.fasta /work/FAC/FBM/DMF/smitri/evomicrocomm/genome_size/data/T44.4.4/read1.fq.gz /work/FAC/FBM/DMF/smitri/evomicrocomm/genome_size/data/T44.4.4/read2.fq.gz
[M::main] Real time: 391.846 sec; CPU: 1462.892 sec; Peak RSS: 0.497 GB
[bam_sort_core] merging from 80 files and 16 in-memory blocks...
[Fri Oct 15 16:19:00 2021]
Finished job 0.
1 of 1 steps (100%) done
