Building DAG of jobs...
Using shell: /usr/bin/bash
Provided cores: 16
Rules claiming more threads will be scaled down.
Select jobs to execute...

[Sun Oct 17 22:40:12 2021]
rule mapping:
    input: /work/FAC/FBM/DMF/smitri/evomicrocomm/genome_size/data/ct/reference.fasta, /work/FAC/FBM/DMF/smitri/evomicrocomm/genome_size/data/T22.2.3/read1.fq.gz, /work/FAC/FBM/DMF/smitri/evomicrocomm/genome_size/data/T22.2.3/read2.fq.gz
    output: /work/FAC/FBM/DMF/smitri/evomicrocomm/genome_size/data/T22.2.3/ct/mapped_reads.sorted.bam
    jobid: 0
    wildcards: sample=T22.2.3, strain=ct
    threads: 16
    resources: mem_mb=1000, disk_mb=1000, tmpdir=/tmp/2846108

[M::mm_idx_gen::0.169*0.82] collected minimizers
[M::mm_idx_gen::0.186*1.93] sorted minimizers
[M::main::0.186*1.93] loaded/built the index for 2 target sequence(s)
[M::mm_mapopt_update::0.186*1.93] mid_occ = 1000
[M::mm_idx_stat] kmer size: 21; skip: 11; is_hpc: 0; #seq: 2
[M::mm_idx_stat::0.199*1.87] distinct minimizers: 993850 (99.11% are singletons); average occurrences: 1.021; average spacing: 5.998; total length: 6084391
[M::worker_pipeline::1.941*3.76] mapped 334272 sequences
[M::worker_pipeline::2.905*4.76] mapped 334242 sequences
[M::worker_pipeline::3.879*5.25] mapped 334360 sequences
[M::worker_pipeline::4.806*5.57] mapped 334494 sequences
[M::worker_pipeline::5.730*6.08] mapped 334342 sequences
[M::worker_pipeline::6.342*6.34] mapped 334506 sequences
[M::worker_pipeline::7.108*6.74] mapped 334442 sequences
[M::worker_pipeline::7.986*7.19] mapped 334314 sequences
[M::worker_pipeline::8.576*7.26] mapped 334344 sequences
[M::worker_pipeline::9.349*7.53] mapped 334406 sequences
[M::worker_pipeline::9.867*7.54] mapped 334276 sequences
[M::worker_pipeline::10.557*7.60] mapped 334266 sequences
[M::worker_pipeline::10.694*7.52] mapped 107940 sequences
[M::main] Version: 2.22-r1101
[M::main] CMD: minimap2 --secondary=no -t 16 -R @RG\tID:snippy\tSM:snippy -ax sr /work/FAC/FBM/DMF/smitri/evomicrocomm/genome_size/data/ct/reference.fasta /work/FAC/FBM/DMF/smitri/evomicrocomm/genome_size/data/T22.2.3/read1.fq.gz /work/FAC/FBM/DMF/smitri/evomicrocomm/genome_size/data/T22.2.3/read2.fq.gz
[M::main] Real time: 10.711 sec; CPU: 80.399 sec; Peak RSS: 0.562 GB
[bam_sort_core] merging from 0 files and 16 in-memory blocks...
[Sun Oct 17 22:40:28 2021]
Finished job 0.
1 of 1 steps (100%) done
