Building DAG of jobs...
Using shell: /usr/bin/bash
Provided cluster nodes: 100
Job stats:
job       count    min threads    max threads
------  -------  -------------  -------------
snippy       60             16             16
total        60             16             16

Select jobs to execute...

[Thu Oct 21 17:05:37 2021]
rule snippy:
    input: /work/FAC/FBM/DMF/smitri/evomicrocomm/genome_size/data/ct/reference.gbk, /work/FAC/FBM/DMF/smitri/evomicrocomm/genome_size/data/T11.3.5/ct/mapped_reads.sorted.bam
    output: /work/FAC/FBM/DMF/smitri/evomicrocomm/genome_size/data/T11.3.5/ct/snippy/snps.tab
    jobid: 118
    wildcards: sample=T11.3.5, strain=ct
    threads: 16
    resources: tmpdir=/tmp/2955029

Submitted job 118 with external jobid 'Submitted batch job 2955032'.

[Thu Oct 21 17:05:37 2021]
rule snippy:
    input: /work/FAC/FBM/DMF/smitri/evomicrocomm/genome_size/data/ct/reference.gbk, /work/FAC/FBM/DMF/smitri/evomicrocomm/genome_size/data/T22.4.1/ct/mapped_reads.sorted.bam
    output: /work/FAC/FBM/DMF/smitri/evomicrocomm/genome_size/data/T22.4.1/ct/snippy/snps.tab
    jobid: 28
    wildcards: sample=T22.4.1, strain=ct
    threads: 16
    resources: tmpdir=/tmp/2955029

Submitted job 28 with external jobid 'Submitted batch job 2955033'.

[Thu Oct 21 17:05:37 2021]
rule snippy:
    input: /work/FAC/FBM/DMF/smitri/evomicrocomm/genome_size/data/ct/reference.gbk, /work/FAC/FBM/DMF/smitri/evomicrocomm/genome_size/data/T11.3.4/ct/mapped_reads.sorted.bam
    output: /work/FAC/FBM/DMF/smitri/evomicrocomm/genome_size/data/T11.3.4/ct/snippy/snps.tab
    jobid: 42
    wildcards: sample=T11.3.4, strain=ct
    threads: 16
    resources: tmpdir=/tmp/2955029

Submitted job 42 with external jobid 'Submitted batch job 2955034'.

[Thu Oct 21 17:05:37 2021]
rule snippy:
    input: /work/FAC/FBM/DMF/smitri/evomicrocomm/genome_size/data/ct/reference.gbk, /work/FAC/FBM/DMF/smitri/evomicrocomm/genome_size/data/T11.4.4/ct/mapped_reads.sorted.bam
    output: /work/FAC/FBM/DMF/smitri/evomicrocomm/genome_size/data/T11.4.4/ct/snippy/snps.tab
    jobid: 0
    wildcards: sample=T11.4.4, strain=ct
    threads: 16
    resources: tmpdir=/tmp/2955029

Submitted job 0 with external jobid 'Submitted batch job 2955035'.

[Thu Oct 21 17:05:37 2021]
rule snippy:
    input: /work/FAC/FBM/DMF/smitri/evomicrocomm/genome_size/data/ct/reference.gbk, /work/FAC/FBM/DMF/smitri/evomicrocomm/genome_size/data/T33.3.1/ct/mapped_reads.sorted.bam
    output: /work/FAC/FBM/DMF/smitri/evomicrocomm/genome_size/data/T33.3.1/ct/snippy/snps.tab
    jobid: 14
    wildcards: sample=T33.3.1, strain=ct
    threads: 16
    resources: tmpdir=/tmp/2955029

Submitted job 14 with external jobid 'Submitted batch job 2955036'.

[Thu Oct 21 17:05:37 2021]
rule snippy:
    input: /work/FAC/FBM/DMF/smitri/evomicrocomm/genome_size/data/ct/reference.gbk, /work/FAC/FBM/DMF/smitri/evomicrocomm/genome_size/data/T44.2.2.rep/ct/mapped_reads.sorted.bam
    output: /work/FAC/FBM/DMF/smitri/evomicrocomm/genome_size/data/T44.2.2.rep/ct/snippy/snps.tab
    jobid: 56
    wildcards: sample=T44.2.2.rep, strain=ct
    threads: 16
    resources: tmpdir=/tmp/2955029

Submitted job 56 with external jobid 'Submitted batch job 2955037'.

[Thu Oct 21 17:05:37 2021]
rule snippy:
    input: /work/FAC/FBM/DMF/smitri/evomicrocomm/genome_size/data/ct/reference.gbk, /work/FAC/FBM/DMF/smitri/evomicrocomm/genome_size/data/T11.2.1/ct/mapped_reads.sorted.bam
    output: /work/FAC/FBM/DMF/smitri/evomicrocomm/genome_size/data/T11.2.1/ct/snippy/snps.tab
    jobid: 70
    wildcards: sample=T11.2.1, strain=ct
    threads: 16
    resources: tmpdir=/tmp/2955029

Submitted job 70 with external jobid 'Submitted batch job 2955038'.

[Thu Oct 21 17:05:37 2021]
rule snippy:
    input: /work/FAC/FBM/DMF/smitri/evomicrocomm/genome_size/data/ct/reference.gbk, /work/FAC/FBM/DMF/smitri/evomicrocomm/genome_size/data/T22.3.4/ct/mapped_reads.sorted.bam
    output: /work/FAC/FBM/DMF/smitri/evomicrocomm/genome_size/data/T22.3.4/ct/snippy/snps.tab
    jobid: 84
    wildcards: sample=T22.3.4, strain=ct
    threads: 16
    resources: tmpdir=/tmp/2955029

Submitted job 84 with external jobid 'Submitted batch job 2955039'.

[Thu Oct 21 17:05:37 2021]
rule snippy:
    input: /work/FAC/FBM/DMF/smitri/evomicrocomm/genome_size/data/ct/reference.gbk, /work/FAC/FBM/DMF/smitri/evomicrocomm/genome_size/data/T22.2.4/ct/mapped_reads.sorted.bam
    output: /work/FAC/FBM/DMF/smitri/evomicrocomm/genome_size/data/T22.2.4/ct/snippy/snps.tab
    jobid: 98
    wildcards: sample=T22.2.4, strain=ct
    threads: 16
    resources: tmpdir=/tmp/2955029

Submitted job 98 with external jobid 'Submitted batch job 2955040'.

[Thu Oct 21 17:05:37 2021]
rule snippy:
    input: /work/FAC/FBM/DMF/smitri/evomicrocomm/genome_size/data/ct/reference.gbk, /work/FAC/FBM/DMF/smitri/evomicrocomm/genome_size/data/T22.4.4/ct/mapped_reads.sorted.bam
    output: /work/FAC/FBM/DMF/smitri/evomicrocomm/genome_size/data/T22.4.4/ct/snippy/snps.tab
    jobid: 36
    wildcards: sample=T22.4.4, strain=ct
    threads: 16
    resources: tmpdir=/tmp/2955029

Submitted job 36 with external jobid 'Submitted batch job 2955041'.

[Thu Oct 21 17:05:37 2021]
rule snippy:
    input: /work/FAC/FBM/DMF/smitri/evomicrocomm/genome_size/data/ct/reference.gbk, /work/FAC/FBM/DMF/smitri/evomicrocomm/genome_size/data/T22.2.2/ct/mapped_reads.sorted.bam
    output: /work/FAC/FBM/DMF/smitri/evomicrocomm/genome_size/data/T22.2.2/ct/snippy/snps.tab
    jobid: 8
    wildcards: sample=T22.2.2, strain=ct
    threads: 16
    resources: tmpdir=/tmp/2955029

Submitted job 8 with external jobid 'Submitted batch job 2955042'.

[Thu Oct 21 17:05:37 2021]
rule snippy:
    input: /work/FAC/FBM/DMF/smitri/evomicrocomm/genome_size/data/ct/reference.gbk, /work/FAC/FBM/DMF/smitri/evomicrocomm/genome_size/data/T33.3.3/ct/mapped_reads.sorted.bam
    output: /work/FAC/FBM/DMF/smitri/evomicrocomm/genome_size/data/T33.3.3/ct/snippy/snps.tab
    jobid: 64
    wildcards: sample=T33.3.3, strain=ct
    threads: 16
    resources: tmpdir=/tmp/2955029

Submitted job 64 with external jobid 'Submitted batch job 2955043'.

[Thu Oct 21 17:05:37 2021]
rule snippy:
    input: /work/FAC/FBM/DMF/smitri/evomicrocomm/genome_size/data/ct/reference.gbk, /work/FAC/FBM/DMF/smitri/evomicrocomm/genome_size/data/T44.4.3/ct/mapped_reads.sorted.bam
    output: /work/FAC/FBM/DMF/smitri/evomicrocomm/genome_size/data/T44.4.3/ct/snippy/snps.tab
    jobid: 50
    wildcards: sample=T44.4.3, strain=ct
    threads: 16
    resources: tmpdir=/tmp/2955029

Submitted job 50 with external jobid 'Submitted batch job 2955044'.

[Thu Oct 21 17:05:37 2021]
rule snippy:
    input: /work/FAC/FBM/DMF/smitri/evomicrocomm/genome_size/data/ct/reference.gbk, /work/FAC/FBM/DMF/smitri/evomicrocomm/genome_size/data/T11.2.3/ct/mapped_reads.sorted.bam
    output: /work/FAC/FBM/DMF/smitri/evomicrocomm/genome_size/data/T11.2.3/ct/snippy/snps.tab
    jobid: 106
    wildcards: sample=T11.2.3, strain=ct
    threads: 16
    resources: tmpdir=/tmp/2955029

Submitted job 106 with external jobid 'Submitted batch job 2955045'.

[Thu Oct 21 17:05:37 2021]
rule snippy:
    input: /work/FAC/FBM/DMF/smitri/evomicrocomm/genome_size/data/ct/reference.gbk, /work/FAC/FBM/DMF/smitri/evomicrocomm/genome_size/data/T44.4.4/ct/mapped_reads.sorted.bam
    output: /work/FAC/FBM/DMF/smitri/evomicrocomm/genome_size/data/T44.4.4/ct/snippy/snps.tab
    jobid: 22
    wildcards: sample=T44.4.4, strain=ct
    threads: 16
    resources: tmpdir=/tmp/2955029

Submitted job 22 with external jobid 'Submitted batch job 2955046'.

[Thu Oct 21 17:05:37 2021]
rule snippy:
    input: /work/FAC/FBM/DMF/smitri/evomicrocomm/genome_size/data/ct/reference.gbk, /work/FAC/FBM/DMF/smitri/evomicrocomm/genome_size/data/T44.4.2/ct/mapped_reads.sorted.bam
    output: /work/FAC/FBM/DMF/smitri/evomicrocomm/genome_size/data/T44.4.2/ct/snippy/snps.tab
    jobid: 78
    wildcards: sample=T44.4.2, strain=ct
    threads: 16
    resources: tmpdir=/tmp/2955029

Submitted job 78 with external jobid 'Submitted batch job 2955047'.

[Thu Oct 21 17:05:37 2021]
rule snippy:
    input: /work/FAC/FBM/DMF/smitri/evomicrocomm/genome_size/data/ct/reference.gbk, /work/FAC/FBM/DMF/smitri/evomicrocomm/genome_size/data/T33.3.2/ct/mapped_reads.sorted.bam
    output: /work/FAC/FBM/DMF/smitri/evomicrocomm/genome_size/data/T33.3.2/ct/snippy/snps.tab
    jobid: 92
    wildcards: sample=T33.3.2, strain=ct
    threads: 16
    resources: tmpdir=/tmp/2955029

Submitted job 92 with external jobid 'Submitted batch job 2955048'.

[Thu Oct 21 17:05:37 2021]
rule snippy:
    input: /work/FAC/FBM/DMF/smitri/evomicrocomm/genome_size/data/ct/reference.gbk, /work/FAC/FBM/DMF/smitri/evomicrocomm/genome_size/data/T33.4.4/ct/mapped_reads.sorted.bam
    output: /work/FAC/FBM/DMF/smitri/evomicrocomm/genome_size/data/T33.4.4/ct/snippy/snps.tab
    jobid: 104
    wildcards: sample=T33.4.4, strain=ct
    threads: 16
    resources: tmpdir=/tmp/2955029

Submitted job 104 with external jobid 'Submitted batch job 2955049'.

[Thu Oct 21 17:05:37 2021]
rule snippy:
    input: /work/FAC/FBM/DMF/smitri/evomicrocomm/genome_size/data/ct/reference.gbk, /work/FAC/FBM/DMF/smitri/evomicrocomm/genome_size/data/T22.2.1/ct/mapped_reads.sorted.bam
    output: /work/FAC/FBM/DMF/smitri/evomicrocomm/genome_size/data/T22.2.1/ct/snippy/snps.tab
    jobid: 2
    wildcards: sample=T22.2.1, strain=ct
    threads: 16
    resources: tmpdir=/tmp/2955029

Submitted job 2 with external jobid 'Submitted batch job 2955050'.

[Thu Oct 21 17:05:37 2021]
rule snippy:
    input: /work/FAC/FBM/DMF/smitri/evomicrocomm/genome_size/data/ct/reference.gbk, /work/FAC/FBM/DMF/smitri/evomicrocomm/genome_size/data/T22.3.5/ct/mapped_reads.sorted.bam
    output: /work/FAC/FBM/DMF/smitri/evomicrocomm/genome_size/data/T22.3.5/ct/snippy/snps.tab
    jobid: 90
    wildcards: sample=T22.3.5, strain=ct
    threads: 16
    resources: tmpdir=/tmp/2955029

Submitted job 90 with external jobid 'Submitted batch job 2955051'.

[Thu Oct 21 17:05:37 2021]
rule snippy:
    input: /work/FAC/FBM/DMF/smitri/evomicrocomm/genome_size/data/ct/reference.gbk, /work/FAC/FBM/DMF/smitri/evomicrocomm/genome_size/data/T44.2.3.rep/ct/mapped_reads.sorted.bam
    output: /work/FAC/FBM/DMF/smitri/evomicrocomm/genome_size/data/T44.2.3.rep/ct/snippy/snps.tab
    jobid: 114
    wildcards: sample=T44.2.3.rep, strain=ct
    threads: 16
    resources: tmpdir=/tmp/2955029

Submitted job 114 with external jobid 'Submitted batch job 2955052'.

[Thu Oct 21 17:05:37 2021]
rule snippy:
    input: /work/FAC/FBM/DMF/smitri/evomicrocomm/genome_size/data/ct/reference.gbk, /work/FAC/FBM/DMF/smitri/evomicrocomm/genome_size/data/T11.4.5/ct/mapped_reads.sorted.bam
    output: /work/FAC/FBM/DMF/smitri/evomicrocomm/genome_size/data/T11.4.5/ct/snippy/snps.tab
    jobid: 30
    wildcards: sample=T11.4.5, strain=ct
    threads: 16
    resources: tmpdir=/tmp/2955029

Submitted job 30 with external jobid 'Submitted batch job 2955053'.

[Thu Oct 21 17:05:37 2021]
rule snippy:
    input: /work/FAC/FBM/DMF/smitri/evomicrocomm/genome_size/data/ct/reference.gbk, /work/FAC/FBM/DMF/smitri/evomicrocomm/genome_size/data/T44.3.4/ct/mapped_reads.sorted.bam
    output: /work/FAC/FBM/DMF/smitri/evomicrocomm/genome_size/data/T44.3.4/ct/snippy/snps.tab
    jobid: 16
    wildcards: sample=T44.3.4, strain=ct
    threads: 16
    resources: tmpdir=/tmp/2955029

Submitted job 16 with external jobid 'Submitted batch job 2955054'.

[Thu Oct 21 17:05:37 2021]
rule snippy:
    input: /work/FAC/FBM/DMF/smitri/evomicrocomm/genome_size/data/ct/reference.gbk, /work/FAC/FBM/DMF/smitri/evomicrocomm/genome_size/data/T44.2.1/ct/mapped_reads.sorted.bam
    output: /work/FAC/FBM/DMF/smitri/evomicrocomm/genome_size/data/T44.2.1/ct/snippy/snps.tab
    jobid: 6
    wildcards: sample=T44.2.1, strain=ct
    threads: 16
    resources: tmpdir=/tmp/2955029

Submitted job 6 with external jobid 'Submitted batch job 2955055'.

[Thu Oct 21 17:05:37 2021]
rule snippy:
    input: /work/FAC/FBM/DMF/smitri/evomicrocomm/genome_size/data/ct/reference.gbk, /work/FAC/FBM/DMF/smitri/evomicrocomm/genome_size/data/T33.4.2/ct/mapped_reads.sorted.bam
    output: /work/FAC/FBM/DMF/smitri/evomicrocomm/genome_size/data/T33.4.2/ct/snippy/snps.tab
    jobid: 44
    wildcards: sample=T33.4.2, strain=ct
    threads: 16
    resources: tmpdir=/tmp/2955029

Submitted job 44 with external jobid 'Submitted batch job 2955056'.

[Thu Oct 21 17:05:37 2021]
rule snippy:
    input: /work/FAC/FBM/DMF/smitri/evomicrocomm/genome_size/data/ct/reference.gbk, /work/FAC/FBM/DMF/smitri/evomicrocomm/genome_size/data/T11.4.1/ct/mapped_reads.sorted.bam
    output: /work/FAC/FBM/DMF/smitri/evomicrocomm/genome_size/data/T11.4.1/ct/snippy/snps.tab
    jobid: 58
    wildcards: sample=T11.4.1, strain=ct
    threads: 16
    resources: tmpdir=/tmp/2955029

Submitted job 58 with external jobid 'Submitted batch job 2955057'.

[Thu Oct 21 17:05:37 2021]
rule snippy:
    input: /work/FAC/FBM/DMF/smitri/evomicrocomm/genome_size/data/ct/reference.gbk, /work/FAC/FBM/DMF/smitri/evomicrocomm/genome_size/data/T22.4.2/ct/mapped_reads.sorted.bam
    output: /work/FAC/FBM/DMF/smitri/evomicrocomm/genome_size/data/T22.4.2/ct/snippy/snps.tab
    jobid: 72
    wildcards: sample=T22.4.2, strain=ct
    threads: 16
    resources: tmpdir=/tmp/2955029

Submitted job 72 with external jobid 'Submitted batch job 2955058'.

[Thu Oct 21 17:05:37 2021]
rule snippy:
    input: /work/FAC/FBM/DMF/smitri/evomicrocomm/genome_size/data/ct/reference.gbk, /work/FAC/FBM/DMF/smitri/evomicrocomm/genome_size/data/T11.2.5.rep/ct/mapped_reads.sorted.bam
    output: /work/FAC/FBM/DMF/smitri/evomicrocomm/genome_size/data/T11.2.5.rep/ct/snippy/snps.tab
    jobid: 86
    wildcards: sample=T11.2.5.rep, strain=ct
    threads: 16
    resources: tmpdir=/tmp/2955029

Submitted job 86 with external jobid 'Submitted batch job 2955059'.

[Thu Oct 21 17:05:37 2021]
rule snippy:
    input: /work/FAC/FBM/DMF/smitri/evomicrocomm/genome_size/data/ct/reference.gbk, /work/FAC/FBM/DMF/smitri/evomicrocomm/genome_size/data/T44.4.1/ct/mapped_reads.sorted.bam
    output: /work/FAC/FBM/DMF/smitri/evomicrocomm/genome_size/data/T44.4.1/ct/snippy/snps.tab
    jobid: 100
    wildcards: sample=T44.4.1, strain=ct
    threads: 16
    resources: tmpdir=/tmp/2955029

Submitted job 100 with external jobid 'Submitted batch job 2955060'.

[Thu Oct 21 17:05:37 2021]
rule snippy:
    input: /work/FAC/FBM/DMF/smitri/evomicrocomm/genome_size/data/ct/reference.gbk, /work/FAC/FBM/DMF/smitri/evomicrocomm/genome_size/data/T22.3.3/ct/mapped_reads.sorted.bam
    output: /work/FAC/FBM/DMF/smitri/evomicrocomm/genome_size/data/T22.3.3/ct/snippy/snps.tab
    jobid: 10
    wildcards: sample=T22.3.3, strain=ct
    threads: 16
    resources: tmpdir=/tmp/2955029

Submitted job 10 with external jobid 'Submitted batch job 2955061'.

[Thu Oct 21 17:05:37 2021]
rule snippy:
    input: /work/FAC/FBM/DMF/smitri/evomicrocomm/genome_size/data/ct/reference.gbk, /work/FAC/FBM/DMF/smitri/evomicrocomm/genome_size/data/T44.2.4.rep/ct/mapped_reads.sorted.bam
    output: /work/FAC/FBM/DMF/smitri/evomicrocomm/genome_size/data/T44.2.4.rep/ct/snippy/snps.tab
    jobid: 24
    wildcards: sample=T44.2.4.rep, strain=ct
    threads: 16
    resources: tmpdir=/tmp/2955029

Submitted job 24 with external jobid 'Submitted batch job 2955062'.

[Thu Oct 21 17:05:37 2021]
rule snippy:
    input: /work/FAC/FBM/DMF/smitri/evomicrocomm/genome_size/data/ct/reference.gbk, /work/FAC/FBM/DMF/smitri/evomicrocomm/genome_size/data/T44.3.2/ct/mapped_reads.sorted.bam
    output: /work/FAC/FBM/DMF/smitri/evomicrocomm/genome_size/data/T44.3.2/ct/snippy/snps.tab
    jobid: 38
    wildcards: sample=T44.3.2, strain=ct
    threads: 16
    resources: tmpdir=/tmp/2955029

Submitted job 38 with external jobid 'Submitted batch job 2955063'.

[Thu Oct 21 17:05:37 2021]
rule snippy:
    input: /work/FAC/FBM/DMF/smitri/evomicrocomm/genome_size/data/ct/reference.gbk, /work/FAC/FBM/DMF/smitri/evomicrocomm/genome_size/data/T22.3.2/ct/mapped_reads.sorted.bam
    output: /work/FAC/FBM/DMF/smitri/evomicrocomm/genome_size/data/T22.3.2/ct/snippy/snps.tab
    jobid: 52
    wildcards: sample=T22.3.2, strain=ct
    threads: 16
    resources: tmpdir=/tmp/2955029

Submitted job 52 with external jobid 'Submitted batch job 2955064'.

[Thu Oct 21 17:05:37 2021]
rule snippy:
    input: /work/FAC/FBM/DMF/smitri/evomicrocomm/genome_size/data/ct/reference.gbk, /work/FAC/FBM/DMF/smitri/evomicrocomm/genome_size/data/T33.2.1.rep/ct/mapped_reads.sorted.bam
    output: /work/FAC/FBM/DMF/smitri/evomicrocomm/genome_size/data/T33.2.1.rep/ct/snippy/snps.tab
    jobid: 66
    wildcards: sample=T33.2.1.rep, strain=ct
    threads: 16
    resources: tmpdir=/tmp/2955029

Submitted job 66 with external jobid 'Submitted batch job 2955065'.

[Thu Oct 21 17:05:37 2021]
rule snippy:
    input: /work/FAC/FBM/DMF/smitri/evomicrocomm/genome_size/data/ct/reference.gbk, /work/FAC/FBM/DMF/smitri/evomicrocomm/genome_size/data/T22.4.5/ct/mapped_reads.sorted.bam
    output: /work/FAC/FBM/DMF/smitri/evomicrocomm/genome_size/data/T22.4.5/ct/snippy/snps.tab
    jobid: 80
    wildcards: sample=T22.4.5, strain=ct
    threads: 16
    resources: tmpdir=/tmp/2955029

Submitted job 80 with external jobid 'Submitted batch job 2955066'.

[Thu Oct 21 17:05:37 2021]
rule snippy:
    input: /work/FAC/FBM/DMF/smitri/evomicrocomm/genome_size/data/ct/reference.gbk, /work/FAC/FBM/DMF/smitri/evomicrocomm/genome_size/data/T11.2.4.rep/ct/mapped_reads.sorted.bam
    output: /work/FAC/FBM/DMF/smitri/evomicrocomm/genome_size/data/T11.2.4.rep/ct/snippy/snps.tab
    jobid: 94
    wildcards: sample=T11.2.4.rep, strain=ct
    threads: 16
    resources: tmpdir=/tmp/2955029

Submitted job 94 with external jobid 'Submitted batch job 2955067'.

[Thu Oct 21 17:05:37 2021]
rule snippy:
    input: /work/FAC/FBM/DMF/smitri/evomicrocomm/genome_size/data/ct/reference.gbk, /work/FAC/FBM/DMF/smitri/evomicrocomm/genome_size/data/T33.2.3.rep/ct/mapped_reads.sorted.bam
    output: /work/FAC/FBM/DMF/smitri/evomicrocomm/genome_size/data/T33.2.3.rep/ct/snippy/snps.tab
    jobid: 108
    wildcards: sample=T33.2.3.rep, strain=ct
    threads: 16
    resources: tmpdir=/tmp/2955029

Submitted job 108 with external jobid 'Submitted batch job 2955068'.

[Thu Oct 21 17:05:37 2021]
rule snippy:
    input: /work/FAC/FBM/DMF/smitri/evomicrocomm/genome_size/data/ct/reference.gbk, /work/FAC/FBM/DMF/smitri/evomicrocomm/genome_size/data/T33.4.5/ct/mapped_reads.sorted.bam
    output: /work/FAC/FBM/DMF/smitri/evomicrocomm/genome_size/data/T33.4.5/ct/snippy/snps.tab
    jobid: 76
    wildcards: sample=T33.4.5, strain=ct
    threads: 16
    resources: tmpdir=/tmp/2955029

Submitted job 76 with external jobid 'Submitted batch job 2955069'.

[Thu Oct 21 17:05:37 2021]
rule snippy:
    input: /work/FAC/FBM/DMF/smitri/evomicrocomm/genome_size/data/ct/reference.gbk, /work/FAC/FBM/DMF/smitri/evomicrocomm/genome_size/data/T33.4.3.rep/ct/mapped_reads.sorted.bam
    output: /work/FAC/FBM/DMF/smitri/evomicrocomm/genome_size/data/T33.4.3.rep/ct/snippy/snps.tab
    jobid: 20
    wildcards: sample=T33.4.3.rep, strain=ct
    threads: 16
    resources: tmpdir=/tmp/2955029

Submitted job 20 with external jobid 'Submitted batch job 2955070'.

[Thu Oct 21 17:05:38 2021]
rule snippy:
    input: /work/FAC/FBM/DMF/smitri/evomicrocomm/genome_size/data/ct/reference.gbk, /work/FAC/FBM/DMF/smitri/evomicrocomm/genome_size/data/T44.3.3.rep/ct/mapped_reads.sorted.bam
    output: /work/FAC/FBM/DMF/smitri/evomicrocomm/genome_size/data/T44.3.3.rep/ct/snippy/snps.tab
    jobid: 34
    wildcards: sample=T44.3.3.rep, strain=ct
    threads: 16
    resources: tmpdir=/tmp/2955029

Submitted job 34 with external jobid 'Submitted batch job 2955071'.

[Thu Oct 21 17:05:38 2021]
rule snippy:
    input: /work/FAC/FBM/DMF/smitri/evomicrocomm/genome_size/data/ct/reference.gbk, /work/FAC/FBM/DMF/smitri/evomicrocomm/genome_size/data/T22.2.3/ct/mapped_reads.sorted.bam
    output: /work/FAC/FBM/DMF/smitri/evomicrocomm/genome_size/data/T22.2.3/ct/snippy/snps.tab
    jobid: 116
    wildcards: sample=T22.2.3, strain=ct
    threads: 16
    resources: tmpdir=/tmp/2955029

Submitted job 116 with external jobid 'Submitted batch job 2955072'.

[Thu Oct 21 17:05:38 2021]
rule snippy:
    input: /work/FAC/FBM/DMF/smitri/evomicrocomm/genome_size/data/ct/reference.gbk, /work/FAC/FBM/DMF/smitri/evomicrocomm/genome_size/data/T33.3.5/ct/mapped_reads.sorted.bam
    output: /work/FAC/FBM/DMF/smitri/evomicrocomm/genome_size/data/T33.3.5/ct/snippy/snps.tab
    jobid: 32
    wildcards: sample=T33.3.5, strain=ct
    threads: 16
    resources: tmpdir=/tmp/2955029

Submitted job 32 with external jobid 'Submitted batch job 2955073'.

[Thu Oct 21 17:05:38 2021]
rule snippy:
    input: /work/FAC/FBM/DMF/smitri/evomicrocomm/genome_size/data/ct/reference.gbk, /work/FAC/FBM/DMF/smitri/evomicrocomm/genome_size/data/T44.3.1/ct/mapped_reads.sorted.bam
    output: /work/FAC/FBM/DMF/smitri/evomicrocomm/genome_size/data/T44.3.1/ct/snippy/snps.tab
    jobid: 4
    wildcards: sample=T44.3.1, strain=ct
    threads: 16
    resources: tmpdir=/tmp/2955029

Submitted job 4 with external jobid 'Submitted batch job 2955074'.

[Thu Oct 21 17:05:38 2021]
rule snippy:
    input: /work/FAC/FBM/DMF/smitri/evomicrocomm/genome_size/data/ct/reference.gbk, /work/FAC/FBM/DMF/smitri/evomicrocomm/genome_size/data/T11.4.3/ct/mapped_reads.sorted.bam
    output: /work/FAC/FBM/DMF/smitri/evomicrocomm/genome_size/data/T11.4.3/ct/snippy/snps.tab
    jobid: 18
    wildcards: sample=T11.4.3, strain=ct
    threads: 16
    resources: tmpdir=/tmp/2955029

Submitted job 18 with external jobid 'Submitted batch job 2955075'.

[Thu Oct 21 17:05:38 2021]
rule snippy:
    input: /work/FAC/FBM/DMF/smitri/evomicrocomm/genome_size/data/ct/reference.gbk, /work/FAC/FBM/DMF/smitri/evomicrocomm/genome_size/data/T44.4.5.rep/ct/mapped_reads.sorted.bam
    output: /work/FAC/FBM/DMF/smitri/evomicrocomm/genome_size/data/T44.4.5.rep/ct/snippy/snps.tab
    jobid: 46
    wildcards: sample=T44.4.5.rep, strain=ct
    threads: 16
    resources: tmpdir=/tmp/2955029

Submitted job 46 with external jobid 'Submitted batch job 2955076'.

[Thu Oct 21 17:05:38 2021]
rule snippy:
    input: /work/FAC/FBM/DMF/smitri/evomicrocomm/genome_size/data/ct/reference.gbk, /work/FAC/FBM/DMF/smitri/evomicrocomm/genome_size/data/T22.3.1/ct/mapped_reads.sorted.bam
    output: /work/FAC/FBM/DMF/smitri/evomicrocomm/genome_size/data/T22.3.1/ct/snippy/snps.tab
    jobid: 60
    wildcards: sample=T22.3.1, strain=ct
    threads: 16
    resources: tmpdir=/tmp/2955029

Submitted job 60 with external jobid 'Submitted batch job 2955077'.

[Thu Oct 21 17:05:38 2021]
rule snippy:
    input: /work/FAC/FBM/DMF/smitri/evomicrocomm/genome_size/data/ct/reference.gbk, /work/FAC/FBM/DMF/smitri/evomicrocomm/genome_size/data/T33.2.5.rep/ct/mapped_reads.sorted.bam
    output: /work/FAC/FBM/DMF/smitri/evomicrocomm/genome_size/data/T33.2.5.rep/ct/snippy/snps.tab
    jobid: 74
    wildcards: sample=T33.2.5.rep, strain=ct
    threads: 16
    resources: tmpdir=/tmp/2955029

Submitted job 74 with external jobid 'Submitted batch job 2955078'.

[Thu Oct 21 17:05:38 2021]
rule snippy:
    input: /work/FAC/FBM/DMF/smitri/evomicrocomm/genome_size/data/ct/reference.gbk, /work/FAC/FBM/DMF/smitri/evomicrocomm/genome_size/data/T44.2.5.rep/ct/mapped_reads.sorted.bam
    output: /work/FAC/FBM/DMF/smitri/evomicrocomm/genome_size/data/T44.2.5.rep/ct/snippy/snps.tab
    jobid: 88
    wildcards: sample=T44.2.5.rep, strain=ct
    threads: 16
    resources: tmpdir=/tmp/2955029

Submitted job 88 with external jobid 'Submitted batch job 2955079'.

[Thu Oct 21 17:05:38 2021]
rule snippy:
    input: /work/FAC/FBM/DMF/smitri/evomicrocomm/genome_size/data/ct/reference.gbk, /work/FAC/FBM/DMF/smitri/evomicrocomm/genome_size/data/T33.2.2.rep/ct/mapped_reads.sorted.bam
    output: /work/FAC/FBM/DMF/smitri/evomicrocomm/genome_size/data/T33.2.2.rep/ct/snippy/snps.tab
    jobid: 102
    wildcards: sample=T33.2.2.rep, strain=ct
    threads: 16
    resources: tmpdir=/tmp/2955029

Submitted job 102 with external jobid 'Submitted batch job 2955080'.

[Thu Oct 21 17:05:38 2021]
rule snippy:
    input: /work/FAC/FBM/DMF/smitri/evomicrocomm/genome_size/data/ct/reference.gbk, /work/FAC/FBM/DMF/smitri/evomicrocomm/genome_size/data/T11.4.2/ct/mapped_reads.sorted.bam
    output: /work/FAC/FBM/DMF/smitri/evomicrocomm/genome_size/data/T11.4.2/ct/snippy/snps.tab
    jobid: 12
    wildcards: sample=T11.4.2, strain=ct
    threads: 16
    resources: tmpdir=/tmp/2955029

Submitted job 12 with external jobid 'Submitted batch job 2955081'.

[Thu Oct 21 17:05:38 2021]
rule snippy:
    input: /work/FAC/FBM/DMF/smitri/evomicrocomm/genome_size/data/ct/reference.gbk, /work/FAC/FBM/DMF/smitri/evomicrocomm/genome_size/data/T33.2.4.rep/ct/mapped_reads.sorted.bam
    output: /work/FAC/FBM/DMF/smitri/evomicrocomm/genome_size/data/T33.2.4.rep/ct/snippy/snps.tab
    jobid: 26
    wildcards: sample=T33.2.4.rep, strain=ct
    threads: 16
    resources: tmpdir=/tmp/2955029

Submitted job 26 with external jobid 'Submitted batch job 2955082'.

[Thu Oct 21 17:05:38 2021]
rule snippy:
    input: /work/FAC/FBM/DMF/smitri/evomicrocomm/genome_size/data/ct/reference.gbk, /work/FAC/FBM/DMF/smitri/evomicrocomm/genome_size/data/T22.2.5/ct/mapped_reads.sorted.bam
    output: /work/FAC/FBM/DMF/smitri/evomicrocomm/genome_size/data/T22.2.5/ct/snippy/snps.tab
    jobid: 40
    wildcards: sample=T22.2.5, strain=ct
    threads: 16
    resources: tmpdir=/tmp/2955029

Submitted job 40 with external jobid 'Submitted batch job 2955083'.

[Thu Oct 21 17:05:38 2021]
rule snippy:
    input: /work/FAC/FBM/DMF/smitri/evomicrocomm/genome_size/data/ct/reference.gbk, /work/FAC/FBM/DMF/smitri/evomicrocomm/genome_size/data/T11.3.1/ct/mapped_reads.sorted.bam
    output: /work/FAC/FBM/DMF/smitri/evomicrocomm/genome_size/data/T11.3.1/ct/snippy/snps.tab
    jobid: 54
    wildcards: sample=T11.3.1, strain=ct
    threads: 16
    resources: tmpdir=/tmp/2955029

Submitted job 54 with external jobid 'Submitted batch job 2955084'.

[Thu Oct 21 17:05:38 2021]
rule snippy:
    input: /work/FAC/FBM/DMF/smitri/evomicrocomm/genome_size/data/ct/reference.gbk, /work/FAC/FBM/DMF/smitri/evomicrocomm/genome_size/data/T11.3.2/ct/mapped_reads.sorted.bam
    output: /work/FAC/FBM/DMF/smitri/evomicrocomm/genome_size/data/T11.3.2/ct/snippy/snps.tab
    jobid: 68
    wildcards: sample=T11.3.2, strain=ct
    threads: 16
    resources: tmpdir=/tmp/2955029

Submitted job 68 with external jobid 'Submitted batch job 2955085'.

[Thu Oct 21 17:05:38 2021]
rule snippy:
    input: /work/FAC/FBM/DMF/smitri/evomicrocomm/genome_size/data/ct/reference.gbk, /work/FAC/FBM/DMF/smitri/evomicrocomm/genome_size/data/T11.2.2.rep/ct/mapped_reads.sorted.bam
    output: /work/FAC/FBM/DMF/smitri/evomicrocomm/genome_size/data/T11.2.2.rep/ct/snippy/snps.tab
    jobid: 82
    wildcards: sample=T11.2.2.rep, strain=ct
    threads: 16
    resources: tmpdir=/tmp/2955029

Submitted job 82 with external jobid 'Submitted batch job 2955086'.

[Thu Oct 21 17:05:38 2021]
rule snippy:
    input: /work/FAC/FBM/DMF/smitri/evomicrocomm/genome_size/data/ct/reference.gbk, /work/FAC/FBM/DMF/smitri/evomicrocomm/genome_size/data/T33.3.4/ct/mapped_reads.sorted.bam
    output: /work/FAC/FBM/DMF/smitri/evomicrocomm/genome_size/data/T33.3.4/ct/snippy/snps.tab
    jobid: 96
    wildcards: sample=T33.3.4, strain=ct
    threads: 16
    resources: tmpdir=/tmp/2955029

Submitted job 96 with external jobid 'Submitted batch job 2955087'.

[Thu Oct 21 17:05:38 2021]
rule snippy:
    input: /work/FAC/FBM/DMF/smitri/evomicrocomm/genome_size/data/ct/reference.gbk, /work/FAC/FBM/DMF/smitri/evomicrocomm/genome_size/data/T44.3.5/ct/mapped_reads.sorted.bam
    output: /work/FAC/FBM/DMF/smitri/evomicrocomm/genome_size/data/T44.3.5/ct/snippy/snps.tab
    jobid: 110
    wildcards: sample=T44.3.5, strain=ct
    threads: 16
    resources: tmpdir=/tmp/2955029

Submitted job 110 with external jobid 'Submitted batch job 2955088'.

[Thu Oct 21 17:05:38 2021]
rule snippy:
    input: /work/FAC/FBM/DMF/smitri/evomicrocomm/genome_size/data/ct/reference.gbk, /work/FAC/FBM/DMF/smitri/evomicrocomm/genome_size/data/T22.4.3/ct/mapped_reads.sorted.bam
    output: /work/FAC/FBM/DMF/smitri/evomicrocomm/genome_size/data/T22.4.3/ct/snippy/snps.tab
    jobid: 62
    wildcards: sample=T22.4.3, strain=ct
    threads: 16
    resources: tmpdir=/tmp/2955029

Submitted job 62 with external jobid 'Submitted batch job 2955089'.

[Thu Oct 21 17:05:38 2021]
rule snippy:
    input: /work/FAC/FBM/DMF/smitri/evomicrocomm/genome_size/data/ct/reference.gbk, /work/FAC/FBM/DMF/smitri/evomicrocomm/genome_size/data/T11.3.3/ct/mapped_reads.sorted.bam
    output: /work/FAC/FBM/DMF/smitri/evomicrocomm/genome_size/data/T11.3.3/ct/snippy/snps.tab
    jobid: 48
    wildcards: sample=T11.3.3, strain=ct
    threads: 16
    resources: tmpdir=/tmp/2955029

Submitted job 48 with external jobid 'Submitted batch job 2955090'.

[Thu Oct 21 17:05:38 2021]
rule snippy:
    input: /work/FAC/FBM/DMF/smitri/evomicrocomm/genome_size/data/ct/reference.gbk, /work/FAC/FBM/DMF/smitri/evomicrocomm/genome_size/data/T33.4.1/ct/mapped_reads.sorted.bam
    output: /work/FAC/FBM/DMF/smitri/evomicrocomm/genome_size/data/T33.4.1/ct/snippy/snps.tab
    jobid: 112
    wildcards: sample=T33.4.1, strain=ct
    threads: 16
    resources: tmpdir=/tmp/2955029

Submitted job 112 with external jobid 'Submitted batch job 2955091'.
[Thu Oct 21 17:06:03 2021]
Finished job 70.
1 of 60 steps (2%) done
[Thu Oct 21 17:06:19 2021]
Finished job 28.
2 of 60 steps (3%) done
[Thu Oct 21 17:06:34 2021]
Finished job 118.
3 of 60 steps (5%) done
[Thu Oct 21 17:06:34 2021]
Finished job 42.
4 of 60 steps (7%) done
[Thu Oct 21 17:06:49 2021]
Finished job 14.
5 of 60 steps (8%) done
[Thu Oct 21 17:06:49 2021]
Finished job 84.
6 of 60 steps (10%) done
[Thu Oct 21 17:06:49 2021]
Finished job 98.
7 of 60 steps (12%) done
[Thu Oct 21 17:07:04 2021]
Finished job 8.
8 of 60 steps (13%) done
[Thu Oct 21 17:07:04 2021]
Finished job 106.
9 of 60 steps (15%) done
[Thu Oct 21 17:07:19 2021]
Finished job 0.
10 of 60 steps (17%) done
[Thu Oct 21 17:07:34 2021]
Finished job 50.
11 of 60 steps (18%) done
[Thu Oct 21 17:07:49 2021]
Finished job 56.
12 of 60 steps (20%) done
[Thu Oct 21 17:07:49 2021]
Finished job 64.
13 of 60 steps (22%) done
[Thu Oct 21 17:07:49 2021]
Finished job 78.
14 of 60 steps (23%) done
[Thu Oct 21 17:07:49 2021]
Finished job 92.
15 of 60 steps (25%) done
[Thu Oct 21 17:08:03 2021]
Finished job 36.
16 of 60 steps (27%) done
[Thu Oct 21 17:08:03 2021]
Finished job 22.
17 of 60 steps (28%) done
[Thu Oct 21 17:08:17 2021]
Finished job 2.
18 of 60 steps (30%) done
[Thu Oct 21 17:08:17 2021]
Finished job 90.
19 of 60 steps (32%) done
[Thu Oct 21 17:08:31 2021]
Finished job 30.
20 of 60 steps (33%) done
[Thu Oct 21 17:08:45 2021]
Finished job 104.
21 of 60 steps (35%) done
[Thu Oct 21 17:08:59 2021]
Finished job 72.
22 of 60 steps (37%) done
[Thu Oct 21 17:09:13 2021]
Finished job 16.
23 of 60 steps (38%) done
[Thu Oct 21 17:09:13 2021]
Finished job 44.
24 of 60 steps (40%) done
[Thu Oct 21 17:09:39 2021]
Finished job 38.
25 of 60 steps (42%) done
[Thu Oct 21 17:09:52 2021]
Finished job 10.
26 of 60 steps (43%) done
[Thu Oct 21 17:09:52 2021]
Finished job 52.
27 of 60 steps (45%) done
[Thu Oct 21 17:09:52 2021]
Finished job 80.
28 of 60 steps (47%) done
[Thu Oct 21 17:10:05 2021]
Finished job 114.
29 of 60 steps (48%) done
[Thu Oct 21 17:10:05 2021]
Finished job 6.
30 of 60 steps (50%) done
[Thu Oct 21 17:10:05 2021]
Finished job 58.
31 of 60 steps (52%) done
[Thu Oct 21 17:10:05 2021]
Finished job 100.
32 of 60 steps (53%) done
[Thu Oct 21 17:10:42 2021]
Finished job 76.
33 of 60 steps (55%) done
[Thu Oct 21 17:10:42 2021]
Finished job 20.
34 of 60 steps (57%) done
[Thu Oct 21 17:10:42 2021]
Finished job 116.
35 of 60 steps (58%) done
[Thu Oct 21 17:10:43 2021]
Finished job 74.
36 of 60 steps (60%) done
[Thu Oct 21 17:10:54 2021]
Finished job 32.
37 of 60 steps (62%) done
[Thu Oct 21 17:10:55 2021]
Finished job 60.
38 of 60 steps (63%) done
[Thu Oct 21 17:11:06 2021]
Finished job 24.
39 of 60 steps (65%) done
[Thu Oct 21 17:11:06 2021]
Finished job 34.
40 of 60 steps (67%) done
[Thu Oct 21 17:11:18 2021]
Finished job 86.
41 of 60 steps (68%) done
[Thu Oct 21 17:11:18 2021]
Finished job 4.
42 of 60 steps (70%) done
[Thu Oct 21 17:11:18 2021]
Finished job 18.
43 of 60 steps (72%) done
[Thu Oct 21 17:11:18 2021]
Finished job 46.
44 of 60 steps (73%) done
[Thu Oct 21 17:11:30 2021]
Finished job 66.
45 of 60 steps (75%) done
[Thu Oct 21 17:11:30 2021]
Finished job 40.
46 of 60 steps (77%) done
[Thu Oct 21 17:11:30 2021]
Finished job 54.
47 of 60 steps (78%) done
[Thu Oct 21 17:11:41 2021]
Finished job 108.
48 of 60 steps (80%) done
[Thu Oct 21 17:11:52 2021]
Finished job 94.
49 of 60 steps (82%) done
[Thu Oct 21 17:11:52 2021]
Finished job 68.
50 of 60 steps (83%) done
[Thu Oct 21 17:12:03 2021]
Finished job 12.
51 of 60 steps (85%) done
[Thu Oct 21 17:12:03 2021]
Finished job 96.
52 of 60 steps (87%) done
[Thu Oct 21 17:12:03 2021]
Finished job 62.
53 of 60 steps (88%) done
[Thu Oct 21 17:12:03 2021]
Finished job 48.
54 of 60 steps (90%) done
[Thu Oct 21 17:12:14 2021]
Finished job 102.
55 of 60 steps (92%) done
[Thu Oct 21 17:12:14 2021]
Finished job 110.
56 of 60 steps (93%) done
[Thu Oct 21 17:12:34 2021]
Finished job 88.
57 of 60 steps (95%) done
[Thu Oct 21 17:12:44 2021]
Finished job 26.
58 of 60 steps (97%) done
[Thu Oct 21 17:12:44 2021]
Finished job 112.
59 of 60 steps (98%) done
[Thu Oct 21 17:13:44 2021]
Finished job 82.
60 of 60 steps (100%) done
Complete log: /users/eulrich/black_queen_hypothesis/scripts/workflows/.snakemake/log/2021-10-21T170535.709028.snakemake.log
Building DAG of jobs...
MissingRuleException:
No rule to produce ct (if you use input functions make sure that they don't raise unexpected exceptions).
