Building DAG of jobs...
Using shell: /usr/bin/bash
Provided cores: 16
Rules claiming more threads will be scaled down.
Select jobs to execute...

[Sun Oct 17 22:47:44 2021]
rule mapping:
    input: /work/FAC/FBM/DMF/smitri/evomicrocomm/genome_size/data/at/reference.fasta, /work/FAC/FBM/DMF/smitri/evomicrocomm/genome_size/data/T11.4.2/read1.fq.gz, /work/FAC/FBM/DMF/smitri/evomicrocomm/genome_size/data/T11.4.2/read2.fq.gz
    output: /work/FAC/FBM/DMF/smitri/evomicrocomm/genome_size/data/T11.4.2/at/mapped_reads.sorted.bam
    jobid: 0
    wildcards: sample=T11.4.2, strain=at
    threads: 16
    resources: mem_mb=26618, disk_mb=26618, tmpdir=/tmp/2846229

[M::mm_idx_gen::0.124*0.95] collected minimizers
[M::mm_idx_gen::0.143*2.45] sorted minimizers
[M::main::0.143*2.45] loaded/built the index for 5 target sequence(s)
[M::mm_mapopt_update::0.143*2.45] mid_occ = 1000
[M::mm_idx_stat] kmer size: 21; skip: 11; is_hpc: 0; #seq: 5
[M::mm_idx_stat::0.154*2.34] distinct minimizers: 875577 (98.87% are singletons); average occurrences: 1.019; average spacing: 5.996; total length: 5348547
[M::worker_pipeline::1.687*3.71] mapped 333106 sequences
[M::worker_pipeline::2.733*4.33] mapped 333068 sequences
[M::worker_pipeline::3.732*4.70] mapped 332910 sequences
[M::worker_pipeline::4.594*5.01] mapped 332872 sequences
[M::worker_pipeline::5.587*5.85] mapped 332842 sequences
[M::worker_pipeline::5.978*5.69] mapped 332790 sequences
[M::worker_pipeline::7.046*6.35] mapped 332790 sequences
[M::worker_pipeline::7.661*6.55] mapped 332770 sequences
[M::worker_pipeline::8.257*6.77] mapped 332704 sequences
[M::worker_pipeline::8.842*6.92] mapped 332708 sequences
[M::worker_pipeline::9.164*6.74] mapped 332646 sequences
[M::worker_pipeline::9.958*6.88] mapped 332664 sequences
[M::worker_pipeline::10.655*7.06] mapped 332652 sequences
[M::worker_pipeline::11.181*7.04] mapped 332632 sequences
[M::worker_pipeline::11.925*7.24] mapped 332676 sequences
[M::worker_pipeline::12.718*7.38] mapped 332640 sequences
[M::worker_pipeline::13.255*7.46] mapped 332582 sequences
[M::worker_pipeline::13.926*7.54] mapped 332654 sequences
[M::worker_pipeline::14.556*7.59] mapped 332624 sequences
[M::worker_pipeline::14.998*7.56] mapped 332726 sequences
[M::worker_pipeline::15.841*7.69] mapped 332726 sequences
[M::worker_pipeline::16.469*7.73] mapped 332926 sequences
[M::worker_pipeline::17.082*7.78] mapped 332858 sequences
[M::worker_pipeline::17.690*7.82] mapped 332974 sequences
[M::worker_pipeline::18.308*7.86] mapped 332994 sequences
[M::worker_pipeline::18.919*7.90] mapped 333026 sequences
[M::worker_pipeline::19.493*7.95] mapped 332950 sequences
[M::worker_pipeline::20.084*7.99] mapped 332828 sequences
[M::worker_pipeline::20.662*8.03] mapped 332786 sequences
[M::worker_pipeline::21.285*8.06] mapped 332754 sequences
[M::worker_pipeline::21.884*8.09] mapped 332710 sequences
[M::worker_pipeline::22.544*8.09] mapped 332628 sequences
[M::worker_pipeline::23.122*8.13] mapped 332634 sequences
[M::worker_pipeline::23.723*8.16] mapped 332676 sequences
[M::worker_pipeline::24.336*8.17] mapped 332678 sequences
[M::worker_pipeline::24.713*8.12] mapped 332726 sequences
[M::worker_pipeline::25.287*8.10] mapped 332776 sequences
[M::worker_pipeline::26.118*8.10] mapped 333120 sequences
[M::worker_pipeline::26.719*8.10] mapped 332892 sequences
[M::worker_pipeline::27.648*8.20] mapped 332768 sequences
[M::worker_pipeline::28.247*8.22] mapped 332722 sequences
[M::worker_pipeline::28.883*8.23] mapped 332726 sequences
[M::worker_pipeline::29.485*8.25] mapped 332640 sequences
[M::worker_pipeline::30.000*8.24] mapped 332592 sequences
[M::worker_pipeline::30.555*8.26] mapped 332640 sequences
[M::worker_pipeline::31.308*8.31] mapped 332686 sequences
[M::worker_pipeline::31.958*8.31] mapped 332618 sequences
[M::worker_pipeline::32.570*8.33] mapped 332618 sequences
[M::worker_pipeline::33.174*8.34] mapped 332636 sequences
[M::worker_pipeline::33.768*8.36] mapped 332670 sequences
[M::worker_pipeline::34.290*8.34] mapped 332650 sequences
[M::worker_pipeline::35.044*8.37] mapped 332718 sequences
[M::worker_pipeline::35.682*8.38] mapped 332688 sequences
[M::worker_pipeline::36.304*8.38] mapped 332634 sequences
[M::worker_pipeline::36.913*8.39] mapped 332858 sequences
[M::worker_pipeline::37.443*8.40] mapped 332808 sequences
[M::worker_pipeline::38.158*8.41] mapped 332770 sequences
[M::worker_pipeline::38.784*8.42] mapped 332816 sequences
[M::worker_pipeline::39.423*8.42] mapped 332880 sequences
[M::worker_pipeline::40.044*8.43] mapped 332782 sequences
[M::worker_pipeline::40.701*8.43] mapped 332722 sequences
[M::worker_pipeline::41.260*8.44] mapped 332702 sequences
[M::worker_pipeline::41.635*8.38] mapped 332690 sequences
[M::worker_pipeline::42.375*8.41] mapped 332734 sequences
[M::worker_pipeline::42.916*8.39] mapped 332886 sequences
[M::worker_pipeline::43.922*8.44] mapped 332784 sequences
[M::worker_pipeline::44.575*8.44] mapped 332968 sequences
[M::worker_pipeline::45.189*8.44] mapped 332922 sequences
[M::worker_pipeline::45.580*8.39] mapped 333038 sequences
[M::worker_pipeline::46.269*8.42] mapped 333058 sequences
[M::worker_pipeline::47.112*8.45] mapped 333220 sequences
[M::worker_pipeline::47.740*8.45] mapped 333350 sequences
[M::worker_pipeline::48.142*8.43] mapped 333194 sequences
[M::worker_pipeline::48.887*8.45] mapped 333386 sequences
[M::worker_pipeline::49.642*8.47] mapped 333218 sequences
[M::worker_pipeline::50.255*8.48] mapped 333354 sequences
[M::worker_pipeline::50.681*8.45] mapped 333404 sequences
[M::worker_pipeline::51.344*8.46] mapped 332936 sequences
[M::worker_pipeline::51.833*8.44] mapped 332684 sequences
[M::worker_pipeline::52.573*8.45] mapped 332612 sequences
[M::worker_pipeline::53.261*8.47] mapped 332590 sequences
[M::worker_pipeline::53.721*8.44] mapped 332530 sequences
[M::worker_pipeline::54.407*8.46] mapped 332452 sequences
[M::worker_pipeline::55.025*8.46] mapped 332450 sequences
[M::worker_pipeline::55.757*8.48] mapped 332456 sequences
[M::worker_pipeline::56.350*8.49] mapped 332406 sequences
[M::worker_pipeline::57.119*8.50] mapped 332366 sequences
[M::worker_pipeline::57.786*8.50] mapped 332380 sequences
[M::worker_pipeline::58.391*8.50] mapped 332440 sequences
[M::worker_pipeline::58.972*8.51] mapped 332336 sequences
[M::worker_pipeline::59.540*8.52] mapped 332320 sequences
[M::worker_pipeline::59.912*8.48] mapped 332358 sequences
[M::worker_pipeline::60.561*8.49] mapped 332406 sequences
[M::worker_pipeline::61.495*8.53] mapped 332344 sequences
[M::worker_pipeline::62.105*8.54] mapped 332298 sequences
[M::worker_pipeline::62.735*8.54] mapped 332358 sequences
[M::worker_pipeline::67.901*8.04] mapped 332344 sequences
[M::worker_pipeline::68.259*8.01] mapped 332408 sequences
[M::worker_pipeline::68.898*8.01] mapped 332386 sequences
[M::worker_pipeline::69.454*8.02] mapped 332558 sequences
[M::worker_pipeline::69.819*7.99] mapped 332604 sequences
[M::worker_pipeline::70.658*8.00] mapped 332718 sequences
[M::worker_pipeline::71.327*8.02] mapped 332758 sequences
[M::worker_pipeline::71.854*8.02] mapped 332790 sequences
[M::worker_pipeline::72.602*8.05] mapped 332660 sequences
[M::worker_pipeline::73.128*8.05] mapped 332568 sequences
[M::worker_pipeline::73.784*8.06] mapped 332530 sequences
[M::worker_pipeline::74.557*8.08] mapped 332524 sequences
[M::worker_pipeline::75.189*8.08] mapped 332480 sequences
[M::worker_pipeline::75.834*8.08] mapped 332472 sequences
[M::worker_pipeline::76.410*8.09] mapped 332360 sequences
[M::worker_pipeline::76.985*8.10] mapped 332508 sequences
[M::worker_pipeline::77.623*8.11] mapped 332416 sequences
[M::worker_pipeline::78.268*8.11] mapped 332564 sequences
[M::worker_pipeline::78.880*8.12] mapped 332586 sequences
[M::worker_pipeline::79.457*8.13] mapped 332708 sequences
[M::worker_pipeline::80.044*8.14] mapped 332762 sequences
[M::worker_pipeline::80.704*8.14] mapped 332646 sequences
[M::worker_pipeline::81.331*8.14] mapped 332406 sequences
[M::worker_pipeline::81.898*8.16] mapped 332372 sequences
[M::worker_pipeline::82.505*8.17] mapped 332438 sequences
[M::worker_pipeline::83.274*8.19] mapped 332346 sequences
[M::worker_pipeline::83.689*8.18] mapped 332302 sequences
[M::worker_pipeline::84.195*8.18] mapped 332368 sequences
[M::worker_pipeline::84.888*8.19] mapped 332364 sequences
[M::worker_pipeline::85.517*8.20] mapped 332420 sequences
[M::worker_pipeline::86.088*8.21] mapped 332424 sequences
[M::worker_pipeline::86.601*8.20] mapped 332384 sequences
[M::worker_pipeline::87.243*8.21] mapped 332440 sequences
[M::worker_pipeline::87.722*8.19] mapped 332426 sequences
[M::worker_pipeline::88.331*8.19] mapped 332330 sequences
[M::worker_pipeline::89.062*8.19] mapped 332264 sequences
[M::worker_pipeline::89.970*8.22] mapped 332320 sequences
[M::worker_pipeline::90.580*8.22] mapped 332328 sequences
[M::worker_pipeline::91.222*8.23] mapped 332334 sequences
[M::worker_pipeline::91.845*8.23] mapped 332374 sequences
[M::worker_pipeline::92.403*8.24] mapped 332358 sequences
[M::worker_pipeline::92.848*8.22] mapped 332338 sequences
[M::worker_pipeline::93.502*8.23] mapped 332316 sequences
[M::worker_pipeline::93.986*8.22] mapped 332260 sequences
[M::worker_pipeline::94.827*8.23] mapped 332302 sequences
[M::worker_pipeline::95.543*8.24] mapped 332320 sequences
[M::worker_pipeline::96.168*8.25] mapped 332352 sequences
[M::worker_pipeline::96.876*8.25] mapped 332398 sequences
[M::worker_pipeline::97.457*8.26] mapped 332382 sequences
[M::worker_pipeline::98.067*8.26] mapped 332358 sequences
[M::worker_pipeline::98.672*8.27] mapped 332318 sequences
[M::worker_pipeline::99.264*8.27] mapped 332394 sequences
[M::worker_pipeline::99.841*8.28] mapped 332394 sequences
[M::worker_pipeline::100.438*8.28] mapped 332362 sequences
[M::worker_pipeline::101.116*8.29] mapped 332428 sequences
[M::worker_pipeline::101.597*8.29] mapped 332410 sequences
[M::worker_pipeline::102.042*8.27] mapped 332434 sequences
[M::worker_pipeline::102.823*8.27] mapped 332402 sequences
[M::worker_pipeline::103.523*8.28] mapped 332442 sequences
[M::worker_pipeline::104.339*8.30] mapped 332550 sequences
[M::worker_pipeline::105.017*8.30] mapped 332686 sequences
[M::worker_pipeline::105.605*8.30] mapped 332650 sequences
[M::worker_pipeline::106.200*8.31] mapped 332588 sequences
[M::worker_pipeline::106.748*8.31] mapped 332544 sequences
[M::worker_pipeline::107.260*8.31] mapped 332474 sequences
[M::worker_pipeline::107.927*8.32] mapped 332472 sequences
[M::worker_pipeline::108.409*8.31] mapped 332448 sequences
[M::worker_pipeline::109.166*8.32] mapped 332466 sequences
[M::worker_pipeline::109.596*8.31] mapped 332456 sequences
[M::worker_pipeline::110.674*8.32] mapped 332456 sequences
[M::worker_pipeline::111.052*8.31] mapped 332430 sequences
[M::worker_pipeline::111.674*8.32] mapped 332352 sequences
[M::worker_pipeline::112.388*8.33] mapped 332368 sequences
[M::worker_pipeline::112.950*8.33] mapped 332336 sequences
[M::worker_pipeline::113.485*8.33] mapped 332386 sequences
[M::worker_pipeline::114.302*8.35] mapped 332310 sequences
[M::worker_pipeline::114.907*8.35] mapped 332298 sequences
[M::worker_pipeline::115.255*8.33] mapped 332298 sequences
[M::worker_pipeline::116.068*8.34] mapped 332314 sequences
[M::worker_pipeline::116.740*8.35] mapped 332348 sequences
[M::worker_pipeline::117.199*8.33] mapped 332324 sequences
[M::worker_pipeline::117.926*8.34] mapped 332406 sequences
[M::worker_pipeline::118.655*8.35] mapped 332410 sequences
[M::worker_pipeline::119.414*8.36] mapped 332422 sequences
[M::worker_pipeline::120.064*8.36] mapped 332528 sequences
[M::worker_pipeline::120.396*8.35] mapped 332480 sequences
[M::worker_pipeline::121.316*8.37] mapped 332384 sequences
[M::worker_pipeline::121.951*8.37] mapped 332500 sequences
[M::worker_pipeline::122.535*8.38] mapped 332384 sequences
[M::worker_pipeline::123.102*8.38] mapped 332436 sequences
[M::worker_pipeline::123.433*8.36] mapped 332342 sequences
[M::worker_pipeline::124.185*8.37] mapped 332280 sequences
[M::worker_pipeline::124.988*8.39] mapped 332312 sequences
[M::worker_pipeline::125.674*8.39] mapped 332344 sequences
[M::worker_pipeline::126.237*8.39] mapped 332350 sequences
[M::worker_pipeline::126.595*8.38] mapped 332362 sequences
[M::worker_pipeline::131.971*8.15] mapped 332502 sequences
[M::worker_pipeline::132.289*8.14] mapped 332462 sequences
[M::worker_pipeline::132.833*8.14] mapped 332640 sequences
[M::worker_pipeline::133.383*8.14] mapped 332424 sequences
[M::worker_pipeline::133.843*8.13] mapped 332382 sequences
[M::worker_pipeline::134.625*8.13] mapped 332360 sequences
[M::worker_pipeline::135.231*8.13] mapped 332406 sequences
[M::worker_pipeline::136.097*8.15] mapped 332452 sequences
[M::worker_pipeline::136.664*8.15] mapped 332716 sequences
[M::worker_pipeline::137.227*8.15] mapped 332360 sequences
[M::worker_pipeline::137.914*8.16] mapped 332358 sequences
[M::worker_pipeline::138.522*8.16] mapped 332328 sequences
[M::worker_pipeline::139.101*8.17] mapped 332388 sequences
[M::worker_pipeline::139.704*8.17] mapped 332420 sequences
[M::worker_pipeline::140.064*8.16] mapped 332380 sequences
[M::worker_pipeline::140.940*8.18] mapped 332396 sequences
[M::worker_pipeline::141.550*8.18] mapped 332314 sequences
[M::worker_pipeline::141.900*8.17] mapped 332306 sequences
[M::worker_pipeline::142.919*8.18] mapped 332332 sequences
[M::worker_pipeline::143.539*8.18] mapped 332334 sequences
[M::worker_pipeline::144.186*8.18] mapped 332394 sequences
[M::worker_pipeline::144.766*8.19] mapped 332400 sequences
[M::worker_pipeline::145.364*8.19] mapped 332418 sequences
[M::worker_pipeline::145.985*8.20] mapped 332334 sequences
[M::worker_pipeline::146.601*8.20] mapped 332268 sequences
[M::worker_pipeline::147.234*8.20] mapped 332336 sequences
[M::worker_pipeline::147.844*8.20] mapped 332332 sequences
[M::worker_pipeline::148.461*8.21] mapped 332286 sequences
[M::worker_pipeline::149.102*8.21] mapped 332372 sequences
[M::worker_pipeline::149.680*8.21] mapped 332336 sequences
[M::worker_pipeline::150.293*8.22] mapped 332460 sequences
[M::worker_pipeline::150.895*8.22] mapped 332456 sequences
[M::worker_pipeline::151.502*8.22] mapped 332468 sequences
[M::worker_pipeline::152.121*8.23] mapped 332518 sequences
[M::worker_pipeline::152.746*8.23] mapped 332516 sequences
[M::worker_pipeline::153.468*8.24] mapped 332512 sequences
[M::worker_pipeline::153.998*8.24] mapped 332530 sequences
[M::worker_pipeline::154.591*8.24] mapped 332626 sequences
[M::worker_pipeline::155.170*8.25] mapped 332632 sequences
[M::worker_pipeline::155.775*8.25] mapped 332580 sequences
[M::worker_pipeline::156.422*8.25] mapped 332606 sequences
[M::worker_pipeline::157.025*8.25] mapped 332590 sequences
[M::worker_pipeline::157.651*8.26] mapped 332694 sequences
[M::worker_pipeline::158.280*8.26] mapped 332910 sequences
[M::worker_pipeline::158.917*8.26] mapped 332916 sequences
[M::worker_pipeline::159.511*8.26] mapped 332890 sequences
[M::worker_pipeline::160.151*8.27] mapped 332874 sequences
[M::worker_pipeline::160.725*8.27] mapped 332738 sequences
[M::worker_pipeline::161.365*8.27] mapped 332748 sequences
[M::worker_pipeline::162.075*8.28] mapped 332720 sequences
[M::worker_pipeline::162.602*8.27] mapped 332628 sequences
[M::worker_pipeline::163.210*8.28] mapped 332664 sequences
[M::worker_pipeline::163.793*8.28] mapped 332644 sequences
[M::worker_pipeline::164.430*8.28] mapped 332602 sequences
[M::worker_pipeline::165.005*8.29] mapped 332642 sequences
[M::worker_pipeline::165.328*8.27] mapped 332592 sequences
[M::worker_pipeline::166.052*8.28] mapped 332582 sequences
[M::worker_pipeline::166.603*8.28] mapped 332612 sequences
[M::worker_pipeline::167.345*8.29] mapped 332614 sequences
[M::worker_pipeline::168.123*8.30] mapped 332538 sequences
[M::worker_pipeline::168.481*8.28] mapped 332514 sequences
[M::worker_pipeline::169.157*8.29] mapped 332564 sequences
[M::worker_pipeline::170.037*8.30] mapped 332584 sequences
[M::worker_pipeline::170.657*8.30] mapped 332582 sequences
[M::worker_pipeline::171.288*8.30] mapped 332528 sequences
[M::worker_pipeline::171.894*8.31] mapped 332552 sequences
[M::worker_pipeline::172.467*8.31] mapped 332664 sequences
[M::worker_pipeline::173.077*8.31] mapped 332660 sequences
[M::worker_pipeline::173.669*8.32] mapped 332696 sequences
[M::worker_pipeline::174.305*8.32] mapped 332754 sequences
[M::worker_pipeline::174.864*8.32] mapped 332662 sequences
[M::worker_pipeline::175.432*8.32] mapped 332680 sequences
[M::worker_pipeline::175.907*8.32] mapped 332678 sequences
[M::worker_pipeline::176.622*8.33] mapped 332728 sequences
[M::worker_pipeline::177.008*8.33] mapped 332654 sequences
[M::worker_pipeline::177.519*8.32] mapped 332674 sequences
[M::worker_pipeline::178.618*8.33] mapped 332610 sequences
[M::worker_pipeline::179.236*8.33] mapped 332630 sequences
[M::worker_pipeline::179.853*8.33] mapped 332486 sequences
[M::worker_pipeline::180.313*8.33] mapped 332536 sequences
[M::worker_pipeline::181.132*8.33] mapped 332482 sequences
[M::worker_pipeline::181.715*8.34] mapped 332558 sequences
[M::worker_pipeline::182.069*8.32] mapped 332608 sequences
[M::worker_pipeline::182.767*8.32] mapped 332568 sequences
[M::worker_pipeline::183.652*8.33] mapped 332628 sequences
[M::worker_pipeline::184.412*8.33] mapped 332582 sequences
[M::worker_pipeline::185.022*8.34] mapped 332590 sequences
[M::worker_pipeline::185.637*8.34] mapped 332554 sequences
[M::worker_pipeline::186.258*8.34] mapped 332612 sequences
[M::worker_pipeline::186.903*8.34] mapped 332554 sequences
[M::worker_pipeline::187.519*8.35] mapped 332598 sequences
[M::worker_pipeline::188.156*8.35] mapped 332574 sequences
[M::worker_pipeline::188.748*8.35] mapped 332542 sequences
[M::worker_pipeline::189.306*8.35] mapped 332544 sequences
[M::worker_pipeline::189.651*8.34] mapped 332546 sequences
[M::worker_pipeline::190.663*8.35] mapped 332468 sequences
[M::worker_pipeline::195.679*8.19] mapped 332492 sequences
[M::worker_pipeline::196.043*8.18] mapped 332386 sequences
[M::worker_pipeline::196.673*8.18] mapped 332458 sequences
[M::worker_pipeline::197.253*8.18] mapped 332472 sequences
[M::worker_pipeline::197.744*8.19] mapped 332476 sequences
[M::worker_pipeline::198.127*8.18] mapped 332404 sequences
[M::worker_pipeline::199.232*8.18] mapped 332436 sequences
[M::worker_pipeline::199.799*8.19] mapped 332368 sequences
[M::worker_pipeline::200.431*8.19] mapped 332408 sequences
[M::worker_pipeline::200.782*8.19] mapped 332384 sequences
[M::worker_pipeline::201.409*8.19] mapped 332422 sequences
[M::worker_pipeline::202.223*8.20] mapped 332406 sequences
[M::worker_pipeline::202.738*8.20] mapped 332480 sequences
[M::worker_pipeline::203.351*8.20] mapped 332436 sequences
[M::worker_pipeline::203.999*8.21] mapped 332478 sequences
[M::worker_pipeline::204.589*8.21] mapped 332520 sequences
[M::worker_pipeline::204.933*8.20] mapped 332506 sequences
[M::worker_pipeline::205.954*8.21] mapped 332394 sequences
[M::worker_pipeline::206.581*8.21] mapped 332472 sequences
[M::worker_pipeline::207.131*8.21] mapped 332472 sequences
[M::worker_pipeline::207.788*8.22] mapped 332498 sequences
[M::worker_pipeline::208.250*8.21] mapped 332508 sequences
[M::worker_pipeline::208.998*8.22] mapped 332420 sequences
[M::worker_pipeline::209.663*8.22] mapped 332618 sequences
[M::worker_pipeline::210.236*8.23] mapped 332718 sequences
[M::worker_pipeline::210.836*8.23] mapped 332628 sequences
[M::worker_pipeline::211.458*8.23] mapped 332526 sequences
[M::worker_pipeline::212.051*8.23] mapped 332542 sequences
[M::worker_pipeline::212.572*8.23] mapped 332560 sequences
[M::worker_pipeline::213.071*8.23] mapped 332520 sequences
[M::worker_pipeline::213.620*8.23] mapped 332546 sequences
[M::worker_pipeline::214.446*8.23] mapped 332578 sequences
[M::worker_pipeline::214.969*8.23] mapped 332494 sequences
[M::worker_pipeline::215.634*8.23] mapped 332428 sequences
[M::worker_pipeline::216.474*8.24] mapped 332402 sequences
[M::worker_pipeline::217.114*8.24] mapped 332366 sequences
[M::worker_pipeline::217.744*8.24] mapped 332406 sequences
[M::worker_pipeline::218.399*8.25] mapped 332388 sequences
[M::worker_pipeline::219.014*8.25] mapped 332426 sequences
[M::worker_pipeline::219.605*8.25] mapped 332342 sequences
[M::worker_pipeline::219.987*8.24] mapped 332396 sequences
[M::worker_pipeline::220.694*8.25] mapped 332384 sequences
[M::worker_pipeline::221.479*8.25] mapped 332342 sequences
[M::worker_pipeline::222.112*8.26] mapped 332362 sequences
[M::worker_pipeline::222.768*8.26] mapped 332408 sequences
[M::worker_pipeline::223.353*8.26] mapped 332412 sequences
[M::worker_pipeline::223.990*8.26] mapped 332522 sequences
[M::worker_pipeline::224.447*8.26] mapped 332570 sequences
[M::worker_pipeline::225.204*8.26] mapped 332490 sequences
[M::worker_pipeline::225.747*8.26] mapped 332548 sequences
[M::worker_pipeline::226.149*8.26] mapped 332504 sequences
[M::worker_pipeline::226.952*8.26] mapped 332484 sequences
[M::worker_pipeline::227.788*8.27] mapped 332414 sequences
[M::worker_pipeline::228.200*8.26] mapped 332512 sequences
[M::worker_pipeline::228.865*8.27] mapped 332424 sequences
[M::worker_pipeline::229.414*8.27] mapped 332526 sequences
[M::worker_pipeline::230.057*8.27] mapped 332474 sequences
[M::worker_pipeline::230.605*8.27] mapped 332476 sequences
[M::worker_pipeline::231.287*8.28] mapped 332542 sequences
[M::worker_pipeline::231.755*8.28] mapped 332518 sequences
[M::worker_pipeline::232.623*8.28] mapped 332428 sequences
[M::worker_pipeline::233.199*8.29] mapped 332382 sequences
[M::worker_pipeline::233.544*8.28] mapped 332452 sequences
[M::worker_pipeline::234.331*8.28] mapped 332318 sequences
[M::worker_pipeline::235.002*8.28] mapped 332562 sequences
[M::worker_pipeline::235.697*8.28] mapped 332422 sequences
[M::worker_pipeline::236.181*8.28] mapped 332338 sequences
[M::worker_pipeline::236.845*8.28] mapped 332376 sequences
[M::worker_pipeline::237.695*8.29] mapped 332456 sequences
[M::worker_pipeline::238.298*8.29] mapped 332378 sequences
[M::worker_pipeline::238.916*8.30] mapped 332344 sequences
[M::worker_pipeline::239.490*8.30] mapped 332342 sequences
[M::worker_pipeline::240.100*8.30] mapped 332432 sequences
[M::worker_pipeline::240.654*8.30] mapped 332456 sequences
[M::worker_pipeline::241.063*8.30] mapped 332432 sequences
[M::worker_pipeline::241.985*8.31] mapped 332476 sequences
[M::worker_pipeline::242.550*8.31] mapped 332352 sequences
[M::worker_pipeline::242.900*8.30] mapped 332322 sequences
[M::worker_pipeline::243.863*8.31] mapped 332318 sequences
[M::worker_pipeline::244.282*8.31] mapped 332308 sequences
[M::worker_pipeline::244.850*8.31] mapped 332270 sequences
[M::worker_pipeline::245.650*8.32] mapped 332294 sequences
[M::worker_pipeline::246.278*8.32] mapped 332282 sequences
[M::worker_pipeline::246.868*8.32] mapped 332232 sequences
[M::worker_pipeline::247.490*8.32] mapped 332254 sequences
[M::worker_pipeline::248.126*8.32] mapped 332458 sequences
[M::worker_pipeline::248.489*8.32] mapped 332392 sequences
[M::worker_pipeline::249.181*8.32] mapped 332298 sequences
[M::worker_pipeline::249.857*8.33] mapped 332338 sequences
[M::worker_pipeline::250.456*8.33] mapped 332292 sequences
[M::worker_pipeline::250.871*8.32] mapped 332220 sequences
[M::worker_pipeline::251.600*8.33] mapped 332248 sequences
[M::worker_pipeline::252.296*8.33] mapped 332288 sequences
[M::worker_pipeline::253.118*8.33] mapped 332390 sequences
[M::worker_pipeline::253.762*8.33] mapped 332318 sequences
[M::worker_pipeline::254.363*8.34] mapped 332382 sequences
[M::worker_pipeline::254.942*8.34] mapped 332366 sequences
[M::worker_pipeline::259.870*8.22] mapped 332360 sequences
[M::worker_pipeline::260.215*8.21] mapped 332330 sequences
[M::worker_pipeline::260.848*8.21] mapped 332410 sequences
[M::worker_pipeline::261.226*8.21] mapped 332464 sequences
[M::worker_pipeline::261.804*8.21] mapped 332502 sequences
[M::worker_pipeline::262.581*8.21] mapped 332634 sequences
[M::worker_pipeline::263.127*8.21] mapped 332544 sequences
[M::worker_pipeline::263.751*8.21] mapped 332400 sequences
[M::worker_pipeline::264.597*8.21] mapped 332362 sequences
[M::worker_pipeline::265.380*8.22] mapped 332422 sequences
[M::worker_pipeline::265.943*8.22] mapped 332408 sequences
[M::worker_pipeline::266.524*8.22] mapped 332396 sequences
[M::worker_pipeline::267.120*8.23] mapped 332284 sequences
[M::worker_pipeline::267.669*8.23] mapped 332274 sequences
[M::worker_pipeline::268.319*8.23] mapped 332300 sequences
[M::worker_pipeline::268.783*8.23] mapped 332292 sequences
[M::worker_pipeline::269.259*8.23] mapped 332272 sequences
[M::worker_pipeline::270.184*8.24] mapped 332262 sequences
[M::worker_pipeline::270.792*8.24] mapped 332246 sequences
[M::worker_pipeline::271.407*8.24] mapped 332242 sequences
[M::worker_pipeline::271.882*8.24] mapped 332270 sequences
[M::worker_pipeline::272.348*8.23] mapped 332208 sequences
[M::worker_pipeline::273.269*8.24] mapped 332234 sequences
[M::worker_pipeline::273.731*8.24] mapped 332290 sequences
[M::worker_pipeline::274.581*8.24] mapped 332226 sequences
[M::worker_pipeline::275.196*8.25] mapped 332366 sequences
[M::worker_pipeline::275.806*8.25] mapped 332264 sequences
[M::worker_pipeline::276.229*8.24] mapped 332324 sequences
[M::worker_pipeline::276.940*8.25] mapped 332318 sequences
[M::worker_pipeline::277.483*8.25] mapped 332278 sequences
[M::worker_pipeline::278.276*8.25] mapped 332322 sequences
[M::worker_pipeline::278.757*8.25] mapped 332286 sequences
[M::worker_pipeline::279.504*8.26] mapped 332234 sequences
[M::worker_pipeline::280.166*8.26] mapped 332266 sequences
[M::worker_pipeline::280.742*8.26] mapped 332256 sequences
[M::worker_pipeline::281.353*8.26] mapped 332286 sequences
[M::worker_pipeline::281.942*8.26] mapped 332286 sequences
[M::worker_pipeline::282.471*8.27] mapped 332258 sequences
[M::worker_pipeline::283.034*8.27] mapped 332292 sequences
[M::worker_pipeline::283.482*8.26] mapped 332248 sequences
[M::worker_pipeline::284.158*8.27] mapped 332210 sequences
[M::worker_pipeline::284.950*8.27] mapped 332280 sequences
[M::worker_pipeline::285.566*8.27] mapped 332356 sequences
[M::worker_pipeline::286.171*8.28] mapped 332384 sequences
[M::worker_pipeline::286.798*8.28] mapped 332246 sequences
[M::worker_pipeline::287.116*8.27] mapped 332260 sequences
[M::worker_pipeline::287.923*8.27] mapped 332196 sequences
[M::worker_pipeline::288.779*8.26] mapped 332262 sequences
[M::worker_pipeline::289.522*8.26] mapped 332432 sequences
[M::worker_pipeline::290.353*8.25] mapped 332344 sequences
[M::worker_pipeline::291.146*8.25] mapped 332280 sequences
[M::worker_pipeline::291.770*8.26] mapped 332234 sequences
[M::worker_pipeline::292.627*8.26] mapped 332248 sequences
[M::worker_pipeline::293.190*8.26] mapped 332282 sequences
[M::worker_pipeline::293.854*8.27] mapped 332272 sequences
[M::worker_pipeline::294.455*8.27] mapped 332286 sequences
[M::worker_pipeline::295.062*8.27] mapped 332238 sequences
[M::worker_pipeline::295.643*8.27] mapped 332228 sequences
[M::worker_pipeline::296.054*8.27] mapped 332272 sequences
[M::worker_pipeline::296.864*8.27] mapped 332238 sequences
[M::worker_pipeline::297.273*8.27] mapped 332224 sequences
[M::worker_pipeline::297.780*8.27] mapped 332228 sequences
[M::worker_pipeline::298.549*8.27] mapped 332216 sequences
[M::worker_pipeline::299.158*8.27] mapped 332244 sequences
[M::worker_pipeline::299.987*8.28] mapped 332290 sequences
[M::worker_pipeline::300.584*8.28] mapped 332390 sequences
[M::worker_pipeline::300.960*8.27] mapped 332230 sequences
[M::worker_pipeline::301.602*8.27] mapped 332194 sequences
[M::worker_pipeline::302.384*8.28] mapped 332220 sequences
[M::worker_pipeline::302.929*8.28] mapped 332250 sequences
[M::worker_pipeline::303.406*8.28] mapped 332352 sequences
[M::worker_pipeline::304.415*8.28] mapped 332368 sequences
[M::worker_pipeline::304.858*8.28] mapped 332394 sequences
[M::worker_pipeline::305.394*8.28] mapped 332400 sequences
[M::worker_pipeline::306.331*8.28] mapped 332432 sequences
[M::worker_pipeline::307.099*8.28] mapped 332400 sequences
[M::worker_pipeline::307.675*8.29] mapped 332546 sequences
[M::worker_pipeline::308.022*8.28] mapped 332338 sequences
[M::worker_pipeline::309.055*8.29] mapped 332436 sequences
[M::worker_pipeline::309.667*8.29] mapped 332474 sequences
[M::worker_pipeline::310.259*8.29] mapped 332532 sequences
[M::worker_pipeline::310.890*8.29] mapped 332572 sequences
[M::worker_pipeline::311.485*8.29] mapped 332564 sequences
[M::worker_pipeline::312.096*8.29] mapped 332528 sequences
[M::worker_pipeline::312.527*8.29] mapped 332522 sequences
[M::worker_pipeline::313.309*8.29] mapped 332524 sequences
[M::worker_pipeline::313.658*8.29] mapped 332480 sequences
[M::worker_pipeline::314.615*8.30] mapped 332376 sequences
[M::worker_pipeline::315.035*8.29] mapped 332400 sequences
[M::worker_pipeline::315.798*8.30] mapped 332414 sequences
[M::worker_pipeline::316.460*8.30] mapped 332342 sequences
[M::worker_pipeline::317.080*8.30] mapped 332324 sequences
[M::worker_pipeline::317.696*8.30] mapped 332396 sequences
[M::worker_pipeline::318.304*8.30] mapped 332336 sequences
[M::worker_pipeline::318.907*8.31] mapped 332286 sequences
[M::worker_pipeline::319.509*8.31] mapped 332300 sequences
[M::worker_pipeline::324.295*8.22] mapped 332256 sequences
[M::worker_pipeline::324.645*8.21] mapped 332360 sequences
[M::worker_pipeline::325.267*8.21] mapped 332256 sequences
[M::worker_pipeline::325.837*8.21] mapped 332272 sequences
[M::worker_pipeline::326.364*8.21] mapped 332266 sequences
[M::worker_pipeline::326.998*8.22] mapped 332284 sequences
[M::worker_pipeline::327.668*8.22] mapped 332294 sequences
[M::worker_pipeline::328.230*8.22] mapped 332302 sequences
[M::worker_pipeline::328.808*8.22] mapped 332374 sequences
[M::worker_pipeline::329.130*8.22] mapped 332330 sequences
[M::worker_pipeline::330.185*8.22] mapped 332360 sequences
[M::worker_pipeline::330.793*8.22] mapped 332336 sequences
[M::worker_pipeline::331.382*8.23] mapped 332550 sequences
[M::worker_pipeline::331.985*8.23] mapped 332408 sequences
[M::worker_pipeline::332.608*8.23] mapped 332314 sequences
[M::worker_pipeline::333.211*8.23] mapped 332328 sequences
[M::worker_pipeline::333.567*8.22] mapped 332292 sequences
[M::worker_pipeline::334.308*8.23] mapped 332374 sequences
[M::worker_pipeline::335.122*8.23] mapped 332296 sequences
[M::worker_pipeline::335.748*8.24] mapped 332368 sequences
[M::worker_pipeline::336.298*8.24] mapped 332330 sequences
[M::worker_pipeline::336.936*8.24] mapped 332300 sequences
[M::worker_pipeline::337.336*8.24] mapped 332358 sequences
[M::worker_pipeline::337.866*8.23] mapped 332232 sequences
[M::worker_pipeline::338.591*8.24] mapped 332356 sequences
[M::worker_pipeline::339.287*8.24] mapped 332360 sequences
[M::worker_pipeline::340.058*8.24] mapped 332246 sequences
[M::worker_pipeline::340.680*8.25] mapped 332278 sequences
[M::worker_pipeline::341.253*8.25] mapped 332286 sequences
[M::worker_pipeline::341.836*8.25] mapped 332230 sequences
[M::worker_pipeline::342.472*8.25] mapped 332828 sequences
[M::worker_pipeline::343.103*8.25] mapped 332276 sequences
[M::worker_pipeline::343.720*8.25] mapped 332262 sequences
[M::worker_pipeline::344.354*8.25] mapped 332298 sequences
[M::worker_pipeline::344.920*8.25] mapped 332306 sequences
[M::worker_pipeline::345.268*8.25] mapped 332328 sequences
[M::worker_pipeline::346.234*8.25] mapped 332196 sequences
[M::worker_pipeline::346.911*8.25] mapped 332212 sequences
[M::worker_pipeline::347.406*8.25] mapped 332196 sequences
[M::worker_pipeline::347.839*8.25] mapped 332152 sequences
[M::worker_pipeline::348.884*8.26] mapped 332150 sequences
[M::worker_pipeline::349.437*8.26] mapped 332184 sequences
[M::worker_pipeline::349.847*8.25] mapped 332188 sequences
[M::worker_pipeline::350.489*8.25] mapped 332206 sequences
[M::worker_pipeline::351.147*8.25] mapped 332254 sequences
[M::worker_pipeline::351.963*8.26] mapped 332512 sequences
[M::worker_pipeline::352.656*8.26] mapped 332082 sequences
[M::worker_pipeline::353.247*8.26] mapped 332070 sequences
[M::worker_pipeline::353.601*8.25] mapped 332136 sequences
[M::worker_pipeline::354.371*8.26] mapped 332152 sequences
[M::worker_pipeline::355.204*8.26] mapped 332136 sequences
[M::worker_pipeline::355.798*8.26] mapped 332138 sequences
[M::worker_pipeline::356.163*8.26] mapped 332284 sequences
[M::worker_pipeline::356.862*8.26] mapped 332184 sequences
[M::worker_pipeline::357.521*8.26] mapped 332210 sequences
[M::worker_pipeline::358.086*8.26] mapped 332256 sequences
[M::worker_pipeline::358.807*8.27] mapped 332242 sequences
[M::worker_pipeline::359.577*8.27] mapped 332156 sequences
[M::worker_pipeline::359.937*8.26] mapped 332282 sequences
[M::worker_pipeline::360.634*8.26] mapped 332206 sequences
[M::worker_pipeline::361.273*8.27] mapped 332210 sequences
[M::worker_pipeline::361.990*8.27] mapped 332190 sequences
[M::worker_pipeline::362.643*8.27] mapped 332314 sequences
[M::worker_pipeline::363.223*8.28] mapped 332312 sequences
[M::worker_pipeline::363.583*8.27] mapped 332382 sequences
[M::worker_pipeline::364.382*8.27] mapped 332880 sequences
[M::worker_pipeline::364.973*8.27] mapped 332784 sequences
[M::worker_pipeline::365.918*8.28] mapped 332806 sequences
[M::worker_pipeline::366.268*8.27] mapped 332770 sequences
[M::worker_pipeline::366.843*8.27] mapped 332626 sequences
[M::worker_pipeline::367.734*8.28] mapped 332706 sequences
[M::worker_pipeline::368.410*8.28] mapped 332582 sequences
[M::worker_pipeline::369.048*8.28] mapped 332588 sequences
[M::worker_pipeline::369.633*8.28] mapped 332614 sequences
[M::worker_pipeline::370.267*8.28] mapped 332698 sequences
[M::worker_pipeline::370.701*8.28] mapped 332598 sequences
[M::worker_pipeline::371.504*8.28] mapped 332548 sequences
[M::worker_pipeline::372.138*8.29] mapped 332542 sequences
[M::worker_pipeline::372.744*8.29] mapped 332532 sequences
[M::worker_pipeline::373.339*8.29] mapped 332534 sequences
[M::worker_pipeline::373.968*8.29] mapped 332570 sequences
[M::worker_pipeline::374.635*8.29] mapped 332446 sequences
[M::worker_pipeline::375.236*8.29] mapped 332478 sequences
[M::worker_pipeline::375.679*8.29] mapped 332508 sequences
[M::worker_pipeline::376.509*8.29] mapped 332518 sequences
[M::worker_pipeline::377.054*8.29] mapped 332516 sequences
[M::worker_pipeline::377.702*8.29] mapped 332604 sequences
[M::worker_pipeline::378.069*8.29] mapped 332596 sequences
[M::worker_pipeline::378.823*8.28] mapped 332566 sequences
[M::worker_pipeline::379.606*8.29] mapped 332488 sequences
[M::worker_pipeline::380.257*8.29] mapped 332512 sequences
[M::worker_pipeline::380.764*8.29] mapped 332512 sequences
[M::worker_pipeline::381.662*8.29] mapped 332486 sequences
[M::worker_pipeline::382.265*8.29] mapped 332446 sequences
[M::worker_pipeline::382.899*8.29] mapped 332514 sequences
[M::worker_pipeline::383.510*8.30] mapped 332478 sequences
[M::worker_pipeline::388.379*8.22] mapped 332508 sequences
[M::worker_pipeline::388.727*8.21] mapped 332480 sequences
[M::worker_pipeline::389.338*8.21] mapped 332426 sequences
[M::worker_pipeline::389.651*8.21] mapped 332558 sequences
[M::worker_pipeline::390.648*8.21] mapped 332548 sequences
[M::worker_pipeline::391.253*8.21] mapped 332588 sequences
[M::worker_pipeline::391.581*8.21] mapped 332446 sequences
[M::worker_pipeline::392.424*8.21] mapped 332430 sequences
[M::worker_pipeline::393.241*8.22] mapped 332406 sequences
[M::worker_pipeline::393.600*8.21] mapped 332510 sequences
[M::worker_pipeline::394.308*8.21] mapped 332548 sequences
[M::worker_pipeline::395.155*8.21] mapped 332602 sequences
[M::worker_pipeline::395.976*8.21] mapped 332596 sequences
[M::worker_pipeline::396.585*8.22] mapped 332490 sequences
[M::worker_pipeline::396.940*8.21] mapped 332546 sequences
[M::worker_pipeline::397.745*8.21] mapped 332446 sequences
[M::worker_pipeline::398.459*8.22] mapped 332494 sequences
[M::worker_pipeline::399.114*8.22] mapped 332582 sequences
[M::worker_pipeline::399.715*8.22] mapped 332560 sequences
[M::worker_pipeline::400.347*8.22] mapped 332490 sequences
[M::worker_pipeline::400.929*8.22] mapped 332410 sequences
[M::worker_pipeline::401.286*8.22] mapped 332474 sequences
[M::worker_pipeline::402.021*8.22] mapped 332424 sequences
[M::worker_pipeline::402.724*8.22] mapped 332406 sequences
[M::worker_pipeline::403.211*8.22] mapped 332402 sequences
[M::worker_pipeline::403.846*8.22] mapped 332364 sequences
[M::worker_pipeline::404.472*8.23] mapped 332472 sequences
[M::worker_pipeline::405.175*8.23] mapped 332392 sequences
[M::worker_pipeline::405.809*8.23] mapped 332370 sequences
[M::worker_pipeline::406.143*8.23] mapped 332302 sequences
[M::worker_pipeline::407.138*8.23] mapped 332414 sequences
[M::worker_pipeline::407.783*8.23] mapped 332372 sequences
[M::worker_pipeline::408.415*8.23] mapped 332400 sequences
[M::worker_pipeline::408.998*8.23] mapped 332584 sequences
[M::worker_pipeline::409.375*8.23] mapped 332672 sequences
[M::worker_pipeline::410.048*8.23] mapped 332586 sequences
[M::worker_pipeline::410.790*8.23] mapped 332562 sequences
[M::worker_pipeline::411.610*8.24] mapped 332550 sequences
[M::worker_pipeline::412.194*8.24] mapped 332680 sequences
[M::worker_pipeline::412.705*8.24] mapped 332636 sequences
[M::worker_pipeline::413.104*8.23] mapped 332526 sequences
[M::worker_pipeline::414.048*8.24] mapped 332634 sequences
[M::worker_pipeline::414.521*8.24] mapped 332728 sequences
[M::worker_pipeline::415.006*8.24] mapped 332748 sequences
[M::worker_pipeline::416.176*8.24] mapped 332648 sequences
[M::worker_pipeline::416.511*8.24] mapped 332804 sequences
[M::worker_pipeline::416.660*8.23] mapped 134150 sequences
[M::main] Version: 2.22-r1101
[M::main] CMD: minimap2 --secondary=no -t 16 -R @RG\tID:snippy\tSM:snippy -ax sr /work/FAC/FBM/DMF/smitri/evomicrocomm/genome_size/data/at/reference.fasta /work/FAC/FBM/DMF/smitri/evomicrocomm/genome_size/data/T11.4.2/read1.fq.gz /work/FAC/FBM/DMF/smitri/evomicrocomm/genome_size/data/T11.4.2/read2.fq.gz
[M::main] Real time: 416.686 sec; CPU: 3430.835 sec; Peak RSS: 0.692 GB
[bam_sort_core] merging from 96 files and 16 in-memory blocks...
[Sun Oct 17 23:00:20 2021]
Finished job 0.
1 of 1 steps (100%) done
