Building DAG of jobs...
Using shell: /usr/bin/bash
Provided cores: 16
Rules claiming more threads will be scaled down.
Select jobs to execute...

[Sun Oct 17 22:40:10 2021]
rule mapping:
    input: /work/FAC/FBM/DMF/smitri/evomicrocomm/genome_size/data/ct/reference.fasta, /work/FAC/FBM/DMF/smitri/evomicrocomm/genome_size/data/T11.2.3/read1.fq.gz, /work/FAC/FBM/DMF/smitri/evomicrocomm/genome_size/data/T11.2.3/read2.fq.gz
    output: /work/FAC/FBM/DMF/smitri/evomicrocomm/genome_size/data/T11.2.3/ct/mapped_reads.sorted.bam
    jobid: 0
    wildcards: sample=T11.2.3, strain=ct
    threads: 16
    resources: mem_mb=2693, disk_mb=2693, tmpdir=/tmp/2846107

[M::mm_idx_gen::0.157*0.87] collected minimizers
[M::mm_idx_gen::0.173*1.95] sorted minimizers
[M::main::0.174*1.95] loaded/built the index for 2 target sequence(s)
[M::mm_mapopt_update::0.174*1.95] mid_occ = 1000
[M::mm_idx_stat] kmer size: 21; skip: 11; is_hpc: 0; #seq: 2
[M::mm_idx_stat::0.187*1.88] distinct minimizers: 993850 (99.11% are singletons); average occurrences: 1.021; average spacing: 5.998; total length: 6084391
[M::worker_pipeline::1.339*2.25] mapped 332976 sequences
[M::worker_pipeline::2.286*2.46] mapped 332782 sequences
[M::worker_pipeline::3.116*2.61] mapped 332996 sequences
[M::worker_pipeline::3.937*2.69] mapped 332938 sequences
[M::worker_pipeline::4.697*2.83] mapped 332766 sequences
[M::worker_pipeline::5.285*2.97] mapped 332910 sequences
[M::worker_pipeline::5.886*3.08] mapped 333012 sequences
[M::worker_pipeline::6.513*3.15] mapped 333346 sequences
[M::worker_pipeline::7.123*3.22] mapped 332526 sequences
[M::worker_pipeline::7.740*3.28] mapped 332460 sequences
[M::worker_pipeline::8.352*3.33] mapped 332740 sequences
[M::worker_pipeline::8.967*3.38] mapped 332656 sequences
[M::worker_pipeline::9.611*3.42] mapped 332478 sequences
[M::worker_pipeline::10.168*3.47] mapped 332474 sequences
[M::worker_pipeline::10.791*3.49] mapped 332430 sequences
[M::worker_pipeline::11.419*3.51] mapped 332648 sequences
[M::worker_pipeline::11.990*3.54] mapped 332578 sequences
[M::worker_pipeline::12.619*3.56] mapped 332404 sequences
[M::worker_pipeline::13.228*3.58] mapped 332508 sequences
[M::worker_pipeline::13.853*3.59] mapped 332490 sequences
[M::worker_pipeline::14.466*3.62] mapped 332522 sequences
[M::worker_pipeline::15.058*3.63] mapped 332440 sequences
[M::worker_pipeline::15.690*3.64] mapped 332510 sequences
[M::worker_pipeline::16.334*3.66] mapped 332768 sequences
[M::worker_pipeline::16.947*3.67] mapped 332902 sequences
[M::worker_pipeline::17.589*3.68] mapped 332690 sequences
[M::worker_pipeline::18.200*3.69] mapped 332718 sequences
[M::worker_pipeline::18.832*3.70] mapped 332702 sequences
[M::worker_pipeline::19.444*3.71] mapped 332696 sequences
[M::worker_pipeline::20.026*3.73] mapped 332610 sequences
[M::worker_pipeline::20.649*3.75] mapped 332532 sequences
[M::worker_pipeline::21.238*3.76] mapped 332660 sequences
[M::worker_pipeline::21.789*3.77] mapped 332600 sequences
[M::worker_pipeline::22.395*3.78] mapped 332486 sequences
[M::worker_pipeline::23.041*3.78] mapped 332626 sequences
[M::worker_pipeline::23.615*3.79] mapped 332552 sequences
[M::worker_pipeline::24.248*3.79] mapped 332492 sequences
[M::worker_pipeline::24.908*3.79] mapped 332420 sequences
[M::worker_pipeline::25.530*3.79] mapped 332448 sequences
[M::worker_pipeline::26.155*3.80] mapped 332544 sequences
[M::worker_pipeline::26.811*3.80] mapped 332426 sequences
[M::worker_pipeline::27.418*3.80] mapped 332340 sequences
[M::worker_pipeline::28.005*3.81] mapped 332370 sequences
[M::worker_pipeline::28.610*3.81] mapped 332404 sequences
[M::worker_pipeline::29.194*3.82] mapped 332396 sequences
[M::worker_pipeline::29.816*3.82] mapped 332368 sequences
[M::worker_pipeline::30.451*3.82] mapped 332470 sequences
[M::worker_pipeline::31.013*3.83] mapped 332672 sequences
[M::worker_pipeline::31.639*3.84] mapped 332398 sequences
[M::worker_pipeline::32.231*3.84] mapped 332398 sequences
[M::worker_pipeline::32.818*3.84] mapped 332422 sequences
[M::worker_pipeline::33.440*3.85] mapped 332358 sequences
[M::worker_pipeline::34.065*3.85] mapped 332516 sequences
[M::worker_pipeline::34.644*3.85] mapped 332306 sequences
[M::worker_pipeline::35.294*3.85] mapped 332260 sequences
[M::worker_pipeline::35.908*3.85] mapped 332562 sequences
[M::worker_pipeline::36.522*3.86] mapped 332684 sequences
[M::worker_pipeline::37.106*3.86] mapped 332596 sequences
[M::worker_pipeline::37.771*3.86] mapped 332586 sequences
[M::worker_pipeline::38.400*3.86] mapped 332608 sequences
[M::worker_pipeline::38.964*3.87] mapped 332658 sequences
[M::worker_pipeline::39.636*3.87] mapped 332550 sequences
[M::worker_pipeline::40.273*3.87] mapped 332682 sequences
[M::worker_pipeline::40.472*3.88] mapped 180916 sequences
[M::main] Version: 2.22-r1101
[M::main] CMD: minimap2 --secondary=no -t 16 -R @RG\tID:snippy\tSM:snippy -ax sr /work/FAC/FBM/DMF/smitri/evomicrocomm/genome_size/data/ct/reference.fasta /work/FAC/FBM/DMF/smitri/evomicrocomm/genome_size/data/T11.2.3/read1.fq.gz /work/FAC/FBM/DMF/smitri/evomicrocomm/genome_size/data/T11.2.3/read2.fq.gz
[M::main] Real time: 40.488 sec; CPU: 156.871 sec; Peak RSS: 0.510 GB
[bam_sort_core] merging from 0 files and 16 in-memory blocks...
[Sun Oct 17 22:41:16 2021]
Finished job 0.
1 of 1 steps (100%) done
