Building DAG of jobs...
Using shell: /usr/bin/bash
Provided cores: 16
Rules claiming more threads will be scaled down.
Select jobs to execute...

[Sun Oct 17 22:30:59 2021]
rule mapping:
    input: /work/FAC/FBM/DMF/smitri/evomicrocomm/genome_size/data/ms/reference.fasta, /work/FAC/FBM/DMF/smitri/evomicrocomm/genome_size/data/T11.4.2/read1.fq.gz, /work/FAC/FBM/DMF/smitri/evomicrocomm/genome_size/data/T11.4.2/read2.fq.gz
    output: /work/FAC/FBM/DMF/smitri/evomicrocomm/genome_size/data/T11.4.2/ms/mapped_reads.sorted.bam
    jobid: 0
    wildcards: sample=T11.4.2, strain=ms
    threads: 16
    resources: mem_mb=26615, disk_mb=26615, tmpdir=/tmp/2846030

[M::mm_idx_gen::0.088*0.99] collected minimizers
[M::mm_idx_gen::0.106*2.89] sorted minimizers
[M::main::0.106*2.89] loaded/built the index for 1 target sequence(s)
[M::mm_mapopt_update::0.106*2.89] mid_occ = 1000
[M::mm_idx_stat] kmer size: 21; skip: 11; is_hpc: 0; #seq: 1
[M::mm_idx_stat::0.114*2.77] distinct minimizers: 620509 (99.65% are singletons); average occurrences: 1.004; average spacing: 5.998; total length: 3737398
[M::worker_pipeline::1.200*2.35] mapped 333106 sequences
[M::worker_pipeline::2.041*2.54] mapped 333068 sequences
[M::worker_pipeline::2.831*2.66] mapped 332910 sequences
[M::worker_pipeline::3.543*2.75] mapped 332872 sequences
[M::worker_pipeline::4.333*2.76] mapped 332842 sequences
[M::worker_pipeline::5.127*2.82] mapped 332790 sequences
[M::worker_pipeline::5.700*2.92] mapped 332790 sequences
[M::worker_pipeline::6.350*3.00] mapped 332770 sequences
[M::worker_pipeline::6.934*3.07] mapped 332704 sequences
[M::worker_pipeline::7.538*3.14] mapped 332708 sequences
[M::worker_pipeline::8.179*3.19] mapped 332646 sequences
[M::worker_pipeline::8.830*3.22] mapped 332664 sequences
[M::worker_pipeline::9.415*3.26] mapped 332652 sequences
[M::worker_pipeline::10.016*3.29] mapped 332632 sequences
[M::worker_pipeline::10.619*3.33] mapped 332676 sequences
[M::worker_pipeline::11.223*3.35] mapped 332640 sequences
[M::worker_pipeline::11.797*3.37] mapped 332582 sequences
[M::worker_pipeline::12.451*3.38] mapped 332654 sequences
[M::worker_pipeline::13.023*3.40] mapped 332624 sequences
[M::worker_pipeline::13.632*3.43] mapped 332726 sequences
[M::worker_pipeline::14.242*3.44] mapped 332726 sequences
[M::worker_pipeline::14.851*3.45] mapped 332926 sequences
[M::worker_pipeline::15.443*3.46] mapped 332858 sequences
[M::worker_pipeline::16.042*3.48] mapped 332974 sequences
[M::worker_pipeline::16.626*3.49] mapped 332994 sequences
[M::worker_pipeline::17.242*3.50] mapped 333026 sequences
[M::worker_pipeline::17.846*3.51] mapped 332950 sequences
[M::worker_pipeline::18.430*3.52] mapped 332828 sequences
[M::worker_pipeline::19.049*3.52] mapped 332786 sequences
[M::worker_pipeline::19.647*3.53] mapped 332754 sequences
[M::worker_pipeline::20.226*3.54] mapped 332710 sequences
[M::worker_pipeline::20.849*3.55] mapped 332628 sequences
[M::worker_pipeline::21.432*3.56] mapped 332634 sequences
[M::worker_pipeline::22.025*3.56] mapped 332676 sequences
[M::worker_pipeline::22.672*3.56] mapped 332678 sequences
[M::worker_pipeline::23.239*3.57] mapped 332726 sequences
[M::worker_pipeline::23.870*3.58] mapped 332776 sequences
[M::worker_pipeline::24.463*3.58] mapped 333120 sequences
[M::worker_pipeline::25.086*3.59] mapped 332892 sequences
[M::worker_pipeline::25.678*3.60] mapped 332768 sequences
[M::worker_pipeline::26.292*3.60] mapped 332722 sequences
[M::worker_pipeline::26.867*3.61] mapped 332726 sequences
[M::worker_pipeline::27.469*3.61] mapped 332640 sequences
[M::worker_pipeline::28.135*3.61] mapped 332592 sequences
[M::worker_pipeline::28.725*3.61] mapped 332640 sequences
[M::worker_pipeline::29.330*3.61] mapped 332686 sequences
[M::worker_pipeline::29.931*3.62] mapped 332618 sequences
[M::worker_pipeline::30.549*3.62] mapped 332618 sequences
[M::worker_pipeline::31.154*3.62] mapped 332636 sequences
[M::worker_pipeline::31.754*3.63] mapped 332670 sequences
[M::worker_pipeline::32.384*3.63] mapped 332650 sequences
[M::worker_pipeline::32.991*3.63] mapped 332718 sequences
[M::worker_pipeline::33.611*3.63] mapped 332688 sequences
[M::worker_pipeline::34.184*3.64] mapped 332634 sequences
[M::worker_pipeline::34.838*3.63] mapped 332858 sequences
[M::worker_pipeline::35.452*3.64] mapped 332808 sequences
[M::worker_pipeline::36.079*3.64] mapped 332770 sequences
[M::worker_pipeline::36.669*3.64] mapped 332816 sequences
[M::worker_pipeline::37.240*3.64] mapped 332880 sequences
[M::worker_pipeline::37.846*3.64] mapped 332782 sequences
[M::worker_pipeline::38.496*3.65] mapped 332722 sequences
[M::worker_pipeline::39.072*3.65] mapped 332702 sequences
[M::worker_pipeline::39.727*3.65] mapped 332690 sequences
[M::worker_pipeline::40.334*3.65] mapped 332734 sequences
[M::worker_pipeline::40.903*3.66] mapped 332886 sequences
[M::worker_pipeline::41.564*3.65] mapped 332784 sequences
[M::worker_pipeline::42.169*3.66] mapped 332968 sequences
[M::worker_pipeline::42.773*3.66] mapped 332922 sequences
[M::worker_pipeline::43.354*3.66] mapped 333038 sequences
[M::worker_pipeline::44.060*3.66] mapped 333058 sequences
[M::worker_pipeline::44.653*3.66] mapped 333220 sequences
[M::worker_pipeline::45.244*3.67] mapped 333350 sequences
[M::worker_pipeline::45.852*3.67] mapped 333194 sequences
[M::worker_pipeline::46.467*3.67] mapped 333386 sequences
[M::worker_pipeline::47.040*3.67] mapped 333218 sequences
[M::worker_pipeline::47.672*3.67] mapped 333354 sequences
[M::worker_pipeline::48.292*3.67] mapped 333404 sequences
[M::worker_pipeline::48.892*3.67] mapped 332936 sequences
[M::worker_pipeline::49.464*3.67] mapped 332684 sequences
[M::worker_pipeline::50.093*3.67] mapped 332612 sequences
[M::worker_pipeline::50.726*3.67] mapped 332590 sequences
[M::worker_pipeline::51.329*3.67] mapped 332530 sequences
[M::worker_pipeline::51.918*3.68] mapped 332452 sequences
[M::worker_pipeline::52.513*3.68] mapped 332450 sequences
[M::worker_pipeline::53.126*3.68] mapped 332456 sequences
[M::worker_pipeline::53.722*3.68] mapped 332406 sequences
[M::worker_pipeline::54.308*3.69] mapped 332366 sequences
[M::worker_pipeline::54.874*3.69] mapped 332380 sequences
[M::worker_pipeline::55.494*3.69] mapped 332440 sequences
[M::worker_pipeline::56.100*3.69] mapped 332336 sequences
[M::worker_pipeline::56.701*3.69] mapped 332320 sequences
[M::worker_pipeline::57.306*3.70] mapped 332358 sequences
[M::worker_pipeline::57.911*3.70] mapped 332406 sequences
[M::worker_pipeline::58.545*3.69] mapped 332344 sequences
[M::worker_pipeline::59.169*3.69] mapped 332298 sequences
[M::worker_pipeline::59.764*3.70] mapped 332358 sequences
[M::worker_pipeline::60.328*3.70] mapped 332344 sequences
[M::worker_pipeline::60.946*3.70] mapped 332408 sequences
[M::worker_pipeline::61.523*3.70] mapped 332386 sequences
[M::worker_pipeline::62.142*3.70] mapped 332558 sequences
[M::worker_pipeline::62.745*3.70] mapped 332604 sequences
[M::worker_pipeline::63.379*3.70] mapped 332718 sequences
[M::worker_pipeline::63.994*3.70] mapped 332758 sequences
[M::worker_pipeline::64.597*3.70] mapped 332790 sequences
[M::worker_pipeline::65.183*3.70] mapped 332660 sequences
[M::worker_pipeline::75.416*3.29] mapped 332568 sequences
[M::worker_pipeline::75.607*3.28] mapped 332530 sequences
[M::worker_pipeline::75.788*3.28] mapped 332524 sequences
[M::worker_pipeline::76.419*3.28] mapped 332480 sequences
[M::worker_pipeline::77.127*3.28] mapped 332472 sequences
[M::worker_pipeline::77.739*3.28] mapped 332360 sequences
[M::worker_pipeline::78.353*3.29] mapped 332508 sequences
[M::worker_pipeline::78.931*3.29] mapped 332416 sequences
[M::worker_pipeline::79.530*3.30] mapped 332564 sequences
[M::worker_pipeline::80.164*3.30] mapped 332586 sequences
[M::worker_pipeline::80.765*3.30] mapped 332708 sequences
[M::worker_pipeline::81.407*3.31] mapped 332762 sequences
[M::worker_pipeline::82.127*3.31] mapped 332646 sequences
[M::worker_pipeline::82.859*3.30] mapped 332406 sequences
[M::worker_pipeline::83.607*3.30] mapped 332372 sequences
[M::worker_pipeline::84.390*3.30] mapped 332438 sequences
[M::worker_pipeline::85.244*3.29] mapped 332346 sequences
[M::worker_pipeline::85.911*3.29] mapped 332302 sequences
[M::worker_pipeline::86.573*3.29] mapped 332368 sequences
[M::worker_pipeline::87.153*3.30] mapped 332364 sequences
[M::worker_pipeline::87.725*3.30] mapped 332420 sequences
[M::worker_pipeline::88.346*3.30] mapped 332424 sequences
[M::worker_pipeline::88.964*3.31] mapped 332384 sequences
[M::worker_pipeline::89.591*3.31] mapped 332440 sequences
[M::worker_pipeline::90.181*3.31] mapped 332426 sequences
[M::worker_pipeline::90.807*3.31] mapped 332330 sequences
[M::worker_pipeline::91.447*3.32] mapped 332264 sequences
[M::worker_pipeline::92.013*3.32] mapped 332320 sequences
[M::worker_pipeline::92.627*3.32] mapped 332328 sequences
[M::worker_pipeline::93.223*3.32] mapped 332334 sequences
[M::worker_pipeline::93.887*3.33] mapped 332374 sequences
[M::worker_pipeline::94.454*3.33] mapped 332358 sequences
[M::worker_pipeline::95.045*3.33] mapped 332338 sequences
[M::worker_pipeline::95.659*3.34] mapped 332316 sequences
[M::worker_pipeline::96.238*3.34] mapped 332260 sequences
[M::worker_pipeline::96.885*3.34] mapped 332302 sequences
[M::worker_pipeline::97.492*3.35] mapped 332320 sequences
[M::worker_pipeline::98.102*3.35] mapped 332352 sequences
[M::worker_pipeline::98.709*3.35] mapped 332398 sequences
[M::worker_pipeline::99.284*3.35] mapped 332382 sequences
[M::worker_pipeline::99.900*3.36] mapped 332358 sequences
[M::worker_pipeline::100.472*3.36] mapped 332318 sequences
[M::worker_pipeline::101.055*3.36] mapped 332394 sequences
[M::worker_pipeline::101.679*3.37] mapped 332394 sequences
[M::worker_pipeline::102.263*3.37] mapped 332362 sequences
[M::worker_pipeline::102.840*3.37] mapped 332428 sequences
[M::worker_pipeline::103.462*3.37] mapped 332410 sequences
[M::worker_pipeline::104.073*3.38] mapped 332434 sequences
[M::worker_pipeline::104.671*3.38] mapped 332402 sequences
[M::worker_pipeline::105.266*3.38] mapped 332442 sequences
[M::worker_pipeline::105.846*3.38] mapped 332550 sequences
[M::worker_pipeline::106.447*3.39] mapped 332686 sequences
[M::worker_pipeline::107.052*3.39] mapped 332650 sequences
[M::worker_pipeline::107.662*3.39] mapped 332588 sequences
[M::worker_pipeline::108.278*3.39] mapped 332544 sequences
[M::worker_pipeline::108.898*3.40] mapped 332474 sequences
[M::worker_pipeline::109.477*3.40] mapped 332472 sequences
[M::worker_pipeline::110.090*3.40] mapped 332448 sequences
[M::worker_pipeline::110.694*3.40] mapped 332466 sequences
[M::worker_pipeline::111.275*3.41] mapped 332456 sequences
[M::worker_pipeline::111.869*3.41] mapped 332456 sequences
[M::worker_pipeline::112.478*3.41] mapped 332430 sequences
[M::worker_pipeline::113.052*3.41] mapped 332352 sequences
[M::worker_pipeline::113.674*3.41] mapped 332368 sequences
[M::worker_pipeline::114.292*3.42] mapped 332336 sequences
[M::worker_pipeline::114.882*3.42] mapped 332386 sequences
[M::worker_pipeline::115.436*3.42] mapped 332310 sequences
[M::worker_pipeline::116.073*3.42] mapped 332298 sequences
[M::worker_pipeline::116.697*3.42] mapped 332298 sequences
[M::worker_pipeline::117.276*3.43] mapped 332314 sequences
[M::worker_pipeline::117.851*3.43] mapped 332348 sequences
[M::worker_pipeline::118.450*3.43] mapped 332324 sequences
[M::worker_pipeline::119.050*3.43] mapped 332406 sequences
[M::worker_pipeline::119.614*3.44] mapped 332410 sequences
[M::worker_pipeline::120.212*3.44] mapped 332422 sequences
[M::worker_pipeline::120.801*3.44] mapped 332528 sequences
[M::worker_pipeline::121.405*3.44] mapped 332480 sequences
[M::worker_pipeline::122.008*3.44] mapped 332384 sequences
[M::worker_pipeline::122.607*3.44] mapped 332500 sequences
[M::worker_pipeline::123.169*3.45] mapped 332384 sequences
[M::worker_pipeline::123.779*3.45] mapped 332436 sequences
[M::worker_pipeline::124.380*3.45] mapped 332342 sequences
[M::worker_pipeline::124.978*3.45] mapped 332280 sequences
[M::worker_pipeline::125.585*3.46] mapped 332312 sequences
[M::worker_pipeline::126.184*3.46] mapped 332344 sequences
[M::worker_pipeline::126.784*3.46] mapped 332350 sequences
[M::worker_pipeline::127.367*3.46] mapped 332362 sequences
[M::worker_pipeline::127.984*3.46] mapped 332502 sequences
[M::worker_pipeline::128.599*3.46] mapped 332462 sequences
[M::worker_pipeline::129.224*3.46] mapped 332640 sequences
[M::worker_pipeline::129.832*3.47] mapped 332424 sequences
[M::worker_pipeline::130.457*3.47] mapped 332382 sequences
[M::worker_pipeline::131.070*3.47] mapped 332360 sequences
[M::worker_pipeline::131.644*3.47] mapped 332406 sequences
[M::worker_pipeline::132.231*3.47] mapped 332452 sequences
[M::worker_pipeline::132.882*3.47] mapped 332716 sequences
[M::worker_pipeline::133.467*3.47] mapped 332360 sequences
[M::worker_pipeline::134.074*3.48] mapped 332358 sequences
[M::worker_pipeline::134.677*3.48] mapped 332328 sequences
[M::worker_pipeline::135.338*3.48] mapped 332388 sequences
[M::worker_pipeline::135.901*3.48] mapped 332420 sequences
[M::worker_pipeline::136.511*3.48] mapped 332380 sequences
[M::worker_pipeline::137.143*3.48] mapped 332396 sequences
[M::worker_pipeline::137.760*3.48] mapped 332314 sequences
[M::worker_pipeline::138.337*3.48] mapped 332306 sequences
[M::worker_pipeline::139.076*3.48] mapped 332332 sequences
[M::worker_pipeline::144.782*3.39] mapped 332334 sequences
[M::worker_pipeline::144.955*3.39] mapped 332394 sequences
[M::worker_pipeline::145.134*3.39] mapped 332400 sequences
[M::worker_pipeline::145.658*3.39] mapped 332418 sequences
[M::worker_pipeline::146.277*3.39] mapped 332334 sequences
[M::worker_pipeline::146.842*3.39] mapped 332268 sequences
[M::worker_pipeline::147.435*3.39] mapped 332336 sequences
[M::worker_pipeline::148.032*3.40] mapped 332332 sequences
[M::worker_pipeline::148.618*3.40] mapped 332286 sequences
[M::worker_pipeline::149.204*3.40] mapped 332372 sequences
[M::worker_pipeline::149.824*3.40] mapped 332336 sequences
[M::worker_pipeline::150.430*3.40] mapped 332460 sequences
[M::worker_pipeline::151.080*3.40] mapped 332456 sequences
[M::worker_pipeline::151.685*3.40] mapped 332468 sequences
[M::worker_pipeline::152.302*3.41] mapped 332518 sequences
[M::worker_pipeline::152.930*3.41] mapped 332516 sequences
[M::worker_pipeline::153.533*3.41] mapped 332512 sequences
[M::worker_pipeline::154.171*3.41] mapped 332530 sequences
[M::worker_pipeline::154.788*3.41] mapped 332626 sequences
[M::worker_pipeline::155.382*3.41] mapped 332632 sequences
[M::worker_pipeline::155.974*3.41] mapped 332580 sequences
[M::worker_pipeline::156.573*3.42] mapped 332606 sequences
[M::worker_pipeline::157.186*3.42] mapped 332590 sequences
[M::worker_pipeline::157.816*3.42] mapped 332694 sequences
[M::worker_pipeline::158.378*3.42] mapped 332910 sequences
[M::worker_pipeline::158.961*3.42] mapped 332916 sequences
[M::worker_pipeline::159.592*3.42] mapped 332890 sequences
[M::worker_pipeline::160.186*3.42] mapped 332874 sequences
[M::worker_pipeline::160.778*3.43] mapped 332738 sequences
[M::worker_pipeline::161.401*3.43] mapped 332748 sequences
[M::worker_pipeline::161.975*3.43] mapped 332720 sequences
[M::worker_pipeline::162.589*3.43] mapped 332628 sequences
[M::worker_pipeline::163.218*3.43] mapped 332664 sequences
[M::worker_pipeline::163.805*3.43] mapped 332644 sequences
[M::worker_pipeline::164.399*3.43] mapped 332602 sequences
[M::worker_pipeline::165.000*3.44] mapped 332642 sequences
[M::worker_pipeline::165.570*3.44] mapped 332592 sequences
[M::worker_pipeline::166.167*3.44] mapped 332582 sequences
[M::worker_pipeline::166.792*3.44] mapped 332612 sequences
[M::worker_pipeline::167.368*3.44] mapped 332614 sequences
[M::worker_pipeline::168.018*3.44] mapped 332538 sequences
[M::worker_pipeline::168.631*3.44] mapped 332514 sequences
[M::worker_pipeline::169.238*3.44] mapped 332564 sequences
[M::worker_pipeline::169.815*3.45] mapped 332584 sequences
[M::worker_pipeline::170.418*3.45] mapped 332582 sequences
[M::worker_pipeline::171.025*3.45] mapped 332528 sequences
[M::worker_pipeline::171.594*3.45] mapped 332552 sequences
[M::worker_pipeline::172.209*3.45] mapped 332664 sequences
[M::worker_pipeline::172.826*3.45] mapped 332660 sequences
[M::worker_pipeline::173.427*3.45] mapped 332696 sequences
[M::worker_pipeline::174.038*3.45] mapped 332754 sequences
[M::worker_pipeline::174.641*3.46] mapped 332662 sequences
[M::worker_pipeline::175.248*3.46] mapped 332680 sequences
[M::worker_pipeline::175.831*3.46] mapped 332678 sequences
[M::worker_pipeline::176.440*3.46] mapped 332728 sequences
[M::worker_pipeline::177.043*3.46] mapped 332654 sequences
[M::worker_pipeline::177.675*3.46] mapped 332674 sequences
[M::worker_pipeline::178.273*3.46] mapped 332610 sequences
[M::worker_pipeline::178.863*3.46] mapped 332630 sequences
[M::worker_pipeline::179.438*3.46] mapped 332486 sequences
[M::worker_pipeline::180.057*3.47] mapped 332536 sequences
[M::worker_pipeline::180.663*3.47] mapped 332482 sequences
[M::worker_pipeline::181.286*3.47] mapped 332558 sequences
[M::worker_pipeline::181.908*3.47] mapped 332608 sequences
[M::worker_pipeline::182.521*3.47] mapped 332568 sequences
[M::worker_pipeline::183.129*3.47] mapped 332628 sequences
[M::worker_pipeline::183.738*3.47] mapped 332582 sequences
[M::worker_pipeline::184.322*3.47] mapped 332590 sequences
[M::worker_pipeline::184.932*3.47] mapped 332554 sequences
[M::worker_pipeline::185.550*3.47] mapped 332612 sequences
[M::worker_pipeline::186.171*3.48] mapped 332554 sequences
[M::worker_pipeline::186.759*3.48] mapped 332598 sequences
[M::worker_pipeline::187.384*3.48] mapped 332574 sequences
[M::worker_pipeline::187.996*3.48] mapped 332542 sequences
[M::worker_pipeline::188.587*3.48] mapped 332544 sequences
[M::worker_pipeline::189.157*3.48] mapped 332546 sequences
[M::worker_pipeline::189.801*3.48] mapped 332468 sequences
[M::worker_pipeline::190.406*3.48] mapped 332492 sequences
[M::worker_pipeline::191.022*3.48] mapped 332386 sequences
[M::worker_pipeline::191.597*3.48] mapped 332458 sequences
[M::worker_pipeline::192.200*3.49] mapped 332472 sequences
[M::worker_pipeline::192.791*3.49] mapped 332476 sequences
[M::worker_pipeline::193.382*3.49] mapped 332404 sequences
[M::worker_pipeline::194.006*3.49] mapped 332436 sequences
[M::worker_pipeline::194.587*3.49] mapped 332368 sequences
[M::worker_pipeline::195.186*3.49] mapped 332408 sequences
[M::worker_pipeline::195.778*3.49] mapped 332384 sequences
[M::worker_pipeline::196.392*3.49] mapped 332422 sequences
[M::worker_pipeline::196.953*3.49] mapped 332406 sequences
[M::worker_pipeline::197.552*3.49] mapped 332480 sequences
[M::worker_pipeline::198.177*3.49] mapped 332436 sequences
[M::worker_pipeline::198.754*3.50] mapped 332478 sequences
[M::worker_pipeline::199.358*3.50] mapped 332520 sequences
[M::worker_pipeline::199.966*3.50] mapped 332506 sequences
[M::worker_pipeline::200.593*3.50] mapped 332394 sequences
[M::worker_pipeline::201.134*3.50] mapped 332472 sequences
[M::worker_pipeline::201.728*3.50] mapped 332472 sequences
[M::worker_pipeline::202.349*3.50] mapped 332498 sequences
[M::worker_pipeline::202.961*3.50] mapped 332508 sequences
[M::worker_pipeline::203.540*3.50] mapped 332420 sequences
[M::worker_pipeline::204.177*3.50] mapped 332618 sequences
[M::worker_pipeline::204.761*3.50] mapped 332718 sequences
[M::worker_pipeline::205.336*3.50] mapped 332628 sequences
[M::worker_pipeline::205.930*3.50] mapped 332526 sequences
[M::worker_pipeline::206.535*3.51] mapped 332542 sequences
[M::worker_pipeline::213.603*3.42] mapped 332560 sequences
[M::worker_pipeline::213.780*3.42] mapped 332520 sequences
[M::worker_pipeline::213.961*3.42] mapped 332546 sequences
[M::worker_pipeline::214.543*3.42] mapped 332578 sequences
[M::worker_pipeline::215.210*3.42] mapped 332494 sequences
[M::worker_pipeline::215.793*3.42] mapped 332428 sequences
[M::worker_pipeline::216.424*3.42] mapped 332402 sequences
[M::worker_pipeline::217.120*3.42] mapped 332366 sequences
[M::worker_pipeline::217.843*3.42] mapped 332406 sequences
[M::worker_pipeline::218.627*3.42] mapped 332388 sequences
[M::worker_pipeline::219.413*3.41] mapped 332426 sequences
[M::worker_pipeline::220.249*3.41] mapped 332342 sequences
[M::worker_pipeline::221.040*3.41] mapped 332396 sequences
[M::worker_pipeline::221.722*3.41] mapped 332384 sequences
[M::worker_pipeline::222.325*3.41] mapped 332342 sequences
[M::worker_pipeline::222.899*3.41] mapped 332362 sequences
[M::worker_pipeline::223.526*3.41] mapped 332408 sequences
[M::worker_pipeline::224.164*3.41] mapped 332412 sequences
[M::worker_pipeline::224.741*3.41] mapped 332522 sequences
[M::worker_pipeline::225.411*3.41] mapped 332570 sequences
[M::worker_pipeline::226.001*3.42] mapped 332490 sequences
[M::worker_pipeline::226.580*3.42] mapped 332548 sequences
[M::worker_pipeline::227.202*3.42] mapped 332504 sequences
[M::worker_pipeline::227.812*3.42] mapped 332484 sequences
[M::worker_pipeline::228.412*3.42] mapped 332414 sequences
[M::worker_pipeline::228.998*3.42] mapped 332512 sequences
[M::worker_pipeline::229.621*3.42] mapped 332424 sequences
[M::worker_pipeline::230.224*3.42] mapped 332526 sequences
[M::worker_pipeline::230.807*3.42] mapped 332474 sequences
[M::worker_pipeline::231.421*3.42] mapped 332476 sequences
[M::worker_pipeline::232.018*3.42] mapped 332542 sequences
[M::worker_pipeline::232.609*3.43] mapped 332518 sequences
[M::worker_pipeline::233.227*3.43] mapped 332428 sequences
[M::worker_pipeline::233.823*3.43] mapped 332382 sequences
[M::worker_pipeline::234.414*3.43] mapped 332452 sequences
[M::worker_pipeline::235.036*3.43] mapped 332318 sequences
[M::worker_pipeline::235.669*3.43] mapped 332562 sequences
[M::worker_pipeline::236.285*3.43] mapped 332422 sequences
[M::worker_pipeline::236.874*3.43] mapped 332338 sequences
[M::worker_pipeline::237.469*3.43] mapped 332376 sequences
[M::worker_pipeline::238.077*3.43] mapped 332456 sequences
[M::worker_pipeline::238.704*3.43] mapped 332378 sequences
[M::worker_pipeline::239.295*3.44] mapped 332344 sequences
[M::worker_pipeline::239.900*3.44] mapped 332342 sequences
[M::worker_pipeline::240.511*3.44] mapped 332432 sequences
[M::worker_pipeline::241.095*3.44] mapped 332456 sequences
[M::worker_pipeline::241.720*3.44] mapped 332432 sequences
[M::worker_pipeline::242.249*3.44] mapped 332476 sequences
[M::worker_pipeline::242.873*3.44] mapped 332352 sequences
[M::worker_pipeline::243.453*3.44] mapped 332322 sequences
[M::worker_pipeline::244.050*3.44] mapped 332318 sequences
[M::worker_pipeline::244.675*3.44] mapped 332308 sequences
[M::worker_pipeline::245.265*3.44] mapped 332270 sequences
[M::worker_pipeline::245.887*3.45] mapped 332294 sequences
[M::worker_pipeline::246.468*3.45] mapped 332282 sequences
[M::worker_pipeline::247.098*3.45] mapped 332232 sequences
[M::worker_pipeline::247.680*3.45] mapped 332254 sequences
[M::worker_pipeline::248.292*3.45] mapped 332458 sequences
[M::worker_pipeline::248.878*3.45] mapped 332392 sequences
[M::worker_pipeline::249.476*3.45] mapped 332298 sequences
[M::worker_pipeline::250.062*3.45] mapped 332338 sequences
[M::worker_pipeline::250.622*3.45] mapped 332292 sequences
[M::worker_pipeline::251.254*3.45] mapped 332220 sequences
[M::worker_pipeline::251.850*3.45] mapped 332248 sequences
[M::worker_pipeline::252.430*3.45] mapped 332288 sequences
[M::worker_pipeline::253.026*3.45] mapped 332390 sequences
[M::worker_pipeline::253.632*3.46] mapped 332318 sequences
[M::worker_pipeline::254.202*3.46] mapped 332382 sequences
[M::worker_pipeline::254.806*3.46] mapped 332366 sequences
[M::worker_pipeline::255.405*3.46] mapped 332360 sequences
[M::worker_pipeline::256.005*3.46] mapped 332330 sequences
[M::worker_pipeline::256.621*3.46] mapped 332410 sequences
[M::worker_pipeline::257.211*3.46] mapped 332464 sequences
[M::worker_pipeline::257.791*3.46] mapped 332502 sequences
[M::worker_pipeline::258.415*3.46] mapped 332634 sequences
[M::worker_pipeline::259.022*3.46] mapped 332544 sequences
[M::worker_pipeline::259.599*3.46] mapped 332400 sequences
[M::worker_pipeline::260.200*3.46] mapped 332362 sequences
[M::worker_pipeline::260.766*3.46] mapped 332422 sequences
[M::worker_pipeline::261.422*3.46] mapped 332408 sequences
[M::worker_pipeline::262.059*3.46] mapped 332396 sequences
[M::worker_pipeline::262.609*3.47] mapped 332284 sequences
[M::worker_pipeline::263.216*3.47] mapped 332274 sequences
[M::worker_pipeline::263.799*3.47] mapped 332300 sequences
[M::worker_pipeline::264.430*3.47] mapped 332292 sequences
[M::worker_pipeline::265.018*3.47] mapped 332272 sequences
[M::worker_pipeline::265.619*3.47] mapped 332262 sequences
[M::worker_pipeline::266.217*3.47] mapped 332246 sequences
[M::worker_pipeline::266.794*3.47] mapped 332242 sequences
[M::worker_pipeline::267.404*3.47] mapped 332270 sequences
[M::worker_pipeline::268.036*3.47] mapped 332208 sequences
[M::worker_pipeline::268.670*3.47] mapped 332234 sequences
[M::worker_pipeline::269.286*3.47] mapped 332290 sequences
[M::worker_pipeline::269.903*3.47] mapped 332226 sequences
[M::worker_pipeline::270.526*3.48] mapped 332366 sequences
[M::worker_pipeline::271.130*3.48] mapped 332264 sequences
[M::worker_pipeline::271.753*3.48] mapped 332324 sequences
[M::worker_pipeline::272.364*3.48] mapped 332318 sequences
[M::worker_pipeline::272.993*3.48] mapped 332278 sequences
[M::worker_pipeline::273.619*3.48] mapped 332322 sequences
[M::worker_pipeline::274.191*3.48] mapped 332286 sequences
[M::worker_pipeline::274.830*3.48] mapped 332234 sequences
[M::worker_pipeline::275.427*3.48] mapped 332266 sequences
[M::worker_pipeline::275.993*3.48] mapped 332256 sequences
[M::worker_pipeline::276.611*3.48] mapped 332286 sequences
[M::worker_pipeline::277.325*3.48] mapped 332286 sequences
[M::worker_pipeline::282.099*3.45] mapped 332258 sequences
[M::worker_pipeline::282.282*3.44] mapped 332292 sequences
[M::worker_pipeline::282.474*3.44] mapped 332248 sequences
[M::worker_pipeline::282.977*3.45] mapped 332210 sequences
[M::worker_pipeline::283.563*3.45] mapped 332280 sequences
[M::worker_pipeline::284.144*3.45] mapped 332356 sequences
[M::worker_pipeline::284.711*3.45] mapped 332384 sequences
[M::worker_pipeline::285.309*3.45] mapped 332246 sequences
[M::worker_pipeline::285.909*3.45] mapped 332260 sequences
[M::worker_pipeline::286.546*3.45] mapped 332196 sequences
[M::worker_pipeline::287.128*3.45] mapped 332262 sequences
[M::worker_pipeline::287.733*3.45] mapped 332432 sequences
[M::worker_pipeline::288.354*3.45] mapped 332344 sequences
[M::worker_pipeline::289.155*3.45] mapped 332280 sequences
[M::worker_pipeline::289.941*3.45] mapped 332234 sequences
[M::worker_pipeline::290.767*3.45] mapped 332248 sequences
[M::worker_pipeline::291.568*3.45] mapped 332282 sequences
[M::worker_pipeline::292.353*3.44] mapped 332272 sequences
[M::worker_pipeline::293.101*3.44] mapped 332286 sequences
[M::worker_pipeline::293.696*3.44] mapped 332238 sequences
[M::worker_pipeline::294.296*3.45] mapped 332228 sequences
[M::worker_pipeline::294.916*3.45] mapped 332272 sequences
[M::worker_pipeline::295.499*3.45] mapped 332238 sequences
[M::worker_pipeline::296.085*3.45] mapped 332224 sequences
[M::worker_pipeline::296.674*3.45] mapped 332228 sequences
[M::worker_pipeline::297.272*3.45] mapped 332216 sequences
[M::worker_pipeline::297.898*3.45] mapped 332244 sequences
[M::worker_pipeline::298.502*3.45] mapped 332290 sequences
[M::worker_pipeline::299.099*3.45] mapped 332390 sequences
[M::worker_pipeline::299.689*3.45] mapped 332230 sequences
[M::worker_pipeline::300.283*3.45] mapped 332194 sequences
[M::worker_pipeline::300.918*3.45] mapped 332220 sequences
[M::worker_pipeline::301.523*3.45] mapped 332250 sequences
[M::worker_pipeline::302.153*3.45] mapped 332352 sequences
[M::worker_pipeline::302.748*3.45] mapped 332368 sequences
[M::worker_pipeline::303.347*3.45] mapped 332394 sequences
[M::worker_pipeline::303.991*3.45] mapped 332400 sequences
[M::worker_pipeline::304.566*3.46] mapped 332432 sequences
[M::worker_pipeline::305.192*3.46] mapped 332400 sequences
[M::worker_pipeline::305.795*3.46] mapped 332546 sequences
[M::worker_pipeline::306.407*3.46] mapped 332338 sequences
[M::worker_pipeline::307.063*3.46] mapped 332436 sequences
[M::worker_pipeline::307.669*3.46] mapped 332474 sequences
[M::worker_pipeline::308.248*3.46] mapped 332532 sequences
[M::worker_pipeline::308.867*3.46] mapped 332572 sequences
[M::worker_pipeline::309.517*3.46] mapped 332564 sequences
[M::worker_pipeline::310.110*3.46] mapped 332528 sequences
[M::worker_pipeline::310.716*3.46] mapped 332522 sequences
[M::worker_pipeline::311.324*3.46] mapped 332524 sequences
[M::worker_pipeline::311.914*3.46] mapped 332480 sequences
[M::worker_pipeline::312.537*3.46] mapped 332376 sequences
[M::worker_pipeline::313.160*3.46] mapped 332400 sequences
[M::worker_pipeline::313.789*3.46] mapped 332414 sequences
[M::worker_pipeline::314.417*3.46] mapped 332342 sequences
[M::worker_pipeline::315.028*3.46] mapped 332324 sequences
[M::worker_pipeline::315.610*3.46] mapped 332396 sequences
[M::worker_pipeline::316.210*3.47] mapped 332336 sequences
[M::worker_pipeline::316.834*3.47] mapped 332286 sequences
[M::worker_pipeline::317.420*3.47] mapped 332300 sequences
[M::worker_pipeline::318.009*3.47] mapped 332256 sequences
[M::worker_pipeline::318.625*3.47] mapped 332360 sequences
[M::worker_pipeline::319.228*3.47] mapped 332256 sequences
[M::worker_pipeline::319.816*3.47] mapped 332272 sequences
[M::worker_pipeline::320.420*3.47] mapped 332266 sequences
[M::worker_pipeline::321.035*3.47] mapped 332284 sequences
[M::worker_pipeline::321.629*3.47] mapped 332294 sequences
[M::worker_pipeline::322.258*3.47] mapped 332302 sequences
[M::worker_pipeline::322.852*3.47] mapped 332374 sequences
[M::worker_pipeline::323.465*3.47] mapped 332330 sequences
[M::worker_pipeline::324.105*3.47] mapped 332360 sequences
[M::worker_pipeline::324.719*3.47] mapped 332336 sequences
[M::worker_pipeline::325.319*3.47] mapped 332550 sequences
[M::worker_pipeline::325.931*3.47] mapped 332408 sequences
[M::worker_pipeline::326.565*3.47] mapped 332314 sequences
[M::worker_pipeline::327.165*3.48] mapped 332328 sequences
[M::worker_pipeline::327.758*3.48] mapped 332292 sequences
[M::worker_pipeline::328.411*3.48] mapped 332374 sequences
[M::worker_pipeline::329.008*3.48] mapped 332296 sequences
[M::worker_pipeline::329.608*3.48] mapped 332368 sequences
[M::worker_pipeline::330.245*3.48] mapped 332330 sequences
[M::worker_pipeline::330.836*3.48] mapped 332300 sequences
[M::worker_pipeline::331.446*3.48] mapped 332358 sequences
[M::worker_pipeline::332.040*3.48] mapped 332232 sequences
[M::worker_pipeline::332.672*3.48] mapped 332356 sequences
[M::worker_pipeline::333.279*3.48] mapped 332360 sequences
[M::worker_pipeline::333.849*3.48] mapped 332246 sequences
[M::worker_pipeline::334.481*3.48] mapped 332278 sequences
[M::worker_pipeline::335.085*3.48] mapped 332286 sequences
[M::worker_pipeline::335.653*3.48] mapped 332230 sequences
[M::worker_pipeline::336.315*3.48] mapped 332828 sequences
[M::worker_pipeline::336.921*3.48] mapped 332276 sequences
[M::worker_pipeline::337.513*3.48] mapped 332262 sequences
[M::worker_pipeline::338.108*3.48] mapped 332298 sequences
[M::worker_pipeline::338.698*3.48] mapped 332306 sequences
[M::worker_pipeline::339.298*3.48] mapped 332328 sequences
[M::worker_pipeline::339.883*3.49] mapped 332196 sequences
[M::worker_pipeline::340.468*3.49] mapped 332212 sequences
[M::worker_pipeline::341.063*3.49] mapped 332196 sequences
[M::worker_pipeline::341.731*3.49] mapped 332152 sequences
[M::worker_pipeline::342.358*3.49] mapped 332150 sequences
[M::worker_pipeline::342.936*3.49] mapped 332184 sequences
[M::worker_pipeline::343.541*3.49] mapped 332188 sequences
[M::worker_pipeline::344.142*3.49] mapped 332206 sequences
[M::worker_pipeline::344.737*3.49] mapped 332254 sequences
[M::worker_pipeline::345.319*3.49] mapped 332512 sequences
[M::worker_pipeline::351.086*3.45] mapped 332082 sequences
[M::worker_pipeline::351.263*3.45] mapped 332070 sequences
[M::worker_pipeline::351.427*3.45] mapped 332136 sequences
[M::worker_pipeline::351.977*3.45] mapped 332152 sequences
[M::worker_pipeline::352.563*3.45] mapped 332136 sequences
[M::worker_pipeline::353.141*3.45] mapped 332138 sequences
[M::worker_pipeline::353.726*3.45] mapped 332284 sequences
[M::worker_pipeline::354.332*3.45] mapped 332184 sequences
[M::worker_pipeline::354.934*3.45] mapped 332210 sequences
[M::worker_pipeline::355.549*3.45] mapped 332256 sequences
[M::worker_pipeline::356.169*3.45] mapped 332242 sequences
[M::worker_pipeline::356.738*3.46] mapped 332156 sequences
[M::worker_pipeline::357.317*3.46] mapped 332282 sequences
[M::worker_pipeline::357.931*3.46] mapped 332206 sequences
[M::worker_pipeline::358.508*3.46] mapped 332210 sequences
[M::worker_pipeline::359.119*3.46] mapped 332190 sequences
[M::worker_pipeline::359.708*3.46] mapped 332314 sequences
[M::worker_pipeline::360.331*3.46] mapped 332312 sequences
[M::worker_pipeline::361.042*3.46] mapped 332382 sequences
[M::worker_pipeline::361.717*3.46] mapped 332880 sequences
[M::worker_pipeline::362.323*3.46] mapped 332784 sequences
[M::worker_pipeline::362.896*3.46] mapped 332806 sequences
[M::worker_pipeline::363.493*3.46] mapped 332770 sequences
[M::worker_pipeline::364.127*3.46] mapped 332626 sequences
[M::worker_pipeline::364.725*3.46] mapped 332706 sequences
[M::worker_pipeline::365.315*3.46] mapped 332582 sequences
[M::worker_pipeline::365.907*3.46] mapped 332588 sequences
[M::worker_pipeline::366.565*3.46] mapped 332614 sequences
[M::worker_pipeline::367.126*3.46] mapped 332698 sequences
[M::worker_pipeline::367.784*3.46] mapped 332598 sequences
[M::worker_pipeline::368.512*3.46] mapped 332548 sequences
[M::worker_pipeline::369.163*3.46] mapped 332542 sequences
[M::worker_pipeline::369.846*3.46] mapped 332532 sequences
[M::worker_pipeline::370.443*3.46] mapped 332534 sequences
[M::worker_pipeline::371.038*3.46] mapped 332570 sequences
[M::worker_pipeline::371.652*3.46] mapped 332446 sequences
[M::worker_pipeline::372.254*3.46] mapped 332478 sequences
[M::worker_pipeline::372.849*3.47] mapped 332508 sequences
[M::worker_pipeline::373.473*3.47] mapped 332518 sequences
[M::worker_pipeline::374.085*3.47] mapped 332516 sequences
[M::worker_pipeline::374.692*3.47] mapped 332604 sequences
[M::worker_pipeline::375.297*3.47] mapped 332596 sequences
[M::worker_pipeline::375.909*3.47] mapped 332566 sequences
[M::worker_pipeline::376.524*3.47] mapped 332488 sequences
[M::worker_pipeline::377.140*3.47] mapped 332512 sequences
[M::worker_pipeline::377.748*3.47] mapped 332512 sequences
[M::worker_pipeline::378.358*3.47] mapped 332486 sequences
[M::worker_pipeline::378.918*3.47] mapped 332446 sequences
[M::worker_pipeline::379.569*3.47] mapped 332514 sequences
[M::worker_pipeline::380.168*3.47] mapped 332478 sequences
[M::worker_pipeline::380.749*3.47] mapped 332508 sequences
[M::worker_pipeline::381.355*3.47] mapped 332480 sequences
[M::worker_pipeline::381.948*3.47] mapped 332426 sequences
[M::worker_pipeline::382.566*3.47] mapped 332558 sequences
[M::worker_pipeline::383.149*3.47] mapped 332548 sequences
[M::worker_pipeline::383.765*3.47] mapped 332588 sequences
[M::worker_pipeline::384.361*3.47] mapped 332446 sequences
[M::worker_pipeline::384.967*3.47] mapped 332430 sequences
[M::worker_pipeline::385.566*3.48] mapped 332406 sequences
[M::worker_pipeline::386.161*3.48] mapped 332510 sequences
[M::worker_pipeline::386.714*3.48] mapped 332548 sequences
[M::worker_pipeline::387.331*3.48] mapped 332602 sequences
[M::worker_pipeline::387.938*3.48] mapped 332596 sequences
[M::worker_pipeline::388.530*3.48] mapped 332490 sequences
[M::worker_pipeline::389.113*3.48] mapped 332546 sequences
[M::worker_pipeline::389.720*3.48] mapped 332446 sequences
[M::worker_pipeline::390.302*3.48] mapped 332494 sequences
[M::worker_pipeline::390.935*3.48] mapped 332582 sequences
[M::worker_pipeline::391.522*3.48] mapped 332560 sequences
[M::worker_pipeline::392.102*3.48] mapped 332490 sequences
[M::worker_pipeline::392.700*3.48] mapped 332410 sequences
[M::worker_pipeline::393.342*3.48] mapped 332474 sequences
[M::worker_pipeline::393.935*3.48] mapped 332424 sequences
[M::worker_pipeline::394.503*3.48] mapped 332406 sequences
[M::worker_pipeline::395.132*3.48] mapped 332402 sequences
[M::worker_pipeline::395.677*3.48] mapped 332364 sequences
[M::worker_pipeline::396.253*3.48] mapped 332472 sequences
[M::worker_pipeline::396.892*3.48] mapped 332392 sequences
[M::worker_pipeline::397.503*3.49] mapped 332370 sequences
[M::worker_pipeline::398.117*3.49] mapped 332302 sequences
[M::worker_pipeline::398.689*3.49] mapped 332414 sequences
[M::worker_pipeline::399.302*3.49] mapped 332372 sequences
[M::worker_pipeline::399.938*3.49] mapped 332400 sequences
[M::worker_pipeline::400.524*3.49] mapped 332584 sequences
[M::worker_pipeline::401.108*3.49] mapped 332672 sequences
[M::worker_pipeline::401.701*3.49] mapped 332586 sequences
[M::worker_pipeline::402.337*3.49] mapped 332562 sequences
[M::worker_pipeline::402.941*3.49] mapped 332550 sequences
[M::worker_pipeline::403.538*3.49] mapped 332680 sequences
[M::worker_pipeline::404.161*3.49] mapped 332636 sequences
[M::worker_pipeline::404.778*3.49] mapped 332526 sequences
[M::worker_pipeline::405.379*3.49] mapped 332634 sequences
[M::worker_pipeline::405.961*3.49] mapped 332728 sequences
[M::worker_pipeline::406.599*3.49] mapped 332748 sequences
[M::worker_pipeline::407.187*3.49] mapped 332648 sequences
[M::worker_pipeline::407.801*3.49] mapped 332804 sequences
[M::worker_pipeline::407.880*3.49] mapped 134150 sequences
[M::main] Version: 2.22-r1101
[M::main] CMD: minimap2 --secondary=no -t 16 -R @RG\tID:snippy\tSM:snippy -ax sr /work/FAC/FBM/DMF/smitri/evomicrocomm/genome_size/data/ms/reference.fasta /work/FAC/FBM/DMF/smitri/evomicrocomm/genome_size/data/T11.4.2/read1.fq.gz /work/FAC/FBM/DMF/smitri/evomicrocomm/genome_size/data/T11.4.2/read2.fq.gz
[M::main] Real time: 407.895 sec; CPU: 1424.902 sec; Peak RSS: 0.494 GB
[bam_sort_core] merging from 80 files and 16 in-memory blocks...
[Sun Oct 17 22:42:38 2021]
Finished job 0.
1 of 1 steps (100%) done
