Building DAG of jobs...
Using shell: /usr/bin/bash
Provided cores: 16
Rules claiming more threads will be scaled down.
Select jobs to execute...

[Fri Oct 15 16:08:12 2021]
rule mapping:
    input: /work/FAC/FBM/DMF/smitri/evomicrocomm/genome_size/data/at/reference.fasta, /work/FAC/FBM/DMF/smitri/evomicrocomm/genome_size/data/T44.4.2/read1.fq.gz, /work/FAC/FBM/DMF/smitri/evomicrocomm/genome_size/data/T44.4.2/read2.fq.gz
    output: /work/FAC/FBM/DMF/smitri/evomicrocomm/genome_size/data/T44.4.2/at/mapped_reads.sorted.bam
    jobid: 0
    wildcards: sample=T44.4.2, strain=at
    threads: 16
    resources: mem_mb=22985, disk_mb=22985, tmpdir=/tmp/2811863

[M::mm_idx_gen::0.137*0.87] collected minimizers
[M::mm_idx_gen::0.156*1.74] sorted minimizers
[M::main::0.157*1.74] loaded/built the index for 5 target sequence(s)
[M::mm_mapopt_update::0.157*1.74] mid_occ = 1000
[M::mm_idx_stat] kmer size: 21; skip: 11; is_hpc: 0; #seq: 5
[M::mm_idx_stat::0.168*1.69] distinct minimizers: 875577 (98.87% are singletons); average occurrences: 1.019; average spacing: 5.996; total length: 5348547
[M::worker_pipeline::1.586*4.46] mapped 332838 sequences
[M::worker_pipeline::2.321*5.67] mapped 332800 sequences
[M::worker_pipeline::3.130*6.41] mapped 332760 sequences
[M::worker_pipeline::3.826*6.72] mapped 332568 sequences
[M::worker_pipeline::4.708*7.07] mapped 332556 sequences
[M::worker_pipeline::5.358*7.23] mapped 332564 sequences
[M::worker_pipeline::6.318*7.77] mapped 332506 sequences
[M::worker_pipeline::7.209*7.99] mapped 332468 sequences
[M::worker_pipeline::7.955*8.09] mapped 332422 sequences
[M::worker_pipeline::9.001*8.41] mapped 332348 sequences
[M::worker_pipeline::9.391*8.14] mapped 332346 sequences
[M::worker_pipeline::10.077*8.20] mapped 332370 sequences
[M::worker_pipeline::10.794*8.26] mapped 332296 sequences
[M::worker_pipeline::11.532*8.29] mapped 332314 sequences
[M::worker_pipeline::12.191*8.34] mapped 332268 sequences
[M::worker_pipeline::12.935*8.39] mapped 332328 sequences
[M::worker_pipeline::13.776*8.51] mapped 332438 sequences
[M::worker_pipeline::14.408*8.40] mapped 332356 sequences
[M::worker_pipeline::15.179*8.41] mapped 332368 sequences
[M::worker_pipeline::15.927*8.39] mapped 332340 sequences
[M::worker_pipeline::17.031*8.53] mapped 332370 sequences
[M::worker_pipeline::17.475*8.36] mapped 332306 sequences
[M::worker_pipeline::18.261*8.35] mapped 332306 sequences
[M::worker_pipeline::18.889*8.39] mapped 332278 sequences
[M::worker_pipeline::19.537*8.44] mapped 332228 sequences
[M::worker_pipeline::20.331*8.45] mapped 332312 sequences
[M::worker_pipeline::21.028*8.46] mapped 332248 sequences
[M::worker_pipeline::21.680*8.48] mapped 332254 sequences
[M::worker_pipeline::22.407*8.48] mapped 332228 sequences
[M::worker_pipeline::23.193*8.49] mapped 332300 sequences
[M::worker_pipeline::23.817*8.51] mapped 332334 sequences
[M::worker_pipeline::24.798*8.61] mapped 332350 sequences
[M::worker_pipeline::25.283*8.54] mapped 332238 sequences
[M::worker_pipeline::25.998*8.54] mapped 332188 sequences
[M::worker_pipeline::26.683*8.55] mapped 332218 sequences
[M::worker_pipeline::27.431*8.54] mapped 332174 sequences
[M::worker_pipeline::28.153*8.54] mapped 332108 sequences
[M::worker_pipeline::29.233*8.63] mapped 332122 sequences
[M::worker_pipeline::29.567*8.55] mapped 332108 sequences
[M::worker_pipeline::30.306*8.56] mapped 332082 sequences
[M::worker_pipeline::31.051*8.57] mapped 332136 sequences
[M::worker_pipeline::31.813*8.56] mapped 332072 sequences
[M::worker_pipeline::32.557*8.56] mapped 332096 sequences
[M::worker_pipeline::33.588*8.62] mapped 332114 sequences
[M::worker_pipeline::33.965*8.55] mapped 332048 sequences
[M::worker_pipeline::34.675*8.55] mapped 332036 sequences
[M::worker_pipeline::35.297*8.57] mapped 332028 sequences
[M::worker_pipeline::36.037*8.57] mapped 332018 sequences
[M::worker_pipeline::36.735*8.58] mapped 332058 sequences
[M::worker_pipeline::37.408*8.60] mapped 332050 sequences
[M::worker_pipeline::38.119*8.60] mapped 332018 sequences
[M::worker_pipeline::38.846*8.59] mapped 332014 sequences
[M::worker_pipeline::39.564*8.59] mapped 332004 sequences
[M::worker_pipeline::40.348*8.60] mapped 332036 sequences
[M::worker_pipeline::41.010*8.59] mapped 332014 sequences
[M::worker_pipeline::41.677*8.59] mapped 332014 sequences
[M::worker_pipeline::42.466*8.59] mapped 332050 sequences
[M::worker_pipeline::43.270*8.60] mapped 332054 sequences
[M::worker_pipeline::43.841*8.60] mapped 331998 sequences
[M::worker_pipeline::44.622*8.59] mapped 332022 sequences
[M::worker_pipeline::45.480*8.64] mapped 332126 sequences
[M::worker_pipeline::45.973*8.60] mapped 332068 sequences
[M::worker_pipeline::46.819*8.60] mapped 332030 sequences
[M::worker_pipeline::47.456*8.60] mapped 332076 sequences
[M::worker_pipeline::48.159*8.60] mapped 332130 sequences
[M::worker_pipeline::48.809*8.61] mapped 332024 sequences
[M::worker_pipeline::49.499*8.61] mapped 332084 sequences
[M::worker_pipeline::50.221*8.61] mapped 332146 sequences
[M::worker_pipeline::50.892*8.62] mapped 332206 sequences
[M::worker_pipeline::51.558*8.62] mapped 332536 sequences
[M::worker_pipeline::52.221*8.63] mapped 332744 sequences
[M::worker_pipeline::52.951*8.64] mapped 332690 sequences
[M::worker_pipeline::53.669*8.64] mapped 332572 sequences
[M::worker_pipeline::54.336*8.64] mapped 332500 sequences
[M::worker_pipeline::55.053*8.64] mapped 332448 sequences
[M::worker_pipeline::55.436*8.60] mapped 332390 sequences
[M::worker_pipeline::56.574*8.64] mapped 332374 sequences
[M::worker_pipeline::57.224*8.65] mapped 332418 sequences
[M::worker_pipeline::58.005*8.64] mapped 332304 sequences
[M::worker_pipeline::58.753*8.64] mapped 332264 sequences
[M::worker_pipeline::59.461*8.65] mapped 332332 sequences
[M::worker_pipeline::60.513*8.66] mapped 332276 sequences
[M::worker_pipeline::61.013*8.63] mapped 332258 sequences
[M::worker_pipeline::61.772*8.63] mapped 332434 sequences
[M::worker_pipeline::62.439*8.64] mapped 332390 sequences
[M::worker_pipeline::63.144*8.65] mapped 332336 sequences
[M::worker_pipeline::63.866*8.65] mapped 332334 sequences
[M::worker_pipeline::64.991*8.68] mapped 332318 sequences
[M::worker_pipeline::65.372*8.64] mapped 332290 sequences
[M::worker_pipeline::66.095*8.64] mapped 332262 sequences
[M::worker_pipeline::66.910*8.63] mapped 332208 sequences
[M::worker_pipeline::67.657*8.62] mapped 332212 sequences
[M::worker_pipeline::68.373*8.62] mapped 332186 sequences
[M::worker_pipeline::69.113*8.62] mapped 332146 sequences
[M::worker_pipeline::69.840*8.61] mapped 332274 sequences
[M::worker_pipeline::75.666*8.10] mapped 332206 sequences
[M::worker_pipeline::76.052*8.07] mapped 332174 sequences
[M::worker_pipeline::76.753*8.08] mapped 332196 sequences
[M::worker_pipeline::77.429*8.09] mapped 332158 sequences
[M::worker_pipeline::78.140*8.09] mapped 332134 sequences
[M::worker_pipeline::78.833*8.10] mapped 332180 sequences
[M::worker_pipeline::79.524*8.10] mapped 332186 sequences
[M::worker_pipeline::80.293*8.10] mapped 332174 sequences
[M::worker_pipeline::80.990*8.11] mapped 332124 sequences
[M::worker_pipeline::81.486*8.11] mapped 332096 sequences
[M::worker_pipeline::82.462*8.11] mapped 332106 sequences
[M::worker_pipeline::83.188*8.12] mapped 332114 sequences
[M::worker_pipeline::84.285*8.15] mapped 332098 sequences
[M::worker_pipeline::84.665*8.12] mapped 332112 sequences
[M::worker_pipeline::85.395*8.13] mapped 332130 sequences
[M::worker_pipeline::86.484*8.17] mapped 332122 sequences
[M::worker_pipeline::86.860*8.14] mapped 332150 sequences
[M::worker_pipeline::87.571*8.14] mapped 332034 sequences
[M::worker_pipeline::88.224*8.15] mapped 332092 sequences
[M::worker_pipeline::89.235*8.18] mapped 332096 sequences
[M::worker_pipeline::89.733*8.16] mapped 332110 sequences
[M::worker_pipeline::90.639*8.18] mapped 332072 sequences
[M::worker_pipeline::91.169*8.17] mapped 332090 sequences
[M::worker_pipeline::92.280*8.20] mapped 332090 sequences
[M::worker_pipeline::92.623*8.18] mapped 332048 sequences
[M::worker_pipeline::93.426*8.18] mapped 332082 sequences
[M::worker_pipeline::94.091*8.18] mapped 332066 sequences
[M::worker_pipeline::94.732*8.19] mapped 332052 sequences
[M::worker_pipeline::95.357*8.20] mapped 332078 sequences
[M::worker_pipeline::96.026*8.21] mapped 332040 sequences
[M::worker_pipeline::96.762*8.21] mapped 332008 sequences
[M::worker_pipeline::97.497*8.21] mapped 332020 sequences
[M::worker_pipeline::98.237*8.21] mapped 332050 sequences
[M::worker_pipeline::99.297*8.25] mapped 332066 sequences
[M::worker_pipeline::99.676*8.22] mapped 332052 sequences
[M::worker_pipeline::100.407*8.22] mapped 332124 sequences
[M::worker_pipeline::101.044*8.23] mapped 332154 sequences
[M::worker_pipeline::101.743*8.24] mapped 332148 sequences
[M::worker_pipeline::102.470*8.24] mapped 332236 sequences
[M::worker_pipeline::103.379*8.26] mapped 332196 sequences
[M::worker_pipeline::103.871*8.25] mapped 332130 sequences
[M::worker_pipeline::104.606*8.25] mapped 332264 sequences
[M::worker_pipeline::105.513*8.26] mapped 332238 sequences
[M::worker_pipeline::106.055*8.25] mapped 332602 sequences
[M::worker_pipeline::106.786*8.26] mapped 332782 sequences
[M::worker_pipeline::107.544*8.27] mapped 332638 sequences
[M::worker_pipeline::108.242*8.26] mapped 332606 sequences
[M::worker_pipeline::109.152*8.27] mapped 332502 sequences
[M::worker_pipeline::109.719*8.26] mapped 332554 sequences
[M::worker_pipeline::110.836*8.28] mapped 332478 sequences
[M::worker_pipeline::111.249*8.26] mapped 332464 sequences
[M::worker_pipeline::111.982*8.26] mapped 332466 sequences
[M::worker_pipeline::112.709*8.26] mapped 332356 sequences
[M::worker_pipeline::113.457*8.26] mapped 332310 sequences
[M::worker_pipeline::114.517*8.28] mapped 332344 sequences
[M::worker_pipeline::114.881*8.26] mapped 332352 sequences
[M::worker_pipeline::115.659*8.26] mapped 332330 sequences
[M::worker_pipeline::116.395*8.26] mapped 332414 sequences
[M::worker_pipeline::117.424*8.29] mapped 332450 sequences
[M::worker_pipeline::117.827*8.27] mapped 332544 sequences
[M::worker_pipeline::118.484*8.27] mapped 332586 sequences
[M::worker_pipeline::119.233*8.28] mapped 332630 sequences
[M::worker_pipeline::119.916*8.28] mapped 332890 sequences
[M::worker_pipeline::120.615*8.28] mapped 332506 sequences
[M::worker_pipeline::121.382*8.28] mapped 332520 sequences
[M::worker_pipeline::122.058*8.29] mapped 332450 sequences
[M::worker_pipeline::123.166*8.30] mapped 332434 sequences
[M::worker_pipeline::123.523*8.29] mapped 332460 sequences
[M::worker_pipeline::124.242*8.29] mapped 332388 sequences
[M::worker_pipeline::124.979*8.29] mapped 332312 sequences
[M::worker_pipeline::125.716*8.29] mapped 332236 sequences
[M::worker_pipeline::126.782*8.31] mapped 332204 sequences
[M::worker_pipeline::127.141*8.30] mapped 332152 sequences
[M::worker_pipeline::127.866*8.30] mapped 332884 sequences
[M::worker_pipeline::128.598*8.30] mapped 332288 sequences
[M::worker_pipeline::129.294*8.30] mapped 332188 sequences
[M::worker_pipeline::130.076*8.31] mapped 332194 sequences
[M::worker_pipeline::130.693*8.31] mapped 332194 sequences
[M::worker_pipeline::131.784*8.32] mapped 332188 sequences
[M::worker_pipeline::132.159*8.31] mapped 332200 sequences
[M::worker_pipeline::132.815*8.31] mapped 332222 sequences
[M::worker_pipeline::133.546*8.32] mapped 332112 sequences
[M::worker_pipeline::134.349*8.32] mapped 332152 sequences
[M::worker_pipeline::135.026*8.32] mapped 332156 sequences
[M::worker_pipeline::136.164*8.33] mapped 332120 sequences
[M::worker_pipeline::136.546*8.32] mapped 332134 sequences
[M::worker_pipeline::137.283*8.32] mapped 332060 sequences
[M::worker_pipeline::137.907*8.32] mapped 332062 sequences
[M::worker_pipeline::138.568*8.33] mapped 332032 sequences
[M::worker_pipeline::138.946*8.31] mapped 332028 sequences
[M::worker_pipeline::139.948*8.33] mapped 332024 sequences
[M::worker_pipeline::140.726*8.33] mapped 332036 sequences
[M::worker_pipeline::141.383*8.34] mapped 332052 sequences
[M::worker_pipeline::142.139*8.34] mapped 331994 sequences
[M::worker_pipeline::142.950*8.35] mapped 332000 sequences
[M::worker_pipeline::143.572*8.34] mapped 331992 sequences
[M::worker_pipeline::148.810*8.12] mapped 332044 sequences
[M::worker_pipeline::149.184*8.11] mapped 332004 sequences
[M::worker_pipeline::149.934*8.11] mapped 332010 sequences
[M::worker_pipeline::150.572*8.11] mapped 332020 sequences
[M::worker_pipeline::151.239*8.12] mapped 331956 sequences
[M::worker_pipeline::152.278*8.14] mapped 332000 sequences
[M::worker_pipeline::152.639*8.12] mapped 332000 sequences
[M::worker_pipeline::153.380*8.12] mapped 332012 sequences
[M::worker_pipeline::154.031*8.13] mapped 332092 sequences
[M::worker_pipeline::155.095*8.15] mapped 332054 sequences
[M::worker_pipeline::155.456*8.13] mapped 332172 sequences
[M::worker_pipeline::156.114*8.14] mapped 332092 sequences
[M::worker_pipeline::156.510*8.13] mapped 332054 sequences
[M::worker_pipeline::157.545*8.14] mapped 332104 sequences
[M::worker_pipeline::158.226*8.15] mapped 332110 sequences
[M::worker_pipeline::158.916*8.15] mapped 332156 sequences
[M::worker_pipeline::159.667*8.15] mapped 332946 sequences
[M::worker_pipeline::160.349*8.16] mapped 332996 sequences
[M::worker_pipeline::161.422*8.17] mapped 332776 sequences
[M::worker_pipeline::161.807*8.16] mapped 332644 sequences
[M::worker_pipeline::162.584*8.16] mapped 332624 sequences
[M::worker_pipeline::163.329*8.16] mapped 332514 sequences
[M::worker_pipeline::164.003*8.16] mapped 332496 sequences
[M::worker_pipeline::164.705*8.17] mapped 332388 sequences
[M::worker_pipeline::165.780*8.18] mapped 332414 sequences
[M::worker_pipeline::166.158*8.17] mapped 332360 sequences
[M::worker_pipeline::166.934*8.17] mapped 332416 sequences
[M::worker_pipeline::167.675*8.17] mapped 332408 sequences
[M::worker_pipeline::168.416*8.17] mapped 332448 sequences
[M::worker_pipeline::169.443*8.19] mapped 332470 sequences
[M::worker_pipeline::169.812*8.18] mapped 332522 sequences
[M::worker_pipeline::170.579*8.18] mapped 332624 sequences
[M::worker_pipeline::171.331*8.18] mapped 332668 sequences
[M::worker_pipeline::172.080*8.19] mapped 332752 sequences
[M::worker_pipeline::172.857*8.19] mapped 332682 sequences
[M::worker_pipeline::173.494*8.19] mapped 332596 sequences
[M::worker_pipeline::174.299*8.19] mapped 332436 sequences
[M::worker_pipeline::174.908*8.19] mapped 332500 sequences
[M::worker_pipeline::176.139*8.20] mapped 332466 sequences
[M::worker_pipeline::176.561*8.19] mapped 332418 sequences
[M::worker_pipeline::177.349*8.19] mapped 332496 sequences
[M::worker_pipeline::178.358*8.20] mapped 332562 sequences
[M::worker_pipeline::178.759*8.19] mapped 332452 sequences
[M::worker_pipeline::179.526*8.19] mapped 332418 sequences
[M::worker_pipeline::180.205*8.20] mapped 332430 sequences
[M::worker_pipeline::181.279*8.21] mapped 332384 sequences
[M::worker_pipeline::181.637*8.20] mapped 332330 sequences
[M::worker_pipeline::182.360*8.20] mapped 332292 sequences
[M::worker_pipeline::183.068*8.20] mapped 332322 sequences
[M::worker_pipeline::183.775*8.20] mapped 332420 sequences
[M::worker_pipeline::184.865*8.22] mapped 332434 sequences
[M::worker_pipeline::185.211*8.21] mapped 332386 sequences
[M::worker_pipeline::185.911*8.21] mapped 332334 sequences
[M::worker_pipeline::186.592*8.21] mapped 332356 sequences
[M::worker_pipeline::187.269*8.21] mapped 332298 sequences
[M::worker_pipeline::187.645*8.20] mapped 332276 sequences
[M::worker_pipeline::188.369*8.20] mapped 332274 sequences
[M::worker_pipeline::189.507*8.21] mapped 332292 sequences
[M::worker_pipeline::190.215*8.22] mapped 332178 sequences
[M::worker_pipeline::190.936*8.22] mapped 332226 sequences
[M::worker_pipeline::191.705*8.22] mapped 332310 sequences
[M::worker_pipeline::192.433*8.23] mapped 332234 sequences
[M::worker_pipeline::193.423*8.23] mapped 332186 sequences
[M::worker_pipeline::193.834*8.22] mapped 332250 sequences
[M::worker_pipeline::194.561*8.22] mapped 332204 sequences
[M::worker_pipeline::195.569*8.24] mapped 332170 sequences
[M::worker_pipeline::195.959*8.23] mapped 332102 sequences
[M::worker_pipeline::196.710*8.23] mapped 332158 sequences
[M::worker_pipeline::197.196*8.23] mapped 332136 sequences
[M::worker_pipeline::198.043*8.24] mapped 332148 sequences
[M::worker_pipeline::198.783*8.24] mapped 332128 sequences
[M::worker_pipeline::199.538*8.24] mapped 332108 sequences
[M::worker_pipeline::200.672*8.25] mapped 332086 sequences
[M::worker_pipeline::201.067*8.23] mapped 332126 sequences
[M::worker_pipeline::201.758*8.24] mapped 332044 sequences
[M::worker_pipeline::202.550*8.24] mapped 332170 sequences
[M::worker_pipeline::203.239*8.24] mapped 332158 sequences
[M::worker_pipeline::203.890*8.25] mapped 332218 sequences
[M::worker_pipeline::205.040*8.26] mapped 332194 sequences
[M::worker_pipeline::205.496*8.24] mapped 332250 sequences
[M::worker_pipeline::206.275*8.24] mapped 332270 sequences
[M::worker_pipeline::207.347*8.25] mapped 332250 sequences
[M::worker_pipeline::207.719*8.24] mapped 332346 sequences
[M::worker_pipeline::208.430*8.24] mapped 332288 sequences
[M::worker_pipeline::209.220*8.24] mapped 332304 sequences
[M::worker_pipeline::209.935*8.24] mapped 332700 sequences
[M::worker_pipeline::210.694*8.24] mapped 332986 sequences
[M::worker_pipeline::211.456*8.25] mapped 332840 sequences
[M::worker_pipeline::212.193*8.25] mapped 332568 sequences
[M::worker_pipeline::212.835*8.25] mapped 332542 sequences
[M::worker_pipeline::213.559*8.26] mapped 332556 sequences
[M::worker_pipeline::214.233*8.25] mapped 332534 sequences
[M::worker_pipeline::215.293*8.27] mapped 332446 sequences
[M::worker_pipeline::215.635*8.26] mapped 332342 sequences
[M::worker_pipeline::216.402*8.26] mapped 332352 sequences
[M::worker_pipeline::221.497*8.12] mapped 332328 sequences
[M::worker_pipeline::221.899*8.11] mapped 332370 sequences
[M::worker_pipeline::222.638*8.11] mapped 332334 sequences
[M::worker_pipeline::223.396*8.11] mapped 332350 sequences
[M::worker_pipeline::224.161*8.12] mapped 332360 sequences
[M::worker_pipeline::224.758*8.12] mapped 332302 sequences
[M::worker_pipeline::225.907*8.13] mapped 332310 sequences
[M::worker_pipeline::226.272*8.12] mapped 332350 sequences
[M::worker_pipeline::226.965*8.12] mapped 332314 sequences
[M::worker_pipeline::227.670*8.12] mapped 332278 sequences
[M::worker_pipeline::228.449*8.12] mapped 332254 sequences
[M::worker_pipeline::229.137*8.12] mapped 332330 sequences
[M::worker_pipeline::229.828*8.13] mapped 332352 sequences
[M::worker_pipeline::230.559*8.13] mapped 332268 sequences
[M::worker_pipeline::231.569*8.14] mapped 332222 sequences
[M::worker_pipeline::231.928*8.13] mapped 332232 sequences
[M::worker_pipeline::232.636*8.13] mapped 332184 sequences
[M::worker_pipeline::233.280*8.14] mapped 332202 sequences
[M::worker_pipeline::234.039*8.14] mapped 332268 sequences
[M::worker_pipeline::234.550*8.14] mapped 332288 sequences
[M::worker_pipeline::235.513*8.14] mapped 332244 sequences
[M::worker_pipeline::236.206*8.14] mapped 332218 sequences
[M::worker_pipeline::237.256*8.15] mapped 332168 sequences
[M::worker_pipeline::237.631*8.14] mapped 332188 sequences
[M::worker_pipeline::238.438*8.14] mapped 332212 sequences
[M::worker_pipeline::239.621*8.15] mapped 332156 sequences
[M::worker_pipeline::240.006*8.14] mapped 332186 sequences
[M::worker_pipeline::240.756*8.14] mapped 332192 sequences
[M::worker_pipeline::241.498*8.14] mapped 332180 sequences
[M::worker_pipeline::242.282*8.15] mapped 332220 sequences
[M::worker_pipeline::242.857*8.15] mapped 332198 sequences
[M::worker_pipeline::243.889*8.16] mapped 332228 sequences
[M::worker_pipeline::244.322*8.15] mapped 332208 sequences
[M::worker_pipeline::245.205*8.15] mapped 332242 sequences
[M::worker_pipeline::245.842*8.15] mapped 332208 sequences
[M::worker_pipeline::247.048*8.15] mapped 332216 sequences
[M::worker_pipeline::247.457*8.14] mapped 332238 sequences
[M::worker_pipeline::248.210*8.14] mapped 332222 sequences
[M::worker_pipeline::248.903*8.15] mapped 332262 sequences
[M::worker_pipeline::249.640*8.15] mapped 332280 sequences
[M::worker_pipeline::250.689*8.16] mapped 332274 sequences
[M::worker_pipeline::251.039*8.15] mapped 332348 sequences
[M::worker_pipeline::251.752*8.15] mapped 332264 sequences
[M::worker_pipeline::252.393*8.16] mapped 332292 sequences
[M::worker_pipeline::253.146*8.16] mapped 332328 sequences
[M::worker_pipeline::253.839*8.16] mapped 332428 sequences
[M::worker_pipeline::254.800*8.17] mapped 332378 sequences
[M::worker_pipeline::255.216*8.16] mapped 332478 sequences
[M::worker_pipeline::255.965*8.17] mapped 332422 sequences
[M::worker_pipeline::256.903*8.18] mapped 332340 sequences
[M::worker_pipeline::257.301*8.17] mapped 332402 sequences
[M::worker_pipeline::258.003*8.17] mapped 332308 sequences
[M::worker_pipeline::258.741*8.17] mapped 332248 sequences
[M::worker_pipeline::259.705*8.18] mapped 332164 sequences
[M::worker_pipeline::260.043*8.18] mapped 332136 sequences
[M::worker_pipeline::260.709*8.18] mapped 332126 sequences
[M::worker_pipeline::261.400*8.18] mapped 332078 sequences
[M::worker_pipeline::261.775*8.17] mapped 332180 sequences
[M::worker_pipeline::262.810*8.18] mapped 332932 sequences
[M::worker_pipeline::263.486*8.19] mapped 332598 sequences
[M::worker_pipeline::264.191*8.19] mapped 332506 sequences
[M::worker_pipeline::264.892*8.19] mapped 332520 sequences
[M::worker_pipeline::265.671*8.19] mapped 332464 sequences
[M::worker_pipeline::266.461*8.19] mapped 332390 sequences
[M::worker_pipeline::267.099*8.19] mapped 332358 sequences
[M::worker_pipeline::267.779*8.20] mapped 332334 sequences
[M::worker_pipeline::268.528*8.20] mapped 332314 sequences
[M::worker_pipeline::269.647*8.21] mapped 332258 sequences
[M::worker_pipeline::270.100*8.20] mapped 332238 sequences
[M::worker_pipeline::270.840*8.20] mapped 332256 sequences
[M::worker_pipeline::271.870*8.21] mapped 332292 sequences
[M::worker_pipeline::272.275*8.20] mapped 332268 sequences
[M::worker_pipeline::273.073*8.20] mapped 332264 sequences
[M::worker_pipeline::273.842*8.20] mapped 332372 sequences
[M::worker_pipeline::274.554*8.20] mapped 332264 sequences
[M::worker_pipeline::275.627*8.21] mapped 332264 sequences
[M::worker_pipeline::275.961*8.20] mapped 332284 sequences
[M::worker_pipeline::276.676*8.20] mapped 332240 sequences
[M::worker_pipeline::277.451*8.20] mapped 332286 sequences
[M::worker_pipeline::278.108*8.21] mapped 332214 sequences
[M::worker_pipeline::279.233*8.21] mapped 332144 sequences
[M::worker_pipeline::279.626*8.21] mapped 332168 sequences
[M::worker_pipeline::280.254*8.21] mapped 332196 sequences
[M::worker_pipeline::281.087*8.21] mapped 332132 sequences
[M::worker_pipeline::282.164*8.22] mapped 332134 sequences
[M::worker_pipeline::282.593*8.21] mapped 332128 sequences
[M::worker_pipeline::283.442*8.21] mapped 332110 sequences
[M::worker_pipeline::284.107*8.21] mapped 332156 sequences
[M::worker_pipeline::285.176*8.22] mapped 332142 sequences
[M::worker_pipeline::285.616*8.21] mapped 332094 sequences
[M::worker_pipeline::286.423*8.21] mapped 332118 sequences
[M::worker_pipeline::287.453*8.22] mapped 332124 sequences
[M::worker_pipeline::287.842*8.21] mapped 332106 sequences
[M::worker_pipeline::288.588*8.21] mapped 332080 sequences
[M::worker_pipeline::289.319*8.21] mapped 332144 sequences
[M::worker_pipeline::294.275*8.11] mapped 332124 sequences
[M::worker_pipeline::294.641*8.11] mapped 332234 sequences
[M::worker_pipeline::295.384*8.11] mapped 332236 sequences
[M::worker_pipeline::296.041*8.11] mapped 332240 sequences
[M::worker_pipeline::296.742*8.11] mapped 332160 sequences
[M::worker_pipeline::297.503*8.11] mapped 332062 sequences
[M::worker_pipeline::298.461*8.12] mapped 332120 sequences
[M::worker_pipeline::298.863*8.12] mapped 332124 sequences
[M::worker_pipeline::299.695*8.12] mapped 332062 sequences
[M::worker_pipeline::300.450*8.12] mapped 332068 sequences
[M::worker_pipeline::301.002*8.12] mapped 332070 sequences
[M::worker_pipeline::302.003*8.13] mapped 332120 sequences
[M::worker_pipeline::302.396*8.12] mapped 332172 sequences
[M::worker_pipeline::303.061*8.12] mapped 332144 sequences
[M::worker_pipeline::303.741*8.13] mapped 332194 sequences
[M::worker_pipeline::304.531*8.13] mapped 332210 sequences
[M::worker_pipeline::305.632*8.14] mapped 332234 sequences
[M::worker_pipeline::306.092*8.13] mapped 332248 sequences
[M::worker_pipeline::306.895*8.13] mapped 332252 sequences
[M::worker_pipeline::308.007*8.14] mapped 332288 sequences
[M::worker_pipeline::308.396*8.13] mapped 332270 sequences
[M::worker_pipeline::309.180*8.13] mapped 332218 sequences
[M::worker_pipeline::309.718*8.13] mapped 332262 sequences
[M::worker_pipeline::310.595*8.13] mapped 332208 sequences
[M::worker_pipeline::311.643*8.14] mapped 332114 sequences
[M::worker_pipeline::312.012*8.14] mapped 332064 sequences
[M::worker_pipeline::312.714*8.14] mapped 332072 sequences
[M::worker_pipeline::313.462*8.14] mapped 332120 sequences
[M::worker_pipeline::314.234*8.14] mapped 332112 sequences
[M::worker_pipeline::314.878*8.14] mapped 332264 sequences
[M::worker_pipeline::315.554*8.15] mapped 332710 sequences
[M::worker_pipeline::316.345*8.15] mapped 332660 sequences
[M::worker_pipeline::317.009*8.15] mapped 332414 sequences
[M::worker_pipeline::318.077*8.16] mapped 332388 sequences
[M::worker_pipeline::318.450*8.15] mapped 332422 sequences
[M::worker_pipeline::319.255*8.15] mapped 332352 sequences
[M::worker_pipeline::320.325*8.16] mapped 332234 sequences
[M::worker_pipeline::320.707*8.15] mapped 332192 sequences
[M::worker_pipeline::321.501*8.15] mapped 332208 sequences
[M::worker_pipeline::322.115*8.16] mapped 332220 sequences
[M::worker_pipeline::322.935*8.15] mapped 332216 sequences
[M::worker_pipeline::323.598*8.16] mapped 332180 sequences
[M::worker_pipeline::324.577*8.17] mapped 332150 sequences
[M::worker_pipeline::324.985*8.16] mapped 332220 sequences
[M::worker_pipeline::325.729*8.16] mapped 332230 sequences
[M::worker_pipeline::326.505*8.16] mapped 332218 sequences
[M::worker_pipeline::327.205*8.16] mapped 332166 sequences
[M::worker_pipeline::328.232*8.17] mapped 332180 sequences
[M::worker_pipeline::328.677*8.16] mapped 332586 sequences
[M::worker_pipeline::329.427*8.16] mapped 332164 sequences
[M::worker_pipeline::330.472*8.17] mapped 332180 sequences
[M::worker_pipeline::330.849*8.17] mapped 332118 sequences
[M::worker_pipeline::331.610*8.17] mapped 332106 sequences
[M::worker_pipeline::332.750*8.17] mapped 332170 sequences
[M::worker_pipeline::333.166*8.16] mapped 332128 sequences
[M::worker_pipeline::333.853*8.17] mapped 332116 sequences
[M::worker_pipeline::334.935*8.18] mapped 332150 sequences
[M::worker_pipeline::335.317*8.17] mapped 332122 sequences
[M::worker_pipeline::336.056*8.17] mapped 332066 sequences
[M::worker_pipeline::336.765*8.17] mapped 332128 sequences
[M::worker_pipeline::337.457*8.17] mapped 332170 sequences
[M::worker_pipeline::338.146*8.17] mapped 332102 sequences
[M::worker_pipeline::338.922*8.17] mapped 332114 sequences
[M::worker_pipeline::339.958*8.18] mapped 332082 sequences
[M::worker_pipeline::340.362*8.17] mapped 332096 sequences
[M::worker_pipeline::341.144*8.17] mapped 332088 sequences
[M::worker_pipeline::341.951*8.17] mapped 332178 sequences
[M::worker_pipeline::342.578*8.17] mapped 332380 sequences
[M::worker_pipeline::343.315*8.17] mapped 332442 sequences
[M::worker_pipeline::343.646*8.17] mapped 332356 sequences
[M::worker_pipeline::344.829*8.17] mapped 332376 sequences
[M::worker_pipeline::345.575*8.17] mapped 332386 sequences
[M::worker_pipeline::346.234*8.18] mapped 332114 sequences
[M::worker_pipeline::346.906*8.18] mapped 332090 sequences
[M::worker_pipeline::347.808*8.18] mapped 332080 sequences
[M::worker_pipeline::348.300*8.18] mapped 332054 sequences
[M::worker_pipeline::349.013*8.18] mapped 332112 sequences
[M::worker_pipeline::349.759*8.18] mapped 332124 sequences
[M::worker_pipeline::350.410*8.18] mapped 332076 sequences
[M::worker_pipeline::351.446*8.19] mapped 332118 sequences
[M::worker_pipeline::351.817*8.18] mapped 332228 sequences
[M::worker_pipeline::352.533*8.19] mapped 332174 sequences
[M::worker_pipeline::353.272*8.19] mapped 332134 sequences
[M::worker_pipeline::354.066*8.19] mapped 332212 sequences
[M::worker_pipeline::354.599*8.19] mapped 332294 sequences
[M::worker_pipeline::355.279*8.19] mapped 332250 sequences
[M::worker_pipeline::356.061*8.19] mapped 332266 sequences
[M::worker_pipeline::356.704*8.19] mapped 332300 sequences
[M::worker_pipeline::357.827*8.20] mapped 332284 sequences
[M::worker_pipeline::358.219*8.19] mapped 332286 sequences
[M::worker_pipeline::358.944*8.19] mapped 332252 sequences
[M::worker_pipeline::359.640*8.20] mapped 332130 sequences
[M::worker_pipeline::360.403*8.20] mapped 332126 sequences
[M::worker_pipeline::361.328*8.20] mapped 332098 sequences
[M::worker_pipeline::361.802*8.20] mapped 332114 sequences
[M::worker_pipeline::362.561*8.20] mapped 332130 sequences
[M::worker_pipeline::367.880*8.11] mapped 332228 sequences
[M::worker_pipeline::368.287*8.10] mapped 332902 sequences
[M::worker_pipeline::369.019*8.11] mapped 332806 sequences
[M::worker_pipeline::369.723*8.11] mapped 332708 sequences
[M::worker_pipeline::370.738*8.11] mapped 332538 sequences
[M::worker_pipeline::371.228*8.11] mapped 332586 sequences
[M::worker_pipeline::371.965*8.11] mapped 332518 sequences
[M::worker_pipeline::372.646*8.11] mapped 332528 sequences
[M::worker_pipeline::373.355*8.11] mapped 332424 sequences
[M::worker_pipeline::374.075*8.11] mapped 332424 sequences
[M::worker_pipeline::375.111*8.12] mapped 332416 sequences
[M::worker_pipeline::375.560*8.11] mapped 332348 sequences
[M::worker_pipeline::376.292*8.11] mapped 332336 sequences
[M::worker_pipeline::376.943*8.12] mapped 332398 sequences
[M::worker_pipeline::377.679*8.12] mapped 332318 sequences
[M::worker_pipeline::378.747*8.12] mapped 332386 sequences
[M::worker_pipeline::379.143*8.12] mapped 332424 sequences
[M::worker_pipeline::379.937*8.12] mapped 332448 sequences
[M::worker_pipeline::380.620*8.12] mapped 332450 sequences
[M::worker_pipeline::381.334*8.12] mapped 332532 sequences
[M::worker_pipeline::382.006*8.12] mapped 332380 sequences
[M::worker_pipeline::383.132*8.13] mapped 332438 sequences
[M::worker_pipeline::383.516*8.12] mapped 332366 sequences
[M::worker_pipeline::384.180*8.13] mapped 332310 sequences
[M::worker_pipeline::384.910*8.13] mapped 332294 sequences
[M::worker_pipeline::385.987*8.13] mapped 332276 sequences
[M::worker_pipeline::386.390*8.13] mapped 332222 sequences
[M::worker_pipeline::387.163*8.13] mapped 332232 sequences
[M::worker_pipeline::388.279*8.13] mapped 332212 sequences
[M::worker_pipeline::388.687*8.13] mapped 332224 sequences
[M::worker_pipeline::389.572*8.13] mapped 332200 sequences
[M::worker_pipeline::390.500*8.13] mapped 332222 sequences
[M::worker_pipeline::390.892*8.13] mapped 332214 sequences
[M::worker_pipeline::391.668*8.13] mapped 332210 sequences
[M::worker_pipeline::392.378*8.13] mapped 332210 sequences
[M::worker_pipeline::393.004*8.13] mapped 332178 sequences
[M::worker_pipeline::394.060*8.14] mapped 332202 sequences
[M::worker_pipeline::394.440*8.13] mapped 332452 sequences
[M::worker_pipeline::395.180*8.13] mapped 332678 sequences
[M::worker_pipeline::395.830*8.13] mapped 332652 sequences
[M::worker_pipeline::396.489*8.14] mapped 332542 sequences
[M::worker_pipeline::397.259*8.14] mapped 332586 sequences
[M::worker_pipeline::397.993*8.14] mapped 332490 sequences
[M::worker_pipeline::398.686*8.14] mapped 332228 sequences
[M::worker_pipeline::399.703*8.15] mapped 332142 sequences
[M::worker_pipeline::400.064*8.14] mapped 332128 sequences
[M::worker_pipeline::400.700*8.14] mapped 332152 sequences
[M::worker_pipeline::401.432*8.14] mapped 332114 sequences
[M::worker_pipeline::402.475*8.15] mapped 332164 sequences
[M::worker_pipeline::402.879*8.14] mapped 332190 sequences
[M::worker_pipeline::403.596*8.14] mapped 332138 sequences
[M::worker_pipeline::404.331*8.15] mapped 332220 sequences
[M::worker_pipeline::404.992*8.15] mapped 332156 sequences
[M::worker_pipeline::405.672*8.15] mapped 332194 sequences
[M::worker_pipeline::406.405*8.15] mapped 332214 sequences
[M::worker_pipeline::407.182*8.15] mapped 332180 sequences
[M::worker_pipeline::408.284*8.15] mapped 332190 sequences
[M::worker_pipeline::408.704*8.15] mapped 332194 sequences
[M::worker_pipeline::409.435*8.15] mapped 332164 sequences
[M::worker_pipeline::410.503*8.16] mapped 332198 sequences
[M::worker_pipeline::410.884*8.15] mapped 332162 sequences
[M::worker_pipeline::411.603*8.15] mapped 332118 sequences
[M::worker_pipeline::412.325*8.15] mapped 332132 sequences
[M::worker_pipeline::413.342*8.16] mapped 332124 sequences
[M::worker_pipeline::413.725*8.15] mapped 332028 sequences
[M::worker_pipeline::414.495*8.15] mapped 332082 sequences
[M::worker_pipeline::415.350*8.15] mapped 332106 sequences
[M::worker_pipeline::415.734*8.15] mapped 332096 sequences
[M::worker_pipeline::415.866*8.15] mapped 108330 sequences
[M::main] Version: 2.22-r1101
[M::main] CMD: minimap2 --secondary=no -t 16 -R @RG\tID:snippy\tSM:snippy -ax sr /work/FAC/FBM/DMF/smitri/evomicrocomm/genome_size/data/at/reference.fasta /work/FAC/FBM/DMF/smitri/evomicrocomm/genome_size/data/T44.4.2/read1.fq.gz /work/FAC/FBM/DMF/smitri/evomicrocomm/genome_size/data/T44.4.2/read2.fq.gz
[M::main] Real time: 415.896 sec; CPU: 3387.610 sec; Peak RSS: 0.778 GB
[bam_sort_core] merging from 80 files and 16 in-memory blocks...
[Fri Oct 15 16:20:16 2021]
Finished job 0.
1 of 1 steps (100%) done
