Building DAG of jobs...
Using shell: /usr/bin/bash
Provided cores: 16
Rules claiming more threads will be scaled down.
Select jobs to execute...

[Sun Oct 17 22:39:31 2021]
rule mapping:
    input: /work/FAC/FBM/DMF/smitri/evomicrocomm/genome_size/data/ct/reference.fasta, /work/FAC/FBM/DMF/smitri/evomicrocomm/genome_size/data/T44.2.4.rep/read1.fq.gz, /work/FAC/FBM/DMF/smitri/evomicrocomm/genome_size/data/T44.2.4.rep/read2.fq.gz
    output: /work/FAC/FBM/DMF/smitri/evomicrocomm/genome_size/data/T44.2.4.rep/ct/mapped_reads.sorted.bam
    jobid: 0
    wildcards: sample=T44.2.4.rep, strain=ct
    threads: 16
    resources: mem_mb=1880, disk_mb=1880, tmpdir=/tmp/2846092

[M::mm_idx_gen::0.156*0.86] collected minimizers
[M::mm_idx_gen::0.191*1.19] sorted minimizers
[M::main::0.191*1.19] loaded/built the index for 2 target sequence(s)
[M::mm_mapopt_update::0.191*1.19] mid_occ = 1000
[M::mm_idx_stat] kmer size: 21; skip: 11; is_hpc: 0; #seq: 2
[M::mm_idx_stat::0.203*1.18] distinct minimizers: 993850 (99.11% are singletons); average occurrences: 1.021; average spacing: 5.998; total length: 6084391
[M::worker_pipeline::2.200*3.30] mapped 332304 sequences
[M::worker_pipeline::3.405*4.05] mapped 332162 sequences
[M::worker_pipeline::4.258*4.86] mapped 332168 sequences
[M::worker_pipeline::5.483*6.05] mapped 332018 sequences
[M::worker_pipeline::6.257*6.37] mapped 331994 sequences
[M::worker_pipeline::6.968*6.63] mapped 332174 sequences
[M::worker_pipeline::7.763*6.83] mapped 332184 sequences
[M::worker_pipeline::8.899*7.32] mapped 332140 sequences
[M::worker_pipeline::9.277*7.10] mapped 332052 sequences
[M::worker_pipeline::10.082*7.20] mapped 332066 sequences
[M::worker_pipeline::10.863*7.27] mapped 332054 sequences
[M::worker_pipeline::11.528*7.43] mapped 332286 sequences
[M::worker_pipeline::12.691*7.75] mapped 332304 sequences
[M::worker_pipeline::13.126*7.56] mapped 332212 sequences
[M::worker_pipeline::13.837*7.69] mapped 332040 sequences
[M::worker_pipeline::14.682*7.73] mapped 331974 sequences
[M::worker_pipeline::15.497*7.80] mapped 332086 sequences
[M::worker_pipeline::16.201*7.87] mapped 332322 sequences
[M::worker_pipeline::17.153*8.11] mapped 332392 sequences
[M::worker_pipeline::17.599*8.01] mapped 332272 sequences
[M::worker_pipeline::18.421*8.02] mapped 332136 sequences
[M::worker_pipeline::19.441*8.21] mapped 332054 sequences
[M::worker_pipeline::19.945*8.05] mapped 332338 sequences
[M::worker_pipeline::20.735*8.07] mapped 332246 sequences
[M::worker_pipeline::21.687*8.25] mapped 332206 sequences
[M::worker_pipeline::22.160*8.14] mapped 332066 sequences
[M::worker_pipeline::22.945*8.15] mapped 332218 sequences
[M::worker_pipeline::24.065*8.28] mapped 332206 sequences
[M::worker_pipeline::24.507*8.17] mapped 332272 sequences
[M::worker_pipeline::25.232*8.20] mapped 332172 sequences
[M::worker_pipeline::26.382*8.29] mapped 332086 sequences
[M::worker_pipeline::26.801*8.20] mapped 332072 sequences
[M::worker_pipeline::27.591*8.21] mapped 332134 sequences
[M::worker_pipeline::28.639*8.32] mapped 332176 sequences
[M::worker_pipeline::29.043*8.24] mapped 332086 sequences
[M::worker_pipeline::29.773*8.26] mapped 332080 sequences
[M::worker_pipeline::30.667*8.32] mapped 332136 sequences
[M::worker_pipeline::31.230*8.29] mapped 332090 sequences
[M::worker_pipeline::32.006*8.29] mapped 332140 sequences
[M::worker_pipeline::32.724*8.31] mapped 332362 sequences
[M::worker_pipeline::33.642*8.37] mapped 332258 sequences
[M::worker_pipeline::34.171*8.34] mapped 332164 sequences
[M::worker_pipeline::35.096*8.39] mapped 332244 sequences
[M::worker_pipeline::35.474*8.31] mapped 332144 sequences
[M::worker_pipeline::35.731*8.26] mapped 185420 sequences
[M::main] Version: 2.22-r1101
[M::main] CMD: minimap2 --secondary=no -t 16 -R @RG\tID:snippy\tSM:snippy -ax sr /work/FAC/FBM/DMF/smitri/evomicrocomm/genome_size/data/ct/reference.fasta /work/FAC/FBM/DMF/smitri/evomicrocomm/genome_size/data/T44.2.4.rep/read1.fq.gz /work/FAC/FBM/DMF/smitri/evomicrocomm/genome_size/data/T44.2.4.rep/read2.fq.gz
[M::main] Real time: 35.766 sec; CPU: 295.036 sec; Peak RSS: 0.689 GB
[bam_sort_core] merging from 0 files and 16 in-memory blocks...
[Sun Oct 17 22:40:23 2021]
Finished job 0.
1 of 1 steps (100%) done
