Building DAG of jobs...
Using shell: /usr/bin/bash
Provided cores: 16
Rules claiming more threads will be scaled down.
Select jobs to execute...

[Sun Oct 17 22:30:59 2021]
rule mapping:
    input: /work/FAC/FBM/DMF/smitri/evomicrocomm/genome_size/data/ms/reference.fasta, /work/FAC/FBM/DMF/smitri/evomicrocomm/genome_size/data/T11.3.2/read1.fq.gz, /work/FAC/FBM/DMF/smitri/evomicrocomm/genome_size/data/T11.3.2/read2.fq.gz
    output: /work/FAC/FBM/DMF/smitri/evomicrocomm/genome_size/data/T11.3.2/ms/mapped_reads.sorted.bam
    jobid: 0
    wildcards: sample=T11.3.2, strain=ms
    threads: 16
    resources: mem_mb=27352, disk_mb=27352, tmpdir=/tmp/2846020

[M::mm_idx_gen::0.120*0.72] collected minimizers
[M::mm_idx_gen::0.137*1.41] sorted minimizers
[M::main::0.137*1.41] loaded/built the index for 1 target sequence(s)
[M::mm_mapopt_update::0.137*1.41] mid_occ = 1000
[M::mm_idx_stat] kmer size: 21; skip: 11; is_hpc: 0; #seq: 1
[M::mm_idx_stat::0.144*1.39] distinct minimizers: 620509 (99.65% are singletons); average occurrences: 1.004; average spacing: 5.998; total length: 3737398
[M::worker_pipeline::1.339*2.12] mapped 333206 sequences
[M::worker_pipeline::2.202*2.46] mapped 333070 sequences
[M::worker_pipeline::3.121*2.56] mapped 332968 sequences
[M::worker_pipeline::3.803*2.70] mapped 332918 sequences
[M::worker_pipeline::4.601*2.72] mapped 332878 sequences
[M::worker_pipeline::5.375*2.78] mapped 332860 sequences
[M::worker_pipeline::6.062*2.86] mapped 332834 sequences
[M::worker_pipeline::6.769*2.94] mapped 332768 sequences
[M::worker_pipeline::7.323*3.02] mapped 332728 sequences
[M::worker_pipeline::7.977*3.07] mapped 332750 sequences
[M::worker_pipeline::8.579*3.12] mapped 332698 sequences
[M::worker_pipeline::9.260*3.14] mapped 332702 sequences
[M::worker_pipeline::9.926*3.16] mapped 332658 sequences
[M::worker_pipeline::10.549*3.20] mapped 332606 sequences
[M::worker_pipeline::11.142*3.22] mapped 332726 sequences
[M::worker_pipeline::11.772*3.24] mapped 332658 sequences
[M::worker_pipeline::12.472*3.25] mapped 332622 sequences
[M::worker_pipeline::13.094*3.27] mapped 332638 sequences
[M::worker_pipeline::13.742*3.29] mapped 332666 sequences
[M::worker_pipeline::14.316*3.31] mapped 332664 sequences
[M::worker_pipeline::14.956*3.33] mapped 332696 sequences
[M::worker_pipeline::15.589*3.34] mapped 332820 sequences
[M::worker_pipeline::16.222*3.35] mapped 332896 sequences
[M::worker_pipeline::16.922*3.35] mapped 332932 sequences
[M::worker_pipeline::17.572*3.37] mapped 332920 sequences
[M::worker_pipeline::18.201*3.38] mapped 332928 sequences
[M::worker_pipeline::18.876*3.39] mapped 333042 sequences
[M::worker_pipeline::19.507*3.40] mapped 332916 sequences
[M::worker_pipeline::20.125*3.41] mapped 332844 sequences
[M::worker_pipeline::20.819*3.41] mapped 332818 sequences
[M::worker_pipeline::21.433*3.42] mapped 332752 sequences
[M::worker_pipeline::22.036*3.43] mapped 332682 sequences
[M::worker_pipeline::22.636*3.43] mapped 332662 sequences
[M::worker_pipeline::23.297*3.44] mapped 332632 sequences
[M::worker_pipeline::24.003*3.44] mapped 332682 sequences
[M::worker_pipeline::24.616*3.45] mapped 332712 sequences
[M::worker_pipeline::25.169*3.46] mapped 332748 sequences
[M::worker_pipeline::25.887*3.46] mapped 332812 sequences
[M::worker_pipeline::26.516*3.46] mapped 333190 sequences
[M::worker_pipeline::27.117*3.47] mapped 332906 sequences
[M::worker_pipeline::27.799*3.47] mapped 332726 sequences
[M::worker_pipeline::28.404*3.48] mapped 332726 sequences
[M::worker_pipeline::29.054*3.48] mapped 332708 sequences
[M::worker_pipeline::29.851*3.48] mapped 332658 sequences
[M::worker_pipeline::30.471*3.48] mapped 332654 sequences
[M::worker_pipeline::31.164*3.48] mapped 332658 sequences
[M::worker_pipeline::31.866*3.47] mapped 332722 sequences
[M::worker_pipeline::32.479*3.48] mapped 332626 sequences
[M::worker_pipeline::33.145*3.48] mapped 332628 sequences
[M::worker_pipeline::33.781*3.48] mapped 332642 sequences
[M::worker_pipeline::34.423*3.48] mapped 332696 sequences
[M::worker_pipeline::35.056*3.48] mapped 332692 sequences
[M::worker_pipeline::35.776*3.48] mapped 332690 sequences
[M::worker_pipeline::36.419*3.48] mapped 332658 sequences
[M::worker_pipeline::37.110*3.48] mapped 332654 sequences
[M::worker_pipeline::37.821*3.47] mapped 332846 sequences
[M::worker_pipeline::38.499*3.47] mapped 332748 sequences
[M::worker_pipeline::39.162*3.48] mapped 332758 sequences
[M::worker_pipeline::39.855*3.48] mapped 332880 sequences
[M::worker_pipeline::40.475*3.48] mapped 332812 sequences
[M::worker_pipeline::41.143*3.49] mapped 332850 sequences
[M::worker_pipeline::41.780*3.49] mapped 332756 sequences
[M::worker_pipeline::42.414*3.48] mapped 332764 sequences
[M::worker_pipeline::43.080*3.48] mapped 332686 sequences
[M::worker_pipeline::43.696*3.49] mapped 332738 sequences
[M::worker_pipeline::44.379*3.49] mapped 332822 sequences
[M::worker_pipeline::45.032*3.49] mapped 332904 sequences
[M::worker_pipeline::45.669*3.49] mapped 332898 sequences
[M::worker_pipeline::46.423*3.49] mapped 333010 sequences
[M::worker_pipeline::46.994*3.49] mapped 332992 sequences
[M::worker_pipeline::47.626*3.49] mapped 333082 sequences
[M::worker_pipeline::48.315*3.49] mapped 333116 sequences
[M::worker_pipeline::49.014*3.49] mapped 333328 sequences
[M::worker_pipeline::49.605*3.49] mapped 333224 sequences
[M::worker_pipeline::50.252*3.49] mapped 333200 sequences
[M::worker_pipeline::50.937*3.49] mapped 333396 sequences
[M::worker_pipeline::51.631*3.49] mapped 333296 sequences
[M::worker_pipeline::52.296*3.49] mapped 333422 sequences
[M::worker_pipeline::53.011*3.49] mapped 333456 sequences
[M::worker_pipeline::53.678*3.49] mapped 332796 sequences
[M::worker_pipeline::54.278*3.49] mapped 332676 sequences
[M::worker_pipeline::54.972*3.49] mapped 332712 sequences
[M::worker_pipeline::55.636*3.49] mapped 332600 sequences
[M::worker_pipeline::56.251*3.49] mapped 332522 sequences
[M::worker_pipeline::56.860*3.50] mapped 332518 sequences
[M::worker_pipeline::57.479*3.50] mapped 332466 sequences
[M::worker_pipeline::58.127*3.50] mapped 332454 sequences
[M::worker_pipeline::58.801*3.50] mapped 332442 sequences
[M::worker_pipeline::59.470*3.50] mapped 332358 sequences
[M::worker_pipeline::60.153*3.50] mapped 332364 sequences
[M::worker_pipeline::60.764*3.50] mapped 332340 sequences
[M::worker_pipeline::61.454*3.50] mapped 332382 sequences
[M::worker_pipeline::62.106*3.50] mapped 332376 sequences
[M::worker_pipeline::62.761*3.50] mapped 332338 sequences
[M::worker_pipeline::63.413*3.50] mapped 332388 sequences
[M::worker_pipeline::64.088*3.50] mapped 332352 sequences
[M::worker_pipeline::64.759*3.50] mapped 332406 sequences
[M::worker_pipeline::65.360*3.50] mapped 332314 sequences
[M::worker_pipeline::66.144*3.49] mapped 332388 sequences
[M::worker_pipeline::66.781*3.49] mapped 332342 sequences
[M::worker_pipeline::68.063*3.46] mapped 332448 sequences
[M::worker_pipeline::69.428*3.42] mapped 332448 sequences
[M::worker_pipeline::70.547*3.40] mapped 332548 sequences
[M::worker_pipeline::71.482*3.39] mapped 332674 sequences
[M::worker_pipeline::72.079*3.39] mapped 332728 sequences
[M::worker_pipeline::78.672*3.19] mapped 332764 sequences
[M::worker_pipeline::78.856*3.19] mapped 332758 sequences
[M::worker_pipeline::79.050*3.19] mapped 332668 sequences
[M::worker_pipeline::79.574*3.19] mapped 332622 sequences
[M::worker_pipeline::80.361*3.19] mapped 332592 sequences
[M::worker_pipeline::80.979*3.19] mapped 332516 sequences
[M::worker_pipeline::81.811*3.19] mapped 332488 sequences
[M::worker_pipeline::82.519*3.19] mapped 332498 sequences
[M::worker_pipeline::83.134*3.20] mapped 332454 sequences
[M::worker_pipeline::83.863*3.20] mapped 332530 sequences
[M::worker_pipeline::84.421*3.20] mapped 332416 sequences
[M::worker_pipeline::85.069*3.20] mapped 332518 sequences
[M::worker_pipeline::85.748*3.21] mapped 332492 sequences
[M::worker_pipeline::86.367*3.21] mapped 332806 sequences
[M::worker_pipeline::86.947*3.21] mapped 332894 sequences
[M::worker_pipeline::87.658*3.22] mapped 332758 sequences
[M::worker_pipeline::88.316*3.22] mapped 332488 sequences
[M::worker_pipeline::88.966*3.22] mapped 332480 sequences
[M::worker_pipeline::89.628*3.22] mapped 332360 sequences
[M::worker_pipeline::90.224*3.23] mapped 332412 sequences
[M::worker_pipeline::90.938*3.23] mapped 332342 sequences
[M::worker_pipeline::91.449*3.23] mapped 332364 sequences
[M::worker_pipeline::92.071*3.24] mapped 332348 sequences
[M::worker_pipeline::92.692*3.24] mapped 332392 sequences
[M::worker_pipeline::93.382*3.25] mapped 332374 sequences
[M::worker_pipeline::93.957*3.25] mapped 332428 sequences
[M::worker_pipeline::94.621*3.25] mapped 332442 sequences
[M::worker_pipeline::95.309*3.25] mapped 332440 sequences
[M::worker_pipeline::95.979*3.25] mapped 332446 sequences
[M::worker_pipeline::96.580*3.26] mapped 332318 sequences
[M::worker_pipeline::97.226*3.26] mapped 332282 sequences
[M::worker_pipeline::98.042*3.26] mapped 332330 sequences
[M::worker_pipeline::98.569*3.26] mapped 332356 sequences
[M::worker_pipeline::99.221*3.27] mapped 332322 sequences
[M::worker_pipeline::99.911*3.27] mapped 332388 sequences
[M::worker_pipeline::100.505*3.27] mapped 332394 sequences
[M::worker_pipeline::101.150*3.27] mapped 332388 sequences
[M::worker_pipeline::101.826*3.28] mapped 332342 sequences
[M::worker_pipeline::102.440*3.28] mapped 332268 sequences
[M::worker_pipeline::103.086*3.28] mapped 332234 sequences
[M::worker_pipeline::103.811*3.28] mapped 332244 sequences
[M::worker_pipeline::104.458*3.28] mapped 332294 sequences
[M::worker_pipeline::105.168*3.28] mapped 332398 sequences
[M::worker_pipeline::105.791*3.29] mapped 332368 sequences
[M::worker_pipeline::106.451*3.29] mapped 332344 sequences
[M::worker_pipeline::107.204*3.29] mapped 332390 sequences
[M::worker_pipeline::107.783*3.30] mapped 332436 sequences
[M::worker_pipeline::108.366*3.30] mapped 332456 sequences
[M::worker_pipeline::108.993*3.30] mapped 332460 sequences
[M::worker_pipeline::109.719*3.30] mapped 332400 sequences
[M::worker_pipeline::110.310*3.31] mapped 332386 sequences
[M::worker_pipeline::110.978*3.31] mapped 332448 sequences
[M::worker_pipeline::111.616*3.31] mapped 332376 sequences
[M::worker_pipeline::112.287*3.31] mapped 332416 sequences
[M::worker_pipeline::112.889*3.31] mapped 332506 sequences
[M::worker_pipeline::113.561*3.32] mapped 332568 sequences
[M::worker_pipeline::114.245*3.32] mapped 332736 sequences
[M::worker_pipeline::115.034*3.32] mapped 332694 sequences
[M::worker_pipeline::115.638*3.32] mapped 332634 sequences
[M::worker_pipeline::116.259*3.32] mapped 332576 sequences
[M::worker_pipeline::116.903*3.32] mapped 332460 sequences
[M::worker_pipeline::117.638*3.32] mapped 332554 sequences
[M::worker_pipeline::118.266*3.32] mapped 332506 sequences
[M::worker_pipeline::118.906*3.32] mapped 332472 sequences
[M::worker_pipeline::119.521*3.33] mapped 332482 sequences
[M::worker_pipeline::120.132*3.33] mapped 332462 sequences
[M::worker_pipeline::120.783*3.34] mapped 332472 sequences
[M::worker_pipeline::121.405*3.34] mapped 332374 sequences
[M::worker_pipeline::122.046*3.34] mapped 332388 sequences
[M::worker_pipeline::122.737*3.34] mapped 332368 sequences
[M::worker_pipeline::123.385*3.34] mapped 332414 sequences
[M::worker_pipeline::124.086*3.34] mapped 332312 sequences
[M::worker_pipeline::124.711*3.34] mapped 332348 sequences
[M::worker_pipeline::125.309*3.35] mapped 332284 sequences
[M::worker_pipeline::126.021*3.35] mapped 332296 sequences
[M::worker_pipeline::126.616*3.35] mapped 332364 sequences
[M::worker_pipeline::127.216*3.35] mapped 332364 sequences
[M::worker_pipeline::127.918*3.35] mapped 332316 sequences
[M::worker_pipeline::128.536*3.35] mapped 332470 sequences
[M::worker_pipeline::129.210*3.35] mapped 332486 sequences
[M::worker_pipeline::129.814*3.36] mapped 332468 sequences
[M::worker_pipeline::130.468*3.36] mapped 332508 sequences
[M::worker_pipeline::131.120*3.36] mapped 332484 sequences
[M::worker_pipeline::131.706*3.36] mapped 332456 sequences
[M::worker_pipeline::132.289*3.36] mapped 332472 sequences
[M::worker_pipeline::132.979*3.36] mapped 332424 sequences
[M::worker_pipeline::133.647*3.37] mapped 332442 sequences
[M::worker_pipeline::134.263*3.37] mapped 332328 sequences
[M::worker_pipeline::134.907*3.37] mapped 332292 sequences
[M::worker_pipeline::135.560*3.37] mapped 332330 sequences
[M::worker_pipeline::136.197*3.37] mapped 332368 sequences
[M::worker_pipeline::136.843*3.37] mapped 332310 sequences
[M::worker_pipeline::137.478*3.38] mapped 332378 sequences
[M::worker_pipeline::138.150*3.38] mapped 332444 sequences
[M::worker_pipeline::138.776*3.38] mapped 332448 sequences
[M::worker_pipeline::139.374*3.38] mapped 332656 sequences
[M::worker_pipeline::140.612*3.37] mapped 332554 sequences
[M::worker_pipeline::141.443*3.36] mapped 332432 sequences
[M::worker_pipeline::142.387*3.36] mapped 332386 sequences
[M::worker_pipeline::143.474*3.35] mapped 332398 sequences
[M::worker_pipeline::144.408*3.35] mapped 332410 sequences
[M::worker_pipeline::144.983*3.35] mapped 332452 sequences
[M::worker_pipeline::145.596*3.35] mapped 332726 sequences
[M::worker_pipeline::146.385*3.35] mapped 332424 sequences
[M::worker_pipeline::146.980*3.35] mapped 332344 sequences
[M::worker_pipeline::147.647*3.35] mapped 332308 sequences
[M::worker_pipeline::153.653*3.26] mapped 332404 sequences
[M::worker_pipeline::153.865*3.26] mapped 332420 sequences
[M::worker_pipeline::154.087*3.26] mapped 332434 sequences
[M::worker_pipeline::154.590*3.26] mapped 332372 sequences
[M::worker_pipeline::155.225*3.26] mapped 332304 sequences
[M::worker_pipeline::155.952*3.26] mapped 332334 sequences
[M::worker_pipeline::156.565*3.26] mapped 332340 sequences
[M::worker_pipeline::157.159*3.27] mapped 332352 sequences
[M::worker_pipeline::157.819*3.27] mapped 332436 sequences
[M::worker_pipeline::158.474*3.27] mapped 332388 sequences
[M::worker_pipeline::159.157*3.27] mapped 332366 sequences
[M::worker_pipeline::159.795*3.27] mapped 332358 sequences
[M::worker_pipeline::160.398*3.27] mapped 332318 sequences
[M::worker_pipeline::161.044*3.27] mapped 332354 sequences
[M::worker_pipeline::161.679*3.28] mapped 332262 sequences
[M::worker_pipeline::162.334*3.28] mapped 332352 sequences
[M::worker_pipeline::163.001*3.28] mapped 332324 sequences
[M::worker_pipeline::163.759*3.28] mapped 332382 sequences
[M::worker_pipeline::164.303*3.28] mapped 332444 sequences
[M::worker_pipeline::164.951*3.28] mapped 332468 sequences
[M::worker_pipeline::165.653*3.28] mapped 332478 sequences
[M::worker_pipeline::166.269*3.28] mapped 332550 sequences
[M::worker_pipeline::166.924*3.28] mapped 332534 sequences
[M::worker_pipeline::167.592*3.28] mapped 332552 sequences
[M::worker_pipeline::168.299*3.29] mapped 332604 sequences
[M::worker_pipeline::168.981*3.29] mapped 332574 sequences
[M::worker_pipeline::169.666*3.29] mapped 332646 sequences
[M::worker_pipeline::170.305*3.29] mapped 332648 sequences
[M::worker_pipeline::170.952*3.29] mapped 332600 sequences
[M::worker_pipeline::171.529*3.29] mapped 332638 sequences
[M::worker_pipeline::172.193*3.29] mapped 332614 sequences
[M::worker_pipeline::172.833*3.30] mapped 332860 sequences
[M::worker_pipeline::173.465*3.30] mapped 332900 sequences
[M::worker_pipeline::174.170*3.30] mapped 332872 sequences
[M::worker_pipeline::174.862*3.30] mapped 332854 sequences
[M::worker_pipeline::175.539*3.30] mapped 332906 sequences
[M::worker_pipeline::176.205*3.30] mapped 332784 sequences
[M::worker_pipeline::176.786*3.30] mapped 332762 sequences
[M::worker_pipeline::177.421*3.30] mapped 332750 sequences
[M::worker_pipeline::178.092*3.30] mapped 332670 sequences
[M::worker_pipeline::178.693*3.31] mapped 332634 sequences
[M::worker_pipeline::179.290*3.31] mapped 332624 sequences
[M::worker_pipeline::179.950*3.31] mapped 332634 sequences
[M::worker_pipeline::180.568*3.31] mapped 332584 sequences
[M::worker_pipeline::181.217*3.31] mapped 332516 sequences
[M::worker_pipeline::181.804*3.31] mapped 332648 sequences
[M::worker_pipeline::182.428*3.31] mapped 332646 sequences
[M::worker_pipeline::183.070*3.32] mapped 332596 sequences
[M::worker_pipeline::183.689*3.32] mapped 332538 sequences
[M::worker_pipeline::184.353*3.32] mapped 332532 sequences
[M::worker_pipeline::185.064*3.32] mapped 332592 sequences
[M::worker_pipeline::185.724*3.32] mapped 332560 sequences
[M::worker_pipeline::186.352*3.32] mapped 332550 sequences
[M::worker_pipeline::187.016*3.32] mapped 332574 sequences
[M::worker_pipeline::187.684*3.32] mapped 332590 sequences
[M::worker_pipeline::188.331*3.32] mapped 332642 sequences
[M::worker_pipeline::188.998*3.32] mapped 332616 sequences
[M::worker_pipeline::189.652*3.32] mapped 332702 sequences
[M::worker_pipeline::190.218*3.32] mapped 332692 sequences
[M::worker_pipeline::190.942*3.32] mapped 332714 sequences
[M::worker_pipeline::191.583*3.33] mapped 332666 sequences
[M::worker_pipeline::192.242*3.33] mapped 332708 sequences
[M::worker_pipeline::192.913*3.33] mapped 332628 sequences
[M::worker_pipeline::193.579*3.33] mapped 332660 sequences
[M::worker_pipeline::194.306*3.33] mapped 332614 sequences
[M::worker_pipeline::194.924*3.33] mapped 332602 sequences
[M::worker_pipeline::195.570*3.33] mapped 332632 sequences
[M::worker_pipeline::196.271*3.33] mapped 332660 sequences
[M::worker_pipeline::196.936*3.33] mapped 332522 sequences
[M::worker_pipeline::197.584*3.33] mapped 332470 sequences
[M::worker_pipeline::198.219*3.33] mapped 332544 sequences
[M::worker_pipeline::198.923*3.33] mapped 332598 sequences
[M::worker_pipeline::199.544*3.33] mapped 332630 sequences
[M::worker_pipeline::200.109*3.33] mapped 332614 sequences
[M::worker_pipeline::200.685*3.34] mapped 332572 sequences
[M::worker_pipeline::201.406*3.34] mapped 332614 sequences
[M::worker_pipeline::201.998*3.34] mapped 332544 sequences
[M::worker_pipeline::202.720*3.34] mapped 332616 sequences
[M::worker_pipeline::203.300*3.34] mapped 332554 sequences
[M::worker_pipeline::203.982*3.34] mapped 332546 sequences
[M::worker_pipeline::204.515*3.34] mapped 332584 sequences
[M::worker_pipeline::205.212*3.34] mapped 332588 sequences
[M::worker_pipeline::205.907*3.34] mapped 332568 sequences
[M::worker_pipeline::206.497*3.34] mapped 332546 sequences
[M::worker_pipeline::207.146*3.34] mapped 332464 sequences
[M::worker_pipeline::207.836*3.34] mapped 332456 sequences
[M::worker_pipeline::208.517*3.35] mapped 332524 sequences
[M::worker_pipeline::209.083*3.35] mapped 332494 sequences
[M::worker_pipeline::209.971*3.34] mapped 332456 sequences
[M::worker_pipeline::210.766*3.34] mapped 332426 sequences
[M::worker_pipeline::211.627*3.34] mapped 332444 sequences
[M::worker_pipeline::212.485*3.34] mapped 332440 sequences
[M::worker_pipeline::213.299*3.34] mapped 332436 sequences
[M::worker_pipeline::214.054*3.34] mapped 332370 sequences
[M::worker_pipeline::214.642*3.34] mapped 332442 sequences
[M::worker_pipeline::215.293*3.34] mapped 332396 sequences
[M::worker_pipeline::215.932*3.34] mapped 332404 sequences
[M::worker_pipeline::216.564*3.34] mapped 332458 sequences
[M::worker_pipeline::217.202*3.34] mapped 332462 sequences
[M::worker_pipeline::217.842*3.34] mapped 332482 sequences
[M::worker_pipeline::218.426*3.35] mapped 332428 sequences
[M::worker_pipeline::219.054*3.35] mapped 332488 sequences
[M::worker_pipeline::219.719*3.35] mapped 332504 sequences
[M::worker_pipeline::220.244*3.35] mapped 332480 sequences
[M::worker_pipeline::220.982*3.35] mapped 332452 sequences
[M::worker_pipeline::227.423*3.28] mapped 332438 sequences
[M::worker_pipeline::227.638*3.28] mapped 332484 sequences
[M::worker_pipeline::227.856*3.28] mapped 332506 sequences
[M::worker_pipeline::228.385*3.28] mapped 332468 sequences
[M::worker_pipeline::229.016*3.28] mapped 332494 sequences
[M::worker_pipeline::229.735*3.28] mapped 332748 sequences
[M::worker_pipeline::230.330*3.28] mapped 332612 sequences
[M::worker_pipeline::231.001*3.29] mapped 332664 sequences
[M::worker_pipeline::231.611*3.29] mapped 332634 sequences
[M::worker_pipeline::232.321*3.29] mapped 332626 sequences
[M::worker_pipeline::232.983*3.29] mapped 332556 sequences
[M::worker_pipeline::233.593*3.29] mapped 332606 sequences
[M::worker_pipeline::234.279*3.29] mapped 332606 sequences
[M::worker_pipeline::234.894*3.29] mapped 332540 sequences
[M::worker_pipeline::235.499*3.29] mapped 332462 sequences
[M::worker_pipeline::236.136*3.29] mapped 332470 sequences
[M::worker_pipeline::236.794*3.29] mapped 332450 sequences
[M::worker_pipeline::237.412*3.30] mapped 332436 sequences
[M::worker_pipeline::238.001*3.30] mapped 332446 sequences
[M::worker_pipeline::238.660*3.30] mapped 332378 sequences
[M::worker_pipeline::239.331*3.30] mapped 332400 sequences
[M::worker_pipeline::239.937*3.30] mapped 332374 sequences
[M::worker_pipeline::240.588*3.30] mapped 332452 sequences
[M::worker_pipeline::241.219*3.30] mapped 332418 sequences
[M::worker_pipeline::241.836*3.30] mapped 332422 sequences
[M::worker_pipeline::242.510*3.30] mapped 332432 sequences
[M::worker_pipeline::243.204*3.30] mapped 332404 sequences
[M::worker_pipeline::243.898*3.30] mapped 332422 sequences
[M::worker_pipeline::244.605*3.30] mapped 332480 sequences
[M::worker_pipeline::245.239*3.30] mapped 332632 sequences
[M::worker_pipeline::245.838*3.31] mapped 332552 sequences
[M::worker_pipeline::246.510*3.31] mapped 332604 sequences
[M::worker_pipeline::247.239*3.31] mapped 332554 sequences
[M::worker_pipeline::247.877*3.31] mapped 332548 sequences
[M::worker_pipeline::248.465*3.31] mapped 332476 sequences
[M::worker_pipeline::249.086*3.31] mapped 332472 sequences
[M::worker_pipeline::249.766*3.31] mapped 332428 sequences
[M::worker_pipeline::250.457*3.31] mapped 332536 sequences
[M::worker_pipeline::251.107*3.31] mapped 332468 sequences
[M::worker_pipeline::251.782*3.31] mapped 332560 sequences
[M::worker_pipeline::252.470*3.31] mapped 332518 sequences
[M::worker_pipeline::253.058*3.31] mapped 332532 sequences
[M::worker_pipeline::253.827*3.32] mapped 332420 sequences
[M::worker_pipeline::254.381*3.32] mapped 332468 sequences
[M::worker_pipeline::255.065*3.32] mapped 332412 sequences
[M::worker_pipeline::255.714*3.32] mapped 332330 sequences
[M::worker_pipeline::256.361*3.32] mapped 332502 sequences
[M::worker_pipeline::257.062*3.32] mapped 332592 sequences
[M::worker_pipeline::257.683*3.32] mapped 332378 sequences
[M::worker_pipeline::258.351*3.32] mapped 332412 sequences
[M::worker_pipeline::259.019*3.32] mapped 332420 sequences
[M::worker_pipeline::259.658*3.32] mapped 332492 sequences
[M::worker_pipeline::260.382*3.32] mapped 332358 sequences
[M::worker_pipeline::261.006*3.32] mapped 332392 sequences
[M::worker_pipeline::261.672*3.32] mapped 332436 sequences
[M::worker_pipeline::262.333*3.32] mapped 332482 sequences
[M::worker_pipeline::263.004*3.32] mapped 332452 sequences
[M::worker_pipeline::263.684*3.32] mapped 332504 sequences
[M::worker_pipeline::264.413*3.32] mapped 332402 sequences
[M::worker_pipeline::265.115*3.32] mapped 332386 sequences
[M::worker_pipeline::265.769*3.32] mapped 332354 sequences
[M::worker_pipeline::266.448*3.32] mapped 332350 sequences
[M::worker_pipeline::267.104*3.33] mapped 332350 sequences
[M::worker_pipeline::267.714*3.33] mapped 332372 sequences
[M::worker_pipeline::268.332*3.33] mapped 332304 sequences
[M::worker_pipeline::269.002*3.33] mapped 332324 sequences
[M::worker_pipeline::269.681*3.33] mapped 332274 sequences
[M::worker_pipeline::270.312*3.33] mapped 332312 sequences
[M::worker_pipeline::270.966*3.33] mapped 332594 sequences
[M::worker_pipeline::271.661*3.33] mapped 332370 sequences
[M::worker_pipeline::272.316*3.33] mapped 332358 sequences
[M::worker_pipeline::272.938*3.33] mapped 332346 sequences
[M::worker_pipeline::273.628*3.33] mapped 332276 sequences
[M::worker_pipeline::274.271*3.33] mapped 332290 sequences
[M::worker_pipeline::274.900*3.33] mapped 332300 sequences
[M::worker_pipeline::275.537*3.33] mapped 332360 sequences
[M::worker_pipeline::276.177*3.33] mapped 332352 sequences
[M::worker_pipeline::276.781*3.33] mapped 332358 sequences
[M::worker_pipeline::277.499*3.33] mapped 332432 sequences
[M::worker_pipeline::278.059*3.34] mapped 332352 sequences
[M::worker_pipeline::278.840*3.33] mapped 332378 sequences
[M::worker_pipeline::279.691*3.33] mapped 332394 sequences
[M::worker_pipeline::280.660*3.33] mapped 332406 sequences
[M::worker_pipeline::281.464*3.33] mapped 332472 sequences
[M::worker_pipeline::282.117*3.33] mapped 332560 sequences
[M::worker_pipeline::282.779*3.33] mapped 332640 sequences
[M::worker_pipeline::283.388*3.33] mapped 332584 sequences
[M::worker_pipeline::284.056*3.33] mapped 332536 sequences
[M::worker_pipeline::284.637*3.33] mapped 332410 sequences
[M::worker_pipeline::285.293*3.33] mapped 332430 sequences
[M::worker_pipeline::285.943*3.34] mapped 332410 sequences
[M::worker_pipeline::286.617*3.34] mapped 332436 sequences
[M::worker_pipeline::287.223*3.34] mapped 332380 sequences
[M::worker_pipeline::287.816*3.34] mapped 332316 sequences
[M::worker_pipeline::288.643*3.34] mapped 332296 sequences
[M::worker_pipeline::289.199*3.34] mapped 332382 sequences
[M::worker_pipeline::289.853*3.34] mapped 332316 sequences
[M::worker_pipeline::290.456*3.34] mapped 332298 sequences
[M::worker_pipeline::291.143*3.34] mapped 332298 sequences
[M::worker_pipeline::291.831*3.34] mapped 332266 sequences
[M::worker_pipeline::292.553*3.34] mapped 332330 sequences
[M::worker_pipeline::293.202*3.34] mapped 332218 sequences
[M::worker_pipeline::293.851*3.34] mapped 332288 sequences
[M::worker_pipeline::294.584*3.34] mapped 332286 sequences
[M::worker_pipeline::295.167*3.34] mapped 332328 sequences
[M::worker_pipeline::295.826*3.34] mapped 332284 sequences
[M::worker_pipeline::301.079*3.31] mapped 332326 sequences
[M::worker_pipeline::301.314*3.30] mapped 332348 sequences
[M::worker_pipeline::301.518*3.30] mapped 332366 sequences
[M::worker_pipeline::302.033*3.31] mapped 332326 sequences
[M::worker_pipeline::302.666*3.31] mapped 332362 sequences
[M::worker_pipeline::303.374*3.31] mapped 332388 sequences
[M::worker_pipeline::303.978*3.31] mapped 332280 sequences
[M::worker_pipeline::304.589*3.31] mapped 332274 sequences
[M::worker_pipeline::305.287*3.31] mapped 332260 sequences
[M::worker_pipeline::305.844*3.31] mapped 332274 sequences
[M::worker_pipeline::306.461*3.31] mapped 332310 sequences
[M::worker_pipeline::307.106*3.31] mapped 332276 sequences
[M::worker_pipeline::307.727*3.31] mapped 332280 sequences
[M::worker_pipeline::308.401*3.31] mapped 332270 sequences
[M::worker_pipeline::309.020*3.32] mapped 332250 sequences
[M::worker_pipeline::309.572*3.32] mapped 332230 sequences
[M::worker_pipeline::310.274*3.32] mapped 332232 sequences
[M::worker_pipeline::310.927*3.32] mapped 332442 sequences
[M::worker_pipeline::311.582*3.32] mapped 332344 sequences
[M::worker_pipeline::312.285*3.32] mapped 332388 sequences
[M::worker_pipeline::312.931*3.32] mapped 332326 sequences
[M::worker_pipeline::313.522*3.32] mapped 332250 sequences
[M::worker_pipeline::314.201*3.32] mapped 332320 sequences
[M::worker_pipeline::314.864*3.32] mapped 332348 sequences
[M::worker_pipeline::315.456*3.32] mapped 332586 sequences
[M::worker_pipeline::316.085*3.32] mapped 332296 sequences
[M::worker_pipeline::316.756*3.32] mapped 332308 sequences
[M::worker_pipeline::317.337*3.32] mapped 332298 sequences
[M::worker_pipeline::318.014*3.32] mapped 332268 sequences
[M::worker_pipeline::318.708*3.32] mapped 332248 sequences
[M::worker_pipeline::319.390*3.32] mapped 332296 sequences
[M::worker_pipeline::320.025*3.32] mapped 332322 sequences
[M::worker_pipeline::320.720*3.32] mapped 332196 sequences
[M::worker_pipeline::321.353*3.33] mapped 332348 sequences
[M::worker_pipeline::321.985*3.33] mapped 332286 sequences
[M::worker_pipeline::322.554*3.33] mapped 332292 sequences
[M::worker_pipeline::323.210*3.33] mapped 332262 sequences
[M::worker_pipeline::323.764*3.33] mapped 332266 sequences
[M::worker_pipeline::324.411*3.33] mapped 332248 sequences
[M::worker_pipeline::325.103*3.33] mapped 332354 sequences
[M::worker_pipeline::325.824*3.33] mapped 332394 sequences
[M::worker_pipeline::326.401*3.33] mapped 332408 sequences
[M::worker_pipeline::327.076*3.33] mapped 332286 sequences
[M::worker_pipeline::327.794*3.33] mapped 332236 sequences
[M::worker_pipeline::328.459*3.33] mapped 332248 sequences
[M::worker_pipeline::329.011*3.33] mapped 332276 sequences
[M::worker_pipeline::329.704*3.33] mapped 332364 sequences
[M::worker_pipeline::330.328*3.33] mapped 332478 sequences
[M::worker_pipeline::330.927*3.34] mapped 332454 sequences
[M::worker_pipeline::331.666*3.33] mapped 332420 sequences
[M::worker_pipeline::332.303*3.34] mapped 332436 sequences
[M::worker_pipeline::332.964*3.34] mapped 332402 sequences
[M::worker_pipeline::333.636*3.34] mapped 332612 sequences
[M::worker_pipeline::334.322*3.34] mapped 332506 sequences
[M::worker_pipeline::334.854*3.34] mapped 332402 sequences
[M::worker_pipeline::335.508*3.34] mapped 332490 sequences
[M::worker_pipeline::336.201*3.34] mapped 332560 sequences
[M::worker_pipeline::336.902*3.34] mapped 332518 sequences
[M::worker_pipeline::337.579*3.34] mapped 332668 sequences
[M::worker_pipeline::338.214*3.34] mapped 332554 sequences
[M::worker_pipeline::338.916*3.34] mapped 332560 sequences
[M::worker_pipeline::339.513*3.34] mapped 332616 sequences
[M::worker_pipeline::340.159*3.34] mapped 332586 sequences
[M::worker_pipeline::340.819*3.34] mapped 332442 sequences
[M::worker_pipeline::341.511*3.34] mapped 332430 sequences
[M::worker_pipeline::342.431*3.34] mapped 332468 sequences
[M::worker_pipeline::343.102*3.34] mapped 332408 sequences
[M::worker_pipeline::343.843*3.34] mapped 332360 sequences
[M::worker_pipeline::344.640*3.34] mapped 332386 sequences
[M::worker_pipeline::345.448*3.34] mapped 332418 sequences
[M::worker_pipeline::346.085*3.34] mapped 332338 sequences
[M::worker_pipeline::346.834*3.34] mapped 332302 sequences
[M::worker_pipeline::347.433*3.34] mapped 332296 sequences
[M::worker_pipeline::348.098*3.34] mapped 332310 sequences
[M::worker_pipeline::348.708*3.34] mapped 332398 sequences
[M::worker_pipeline::349.387*3.34] mapped 332318 sequences
[M::worker_pipeline::349.952*3.34] mapped 332296 sequences
[M::worker_pipeline::350.673*3.34] mapped 332336 sequences
[M::worker_pipeline::351.311*3.34] mapped 332276 sequences
[M::worker_pipeline::351.946*3.34] mapped 332328 sequences
[M::worker_pipeline::352.623*3.34] mapped 332350 sequences
[M::worker_pipeline::353.233*3.34] mapped 332410 sequences
[M::worker_pipeline::353.787*3.34] mapped 332360 sequences
[M::worker_pipeline::354.457*3.34] mapped 332348 sequences
[M::worker_pipeline::355.108*3.35] mapped 332414 sequences
[M::worker_pipeline::356.374*3.35] mapped 332452 sequences
[M::worker_pipeline::357.136*3.35] mapped 332488 sequences
[M::worker_pipeline::357.718*3.35] mapped 332392 sequences
[M::worker_pipeline::358.367*3.35] mapped 332364 sequences
[M::worker_pipeline::359.010*3.35] mapped 332300 sequences
[M::worker_pipeline::359.665*3.35] mapped 332380 sequences
[M::worker_pipeline::360.283*3.35] mapped 332306 sequences
[M::worker_pipeline::361.031*3.35] mapped 332320 sequences
[M::worker_pipeline::361.698*3.35] mapped 332420 sequences
[M::worker_pipeline::362.316*3.35] mapped 332348 sequences
[M::worker_pipeline::362.939*3.35] mapped 332356 sequences
[M::worker_pipeline::363.617*3.35] mapped 332346 sequences
[M::worker_pipeline::364.225*3.36] mapped 332300 sequences
[M::worker_pipeline::364.940*3.36] mapped 332342 sequences
[M::worker_pipeline::365.601*3.36] mapped 332346 sequences
[M::worker_pipeline::366.239*3.36] mapped 332264 sequences
[M::worker_pipeline::366.826*3.36] mapped 332302 sequences
[M::worker_pipeline::367.519*3.36] mapped 332304 sequences
[M::worker_pipeline::368.177*3.36] mapped 332300 sequences
[M::worker_pipeline::368.834*3.36] mapped 332978 sequences
[M::worker_pipeline::369.590*3.36] mapped 332294 sequences
[M::worker_pipeline::374.794*3.33] mapped 332296 sequences
[M::worker_pipeline::375.061*3.33] mapped 332376 sequences
[M::worker_pipeline::375.258*3.33] mapped 332456 sequences
[M::worker_pipeline::375.768*3.33] mapped 332336 sequences
[M::worker_pipeline::376.420*3.33] mapped 332190 sequences
[M::worker_pipeline::377.067*3.33] mapped 332266 sequences
[M::worker_pipeline::377.663*3.33] mapped 332236 sequences
[M::worker_pipeline::378.264*3.33] mapped 332208 sequences
[M::worker_pipeline::378.998*3.33] mapped 332186 sequences
[M::worker_pipeline::379.609*3.33] mapped 332176 sequences
[M::worker_pipeline::380.321*3.33] mapped 332182 sequences
[M::worker_pipeline::380.934*3.33] mapped 332196 sequences
[M::worker_pipeline::381.586*3.33] mapped 332172 sequences
[M::worker_pipeline::382.326*3.33] mapped 332552 sequences
[M::worker_pipeline::382.926*3.33] mapped 332210 sequences
[M::worker_pipeline::383.500*3.33] mapped 332168 sequences
[M::worker_pipeline::384.144*3.33] mapped 332174 sequences
[M::worker_pipeline::384.819*3.33] mapped 332146 sequences
[M::worker_pipeline::385.461*3.33] mapped 332138 sequences
[M::worker_pipeline::386.101*3.33] mapped 332186 sequences
[M::worker_pipeline::386.811*3.33] mapped 332208 sequences
[M::worker_pipeline::387.461*3.33] mapped 332268 sequences
[M::worker_pipeline::388.139*3.33] mapped 332256 sequences
[M::worker_pipeline::388.699*3.34] mapped 332344 sequences
[M::worker_pipeline::389.366*3.34] mapped 332264 sequences
[M::worker_pipeline::389.996*3.34] mapped 332286 sequences
[M::worker_pipeline::390.681*3.34] mapped 332198 sequences
[M::worker_pipeline::391.318*3.34] mapped 332306 sequences
[M::worker_pipeline::392.012*3.34] mapped 332226 sequences
[M::worker_pipeline::392.585*3.34] mapped 332240 sequences
[M::worker_pipeline::393.286*3.34] mapped 332270 sequences
[M::worker_pipeline::393.892*3.34] mapped 332316 sequences
[M::worker_pipeline::394.475*3.34] mapped 332438 sequences
[M::worker_pipeline::395.118*3.34] mapped 332430 sequences
[M::worker_pipeline::395.786*3.34] mapped 332936 sequences
[M::worker_pipeline::396.430*3.34] mapped 332850 sequences
[M::worker_pipeline::397.144*3.34] mapped 332798 sequences
[M::worker_pipeline::397.737*3.34] mapped 332760 sequences
[M::worker_pipeline::398.331*3.34] mapped 332682 sequences
[M::worker_pipeline::399.037*3.34] mapped 332716 sequences
[M::worker_pipeline::399.607*3.34] mapped 332652 sequences
[M::worker_pipeline::400.229*3.34] mapped 332636 sequences
[M::worker_pipeline::400.950*3.34] mapped 332672 sequences
[M::worker_pipeline::401.477*3.35] mapped 332720 sequences
[M::worker_pipeline::402.167*3.35] mapped 332662 sequences
[M::worker_pipeline::402.870*3.35] mapped 332616 sequences
[M::worker_pipeline::403.508*3.35] mapped 332632 sequences
[M::worker_pipeline::404.120*3.35] mapped 332600 sequences
[M::worker_pipeline::404.778*3.35] mapped 332604 sequences
[M::worker_pipeline::405.433*3.35] mapped 332586 sequences
[M::worker_pipeline::406.131*3.35] mapped 332548 sequences
[M::worker_pipeline::406.818*3.35] mapped 332470 sequences
[M::worker_pipeline::407.518*3.35] mapped 332522 sequences
[M::worker_pipeline::408.085*3.35] mapped 332604 sequences
[M::worker_pipeline::408.748*3.35] mapped 332540 sequences
[M::worker_pipeline::409.429*3.35] mapped 332610 sequences
[M::worker_pipeline::410.170*3.35] mapped 332632 sequences
[M::worker_pipeline::410.757*3.35] mapped 332584 sequences
[M::worker_pipeline::411.386*3.35] mapped 332564 sequences
[M::worker_pipeline::411.979*3.35] mapped 332590 sequences
[M::worker_pipeline::412.578*3.35] mapped 332562 sequences
[M::worker_pipeline::413.290*3.35] mapped 332586 sequences
[M::worker_pipeline::413.887*3.35] mapped 332454 sequences
[M::worker_pipeline::414.616*3.35] mapped 332528 sequences
[M::worker_pipeline::415.251*3.35] mapped 332486 sequences
[M::worker_pipeline::415.837*3.35] mapped 332480 sequences
[M::worker_pipeline::416.487*3.35] mapped 332550 sequences
[M::worker_pipeline::417.166*3.35] mapped 332432 sequences
[M::worker_pipeline::417.848*3.35] mapped 332494 sequences
[M::worker_pipeline::418.448*3.36] mapped 332560 sequences
[M::worker_pipeline::419.154*3.36] mapped 332604 sequences
[M::worker_pipeline::419.803*3.36] mapped 332588 sequences
[M::worker_pipeline::420.436*3.36] mapped 332500 sequences
[M::worker_pipeline::421.135*3.36] mapped 332502 sequences
[M::worker_pipeline::421.675*3.36] mapped 332494 sequences
[M::worker_pipeline::422.318*3.36] mapped 332500 sequences
[M::worker_pipeline::423.041*3.36] mapped 332604 sequences
[M::worker_pipeline::423.660*3.36] mapped 332684 sequences
[M::worker_pipeline::424.326*3.36] mapped 332496 sequences
[M::worker_pipeline::424.939*3.36] mapped 332508 sequences
[M::worker_pipeline::425.554*3.36] mapped 332538 sequences
[M::worker_pipeline::426.144*3.36] mapped 332484 sequences
[M::worker_pipeline::426.733*3.36] mapped 332496 sequences
[M::worker_pipeline::427.437*3.36] mapped 332562 sequences
[M::worker_pipeline::428.081*3.36] mapped 332552 sequences
[M::worker_pipeline::428.710*3.36] mapped 332554 sequences
[M::worker_pipeline::429.411*3.36] mapped 332506 sequences
[M::worker_pipeline::430.032*3.36] mapped 332538 sequences
[M::worker_pipeline::430.701*3.36] mapped 332508 sequences
[M::worker_pipeline::431.297*3.36] mapped 332416 sequences
[M::worker_pipeline::431.941*3.36] mapped 332420 sequences
[M::worker_pipeline::432.644*3.36] mapped 332318 sequences
[M::worker_pipeline::433.254*3.36] mapped 332510 sequences
[M::worker_pipeline::433.985*3.36] mapped 332436 sequences
[M::worker_pipeline::434.644*3.36] mapped 332386 sequences
[M::worker_pipeline::435.292*3.36] mapped 332334 sequences
[M::worker_pipeline::436.012*3.36] mapped 332438 sequences
[M::worker_pipeline::436.638*3.37] mapped 332382 sequences
[M::worker_pipeline::437.240*3.37] mapped 332382 sequences
[M::worker_pipeline::437.871*3.37] mapped 332554 sequences
[M::worker_pipeline::438.515*3.37] mapped 332790 sequences
[M::worker_pipeline::439.250*3.37] mapped 332698 sequences
[M::worker_pipeline::439.833*3.37] mapped 332570 sequences
[M::worker_pipeline::440.497*3.37] mapped 332574 sequences
[M::worker_pipeline::441.139*3.37] mapped 332664 sequences
[M::worker_pipeline::446.452*3.34] mapped 332652 sequences
[M::worker_pipeline::446.605*3.34] mapped 332590 sequences
[M::worker_pipeline::446.810*3.34] mapped 332678 sequences
[M::worker_pipeline::447.415*3.34] mapped 332776 sequences
[M::worker_pipeline::448.045*3.34] mapped 332772 sequences
[M::worker_pipeline::448.662*3.34] mapped 332694 sequences
[M::worker_pipeline::449.337*3.34] mapped 332660 sequences
[M::worker_pipeline::449.817*3.34] mapped 290320 sequences
[M::main] Version: 2.22-r1101
[M::main] CMD: minimap2 --secondary=no -t 16 -R @RG\tID:snippy\tSM:snippy -ax sr /work/FAC/FBM/DMF/smitri/evomicrocomm/genome_size/data/ms/reference.fasta /work/FAC/FBM/DMF/smitri/evomicrocomm/genome_size/data/T11.3.2/read1.fq.gz /work/FAC/FBM/DMF/smitri/evomicrocomm/genome_size/data/T11.3.2/read2.fq.gz
[M::main] Real time: 449.838 sec; CPU: 1504.231 sec; Peak RSS: 0.475 GB
[bam_sort_core] merging from 96 files and 16 in-memory blocks...
[Sun Oct 17 22:43:52 2021]
Finished job 0.
1 of 1 steps (100%) done
