Building DAG of jobs...
Using shell: /usr/bin/bash
Provided cluster nodes: 100
Job stats:
job       count    min threads    max threads
------  -------  -------------  -------------
snippy        4             16             16
total         4             16             16

Select jobs to execute...

[Mon Oct 18 12:00:13 2021]
rule snippy:
    input: /work/FAC/FBM/DMF/smitri/evomicrocomm/genome_size/data/ct/reference.gbk, /work/FAC/FBM/DMF/smitri/evomicrocomm/genome_size/data/T44.3.4/ct/mapped_reads.sorted.bam
    output: /work/FAC/FBM/DMF/smitri/evomicrocomm/genome_size/data/T44.3.4/ct/snippy/snps.tab
    jobid: 80
    wildcards: sample=T44.3.4, strain=ct
    threads: 16
    resources: tmpdir=/tmp/2854425

Submitted job 80 with external jobid 'Submitted batch job 2854429'.

[Mon Oct 18 12:00:13 2021]
rule snippy:
    input: /work/FAC/FBM/DMF/smitri/evomicrocomm/genome_size/data/ct/reference.gbk, /work/FAC/FBM/DMF/smitri/evomicrocomm/genome_size/data/T44.3.2/ct/mapped_reads.sorted.bam
    output: /work/FAC/FBM/DMF/smitri/evomicrocomm/genome_size/data/T44.3.2/ct/snippy/snps.tab
    jobid: 26
    wildcards: sample=T44.3.2, strain=ct
    threads: 16
    resources: tmpdir=/tmp/2854425

Submitted job 26 with external jobid 'Submitted batch job 2854430'.

[Mon Oct 18 12:00:13 2021]
rule snippy:
    input: /work/FAC/FBM/DMF/smitri/evomicrocomm/genome_size/data/ct/reference.gbk, /work/FAC/FBM/DMF/smitri/evomicrocomm/genome_size/data/T11.3.1/ct/mapped_reads.sorted.bam
    output: /work/FAC/FBM/DMF/smitri/evomicrocomm/genome_size/data/T11.3.1/ct/snippy/snps.tab
    jobid: 114
    wildcards: sample=T11.3.1, strain=ct
    threads: 16
    resources: tmpdir=/tmp/2854425

Submitted job 114 with external jobid 'Submitted batch job 2854431'.

[Mon Oct 18 12:00:13 2021]
rule snippy:
    input: /work/FAC/FBM/DMF/smitri/evomicrocomm/genome_size/data/ct/reference.gbk, /work/FAC/FBM/DMF/smitri/evomicrocomm/genome_size/data/T33.3.1/ct/mapped_reads.sorted.bam
    output: /work/FAC/FBM/DMF/smitri/evomicrocomm/genome_size/data/T33.3.1/ct/snippy/snps.tab
    jobid: 2
    wildcards: sample=T33.3.1, strain=ct
    threads: 16
    resources: tmpdir=/tmp/2854425

Submitted job 2 with external jobid 'Submitted batch job 2854432'.
[Mon Oct 18 12:21:54 2021]
Error in rule snippy:
    jobid: 26
    output: /work/FAC/FBM/DMF/smitri/evomicrocomm/genome_size/data/T44.3.2/ct/snippy/snps.tab
    shell:
        
        snippy --cpus 16 --force --ram 64 --minfrac 0.8 --cleanup --outdir         /work/FAC/FBM/DMF/smitri/evomicrocomm/genome_size/data/T44.3.2/ct/snippy --reference /work/FAC/FBM/DMF/smitri/evomicrocomm/genome_size/data/ct/reference.gbk --bam /work/FAC/FBM/DMF/smitri/evomicrocomm/genome_size/data/T44.3.2/ct/mapped_reads.sorted.bam
        
        (one of the commands exited with non-zero exit code; note that snakemake uses bash strict mode!)
    cluster_jobid: Submitted batch job 2854430

Error executing rule snippy on cluster (jobid: 26, external: Submitted batch job 2854430, jobscript: /users/eulrich/black_queen_hypothesis/scripts/workflows/.snakemake/tmp.dreo9iyq/snakejob.snippy.26.sh). For error details see the cluster log and the log files of the involved rule(s).
[Mon Oct 18 12:22:14 2021]
Error in rule snippy:
    jobid: 2
    output: /work/FAC/FBM/DMF/smitri/evomicrocomm/genome_size/data/T33.3.1/ct/snippy/snps.tab
    shell:
        
        snippy --cpus 16 --force --ram 64 --minfrac 0.8 --cleanup --outdir         /work/FAC/FBM/DMF/smitri/evomicrocomm/genome_size/data/T33.3.1/ct/snippy --reference /work/FAC/FBM/DMF/smitri/evomicrocomm/genome_size/data/ct/reference.gbk --bam /work/FAC/FBM/DMF/smitri/evomicrocomm/genome_size/data/T33.3.1/ct/mapped_reads.sorted.bam
        
        (one of the commands exited with non-zero exit code; note that snakemake uses bash strict mode!)
    cluster_jobid: Submitted batch job 2854432

Error executing rule snippy on cluster (jobid: 2, external: Submitted batch job 2854432, jobscript: /users/eulrich/black_queen_hypothesis/scripts/workflows/.snakemake/tmp.dreo9iyq/snakejob.snippy.2.sh). For error details see the cluster log and the log files of the involved rule(s).
[Mon Oct 18 12:24:34 2021]
Finished job 80.
1 of 4 steps (25%) done
[Mon Oct 18 12:25:14 2021]
Finished job 114.
2 of 4 steps (50%) done
Shutting down, this might take some time.
Exiting because a job execution failed. Look above for error message
Complete log: /users/eulrich/black_queen_hypothesis/scripts/workflows/.snakemake/log/2021-10-18T120009.469978.snakemake.log
