Building DAG of jobs...
Using shell: /usr/bin/bash
Provided cores: 16
Rules claiming more threads will be scaled down.
Select jobs to execute...

[Sun Oct 17 22:43:36 2021]
rule mapping:
    input: /work/FAC/FBM/DMF/smitri/evomicrocomm/genome_size/data/ct/reference.fasta, /work/FAC/FBM/DMF/smitri/evomicrocomm/genome_size/data/T22.2.5/read1.fq.gz, /work/FAC/FBM/DMF/smitri/evomicrocomm/genome_size/data/T22.2.5/read2.fq.gz
    output: /work/FAC/FBM/DMF/smitri/evomicrocomm/genome_size/data/T22.2.5/ct/mapped_reads.sorted.bam
    jobid: 0
    wildcards: sample=T22.2.5, strain=ct
    threads: 16
    resources: mem_mb=1000, disk_mb=1000, tmpdir=/tmp/2846163

[M::mm_idx_gen::0.146*0.93] collected minimizers
[M::mm_idx_gen::0.168*1.91] sorted minimizers
[M::main::0.168*1.91] loaded/built the index for 2 target sequence(s)
[M::mm_mapopt_update::0.168*1.91] mid_occ = 1000
[M::mm_idx_stat] kmer size: 21; skip: 11; is_hpc: 0; #seq: 2
[M::mm_idx_stat::0.182*1.84] distinct minimizers: 993850 (99.11% are singletons); average occurrences: 1.021; average spacing: 5.998; total length: 6084391
[M::worker_pipeline::1.979*3.95] mapped 334518 sequences
[M::worker_pipeline::3.002*4.93] mapped 334502 sequences
[M::worker_pipeline::3.865*6.13] mapped 334780 sequences
[M::worker_pipeline::5.041*7.17] mapped 334704 sequences
[M::worker_pipeline::5.791*7.45] mapped 334736 sequences
[M::worker_pipeline::6.621*7.56] mapped 334818 sequences
[M::worker_pipeline::7.448*7.64] mapped 334642 sequences
[M::worker_pipeline::8.232*7.75] mapped 334714 sequences
[M::worker_pipeline::9.200*8.05] mapped 334696 sequences
[M::worker_pipeline::9.598*7.76] mapped 334546 sequences
[M::worker_pipeline::9.878*7.57] mapped 224694 sequences
[M::main] Version: 2.22-r1101
[M::main] CMD: minimap2 --secondary=no -t 16 -R @RG\tID:snippy\tSM:snippy -ax sr /work/FAC/FBM/DMF/smitri/evomicrocomm/genome_size/data/ct/reference.fasta /work/FAC/FBM/DMF/smitri/evomicrocomm/genome_size/data/T22.2.5/read1.fq.gz /work/FAC/FBM/DMF/smitri/evomicrocomm/genome_size/data/T22.2.5/read2.fq.gz
[M::main] Real time: 9.915 sec; CPU: 74.780 sec; Peak RSS: 0.590 GB
[bam_sort_core] merging from 0 files and 16 in-memory blocks...
[Sun Oct 17 22:43:51 2021]
Finished job 0.
1 of 1 steps (100%) done
