Building DAG of jobs...
Using shell: /usr/bin/bash
Provided cores: 16
Rules claiming more threads will be scaled down.
Select jobs to execute...

[Sun Oct 17 22:36:17 2021]
rule mapping:
    input: /work/FAC/FBM/DMF/smitri/evomicrocomm/genome_size/data/ms/reference.fasta, /work/FAC/FBM/DMF/smitri/evomicrocomm/genome_size/data/T11.3.5/read1.fq.gz, /work/FAC/FBM/DMF/smitri/evomicrocomm/genome_size/data/T11.3.5/read2.fq.gz
    output: /work/FAC/FBM/DMF/smitri/evomicrocomm/genome_size/data/T11.3.5/ms/mapped_reads.sorted.bam
    jobid: 0
    wildcards: sample=T11.3.5, strain=ms
    threads: 16
    resources: mem_mb=26542, disk_mb=26542, tmpdir=/tmp/2846052

[M::mm_idx_gen::0.102*0.87] collected minimizers
[M::mm_idx_gen::0.119*2.55] sorted minimizers
[M::main::0.119*2.55] loaded/built the index for 1 target sequence(s)
[M::mm_mapopt_update::0.119*2.55] mid_occ = 1000
[M::mm_idx_stat] kmer size: 21; skip: 11; is_hpc: 0; #seq: 1
[M::mm_idx_stat::0.127*2.46] distinct minimizers: 620509 (99.65% are singletons); average occurrences: 1.004; average spacing: 5.998; total length: 3737398
[M::worker_pipeline::1.098*2.60] mapped 333036 sequences
[M::worker_pipeline::1.806*2.88] mapped 332996 sequences
[M::worker_pipeline::2.465*3.06] mapped 332938 sequences
[M::worker_pipeline::3.049*3.24] mapped 332764 sequences
[M::worker_pipeline::3.703*3.26] mapped 332776 sequences
[M::worker_pipeline::4.325*3.31] mapped 332734 sequences
[M::worker_pipeline::4.958*3.34] mapped 332680 sequences
[M::worker_pipeline::5.540*3.39] mapped 332652 sequences
[M::worker_pipeline::6.143*3.41] mapped 332650 sequences
[M::worker_pipeline::6.809*3.44] mapped 332674 sequences
[M::worker_pipeline::7.372*3.47] mapped 332632 sequences
[M::worker_pipeline::7.993*3.47] mapped 332612 sequences
[M::worker_pipeline::8.678*3.47] mapped 332548 sequences
[M::worker_pipeline::9.263*3.51] mapped 332592 sequences
[M::worker_pipeline::9.872*3.52] mapped 332578 sequences
[M::worker_pipeline::10.487*3.52] mapped 332560 sequences
[M::worker_pipeline::11.083*3.53] mapped 332556 sequences
[M::worker_pipeline::11.723*3.54] mapped 332526 sequences
[M::worker_pipeline::12.318*3.56] mapped 332584 sequences
[M::worker_pipeline::12.928*3.56] mapped 332576 sequences
[M::worker_pipeline::13.554*3.57] mapped 332600 sequences
[M::worker_pipeline::14.165*3.57] mapped 332728 sequences
[M::worker_pipeline::14.767*3.58] mapped 332796 sequences
[M::worker_pipeline::15.446*3.58] mapped 332824 sequences
[M::worker_pipeline::16.060*3.59] mapped 332830 sequences
[M::worker_pipeline::16.659*3.60] mapped 332766 sequences
[M::worker_pipeline::17.272*3.60] mapped 332922 sequences
[M::worker_pipeline::17.920*3.60] mapped 332756 sequences
[M::worker_pipeline::18.562*3.60] mapped 332690 sequences
[M::worker_pipeline::19.143*3.60] mapped 332726 sequences
[M::worker_pipeline::19.791*3.60] mapped 332636 sequences
[M::worker_pipeline::20.404*3.60] mapped 332606 sequences
[M::worker_pipeline::20.958*3.61] mapped 332622 sequences
[M::worker_pipeline::21.608*3.60] mapped 332556 sequences
[M::worker_pipeline::22.219*3.60] mapped 332600 sequences
[M::worker_pipeline::22.842*3.61] mapped 332580 sequences
[M::worker_pipeline::23.417*3.62] mapped 332618 sequences
[M::worker_pipeline::24.072*3.62] mapped 332614 sequences
[M::worker_pipeline::24.674*3.62] mapped 332900 sequences
[M::worker_pipeline::25.238*3.63] mapped 332712 sequences
[M::worker_pipeline::25.876*3.63] mapped 332644 sequences
[M::worker_pipeline::26.477*3.63] mapped 332632 sequences
[M::worker_pipeline::27.046*3.63] mapped 332608 sequences
[M::worker_pipeline::27.692*3.63] mapped 332546 sequences
[M::worker_pipeline::28.308*3.63] mapped 332540 sequences
[M::worker_pipeline::28.919*3.63] mapped 332554 sequences
[M::worker_pipeline::29.547*3.63] mapped 332592 sequences
[M::worker_pipeline::30.154*3.63] mapped 332538 sequences
[M::worker_pipeline::30.782*3.63] mapped 332452 sequences
[M::worker_pipeline::31.424*3.63] mapped 332538 sequences
[M::worker_pipeline::32.034*3.63] mapped 332550 sequences
[M::worker_pipeline::32.625*3.63] mapped 332564 sequences
[M::worker_pipeline::33.238*3.63] mapped 332602 sequences
[M::worker_pipeline::33.827*3.63] mapped 332486 sequences
[M::worker_pipeline::34.445*3.64] mapped 332512 sequences
[M::worker_pipeline::35.085*3.64] mapped 332682 sequences
[M::worker_pipeline::35.612*3.64] mapped 332582 sequences
[M::worker_pipeline::36.241*3.64] mapped 332646 sequences
[M::worker_pipeline::36.905*3.64] mapped 332660 sequences
[M::worker_pipeline::37.513*3.64] mapped 332654 sequences
[M::worker_pipeline::38.125*3.64] mapped 332702 sequences
[M::worker_pipeline::38.771*3.64] mapped 332572 sequences
[M::worker_pipeline::39.396*3.64] mapped 332528 sequences
[M::worker_pipeline::39.997*3.65] mapped 332546 sequences
[M::worker_pipeline::40.619*3.65] mapped 332560 sequences
[M::worker_pipeline::41.241*3.65] mapped 332588 sequences
[M::worker_pipeline::41.882*3.65] mapped 332692 sequences
[M::worker_pipeline::42.502*3.65] mapped 332656 sequences
[M::worker_pipeline::43.086*3.65] mapped 332744 sequences
[M::worker_pipeline::43.698*3.65] mapped 332732 sequences
[M::worker_pipeline::44.299*3.65] mapped 332872 sequences
[M::worker_pipeline::44.929*3.65] mapped 332832 sequences
[M::worker_pipeline::45.518*3.66] mapped 332988 sequences
[M::worker_pipeline::46.103*3.66] mapped 333078 sequences
[M::worker_pipeline::46.736*3.65] mapped 332960 sequences
[M::worker_pipeline::47.370*3.65] mapped 333044 sequences
[M::worker_pipeline::47.991*3.65] mapped 332948 sequences
[M::worker_pipeline::48.630*3.66] mapped 333046 sequences
[M::worker_pipeline::49.264*3.66] mapped 333064 sequences
[M::worker_pipeline::49.883*3.66] mapped 332750 sequences
[M::worker_pipeline::50.498*3.65] mapped 332622 sequences
[M::worker_pipeline::51.125*3.65] mapped 332564 sequences
[M::worker_pipeline::51.703*3.66] mapped 332492 sequences
[M::worker_pipeline::52.346*3.65] mapped 332484 sequences
[M::worker_pipeline::52.995*3.65] mapped 332406 sequences
[M::worker_pipeline::53.615*3.65] mapped 332394 sequences
[M::worker_pipeline::54.221*3.65] mapped 332394 sequences
[M::worker_pipeline::54.828*3.65] mapped 332282 sequences
[M::worker_pipeline::55.442*3.66] mapped 332230 sequences
[M::worker_pipeline::56.018*3.66] mapped 332312 sequences
[M::worker_pipeline::56.609*3.66] mapped 332346 sequences
[M::worker_pipeline::57.244*3.66] mapped 332284 sequences
[M::worker_pipeline::57.845*3.66] mapped 332340 sequences
[M::worker_pipeline::58.455*3.66] mapped 332284 sequences
[M::worker_pipeline::59.092*3.66] mapped 332310 sequences
[M::worker_pipeline::59.713*3.66] mapped 332264 sequences
[M::worker_pipeline::60.275*3.66] mapped 332250 sequences
[M::worker_pipeline::60.908*3.66] mapped 332304 sequences
[M::worker_pipeline::61.528*3.66] mapped 332280 sequences
[M::worker_pipeline::62.113*3.66] mapped 332266 sequences
[M::worker_pipeline::62.740*3.66] mapped 332318 sequences
[M::worker_pipeline::63.352*3.66] mapped 332404 sequences
[M::worker_pipeline::63.935*3.66] mapped 332446 sequences
[M::worker_pipeline::64.551*3.66] mapped 332536 sequences
[M::worker_pipeline::65.150*3.66] mapped 332520 sequences
[M::worker_pipeline::70.199*3.48] mapped 332612 sequences
[M::worker_pipeline::70.377*3.48] mapped 332640 sequences
[M::worker_pipeline::70.555*3.48] mapped 332456 sequences
[M::worker_pipeline::71.080*3.48] mapped 332522 sequences
[M::worker_pipeline::71.673*3.48] mapped 332374 sequences
[M::worker_pipeline::72.282*3.48] mapped 332406 sequences
[M::worker_pipeline::72.919*3.48] mapped 332354 sequences
[M::worker_pipeline::73.550*3.48] mapped 332344 sequences
[M::worker_pipeline::74.188*3.49] mapped 332348 sequences
[M::worker_pipeline::74.801*3.49] mapped 332374 sequences
[M::worker_pipeline::75.402*3.49] mapped 332310 sequences
[M::worker_pipeline::76.064*3.49] mapped 332410 sequences
[M::worker_pipeline::76.669*3.49] mapped 332498 sequences
[M::worker_pipeline::77.265*3.49] mapped 332630 sequences
[M::worker_pipeline::77.942*3.49] mapped 332658 sequences
[M::worker_pipeline::78.546*3.49] mapped 332352 sequences
[M::worker_pipeline::79.167*3.49] mapped 332358 sequences
[M::worker_pipeline::79.746*3.50] mapped 332330 sequences
[M::worker_pipeline::80.332*3.50] mapped 332352 sequences
[M::worker_pipeline::80.936*3.50] mapped 332308 sequences
[M::worker_pipeline::81.572*3.50] mapped 332290 sequences
[M::worker_pipeline::82.175*3.50] mapped 332248 sequences
[M::worker_pipeline::82.795*3.51] mapped 332310 sequences
[M::worker_pipeline::83.375*3.51] mapped 332354 sequences
[M::worker_pipeline::83.957*3.51] mapped 332354 sequences
[M::worker_pipeline::84.591*3.51] mapped 332300 sequences
[M::worker_pipeline::85.174*3.51] mapped 332330 sequences
[M::worker_pipeline::85.780*3.51] mapped 332318 sequences
[M::worker_pipeline::86.401*3.51] mapped 332242 sequences
[M::worker_pipeline::86.994*3.52] mapped 332208 sequences
[M::worker_pipeline::87.599*3.52] mapped 332204 sequences
[M::worker_pipeline::88.202*3.52] mapped 332290 sequences
[M::worker_pipeline::88.803*3.52] mapped 332280 sequences
[M::worker_pipeline::89.394*3.52] mapped 332302 sequences
[M::worker_pipeline::90.028*3.52] mapped 332282 sequences
[M::worker_pipeline::90.619*3.52] mapped 332220 sequences
[M::worker_pipeline::91.226*3.53] mapped 332250 sequences
[M::worker_pipeline::91.818*3.53] mapped 332190 sequences
[M::worker_pipeline::92.438*3.53] mapped 332188 sequences
[M::worker_pipeline::92.997*3.53] mapped 332218 sequences
[M::worker_pipeline::93.618*3.53] mapped 332210 sequences
[M::worker_pipeline::94.227*3.53] mapped 332262 sequences
[M::worker_pipeline::94.824*3.54] mapped 332282 sequences
[M::worker_pipeline::95.446*3.54] mapped 332270 sequences
[M::worker_pipeline::96.060*3.54] mapped 332238 sequences
[M::worker_pipeline::96.670*3.54] mapped 332302 sequences
[M::worker_pipeline::97.305*3.54] mapped 332292 sequences
[M::worker_pipeline::97.927*3.54] mapped 332292 sequences
[M::worker_pipeline::98.544*3.54] mapped 332256 sequences
[M::worker_pipeline::99.179*3.54] mapped 332270 sequences
[M::worker_pipeline::99.783*3.54] mapped 332306 sequences
[M::worker_pipeline::100.401*3.54] mapped 332292 sequences
[M::worker_pipeline::101.007*3.54] mapped 332334 sequences
[M::worker_pipeline::101.591*3.55] mapped 332364 sequences
[M::worker_pipeline::102.235*3.55] mapped 332552 sequences
[M::worker_pipeline::102.855*3.55] mapped 332622 sequences
[M::worker_pipeline::103.413*3.55] mapped 332532 sequences
[M::worker_pipeline::104.057*3.55] mapped 332510 sequences
[M::worker_pipeline::104.679*3.55] mapped 332478 sequences
[M::worker_pipeline::105.289*3.55] mapped 332436 sequences
[M::worker_pipeline::105.892*3.55] mapped 332350 sequences
[M::worker_pipeline::106.484*3.55] mapped 332352 sequences
[M::worker_pipeline::107.085*3.55] mapped 332374 sequences
[M::worker_pipeline::107.698*3.55] mapped 332356 sequences
[M::worker_pipeline::108.325*3.55] mapped 332352 sequences
[M::worker_pipeline::108.900*3.56] mapped 332330 sequences
[M::worker_pipeline::109.519*3.56] mapped 332302 sequences
[M::worker_pipeline::110.132*3.56] mapped 332278 sequences
[M::worker_pipeline::110.754*3.56] mapped 332292 sequences
[M::worker_pipeline::111.377*3.56] mapped 332282 sequences
[M::worker_pipeline::111.979*3.56] mapped 332288 sequences
[M::worker_pipeline::112.564*3.56] mapped 332192 sequences
[M::worker_pipeline::113.181*3.56] mapped 332308 sequences
[M::worker_pipeline::113.818*3.56] mapped 332250 sequences
[M::worker_pipeline::114.421*3.56] mapped 332282 sequences
[M::worker_pipeline::115.023*3.56] mapped 332282 sequences
[M::worker_pipeline::115.648*3.56] mapped 332362 sequences
[M::worker_pipeline::116.269*3.56] mapped 332290 sequences
[M::worker_pipeline::116.858*3.57] mapped 332374 sequences
[M::worker_pipeline::117.490*3.57] mapped 332402 sequences
[M::worker_pipeline::118.055*3.57] mapped 332390 sequences
[M::worker_pipeline::118.625*3.57] mapped 332340 sequences
[M::worker_pipeline::119.266*3.57] mapped 332372 sequences
[M::worker_pipeline::119.843*3.57] mapped 332276 sequences
[M::worker_pipeline::120.450*3.57] mapped 332308 sequences
[M::worker_pipeline::121.097*3.57] mapped 332252 sequences
[M::worker_pipeline::121.706*3.57] mapped 332222 sequences
[M::worker_pipeline::122.313*3.57] mapped 332230 sequences
[M::worker_pipeline::122.936*3.57] mapped 332224 sequences
[M::worker_pipeline::123.548*3.58] mapped 332252 sequences
[M::worker_pipeline::124.159*3.58] mapped 332242 sequences
[M::worker_pipeline::124.758*3.58] mapped 332356 sequences
[M::worker_pipeline::125.360*3.58] mapped 332282 sequences
[M::worker_pipeline::125.981*3.58] mapped 332482 sequences
[M::worker_pipeline::126.612*3.58] mapped 332372 sequences
[M::worker_pipeline::127.194*3.58] mapped 332316 sequences
[M::worker_pipeline::127.958*3.58] mapped 332280 sequences
[M::worker_pipeline::128.857*3.57] mapped 332278 sequences
[M::worker_pipeline::129.635*3.57] mapped 332310 sequences
[M::worker_pipeline::130.415*3.56] mapped 332566 sequences
[M::worker_pipeline::131.278*3.56] mapped 332328 sequences
[M::worker_pipeline::131.894*3.56] mapped 332338 sequences
[M::worker_pipeline::132.486*3.56] mapped 332272 sequences
[M::worker_pipeline::133.080*3.56] mapped 332232 sequences
[M::worker_pipeline::133.724*3.56] mapped 332306 sequences
[M::worker_pipeline::134.300*3.56] mapped 332322 sequences
[M::worker_pipeline::139.375*3.48] mapped 332290 sequences
[M::worker_pipeline::139.553*3.47] mapped 332204 sequences
[M::worker_pipeline::139.735*3.47] mapped 332228 sequences
[M::worker_pipeline::140.241*3.47] mapped 332220 sequences
[M::worker_pipeline::140.868*3.48] mapped 332248 sequences
[M::worker_pipeline::141.451*3.48] mapped 332252 sequences
[M::worker_pipeline::142.016*3.48] mapped 332274 sequences
[M::worker_pipeline::142.652*3.48] mapped 332286 sequences
[M::worker_pipeline::143.279*3.48] mapped 332264 sequences
[M::worker_pipeline::143.862*3.48] mapped 332256 sequences
[M::worker_pipeline::144.471*3.48] mapped 332228 sequences
[M::worker_pipeline::145.113*3.48] mapped 332226 sequences
[M::worker_pipeline::145.681*3.48] mapped 332236 sequences
[M::worker_pipeline::146.278*3.48] mapped 332232 sequences
[M::worker_pipeline::146.949*3.48] mapped 332274 sequences
[M::worker_pipeline::147.541*3.48] mapped 332322 sequences
[M::worker_pipeline::148.202*3.49] mapped 332322 sequences
[M::worker_pipeline::148.818*3.49] mapped 332380 sequences
[M::worker_pipeline::149.426*3.49] mapped 332362 sequences
[M::worker_pipeline::150.070*3.49] mapped 332364 sequences
[M::worker_pipeline::150.668*3.49] mapped 332402 sequences
[M::worker_pipeline::151.284*3.49] mapped 332382 sequences
[M::worker_pipeline::151.868*3.49] mapped 332408 sequences
[M::worker_pipeline::152.485*3.49] mapped 332498 sequences
[M::worker_pipeline::153.125*3.49] mapped 332512 sequences
[M::worker_pipeline::153.715*3.49] mapped 332426 sequences
[M::worker_pipeline::154.356*3.49] mapped 332480 sequences
[M::worker_pipeline::154.969*3.49] mapped 332444 sequences
[M::worker_pipeline::155.540*3.49] mapped 332786 sequences
[M::worker_pipeline::156.161*3.50] mapped 332898 sequences
[M::worker_pipeline::156.787*3.50] mapped 332804 sequences
[M::worker_pipeline::157.354*3.50] mapped 332796 sequences
[M::worker_pipeline::158.003*3.50] mapped 332740 sequences
[M::worker_pipeline::158.614*3.50] mapped 332694 sequences
[M::worker_pipeline::159.206*3.50] mapped 332674 sequences
[M::worker_pipeline::159.829*3.50] mapped 332600 sequences
[M::worker_pipeline::160.463*3.50] mapped 332556 sequences
[M::worker_pipeline::161.064*3.50] mapped 332576 sequences
[M::worker_pipeline::161.677*3.50] mapped 332602 sequences
[M::worker_pipeline::162.290*3.50] mapped 332540 sequences
[M::worker_pipeline::162.891*3.51] mapped 332526 sequences
[M::worker_pipeline::163.509*3.51] mapped 332458 sequences
[M::worker_pipeline::164.125*3.51] mapped 332544 sequences
[M::worker_pipeline::164.706*3.51] mapped 332502 sequences
[M::worker_pipeline::165.307*3.51] mapped 332526 sequences
[M::worker_pipeline::165.953*3.51] mapped 332470 sequences
[M::worker_pipeline::166.556*3.51] mapped 332486 sequences
[M::worker_pipeline::167.136*3.51] mapped 332458 sequences
[M::worker_pipeline::167.745*3.51] mapped 332528 sequences
[M::worker_pipeline::168.342*3.51] mapped 332454 sequences
[M::worker_pipeline::168.948*3.51] mapped 332470 sequences
[M::worker_pipeline::169.543*3.51] mapped 332510 sequences
[M::worker_pipeline::170.128*3.52] mapped 332526 sequences
[M::worker_pipeline::170.745*3.52] mapped 332546 sequences
[M::worker_pipeline::171.373*3.52] mapped 332578 sequences
[M::worker_pipeline::171.994*3.52] mapped 332590 sequences
[M::worker_pipeline::172.587*3.52] mapped 332578 sequences
[M::worker_pipeline::173.223*3.52] mapped 332502 sequences
[M::worker_pipeline::173.834*3.52] mapped 332606 sequences
[M::worker_pipeline::174.446*3.52] mapped 332540 sequences
[M::worker_pipeline::175.045*3.52] mapped 332538 sequences
[M::worker_pipeline::175.648*3.52] mapped 332486 sequences
[M::worker_pipeline::176.255*3.52] mapped 332502 sequences
[M::worker_pipeline::176.893*3.52] mapped 332460 sequences
[M::worker_pipeline::177.521*3.52] mapped 332540 sequences
[M::worker_pipeline::178.110*3.52] mapped 332422 sequences
[M::worker_pipeline::178.731*3.53] mapped 332410 sequences
[M::worker_pipeline::179.324*3.53] mapped 332420 sequences
[M::worker_pipeline::179.944*3.53] mapped 332436 sequences
[M::worker_pipeline::180.560*3.53] mapped 332464 sequences
[M::worker_pipeline::181.188*3.53] mapped 332496 sequences
[M::worker_pipeline::181.806*3.53] mapped 332510 sequences
[M::worker_pipeline::182.409*3.53] mapped 332460 sequences
[M::worker_pipeline::183.022*3.53] mapped 332460 sequences
[M::worker_pipeline::183.615*3.53] mapped 332436 sequences
[M::worker_pipeline::184.247*3.53] mapped 332476 sequences
[M::worker_pipeline::184.860*3.53] mapped 332496 sequences
[M::worker_pipeline::185.438*3.53] mapped 332460 sequences
[M::worker_pipeline::186.071*3.53] mapped 332420 sequences
[M::worker_pipeline::186.682*3.53] mapped 332454 sequences
[M::worker_pipeline::187.283*3.53] mapped 332446 sequences
[M::worker_pipeline::187.888*3.53] mapped 332390 sequences
[M::worker_pipeline::188.529*3.53] mapped 332420 sequences
[M::worker_pipeline::189.135*3.53] mapped 332356 sequences
[M::worker_pipeline::189.753*3.53] mapped 332352 sequences
[M::worker_pipeline::190.368*3.53] mapped 332370 sequences
[M::worker_pipeline::190.937*3.54] mapped 332408 sequences
[M::worker_pipeline::191.525*3.54] mapped 332370 sequences
[M::worker_pipeline::192.165*3.54] mapped 332340 sequences
[M::worker_pipeline::192.734*3.54] mapped 332320 sequences
[M::worker_pipeline::193.343*3.54] mapped 332266 sequences
[M::worker_pipeline::193.969*3.54] mapped 332340 sequences
[M::worker_pipeline::194.557*3.54] mapped 332316 sequences
[M::worker_pipeline::195.148*3.54] mapped 332338 sequences
[M::worker_pipeline::195.796*3.54] mapped 332366 sequences
[M::worker_pipeline::196.373*3.54] mapped 332380 sequences
[M::worker_pipeline::196.993*3.54] mapped 332370 sequences
[M::worker_pipeline::197.586*3.54] mapped 332342 sequences
[M::worker_pipeline::198.162*3.54] mapped 332428 sequences
[M::worker_pipeline::198.780*3.54] mapped 332402 sequences
[M::worker_pipeline::199.349*3.54] mapped 332360 sequences
[M::worker_pipeline::199.976*3.54] mapped 332334 sequences
[M::worker_pipeline::200.554*3.55] mapped 332344 sequences
[M::worker_pipeline::201.166*3.55] mapped 332368 sequences
[M::worker_pipeline::201.792*3.55] mapped 332390 sequences
[M::worker_pipeline::206.820*3.49] mapped 332360 sequences
[M::worker_pipeline::206.999*3.49] mapped 332348 sequences
[M::worker_pipeline::207.180*3.49] mapped 332570 sequences
[M::worker_pipeline::207.701*3.49] mapped 332560 sequences
[M::worker_pipeline::208.333*3.49] mapped 332522 sequences
[M::worker_pipeline::208.923*3.49] mapped 332448 sequences
[M::worker_pipeline::209.503*3.49] mapped 332498 sequences
[M::worker_pipeline::210.132*3.49] mapped 332424 sequences
[M::worker_pipeline::210.721*3.49] mapped 332478 sequences
[M::worker_pipeline::211.349*3.49] mapped 332438 sequences
[M::worker_pipeline::211.947*3.49] mapped 332360 sequences
[M::worker_pipeline::212.548*3.49] mapped 332300 sequences
[M::worker_pipeline::213.174*3.49] mapped 332366 sequences
[M::worker_pipeline::213.798*3.49] mapped 332318 sequences
[M::worker_pipeline::214.388*3.49] mapped 332328 sequences
[M::worker_pipeline::215.032*3.49] mapped 332310 sequences
[M::worker_pipeline::215.672*3.50] mapped 332238 sequences
[M::worker_pipeline::216.216*3.50] mapped 332336 sequences
[M::worker_pipeline::216.802*3.50] mapped 332266 sequences
[M::worker_pipeline::217.413*3.50] mapped 332336 sequences
[M::worker_pipeline::218.024*3.50] mapped 332298 sequences
[M::worker_pipeline::218.620*3.50] mapped 332322 sequences
[M::worker_pipeline::219.258*3.50] mapped 332346 sequences
[M::worker_pipeline::219.841*3.50] mapped 332286 sequences
[M::worker_pipeline::220.422*3.50] mapped 332366 sequences
[M::worker_pipeline::221.076*3.50] mapped 332396 sequences
[M::worker_pipeline::221.685*3.50] mapped 332470 sequences
[M::worker_pipeline::222.286*3.50] mapped 332430 sequences
[M::worker_pipeline::222.932*3.50] mapped 332442 sequences
[M::worker_pipeline::223.509*3.50] mapped 332414 sequences
[M::worker_pipeline::224.132*3.50] mapped 332356 sequences
[M::worker_pipeline::224.721*3.51] mapped 332342 sequences
[M::worker_pipeline::225.355*3.51] mapped 332366 sequences
[M::worker_pipeline::225.931*3.51] mapped 332300 sequences
[M::worker_pipeline::226.517*3.51] mapped 332358 sequences
[M::worker_pipeline::227.141*3.51] mapped 332366 sequences
[M::worker_pipeline::227.751*3.51] mapped 332358 sequences
[M::worker_pipeline::228.338*3.51] mapped 332430 sequences
[M::worker_pipeline::228.949*3.51] mapped 332334 sequences
[M::worker_pipeline::229.534*3.51] mapped 332264 sequences
[M::worker_pipeline::230.133*3.51] mapped 332280 sequences
[M::worker_pipeline::230.751*3.51] mapped 332302 sequences
[M::worker_pipeline::231.369*3.51] mapped 332272 sequences
[M::worker_pipeline::231.963*3.51] mapped 332442 sequences
[M::worker_pipeline::232.568*3.52] mapped 332322 sequences
[M::worker_pipeline::233.168*3.52] mapped 332250 sequences
[M::worker_pipeline::233.754*3.52] mapped 332262 sequences
[M::worker_pipeline::234.395*3.52] mapped 332302 sequences
[M::worker_pipeline::234.972*3.52] mapped 332264 sequences
[M::worker_pipeline::235.583*3.52] mapped 332262 sequences
[M::worker_pipeline::236.197*3.52] mapped 332260 sequences
[M::worker_pipeline::236.818*3.52] mapped 332284 sequences
[M::worker_pipeline::237.423*3.52] mapped 332304 sequences
[M::worker_pipeline::238.065*3.52] mapped 332314 sequences
[M::worker_pipeline::238.679*3.52] mapped 332290 sequences
[M::worker_pipeline::239.260*3.52] mapped 332252 sequences
[M::worker_pipeline::239.861*3.52] mapped 332214 sequences
[M::worker_pipeline::240.479*3.52] mapped 332262 sequences
[M::worker_pipeline::241.116*3.52] mapped 332150 sequences
[M::worker_pipeline::241.685*3.52] mapped 332200 sequences
[M::worker_pipeline::242.289*3.52] mapped 332196 sequences
[M::worker_pipeline::242.901*3.52] mapped 332244 sequences
[M::worker_pipeline::243.515*3.52] mapped 332186 sequences
[M::worker_pipeline::244.112*3.52] mapped 332242 sequences
[M::worker_pipeline::244.708*3.52] mapped 332340 sequences
[M::worker_pipeline::245.370*3.52] mapped 332160 sequences
[M::worker_pipeline::245.961*3.53] mapped 332238 sequences
[M::worker_pipeline::246.534*3.53] mapped 332152 sequences
[M::worker_pipeline::247.145*3.53] mapped 332194 sequences
[M::worker_pipeline::247.743*3.53] mapped 332186 sequences
[M::worker_pipeline::248.329*3.53] mapped 332214 sequences
[M::worker_pipeline::248.935*3.53] mapped 332216 sequences
[M::worker_pipeline::249.564*3.53] mapped 332278 sequences
[M::worker_pipeline::250.168*3.53] mapped 332218 sequences
[M::worker_pipeline::250.809*3.53] mapped 332344 sequences
[M::worker_pipeline::251.384*3.53] mapped 332222 sequences
[M::worker_pipeline::251.976*3.53] mapped 332216 sequences
[M::worker_pipeline::252.591*3.53] mapped 332260 sequences
[M::worker_pipeline::253.183*3.53] mapped 332290 sequences
[M::worker_pipeline::253.807*3.53] mapped 332338 sequences
[M::worker_pipeline::254.440*3.53] mapped 332512 sequences
[M::worker_pipeline::255.062*3.53] mapped 332534 sequences
[M::worker_pipeline::255.656*3.53] mapped 332396 sequences
[M::worker_pipeline::256.279*3.53] mapped 332332 sequences
[M::worker_pipeline::256.885*3.53] mapped 332322 sequences
[M::worker_pipeline::257.489*3.53] mapped 332272 sequences
[M::worker_pipeline::258.113*3.53] mapped 332314 sequences
[M::worker_pipeline::258.757*3.53] mapped 332284 sequences
[M::worker_pipeline::259.341*3.53] mapped 332208 sequences
[M::worker_pipeline::259.954*3.53] mapped 332222 sequences
[M::worker_pipeline::260.563*3.53] mapped 332212 sequences
[M::worker_pipeline::261.169*3.54] mapped 332190 sequences
[M::worker_pipeline::261.769*3.54] mapped 332228 sequences
[M::worker_pipeline::262.383*3.54] mapped 332196 sequences
[M::worker_pipeline::262.983*3.54] mapped 332194 sequences
[M::worker_pipeline::263.573*3.54] mapped 332216 sequences
[M::worker_pipeline::264.176*3.54] mapped 332128 sequences
[M::worker_pipeline::264.814*3.54] mapped 332128 sequences
[M::worker_pipeline::265.408*3.54] mapped 332158 sequences
[M::worker_pipeline::266.042*3.54] mapped 332180 sequences
[M::worker_pipeline::266.638*3.54] mapped 332154 sequences
[M::worker_pipeline::267.249*3.54] mapped 332244 sequences
[M::worker_pipeline::267.852*3.54] mapped 332168 sequences
[M::worker_pipeline::268.450*3.54] mapped 332264 sequences
[M::worker_pipeline::269.044*3.54] mapped 332180 sequences
[M::worker_pipeline::269.658*3.54] mapped 332274 sequences
[M::worker_pipeline::274.646*3.50] mapped 332252 sequences
[M::worker_pipeline::274.833*3.50] mapped 332174 sequences
[M::worker_pipeline::275.005*3.50] mapped 332216 sequences
[M::worker_pipeline::275.525*3.50] mapped 332156 sequences
[M::worker_pipeline::276.105*3.50] mapped 332144 sequences
[M::worker_pipeline::276.706*3.50] mapped 332150 sequences
[M::worker_pipeline::277.316*3.50] mapped 332144 sequences
[M::worker_pipeline::277.924*3.50] mapped 332150 sequences
[M::worker_pipeline::278.560*3.50] mapped 332170 sequences
[M::worker_pipeline::279.133*3.50] mapped 332150 sequences
[M::worker_pipeline::279.766*3.50] mapped 332144 sequences
[M::worker_pipeline::280.374*3.50] mapped 332258 sequences
[M::worker_pipeline::280.984*3.50] mapped 332182 sequences
[M::worker_pipeline::281.579*3.51] mapped 332252 sequences
[M::worker_pipeline::282.202*3.51] mapped 332238 sequences
[M::worker_pipeline::282.823*3.51] mapped 332132 sequences
[M::worker_pipeline::283.444*3.51] mapped 332130 sequences
[M::worker_pipeline::284.056*3.51] mapped 332206 sequences
[M::worker_pipeline::284.677*3.51] mapped 332350 sequences
[M::worker_pipeline::285.267*3.51] mapped 332178 sequences
[M::worker_pipeline::285.866*3.51] mapped 332208 sequences
[M::worker_pipeline::286.485*3.51] mapped 332126 sequences
[M::worker_pipeline::287.053*3.51] mapped 332110 sequences
[M::worker_pipeline::287.692*3.51] mapped 332106 sequences
[M::worker_pipeline::288.263*3.51] mapped 332144 sequences
[M::worker_pipeline::288.886*3.51] mapped 332130 sequences
[M::worker_pipeline::289.467*3.51] mapped 332112 sequences
[M::worker_pipeline::290.081*3.51] mapped 332160 sequences
[M::worker_pipeline::290.672*3.51] mapped 332138 sequences
[M::worker_pipeline::291.302*3.51] mapped 332158 sequences
[M::worker_pipeline::291.892*3.51] mapped 332160 sequences
[M::worker_pipeline::292.473*3.51] mapped 332158 sequences
[M::worker_pipeline::293.122*3.52] mapped 332094 sequences
[M::worker_pipeline::293.735*3.52] mapped 332146 sequences
[M::worker_pipeline::294.345*3.52] mapped 332240 sequences
[M::worker_pipeline::294.965*3.52] mapped 332136 sequences
[M::worker_pipeline::295.564*3.52] mapped 332064 sequences
[M::worker_pipeline::296.142*3.52] mapped 332142 sequences
[M::worker_pipeline::296.795*3.52] mapped 332122 sequences
[M::worker_pipeline::297.374*3.52] mapped 332204 sequences
[M::worker_pipeline::297.979*3.52] mapped 332264 sequences
[M::worker_pipeline::298.608*3.52] mapped 332298 sequences
[M::worker_pipeline::299.255*3.52] mapped 332230 sequences
[M::worker_pipeline::299.853*3.52] mapped 332270 sequences
[M::worker_pipeline::300.498*3.52] mapped 332226 sequences
[M::worker_pipeline::301.096*3.52] mapped 332358 sequences
[M::worker_pipeline::301.720*3.52] mapped 332270 sequences
[M::worker_pipeline::302.326*3.52] mapped 332260 sequences
[M::worker_pipeline::302.953*3.52] mapped 332276 sequences
[M::worker_pipeline::303.534*3.52] mapped 332402 sequences
[M::worker_pipeline::304.176*3.52] mapped 332446 sequences
[M::worker_pipeline::304.769*3.52] mapped 332400 sequences
[M::worker_pipeline::305.382*3.52] mapped 332390 sequences
[M::worker_pipeline::305.991*3.52] mapped 332380 sequences
[M::worker_pipeline::306.615*3.52] mapped 332452 sequences
[M::worker_pipeline::307.223*3.53] mapped 332382 sequences
[M::worker_pipeline::307.816*3.53] mapped 332312 sequences
[M::worker_pipeline::308.430*3.53] mapped 332352 sequences
[M::worker_pipeline::309.063*3.53] mapped 332322 sequences
[M::worker_pipeline::309.683*3.53] mapped 332292 sequences
[M::worker_pipeline::310.277*3.53] mapped 332234 sequences
[M::worker_pipeline::310.907*3.53] mapped 332246 sequences
[M::worker_pipeline::311.521*3.53] mapped 332268 sequences
[M::worker_pipeline::312.116*3.53] mapped 332208 sequences
[M::worker_pipeline::312.770*3.53] mapped 332220 sequences
[M::worker_pipeline::313.367*3.53] mapped 332206 sequences
[M::worker_pipeline::313.981*3.53] mapped 332192 sequences
[M::worker_pipeline::314.597*3.53] mapped 332252 sequences
[M::worker_pipeline::315.236*3.53] mapped 332152 sequences
[M::worker_pipeline::315.838*3.53] mapped 332190 sequences
[M::worker_pipeline::316.405*3.53] mapped 332166 sequences
[M::worker_pipeline::317.012*3.53] mapped 332178 sequences
[M::worker_pipeline::317.625*3.53] mapped 332192 sequences
[M::worker_pipeline::318.252*3.53] mapped 332188 sequences
[M::worker_pipeline::318.842*3.53] mapped 332264 sequences
[M::worker_pipeline::319.448*3.53] mapped 332196 sequences
[M::worker_pipeline::320.061*3.53] mapped 332298 sequences
[M::worker_pipeline::320.654*3.53] mapped 332300 sequences
[M::worker_pipeline::321.238*3.53] mapped 332330 sequences
[M::worker_pipeline::321.826*3.53] mapped 332276 sequences
[M::worker_pipeline::322.439*3.53] mapped 332258 sequences
[M::worker_pipeline::323.037*3.53] mapped 332200 sequences
[M::worker_pipeline::323.643*3.53] mapped 332290 sequences
[M::worker_pipeline::324.273*3.53] mapped 332172 sequences
[M::worker_pipeline::324.888*3.53] mapped 332198 sequences
[M::worker_pipeline::325.487*3.53] mapped 332240 sequences
[M::worker_pipeline::326.102*3.54] mapped 332176 sequences
[M::worker_pipeline::326.718*3.54] mapped 332202 sequences
[M::worker_pipeline::327.319*3.54] mapped 332210 sequences
[M::worker_pipeline::327.944*3.54] mapped 332186 sequences
[M::worker_pipeline::328.499*3.54] mapped 332174 sequences
[M::worker_pipeline::329.131*3.54] mapped 332222 sequences
[M::worker_pipeline::329.702*3.54] mapped 332132 sequences
[M::worker_pipeline::330.309*3.54] mapped 332154 sequences
[M::worker_pipeline::330.882*3.54] mapped 332148 sequences
[M::worker_pipeline::331.467*3.54] mapped 332176 sequences
[M::worker_pipeline::332.117*3.54] mapped 332592 sequences
[M::worker_pipeline::332.693*3.54] mapped 332184 sequences
[M::worker_pipeline::333.291*3.54] mapped 332210 sequences
[M::worker_pipeline::333.893*3.54] mapped 332154 sequences
[M::worker_pipeline::334.518*3.54] mapped 332240 sequences
[M::worker_pipeline::335.103*3.54] mapped 332092 sequences
[M::worker_pipeline::335.687*3.54] mapped 332148 sequences
[M::worker_pipeline::336.341*3.54] mapped 332084 sequences
[M::worker_pipeline::336.945*3.54] mapped 332074 sequences
[M::worker_pipeline::337.827*3.54] mapped 332026 sequences
[M::worker_pipeline::342.328*3.51] mapped 332028 sequences
[M::worker_pipeline::342.503*3.51] mapped 332076 sequences
[M::worker_pipeline::342.680*3.51] mapped 332100 sequences
[M::worker_pipeline::343.285*3.51] mapped 332104 sequences
[M::worker_pipeline::344.057*3.51] mapped 332326 sequences
[M::worker_pipeline::344.844*3.50] mapped 332060 sequences
[M::worker_pipeline::345.688*3.50] mapped 332046 sequences
[M::worker_pipeline::346.408*3.50] mapped 332030 sequences
[M::worker_pipeline::347.245*3.50] mapped 332050 sequences
[M::worker_pipeline::347.831*3.50] mapped 332050 sequences
[M::worker_pipeline::348.455*3.50] mapped 332038 sequences
[M::worker_pipeline::349.060*3.50] mapped 332148 sequences
[M::worker_pipeline::349.660*3.50] mapped 332082 sequences
[M::worker_pipeline::350.243*3.50] mapped 332100 sequences
[M::worker_pipeline::350.833*3.50] mapped 332188 sequences
[M::worker_pipeline::351.459*3.50] mapped 332152 sequences
[M::worker_pipeline::352.036*3.50] mapped 332136 sequences
[M::worker_pipeline::352.613*3.50] mapped 332152 sequences
[M::worker_pipeline::353.239*3.50] mapped 332100 sequences
[M::worker_pipeline::353.865*3.50] mapped 332144 sequences
[M::worker_pipeline::354.475*3.50] mapped 332162 sequences
[M::worker_pipeline::355.074*3.50] mapped 332162 sequences
[M::worker_pipeline::355.706*3.50] mapped 332258 sequences
[M::worker_pipeline::356.310*3.51] mapped 332288 sequences
[M::worker_pipeline::356.954*3.51] mapped 332730 sequences
[M::worker_pipeline::357.539*3.51] mapped 332644 sequences
[M::worker_pipeline::358.177*3.51] mapped 332644 sequences
[M::worker_pipeline::358.789*3.51] mapped 332650 sequences
[M::worker_pipeline::359.367*3.51] mapped 332532 sequences
[M::worker_pipeline::360.000*3.51] mapped 332556 sequences
[M::worker_pipeline::360.621*3.51] mapped 332544 sequences
[M::worker_pipeline::361.211*3.51] mapped 332418 sequences
[M::worker_pipeline::361.818*3.51] mapped 332476 sequences
[M::worker_pipeline::362.402*3.51] mapped 332444 sequences
[M::worker_pipeline::363.005*3.51] mapped 332460 sequences
[M::worker_pipeline::363.624*3.51] mapped 332426 sequences
[M::worker_pipeline::364.242*3.51] mapped 332392 sequences
[M::worker_pipeline::364.877*3.51] mapped 332408 sequences
[M::worker_pipeline::365.486*3.51] mapped 332376 sequences
[M::worker_pipeline::366.070*3.51] mapped 332470 sequences
[M::worker_pipeline::366.686*3.51] mapped 332366 sequences
[M::worker_pipeline::367.256*3.51] mapped 332322 sequences
[M::worker_pipeline::367.845*3.51] mapped 332380 sequences
[M::worker_pipeline::368.444*3.51] mapped 332370 sequences
[M::worker_pipeline::369.068*3.51] mapped 332420 sequences
[M::worker_pipeline::369.668*3.51] mapped 332432 sequences
[M::worker_pipeline::370.292*3.51] mapped 332460 sequences
[M::worker_pipeline::370.888*3.51] mapped 332404 sequences
[M::worker_pipeline::371.514*3.51] mapped 332388 sequences
[M::worker_pipeline::372.165*3.51] mapped 332442 sequences
[M::worker_pipeline::372.780*3.51] mapped 332440 sequences
[M::worker_pipeline::373.354*3.51] mapped 332364 sequences
[M::worker_pipeline::373.984*3.51] mapped 332350 sequences
[M::worker_pipeline::374.610*3.51] mapped 332408 sequences
[M::worker_pipeline::375.218*3.51] mapped 332320 sequences
[M::worker_pipeline::375.835*3.51] mapped 332382 sequences
[M::worker_pipeline::376.451*3.51] mapped 332338 sequences
[M::worker_pipeline::377.043*3.51] mapped 332356 sequences
[M::worker_pipeline::377.669*3.51] mapped 332388 sequences
[M::worker_pipeline::378.299*3.51] mapped 332462 sequences
[M::worker_pipeline::378.897*3.51] mapped 332448 sequences
[M::worker_pipeline::379.490*3.52] mapped 332388 sequences
[M::worker_pipeline::380.091*3.52] mapped 332396 sequences
[M::worker_pipeline::380.733*3.52] mapped 332338 sequences
[M::worker_pipeline::381.328*3.52] mapped 332382 sequences
[M::worker_pipeline::381.939*3.52] mapped 332440 sequences
[M::worker_pipeline::382.518*3.52] mapped 332396 sequences
[M::worker_pipeline::383.157*3.52] mapped 332468 sequences
[M::worker_pipeline::383.747*3.52] mapped 332328 sequences
[M::worker_pipeline::384.335*3.52] mapped 332426 sequences
[M::worker_pipeline::385.009*3.52] mapped 332354 sequences
[M::worker_pipeline::385.594*3.52] mapped 332368 sequences
[M::worker_pipeline::386.199*3.52] mapped 332350 sequences
[M::worker_pipeline::386.848*3.52] mapped 332414 sequences
[M::worker_pipeline::387.418*3.52] mapped 332438 sequences
[M::worker_pipeline::387.988*3.52] mapped 332308 sequences
[M::worker_pipeline::388.639*3.52] mapped 332312 sequences
[M::worker_pipeline::389.203*3.52] mapped 332294 sequences
[M::worker_pipeline::389.780*3.52] mapped 332288 sequences
[M::worker_pipeline::390.418*3.52] mapped 332294 sequences
[M::worker_pipeline::391.006*3.52] mapped 332234 sequences
[M::worker_pipeline::391.606*3.52] mapped 332352 sequences
[M::worker_pipeline::392.217*3.52] mapped 332290 sequences
[M::worker_pipeline::392.814*3.52] mapped 332248 sequences
[M::worker_pipeline::393.402*3.52] mapped 332158 sequences
[M::worker_pipeline::394.025*3.52] mapped 332266 sequences
[M::worker_pipeline::394.613*3.52] mapped 332252 sequences
[M::worker_pipeline::395.173*3.52] mapped 332256 sequences
[M::worker_pipeline::395.788*3.52] mapped 332422 sequences
[M::worker_pipeline::396.386*3.52] mapped 332458 sequences
[M::worker_pipeline::397.003*3.52] mapped 332444 sequences
[M::worker_pipeline::397.601*3.52] mapped 332396 sequences
[M::worker_pipeline::398.182*3.52] mapped 332346 sequences
[M::worker_pipeline::398.786*3.53] mapped 332482 sequences
[M::worker_pipeline::399.409*3.53] mapped 332456 sequences
[M::worker_pipeline::399.974*3.53] mapped 332426 sequences
[M::worker_pipeline::400.603*3.53] mapped 332522 sequences
[M::worker_pipeline::401.240*3.53] mapped 332570 sequences
[M::worker_pipeline::401.918*3.53] mapped 332480 sequences
[M::worker_pipeline::402.783*3.52] mapped 332482 sequences
[M::worker_pipeline::403.575*3.52] mapped 332610 sequences
[M::worker_pipeline::403.614*3.52] mapped 81188 sequences
[M::main] Version: 2.22-r1101
[M::main] CMD: minimap2 --secondary=no -t 16 -R @RG\tID:snippy\tSM:snippy -ax sr /work/FAC/FBM/DMF/smitri/evomicrocomm/genome_size/data/ms/reference.fasta /work/FAC/FBM/DMF/smitri/evomicrocomm/genome_size/data/T11.3.5/read1.fq.gz /work/FAC/FBM/DMF/smitri/evomicrocomm/genome_size/data/T11.3.5/read2.fq.gz
[M::main] Real time: 403.627 sec; CPU: 1421.969 sec; Peak RSS: 0.494 GB
[bam_sort_core] merging from 80 files and 16 in-memory blocks...
[Sun Oct 17 22:48:06 2021]
Finished job 0.
1 of 1 steps (100%) done
