Building DAG of jobs...
Using shell: /usr/bin/bash
Provided cores: 16
Rules claiming more threads will be scaled down.
Select jobs to execute...

[Sun Oct 17 22:39:24 2021]
rule mapping:
    input: /work/FAC/FBM/DMF/smitri/evomicrocomm/genome_size/data/ct/reference.fasta, /work/FAC/FBM/DMF/smitri/evomicrocomm/genome_size/data/T33.2.5.rep/read1.fq.gz, /work/FAC/FBM/DMF/smitri/evomicrocomm/genome_size/data/T33.2.5.rep/read2.fq.gz
    output: /work/FAC/FBM/DMF/smitri/evomicrocomm/genome_size/data/T33.2.5.rep/ct/mapped_reads.sorted.bam
    jobid: 0
    wildcards: sample=T33.2.5.rep, strain=ct
    threads: 16
    resources: mem_mb=1975, disk_mb=1975, tmpdir=/tmp/2846088

[M::mm_idx_gen::0.168*0.81] collected minimizers
[M::mm_idx_gen::0.184*1.83] sorted minimizers
[M::main::0.184*1.83] loaded/built the index for 2 target sequence(s)
[M::mm_mapopt_update::0.184*1.83] mid_occ = 1000
[M::mm_idx_stat] kmer size: 21; skip: 11; is_hpc: 0; #seq: 2
[M::mm_idx_stat::0.196*1.78] distinct minimizers: 993850 (99.11% are singletons); average occurrences: 1.021; average spacing: 5.998; total length: 6084391
[M::worker_pipeline::1.399*2.64] mapped 332426 sequences
[M::worker_pipeline::2.278*2.98] mapped 332322 sequences
[M::worker_pipeline::3.115*3.16] mapped 332212 sequences
[M::worker_pipeline::3.911*3.31] mapped 332054 sequences
[M::worker_pipeline::4.732*3.39] mapped 332044 sequences
[M::worker_pipeline::5.355*3.58] mapped 332134 sequences
[M::worker_pipeline::5.960*3.72] mapped 332348 sequences
[M::worker_pipeline::6.568*3.84] mapped 332268 sequences
[M::worker_pipeline::7.151*3.93] mapped 332156 sequences
[M::worker_pipeline::7.785*4.00] mapped 332078 sequences
[M::worker_pipeline::8.364*4.08] mapped 332052 sequences
[M::worker_pipeline::8.955*4.13] mapped 332276 sequences
[M::worker_pipeline::9.573*4.17] mapped 332420 sequences
[M::worker_pipeline::10.225*4.21] mapped 332480 sequences
[M::worker_pipeline::10.791*4.26] mapped 332220 sequences
[M::worker_pipeline::11.390*4.30] mapped 332130 sequences
[M::worker_pipeline::12.029*4.33] mapped 332022 sequences
[M::worker_pipeline::12.596*4.36] mapped 332302 sequences
[M::worker_pipeline::13.212*4.39] mapped 332374 sequences
[M::worker_pipeline::13.869*4.41] mapped 332506 sequences
[M::worker_pipeline::14.475*4.42] mapped 332374 sequences
[M::worker_pipeline::15.099*4.44] mapped 332194 sequences
[M::worker_pipeline::15.664*4.47] mapped 332110 sequences
[M::worker_pipeline::16.273*4.48] mapped 332436 sequences
[M::worker_pipeline::16.891*4.50] mapped 332416 sequences
[M::worker_pipeline::17.464*4.53] mapped 332270 sequences
[M::worker_pipeline::18.096*4.55] mapped 332198 sequences
[M::worker_pipeline::18.645*4.57] mapped 332194 sequences
[M::worker_pipeline::19.228*4.59] mapped 332354 sequences
[M::worker_pipeline::19.873*4.59] mapped 332350 sequences
[M::worker_pipeline::20.456*4.61] mapped 332258 sequences
[M::worker_pipeline::21.033*4.62] mapped 332174 sequences
[M::worker_pipeline::21.628*4.63] mapped 332112 sequences
[M::worker_pipeline::22.255*4.64] mapped 332116 sequences
[M::worker_pipeline::22.838*4.66] mapped 332184 sequences
[M::worker_pipeline::23.446*4.66] mapped 332340 sequences
[M::worker_pipeline::24.059*4.67] mapped 332218 sequences
[M::worker_pipeline::24.672*4.67] mapped 332078 sequences
[M::worker_pipeline::25.280*4.69] mapped 332236 sequences
[M::worker_pipeline::25.899*4.70] mapped 332138 sequences
[M::worker_pipeline::26.512*4.70] mapped 332234 sequences
[M::worker_pipeline::27.114*4.71] mapped 332462 sequences
[M::worker_pipeline::27.724*4.71] mapped 332380 sequences
[M::worker_pipeline::28.318*4.72] mapped 332188 sequences
[M::worker_pipeline::28.937*4.72] mapped 332362 sequences
[M::worker_pipeline::29.539*4.72] mapped 332172 sequences
[M::worker_pipeline::29.840*4.74] mapped 231770 sequences
[M::main] Version: 2.22-r1101
[M::main] CMD: minimap2 --secondary=no -t 16 -R @RG\tID:snippy\tSM:snippy -ax sr /work/FAC/FBM/DMF/smitri/evomicrocomm/genome_size/data/ct/reference.fasta /work/FAC/FBM/DMF/smitri/evomicrocomm/genome_size/data/T33.2.5.rep/read1.fq.gz /work/FAC/FBM/DMF/smitri/evomicrocomm/genome_size/data/T33.2.5.rep/read2.fq.gz
[M::main] Real time: 29.860 sec; CPU: 141.393 sec; Peak RSS: 0.518 GB
[bam_sort_core] merging from 0 files and 16 in-memory blocks...
[Sun Oct 17 22:40:11 2021]
Finished job 0.
1 of 1 steps (100%) done
