Building DAG of jobs...
Using shell: /usr/bin/bash
Provided cores: 16
Rules claiming more threads will be scaled down.
Select jobs to execute...

[Sun Oct 17 22:48:12 2021]
rule mapping:
    input: /work/FAC/FBM/DMF/smitri/evomicrocomm/genome_size/data/at/reference.fasta, /work/FAC/FBM/DMF/smitri/evomicrocomm/genome_size/data/T11.4.5/read1.fq.gz, /work/FAC/FBM/DMF/smitri/evomicrocomm/genome_size/data/T11.4.5/read2.fq.gz
    output: /work/FAC/FBM/DMF/smitri/evomicrocomm/genome_size/data/T11.4.5/at/mapped_reads.sorted.bam
    jobid: 0
    wildcards: sample=T11.4.5, strain=at
    threads: 16
    resources: mem_mb=21630, disk_mb=21630, tmpdir=/tmp/2846235

[M::mm_idx_gen::0.122*0.97] collected minimizers
[M::mm_idx_gen::0.141*2.40] sorted minimizers
[M::main::0.141*2.40] loaded/built the index for 5 target sequence(s)
[M::mm_mapopt_update::0.141*2.40] mid_occ = 1000
[M::mm_idx_stat] kmer size: 21; skip: 11; is_hpc: 0; #seq: 5
[M::mm_idx_stat::0.152*2.29] distinct minimizers: 875577 (98.87% are singletons); average occurrences: 1.019; average spacing: 5.996; total length: 5348547
[M::worker_pipeline::1.724*3.84] mapped 333090 sequences
[M::worker_pipeline::2.671*4.58] mapped 332964 sequences
[M::worker_pipeline::3.553*5.08] mapped 332820 sequences
[M::worker_pipeline::4.388*5.42] mapped 332748 sequences
[M::worker_pipeline::5.196*5.67] mapped 332748 sequences
[M::worker_pipeline::6.124*6.52] mapped 332702 sequences
[M::worker_pipeline::6.527*6.41] mapped 332694 sequences
[M::worker_pipeline::7.407*6.99] mapped 332626 sequences
[M::worker_pipeline::8.012*7.15] mapped 332612 sequences
[M::worker_pipeline::8.336*6.95] mapped 332584 sequences
[M::worker_pipeline::9.192*7.14] mapped 332610 sequences
[M::worker_pipeline::9.966*7.44] mapped 332632 sequences
[M::worker_pipeline::10.656*7.52] mapped 332496 sequences
[M::worker_pipeline::11.282*7.61] mapped 332524 sequences
[M::worker_pipeline::11.931*7.67] mapped 332562 sequences
[M::worker_pipeline::12.574*7.72] mapped 332628 sequences
[M::worker_pipeline::13.175*7.80] mapped 332618 sequences
[M::worker_pipeline::13.830*7.88] mapped 332774 sequences
[M::worker_pipeline::14.415*7.95] mapped 332776 sequences
[M::worker_pipeline::15.134*7.96] mapped 332882 sequences
[M::worker_pipeline::15.731*8.02] mapped 332846 sequences
[M::worker_pipeline::16.311*8.08] mapped 332950 sequences
[M::worker_pipeline::16.982*8.12] mapped 332780 sequences
[M::worker_pipeline::17.990*8.27] mapped 332704 sequences
[M::worker_pipeline::18.359*8.14] mapped 332686 sequences
[M::worker_pipeline::18.980*8.18] mapped 332598 sequences
[M::worker_pipeline::19.624*8.20] mapped 332578 sequences
[M::worker_pipeline::20.258*8.21] mapped 332546 sequences
[M::worker_pipeline::20.618*8.11] mapped 332642 sequences
[M::worker_pipeline::21.583*8.24] mapped 332640 sequences
[M::worker_pipeline::22.191*8.27] mapped 332800 sequences
[M::worker_pipeline::22.823*8.29] mapped 332858 sequences
[M::worker_pipeline::23.418*8.31] mapped 332720 sequences
[M::worker_pipeline::23.907*8.29] mapped 332620 sequences
[M::worker_pipeline::24.696*8.34] mapped 332640 sequences
[M::worker_pipeline::25.288*8.37] mapped 332544 sequences
[M::worker_pipeline::25.769*8.34] mapped 332536 sequences
[M::worker_pipeline::26.617*8.41] mapped 332600 sequences
[M::worker_pipeline::27.233*8.42] mapped 332524 sequences
[M::worker_pipeline::27.885*8.43] mapped 332550 sequences
[M::worker_pipeline::28.579*8.43] mapped 332626 sequences
[M::worker_pipeline::29.197*8.45] mapped 332608 sequences
[M::worker_pipeline::29.814*8.46] mapped 332570 sequences
[M::worker_pipeline::30.498*8.46] mapped 332590 sequences
[M::worker_pipeline::31.137*8.47] mapped 332716 sequences
[M::worker_pipeline::31.781*8.48] mapped 332726 sequences
[M::worker_pipeline::32.427*8.48] mapped 332734 sequences
[M::worker_pipeline::33.051*8.50] mapped 332700 sequences
[M::worker_pipeline::33.701*8.52] mapped 332798 sequences
[M::worker_pipeline::34.321*8.53] mapped 332698 sequences
[M::worker_pipeline::34.934*8.54] mapped 332608 sequences
[M::worker_pipeline::35.594*8.55] mapped 332622 sequences
[M::worker_pipeline::36.341*8.59] mapped 332676 sequences
[M::worker_pipeline::36.874*8.57] mapped 332766 sequences
[M::worker_pipeline::37.469*8.58] mapped 332846 sequences
[M::worker_pipeline::38.136*8.59] mapped 332842 sequences
[M::worker_pipeline::38.762*8.60] mapped 333012 sequences
[M::worker_pipeline::39.409*8.61] mapped 332978 sequences
[M::worker_pipeline::40.062*8.61] mapped 333336 sequences
[M::worker_pipeline::40.700*8.62] mapped 333128 sequences
[M::worker_pipeline::41.357*8.64] mapped 333178 sequences
[M::worker_pipeline::41.984*8.65] mapped 333216 sequences
[M::worker_pipeline::42.624*8.66] mapped 333212 sequences
[M::worker_pipeline::43.411*8.69] mapped 332836 sequences
[M::worker_pipeline::43.918*8.66] mapped 332590 sequences
[M::worker_pipeline::44.614*8.66] mapped 332554 sequences
[M::worker_pipeline::45.321*8.68] mapped 332488 sequences
[M::worker_pipeline::45.891*8.68] mapped 332408 sequences
[M::worker_pipeline::46.525*8.68] mapped 332396 sequences
[M::worker_pipeline::47.130*8.69] mapped 332402 sequences
[M::worker_pipeline::47.760*8.71] mapped 332322 sequences
[M::worker_pipeline::48.335*8.71] mapped 332252 sequences
[M::worker_pipeline::49.010*8.71] mapped 332302 sequences
[M::worker_pipeline::49.584*8.72] mapped 332308 sequences
[M::worker_pipeline::50.229*8.73] mapped 332312 sequences
[M::worker_pipeline::50.843*8.73] mapped 332288 sequences
[M::worker_pipeline::51.482*8.74] mapped 332326 sequences
[M::worker_pipeline::52.099*8.74] mapped 332304 sequences
[M::worker_pipeline::52.446*8.69] mapped 332298 sequences
[M::worker_pipeline::53.203*8.69] mapped 332310 sequences
[M::worker_pipeline::54.195*8.72] mapped 332308 sequences
[M::worker_pipeline::54.882*8.73] mapped 332440 sequences
[M::worker_pipeline::55.238*8.68] mapped 332498 sequences
[M::worker_pipeline::55.872*8.68] mapped 332548 sequences
[M::worker_pipeline::56.961*8.71] mapped 332700 sequences
[M::worker_pipeline::57.592*8.71] mapped 332630 sequences
[M::worker_pipeline::58.157*8.72] mapped 332484 sequences
[M::worker_pipeline::58.517*8.68] mapped 332470 sequences
[M::worker_pipeline::59.580*8.71] mapped 332418 sequences
[M::worker_pipeline::60.218*8.71] mapped 332428 sequences
[M::worker_pipeline::60.866*8.72] mapped 332378 sequences
[M::worker_pipeline::61.234*8.69] mapped 332408 sequences
[M::worker_pipeline::61.869*8.69] mapped 332302 sequences
[M::worker_pipeline::62.926*8.71] mapped 332488 sequences
[M::worker_pipeline::63.587*8.71] mapped 332616 sequences
[M::worker_pipeline::68.470*8.25] mapped 332770 sequences
[M::worker_pipeline::68.833*8.22] mapped 332508 sequences
[M::worker_pipeline::69.452*8.22] mapped 332382 sequences
[M::worker_pipeline::69.768*8.19] mapped 332334 sequences
[M::worker_pipeline::70.776*8.23] mapped 332342 sequences
[M::worker_pipeline::71.369*8.24] mapped 332316 sequences
[M::worker_pipeline::71.930*8.24] mapped 332284 sequences
[M::worker_pipeline::72.453*8.24] mapped 332286 sequences
[M::worker_pipeline::73.225*8.26] mapped 332344 sequences
[M::worker_pipeline::73.570*8.23] mapped 332356 sequences
[M::worker_pipeline::74.277*8.23] mapped 332334 sequences
[M::worker_pipeline::75.238*8.28] mapped 332284 sequences
[M::worker_pipeline::75.822*8.29] mapped 332266 sequences
[M::worker_pipeline::76.427*8.29] mapped 332248 sequences
[M::worker_pipeline::77.032*8.30] mapped 332286 sequences
[M::worker_pipeline::77.649*8.31] mapped 332272 sequences
[M::worker_pipeline::78.005*8.28] mapped 332338 sequences
[M::worker_pipeline::78.965*8.31] mapped 332318 sequences
[M::worker_pipeline::79.601*8.32] mapped 332266 sequences
[M::worker_pipeline::80.221*8.32] mapped 332190 sequences
[M::worker_pipeline::80.846*8.33] mapped 332196 sequences
[M::worker_pipeline::81.231*8.31] mapped 332244 sequences
[M::worker_pipeline::82.141*8.34] mapped 332286 sequences
[M::worker_pipeline::82.762*8.34] mapped 332314 sequences
[M::worker_pipeline::83.343*8.35] mapped 332308 sequences
[M::worker_pipeline::83.702*8.32] mapped 332362 sequences
[M::worker_pipeline::84.648*8.34] mapped 332362 sequences
[M::worker_pipeline::85.337*8.35] mapped 332288 sequences
[M::worker_pipeline::85.735*8.34] mapped 332360 sequences
[M::worker_pipeline::86.639*8.36] mapped 332384 sequences
[M::worker_pipeline::87.246*8.37] mapped 332314 sequences
[M::worker_pipeline::87.659*8.36] mapped 332404 sequences
[M::worker_pipeline::88.536*8.38] mapped 332482 sequences
[M::worker_pipeline::89.146*8.39] mapped 332618 sequences
[M::worker_pipeline::89.729*8.39] mapped 332618 sequences
[M::worker_pipeline::90.384*8.40] mapped 332476 sequences
[M::worker_pipeline::90.998*8.40] mapped 332364 sequences
[M::worker_pipeline::91.640*8.41] mapped 332406 sequences
[M::worker_pipeline::92.265*8.41] mapped 332400 sequences
[M::worker_pipeline::92.901*8.42] mapped 332324 sequences
[M::worker_pipeline::93.577*8.42] mapped 332362 sequences
[M::worker_pipeline::94.150*8.43] mapped 332366 sequences
[M::worker_pipeline::94.475*8.41] mapped 332298 sequences
[M::worker_pipeline::95.262*8.42] mapped 332316 sequences
[M::worker_pipeline::96.061*8.44] mapped 332344 sequences
[M::worker_pipeline::96.685*8.44] mapped 332294 sequences
[M::worker_pipeline::97.297*8.45] mapped 332286 sequences
[M::worker_pipeline::97.657*8.43] mapped 332274 sequences
[M::worker_pipeline::98.544*8.44] mapped 332248 sequences
[M::worker_pipeline::99.281*8.45] mapped 332304 sequences
[M::worker_pipeline::99.885*8.46] mapped 332318 sequences
[M::worker_pipeline::100.232*8.44] mapped 332368 sequences
[M::worker_pipeline::101.018*8.44] mapped 332436 sequences
[M::worker_pipeline::101.870*8.46] mapped 332392 sequences
[M::worker_pipeline::102.276*8.44] mapped 332436 sequences
[M::worker_pipeline::102.916*8.45] mapped 332380 sequences
[M::worker_pipeline::103.514*8.44] mapped 332328 sequences
[M::worker_pipeline::104.578*8.46] mapped 332314 sequences
[M::worker_pipeline::105.188*8.46] mapped 332292 sequences
[M::worker_pipeline::105.528*8.44] mapped 332262 sequences
[M::worker_pipeline::106.561*8.46] mapped 332244 sequences
[M::worker_pipeline::107.107*8.47] mapped 332278 sequences
[M::worker_pipeline::107.480*8.45] mapped 332354 sequences
[M::worker_pipeline::108.435*8.46] mapped 332374 sequences
[M::worker_pipeline::109.188*8.47] mapped 332540 sequences
[M::worker_pipeline::109.827*8.47] mapped 332368 sequences
[M::worker_pipeline::110.501*8.47] mapped 332338 sequences
[M::worker_pipeline::111.161*8.47] mapped 332326 sequences
[M::worker_pipeline::111.783*8.48] mapped 332384 sequences
[M::worker_pipeline::112.382*8.48] mapped 332568 sequences
[M::worker_pipeline::113.051*8.49] mapped 332248 sequences
[M::worker_pipeline::113.665*8.49] mapped 332274 sequences
[M::worker_pipeline::114.283*8.50] mapped 332340 sequences
[M::worker_pipeline::114.880*8.50] mapped 332348 sequences
[M::worker_pipeline::115.480*8.51] mapped 332314 sequences
[M::worker_pipeline::116.129*8.51] mapped 332262 sequences
[M::worker_pipeline::116.775*8.51] mapped 332228 sequences
[M::worker_pipeline::117.396*8.51] mapped 332298 sequences
[M::worker_pipeline::118.030*8.52] mapped 332310 sequences
[M::worker_pipeline::118.658*8.52] mapped 332376 sequences
[M::worker_pipeline::119.044*8.51] mapped 332362 sequences
[M::worker_pipeline::119.764*8.52] mapped 332278 sequences
[M::worker_pipeline::120.579*8.53] mapped 332220 sequences
[M::worker_pipeline::121.254*8.53] mapped 332258 sequences
[M::worker_pipeline::121.862*8.54] mapped 332290 sequences
[M::worker_pipeline::122.486*8.54] mapped 332336 sequences
[M::worker_pipeline::123.131*8.54] mapped 332366 sequences
[M::worker_pipeline::123.760*8.55] mapped 332412 sequences
[M::worker_pipeline::124.411*8.55] mapped 332390 sequences
[M::worker_pipeline::125.028*8.55] mapped 332432 sequences
[M::worker_pipeline::125.661*8.56] mapped 332470 sequences
[M::worker_pipeline::126.255*8.56] mapped 332464 sequences
[M::worker_pipeline::126.731*8.55] mapped 332470 sequences
[M::worker_pipeline::127.202*8.55] mapped 332568 sequences
[M::worker_pipeline::128.163*8.55] mapped 332542 sequences
[M::worker_pipeline::128.967*8.56] mapped 332528 sequences
[M::worker_pipeline::134.184*8.31] mapped 332528 sequences
[M::worker_pipeline::134.560*8.29] mapped 332836 sequences
[M::worker_pipeline::135.142*8.30] mapped 332782 sequences
[M::worker_pipeline::135.820*8.30] mapped 332752 sequences
[M::worker_pipeline::136.488*8.30] mapped 332760 sequences
[M::worker_pipeline::137.106*8.31] mapped 332680 sequences
[M::worker_pipeline::137.695*8.31] mapped 332706 sequences
[M::worker_pipeline::138.380*8.32] mapped 332618 sequences
[M::worker_pipeline::139.022*8.32] mapped 332564 sequences
[M::worker_pipeline::139.626*8.33] mapped 332554 sequences
[M::worker_pipeline::140.208*8.33] mapped 332540 sequences
[M::worker_pipeline::140.800*8.34] mapped 332464 sequences
[M::worker_pipeline::141.499*8.34] mapped 332590 sequences
[M::worker_pipeline::142.119*8.34] mapped 332514 sequences
[M::worker_pipeline::142.619*8.34] mapped 332488 sequences
[M::worker_pipeline::143.421*8.35] mapped 332484 sequences
[M::worker_pipeline::144.067*8.35] mapped 332486 sequences
[M::worker_pipeline::144.693*8.36] mapped 332474 sequences
[M::worker_pipeline::145.297*8.36] mapped 332470 sequences
[M::worker_pipeline::145.949*8.36] mapped 332526 sequences
[M::worker_pipeline::146.503*8.37] mapped 332528 sequences
[M::worker_pipeline::146.852*8.35] mapped 332528 sequences
[M::worker_pipeline::147.775*8.36] mapped 332574 sequences
[M::worker_pipeline::148.341*8.35] mapped 332648 sequences
[M::worker_pipeline::148.881*8.35] mapped 332648 sequences
[M::worker_pipeline::149.987*8.36] mapped 332636 sequences
[M::worker_pipeline::150.475*8.36] mapped 332604 sequences
[M::worker_pipeline::151.261*8.37] mapped 332570 sequences
[M::worker_pipeline::151.896*8.37] mapped 332528 sequences
[M::worker_pipeline::152.251*8.36] mapped 332464 sequences
[M::worker_pipeline::152.998*8.37] mapped 332538 sequences
[M::worker_pipeline::153.748*8.38] mapped 332442 sequences
[M::worker_pipeline::154.379*8.38] mapped 332460 sequences
[M::worker_pipeline::155.132*8.39] mapped 332536 sequences
[M::worker_pipeline::155.772*8.39] mapped 332522 sequences
[M::worker_pipeline::156.414*8.39] mapped 332500 sequences
[M::worker_pipeline::156.758*8.38] mapped 332536 sequences
[M::worker_pipeline::157.534*8.39] mapped 332552 sequences
[M::worker_pipeline::158.085*8.38] mapped 332544 sequences
[M::worker_pipeline::159.012*8.40] mapped 332514 sequences
[M::worker_pipeline::159.720*8.40] mapped 332466 sequences
[M::worker_pipeline::160.361*8.40] mapped 332498 sequences
[M::worker_pipeline::160.978*8.41] mapped 332512 sequences
[M::worker_pipeline::161.401*8.40] mapped 332448 sequences
[M::worker_pipeline::162.192*8.41] mapped 332414 sequences
[M::worker_pipeline::162.787*8.42] mapped 332408 sequences
[M::worker_pipeline::163.181*8.41] mapped 332416 sequences
[M::worker_pipeline::163.914*8.42] mapped 332414 sequences
[M::worker_pipeline::164.663*8.42] mapped 332400 sequences
[M::worker_pipeline::165.253*8.43] mapped 332372 sequences
[M::worker_pipeline::165.978*8.43] mapped 332360 sequences
[M::worker_pipeline::166.586*8.44] mapped 332344 sequences
[M::worker_pipeline::167.209*8.44] mapped 332372 sequences
[M::worker_pipeline::167.895*8.44] mapped 332376 sequences
[M::worker_pipeline::168.534*8.44] mapped 332408 sequences
[M::worker_pipeline::169.108*8.45] mapped 332394 sequences
[M::worker_pipeline::169.901*8.46] mapped 332394 sequences
[M::worker_pipeline::170.373*8.45] mapped 332490 sequences
[M::worker_pipeline::171.060*8.45] mapped 332468 sequences
[M::worker_pipeline::171.414*8.44] mapped 332406 sequences
[M::worker_pipeline::172.082*8.44] mapped 332384 sequences
[M::worker_pipeline::172.838*8.43] mapped 332440 sequences
[M::worker_pipeline::173.806*8.42] mapped 332458 sequences
[M::worker_pipeline::174.606*8.41] mapped 332412 sequences
[M::worker_pipeline::175.411*8.41] mapped 332634 sequences
[M::worker_pipeline::176.450*8.42] mapped 332566 sequences
[M::worker_pipeline::177.120*8.42] mapped 332530 sequences
[M::worker_pipeline::177.768*8.42] mapped 332518 sequences
[M::worker_pipeline::178.378*8.43] mapped 332464 sequences
[M::worker_pipeline::179.049*8.43] mapped 332484 sequences
[M::worker_pipeline::179.629*8.43] mapped 332468 sequences
[M::worker_pipeline::180.281*8.43] mapped 332376 sequences
[M::worker_pipeline::180.859*8.44] mapped 332356 sequences
[M::worker_pipeline::181.222*8.42] mapped 332348 sequences
[M::worker_pipeline::182.090*8.43] mapped 332266 sequences
[M::worker_pipeline::182.746*8.43] mapped 332322 sequences
[M::worker_pipeline::183.534*8.44] mapped 332318 sequences
[M::worker_pipeline::184.186*8.44] mapped 332306 sequences
[M::worker_pipeline::184.806*8.45] mapped 332368 sequences
[M::worker_pipeline::185.398*8.45] mapped 332280 sequences
[M::worker_pipeline::186.034*8.45] mapped 332304 sequences
[M::worker_pipeline::186.677*8.45] mapped 332308 sequences
[M::worker_pipeline::187.006*8.44] mapped 332388 sequences
[M::worker_pipeline::187.960*8.46] mapped 332456 sequences
[M::worker_pipeline::188.591*8.46] mapped 332470 sequences
[M::worker_pipeline::189.258*8.46] mapped 332474 sequences
[M::worker_pipeline::189.868*8.47] mapped 332446 sequences
[M::worker_pipeline::190.219*8.45] mapped 332418 sequences
[M::worker_pipeline::190.931*8.46] mapped 332450 sequences
[M::worker_pipeline::191.758*8.47] mapped 332338 sequences
[M::worker_pipeline::192.452*8.47] mapped 332458 sequences
[M::worker_pipeline::193.108*8.48] mapped 332412 sequences
[M::worker_pipeline::193.717*8.48] mapped 332378 sequences
[M::worker_pipeline::194.279*8.48] mapped 332480 sequences
[M::worker_pipeline::194.749*8.47] mapped 332362 sequences
[M::worker_pipeline::195.491*8.48] mapped 332322 sequences
[M::worker_pipeline::200.853*8.32] mapped 332298 sequences
[M::worker_pipeline::201.215*8.30] mapped 332490 sequences
[M::worker_pipeline::201.707*8.30] mapped 332340 sequences
[M::worker_pipeline::202.149*8.30] mapped 332310 sequences
[M::worker_pipeline::203.154*8.30] mapped 332302 sequences
[M::worker_pipeline::203.662*8.30] mapped 332304 sequences
[M::worker_pipeline::204.345*8.31] mapped 332272 sequences
[M::worker_pipeline::204.845*8.30] mapped 332306 sequences
[M::worker_pipeline::205.798*8.30] mapped 332438 sequences
[M::worker_pipeline::206.366*8.31] mapped 332328 sequences
[M::worker_pipeline::207.040*8.31] mapped 332340 sequences
[M::worker_pipeline::207.522*8.30] mapped 332326 sequences
[M::worker_pipeline::208.577*8.31] mapped 332252 sequences
[M::worker_pipeline::209.233*8.32] mapped 332264 sequences
[M::worker_pipeline::209.810*8.32] mapped 332234 sequences
[M::worker_pipeline::210.459*8.32] mapped 332264 sequences
[M::worker_pipeline::211.091*8.32] mapped 332220 sequences
[M::worker_pipeline::211.750*8.33] mapped 332196 sequences
[M::worker_pipeline::212.449*8.33] mapped 332356 sequences
[M::worker_pipeline::213.016*8.33] mapped 332298 sequences
[M::worker_pipeline::213.653*8.33] mapped 332290 sequences
[M::worker_pipeline::214.280*8.33] mapped 332214 sequences
[M::worker_pipeline::214.876*8.34] mapped 332170 sequences
[M::worker_pipeline::215.385*8.34] mapped 332224 sequences
[M::worker_pipeline::216.102*8.34] mapped 332250 sequences
[M::worker_pipeline::216.712*8.34] mapped 332306 sequences
[M::worker_pipeline::217.061*8.33] mapped 332348 sequences
[M::worker_pipeline::217.908*8.34] mapped 332288 sequences
[M::worker_pipeline::218.493*8.34] mapped 332288 sequences
[M::worker_pipeline::219.326*8.35] mapped 332310 sequences
[M::worker_pipeline::219.945*8.35] mapped 332380 sequences
[M::worker_pipeline::220.573*8.36] mapped 332418 sequences
[M::worker_pipeline::221.189*8.36] mapped 332622 sequences
[M::worker_pipeline::221.543*8.35] mapped 332348 sequences
[M::worker_pipeline::222.253*8.35] mapped 332320 sequences
[M::worker_pipeline::223.084*8.35] mapped 332308 sequences
[M::worker_pipeline::223.928*8.36] mapped 332346 sequences
[M::worker_pipeline::224.573*8.36] mapped 332298 sequences
[M::worker_pipeline::225.213*8.36] mapped 332232 sequences
[M::worker_pipeline::225.878*8.37] mapped 332280 sequences
[M::worker_pipeline::226.557*8.37] mapped 332190 sequences
[M::worker_pipeline::227.187*8.37] mapped 332190 sequences
[M::worker_pipeline::227.837*8.37] mapped 332190 sequences
[M::worker_pipeline::228.502*8.37] mapped 332210 sequences
[M::worker_pipeline::229.122*8.38] mapped 332206 sequences
[M::worker_pipeline::229.730*8.38] mapped 332162 sequences
[M::worker_pipeline::230.369*8.38] mapped 332176 sequences
[M::worker_pipeline::230.965*8.38] mapped 332242 sequences
[M::worker_pipeline::231.585*8.38] mapped 332248 sequences
[M::worker_pipeline::232.201*8.39] mapped 332214 sequences
[M::worker_pipeline::232.814*8.39] mapped 332260 sequences
[M::worker_pipeline::233.454*8.39] mapped 332246 sequences
[M::worker_pipeline::234.167*8.39] mapped 332258 sequences
[M::worker_pipeline::234.776*8.39] mapped 332210 sequences
[M::worker_pipeline::235.488*8.39] mapped 332204 sequences
[M::worker_pipeline::236.136*8.39] mapped 332224 sequences
[M::worker_pipeline::236.866*8.40] mapped 332214 sequences
[M::worker_pipeline::237.363*8.40] mapped 332204 sequences
[M::worker_pipeline::238.003*8.40] mapped 332178 sequences
[M::worker_pipeline::238.565*8.40] mapped 332208 sequences
[M::worker_pipeline::238.974*8.39] mapped 332170 sequences
[M::worker_pipeline::240.067*8.40] mapped 332154 sequences
[M::worker_pipeline::240.693*8.40] mapped 332294 sequences
[M::worker_pipeline::241.047*8.39] mapped 332312 sequences
[M::worker_pipeline::241.809*8.39] mapped 332234 sequences
[M::worker_pipeline::242.549*8.40] mapped 332172 sequences
[M::worker_pipeline::243.294*8.40] mapped 332224 sequences
[M::worker_pipeline::243.755*8.40] mapped 332378 sequences
[M::worker_pipeline::244.590*8.41] mapped 332192 sequences
[M::worker_pipeline::245.212*8.41] mapped 332196 sequences
[M::worker_pipeline::245.850*8.41] mapped 332200 sequences
[M::worker_pipeline::246.257*8.40] mapped 332192 sequences
[M::worker_pipeline::247.144*8.41] mapped 332162 sequences
[M::worker_pipeline::247.751*8.41] mapped 332212 sequences
[M::worker_pipeline::248.381*8.41] mapped 332152 sequences
[M::worker_pipeline::249.017*8.42] mapped 332198 sequences
[M::worker_pipeline::249.682*8.42] mapped 332216 sequences
[M::worker_pipeline::250.446*8.42] mapped 332166 sequences
[M::worker_pipeline::250.984*8.42] mapped 332180 sequences
[M::worker_pipeline::251.595*8.42] mapped 332212 sequences
[M::worker_pipeline::252.200*8.42] mapped 332304 sequences
[M::worker_pipeline::252.818*8.43] mapped 332246 sequences
[M::worker_pipeline::253.503*8.43] mapped 332126 sequences
[M::worker_pipeline::254.265*8.43] mapped 332176 sequences
[M::worker_pipeline::254.741*8.43] mapped 332200 sequences
[M::worker_pipeline::255.368*8.43] mapped 332262 sequences
[M::worker_pipeline::256.015*8.43] mapped 332352 sequences
[M::worker_pipeline::256.643*8.43] mapped 332302 sequences
[M::worker_pipeline::257.163*8.43] mapped 332340 sequences
[M::worker_pipeline::257.946*8.44] mapped 332414 sequences
[M::worker_pipeline::258.599*8.44] mapped 332318 sequences
[M::worker_pipeline::259.199*8.44] mapped 332312 sequences
[M::worker_pipeline::259.870*8.44] mapped 332406 sequences
[M::worker_pipeline::260.509*8.44] mapped 332422 sequences
[M::worker_pipeline::261.145*8.44] mapped 332478 sequences
[M::worker_pipeline::261.810*8.44] mapped 332442 sequences
[M::worker_pipeline::267.098*8.32] mapped 332406 sequences
[M::worker_pipeline::267.432*8.31] mapped 332546 sequences
[M::worker_pipeline::267.866*8.31] mapped 332356 sequences
[M::worker_pipeline::268.729*8.31] mapped 332300 sequences
[M::worker_pipeline::269.349*8.31] mapped 332314 sequences
[M::worker_pipeline::269.965*8.31] mapped 332292 sequences
[M::worker_pipeline::270.284*8.31] mapped 332224 sequences
[M::worker_pipeline::270.996*8.31] mapped 332290 sequences
[M::worker_pipeline::272.060*8.32] mapped 332214 sequences
[M::worker_pipeline::272.695*8.32] mapped 332202 sequences
[M::worker_pipeline::273.203*8.32] mapped 332224 sequences
[M::worker_pipeline::273.937*8.32] mapped 332250 sequences
[M::worker_pipeline::274.565*8.32] mapped 332172 sequences
[M::worker_pipeline::275.240*8.33] mapped 332150 sequences
[M::worker_pipeline::275.860*8.33] mapped 332172 sequences
[M::worker_pipeline::276.516*8.33] mapped 332240 sequences
[M::worker_pipeline::277.122*8.33] mapped 332216 sequences
[M::worker_pipeline::277.531*8.33] mapped 332294 sequences
[M::worker_pipeline::278.248*8.33] mapped 332282 sequences
[M::worker_pipeline::278.765*8.33] mapped 332300 sequences
[M::worker_pipeline::279.610*8.33] mapped 332376 sequences
[M::worker_pipeline::280.445*8.34] mapped 332288 sequences
[M::worker_pipeline::281.065*8.34] mapped 332232 sequences
[M::worker_pipeline::281.689*8.34] mapped 332230 sequences
[M::worker_pipeline::282.347*8.34] mapped 332322 sequences
[M::worker_pipeline::282.971*8.34] mapped 332234 sequences
[M::worker_pipeline::283.604*8.35] mapped 332288 sequences
[M::worker_pipeline::284.274*8.35] mapped 332244 sequences
[M::worker_pipeline::284.921*8.35] mapped 332260 sequences
[M::worker_pipeline::285.535*8.35] mapped 332238 sequences
[M::worker_pipeline::286.221*8.35] mapped 332264 sequences
[M::worker_pipeline::286.941*8.35] mapped 332200 sequences
[M::worker_pipeline::287.466*8.35] mapped 332212 sequences
[M::worker_pipeline::288.083*8.36] mapped 332248 sequences
[M::worker_pipeline::288.768*8.36] mapped 332184 sequences
[M::worker_pipeline::289.347*8.36] mapped 332620 sequences
[M::worker_pipeline::289.994*8.36] mapped 332182 sequences
[M::worker_pipeline::290.658*8.36] mapped 332292 sequences
[M::worker_pipeline::291.297*8.36] mapped 332336 sequences
[M::worker_pipeline::292.012*8.37] mapped 332144 sequences
[M::worker_pipeline::292.556*8.37] mapped 332172 sequences
[M::worker_pipeline::293.155*8.37] mapped 332172 sequences
[M::worker_pipeline::293.804*8.37] mapped 332108 sequences
[M::worker_pipeline::294.385*8.37] mapped 332074 sequences
[M::worker_pipeline::294.745*8.37] mapped 332114 sequences
[M::worker_pipeline::295.597*8.37] mapped 332168 sequences
[M::worker_pipeline::296.349*8.38] mapped 332218 sequences
[M::worker_pipeline::296.958*8.38] mapped 332240 sequences
[M::worker_pipeline::297.562*8.38] mapped 332082 sequences
[M::worker_pipeline::298.130*8.38] mapped 332098 sequences
[M::worker_pipeline::298.701*8.39] mapped 332112 sequences
[M::worker_pipeline::299.312*8.39] mapped 332050 sequences
[M::worker_pipeline::299.926*8.39] mapped 332144 sequences
[M::worker_pipeline::300.548*8.39] mapped 332134 sequences
[M::worker_pipeline::301.188*8.39] mapped 332202 sequences
[M::worker_pipeline::301.810*8.39] mapped 332246 sequences
[M::worker_pipeline::302.417*8.40] mapped 332216 sequences
[M::worker_pipeline::303.030*8.40] mapped 332160 sequences
[M::worker_pipeline::303.663*8.40] mapped 332180 sequences
[M::worker_pipeline::304.248*8.40] mapped 332218 sequences
[M::worker_pipeline::304.899*8.40] mapped 332212 sequences
[M::worker_pipeline::305.565*8.41] mapped 332262 sequences
[M::worker_pipeline::306.146*8.41] mapped 332378 sequences
[M::worker_pipeline::306.805*8.41] mapped 332748 sequences
[M::worker_pipeline::307.523*8.41] mapped 332720 sequences
[M::worker_pipeline::308.130*8.41] mapped 332616 sequences
[M::worker_pipeline::308.795*8.41] mapped 332576 sequences
[M::worker_pipeline::309.441*8.41] mapped 332554 sequences
[M::worker_pipeline::310.078*8.42] mapped 332502 sequences
[M::worker_pipeline::310.681*8.42] mapped 332476 sequences
[M::worker_pipeline::311.309*8.42] mapped 332568 sequences
[M::worker_pipeline::311.910*8.42] mapped 332482 sequences
[M::worker_pipeline::312.508*8.42] mapped 332502 sequences
[M::worker_pipeline::313.163*8.42] mapped 332402 sequences
[M::worker_pipeline::313.782*8.42] mapped 332452 sequences
[M::worker_pipeline::314.417*8.43] mapped 332488 sequences
[M::worker_pipeline::315.066*8.43] mapped 332364 sequences
[M::worker_pipeline::315.689*8.43] mapped 332460 sequences
[M::worker_pipeline::316.298*8.43] mapped 332462 sequences
[M::worker_pipeline::316.908*8.43] mapped 332426 sequences
[M::worker_pipeline::317.502*8.43] mapped 332440 sequences
[M::worker_pipeline::317.826*8.43] mapped 332502 sequences
[M::worker_pipeline::318.787*8.43] mapped 332480 sequences
[M::worker_pipeline::319.405*8.44] mapped 332506 sequences
[M::worker_pipeline::320.003*8.44] mapped 332426 sequences
[M::worker_pipeline::320.633*8.44] mapped 332400 sequences
[M::worker_pipeline::321.252*8.44] mapped 332430 sequences
[M::worker_pipeline::321.907*8.44] mapped 332396 sequences
[M::worker_pipeline::322.518*8.44] mapped 332364 sequences
[M::worker_pipeline::323.189*8.45] mapped 332422 sequences
[M::worker_pipeline::323.799*8.45] mapped 332358 sequences
[M::worker_pipeline::324.479*8.45] mapped 332452 sequences
[M::worker_pipeline::325.102*8.45] mapped 332490 sequences
[M::worker_pipeline::326.040*8.46] mapped 332364 sequences
[M::worker_pipeline::326.416*8.45] mapped 332398 sequences
[M::worker_pipeline::331.526*8.35] mapped 332388 sequences
[M::worker_pipeline::331.870*8.35] mapped 332448 sequences
[M::worker_pipeline::332.530*8.35] mapped 332432 sequences
[M::worker_pipeline::333.134*8.35] mapped 332478 sequences
[M::worker_pipeline::333.773*8.35] mapped 332388 sequences
[M::worker_pipeline::334.341*8.35] mapped 332424 sequences
[M::worker_pipeline::334.697*8.35] mapped 332424 sequences
[M::worker_pipeline::335.571*8.35] mapped 332480 sequences
[M::worker_pipeline::336.081*8.35] mapped 332482 sequences
[M::worker_pipeline::337.105*8.35] mapped 332436 sequences
[M::worker_pipeline::337.443*8.35] mapped 332390 sequences
[M::worker_pipeline::338.175*8.35] mapped 332358 sequences
[M::worker_pipeline::339.037*8.35] mapped 332334 sequences
[M::worker_pipeline::339.713*8.36] mapped 332324 sequences
[M::worker_pipeline::340.348*8.36] mapped 332344 sequences
[M::worker_pipeline::340.962*8.36] mapped 332294 sequences
[M::worker_pipeline::341.638*8.36] mapped 332274 sequences
[M::worker_pipeline::342.252*8.36] mapped 332308 sequences
[M::worker_pipeline::342.920*8.36] mapped 332334 sequences
[M::worker_pipeline::343.566*8.36] mapped 332314 sequences
[M::worker_pipeline::344.218*8.36] mapped 332474 sequences
[M::worker_pipeline::344.862*8.36] mapped 332590 sequences
[M::worker_pipeline::345.498*8.37] mapped 332474 sequences
[M::worker_pipeline::346.258*8.37] mapped 332478 sequences
[M::worker_pipeline::346.753*8.37] mapped 332564 sequences
[M::worker_pipeline::347.412*8.37] mapped 332448 sequences
[M::worker_pipeline::348.039*8.37] mapped 332568 sequences
[M::worker_pipeline::348.620*8.37] mapped 332612 sequences
[M::worker_pipeline::349.325*8.37] mapped 332596 sequences
[M::worker_pipeline::349.847*8.37] mapped 332522 sequences
[M::worker_pipeline::350.136*8.37] mapped 264104 sequences
[M::main] Version: 2.22-r1101
[M::main] CMD: minimap2 --secondary=no -t 16 -R @RG\tID:snippy\tSM:snippy -ax sr /work/FAC/FBM/DMF/smitri/evomicrocomm/genome_size/data/at/reference.fasta /work/FAC/FBM/DMF/smitri/evomicrocomm/genome_size/data/T11.4.5/read1.fq.gz /work/FAC/FBM/DMF/smitri/evomicrocomm/genome_size/data/T11.4.5/read2.fq.gz
[M::main] Real time: 350.161 sec; CPU: 2929.469 sec; Peak RSS: 0.775 GB
[bam_sort_core] merging from 80 files and 16 in-memory blocks...
[Sun Oct 17 22:58:43 2021]
Finished job 0.
1 of 1 steps (100%) done
