Building DAG of jobs...
Using shell: /usr/bin/bash
Provided cores: 16
Rules claiming more threads will be scaled down.
Select jobs to execute...

[Sun Oct 17 22:48:29 2021]
rule mapping:
    input: /work/FAC/FBM/DMF/smitri/evomicrocomm/genome_size/data/at/reference.fasta, /work/FAC/FBM/DMF/smitri/evomicrocomm/genome_size/data/T33.1.2/read1.fq.gz, /work/FAC/FBM/DMF/smitri/evomicrocomm/genome_size/data/T33.1.2/read2.fq.gz
    output: /work/FAC/FBM/DMF/smitri/evomicrocomm/genome_size/data/T33.1.2/at/mapped_reads.sorted.bam
    jobid: 0
    wildcards: sample=T33.1.2, strain=at
    threads: 16
    resources: mem_mb=1770, disk_mb=1770, tmpdir=/tmp/2846239

[M::mm_idx_gen::0.122*0.97] collected minimizers
[M::mm_idx_gen::0.142*2.59] sorted minimizers
[M::main::0.142*2.59] loaded/built the index for 5 target sequence(s)
[M::mm_mapopt_update::0.142*2.59] mid_occ = 1000
[M::mm_idx_stat] kmer size: 21; skip: 11; is_hpc: 0; #seq: 5
[M::mm_idx_stat::0.154*2.47] distinct minimizers: 875577 (98.87% are singletons); average occurrences: 1.019; average spacing: 5.996; total length: 5348547
[M::worker_pipeline::1.785*3.69] mapped 332334 sequences
[M::worker_pipeline::2.790*4.48] mapped 332132 sequences
[M::worker_pipeline::3.628*5.06] mapped 332090 sequences
[M::worker_pipeline::4.587*5.24] mapped 331926 sequences
[M::worker_pipeline::5.826*6.20] mapped 331930 sequences
[M::worker_pipeline::6.485*6.46] mapped 332194 sequences
[M::worker_pipeline::7.139*6.68] mapped 332124 sequences
[M::worker_pipeline::7.784*6.92] mapped 332032 sequences
[M::worker_pipeline::8.371*7.11] mapped 331952 sequences
[M::worker_pipeline::9.033*7.29] mapped 331938 sequences
[M::worker_pipeline::9.726*7.40] mapped 332120 sequences
[M::worker_pipeline::10.360*7.51] mapped 332204 sequences
[M::worker_pipeline::10.994*7.63] mapped 332252 sequences
[M::worker_pipeline::11.673*7.69] mapped 332054 sequences
[M::worker_pipeline::12.292*7.75] mapped 331894 sequences
[M::worker_pipeline::12.633*7.60] mapped 331928 sequences
[M::worker_pipeline::13.753*7.82] mapped 332346 sequences
[M::worker_pipeline::14.374*7.87] mapped 332264 sequences
[M::worker_pipeline::14.886*7.84] mapped 332162 sequences
[M::worker_pipeline::15.729*7.94] mapped 332042 sequences
[M::worker_pipeline::16.341*7.98] mapped 331990 sequences
[M::worker_pipeline::17.015*8.01] mapped 332298 sequences
[M::worker_pipeline::17.451*7.99] mapped 332196 sequences
[M::worker_pipeline::17.975*7.93] mapped 332068 sequences
[M::worker_pipeline::19.081*8.08] mapped 332040 sequences
[M::worker_pipeline::19.749*8.11] mapped 332114 sequences
[M::worker_pipeline::20.371*8.14] mapped 332182 sequences
[M::worker_pipeline::21.040*8.19] mapped 332152 sequences
[M::worker_pipeline::21.645*8.21] mapped 332070 sequences
[M::worker_pipeline::22.363*8.29] mapped 331954 sequences
[M::worker_pipeline::22.897*8.29] mapped 331968 sequences
[M::worker_pipeline::23.574*8.30] mapped 332018 sequences
[M::worker_pipeline::24.219*8.32] mapped 332188 sequences
[M::worker_pipeline::24.913*8.34] mapped 332072 sequences
[M::worker_pipeline::25.514*8.37] mapped 332004 sequences
[M::worker_pipeline::26.194*8.44] mapped 332052 sequences
[M::worker_pipeline::26.804*8.42] mapped 332074 sequences
[M::worker_pipeline::27.585*8.50] mapped 332300 sequences
[M::worker_pipeline::28.099*8.45] mapped 332234 sequences
[M::worker_pipeline::28.717*8.47] mapped 332096 sequences
[M::worker_pipeline::29.313*8.50] mapped 332150 sequences
[M::worker_pipeline::29.735*8.46] mapped 332018 sequences
[M::worker_pipeline::29.900*8.41] mapped 144050 sequences
[M::main] Version: 2.22-r1101
[M::main] CMD: minimap2 --secondary=no -t 16 -R @RG\tID:snippy\tSM:snippy -ax sr /work/FAC/FBM/DMF/smitri/evomicrocomm/genome_size/data/at/reference.fasta /work/FAC/FBM/DMF/smitri/evomicrocomm/genome_size/data/T33.1.2/read1.fq.gz /work/FAC/FBM/DMF/smitri/evomicrocomm/genome_size/data/T33.1.2/read2.fq.gz
[M::main] Real time: 29.917 sec; CPU: 251.606 sec; Peak RSS: 0.628 GB
[bam_sort_core] merging from 0 files and 16 in-memory blocks...
[Sun Oct 17 22:49:17 2021]
Finished job 0.
1 of 1 steps (100%) done
