Building DAG of jobs...
Using shell: /usr/bin/bash
Provided cores: 16
Rules claiming more threads will be scaled down.
Select jobs to execute...

[Sun Oct 17 22:30:59 2021]
rule mapping:
    input: /work/FAC/FBM/DMF/smitri/evomicrocomm/genome_size/data/ms/reference.fasta, /work/FAC/FBM/DMF/smitri/evomicrocomm/genome_size/data/T33.4.2/read1.fq.gz, /work/FAC/FBM/DMF/smitri/evomicrocomm/genome_size/data/T33.4.2/read2.fq.gz
    output: /work/FAC/FBM/DMF/smitri/evomicrocomm/genome_size/data/T33.4.2/ms/mapped_reads.sorted.bam
    jobid: 0
    wildcards: sample=T33.4.2, strain=ms
    threads: 16
    resources: mem_mb=20593, disk_mb=20593, tmpdir=/tmp/2846018

[M::mm_idx_gen::0.120*0.73] collected minimizers
[M::mm_idx_gen::0.139*2.29] sorted minimizers
[M::main::0.139*2.29] loaded/built the index for 1 target sequence(s)
[M::mm_mapopt_update::0.139*2.29] mid_occ = 1000
[M::mm_idx_stat] kmer size: 21; skip: 11; is_hpc: 0; #seq: 1
[M::mm_idx_stat::0.146*2.23] distinct minimizers: 620509 (99.65% are singletons); average occurrences: 1.004; average spacing: 5.998; total length: 3737398
[M::worker_pipeline::1.293*2.19] mapped 332702 sequences
[M::worker_pipeline::2.170*2.42] mapped 332740 sequences
[M::worker_pipeline::3.013*2.54] mapped 332580 sequences
[M::worker_pipeline::3.764*2.63] mapped 332472 sequences
[M::worker_pipeline::4.579*2.69] mapped 332472 sequences
[M::worker_pipeline::5.304*2.76] mapped 332472 sequences
[M::worker_pipeline::6.003*2.83] mapped 332398 sequences
[M::worker_pipeline::6.624*2.91] mapped 332378 sequences
[M::worker_pipeline::7.227*2.98] mapped 332268 sequences
[M::worker_pipeline::7.841*3.04] mapped 332254 sequences
[M::worker_pipeline::8.470*3.08] mapped 332276 sequences
[M::worker_pipeline::9.079*3.13] mapped 332218 sequences
[M::worker_pipeline::9.686*3.16] mapped 332242 sequences
[M::worker_pipeline::10.321*3.19] mapped 332246 sequences
[M::worker_pipeline::10.927*3.22] mapped 332262 sequences
[M::worker_pipeline::11.516*3.25] mapped 332316 sequences
[M::worker_pipeline::12.126*3.27] mapped 332286 sequences
[M::worker_pipeline::12.732*3.30] mapped 332256 sequences
[M::worker_pipeline::13.319*3.33] mapped 332248 sequences
[M::worker_pipeline::13.982*3.34] mapped 332248 sequences
[M::worker_pipeline::14.610*3.35] mapped 332276 sequences
[M::worker_pipeline::15.182*3.37] mapped 332248 sequences
[M::worker_pipeline::15.850*3.37] mapped 332200 sequences
[M::worker_pipeline::16.437*3.39] mapped 332270 sequences
[M::worker_pipeline::17.023*3.40] mapped 332220 sequences
[M::worker_pipeline::17.652*3.41] mapped 332216 sequences
[M::worker_pipeline::18.247*3.42] mapped 332194 sequences
[M::worker_pipeline::18.885*3.43] mapped 332252 sequences
[M::worker_pipeline::19.515*3.43] mapped 332272 sequences
[M::worker_pipeline::20.149*3.44] mapped 332198 sequences
[M::worker_pipeline::20.720*3.45] mapped 332120 sequences
[M::worker_pipeline::21.361*3.45] mapped 332146 sequences
[M::worker_pipeline::21.973*3.46] mapped 332070 sequences
[M::worker_pipeline::22.596*3.47] mapped 332092 sequences
[M::worker_pipeline::23.190*3.48] mapped 332102 sequences
[M::worker_pipeline::23.794*3.49] mapped 332026 sequences
[M::worker_pipeline::24.404*3.50] mapped 332074 sequences
[M::worker_pipeline::24.960*3.51] mapped 332010 sequences
[M::worker_pipeline::25.574*3.52] mapped 332090 sequences
[M::worker_pipeline::26.123*3.53] mapped 332018 sequences
[M::worker_pipeline::26.744*3.53] mapped 332024 sequences
[M::worker_pipeline::27.331*3.54] mapped 332010 sequences
[M::worker_pipeline::27.898*3.55] mapped 332000 sequences
[M::worker_pipeline::28.519*3.55] mapped 332012 sequences
[M::worker_pipeline::29.112*3.56] mapped 332036 sequences
[M::worker_pipeline::29.701*3.56] mapped 331990 sequences
[M::worker_pipeline::30.354*3.56] mapped 331962 sequences
[M::worker_pipeline::30.951*3.57] mapped 331966 sequences
[M::worker_pipeline::31.544*3.57] mapped 331952 sequences
[M::worker_pipeline::32.162*3.58] mapped 331952 sequences
[M::worker_pipeline::32.725*3.59] mapped 331946 sequences
[M::worker_pipeline::33.332*3.59] mapped 332014 sequences
[M::worker_pipeline::33.933*3.59] mapped 331968 sequences
[M::worker_pipeline::34.493*3.60] mapped 331982 sequences
[M::worker_pipeline::35.101*3.60] mapped 332008 sequences
[M::worker_pipeline::35.733*3.61] mapped 332018 sequences
[M::worker_pipeline::36.299*3.61] mapped 332038 sequences
[M::worker_pipeline::36.939*3.61] mapped 332042 sequences
[M::worker_pipeline::37.531*3.62] mapped 332018 sequences
[M::worker_pipeline::38.136*3.62] mapped 332060 sequences
[M::worker_pipeline::38.713*3.62] mapped 332076 sequences
[M::worker_pipeline::39.319*3.62] mapped 332140 sequences
[M::worker_pipeline::39.950*3.63] mapped 332650 sequences
[M::worker_pipeline::40.555*3.63] mapped 332624 sequences
[M::worker_pipeline::41.161*3.63] mapped 332518 sequences
[M::worker_pipeline::41.731*3.64] mapped 332504 sequences
[M::worker_pipeline::42.342*3.64] mapped 332420 sequences
[M::worker_pipeline::42.944*3.64] mapped 332342 sequences
[M::worker_pipeline::43.507*3.65] mapped 332304 sequences
[M::worker_pipeline::44.153*3.65] mapped 332332 sequences
[M::worker_pipeline::44.761*3.65] mapped 332292 sequences
[M::worker_pipeline::45.320*3.65] mapped 332184 sequences
[M::worker_pipeline::45.966*3.65] mapped 332258 sequences
[M::worker_pipeline::46.560*3.65] mapped 332220 sequences
[M::worker_pipeline::47.140*3.66] mapped 332252 sequences
[M::worker_pipeline::47.785*3.66] mapped 332296 sequences
[M::worker_pipeline::48.383*3.66] mapped 332318 sequences
[M::worker_pipeline::48.983*3.67] mapped 332290 sequences
[M::worker_pipeline::49.580*3.67] mapped 332300 sequences
[M::worker_pipeline::50.203*3.67] mapped 332262 sequences
[M::worker_pipeline::50.779*3.67] mapped 332210 sequences
[M::worker_pipeline::51.384*3.67] mapped 332190 sequences
[M::worker_pipeline::51.976*3.68] mapped 332184 sequences
[M::worker_pipeline::52.565*3.68] mapped 332158 sequences
[M::worker_pipeline::53.168*3.68] mapped 332130 sequences
[M::worker_pipeline::53.737*3.68] mapped 332176 sequences
[M::worker_pipeline::54.347*3.68] mapped 332158 sequences
[M::worker_pipeline::54.972*3.69] mapped 332132 sequences
[M::worker_pipeline::55.533*3.69] mapped 332138 sequences
[M::worker_pipeline::56.167*3.69] mapped 332140 sequences
[M::worker_pipeline::56.738*3.69] mapped 332114 sequences
[M::worker_pipeline::57.313*3.69] mapped 332122 sequences
[M::worker_pipeline::57.941*3.69] mapped 332124 sequences
[M::worker_pipeline::58.551*3.69] mapped 332084 sequences
[M::worker_pipeline::59.164*3.69] mapped 332078 sequences
[M::worker_pipeline::59.763*3.70] mapped 332046 sequences
[M::worker_pipeline::60.341*3.70] mapped 332038 sequences
[M::worker_pipeline::60.965*3.70] mapped 332074 sequences
[M::worker_pipeline::61.541*3.70] mapped 332074 sequences
[M::worker_pipeline::62.163*3.70] mapped 332094 sequences
[M::worker_pipeline::62.794*3.70] mapped 332082 sequences
[M::worker_pipeline::63.418*3.70] mapped 332008 sequences
[M::worker_pipeline::64.055*3.70] mapped 332048 sequences
[M::worker_pipeline::64.625*3.70] mapped 332072 sequences
[M::worker_pipeline::65.251*3.70] mapped 332040 sequences
[M::worker_pipeline::75.499*3.28] mapped 332058 sequences
[M::worker_pipeline::75.692*3.28] mapped 332020 sequences
[M::worker_pipeline::75.872*3.27] mapped 332014 sequences
[M::worker_pipeline::76.553*3.27] mapped 332016 sequences
[M::worker_pipeline::77.211*3.28] mapped 332002 sequences
[M::worker_pipeline::77.788*3.28] mapped 332024 sequences
[M::worker_pipeline::78.376*3.29] mapped 331996 sequences
[M::worker_pipeline::78.943*3.29] mapped 332034 sequences
[M::worker_pipeline::79.592*3.30] mapped 331992 sequences
[M::worker_pipeline::80.168*3.30] mapped 331970 sequences
[M::worker_pipeline::80.741*3.30] mapped 332014 sequences
[M::worker_pipeline::81.348*3.31] mapped 332018 sequences
[M::worker_pipeline::81.916*3.31] mapped 332066 sequences
[M::worker_pipeline::82.513*3.32] mapped 332086 sequences
[M::worker_pipeline::83.110*3.32] mapped 332150 sequences
[M::worker_pipeline::83.748*3.32] mapped 332144 sequences
[M::worker_pipeline::84.364*3.32] mapped 332144 sequences
[M::worker_pipeline::84.968*3.33] mapped 332138 sequences
[M::worker_pipeline::85.557*3.33] mapped 332204 sequences
[M::worker_pipeline::86.153*3.33] mapped 332578 sequences
[M::worker_pipeline::86.802*3.34] mapped 332710 sequences
[M::worker_pipeline::87.404*3.34] mapped 332616 sequences
[M::worker_pipeline::87.985*3.34] mapped 332560 sequences
[M::worker_pipeline::88.592*3.35] mapped 332488 sequences
[M::worker_pipeline::89.197*3.35] mapped 332458 sequences
[M::worker_pipeline::89.822*3.35] mapped 332408 sequences
[M::worker_pipeline::90.416*3.36] mapped 332442 sequences
[M::worker_pipeline::91.007*3.36] mapped 332360 sequences
[M::worker_pipeline::91.635*3.36] mapped 332278 sequences
[M::worker_pipeline::92.276*3.36] mapped 332302 sequences
[M::worker_pipeline::92.876*3.37] mapped 332242 sequences
[M::worker_pipeline::93.462*3.37] mapped 332282 sequences
[M::worker_pipeline::94.061*3.37] mapped 332294 sequences
[M::worker_pipeline::94.662*3.37] mapped 332382 sequences
[M::worker_pipeline::95.235*3.38] mapped 332444 sequences
[M::worker_pipeline::95.870*3.38] mapped 332512 sequences
[M::worker_pipeline::96.505*3.38] mapped 332854 sequences
[M::worker_pipeline::97.131*3.38] mapped 332390 sequences
[M::worker_pipeline::97.719*3.38] mapped 332390 sequences
[M::worker_pipeline::98.375*3.39] mapped 332370 sequences
[M::worker_pipeline::98.996*3.39] mapped 332372 sequences
[M::worker_pipeline::99.551*3.39] mapped 332306 sequences
[M::worker_pipeline::100.159*3.39] mapped 332310 sequences
[M::worker_pipeline::100.811*3.40] mapped 332232 sequences
[M::worker_pipeline::101.381*3.40] mapped 332170 sequences
[M::worker_pipeline::101.984*3.40] mapped 332178 sequences
[M::worker_pipeline::102.594*3.40] mapped 332222 sequences
[M::worker_pipeline::103.180*3.41] mapped 332652 sequences
[M::worker_pipeline::103.769*3.41] mapped 332186 sequences
[M::worker_pipeline::104.379*3.41] mapped 332112 sequences
[M::worker_pipeline::104.924*3.42] mapped 332146 sequences
[M::worker_pipeline::105.510*3.42] mapped 332116 sequences
[M::worker_pipeline::106.165*3.42] mapped 332146 sequences
[M::worker_pipeline::106.769*3.42] mapped 332180 sequences
[M::worker_pipeline::107.389*3.43] mapped 332138 sequences
[M::worker_pipeline::107.990*3.43] mapped 332068 sequences
[M::worker_pipeline::108.599*3.43] mapped 332102 sequences
[M::worker_pipeline::109.180*3.43] mapped 332088 sequences
[M::worker_pipeline::109.836*3.44] mapped 332024 sequences
[M::worker_pipeline::110.414*3.44] mapped 332004 sequences
[M::worker_pipeline::111.025*3.44] mapped 331986 sequences
[M::worker_pipeline::111.589*3.44] mapped 332022 sequences
[M::worker_pipeline::112.224*3.44] mapped 331988 sequences
[M::worker_pipeline::112.810*3.45] mapped 331960 sequences
[M::worker_pipeline::113.395*3.45] mapped 331990 sequences
[M::worker_pipeline::114.028*3.45] mapped 332012 sequences
[M::worker_pipeline::114.615*3.45] mapped 331962 sequences
[M::worker_pipeline::115.169*3.45] mapped 331988 sequences
[M::worker_pipeline::115.805*3.45] mapped 332022 sequences
[M::worker_pipeline::116.375*3.46] mapped 331964 sequences
[M::worker_pipeline::116.984*3.46] mapped 331974 sequences
[M::worker_pipeline::117.598*3.46] mapped 331984 sequences
[M::worker_pipeline::118.174*3.46] mapped 331934 sequences
[M::worker_pipeline::118.809*3.46] mapped 331994 sequences
[M::worker_pipeline::119.399*3.46] mapped 332036 sequences
[M::worker_pipeline::119.953*3.47] mapped 332036 sequences
[M::worker_pipeline::120.607*3.47] mapped 332092 sequences
[M::worker_pipeline::121.172*3.47] mapped 332052 sequences
[M::worker_pipeline::121.764*3.47] mapped 332074 sequences
[M::worker_pipeline::122.339*3.47] mapped 332100 sequences
[M::worker_pipeline::122.930*3.48] mapped 332090 sequences
[M::worker_pipeline::123.524*3.48] mapped 332664 sequences
[M::worker_pipeline::124.169*3.48] mapped 332850 sequences
[M::worker_pipeline::124.765*3.48] mapped 332730 sequences
[M::worker_pipeline::125.362*3.48] mapped 332580 sequences
[M::worker_pipeline::125.939*3.48] mapped 332604 sequences
[M::worker_pipeline::126.566*3.48] mapped 332476 sequences
[M::worker_pipeline::127.168*3.49] mapped 332364 sequences
[M::worker_pipeline::127.740*3.49] mapped 332374 sequences
[M::worker_pipeline::128.345*3.49] mapped 332328 sequences
[M::worker_pipeline::128.936*3.49] mapped 332328 sequences
[M::worker_pipeline::129.569*3.49] mapped 332322 sequences
[M::worker_pipeline::130.145*3.49] mapped 332348 sequences
[M::worker_pipeline::130.785*3.49] mapped 332406 sequences
[M::worker_pipeline::131.334*3.50] mapped 332434 sequences
[M::worker_pipeline::131.971*3.50] mapped 332538 sequences
[M::worker_pipeline::132.528*3.50] mapped 332506 sequences
[M::worker_pipeline::133.155*3.50] mapped 332574 sequences
[M::worker_pipeline::133.772*3.50] mapped 332552 sequences
[M::worker_pipeline::134.353*3.50] mapped 332420 sequences
[M::worker_pipeline::134.978*3.51] mapped 332382 sequences
[M::worker_pipeline::135.625*3.51] mapped 332420 sequences
[M::worker_pipeline::136.213*3.51] mapped 332388 sequences
[M::worker_pipeline::136.836*3.51] mapped 332374 sequences
[M::worker_pipeline::137.473*3.51] mapped 332460 sequences
[M::worker_pipeline::138.246*3.51] mapped 332342 sequences
[M::worker_pipeline::145.825*3.37] mapped 332264 sequences
[M::worker_pipeline::146.015*3.37] mapped 332308 sequences
[M::worker_pipeline::146.194*3.36] mapped 332266 sequences
[M::worker_pipeline::146.795*3.37] mapped 332248 sequences
[M::worker_pipeline::147.547*3.37] mapped 332246 sequences
[M::worker_pipeline::148.126*3.37] mapped 332272 sequences
[M::worker_pipeline::148.730*3.37] mapped 332354 sequences
[M::worker_pipeline::149.298*3.37] mapped 332298 sequences
[M::worker_pipeline::150.062*3.37] mapped 332292 sequences
[M::worker_pipeline::150.856*3.37] mapped 332284 sequences
[M::worker_pipeline::151.471*3.37] mapped 332246 sequences
[M::worker_pipeline::152.083*3.37] mapped 332150 sequences
[M::worker_pipeline::152.732*3.37] mapped 332200 sequences
[M::worker_pipeline::153.308*3.37] mapped 332182 sequences
[M::worker_pipeline::153.917*3.38] mapped 332106 sequences
[M::worker_pipeline::154.516*3.38] mapped 332190 sequences
[M::worker_pipeline::155.103*3.38] mapped 332164 sequences
[M::worker_pipeline::155.715*3.38] mapped 332162 sequences
[M::worker_pipeline::156.344*3.38] mapped 332164 sequences
[M::worker_pipeline::156.926*3.38] mapped 332094 sequences
[M::worker_pipeline::157.554*3.39] mapped 332048 sequences
[M::worker_pipeline::158.148*3.39] mapped 332108 sequences
[M::worker_pipeline::158.744*3.39] mapped 332100 sequences
[M::worker_pipeline::159.344*3.39] mapped 332084 sequences
[M::worker_pipeline::159.958*3.39] mapped 332034 sequences
[M::worker_pipeline::160.543*3.39] mapped 332046 sequences
[M::worker_pipeline::161.123*3.39] mapped 332066 sequences
[M::worker_pipeline::161.724*3.40] mapped 332076 sequences
[M::worker_pipeline::162.299*3.40] mapped 332072 sequences
[M::worker_pipeline::162.874*3.40] mapped 332128 sequences
[M::worker_pipeline::163.471*3.40] mapped 332170 sequences
[M::worker_pipeline::164.084*3.40] mapped 332156 sequences
[M::worker_pipeline::164.680*3.40] mapped 332184 sequences
[M::worker_pipeline::165.292*3.41] mapped 332192 sequences
[M::worker_pipeline::165.814*3.41] mapped 332168 sequences
[M::worker_pipeline::166.489*3.41] mapped 332278 sequences
[M::worker_pipeline::167.086*3.41] mapped 332260 sequences
[M::worker_pipeline::167.662*3.41] mapped 332656 sequences
[M::worker_pipeline::168.321*3.41] mapped 332962 sequences
[M::worker_pipeline::168.918*3.41] mapped 332772 sequences
[M::worker_pipeline::169.501*3.42] mapped 332502 sequences
[M::worker_pipeline::170.096*3.42] mapped 332520 sequences
[M::worker_pipeline::170.710*3.42] mapped 332546 sequences
[M::worker_pipeline::171.265*3.42] mapped 332440 sequences
[M::worker_pipeline::171.871*3.42] mapped 332382 sequences
[M::worker_pipeline::172.460*3.42] mapped 332334 sequences
[M::worker_pipeline::173.059*3.43] mapped 332318 sequences
[M::worker_pipeline::173.651*3.43] mapped 332334 sequences
[M::worker_pipeline::174.234*3.43] mapped 332258 sequences
[M::worker_pipeline::174.837*3.43] mapped 332304 sequences
[M::worker_pipeline::175.447*3.43] mapped 332276 sequences
[M::worker_pipeline::176.058*3.43] mapped 332300 sequences
[M::worker_pipeline::176.644*3.44] mapped 332278 sequences
[M::worker_pipeline::177.219*3.44] mapped 332246 sequences
[M::worker_pipeline::177.846*3.44] mapped 332248 sequences
[M::worker_pipeline::178.409*3.44] mapped 332212 sequences
[M::worker_pipeline::178.998*3.44] mapped 332244 sequences
[M::worker_pipeline::179.596*3.44] mapped 332318 sequences
[M::worker_pipeline::180.187*3.44] mapped 332204 sequences
[M::worker_pipeline::180.775*3.44] mapped 332212 sequences
[M::worker_pipeline::181.349*3.45] mapped 332190 sequences
[M::worker_pipeline::181.944*3.45] mapped 332146 sequences
[M::worker_pipeline::182.535*3.45] mapped 332176 sequences
[M::worker_pipeline::183.109*3.45] mapped 332236 sequences
[M::worker_pipeline::183.673*3.45] mapped 332248 sequences
[M::worker_pipeline::184.257*3.45] mapped 332146 sequences
[M::worker_pipeline::184.864*3.46] mapped 332152 sequences
[M::worker_pipeline::185.461*3.46] mapped 332124 sequences
[M::worker_pipeline::186.055*3.46] mapped 332174 sequences
[M::worker_pipeline::186.657*3.46] mapped 332114 sequences
[M::worker_pipeline::187.278*3.46] mapped 332100 sequences
[M::worker_pipeline::187.883*3.46] mapped 332156 sequences
[M::worker_pipeline::188.495*3.46] mapped 332126 sequences
[M::worker_pipeline::189.080*3.47] mapped 332124 sequences
[M::worker_pipeline::189.659*3.47] mapped 332142 sequences
[M::worker_pipeline::190.310*3.47] mapped 332100 sequences
[M::worker_pipeline::190.915*3.47] mapped 332146 sequences
[M::worker_pipeline::191.482*3.47] mapped 332172 sequences
[M::worker_pipeline::192.081*3.47] mapped 332170 sequences
[M::worker_pipeline::192.678*3.47] mapped 332174 sequences
[M::worker_pipeline::193.282*3.47] mapped 332206 sequences
[M::worker_pipeline::193.853*3.47] mapped 332238 sequences
[M::worker_pipeline::194.445*3.48] mapped 332252 sequences
[M::worker_pipeline::195.023*3.48] mapped 332284 sequences
[M::worker_pipeline::195.649*3.48] mapped 332224 sequences
[M::worker_pipeline::196.239*3.48] mapped 332244 sequences
[M::worker_pipeline::196.877*3.48] mapped 332368 sequences
[M::worker_pipeline::197.487*3.48] mapped 332360 sequences
[M::worker_pipeline::198.083*3.48] mapped 332378 sequences
[M::worker_pipeline::198.692*3.48] mapped 332428 sequences
[M::worker_pipeline::199.310*3.48] mapped 332318 sequences
[M::worker_pipeline::199.896*3.48] mapped 332352 sequences
[M::worker_pipeline::200.445*3.49] mapped 332212 sequences
[M::worker_pipeline::201.050*3.49] mapped 332190 sequences
[M::worker_pipeline::201.647*3.49] mapped 332076 sequences
[M::worker_pipeline::202.239*3.49] mapped 332042 sequences
[M::worker_pipeline::202.840*3.49] mapped 332100 sequences
[M::worker_pipeline::203.410*3.49] mapped 332034 sequences
[M::worker_pipeline::204.000*3.49] mapped 332862 sequences
[M::worker_pipeline::204.662*3.49] mapped 332576 sequences
[M::worker_pipeline::205.242*3.49] mapped 332488 sequences
[M::worker_pipeline::205.858*3.50] mapped 332486 sequences
[M::worker_pipeline::206.429*3.50] mapped 332400 sequences
[M::worker_pipeline::207.025*3.50] mapped 332364 sequences
[M::worker_pipeline::207.615*3.50] mapped 332316 sequences
[M::worker_pipeline::214.897*3.41] mapped 332272 sequences
[M::worker_pipeline::215.067*3.41] mapped 332276 sequences
[M::worker_pipeline::215.240*3.41] mapped 332202 sequences
[M::worker_pipeline::215.874*3.41] mapped 332150 sequences
[M::worker_pipeline::216.616*3.41] mapped 332234 sequences
[M::worker_pipeline::217.322*3.41] mapped 332236 sequences
[M::worker_pipeline::218.134*3.40] mapped 332248 sequences
[M::worker_pipeline::218.700*3.41] mapped 332300 sequences
[M::worker_pipeline::219.314*3.41] mapped 332254 sequences
[M::worker_pipeline::219.918*3.41] mapped 332192 sequences
[M::worker_pipeline::220.530*3.41] mapped 332226 sequences
[M::worker_pipeline::221.133*3.41] mapped 332242 sequences
[M::worker_pipeline::221.723*3.41] mapped 332234 sequences
[M::worker_pipeline::222.309*3.41] mapped 332144 sequences
[M::worker_pipeline::222.876*3.41] mapped 332120 sequences
[M::worker_pipeline::223.614*3.41] mapped 332120 sequences
[M::worker_pipeline::224.363*3.41] mapped 332090 sequences
[M::worker_pipeline::225.074*3.41] mapped 332096 sequences
[M::worker_pipeline::225.777*3.41] mapped 332104 sequences
[M::worker_pipeline::226.425*3.41] mapped 332088 sequences
[M::worker_pipeline::226.999*3.41] mapped 332054 sequences
[M::worker_pipeline::227.629*3.41] mapped 332076 sequences
[M::worker_pipeline::228.243*3.41] mapped 332052 sequences
[M::worker_pipeline::228.847*3.42] mapped 332070 sequences
[M::worker_pipeline::229.446*3.42] mapped 332102 sequences
[M::worker_pipeline::230.057*3.42] mapped 332050 sequences
[M::worker_pipeline::230.677*3.42] mapped 332066 sequences
[M::worker_pipeline::231.253*3.42] mapped 332112 sequences
[M::worker_pipeline::231.852*3.42] mapped 332172 sequences
[M::worker_pipeline::232.452*3.42] mapped 332170 sequences
[M::worker_pipeline::233.075*3.42] mapped 332132 sequences
[M::worker_pipeline::233.679*3.42] mapped 332062 sequences
[M::worker_pipeline::234.256*3.42] mapped 332050 sequences
[M::worker_pipeline::234.879*3.43] mapped 332108 sequences
[M::worker_pipeline::235.494*3.43] mapped 332072 sequences
[M::worker_pipeline::236.120*3.43] mapped 332038 sequences
[M::worker_pipeline::236.776*3.43] mapped 332060 sequences
[M::worker_pipeline::237.347*3.43] mapped 332142 sequences
[M::worker_pipeline::237.979*3.43] mapped 332140 sequences
[M::worker_pipeline::238.559*3.43] mapped 332116 sequences
[M::worker_pipeline::239.157*3.43] mapped 332164 sequences
[M::worker_pipeline::239.747*3.43] mapped 332168 sequences
[M::worker_pipeline::240.330*3.43] mapped 332196 sequences
[M::worker_pipeline::240.896*3.43] mapped 332268 sequences
[M::worker_pipeline::241.505*3.44] mapped 332230 sequences
[M::worker_pipeline::242.137*3.44] mapped 332228 sequences
[M::worker_pipeline::242.713*3.44] mapped 332216 sequences
[M::worker_pipeline::243.290*3.44] mapped 332298 sequences
[M::worker_pipeline::243.884*3.44] mapped 332116 sequences
[M::worker_pipeline::244.490*3.44] mapped 332058 sequences
[M::worker_pipeline::245.082*3.44] mapped 332012 sequences
[M::worker_pipeline::245.687*3.44] mapped 332090 sequences
[M::worker_pipeline::246.282*3.44] mapped 332072 sequences
[M::worker_pipeline::246.875*3.45] mapped 332480 sequences
[M::worker_pipeline::247.491*3.45] mapped 332596 sequences
[M::worker_pipeline::248.059*3.45] mapped 332574 sequences
[M::worker_pipeline::248.693*3.45] mapped 332418 sequences
[M::worker_pipeline::249.326*3.45] mapped 332394 sequences
[M::worker_pipeline::249.902*3.45] mapped 332330 sequences
[M::worker_pipeline::250.502*3.45] mapped 332256 sequences
[M::worker_pipeline::251.116*3.45] mapped 332204 sequences
[M::worker_pipeline::251.716*3.45] mapped 332166 sequences
[M::worker_pipeline::252.326*3.45] mapped 332230 sequences
[M::worker_pipeline::252.924*3.45] mapped 332164 sequences
[M::worker_pipeline::253.492*3.45] mapped 332164 sequences
[M::worker_pipeline::254.092*3.45] mapped 332122 sequences
[M::worker_pipeline::254.685*3.46] mapped 332164 sequences
[M::worker_pipeline::255.317*3.46] mapped 332150 sequences
[M::worker_pipeline::255.909*3.46] mapped 332118 sequences
[M::worker_pipeline::256.489*3.46] mapped 332166 sequences
[M::worker_pipeline::257.070*3.46] mapped 332456 sequences
[M::worker_pipeline::257.676*3.46] mapped 332120 sequences
[M::worker_pipeline::258.309*3.46] mapped 332124 sequences
[M::worker_pipeline::258.851*3.46] mapped 332118 sequences
[M::worker_pipeline::259.468*3.46] mapped 332112 sequences
[M::worker_pipeline::260.045*3.47] mapped 332162 sequences
[M::worker_pipeline::260.625*3.47] mapped 332092 sequences
[M::worker_pipeline::261.231*3.47] mapped 332094 sequences
[M::worker_pipeline::261.805*3.47] mapped 332034 sequences
[M::worker_pipeline::262.360*3.47] mapped 332042 sequences
[M::worker_pipeline::262.966*3.47] mapped 332094 sequences
[M::worker_pipeline::263.615*3.47] mapped 332068 sequences
[M::worker_pipeline::264.200*3.47] mapped 332070 sequences
[M::worker_pipeline::264.812*3.47] mapped 332084 sequences
[M::worker_pipeline::265.377*3.47] mapped 332034 sequences
[M::worker_pipeline::265.989*3.47] mapped 332042 sequences
[M::worker_pipeline::266.607*3.47] mapped 332072 sequences
[M::worker_pipeline::267.204*3.48] mapped 332230 sequences
[M::worker_pipeline::267.773*3.48] mapped 332308 sequences
[M::worker_pipeline::268.407*3.48] mapped 332360 sequences
[M::worker_pipeline::269.040*3.48] mapped 332286 sequences
[M::worker_pipeline::269.620*3.48] mapped 332318 sequences
[M::worker_pipeline::270.245*3.48] mapped 332062 sequences
[M::worker_pipeline::270.864*3.48] mapped 332098 sequences
[M::worker_pipeline::271.494*3.48] mapped 332062 sequences
[M::worker_pipeline::272.074*3.48] mapped 332120 sequences
[M::worker_pipeline::272.683*3.48] mapped 332090 sequences
[M::worker_pipeline::273.249*3.48] mapped 332146 sequences
[M::worker_pipeline::273.888*3.48] mapped 332110 sequences
[M::worker_pipeline::274.472*3.48] mapped 332188 sequences
[M::worker_pipeline::275.080*3.49] mapped 332172 sequences
[M::worker_pipeline::275.695*3.49] mapped 332160 sequences
[M::worker_pipeline::276.272*3.49] mapped 332192 sequences
[M::worker_pipeline::276.863*3.49] mapped 332230 sequences
[M::worker_pipeline::277.441*3.49] mapped 332248 sequences
[M::worker_pipeline::278.055*3.49] mapped 332262 sequences
[M::worker_pipeline::284.276*3.44] mapped 332210 sequences
[M::worker_pipeline::284.457*3.43] mapped 332226 sequences
[M::worker_pipeline::284.631*3.43] mapped 332170 sequences
[M::worker_pipeline::285.159*3.43] mapped 332058 sequences
[M::worker_pipeline::285.750*3.44] mapped 332056 sequences
[M::worker_pipeline::286.367*3.44] mapped 332058 sequences
[M::worker_pipeline::286.949*3.44] mapped 332076 sequences
[M::worker_pipeline::287.579*3.44] mapped 332126 sequences
[M::worker_pipeline::288.219*3.44] mapped 332824 sequences
[M::worker_pipeline::288.792*3.44] mapped 332718 sequences
[M::worker_pipeline::289.400*3.44] mapped 332590 sequences
[M::worker_pipeline::289.992*3.44] mapped 332502 sequences
[M::worker_pipeline::290.573*3.44] mapped 332560 sequences
[M::worker_pipeline::291.213*3.44] mapped 332492 sequences
[M::worker_pipeline::291.817*3.44] mapped 332456 sequences
[M::worker_pipeline::292.440*3.45] mapped 332384 sequences
[M::worker_pipeline::293.034*3.45] mapped 332368 sequences
[M::worker_pipeline::293.613*3.45] mapped 332260 sequences
[M::worker_pipeline::294.189*3.45] mapped 332328 sequences
[M::worker_pipeline::294.816*3.45] mapped 332348 sequences
[M::worker_pipeline::295.398*3.45] mapped 332354 sequences
[M::worker_pipeline::295.974*3.45] mapped 332336 sequences
[M::worker_pipeline::296.567*3.45] mapped 332368 sequences
[M::worker_pipeline::297.183*3.45] mapped 332398 sequences
[M::worker_pipeline::297.836*3.45] mapped 332488 sequences
[M::worker_pipeline::298.552*3.45] mapped 332330 sequences
[M::worker_pipeline::299.271*3.45] mapped 332324 sequences
[M::worker_pipeline::300.017*3.45] mapped 332332 sequences
[M::worker_pipeline::300.709*3.45] mapped 332318 sequences
[M::worker_pipeline::301.360*3.45] mapped 332220 sequences
[M::worker_pipeline::301.959*3.45] mapped 332244 sequences
[M::worker_pipeline::302.526*3.45] mapped 332210 sequences
[M::worker_pipeline::303.148*3.45] mapped 332184 sequences
[M::worker_pipeline::303.749*3.45] mapped 332196 sequences
[M::worker_pipeline::304.356*3.45] mapped 332188 sequences
[M::worker_pipeline::304.974*3.45] mapped 332164 sequences
[M::worker_pipeline::305.563*3.45] mapped 332174 sequences
[M::worker_pipeline::306.115*3.46] mapped 332194 sequences
[M::worker_pipeline::306.704*3.46] mapped 332136 sequences
[M::worker_pipeline::307.315*3.46] mapped 332140 sequences
[M::worker_pipeline::307.889*3.46] mapped 332246 sequences
[M::worker_pipeline::308.547*3.46] mapped 332482 sequences
[M::worker_pipeline::309.148*3.46] mapped 332632 sequences
[M::worker_pipeline::309.745*3.46] mapped 332544 sequences
[M::worker_pipeline::310.339*3.46] mapped 332488 sequences
[M::worker_pipeline::310.936*3.46] mapped 332438 sequences
[M::worker_pipeline::311.537*3.46] mapped 332142 sequences
[M::worker_pipeline::312.137*3.46] mapped 332048 sequences
[M::worker_pipeline::312.727*3.46] mapped 332122 sequences
[M::worker_pipeline::313.316*3.47] mapped 332114 sequences
[M::worker_pipeline::313.900*3.47] mapped 332150 sequences
[M::worker_pipeline::314.441*3.47] mapped 332156 sequences
[M::worker_pipeline::315.038*3.47] mapped 332190 sequences
[M::worker_pipeline::315.672*3.47] mapped 332176 sequences
[M::worker_pipeline::316.268*3.47] mapped 332162 sequences
[M::worker_pipeline::316.855*3.47] mapped 332192 sequences
[M::worker_pipeline::317.428*3.47] mapped 332172 sequences
[M::worker_pipeline::318.006*3.47] mapped 332208 sequences
[M::worker_pipeline::318.589*3.47] mapped 332174 sequences
[M::worker_pipeline::319.200*3.47] mapped 332140 sequences
[M::worker_pipeline::319.785*3.47] mapped 332182 sequences
[M::worker_pipeline::320.336*3.47] mapped 332132 sequences
[M::worker_pipeline::320.933*3.48] mapped 332066 sequences
[M::worker_pipeline::321.528*3.48] mapped 332112 sequences
[M::worker_pipeline::322.101*3.48] mapped 332072 sequences
[M::worker_pipeline::322.731*3.48] mapped 332002 sequences
[M::worker_pipeline::323.284*3.48] mapped 332088 sequences
[M::worker_pipeline::323.865*3.48] mapped 332088 sequences
[M::worker_pipeline::323.965*3.48] mapped 133760 sequences
[M::main] Version: 2.22-r1101
[M::main] CMD: minimap2 --secondary=no -t 16 -R @RG\tID:snippy\tSM:snippy -ax sr /work/FAC/FBM/DMF/smitri/evomicrocomm/genome_size/data/ms/reference.fasta /work/FAC/FBM/DMF/smitri/evomicrocomm/genome_size/data/T33.4.2/read1.fq.gz /work/FAC/FBM/DMF/smitri/evomicrocomm/genome_size/data/T33.4.2/read2.fq.gz
[M::main] Real time: 323.981 sec; CPU: 1127.501 sec; Peak RSS: 0.494 GB
[bam_sort_core] merging from 64 files and 16 in-memory blocks...
[Sun Oct 17 22:40:09 2021]
Finished job 0.
1 of 1 steps (100%) done
