Building DAG of jobs...
Using shell: /usr/bin/bash
Provided cores: 16
Rules claiming more threads will be scaled down.
Select jobs to execute...

[Sun Oct 17 22:40:28 2021]
rule mapping:
    input: /work/FAC/FBM/DMF/smitri/evomicrocomm/genome_size/data/ct/reference.fasta, /work/FAC/FBM/DMF/smitri/evomicrocomm/genome_size/data/T44.3.3.rep/read1.fq.gz, /work/FAC/FBM/DMF/smitri/evomicrocomm/genome_size/data/T44.3.3.rep/read2.fq.gz
    output: /work/FAC/FBM/DMF/smitri/evomicrocomm/genome_size/data/T44.3.3.rep/ct/mapped_reads.sorted.bam
    jobid: 0
    wildcards: sample=T44.3.3.rep, strain=ct
    threads: 16
    resources: mem_mb=24168, disk_mb=24168, tmpdir=/tmp/2846114

[M::mm_idx_gen::0.131*1.02] collected minimizers
[M::mm_idx_gen::0.148*2.35] sorted minimizers
[M::main::0.148*2.34] loaded/built the index for 2 target sequence(s)
[M::mm_mapopt_update::0.148*2.34] mid_occ = 1000
[M::mm_idx_stat] kmer size: 21; skip: 11; is_hpc: 0; #seq: 2
[M::mm_idx_stat::0.160*2.24] distinct minimizers: 993850 (99.11% are singletons); average occurrences: 1.021; average spacing: 5.998; total length: 6084391
[M::worker_pipeline::1.233*2.56] mapped 332820 sequences
[M::worker_pipeline::1.866*2.97] mapped 332752 sequences
[M::worker_pipeline::2.510*3.22] mapped 332752 sequences
[M::worker_pipeline::3.116*3.39] mapped 332548 sequences
[M::worker_pipeline::3.686*3.50] mapped 332540 sequences
[M::worker_pipeline::4.274*3.59] mapped 332538 sequences
[M::worker_pipeline::4.904*3.65] mapped 332436 sequences
[M::worker_pipeline::5.506*3.67] mapped 332480 sequences
[M::worker_pipeline::6.133*3.70] mapped 332404 sequences
[M::worker_pipeline::6.756*3.72] mapped 332386 sequences
[M::worker_pipeline::7.323*3.75] mapped 332380 sequences
[M::worker_pipeline::7.953*3.78] mapped 332302 sequences
[M::worker_pipeline::8.574*3.79] mapped 332332 sequences
[M::worker_pipeline::9.147*3.80] mapped 332320 sequences
[M::worker_pipeline::9.804*3.81] mapped 332276 sequences
[M::worker_pipeline::10.373*3.83] mapped 332282 sequences
[M::worker_pipeline::10.990*3.83] mapped 332298 sequences
[M::worker_pipeline::11.662*3.82] mapped 332382 sequences
[M::worker_pipeline::12.239*3.83] mapped 332352 sequences
[M::worker_pipeline::12.866*3.83] mapped 332354 sequences
[M::worker_pipeline::13.467*3.84] mapped 332366 sequences
[M::worker_pipeline::14.062*3.87] mapped 332306 sequences
[M::worker_pipeline::14.642*3.87] mapped 332318 sequences
[M::worker_pipeline::15.256*3.87] mapped 332300 sequences
[M::worker_pipeline::15.893*3.87] mapped 332270 sequences
[M::worker_pipeline::16.469*3.88] mapped 332248 sequences
[M::worker_pipeline::17.077*3.89] mapped 332244 sequences
[M::worker_pipeline::17.711*3.89] mapped 332270 sequences
[M::worker_pipeline::18.288*3.89] mapped 332234 sequences
[M::worker_pipeline::18.885*3.90] mapped 332246 sequences
[M::worker_pipeline::19.509*3.89] mapped 332206 sequences
[M::worker_pipeline::20.152*3.90] mapped 332218 sequences
[M::worker_pipeline::20.755*3.90] mapped 332280 sequences
[M::worker_pipeline::21.375*3.90] mapped 332322 sequences
[M::worker_pipeline::21.944*3.91] mapped 332238 sequences
[M::worker_pipeline::22.568*3.91] mapped 332238 sequences
[M::worker_pipeline::23.126*3.91] mapped 332172 sequences
[M::worker_pipeline::23.752*3.91] mapped 332122 sequences
[M::worker_pipeline::24.348*3.91] mapped 332112 sequences
[M::worker_pipeline::24.919*3.92] mapped 332126 sequences
[M::worker_pipeline::25.576*3.91] mapped 332148 sequences
[M::worker_pipeline::26.185*3.92] mapped 332090 sequences
[M::worker_pipeline::26.745*3.93] mapped 332084 sequences
[M::worker_pipeline::27.424*3.92] mapped 332094 sequences
[M::worker_pipeline::28.278*3.89] mapped 332068 sequences
[M::worker_pipeline::29.017*3.87] mapped 332082 sequences
[M::worker_pipeline::29.813*3.86] mapped 332082 sequences
[M::worker_pipeline::30.607*3.84] mapped 332050 sequences
[M::worker_pipeline::31.351*3.83] mapped 332054 sequences
[M::worker_pipeline::31.921*3.83] mapped 332050 sequences
[M::worker_pipeline::32.488*3.84] mapped 332028 sequences
[M::worker_pipeline::33.101*3.84] mapped 332036 sequences
[M::worker_pipeline::33.651*3.85] mapped 332066 sequences
[M::worker_pipeline::34.263*3.85] mapped 332088 sequences
[M::worker_pipeline::34.847*3.86] mapped 331998 sequences
[M::worker_pipeline::35.484*3.86] mapped 332016 sequences
[M::worker_pipeline::36.058*3.86] mapped 332018 sequences
[M::worker_pipeline::36.684*3.87] mapped 331992 sequences
[M::worker_pipeline::37.266*3.87] mapped 332006 sequences
[M::worker_pipeline::37.885*3.87] mapped 332014 sequences
[M::worker_pipeline::38.506*3.87] mapped 332040 sequences
[M::worker_pipeline::39.108*3.87] mapped 332040 sequences
[M::worker_pipeline::39.721*3.87] mapped 332010 sequences
[M::worker_pipeline::40.309*3.87] mapped 332058 sequences
[M::worker_pipeline::40.873*3.88] mapped 332078 sequences
[M::worker_pipeline::41.518*3.88] mapped 332046 sequences
[M::worker_pipeline::42.115*3.88] mapped 332046 sequences
[M::worker_pipeline::42.746*3.88] mapped 332090 sequences
[M::worker_pipeline::43.327*3.89] mapped 332062 sequences
[M::worker_pipeline::43.886*3.90] mapped 332088 sequences
[M::worker_pipeline::44.486*3.90] mapped 332098 sequences
[M::worker_pipeline::45.075*3.90] mapped 332114 sequences
[M::worker_pipeline::45.655*3.90] mapped 332188 sequences
[M::worker_pipeline::46.320*3.91] mapped 332502 sequences
[M::worker_pipeline::46.901*3.91] mapped 332692 sequences
[M::worker_pipeline::47.538*3.91] mapped 332626 sequences
[M::worker_pipeline::48.132*3.91] mapped 332526 sequences
[M::worker_pipeline::48.757*3.91] mapped 332546 sequences
[M::worker_pipeline::49.355*3.91] mapped 332426 sequences
[M::worker_pipeline::49.911*3.91] mapped 332332 sequences
[M::worker_pipeline::50.541*3.91] mapped 332320 sequences
[M::worker_pipeline::51.133*3.92] mapped 332384 sequences
[M::worker_pipeline::51.727*3.92] mapped 332356 sequences
[M::worker_pipeline::52.313*3.92] mapped 332284 sequences
[M::worker_pipeline::52.935*3.92] mapped 332236 sequences
[M::worker_pipeline::53.566*3.92] mapped 332300 sequences
[M::worker_pipeline::54.114*3.93] mapped 332258 sequences
[M::worker_pipeline::54.720*3.93] mapped 332296 sequences
[M::worker_pipeline::55.338*3.92] mapped 332332 sequences
[M::worker_pipeline::55.983*3.92] mapped 332384 sequences
[M::worker_pipeline::56.570*3.92] mapped 332374 sequences
[M::worker_pipeline::57.154*3.93] mapped 332278 sequences
[M::worker_pipeline::57.769*3.93] mapped 332352 sequences
[M::worker_pipeline::58.359*3.93] mapped 332292 sequences
[M::worker_pipeline::58.936*3.93] mapped 332248 sequences
[M::worker_pipeline::59.540*3.93] mapped 332216 sequences
[M::worker_pipeline::60.153*3.93] mapped 332212 sequences
[M::worker_pipeline::60.758*3.94] mapped 332166 sequences
[M::worker_pipeline::61.316*3.94] mapped 332156 sequences
[M::worker_pipeline::61.933*3.94] mapped 332150 sequences
[M::worker_pipeline::62.569*3.94] mapped 332214 sequences
[M::worker_pipeline::63.161*3.94] mapped 332232 sequences
[M::worker_pipeline::63.743*3.94] mapped 332164 sequences
[M::worker_pipeline::64.301*3.94] mapped 332146 sequences
[M::worker_pipeline::64.911*3.94] mapped 332092 sequences
[M::worker_pipeline::70.131*3.75] mapped 332146 sequences
[M::worker_pipeline::70.311*3.74] mapped 332156 sequences
[M::worker_pipeline::70.487*3.74] mapped 332166 sequences
[M::worker_pipeline::71.033*3.74] mapped 332122 sequences
[M::worker_pipeline::71.617*3.75] mapped 332150 sequences
[M::worker_pipeline::72.222*3.75] mapped 332152 sequences
[M::worker_pipeline::72.830*3.75] mapped 332102 sequences
[M::worker_pipeline::73.410*3.75] mapped 332096 sequences
[M::worker_pipeline::74.018*3.75] mapped 332084 sequences
[M::worker_pipeline::74.616*3.76] mapped 332100 sequences
[M::worker_pipeline::75.223*3.76] mapped 332108 sequences
[M::worker_pipeline::75.785*3.76] mapped 332104 sequences
[M::worker_pipeline::76.382*3.77] mapped 332128 sequences
[M::worker_pipeline::77.027*3.77] mapped 332120 sequences
[M::worker_pipeline::77.620*3.77] mapped 332044 sequences
[M::worker_pipeline::78.180*3.78] mapped 332096 sequences
[M::worker_pipeline::78.772*3.78] mapped 332080 sequences
[M::worker_pipeline::79.383*3.78] mapped 332130 sequences
[M::worker_pipeline::79.977*3.78] mapped 332066 sequences
[M::worker_pipeline::80.570*3.79] mapped 332060 sequences
[M::worker_pipeline::81.163*3.79] mapped 332054 sequences
[M::worker_pipeline::81.760*3.79] mapped 332006 sequences
[M::worker_pipeline::82.358*3.80] mapped 332064 sequences
[M::worker_pipeline::82.935*3.80] mapped 332034 sequences
[M::worker_pipeline::83.548*3.80] mapped 332038 sequences
[M::worker_pipeline::84.183*3.80] mapped 332108 sequences
[M::worker_pipeline::84.751*3.81] mapped 332066 sequences
[M::worker_pipeline::85.350*3.81] mapped 332042 sequences
[M::worker_pipeline::85.940*3.81] mapped 332052 sequences
[M::worker_pipeline::86.515*3.81] mapped 332062 sequences
[M::worker_pipeline::87.100*3.81] mapped 332074 sequences
[M::worker_pipeline::87.681*3.81] mapped 332070 sequences
[M::worker_pipeline::88.263*3.82] mapped 332016 sequences
[M::worker_pipeline::88.929*3.82] mapped 332120 sequences
[M::worker_pipeline::89.524*3.82] mapped 332138 sequences
[M::worker_pipeline::90.113*3.82] mapped 332164 sequences
[M::worker_pipeline::90.709*3.82] mapped 332204 sequences
[M::worker_pipeline::91.341*3.82] mapped 332218 sequences
[M::worker_pipeline::91.952*3.83] mapped 332146 sequences
[M::worker_pipeline::92.542*3.83] mapped 332250 sequences
[M::worker_pipeline::93.111*3.83] mapped 332284 sequences
[M::worker_pipeline::93.697*3.83] mapped 332460 sequences
[M::worker_pipeline::94.324*3.83] mapped 332780 sequences
[M::worker_pipeline::94.964*3.83] mapped 332644 sequences
[M::worker_pipeline::95.580*3.84] mapped 332684 sequences
[M::worker_pipeline::96.147*3.84] mapped 332570 sequences
[M::worker_pipeline::96.767*3.84] mapped 332478 sequences
[M::worker_pipeline::97.401*3.84] mapped 332502 sequences
[M::worker_pipeline::97.968*3.84] mapped 332478 sequences
[M::worker_pipeline::98.597*3.84] mapped 332434 sequences
[M::worker_pipeline::99.213*3.84] mapped 332404 sequences
[M::worker_pipeline::99.812*3.85] mapped 332354 sequences
[M::worker_pipeline::100.605*3.84] mapped 332284 sequences
[M::worker_pipeline::101.455*3.83] mapped 332294 sequences
[M::worker_pipeline::102.343*3.82] mapped 332316 sequences
[M::worker_pipeline::103.059*3.82] mapped 332320 sequences
[M::worker_pipeline::103.617*3.82] mapped 332308 sequences
[M::worker_pipeline::104.219*3.82] mapped 332424 sequences
[M::worker_pipeline::104.851*3.82] mapped 332444 sequences
[M::worker_pipeline::105.445*3.82] mapped 332474 sequences
[M::worker_pipeline::106.054*3.82] mapped 332508 sequences
[M::worker_pipeline::106.716*3.82] mapped 332530 sequences
[M::worker_pipeline::107.310*3.83] mapped 332848 sequences
[M::worker_pipeline::107.926*3.83] mapped 332466 sequences
[M::worker_pipeline::108.536*3.83] mapped 332402 sequences
[M::worker_pipeline::109.119*3.83] mapped 332368 sequences
[M::worker_pipeline::109.706*3.83] mapped 332392 sequences
[M::worker_pipeline::110.483*3.83] mapped 332416 sequences
[M::worker_pipeline::111.282*3.82] mapped 332386 sequences
[M::worker_pipeline::112.060*3.82] mapped 332334 sequences
[M::worker_pipeline::112.944*3.81] mapped 332198 sequences
[M::worker_pipeline::113.508*3.81] mapped 332202 sequences
[M::worker_pipeline::114.151*3.81] mapped 332190 sequences
[M::worker_pipeline::114.752*3.81] mapped 332228 sequences
[M::worker_pipeline::115.367*3.81] mapped 332878 sequences
[M::worker_pipeline::115.948*3.82] mapped 332222 sequences
[M::worker_pipeline::116.544*3.82] mapped 332196 sequences
[M::worker_pipeline::117.143*3.82] mapped 332154 sequences
[M::worker_pipeline::117.737*3.82] mapped 332192 sequences
[M::worker_pipeline::118.337*3.82] mapped 332156 sequences
[M::worker_pipeline::118.931*3.82] mapped 332154 sequences
[M::worker_pipeline::119.533*3.82] mapped 332180 sequences
[M::worker_pipeline::120.131*3.82] mapped 332134 sequences
[M::worker_pipeline::120.724*3.82] mapped 332172 sequences
[M::worker_pipeline::121.353*3.83] mapped 332140 sequences
[M::worker_pipeline::121.951*3.83] mapped 332140 sequences
[M::worker_pipeline::122.541*3.83] mapped 332156 sequences
[M::worker_pipeline::123.125*3.83] mapped 332066 sequences
[M::worker_pipeline::123.712*3.83] mapped 332058 sequences
[M::worker_pipeline::124.344*3.83] mapped 332070 sequences
[M::worker_pipeline::124.915*3.83] mapped 332020 sequences
[M::worker_pipeline::125.521*3.83] mapped 332042 sequences
[M::worker_pipeline::126.156*3.83] mapped 332020 sequences
[M::worker_pipeline::126.733*3.83] mapped 332004 sequences
[M::worker_pipeline::127.349*3.83] mapped 331994 sequences
[M::worker_pipeline::127.953*3.84] mapped 332074 sequences
[M::worker_pipeline::128.521*3.84] mapped 332036 sequences
[M::worker_pipeline::129.186*3.84] mapped 332016 sequences
[M::worker_pipeline::129.801*3.84] mapped 332032 sequences
[M::worker_pipeline::130.429*3.84] mapped 331978 sequences
[M::worker_pipeline::131.021*3.84] mapped 331988 sequences
[M::worker_pipeline::131.597*3.84] mapped 331978 sequences
[M::worker_pipeline::132.152*3.84] mapped 332000 sequences
[M::worker_pipeline::132.846*3.84] mapped 332038 sequences
[M::worker_pipeline::133.347*3.84] mapped 331996 sequences
[M::worker_pipeline::138.499*3.75] mapped 332016 sequences
[M::worker_pipeline::138.686*3.75] mapped 332052 sequences
[M::worker_pipeline::138.872*3.75] mapped 332086 sequences
[M::worker_pipeline::139.397*3.75] mapped 332172 sequences
[M::worker_pipeline::140.007*3.75] mapped 332124 sequences
[M::worker_pipeline::140.565*3.76] mapped 332076 sequences
[M::worker_pipeline::141.194*3.76] mapped 332118 sequences
[M::worker_pipeline::141.885*3.76] mapped 332100 sequences
[M::worker_pipeline::142.436*3.76] mapped 332130 sequences
[M::worker_pipeline::143.007*3.76] mapped 332572 sequences
[M::worker_pipeline::143.611*3.76] mapped 332820 sequences
[M::worker_pipeline::144.238*3.76] mapped 332966 sequences
[M::worker_pipeline::144.875*3.77] mapped 332638 sequences
[M::worker_pipeline::145.431*3.77] mapped 332656 sequences
[M::worker_pipeline::146.076*3.77] mapped 332584 sequences
[M::worker_pipeline::146.660*3.77] mapped 332554 sequences
[M::worker_pipeline::147.258*3.77] mapped 332464 sequences
[M::worker_pipeline::147.851*3.77] mapped 332404 sequences
[M::worker_pipeline::148.423*3.77] mapped 332368 sequences
[M::worker_pipeline::149.045*3.77] mapped 332416 sequences
[M::worker_pipeline::149.626*3.77] mapped 332356 sequences
[M::worker_pipeline::150.191*3.77] mapped 332352 sequences
[M::worker_pipeline::150.835*3.77] mapped 332366 sequences
[M::worker_pipeline::151.482*3.78] mapped 332414 sequences
[M::worker_pipeline::152.098*3.78] mapped 332476 sequences
[M::worker_pipeline::152.722*3.78] mapped 332420 sequences
[M::worker_pipeline::153.351*3.78] mapped 332636 sequences
[M::worker_pipeline::153.955*3.78] mapped 332614 sequences
[M::worker_pipeline::154.586*3.78] mapped 332636 sequences
[M::worker_pipeline::155.177*3.78] mapped 332564 sequences
[M::worker_pipeline::155.799*3.78] mapped 332506 sequences
[M::worker_pipeline::156.461*3.78] mapped 332434 sequences
[M::worker_pipeline::157.218*3.78] mapped 332428 sequences
[M::worker_pipeline::157.973*3.78] mapped 332412 sequences
[M::worker_pipeline::158.568*3.78] mapped 332432 sequences
[M::worker_pipeline::159.163*3.78] mapped 332434 sequences
[M::worker_pipeline::159.776*3.78] mapped 332466 sequences
[M::worker_pipeline::160.409*3.78] mapped 332446 sequences
[M::worker_pipeline::161.056*3.78] mapped 332416 sequences
[M::worker_pipeline::161.644*3.78] mapped 332352 sequences
[M::worker_pipeline::162.249*3.79] mapped 332402 sequences
[M::worker_pipeline::162.860*3.79] mapped 332304 sequences
[M::worker_pipeline::163.434*3.79] mapped 332326 sequences
[M::worker_pipeline::164.059*3.79] mapped 332272 sequences
[M::worker_pipeline::164.675*3.79] mapped 332330 sequences
[M::worker_pipeline::165.232*3.79] mapped 332404 sequences
[M::worker_pipeline::165.873*3.79] mapped 332350 sequences
[M::worker_pipeline::166.467*3.79] mapped 332360 sequences
[M::worker_pipeline::167.017*3.80] mapped 332302 sequences
[M::worker_pipeline::167.645*3.80] mapped 332288 sequences
[M::worker_pipeline::168.236*3.80] mapped 332296 sequences
[M::worker_pipeline::168.845*3.80] mapped 332272 sequences
[M::worker_pipeline::169.500*3.80] mapped 332220 sequences
[M::worker_pipeline::170.141*3.80] mapped 332240 sequences
[M::worker_pipeline::170.751*3.80] mapped 332208 sequences
[M::worker_pipeline::171.310*3.80] mapped 332178 sequences
[M::worker_pipeline::171.996*3.80] mapped 332186 sequences
[M::worker_pipeline::172.594*3.80] mapped 332268 sequences
[M::worker_pipeline::173.199*3.80] mapped 332182 sequences
[M::worker_pipeline::173.789*3.80] mapped 332190 sequences
[M::worker_pipeline::174.361*3.80] mapped 332210 sequences
[M::worker_pipeline::174.988*3.80] mapped 332206 sequences
[M::worker_pipeline::175.572*3.80] mapped 332134 sequences
[M::worker_pipeline::176.157*3.81] mapped 332120 sequences
[M::worker_pipeline::176.819*3.81] mapped 332160 sequences
[M::worker_pipeline::177.417*3.81] mapped 332066 sequences
[M::worker_pipeline::178.013*3.81] mapped 332112 sequences
[M::worker_pipeline::178.617*3.81] mapped 332096 sequences
[M::worker_pipeline::179.219*3.81] mapped 332114 sequences
[M::worker_pipeline::179.803*3.81] mapped 332054 sequences
[M::worker_pipeline::180.416*3.81] mapped 332112 sequences
[M::worker_pipeline::181.042*3.81] mapped 332110 sequences
[M::worker_pipeline::181.641*3.81] mapped 332174 sequences
[M::worker_pipeline::182.264*3.81] mapped 332162 sequences
[M::worker_pipeline::182.881*3.81] mapped 332200 sequences
[M::worker_pipeline::183.447*3.81] mapped 332226 sequences
[M::worker_pipeline::184.047*3.81] mapped 332272 sequences
[M::worker_pipeline::184.625*3.81] mapped 332240 sequences
[M::worker_pipeline::185.274*3.82] mapped 332226 sequences
[M::worker_pipeline::185.870*3.82] mapped 332250 sequences
[M::worker_pipeline::186.472*3.82] mapped 332326 sequences
[M::worker_pipeline::187.071*3.82] mapped 332284 sequences
[M::worker_pipeline::187.704*3.82] mapped 332438 sequences
[M::worker_pipeline::188.273*3.82] mapped 332860 sequences
[M::worker_pipeline::188.883*3.82] mapped 333020 sequences
[M::worker_pipeline::189.491*3.82] mapped 332606 sequences
[M::worker_pipeline::190.072*3.82] mapped 332574 sequences
[M::worker_pipeline::190.629*3.82] mapped 332524 sequences
[M::worker_pipeline::191.271*3.82] mapped 332506 sequences
[M::worker_pipeline::191.840*3.82] mapped 332488 sequences
[M::worker_pipeline::192.423*3.83] mapped 332472 sequences
[M::worker_pipeline::193.023*3.83] mapped 332308 sequences
[M::worker_pipeline::193.600*3.83] mapped 332348 sequences
[M::worker_pipeline::194.222*3.83] mapped 332280 sequences
[M::worker_pipeline::194.850*3.83] mapped 332312 sequences
[M::worker_pipeline::195.403*3.83] mapped 332340 sequences
[M::worker_pipeline::196.002*3.83] mapped 332314 sequences
[M::worker_pipeline::196.595*3.83] mapped 332324 sequences
[M::worker_pipeline::197.174*3.83] mapped 332304 sequences
[M::worker_pipeline::197.784*3.83] mapped 332312 sequences
[M::worker_pipeline::198.356*3.84] mapped 332310 sequences
[M::worker_pipeline::198.914*3.84] mapped 332286 sequences
[M::worker_pipeline::199.583*3.84] mapped 332264 sequences
[M::worker_pipeline::200.201*3.84] mapped 332246 sequences
[M::worker_pipeline::200.785*3.84] mapped 332288 sequences
[M::worker_pipeline::205.895*3.77] mapped 332248 sequences
[M::worker_pipeline::206.080*3.77] mapped 332356 sequences
[M::worker_pipeline::206.261*3.77] mapped 332238 sequences
[M::worker_pipeline::206.774*3.77] mapped 332230 sequences
[M::worker_pipeline::207.357*3.77] mapped 332206 sequences
[M::worker_pipeline::207.934*3.77] mapped 332164 sequences
[M::worker_pipeline::208.525*3.78] mapped 332184 sequences
[M::worker_pipeline::209.142*3.78] mapped 332218 sequences
[M::worker_pipeline::209.683*3.78] mapped 332258 sequences
[M::worker_pipeline::210.301*3.78] mapped 332216 sequences
[M::worker_pipeline::210.901*3.78] mapped 332236 sequences
[M::worker_pipeline::211.466*3.78] mapped 332188 sequences
[M::worker_pipeline::212.048*3.78] mapped 332168 sequences
[M::worker_pipeline::212.667*3.78] mapped 332206 sequences
[M::worker_pipeline::213.310*3.78] mapped 332188 sequences
[M::worker_pipeline::213.895*3.78] mapped 332182 sequences
[M::worker_pipeline::214.501*3.79] mapped 332148 sequences
[M::worker_pipeline::215.113*3.79] mapped 332160 sequences
[M::worker_pipeline::215.677*3.79] mapped 332224 sequences
[M::worker_pipeline::216.277*3.79] mapped 332196 sequences
[M::worker_pipeline::216.880*3.79] mapped 332154 sequences
[M::worker_pipeline::217.440*3.79] mapped 332160 sequences
[M::worker_pipeline::218.047*3.79] mapped 332178 sequences
[M::worker_pipeline::218.647*3.79] mapped 332166 sequences
[M::worker_pipeline::219.244*3.79] mapped 332206 sequences
[M::worker_pipeline::219.868*3.79] mapped 332200 sequences
[M::worker_pipeline::220.466*3.80] mapped 332150 sequences
[M::worker_pipeline::221.027*3.80] mapped 332208 sequences
[M::worker_pipeline::221.658*3.80] mapped 332208 sequences
[M::worker_pipeline::222.240*3.80] mapped 332262 sequences
[M::worker_pipeline::222.814*3.80] mapped 332250 sequences
[M::worker_pipeline::223.435*3.80] mapped 332238 sequences
[M::worker_pipeline::224.064*3.80] mapped 332234 sequences
[M::worker_pipeline::224.661*3.80] mapped 332226 sequences
[M::worker_pipeline::225.249*3.80] mapped 332310 sequences
[M::worker_pipeline::225.847*3.80] mapped 332340 sequences
[M::worker_pipeline::226.456*3.80] mapped 332336 sequences
[M::worker_pipeline::227.065*3.80] mapped 332328 sequences
[M::worker_pipeline::227.650*3.81] mapped 332342 sequences
[M::worker_pipeline::228.265*3.81] mapped 332376 sequences
[M::worker_pipeline::228.885*3.81] mapped 332278 sequences
[M::worker_pipeline::229.470*3.81] mapped 332342 sequences
[M::worker_pipeline::230.102*3.81] mapped 332230 sequences
[M::worker_pipeline::230.677*3.81] mapped 332214 sequences
[M::worker_pipeline::231.249*3.81] mapped 332140 sequences
[M::worker_pipeline::231.870*3.81] mapped 332092 sequences
[M::worker_pipeline::232.467*3.81] mapped 332090 sequences
[M::worker_pipeline::233.062*3.81] mapped 332090 sequences
[M::worker_pipeline::233.621*3.81] mapped 332122 sequences
[M::worker_pipeline::234.295*3.81] mapped 332764 sequences
[M::worker_pipeline::234.889*3.81] mapped 332682 sequences
[M::worker_pipeline::235.500*3.81] mapped 332500 sequences
[M::worker_pipeline::236.291*3.81] mapped 332522 sequences
[M::worker_pipeline::237.329*3.80] mapped 332458 sequences
[M::worker_pipeline::238.176*3.80] mapped 332416 sequences
[M::worker_pipeline::238.799*3.80] mapped 332370 sequences
[M::worker_pipeline::239.403*3.80] mapped 332378 sequences
[M::worker_pipeline::240.005*3.80] mapped 332318 sequences
[M::worker_pipeline::240.648*3.80] mapped 332326 sequences
[M::worker_pipeline::241.242*3.80] mapped 332262 sequences
[M::worker_pipeline::241.832*3.80] mapped 332272 sequences
[M::worker_pipeline::242.439*3.81] mapped 332232 sequences
[M::worker_pipeline::243.032*3.81] mapped 332272 sequences
[M::worker_pipeline::243.624*3.81] mapped 332266 sequences
[M::worker_pipeline::244.421*3.80] mapped 332258 sequences
[M::worker_pipeline::245.193*3.80] mapped 332312 sequences
[M::worker_pipeline::246.038*3.80] mapped 332362 sequences
[M::worker_pipeline::246.819*3.80] mapped 332326 sequences
[M::worker_pipeline::247.523*3.80] mapped 332234 sequences
[M::worker_pipeline::248.119*3.80] mapped 332214 sequences
[M::worker_pipeline::248.758*3.80] mapped 332242 sequences
[M::worker_pipeline::249.350*3.80] mapped 332286 sequences
[M::worker_pipeline::249.933*3.80] mapped 332190 sequences
[M::worker_pipeline::250.572*3.80] mapped 332192 sequences
[M::worker_pipeline::251.210*3.80] mapped 332160 sequences
[M::worker_pipeline::251.832*3.80] mapped 332176 sequences
[M::worker_pipeline::252.392*3.80] mapped 332148 sequences
[M::worker_pipeline::253.035*3.80] mapped 332130 sequences
[M::worker_pipeline::253.608*3.80] mapped 332196 sequences
[M::worker_pipeline::254.203*3.80] mapped 332064 sequences
[M::worker_pipeline::254.764*3.80] mapped 332118 sequences
[M::worker_pipeline::255.366*3.80] mapped 332126 sequences
[M::worker_pipeline::255.954*3.80] mapped 332138 sequences
[M::worker_pipeline::256.573*3.80] mapped 332148 sequences
[M::worker_pipeline::257.192*3.80] mapped 332118 sequences
[M::worker_pipeline::257.792*3.80] mapped 332110 sequences
[M::worker_pipeline::258.367*3.80] mapped 332102 sequences
[M::worker_pipeline::258.984*3.81] mapped 332088 sequences
[M::worker_pipeline::259.561*3.81] mapped 332092 sequences
[M::worker_pipeline::260.150*3.81] mapped 332154 sequences
[M::worker_pipeline::260.737*3.81] mapped 332210 sequences
[M::worker_pipeline::261.322*3.81] mapped 332154 sequences
[M::worker_pipeline::261.973*3.81] mapped 332190 sequences
[M::worker_pipeline::262.565*3.81] mapped 332154 sequences
[M::worker_pipeline::263.150*3.81] mapped 332098 sequences
[M::worker_pipeline::263.769*3.81] mapped 332036 sequences
[M::worker_pipeline::264.411*3.81] mapped 332116 sequences
[M::worker_pipeline::265.023*3.81] mapped 332112 sequences
[M::worker_pipeline::265.660*3.81] mapped 332108 sequences
[M::worker_pipeline::266.225*3.81] mapped 332058 sequences
[M::worker_pipeline::266.829*3.81] mapped 332096 sequences
[M::worker_pipeline::267.413*3.81] mapped 332116 sequences
[M::worker_pipeline::268.018*3.81] mapped 332192 sequences
[M::worker_pipeline::268.646*3.81] mapped 332194 sequences
[M::worker_pipeline::269.244*3.81] mapped 332136 sequences
[M::worker_pipeline::274.376*3.77] mapped 332140 sequences
[M::worker_pipeline::274.564*3.77] mapped 332222 sequences
[M::worker_pipeline::274.731*3.76] mapped 332232 sequences
[M::worker_pipeline::275.246*3.77] mapped 332186 sequences
[M::worker_pipeline::275.853*3.77] mapped 332262 sequences
[M::worker_pipeline::276.426*3.77] mapped 332204 sequences
[M::worker_pipeline::277.022*3.77] mapped 332178 sequences
[M::worker_pipeline::277.642*3.77] mapped 332242 sequences
[M::worker_pipeline::278.227*3.77] mapped 332140 sequences
[M::worker_pipeline::278.806*3.77] mapped 332090 sequences
[M::worker_pipeline::279.409*3.77] mapped 332090 sequences
[M::worker_pipeline::280.005*3.77] mapped 332098 sequences
[M::worker_pipeline::280.618*3.77] mapped 332122 sequences
[M::worker_pipeline::281.241*3.77] mapped 332096 sequences
[M::worker_pipeline::281.804*3.77] mapped 332148 sequences
[M::worker_pipeline::282.394*3.77] mapped 332694 sequences
[M::worker_pipeline::282.985*3.78] mapped 332588 sequences
[M::worker_pipeline::283.567*3.78] mapped 332572 sequences
[M::worker_pipeline::284.190*3.78] mapped 332418 sequences
[M::worker_pipeline::284.776*3.78] mapped 332372 sequences
[M::worker_pipeline::285.378*3.78] mapped 332470 sequences
[M::worker_pipeline::285.978*3.78] mapped 332322 sequences
[M::worker_pipeline::286.582*3.78] mapped 332236 sequences
[M::worker_pipeline::287.140*3.78] mapped 332240 sequences
[M::worker_pipeline::287.738*3.78] mapped 332216 sequences
[M::worker_pipeline::288.358*3.78] mapped 332186 sequences
[M::worker_pipeline::288.948*3.78] mapped 332178 sequences
[M::worker_pipeline::289.509*3.78] mapped 332170 sequences
[M::worker_pipeline::290.158*3.78] mapped 332142 sequences
[M::worker_pipeline::290.719*3.78] mapped 332162 sequences
[M::worker_pipeline::291.303*3.78] mapped 332244 sequences
[M::worker_pipeline::291.931*3.78] mapped 332208 sequences
[M::worker_pipeline::292.541*3.78] mapped 332178 sequences
[M::worker_pipeline::293.138*3.79] mapped 332142 sequences
[M::worker_pipeline::293.794*3.79] mapped 332172 sequences
[M::worker_pipeline::294.442*3.79] mapped 332590 sequences
[M::worker_pipeline::295.011*3.79] mapped 332118 sequences
[M::worker_pipeline::295.619*3.79] mapped 332218 sequences
[M::worker_pipeline::296.230*3.79] mapped 332124 sequences
[M::worker_pipeline::296.826*3.79] mapped 332130 sequences
[M::worker_pipeline::297.423*3.79] mapped 332162 sequences
[M::worker_pipeline::298.038*3.79] mapped 332230 sequences
[M::worker_pipeline::298.643*3.79] mapped 332076 sequences
[M::worker_pipeline::299.249*3.79] mapped 332130 sequences
[M::worker_pipeline::299.823*3.79] mapped 332108 sequences
[M::worker_pipeline::300.402*3.79] mapped 332094 sequences
[M::worker_pipeline::300.969*3.79] mapped 332108 sequences
[M::worker_pipeline::301.620*3.79] mapped 332150 sequences
[M::worker_pipeline::302.213*3.79] mapped 332102 sequences
[M::worker_pipeline::302.820*3.79] mapped 332128 sequences
[M::worker_pipeline::303.419*3.79] mapped 332112 sequences
[M::worker_pipeline::304.011*3.79] mapped 332116 sequences
[M::worker_pipeline::304.726*3.79] mapped 332074 sequences
[M::worker_pipeline::305.616*3.79] mapped 332062 sequences
[M::worker_pipeline::306.540*3.79] mapped 332192 sequences
[M::worker_pipeline::307.560*3.78] mapped 332288 sequences
[M::worker_pipeline::308.175*3.78] mapped 332288 sequences
[M::worker_pipeline::308.767*3.78] mapped 332408 sequences
[M::worker_pipeline::309.375*3.78] mapped 332314 sequences
[M::worker_pipeline::309.949*3.78] mapped 332440 sequences
[M::worker_pipeline::310.542*3.79] mapped 332112 sequences
[M::worker_pipeline::311.139*3.79] mapped 332062 sequences
[M::worker_pipeline::311.778*3.79] mapped 332082 sequences
[M::worker_pipeline::312.364*3.79] mapped 332086 sequences
[M::worker_pipeline::313.001*3.79] mapped 332136 sequences
[M::worker_pipeline::313.587*3.79] mapped 332114 sequences
[M::worker_pipeline::314.180*3.79] mapped 332132 sequences
[M::worker_pipeline::314.790*3.79] mapped 332130 sequences
[M::worker_pipeline::315.382*3.79] mapped 332126 sequences
[M::worker_pipeline::315.995*3.79] mapped 332172 sequences
[M::worker_pipeline::316.598*3.79] mapped 332192 sequences
[M::worker_pipeline::317.196*3.79] mapped 332144 sequences
[M::worker_pipeline::317.744*3.79] mapped 332128 sequences
[M::worker_pipeline::318.337*3.79] mapped 332228 sequences
[M::worker_pipeline::318.909*3.79] mapped 332256 sequences
[M::worker_pipeline::319.482*3.79] mapped 332256 sequences
[M::worker_pipeline::320.256*3.79] mapped 332242 sequences
[M::worker_pipeline::321.065*3.79] mapped 332206 sequences
[M::worker_pipeline::321.898*3.79] mapped 332240 sequences
[M::worker_pipeline::322.769*3.78] mapped 332250 sequences
[M::worker_pipeline::323.615*3.78] mapped 332164 sequences
[M::worker_pipeline::324.229*3.78] mapped 332114 sequences
[M::worker_pipeline::324.834*3.78] mapped 332078 sequences
[M::worker_pipeline::325.437*3.78] mapped 332130 sequences
[M::worker_pipeline::326.030*3.78] mapped 332116 sequences
[M::worker_pipeline::326.638*3.78] mapped 332140 sequences
[M::worker_pipeline::327.297*3.78] mapped 332762 sequences
[M::worker_pipeline::327.904*3.78] mapped 332680 sequences
[M::worker_pipeline::328.490*3.79] mapped 332646 sequences
[M::worker_pipeline::329.138*3.79] mapped 332540 sequences
[M::worker_pipeline::329.747*3.79] mapped 332542 sequences
[M::worker_pipeline::330.317*3.79] mapped 332546 sequences
[M::worker_pipeline::330.895*3.79] mapped 332456 sequences
[M::worker_pipeline::331.533*3.79] mapped 332470 sequences
[M::worker_pipeline::332.161*3.79] mapped 332390 sequences
[M::worker_pipeline::332.779*3.79] mapped 332412 sequences
[M::worker_pipeline::333.387*3.79] mapped 332344 sequences
[M::worker_pipeline::333.972*3.79] mapped 332334 sequences
[M::worker_pipeline::334.586*3.79] mapped 332368 sequences
[M::worker_pipeline::335.185*3.79] mapped 332316 sequences
[M::worker_pipeline::335.790*3.79] mapped 332350 sequences
[M::worker_pipeline::336.389*3.79] mapped 332364 sequences
[M::worker_pipeline::336.983*3.79] mapped 332384 sequences
[M::worker_pipeline::337.589*3.79] mapped 332400 sequences
[M::worker_pipeline::338.207*3.79] mapped 332410 sequences
[M::worker_pipeline::343.420*3.75] mapped 332528 sequences
[M::worker_pipeline::343.603*3.75] mapped 332376 sequences
[M::worker_pipeline::343.786*3.75] mapped 332340 sequences
[M::worker_pipeline::344.300*3.75] mapped 332346 sequences
[M::worker_pipeline::344.910*3.75] mapped 332350 sequences
[M::worker_pipeline::345.503*3.75] mapped 332324 sequences
[M::worker_pipeline::346.108*3.75] mapped 332284 sequences
[M::worker_pipeline::346.708*3.75] mapped 332276 sequences
[M::worker_pipeline::347.323*3.76] mapped 332252 sequences
[M::worker_pipeline::347.926*3.76] mapped 332228 sequences
[M::worker_pipeline::348.498*3.76] mapped 332188 sequences
[M::worker_pipeline::349.098*3.76] mapped 332236 sequences
[M::worker_pipeline::349.685*3.76] mapped 332224 sequences
[M::worker_pipeline::350.270*3.76] mapped 332250 sequences
[M::worker_pipeline::350.876*3.76] mapped 332198 sequences
[M::worker_pipeline::351.522*3.76] mapped 332206 sequences
[M::worker_pipeline::352.093*3.76] mapped 332176 sequences
[M::worker_pipeline::352.726*3.76] mapped 332156 sequences
[M::worker_pipeline::353.315*3.76] mapped 332200 sequences
[M::worker_pipeline::353.943*3.76] mapped 332202 sequences
[M::worker_pipeline::354.582*3.76] mapped 332530 sequences
[M::worker_pipeline::355.199*3.76] mapped 332532 sequences
[M::worker_pipeline::355.846*3.76] mapped 332600 sequences
[M::worker_pipeline::356.452*3.76] mapped 332474 sequences
[M::worker_pipeline::357.055*3.76] mapped 332546 sequences
[M::worker_pipeline::357.671*3.76] mapped 332412 sequences
[M::worker_pipeline::358.244*3.76] mapped 332162 sequences
[M::worker_pipeline::358.872*3.76] mapped 332132 sequences
[M::worker_pipeline::359.506*3.76] mapped 332132 sequences
[M::worker_pipeline::360.080*3.76] mapped 332170 sequences
[M::worker_pipeline::360.678*3.77] mapped 332126 sequences
[M::worker_pipeline::361.288*3.77] mapped 332122 sequences
[M::worker_pipeline::361.878*3.77] mapped 332148 sequences
[M::worker_pipeline::362.471*3.77] mapped 332202 sequences
[M::worker_pipeline::363.104*3.77] mapped 332184 sequences
[M::worker_pipeline::363.720*3.77] mapped 332186 sequences
[M::worker_pipeline::364.348*3.77] mapped 332170 sequences
[M::worker_pipeline::364.953*3.77] mapped 332166 sequences
[M::worker_pipeline::365.525*3.77] mapped 332166 sequences
[M::worker_pipeline::366.073*3.77] mapped 332202 sequences
[M::worker_pipeline::366.706*3.77] mapped 332152 sequences
[M::worker_pipeline::367.302*3.77] mapped 332168 sequences
[M::worker_pipeline::367.932*3.77] mapped 332204 sequences
[M::worker_pipeline::368.576*3.77] mapped 332184 sequences
[M::worker_pipeline::369.191*3.77] mapped 332192 sequences
[M::worker_pipeline::369.751*3.77] mapped 332104 sequences
[M::worker_pipeline::370.332*3.77] mapped 332150 sequences
[M::worker_pipeline::370.906*3.77] mapped 332102 sequences
[M::worker_pipeline::371.508*3.77] mapped 332052 sequences
[M::worker_pipeline::372.096*3.77] mapped 332090 sequences
[M::worker_pipeline::372.703*3.77] mapped 332126 sequences
[M::worker_pipeline::373.325*3.78] mapped 332108 sequences
[M::worker_pipeline::373.394*3.78] mapped 117402 sequences
[M::main] Version: 2.22-r1101
[M::main] CMD: minimap2 --secondary=no -t 16 -R @RG\tID:snippy\tSM:snippy -ax sr /work/FAC/FBM/DMF/smitri/evomicrocomm/genome_size/data/ct/reference.fasta /work/FAC/FBM/DMF/smitri/evomicrocomm/genome_size/data/T44.3.3.rep/read1.fq.gz /work/FAC/FBM/DMF/smitri/evomicrocomm/genome_size/data/T44.3.3.rep/read2.fq.gz
[M::main] Real time: 373.413 sec; CPU: 1409.617 sec; Peak RSS: 0.518 GB
[bam_sort_core] merging from 80 files and 16 in-memory blocks...
[Sun Oct 17 22:51:49 2021]
Finished job 0.
1 of 1 steps (100%) done
