Building DAG of jobs...
Using shell: /usr/bin/bash
Provided cores: 16
Rules claiming more threads will be scaled down.
Select jobs to execute...

[Sun Oct 17 22:40:28 2021]
rule mapping:
    input: /work/FAC/FBM/DMF/smitri/evomicrocomm/genome_size/data/ct/reference.fasta, /work/FAC/FBM/DMF/smitri/evomicrocomm/genome_size/data/T44.2.1/read1.fq.gz, /work/FAC/FBM/DMF/smitri/evomicrocomm/genome_size/data/T44.2.1/read2.fq.gz
    output: /work/FAC/FBM/DMF/smitri/evomicrocomm/genome_size/data/T44.2.1/ct/mapped_reads.sorted.bam
    jobid: 0
    wildcards: sample=T44.2.1, strain=ct
    threads: 16
    resources: mem_mb=1835, disk_mb=1835, tmpdir=/tmp/2846112

[M::mm_idx_gen::0.132*1.01] collected minimizers
[M::mm_idx_gen::0.149*2.23] sorted minimizers
[M::main::0.149*2.23] loaded/built the index for 2 target sequence(s)
[M::mm_mapopt_update::0.149*2.23] mid_occ = 1000
[M::mm_idx_stat] kmer size: 21; skip: 11; is_hpc: 0; #seq: 2
[M::mm_idx_stat::0.162*2.13] distinct minimizers: 993850 (99.11% are singletons); average occurrences: 1.021; average spacing: 5.998; total length: 6084391
[M::worker_pipeline::1.631*4.84] mapped 332362 sequences
[M::worker_pipeline::2.284*5.91] mapped 332198 sequences
[M::worker_pipeline::2.982*6.89] mapped 332116 sequences
[M::worker_pipeline::3.904*7.98] mapped 331996 sequences
[M::worker_pipeline::4.249*7.63] mapped 331990 sequences
[M::worker_pipeline::5.047*8.22] mapped 332182 sequences
[M::worker_pipeline::5.729*8.46] mapped 332234 sequences
[M::worker_pipeline::6.478*8.63] mapped 332128 sequences
[M::worker_pipeline::7.103*8.74] mapped 332034 sequences
[M::worker_pipeline::7.767*8.78] mapped 332058 sequences
[M::worker_pipeline::8.477*8.88] mapped 332058 sequences
[M::worker_pipeline::9.103*8.89] mapped 332346 sequences
[M::worker_pipeline::10.074*9.20] mapped 332328 sequences
[M::worker_pipeline::10.414*8.96] mapped 332182 sequences
[M::worker_pipeline::11.126*8.95] mapped 332056 sequences
[M::worker_pipeline::11.775*9.01] mapped 331982 sequences
[M::worker_pipeline::12.433*9.04] mapped 332284 sequences
[M::worker_pipeline::13.081*9.07] mapped 332338 sequences
[M::worker_pipeline::13.861*9.19] mapped 332356 sequences
[M::worker_pipeline::14.417*9.09] mapped 332258 sequences
[M::worker_pipeline::15.259*9.19] mapped 332100 sequences
[M::worker_pipeline::15.774*9.11] mapped 332126 sequences
[M::worker_pipeline::16.496*9.09] mapped 332378 sequences
[M::worker_pipeline::17.131*9.10] mapped 332180 sequences
[M::worker_pipeline::17.765*9.12] mapped 332118 sequences
[M::worker_pipeline::18.382*9.15] mapped 332146 sequences
[M::worker_pipeline::19.108*9.16] mapped 332238 sequences
[M::worker_pipeline::19.751*9.17] mapped 332222 sequences
[M::worker_pipeline::20.468*9.15] mapped 332158 sequences
[M::worker_pipeline::21.113*9.17] mapped 332064 sequences
[M::worker_pipeline::21.747*9.17] mapped 332028 sequences
[M::worker_pipeline::22.446*9.17] mapped 332134 sequences
[M::worker_pipeline::23.064*9.18] mapped 332204 sequences
[M::worker_pipeline::23.421*9.07] mapped 332122 sequences
[M::worker_pipeline::24.343*9.16] mapped 332118 sequences
[M::worker_pipeline::25.071*9.19] mapped 332102 sequences
[M::worker_pipeline::25.703*9.20] mapped 332112 sequences
[M::worker_pipeline::26.347*9.21] mapped 332100 sequences
[M::worker_pipeline::27.007*9.21] mapped 332334 sequences
[M::worker_pipeline::27.648*9.23] mapped 332290 sequences
[M::worker_pipeline::28.299*9.24] mapped 332136 sequences
[M::worker_pipeline::29.006*9.29] mapped 332232 sequences
[M::worker_pipeline::29.355*9.20] mapped 332098 sequences
[M::worker_pipeline::29.518*9.15] mapped 142040 sequences
[M::main] Version: 2.22-r1101
[M::main] CMD: minimap2 --secondary=no -t 16 -R @RG\tID:snippy\tSM:snippy -ax sr /work/FAC/FBM/DMF/smitri/evomicrocomm/genome_size/data/ct/reference.fasta /work/FAC/FBM/DMF/smitri/evomicrocomm/genome_size/data/T44.2.1/read1.fq.gz /work/FAC/FBM/DMF/smitri/evomicrocomm/genome_size/data/T44.2.1/read2.fq.gz
[M::main] Real time: 29.539 sec; CPU: 270.122 sec; Peak RSS: 0.689 GB
[bam_sort_core] merging from 0 files and 16 in-memory blocks...
[Sun Oct 17 22:41:16 2021]
Finished job 0.
1 of 1 steps (100%) done
