Building DAG of jobs...
Using shell: /usr/bin/bash
Provided cores: 16
Rules claiming more threads will be scaled down.
Select jobs to execute...

[Fri Oct 15 16:08:12 2021]
rule mapping:
    input: /work/FAC/FBM/DMF/smitri/evomicrocomm/genome_size/data/oa/reference.fasta, /work/FAC/FBM/DMF/smitri/evomicrocomm/genome_size/data/T44.4.2/read1.fq.gz, /work/FAC/FBM/DMF/smitri/evomicrocomm/genome_size/data/T44.4.2/read2.fq.gz
    output: /work/FAC/FBM/DMF/smitri/evomicrocomm/genome_size/data/T44.4.2/oa/mapped_reads.sorted.bam
    jobid: 0
    wildcards: sample=T44.4.2, strain=oa
    threads: 16
    resources: mem_mb=22985, disk_mb=22985, tmpdir=/tmp/2811862

[M::mm_idx_gen::0.122*0.97] collected minimizers
[M::mm_idx_gen::0.142*2.53] sorted minimizers
[M::main::0.142*2.53] loaded/built the index for 2 target sequence(s)
[M::mm_mapopt_update::0.142*2.53] mid_occ = 1000
[M::mm_idx_stat] kmer size: 21; skip: 11; is_hpc: 0; #seq: 2
[M::mm_idx_stat::0.153*2.42] distinct minimizers: 845953 (98.53% are singletons); average occurrences: 1.019; average spacing: 5.999; total length: 5169535
[M::worker_pipeline::1.081*2.94] mapped 332838 sequences
[M::worker_pipeline::1.840*3.13] mapped 332800 sequences
[M::worker_pipeline::2.627*3.19] mapped 332760 sequences
[M::worker_pipeline::3.346*3.26] mapped 332568 sequences
[M::worker_pipeline::4.134*3.25] mapped 332556 sequences
[M::worker_pipeline::4.880*3.29] mapped 332564 sequences
[M::worker_pipeline::5.470*3.40] mapped 332506 sequences
[M::worker_pipeline::6.094*3.48] mapped 332468 sequences
[M::worker_pipeline::6.732*3.52] mapped 332422 sequences
[M::worker_pipeline::7.334*3.58] mapped 332348 sequences
[M::worker_pipeline::7.939*3.63] mapped 332346 sequences
[M::worker_pipeline::8.586*3.67] mapped 332370 sequences
[M::worker_pipeline::9.157*3.71] mapped 332296 sequences
[M::worker_pipeline::9.827*3.73] mapped 332314 sequences
[M::worker_pipeline::10.396*3.77] mapped 332268 sequences
[M::worker_pipeline::11.029*3.78] mapped 332328 sequences
[M::worker_pipeline::11.643*3.80] mapped 332438 sequences
[M::worker_pipeline::12.286*3.82] mapped 332356 sequences
[M::worker_pipeline::12.876*3.85] mapped 332368 sequences
[M::worker_pipeline::13.499*3.86] mapped 332340 sequences
[M::worker_pipeline::14.101*3.88] mapped 332370 sequences
[M::worker_pipeline::14.709*3.89] mapped 332306 sequences
[M::worker_pipeline::15.300*3.90] mapped 332306 sequences
[M::worker_pipeline::15.914*3.91] mapped 332278 sequences
[M::worker_pipeline::16.529*3.92] mapped 332228 sequences
[M::worker_pipeline::17.123*3.94] mapped 332312 sequences
[M::worker_pipeline::17.709*3.95] mapped 332248 sequences
[M::worker_pipeline::18.333*3.95] mapped 332254 sequences
[M::worker_pipeline::18.969*3.96] mapped 332228 sequences
[M::worker_pipeline::19.517*3.97] mapped 332300 sequences
[M::worker_pipeline::20.131*3.98] mapped 332334 sequences
[M::worker_pipeline::20.791*3.98] mapped 332350 sequences
[M::worker_pipeline::21.354*3.99] mapped 332238 sequences
[M::worker_pipeline::22.022*3.99] mapped 332188 sequences
[M::worker_pipeline::22.631*4.00] mapped 332218 sequences
[M::worker_pipeline::23.241*4.00] mapped 332174 sequences
[M::worker_pipeline::23.881*4.00] mapped 332108 sequences
[M::worker_pipeline::24.497*4.01] mapped 332122 sequences
[M::worker_pipeline::25.114*4.01] mapped 332108 sequences
[M::worker_pipeline::25.682*4.02] mapped 332082 sequences
[M::worker_pipeline::26.331*4.02] mapped 332136 sequences
[M::worker_pipeline::26.984*4.01] mapped 332072 sequences
[M::worker_pipeline::27.573*4.02] mapped 332096 sequences
[M::worker_pipeline::28.182*4.02] mapped 332114 sequences
[M::worker_pipeline::28.804*4.03] mapped 332048 sequences
[M::worker_pipeline::29.422*4.03] mapped 332036 sequences
[M::worker_pipeline::30.025*4.03] mapped 332028 sequences
[M::worker_pipeline::30.657*4.03] mapped 332018 sequences
[M::worker_pipeline::31.256*4.04] mapped 332058 sequences
[M::worker_pipeline::31.900*4.03] mapped 332050 sequences
[M::worker_pipeline::32.504*4.04] mapped 332018 sequences
[M::worker_pipeline::33.137*4.04] mapped 332014 sequences
[M::worker_pipeline::33.688*4.05] mapped 332004 sequences
[M::worker_pipeline::34.327*4.05] mapped 332036 sequences
[M::worker_pipeline::34.897*4.05] mapped 332014 sequences
[M::worker_pipeline::35.487*4.06] mapped 332014 sequences
[M::worker_pipeline::36.091*4.06] mapped 332050 sequences
[M::worker_pipeline::36.731*4.06] mapped 332054 sequences
[M::worker_pipeline::37.315*4.06] mapped 331998 sequences
[M::worker_pipeline::37.987*4.06] mapped 332022 sequences
[M::worker_pipeline::38.570*4.06] mapped 332126 sequences
[M::worker_pipeline::39.129*4.07] mapped 332068 sequences
[M::worker_pipeline::39.771*4.07] mapped 332030 sequences
[M::worker_pipeline::40.354*4.07] mapped 332076 sequences
[M::worker_pipeline::40.960*4.07] mapped 332130 sequences
[M::worker_pipeline::41.557*4.07] mapped 332024 sequences
[M::worker_pipeline::42.208*4.07] mapped 332084 sequences
[M::worker_pipeline::42.759*4.08] mapped 332146 sequences
[M::worker_pipeline::43.390*4.07] mapped 332206 sequences
[M::worker_pipeline::44.016*4.08] mapped 332536 sequences
[M::worker_pipeline::44.583*4.08] mapped 332744 sequences
[M::worker_pipeline::45.195*4.08] mapped 332690 sequences
[M::worker_pipeline::45.800*4.08] mapped 332572 sequences
[M::worker_pipeline::46.425*4.08] mapped 332500 sequences
[M::worker_pipeline::47.006*4.08] mapped 332448 sequences
[M::worker_pipeline::47.648*4.08] mapped 332390 sequences
[M::worker_pipeline::48.222*4.09] mapped 332374 sequences
[M::worker_pipeline::48.876*4.08] mapped 332418 sequences
[M::worker_pipeline::49.461*4.09] mapped 332304 sequences
[M::worker_pipeline::50.041*4.09] mapped 332264 sequences
[M::worker_pipeline::50.628*4.09] mapped 332332 sequences
[M::worker_pipeline::51.278*4.09] mapped 332276 sequences
[M::worker_pipeline::51.839*4.09] mapped 332258 sequences
[M::worker_pipeline::52.485*4.09] mapped 332434 sequences
[M::worker_pipeline::53.099*4.09] mapped 332390 sequences
[M::worker_pipeline::53.738*4.09] mapped 332336 sequences
[M::worker_pipeline::54.312*4.10] mapped 332334 sequences
[M::worker_pipeline::54.958*4.09] mapped 332318 sequences
[M::worker_pipeline::55.614*4.09] mapped 332290 sequences
[M::worker_pipeline::56.188*4.10] mapped 332262 sequences
[M::worker_pipeline::56.820*4.10] mapped 332208 sequences
[M::worker_pipeline::57.407*4.10] mapped 332212 sequences
[M::worker_pipeline::58.030*4.10] mapped 332186 sequences
[M::worker_pipeline::58.633*4.10] mapped 332146 sequences
[M::worker_pipeline::59.285*4.10] mapped 332274 sequences
[M::worker_pipeline::59.914*4.10] mapped 332206 sequences
[M::worker_pipeline::60.483*4.10] mapped 332174 sequences
[M::worker_pipeline::61.103*4.10] mapped 332196 sequences
[M::worker_pipeline::61.749*4.10] mapped 332158 sequences
[M::worker_pipeline::62.320*4.10] mapped 332134 sequences
[M::worker_pipeline::62.929*4.10] mapped 332180 sequences
[M::worker_pipeline::63.531*4.10] mapped 332186 sequences
[M::worker_pipeline::64.145*4.10] mapped 332174 sequences
[M::worker_pipeline::64.735*4.10] mapped 332124 sequences
[M::worker_pipeline::65.329*4.10] mapped 332096 sequences
[M::worker_pipeline::72.245*3.81] mapped 332106 sequences
[M::worker_pipeline::72.410*3.81] mapped 332114 sequences
[M::worker_pipeline::72.590*3.80] mapped 332098 sequences
[M::worker_pipeline::73.131*3.81] mapped 332112 sequences
[M::worker_pipeline::73.758*3.81] mapped 332130 sequences
[M::worker_pipeline::74.397*3.81] mapped 332122 sequences
[M::worker_pipeline::74.999*3.81] mapped 332150 sequences
[M::worker_pipeline::75.600*3.82] mapped 332034 sequences
[M::worker_pipeline::76.186*3.82] mapped 332092 sequences
[M::worker_pipeline::76.805*3.82] mapped 332096 sequences
[M::worker_pipeline::77.408*3.82] mapped 332110 sequences
[M::worker_pipeline::78.041*3.82] mapped 332072 sequences
[M::worker_pipeline::78.708*3.83] mapped 332090 sequences
[M::worker_pipeline::79.342*3.83] mapped 332090 sequences
[M::worker_pipeline::79.890*3.83] mapped 332048 sequences
[M::worker_pipeline::80.531*3.83] mapped 332082 sequences
[M::worker_pipeline::81.130*3.84] mapped 332066 sequences
[M::worker_pipeline::81.779*3.84] mapped 332052 sequences
[M::worker_pipeline::82.318*3.84] mapped 332078 sequences
[M::worker_pipeline::82.930*3.85] mapped 332040 sequences
[M::worker_pipeline::83.578*3.85] mapped 332008 sequences
[M::worker_pipeline::84.131*3.85] mapped 332020 sequences
[M::worker_pipeline::84.775*3.85] mapped 332050 sequences
[M::worker_pipeline::85.405*3.85] mapped 332066 sequences
[M::worker_pipeline::86.014*3.86] mapped 332052 sequences
[M::worker_pipeline::86.620*3.86] mapped 332124 sequences
[M::worker_pipeline::87.211*3.86] mapped 332154 sequences
[M::worker_pipeline::87.829*3.86] mapped 332148 sequences
[M::worker_pipeline::88.440*3.87] mapped 332236 sequences
[M::worker_pipeline::89.058*3.87] mapped 332196 sequences
[M::worker_pipeline::89.697*3.87] mapped 332130 sequences
[M::worker_pipeline::90.311*3.87] mapped 332264 sequences
[M::worker_pipeline::90.934*3.87] mapped 332238 sequences
[M::worker_pipeline::91.549*3.88] mapped 332602 sequences
[M::worker_pipeline::92.147*3.88] mapped 332782 sequences
[M::worker_pipeline::92.756*3.88] mapped 332638 sequences
[M::worker_pipeline::93.393*3.88] mapped 332606 sequences
[M::worker_pipeline::93.996*3.88] mapped 332502 sequences
[M::worker_pipeline::94.633*3.88] mapped 332554 sequences
[M::worker_pipeline::95.203*3.89] mapped 332478 sequences
[M::worker_pipeline::95.815*3.89] mapped 332464 sequences
[M::worker_pipeline::96.458*3.89] mapped 332466 sequences
[M::worker_pipeline::97.050*3.89] mapped 332356 sequences
[M::worker_pipeline::97.646*3.89] mapped 332310 sequences
[M::worker_pipeline::98.279*3.90] mapped 332344 sequences
[M::worker_pipeline::98.873*3.90] mapped 332352 sequences
[M::worker_pipeline::99.529*3.90] mapped 332330 sequences
[M::worker_pipeline::100.114*3.90] mapped 332414 sequences
[M::worker_pipeline::100.742*3.90] mapped 332450 sequences
[M::worker_pipeline::101.337*3.90] mapped 332544 sequences
[M::worker_pipeline::101.997*3.90] mapped 332586 sequences
[M::worker_pipeline::102.586*3.90] mapped 332630 sequences
[M::worker_pipeline::103.196*3.90] mapped 332890 sequences
[M::worker_pipeline::103.886*3.90] mapped 332506 sequences
[M::worker_pipeline::104.468*3.91] mapped 332520 sequences
[M::worker_pipeline::105.052*3.91] mapped 332450 sequences
[M::worker_pipeline::105.732*3.91] mapped 332434 sequences
[M::worker_pipeline::106.357*3.91] mapped 332460 sequences
[M::worker_pipeline::106.964*3.91] mapped 332388 sequences
[M::worker_pipeline::107.580*3.91] mapped 332312 sequences
[M::worker_pipeline::108.225*3.91] mapped 332236 sequences
[M::worker_pipeline::108.854*3.91] mapped 332204 sequences
[M::worker_pipeline::109.444*3.91] mapped 332152 sequences
[M::worker_pipeline::110.077*3.91] mapped 332884 sequences
[M::worker_pipeline::110.760*3.91] mapped 332288 sequences
[M::worker_pipeline::111.367*3.92] mapped 332188 sequences
[M::worker_pipeline::111.987*3.92] mapped 332194 sequences
[M::worker_pipeline::112.577*3.92] mapped 332194 sequences
[M::worker_pipeline::113.207*3.92] mapped 332188 sequences
[M::worker_pipeline::113.804*3.92] mapped 332200 sequences
[M::worker_pipeline::114.417*3.92] mapped 332222 sequences
[M::worker_pipeline::115.011*3.92] mapped 332112 sequences
[M::worker_pipeline::115.635*3.92] mapped 332152 sequences
[M::worker_pipeline::116.274*3.92] mapped 332156 sequences
[M::worker_pipeline::116.847*3.93] mapped 332120 sequences
[M::worker_pipeline::117.474*3.93] mapped 332134 sequences
[M::worker_pipeline::118.077*3.93] mapped 332060 sequences
[M::worker_pipeline::118.660*3.93] mapped 332062 sequences
[M::worker_pipeline::119.264*3.93] mapped 332032 sequences
[M::worker_pipeline::119.924*3.93] mapped 332028 sequences
[M::worker_pipeline::120.571*3.93] mapped 332024 sequences
[M::worker_pipeline::121.171*3.93] mapped 332036 sequences
[M::worker_pipeline::121.807*3.93] mapped 332052 sequences
[M::worker_pipeline::122.407*3.94] mapped 331994 sequences
[M::worker_pipeline::123.004*3.94] mapped 332000 sequences
[M::worker_pipeline::123.645*3.94] mapped 331992 sequences
[M::worker_pipeline::124.297*3.94] mapped 332044 sequences
[M::worker_pipeline::124.881*3.94] mapped 332004 sequences
[M::worker_pipeline::125.462*3.94] mapped 332010 sequences
[M::worker_pipeline::126.058*3.94] mapped 332020 sequences
[M::worker_pipeline::126.708*3.94] mapped 331956 sequences
[M::worker_pipeline::127.333*3.94] mapped 332000 sequences
[M::worker_pipeline::127.959*3.95] mapped 332000 sequences
[M::worker_pipeline::128.562*3.95] mapped 332012 sequences
[M::worker_pipeline::129.140*3.95] mapped 332092 sequences
[M::worker_pipeline::129.725*3.95] mapped 332054 sequences
[M::worker_pipeline::130.363*3.95] mapped 332172 sequences
[M::worker_pipeline::130.960*3.95] mapped 332092 sequences
[M::worker_pipeline::131.505*3.95] mapped 332054 sequences
[M::worker_pipeline::132.156*3.95] mapped 332104 sequences
[M::worker_pipeline::132.778*3.95] mapped 332110 sequences
[M::worker_pipeline::133.399*3.96] mapped 332156 sequences
[M::worker_pipeline::134.028*3.96] mapped 332946 sequences
[M::worker_pipeline::134.632*3.96] mapped 332996 sequences
[M::worker_pipeline::135.282*3.96] mapped 332776 sequences
[M::worker_pipeline::141.063*3.85] mapped 332644 sequences
[M::worker_pipeline::141.244*3.84] mapped 332624 sequences
[M::worker_pipeline::141.418*3.84] mapped 332514 sequences
[M::worker_pipeline::141.958*3.84] mapped 332496 sequences
[M::worker_pipeline::142.582*3.85] mapped 332388 sequences
[M::worker_pipeline::143.226*3.85] mapped 332414 sequences
[M::worker_pipeline::143.813*3.85] mapped 332360 sequences
[M::worker_pipeline::144.456*3.85] mapped 332416 sequences
[M::worker_pipeline::145.028*3.85] mapped 332408 sequences
[M::worker_pipeline::145.679*3.85] mapped 332448 sequences
[M::worker_pipeline::146.284*3.85] mapped 332470 sequences
[M::worker_pipeline::146.896*3.85] mapped 332522 sequences
[M::worker_pipeline::147.527*3.85] mapped 332624 sequences
[M::worker_pipeline::148.173*3.85] mapped 332668 sequences
[M::worker_pipeline::148.775*3.86] mapped 332752 sequences
[M::worker_pipeline::149.340*3.86] mapped 332682 sequences
[M::worker_pipeline::150.009*3.86] mapped 332596 sequences
[M::worker_pipeline::150.645*3.86] mapped 332436 sequences
[M::worker_pipeline::151.218*3.86] mapped 332500 sequences
[M::worker_pipeline::151.850*3.86] mapped 332466 sequences
[M::worker_pipeline::152.505*3.86] mapped 332418 sequences
[M::worker_pipeline::153.070*3.87] mapped 332496 sequences
[M::worker_pipeline::153.720*3.87] mapped 332562 sequences
[M::worker_pipeline::154.310*3.87] mapped 332452 sequences
[M::worker_pipeline::154.890*3.87] mapped 332418 sequences
[M::worker_pipeline::155.554*3.87] mapped 332430 sequences
[M::worker_pipeline::156.182*3.87] mapped 332384 sequences
[M::worker_pipeline::156.795*3.87] mapped 332330 sequences
[M::worker_pipeline::157.372*3.87] mapped 332292 sequences
[M::worker_pipeline::157.985*3.87] mapped 332322 sequences
[M::worker_pipeline::158.617*3.87] mapped 332420 sequences
[M::worker_pipeline::159.257*3.87] mapped 332434 sequences
[M::worker_pipeline::159.836*3.88] mapped 332386 sequences
[M::worker_pipeline::160.452*3.88] mapped 332334 sequences
[M::worker_pipeline::161.066*3.88] mapped 332356 sequences
[M::worker_pipeline::161.669*3.88] mapped 332298 sequences
[M::worker_pipeline::162.289*3.88] mapped 332276 sequences
[M::worker_pipeline::162.918*3.88] mapped 332274 sequences
[M::worker_pipeline::163.489*3.88] mapped 332292 sequences
[M::worker_pipeline::164.054*3.88] mapped 332178 sequences
[M::worker_pipeline::164.692*3.89] mapped 332226 sequences
[M::worker_pipeline::165.354*3.89] mapped 332310 sequences
[M::worker_pipeline::165.942*3.89] mapped 332234 sequences
[M::worker_pipeline::166.502*3.89] mapped 332186 sequences
[M::worker_pipeline::167.154*3.89] mapped 332250 sequences
[M::worker_pipeline::167.783*3.89] mapped 332204 sequences
[M::worker_pipeline::168.413*3.89] mapped 332170 sequences
[M::worker_pipeline::169.058*3.89] mapped 332102 sequences
[M::worker_pipeline::169.633*3.89] mapped 332158 sequences
[M::worker_pipeline::170.229*3.89] mapped 332136 sequences
[M::worker_pipeline::170.885*3.89] mapped 332148 sequences
[M::worker_pipeline::171.514*3.89] mapped 332128 sequences
[M::worker_pipeline::172.089*3.90] mapped 332108 sequences
[M::worker_pipeline::172.691*3.90] mapped 332086 sequences
[M::worker_pipeline::173.335*3.90] mapped 332126 sequences
[M::worker_pipeline::173.951*3.90] mapped 332044 sequences
[M::worker_pipeline::174.539*3.90] mapped 332170 sequences
[M::worker_pipeline::175.152*3.90] mapped 332158 sequences
[M::worker_pipeline::175.731*3.90] mapped 332218 sequences
[M::worker_pipeline::176.286*3.90] mapped 332194 sequences
[M::worker_pipeline::176.865*3.91] mapped 332250 sequences
[M::worker_pipeline::177.488*3.91] mapped 332270 sequences
[M::worker_pipeline::178.123*3.91] mapped 332250 sequences
[M::worker_pipeline::178.729*3.91] mapped 332346 sequences
[M::worker_pipeline::179.325*3.91] mapped 332288 sequences
[M::worker_pipeline::179.934*3.91] mapped 332304 sequences
[M::worker_pipeline::180.569*3.91] mapped 332700 sequences
[M::worker_pipeline::181.156*3.91] mapped 332986 sequences
[M::worker_pipeline::181.786*3.91] mapped 332840 sequences
[M::worker_pipeline::182.425*3.91] mapped 332568 sequences
[M::worker_pipeline::182.997*3.91] mapped 332542 sequences
[M::worker_pipeline::183.627*3.91] mapped 332556 sequences
[M::worker_pipeline::184.267*3.91] mapped 332534 sequences
[M::worker_pipeline::184.836*3.92] mapped 332446 sequences
[M::worker_pipeline::185.420*3.92] mapped 332342 sequences
[M::worker_pipeline::186.045*3.92] mapped 332352 sequences
[M::worker_pipeline::186.657*3.92] mapped 332328 sequences
[M::worker_pipeline::187.252*3.92] mapped 332370 sequences
[M::worker_pipeline::187.826*3.92] mapped 332334 sequences
[M::worker_pipeline::188.478*3.92] mapped 332350 sequences
[M::worker_pipeline::189.098*3.92] mapped 332360 sequences
[M::worker_pipeline::189.689*3.92] mapped 332302 sequences
[M::worker_pipeline::190.296*3.92] mapped 332310 sequences
[M::worker_pipeline::190.875*3.93] mapped 332350 sequences
[M::worker_pipeline::191.457*3.93] mapped 332314 sequences
[M::worker_pipeline::192.059*3.93] mapped 332278 sequences
[M::worker_pipeline::192.637*3.93] mapped 332254 sequences
[M::worker_pipeline::193.274*3.93] mapped 332330 sequences
[M::worker_pipeline::193.899*3.93] mapped 332352 sequences
[M::worker_pipeline::194.474*3.93] mapped 332268 sequences
[M::worker_pipeline::195.099*3.93] mapped 332222 sequences
[M::worker_pipeline::195.687*3.93] mapped 332232 sequences
[M::worker_pipeline::196.252*3.94] mapped 332184 sequences
[M::worker_pipeline::196.876*3.94] mapped 332202 sequences
[M::worker_pipeline::197.472*3.94] mapped 332268 sequences
[M::worker_pipeline::198.098*3.94] mapped 332288 sequences
[M::worker_pipeline::198.673*3.94] mapped 332244 sequences
[M::worker_pipeline::199.289*3.94] mapped 332218 sequences
[M::worker_pipeline::199.912*3.94] mapped 332168 sequences
[M::worker_pipeline::200.506*3.94] mapped 332188 sequences
[M::worker_pipeline::201.119*3.94] mapped 332212 sequences
[M::worker_pipeline::201.741*3.94] mapped 332156 sequences
[M::worker_pipeline::202.353*3.94] mapped 332186 sequences
[M::worker_pipeline::203.007*3.94] mapped 332192 sequences
[M::worker_pipeline::203.649*3.94] mapped 332180 sequences
[M::worker_pipeline::204.269*3.94] mapped 332220 sequences
[M::worker_pipeline::209.441*3.88] mapped 332198 sequences
[M::worker_pipeline::209.617*3.88] mapped 332228 sequences
[M::worker_pipeline::209.795*3.88] mapped 332208 sequences
[M::worker_pipeline::210.315*3.88] mapped 332242 sequences
[M::worker_pipeline::210.951*3.88] mapped 332208 sequences
[M::worker_pipeline::211.580*3.88] mapped 332216 sequences
[M::worker_pipeline::212.203*3.88] mapped 332238 sequences
[M::worker_pipeline::212.785*3.88] mapped 332222 sequences
[M::worker_pipeline::213.357*3.88] mapped 332262 sequences
[M::worker_pipeline::213.929*3.89] mapped 332280 sequences
[M::worker_pipeline::214.594*3.89] mapped 332274 sequences
[M::worker_pipeline::215.172*3.89] mapped 332348 sequences
[M::worker_pipeline::215.805*3.89] mapped 332264 sequences
[M::worker_pipeline::216.430*3.89] mapped 332292 sequences
[M::worker_pipeline::217.006*3.89] mapped 332328 sequences
[M::worker_pipeline::217.610*3.89] mapped 332428 sequences
[M::worker_pipeline::218.187*3.89] mapped 332378 sequences
[M::worker_pipeline::218.838*3.89] mapped 332478 sequences
[M::worker_pipeline::219.413*3.89] mapped 332422 sequences
[M::worker_pipeline::220.050*3.89] mapped 332340 sequences
[M::worker_pipeline::220.692*3.89] mapped 332402 sequences
[M::worker_pipeline::221.279*3.89] mapped 332308 sequences
[M::worker_pipeline::221.858*3.89] mapped 332248 sequences
[M::worker_pipeline::222.495*3.89] mapped 332164 sequences
[M::worker_pipeline::223.175*3.90] mapped 332136 sequences
[M::worker_pipeline::223.764*3.90] mapped 332126 sequences
[M::worker_pipeline::224.383*3.90] mapped 332078 sequences
[M::worker_pipeline::224.987*3.90] mapped 332180 sequences
[M::worker_pipeline::225.636*3.90] mapped 332932 sequences
[M::worker_pipeline::226.260*3.90] mapped 332598 sequences
[M::worker_pipeline::226.902*3.90] mapped 332506 sequences
[M::worker_pipeline::227.536*3.90] mapped 332520 sequences
[M::worker_pipeline::228.156*3.90] mapped 332464 sequences
[M::worker_pipeline::228.733*3.90] mapped 332390 sequences
[M::worker_pipeline::229.377*3.90] mapped 332358 sequences
[M::worker_pipeline::229.987*3.90] mapped 332334 sequences
[M::worker_pipeline::230.628*3.90] mapped 332314 sequences
[M::worker_pipeline::231.228*3.90] mapped 332258 sequences
[M::worker_pipeline::231.834*3.90] mapped 332238 sequences
[M::worker_pipeline::232.464*3.90] mapped 332256 sequences
[M::worker_pipeline::233.096*3.90] mapped 332292 sequences
[M::worker_pipeline::233.730*3.91] mapped 332268 sequences
[M::worker_pipeline::234.299*3.91] mapped 332264 sequences
[M::worker_pipeline::234.880*3.91] mapped 332372 sequences
[M::worker_pipeline::235.438*3.91] mapped 332264 sequences
[M::worker_pipeline::236.041*3.91] mapped 332264 sequences
[M::worker_pipeline::236.685*3.91] mapped 332284 sequences
[M::worker_pipeline::237.321*3.91] mapped 332240 sequences
[M::worker_pipeline::237.917*3.91] mapped 332286 sequences
[M::worker_pipeline::238.504*3.91] mapped 332214 sequences
[M::worker_pipeline::239.114*3.91] mapped 332144 sequences
[M::worker_pipeline::239.718*3.91] mapped 332168 sequences
[M::worker_pipeline::240.303*3.91] mapped 332196 sequences
[M::worker_pipeline::240.900*3.92] mapped 332132 sequences
[M::worker_pipeline::241.516*3.92] mapped 332134 sequences
[M::worker_pipeline::242.159*3.92] mapped 332128 sequences
[M::worker_pipeline::242.791*3.92] mapped 332110 sequences
[M::worker_pipeline::243.431*3.92] mapped 332156 sequences
[M::worker_pipeline::244.066*3.92] mapped 332142 sequences
[M::worker_pipeline::244.677*3.92] mapped 332094 sequences
[M::worker_pipeline::245.252*3.92] mapped 332118 sequences
[M::worker_pipeline::245.918*3.92] mapped 332124 sequences
[M::worker_pipeline::246.500*3.92] mapped 332106 sequences
[M::worker_pipeline::247.097*3.92] mapped 332080 sequences
[M::worker_pipeline::247.707*3.92] mapped 332144 sequences
[M::worker_pipeline::248.364*3.92] mapped 332124 sequences
[M::worker_pipeline::248.927*3.92] mapped 332234 sequences
[M::worker_pipeline::249.528*3.92] mapped 332236 sequences
[M::worker_pipeline::250.115*3.92] mapped 332240 sequences
[M::worker_pipeline::250.692*3.92] mapped 332160 sequences
[M::worker_pipeline::251.319*3.93] mapped 332062 sequences
[M::worker_pipeline::251.920*3.93] mapped 332120 sequences
[M::worker_pipeline::252.514*3.93] mapped 332124 sequences
[M::worker_pipeline::253.138*3.93] mapped 332062 sequences
[M::worker_pipeline::253.723*3.93] mapped 332068 sequences
[M::worker_pipeline::254.302*3.93] mapped 332070 sequences
[M::worker_pipeline::254.895*3.93] mapped 332120 sequences
[M::worker_pipeline::255.476*3.93] mapped 332172 sequences
[M::worker_pipeline::256.115*3.93] mapped 332144 sequences
[M::worker_pipeline::256.713*3.93] mapped 332194 sequences
[M::worker_pipeline::257.360*3.93] mapped 332210 sequences
[M::worker_pipeline::257.946*3.93] mapped 332234 sequences
[M::worker_pipeline::258.561*3.93] mapped 332248 sequences
[M::worker_pipeline::259.208*3.93] mapped 332252 sequences
[M::worker_pipeline::259.800*3.94] mapped 332288 sequences
[M::worker_pipeline::260.376*3.94] mapped 332270 sequences
[M::worker_pipeline::261.001*3.94] mapped 332218 sequences
[M::worker_pipeline::261.636*3.94] mapped 332262 sequences
[M::worker_pipeline::262.243*3.94] mapped 332208 sequences
[M::worker_pipeline::262.853*3.94] mapped 332114 sequences
[M::worker_pipeline::263.433*3.94] mapped 332064 sequences
[M::worker_pipeline::264.006*3.94] mapped 332072 sequences
[M::worker_pipeline::264.613*3.94] mapped 332120 sequences
[M::worker_pipeline::265.219*3.94] mapped 332112 sequences
[M::worker_pipeline::265.816*3.94] mapped 332264 sequences
[M::worker_pipeline::266.451*3.94] mapped 332710 sequences
[M::worker_pipeline::267.085*3.94] mapped 332660 sequences
[M::worker_pipeline::267.692*3.94] mapped 332414 sequences
[M::worker_pipeline::268.258*3.94] mapped 332388 sequences
[M::worker_pipeline::268.891*3.95] mapped 332422 sequences
[M::worker_pipeline::269.483*3.95] mapped 332352 sequences
[M::worker_pipeline::270.103*3.95] mapped 332234 sequences
[M::worker_pipeline::270.722*3.95] mapped 332192 sequences
[M::worker_pipeline::271.368*3.95] mapped 332208 sequences
[M::worker_pipeline::272.000*3.95] mapped 332220 sequences
[M::worker_pipeline::276.966*3.90] mapped 332216 sequences
[M::worker_pipeline::277.142*3.90] mapped 332180 sequences
[M::worker_pipeline::277.318*3.90] mapped 332150 sequences
[M::worker_pipeline::277.833*3.90] mapped 332220 sequences
[M::worker_pipeline::278.466*3.90] mapped 332230 sequences
[M::worker_pipeline::279.072*3.90] mapped 332218 sequences
[M::worker_pipeline::279.661*3.90] mapped 332166 sequences
[M::worker_pipeline::280.289*3.90] mapped 332180 sequences
[M::worker_pipeline::280.933*3.90] mapped 332586 sequences
[M::worker_pipeline::281.514*3.90] mapped 332164 sequences
[M::worker_pipeline::282.087*3.90] mapped 332180 sequences
[M::worker_pipeline::282.723*3.91] mapped 332118 sequences
[M::worker_pipeline::283.305*3.91] mapped 332106 sequences
[M::worker_pipeline::283.936*3.91] mapped 332170 sequences
[M::worker_pipeline::284.489*3.91] mapped 332128 sequences
[M::worker_pipeline::285.125*3.91] mapped 332116 sequences
[M::worker_pipeline::285.680*3.91] mapped 332150 sequences
[M::worker_pipeline::286.274*3.91] mapped 332122 sequences
[M::worker_pipeline::286.930*3.91] mapped 332066 sequences
[M::worker_pipeline::287.541*3.91] mapped 332128 sequences
[M::worker_pipeline::288.133*3.91] mapped 332170 sequences
[M::worker_pipeline::288.767*3.91] mapped 332102 sequences
[M::worker_pipeline::289.383*3.91] mapped 332114 sequences
[M::worker_pipeline::289.996*3.91] mapped 332082 sequences
[M::worker_pipeline::290.627*3.91] mapped 332096 sequences
[M::worker_pipeline::291.243*3.91] mapped 332088 sequences
[M::worker_pipeline::291.846*3.91] mapped 332178 sequences
[M::worker_pipeline::292.459*3.91] mapped 332380 sequences
[M::worker_pipeline::293.052*3.91] mapped 332442 sequences
[M::worker_pipeline::293.651*3.91] mapped 332356 sequences
[M::worker_pipeline::294.219*3.92] mapped 332376 sequences
[M::worker_pipeline::294.886*3.92] mapped 332386 sequences
[M::worker_pipeline::295.504*3.92] mapped 332114 sequences
[M::worker_pipeline::296.114*3.92] mapped 332090 sequences
[M::worker_pipeline::296.728*3.92] mapped 332080 sequences
[M::worker_pipeline::297.355*3.92] mapped 332054 sequences
[M::worker_pipeline::297.915*3.92] mapped 332112 sequences
[M::worker_pipeline::298.582*3.92] mapped 332124 sequences
[M::worker_pipeline::299.156*3.92] mapped 332076 sequences
[M::worker_pipeline::299.782*3.92] mapped 332118 sequences
[M::worker_pipeline::300.372*3.92] mapped 332228 sequences
[M::worker_pipeline::300.979*3.92] mapped 332174 sequences
[M::worker_pipeline::301.540*3.92] mapped 332134 sequences
[M::worker_pipeline::302.156*3.92] mapped 332212 sequences
[M::worker_pipeline::302.748*3.92] mapped 332294 sequences
[M::worker_pipeline::303.405*3.92] mapped 332250 sequences
[M::worker_pipeline::303.978*3.92] mapped 332266 sequences
[M::worker_pipeline::304.595*3.92] mapped 332300 sequences
[M::worker_pipeline::305.206*3.92] mapped 332284 sequences
[M::worker_pipeline::305.812*3.93] mapped 332286 sequences
[M::worker_pipeline::306.432*3.93] mapped 332252 sequences
[M::worker_pipeline::307.034*3.93] mapped 332130 sequences
[M::worker_pipeline::307.661*3.93] mapped 332126 sequences
[M::worker_pipeline::308.285*3.93] mapped 332098 sequences
[M::worker_pipeline::308.915*3.93] mapped 332114 sequences
[M::worker_pipeline::309.542*3.93] mapped 332130 sequences
[M::worker_pipeline::310.129*3.93] mapped 332228 sequences
[M::worker_pipeline::310.809*3.93] mapped 332902 sequences
[M::worker_pipeline::311.442*3.93] mapped 332806 sequences
[M::worker_pipeline::312.059*3.93] mapped 332708 sequences
[M::worker_pipeline::312.638*3.93] mapped 332538 sequences
[M::worker_pipeline::313.232*3.93] mapped 332586 sequences
[M::worker_pipeline::313.847*3.93] mapped 332518 sequences
[M::worker_pipeline::314.504*3.93] mapped 332528 sequences
[M::worker_pipeline::315.107*3.93] mapped 332424 sequences
[M::worker_pipeline::315.707*3.93] mapped 332424 sequences
[M::worker_pipeline::316.326*3.93] mapped 332416 sequences
[M::worker_pipeline::316.923*3.93] mapped 332348 sequences
[M::worker_pipeline::317.588*3.93] mapped 332336 sequences
[M::worker_pipeline::318.210*3.93] mapped 332398 sequences
[M::worker_pipeline::318.836*3.93] mapped 332318 sequences
[M::worker_pipeline::319.480*3.93] mapped 332386 sequences
[M::worker_pipeline::320.058*3.93] mapped 332424 sequences
[M::worker_pipeline::320.654*3.93] mapped 332448 sequences
[M::worker_pipeline::321.267*3.93] mapped 332450 sequences
[M::worker_pipeline::321.902*3.93] mapped 332532 sequences
[M::worker_pipeline::322.544*3.93] mapped 332380 sequences
[M::worker_pipeline::323.116*3.93] mapped 332438 sequences
[M::worker_pipeline::323.705*3.93] mapped 332366 sequences
[M::worker_pipeline::324.377*3.93] mapped 332310 sequences
[M::worker_pipeline::324.973*3.93] mapped 332294 sequences
[M::worker_pipeline::325.634*3.94] mapped 332276 sequences
[M::worker_pipeline::326.224*3.94] mapped 332222 sequences
[M::worker_pipeline::326.849*3.94] mapped 332232 sequences
[M::worker_pipeline::327.480*3.94] mapped 332212 sequences
[M::worker_pipeline::328.078*3.94] mapped 332224 sequences
[M::worker_pipeline::328.695*3.94] mapped 332200 sequences
[M::worker_pipeline::329.275*3.94] mapped 332222 sequences
[M::worker_pipeline::329.854*3.94] mapped 332214 sequences
[M::worker_pipeline::330.472*3.94] mapped 332210 sequences
[M::worker_pipeline::331.111*3.94] mapped 332210 sequences
[M::worker_pipeline::331.737*3.94] mapped 332178 sequences
[M::worker_pipeline::332.315*3.94] mapped 332202 sequences
[M::worker_pipeline::332.907*3.94] mapped 332452 sequences
[M::worker_pipeline::333.540*3.94] mapped 332678 sequences
[M::worker_pipeline::334.185*3.94] mapped 332652 sequences
[M::worker_pipeline::334.775*3.94] mapped 332542 sequences
[M::worker_pipeline::335.433*3.94] mapped 332586 sequences
[M::worker_pipeline::336.021*3.94] mapped 332490 sequences
[M::worker_pipeline::336.624*3.94] mapped 332228 sequences
[M::worker_pipeline::337.232*3.94] mapped 332142 sequences
[M::worker_pipeline::337.865*3.94] mapped 332128 sequences
[M::worker_pipeline::338.498*3.94] mapped 332152 sequences
[M::worker_pipeline::339.162*3.94] mapped 332114 sequences
[M::worker_pipeline::339.749*3.94] mapped 332164 sequences
[M::worker_pipeline::340.524*3.94] mapped 332190 sequences
[M::worker_pipeline::345.234*3.91] mapped 332138 sequences
[M::worker_pipeline::345.411*3.91] mapped 332220 sequences
[M::worker_pipeline::345.581*3.91] mapped 332156 sequences
[M::worker_pipeline::346.084*3.91] mapped 332194 sequences
[M::worker_pipeline::346.715*3.91] mapped 332214 sequences
[M::worker_pipeline::347.354*3.91] mapped 332180 sequences
[M::worker_pipeline::347.976*3.91] mapped 332190 sequences
[M::worker_pipeline::348.607*3.91] mapped 332194 sequences
[M::worker_pipeline::349.180*3.91] mapped 332164 sequences
[M::worker_pipeline::349.792*3.91] mapped 332198 sequences
[M::worker_pipeline::350.382*3.91] mapped 332162 sequences
[M::worker_pipeline::350.978*3.91] mapped 332118 sequences
[M::worker_pipeline::351.594*3.91] mapped 332132 sequences
[M::worker_pipeline::352.210*3.91] mapped 332124 sequences
[M::worker_pipeline::352.803*3.91] mapped 332028 sequences
[M::worker_pipeline::353.442*3.91] mapped 332082 sequences
[M::worker_pipeline::354.024*3.91] mapped 332106 sequences
[M::worker_pipeline::354.699*3.92] mapped 332096 sequences
[M::worker_pipeline::354.756*3.92] mapped 108330 sequences
[M::main] Version: 2.22-r1101
[M::main] CMD: minimap2 --secondary=no -t 16 -R @RG\tID:snippy\tSM:snippy -ax sr /work/FAC/FBM/DMF/smitri/evomicrocomm/genome_size/data/oa/reference.fasta /work/FAC/FBM/DMF/smitri/evomicrocomm/genome_size/data/T44.4.2/read1.fq.gz /work/FAC/FBM/DMF/smitri/evomicrocomm/genome_size/data/T44.4.2/read2.fq.gz
[M::main] Real time: 354.771 sec; CPU: 1388.961 sec; Peak RSS: 0.504 GB
[bam_sort_core] merging from 80 files and 16 in-memory blocks...
[Fri Oct 15 16:19:19 2021]
Finished job 0.
1 of 1 steps (100%) done
