Building DAG of jobs...
Using shell: /usr/bin/bash
Provided cores: 16
Rules claiming more threads will be scaled down.
Select jobs to execute...

[Fri Oct 15 16:08:12 2021]
rule mapping:
    input: /work/FAC/FBM/DMF/smitri/evomicrocomm/genome_size/data/ms/reference.fasta, /work/FAC/FBM/DMF/smitri/evomicrocomm/genome_size/data/T44.4.3/read1.fq.gz, /work/FAC/FBM/DMF/smitri/evomicrocomm/genome_size/data/T44.4.3/read2.fq.gz
    output: /work/FAC/FBM/DMF/smitri/evomicrocomm/genome_size/data/T44.4.3/ms/mapped_reads.sorted.bam
    jobid: 0
    wildcards: sample=T44.4.3, strain=ms
    threads: 16
    resources: mem_mb=22028, disk_mb=22028, tmpdir=/tmp/2811852

[M::mm_idx_gen::0.101*0.86] collected minimizers
[M::mm_idx_gen::0.117*2.24] sorted minimizers
[M::main::0.117*2.24] loaded/built the index for 1 target sequence(s)
[M::mm_mapopt_update::0.117*2.24] mid_occ = 1000
[M::mm_idx_stat] kmer size: 21; skip: 11; is_hpc: 0; #seq: 1
[M::mm_idx_stat::0.124*2.17] distinct minimizers: 620509 (99.65% are singletons); average occurrences: 1.004; average spacing: 5.998; total length: 3737398
[M::worker_pipeline::1.133*2.44] mapped 332612 sequences
[M::worker_pipeline::1.965*2.57] mapped 332670 sequences
[M::worker_pipeline::2.712*2.68] mapped 332540 sequences
[M::worker_pipeline::3.487*2.78] mapped 332454 sequences
[M::worker_pipeline::4.252*2.83] mapped 332392 sequences
[M::worker_pipeline::4.913*2.89] mapped 332404 sequences
[M::worker_pipeline::5.573*2.97] mapped 332344 sequences
[M::worker_pipeline::6.177*3.05] mapped 332328 sequences
[M::worker_pipeline::6.753*3.12] mapped 332270 sequences
[M::worker_pipeline::7.348*3.16] mapped 332298 sequences
[M::worker_pipeline::7.994*3.19] mapped 332226 sequences
[M::worker_pipeline::8.591*3.22] mapped 332218 sequences
[M::worker_pipeline::9.183*3.26] mapped 332188 sequences
[M::worker_pipeline::9.827*3.28] mapped 332200 sequences
[M::worker_pipeline::10.442*3.30] mapped 332138 sequences
[M::worker_pipeline::11.041*3.32] mapped 332192 sequences
[M::worker_pipeline::11.648*3.34] mapped 332184 sequences
[M::worker_pipeline::12.246*3.36] mapped 332190 sequences
[M::worker_pipeline::12.859*3.37] mapped 332206 sequences
[M::worker_pipeline::13.478*3.38] mapped 332156 sequences
[M::worker_pipeline::14.108*3.39] mapped 332178 sequences
[M::worker_pipeline::14.703*3.40] mapped 332188 sequences
[M::worker_pipeline::15.325*3.41] mapped 332132 sequences
[M::worker_pipeline::15.920*3.43] mapped 332134 sequences
[M::worker_pipeline::16.552*3.44] mapped 332084 sequences
[M::worker_pipeline::17.157*3.44] mapped 332148 sequences
[M::worker_pipeline::17.713*3.45] mapped 332144 sequences
[M::worker_pipeline::18.488*3.45] mapped 332120 sequences
[M::worker_pipeline::18.922*3.47] mapped 332118 sequences
[M::worker_pipeline::19.547*3.48] mapped 332114 sequences
[M::worker_pipeline::20.151*3.48] mapped 332176 sequences
[M::worker_pipeline::20.768*3.49] mapped 332122 sequences
[M::worker_pipeline::21.333*3.50] mapped 332128 sequences
[M::worker_pipeline::21.989*3.50] mapped 332046 sequences
[M::worker_pipeline::22.576*3.51] mapped 332048 sequences
[M::worker_pipeline::23.209*3.51] mapped 331998 sequences
[M::worker_pipeline::23.835*3.51] mapped 332020 sequences
[M::worker_pipeline::24.428*3.52] mapped 332024 sequences
[M::worker_pipeline::25.038*3.52] mapped 331988 sequences
[M::worker_pipeline::25.640*3.53] mapped 332002 sequences
[M::worker_pipeline::26.237*3.54] mapped 331972 sequences
[M::worker_pipeline::26.804*3.54] mapped 332000 sequences
[M::worker_pipeline::27.426*3.54] mapped 331992 sequences
[M::worker_pipeline::28.026*3.55] mapped 331914 sequences
[M::worker_pipeline::28.587*3.56] mapped 331950 sequences
[M::worker_pipeline::29.165*3.56] mapped 331940 sequences
[M::worker_pipeline::29.747*3.56] mapped 331914 sequences
[M::worker_pipeline::30.374*3.57] mapped 331894 sequences
[M::worker_pipeline::30.919*3.58] mapped 331902 sequences
[M::worker_pipeline::31.553*3.58] mapped 331896 sequences
[M::worker_pipeline::32.162*3.58] mapped 331890 sequences
[M::worker_pipeline::32.753*3.58] mapped 331904 sequences
[M::worker_pipeline::33.366*3.58] mapped 331898 sequences
[M::worker_pipeline::33.974*3.59] mapped 331920 sequences
[M::worker_pipeline::34.571*3.59] mapped 331914 sequences
[M::worker_pipeline::35.149*3.59] mapped 331936 sequences
[M::worker_pipeline::35.763*3.59] mapped 331926 sequences
[M::worker_pipeline::36.369*3.60] mapped 331924 sequences
[M::worker_pipeline::36.973*3.60] mapped 331946 sequences
[M::worker_pipeline::37.547*3.61] mapped 331972 sequences
[M::worker_pipeline::38.162*3.61] mapped 331898 sequences
[M::worker_pipeline::38.832*3.61] mapped 331956 sequences
[M::worker_pipeline::39.363*3.61] mapped 332010 sequences
[M::worker_pipeline::39.974*3.61] mapped 331982 sequences
[M::worker_pipeline::40.598*3.61] mapped 332014 sequences
[M::worker_pipeline::41.216*3.61] mapped 332028 sequences
[M::worker_pipeline::41.823*3.62] mapped 332040 sequences
[M::worker_pipeline::42.401*3.62] mapped 332348 sequences
[M::worker_pipeline::43.016*3.62] mapped 332592 sequences
[M::worker_pipeline::43.596*3.62] mapped 332470 sequences
[M::worker_pipeline::44.253*3.62] mapped 332364 sequences
[M::worker_pipeline::44.841*3.62] mapped 332382 sequences
[M::worker_pipeline::45.451*3.62] mapped 332308 sequences
[M::worker_pipeline::46.058*3.62] mapped 332220 sequences
[M::worker_pipeline::46.699*3.62] mapped 332204 sequences
[M::worker_pipeline::47.291*3.63] mapped 332194 sequences
[M::worker_pipeline::47.909*3.62] mapped 332152 sequences
[M::worker_pipeline::48.512*3.63] mapped 332158 sequences
[M::worker_pipeline::49.091*3.63] mapped 332140 sequences
[M::worker_pipeline::49.701*3.63] mapped 332186 sequences
[M::worker_pipeline::50.326*3.63] mapped 332106 sequences
[M::worker_pipeline::50.918*3.63] mapped 332188 sequences
[M::worker_pipeline::51.505*3.63] mapped 332166 sequences
[M::worker_pipeline::52.150*3.63] mapped 332196 sequences
[M::worker_pipeline::52.741*3.63] mapped 332184 sequences
[M::worker_pipeline::53.294*3.63] mapped 332192 sequences
[M::worker_pipeline::53.915*3.63] mapped 332090 sequences
[M::worker_pipeline::54.515*3.64] mapped 332132 sequences
[M::worker_pipeline::55.100*3.64] mapped 332118 sequences
[M::worker_pipeline::55.713*3.64] mapped 332032 sequences
[M::worker_pipeline::56.332*3.64] mapped 332080 sequences
[M::worker_pipeline::56.943*3.64] mapped 332074 sequences
[M::worker_pipeline::57.545*3.64] mapped 332132 sequences
[M::worker_pipeline::58.227*3.63] mapped 332110 sequences
[M::worker_pipeline::58.761*3.64] mapped 332074 sequences
[M::worker_pipeline::59.401*3.64] mapped 332044 sequences
[M::worker_pipeline::60.002*3.64] mapped 331992 sequences
[M::worker_pipeline::60.555*3.64] mapped 332060 sequences
[M::worker_pipeline::61.160*3.64] mapped 332030 sequences
[M::worker_pipeline::61.766*3.64] mapped 332040 sequences
[M::worker_pipeline::62.397*3.64] mapped 332048 sequences
[M::worker_pipeline::62.993*3.64] mapped 331980 sequences
[M::worker_pipeline::63.572*3.64] mapped 331932 sequences
[M::worker_pipeline::64.193*3.64] mapped 332014 sequences
[M::worker_pipeline::64.810*3.64] mapped 331988 sequences
[M::worker_pipeline::71.669*3.37] mapped 331992 sequences
[M::worker_pipeline::71.835*3.37] mapped 331988 sequences
[M::worker_pipeline::72.002*3.37] mapped 332020 sequences
[M::worker_pipeline::72.521*3.37] mapped 332000 sequences
[M::worker_pipeline::73.160*3.38] mapped 331952 sequences
[M::worker_pipeline::73.750*3.38] mapped 331968 sequences
[M::worker_pipeline::74.365*3.38] mapped 331962 sequences
[M::worker_pipeline::74.959*3.38] mapped 331968 sequences
[M::worker_pipeline::75.538*3.39] mapped 331986 sequences
[M::worker_pipeline::76.147*3.39] mapped 331944 sequences
[M::worker_pipeline::76.751*3.39] mapped 332000 sequences
[M::worker_pipeline::77.331*3.39] mapped 331934 sequences
[M::worker_pipeline::77.988*3.39] mapped 331972 sequences
[M::worker_pipeline::78.631*3.39] mapped 331944 sequences
[M::worker_pipeline::79.157*3.40] mapped 331944 sequences
[M::worker_pipeline::79.758*3.40] mapped 331970 sequences
[M::worker_pipeline::80.357*3.40] mapped 331958 sequences
[M::worker_pipeline::80.949*3.41] mapped 331956 sequences
[M::worker_pipeline::81.546*3.41] mapped 331922 sequences
[M::worker_pipeline::82.149*3.41] mapped 331940 sequences
[M::worker_pipeline::82.776*3.41] mapped 331986 sequences
[M::worker_pipeline::83.378*3.41] mapped 331940 sequences
[M::worker_pipeline::83.993*3.41] mapped 332034 sequences
[M::worker_pipeline::84.581*3.41] mapped 332048 sequences
[M::worker_pipeline::85.210*3.42] mapped 332030 sequences
[M::worker_pipeline::85.800*3.42] mapped 332132 sequences
[M::worker_pipeline::86.402*3.42] mapped 332074 sequences
[M::worker_pipeline::87.013*3.42] mapped 332092 sequences
[M::worker_pipeline::87.615*3.42] mapped 332152 sequences
[M::worker_pipeline::88.250*3.42] mapped 332246 sequences
[M::worker_pipeline::88.867*3.42] mapped 332694 sequences
[M::worker_pipeline::89.554*3.42] mapped 332514 sequences
[M::worker_pipeline::90.081*3.43] mapped 332474 sequences
[M::worker_pipeline::90.694*3.43] mapped 332430 sequences
[M::worker_pipeline::91.304*3.43] mapped 332374 sequences
[M::worker_pipeline::91.924*3.43] mapped 332310 sequences
[M::worker_pipeline::92.538*3.43] mapped 332328 sequences
[M::worker_pipeline::93.147*3.43] mapped 332336 sequences
[M::worker_pipeline::93.776*3.43] mapped 332224 sequences
[M::worker_pipeline::94.381*3.43] mapped 332176 sequences
[M::worker_pipeline::95.003*3.44] mapped 332170 sequences
[M::worker_pipeline::95.609*3.44] mapped 332188 sequences
[M::worker_pipeline::96.223*3.44] mapped 332182 sequences
[M::worker_pipeline::96.861*3.44] mapped 332200 sequences
[M::worker_pipeline::97.473*3.44] mapped 332214 sequences
[M::worker_pipeline::98.069*3.44] mapped 332278 sequences
[M::worker_pipeline::98.702*3.44] mapped 332340 sequences
[M::worker_pipeline::99.336*3.44] mapped 332454 sequences
[M::worker_pipeline::99.950*3.44] mapped 332738 sequences
[M::worker_pipeline::100.572*3.44] mapped 332274 sequences
[M::worker_pipeline::101.186*3.45] mapped 332288 sequences
[M::worker_pipeline::101.788*3.45] mapped 332238 sequences
[M::worker_pipeline::102.414*3.45] mapped 332224 sequences
[M::worker_pipeline::103.033*3.45] mapped 332244 sequences
[M::worker_pipeline::103.634*3.45] mapped 332206 sequences
[M::worker_pipeline::104.221*3.45] mapped 332202 sequences
[M::worker_pipeline::104.842*3.46] mapped 332104 sequences
[M::worker_pipeline::105.419*3.46] mapped 332072 sequences
[M::worker_pipeline::106.066*3.46] mapped 332054 sequences
[M::worker_pipeline::106.624*3.46] mapped 332550 sequences
[M::worker_pipeline::107.205*3.46] mapped 332232 sequences
[M::worker_pipeline::107.867*3.46] mapped 332102 sequences
[M::worker_pipeline::108.481*3.46] mapped 332054 sequences
[M::worker_pipeline::108.990*3.47] mapped 332060 sequences
[M::worker_pipeline::109.595*3.47] mapped 332082 sequences
[M::worker_pipeline::110.191*3.47] mapped 332044 sequences
[M::worker_pipeline::110.819*3.47] mapped 332072 sequences
[M::worker_pipeline::111.403*3.47] mapped 332084 sequences
[M::worker_pipeline::111.981*3.47] mapped 332054 sequences
[M::worker_pipeline::112.591*3.47] mapped 332014 sequences
[M::worker_pipeline::113.197*3.47] mapped 331994 sequences
[M::worker_pipeline::113.779*3.48] mapped 332014 sequences
[M::worker_pipeline::114.396*3.48] mapped 331960 sequences
[M::worker_pipeline::114.987*3.48] mapped 331956 sequences
[M::worker_pipeline::115.614*3.48] mapped 331938 sequences
[M::worker_pipeline::116.175*3.48] mapped 331920 sequences
[M::worker_pipeline::116.785*3.48] mapped 331906 sequences
[M::worker_pipeline::117.393*3.48] mapped 331930 sequences
[M::worker_pipeline::118.001*3.48] mapped 331920 sequences
[M::worker_pipeline::118.616*3.48] mapped 331916 sequences
[M::worker_pipeline::119.218*3.48] mapped 331890 sequences
[M::worker_pipeline::119.821*3.49] mapped 331912 sequences
[M::worker_pipeline::120.412*3.49] mapped 331914 sequences
[M::worker_pipeline::121.038*3.49] mapped 331894 sequences
[M::worker_pipeline::121.641*3.49] mapped 331892 sequences
[M::worker_pipeline::122.237*3.49] mapped 331928 sequences
[M::worker_pipeline::122.822*3.49] mapped 331890 sequences
[M::worker_pipeline::123.403*3.49] mapped 331914 sequences
[M::worker_pipeline::123.999*3.49] mapped 331942 sequences
[M::worker_pipeline::124.591*3.50] mapped 331966 sequences
[M::worker_pipeline::125.202*3.50] mapped 331994 sequences
[M::worker_pipeline::125.783*3.50] mapped 332052 sequences
[M::worker_pipeline::126.397*3.50] mapped 331994 sequences
[M::worker_pipeline::126.996*3.50] mapped 331988 sequences
[M::worker_pipeline::127.577*3.50] mapped 332038 sequences
[M::worker_pipeline::128.195*3.50] mapped 332068 sequences
[M::worker_pipeline::128.778*3.50] mapped 332122 sequences
[M::worker_pipeline::129.387*3.50] mapped 332712 sequences
[M::worker_pipeline::129.996*3.51] mapped 332786 sequences
[M::worker_pipeline::130.575*3.51] mapped 332544 sequences
[M::worker_pipeline::131.169*3.51] mapped 332486 sequences
[M::worker_pipeline::131.755*3.51] mapped 332474 sequences
[M::worker_pipeline::132.338*3.51] mapped 332394 sequences
[M::worker_pipeline::132.930*3.51] mapped 332338 sequences
[M::worker_pipeline::133.570*3.51] mapped 332320 sequences
[M::worker_pipeline::134.203*3.51] mapped 332232 sequences
[M::worker_pipeline::139.406*3.42] mapped 332270 sequences
[M::worker_pipeline::139.568*3.42] mapped 332242 sequences
[M::worker_pipeline::139.743*3.42] mapped 332234 sequences
[M::worker_pipeline::140.264*3.42] mapped 332236 sequences
[M::worker_pipeline::140.874*3.42] mapped 332296 sequences
[M::worker_pipeline::141.458*3.42] mapped 332342 sequences
[M::worker_pipeline::142.086*3.43] mapped 332422 sequences
[M::worker_pipeline::142.647*3.43] mapped 332456 sequences
[M::worker_pipeline::143.282*3.43] mapped 332470 sequences
[M::worker_pipeline::143.938*3.43] mapped 332424 sequences
[M::worker_pipeline::144.503*3.43] mapped 332348 sequences
[M::worker_pipeline::145.119*3.43] mapped 332270 sequences
[M::worker_pipeline::145.728*3.43] mapped 332266 sequences
[M::worker_pipeline::146.320*3.43] mapped 332248 sequences
[M::worker_pipeline::146.921*3.43] mapped 332236 sequences
[M::worker_pipeline::147.530*3.44] mapped 332286 sequences
[M::worker_pipeline::148.144*3.44] mapped 332340 sequences
[M::worker_pipeline::148.759*3.44] mapped 332282 sequences
[M::worker_pipeline::149.387*3.44] mapped 332226 sequences
[M::worker_pipeline::149.991*3.44] mapped 332250 sequences
[M::worker_pipeline::150.599*3.44] mapped 332170 sequences
[M::worker_pipeline::151.191*3.44] mapped 332142 sequences
[M::worker_pipeline::151.787*3.44] mapped 332174 sequences
[M::worker_pipeline::152.365*3.44] mapped 332194 sequences
[M::worker_pipeline::152.955*3.44] mapped 332306 sequences
[M::worker_pipeline::153.575*3.44] mapped 332204 sequences
[M::worker_pipeline::154.182*3.45] mapped 332224 sequences
[M::worker_pipeline::154.785*3.45] mapped 332170 sequences
[M::worker_pipeline::155.371*3.45] mapped 332094 sequences
[M::worker_pipeline::155.997*3.45] mapped 332136 sequences
[M::worker_pipeline::156.594*3.45] mapped 332110 sequences
[M::worker_pipeline::157.207*3.45] mapped 332128 sequences
[M::worker_pipeline::157.817*3.45] mapped 332072 sequences
[M::worker_pipeline::158.486*3.45] mapped 332064 sequences
[M::worker_pipeline::159.020*3.45] mapped 332132 sequences
[M::worker_pipeline::159.595*3.45] mapped 332076 sequences
[M::worker_pipeline::160.230*3.45] mapped 332110 sequences
[M::worker_pipeline::160.824*3.46] mapped 332044 sequences
[M::worker_pipeline::161.427*3.46] mapped 332070 sequences
[M::worker_pipeline::162.048*3.46] mapped 332012 sequences
[M::worker_pipeline::162.658*3.46] mapped 331980 sequences
[M::worker_pipeline::163.241*3.46] mapped 332036 sequences
[M::worker_pipeline::163.857*3.46] mapped 331986 sequences
[M::worker_pipeline::164.495*3.46] mapped 332024 sequences
[M::worker_pipeline::165.080*3.46] mapped 331944 sequences
[M::worker_pipeline::165.675*3.46] mapped 331960 sequences
[M::worker_pipeline::166.285*3.46] mapped 331968 sequences
[M::worker_pipeline::166.890*3.46] mapped 332000 sequences
[M::worker_pipeline::167.489*3.46] mapped 331986 sequences
[M::worker_pipeline::168.102*3.46] mapped 332054 sequences
[M::worker_pipeline::168.679*3.47] mapped 332070 sequences
[M::worker_pipeline::169.282*3.47] mapped 332074 sequences
[M::worker_pipeline::169.872*3.47] mapped 332108 sequences
[M::worker_pipeline::170.473*3.47] mapped 332066 sequences
[M::worker_pipeline::171.069*3.47] mapped 332142 sequences
[M::worker_pipeline::171.668*3.47] mapped 332128 sequences
[M::worker_pipeline::172.254*3.47] mapped 332114 sequences
[M::worker_pipeline::172.857*3.47] mapped 332192 sequences
[M::worker_pipeline::173.465*3.47] mapped 332600 sequences
[M::worker_pipeline::174.052*3.47] mapped 332770 sequences
[M::worker_pipeline::174.649*3.47] mapped 332604 sequences
[M::worker_pipeline::175.232*3.48] mapped 332418 sequences
[M::worker_pipeline::175.813*3.48] mapped 332410 sequences
[M::worker_pipeline::176.424*3.48] mapped 332446 sequences
[M::worker_pipeline::177.014*3.48] mapped 332336 sequences
[M::worker_pipeline::177.608*3.48] mapped 332286 sequences
[M::worker_pipeline::178.192*3.48] mapped 332192 sequences
[M::worker_pipeline::178.785*3.48] mapped 332224 sequences
[M::worker_pipeline::179.407*3.48] mapped 332144 sequences
[M::worker_pipeline::180.008*3.48] mapped 332208 sequences
[M::worker_pipeline::180.604*3.48] mapped 332186 sequences
[M::worker_pipeline::181.210*3.48] mapped 332188 sequences
[M::worker_pipeline::181.804*3.48] mapped 332202 sequences
[M::worker_pipeline::182.430*3.48] mapped 332194 sequences
[M::worker_pipeline::183.023*3.49] mapped 332190 sequences
[M::worker_pipeline::183.641*3.49] mapped 332176 sequences
[M::worker_pipeline::184.245*3.49] mapped 332142 sequences
[M::worker_pipeline::184.831*3.49] mapped 332130 sequences
[M::worker_pipeline::185.442*3.49] mapped 332118 sequences
[M::worker_pipeline::186.015*3.49] mapped 332194 sequences
[M::worker_pipeline::186.599*3.49] mapped 332124 sequences
[M::worker_pipeline::187.199*3.49] mapped 332122 sequences
[M::worker_pipeline::187.794*3.49] mapped 332068 sequences
[M::worker_pipeline::188.373*3.49] mapped 332042 sequences
[M::worker_pipeline::188.974*3.49] mapped 332106 sequences
[M::worker_pipeline::189.572*3.49] mapped 332102 sequences
[M::worker_pipeline::190.141*3.50] mapped 332160 sequences
[M::worker_pipeline::190.760*3.50] mapped 332080 sequences
[M::worker_pipeline::191.351*3.50] mapped 332096 sequences
[M::worker_pipeline::191.975*3.50] mapped 332070 sequences
[M::worker_pipeline::192.571*3.50] mapped 332040 sequences
[M::worker_pipeline::193.160*3.50] mapped 332066 sequences
[M::worker_pipeline::193.773*3.50] mapped 332008 sequences
[M::worker_pipeline::194.372*3.50] mapped 332012 sequences
[M::worker_pipeline::194.942*3.50] mapped 332006 sequences
[M::worker_pipeline::195.546*3.50] mapped 332054 sequences
[M::worker_pipeline::196.159*3.50] mapped 332066 sequences
[M::worker_pipeline::196.755*3.50] mapped 332024 sequences
[M::worker_pipeline::197.310*3.50] mapped 332064 sequences
[M::worker_pipeline::197.955*3.50] mapped 332048 sequences
[M::worker_pipeline::198.546*3.51] mapped 332084 sequences
[M::worker_pipeline::199.155*3.51] mapped 332092 sequences
[M::worker_pipeline::199.749*3.51] mapped 332048 sequences
[M::worker_pipeline::200.325*3.51] mapped 332052 sequences
[M::worker_pipeline::200.898*3.51] mapped 332136 sequences
[M::worker_pipeline::201.671*3.51] mapped 332120 sequences
[M::worker_pipeline::206.599*3.45] mapped 332110 sequences
[M::worker_pipeline::206.770*3.45] mapped 332110 sequences
[M::worker_pipeline::206.939*3.45] mapped 332126 sequences
[M::worker_pipeline::207.445*3.45] mapped 332118 sequences
[M::worker_pipeline::208.064*3.45] mapped 332164 sequences
[M::worker_pipeline::208.644*3.45] mapped 332224 sequences
[M::worker_pipeline::209.225*3.45] mapped 332202 sequences
[M::worker_pipeline::209.816*3.45] mapped 332258 sequences
[M::worker_pipeline::210.441*3.46] mapped 332238 sequences
[M::worker_pipeline::211.034*3.46] mapped 332252 sequences
[M::worker_pipeline::211.644*3.46] mapped 332200 sequences
[M::worker_pipeline::212.238*3.46] mapped 332144 sequences
[M::worker_pipeline::212.821*3.46] mapped 332092 sequences
[M::worker_pipeline::213.437*3.46] mapped 331990 sequences
[M::worker_pipeline::214.041*3.46] mapped 331960 sequences
[M::worker_pipeline::214.631*3.46] mapped 331952 sequences
[M::worker_pipeline::215.240*3.46] mapped 332000 sequences
[M::worker_pipeline::215.860*3.46] mapped 332278 sequences
[M::worker_pipeline::216.479*3.46] mapped 332632 sequences
[M::worker_pipeline::217.062*3.46] mapped 332364 sequences
[M::worker_pipeline::217.665*3.46] mapped 332362 sequences
[M::worker_pipeline::218.260*3.46] mapped 332354 sequences
[M::worker_pipeline::218.870*3.46] mapped 332240 sequences
[M::worker_pipeline::219.482*3.46] mapped 332198 sequences
[M::worker_pipeline::220.070*3.46] mapped 332212 sequences
[M::worker_pipeline::220.683*3.46] mapped 332184 sequences
[M::worker_pipeline::221.280*3.47] mapped 332152 sequences
[M::worker_pipeline::221.867*3.47] mapped 332156 sequences
[M::worker_pipeline::222.467*3.47] mapped 332098 sequences
[M::worker_pipeline::223.078*3.47] mapped 332116 sequences
[M::worker_pipeline::223.688*3.47] mapped 332178 sequences
[M::worker_pipeline::224.257*3.47] mapped 332154 sequences
[M::worker_pipeline::224.856*3.47] mapped 332106 sequences
[M::worker_pipeline::225.451*3.47] mapped 332224 sequences
[M::worker_pipeline::226.067*3.47] mapped 332126 sequences
[M::worker_pipeline::226.657*3.47] mapped 332144 sequences
[M::worker_pipeline::227.275*3.47] mapped 332142 sequences
[M::worker_pipeline::227.869*3.47] mapped 332118 sequences
[M::worker_pipeline::228.489*3.47] mapped 332116 sequences
[M::worker_pipeline::229.102*3.47] mapped 332046 sequences
[M::worker_pipeline::229.700*3.48] mapped 332048 sequences
[M::worker_pipeline::230.290*3.48] mapped 332048 sequences
[M::worker_pipeline::230.896*3.48] mapped 332024 sequences
[M::worker_pipeline::231.494*3.48] mapped 332014 sequences
[M::worker_pipeline::232.055*3.48] mapped 332012 sequences
[M::worker_pipeline::232.682*3.48] mapped 331992 sequences
[M::worker_pipeline::233.307*3.48] mapped 331994 sequences
[M::worker_pipeline::233.875*3.48] mapped 331968 sequences
[M::worker_pipeline::234.491*3.48] mapped 331994 sequences
[M::worker_pipeline::235.090*3.48] mapped 332000 sequences
[M::worker_pipeline::235.685*3.48] mapped 332000 sequences
[M::worker_pipeline::236.294*3.48] mapped 331994 sequences
[M::worker_pipeline::236.883*3.48] mapped 331992 sequences
[M::worker_pipeline::237.491*3.48] mapped 331960 sequences
[M::worker_pipeline::238.067*3.48] mapped 332036 sequences
[M::worker_pipeline::238.689*3.48] mapped 332018 sequences
[M::worker_pipeline::239.295*3.48] mapped 332068 sequences
[M::worker_pipeline::239.885*3.49] mapped 332056 sequences
[M::worker_pipeline::240.502*3.49] mapped 332002 sequences
[M::worker_pipeline::241.104*3.49] mapped 331946 sequences
[M::worker_pipeline::241.680*3.49] mapped 331978 sequences
[M::worker_pipeline::242.322*3.49] mapped 332034 sequences
[M::worker_pipeline::242.928*3.49] mapped 331954 sequences
[M::worker_pipeline::243.511*3.49] mapped 331978 sequences
[M::worker_pipeline::244.093*3.49] mapped 331976 sequences
[M::worker_pipeline::244.698*3.49] mapped 332002 sequences
[M::worker_pipeline::245.352*3.49] mapped 332020 sequences
[M::worker_pipeline::245.919*3.49] mapped 332030 sequences
[M::worker_pipeline::246.507*3.49] mapped 332072 sequences
[M::worker_pipeline::247.133*3.49] mapped 332034 sequences
[M::worker_pipeline::247.734*3.49] mapped 332096 sequences
[M::worker_pipeline::248.319*3.49] mapped 332112 sequences
[M::worker_pipeline::248.902*3.49] mapped 332068 sequences
[M::worker_pipeline::249.488*3.49] mapped 332126 sequences
[M::worker_pipeline::250.107*3.49] mapped 332062 sequences
[M::worker_pipeline::250.709*3.49] mapped 332122 sequences
[M::worker_pipeline::251.288*3.49] mapped 332118 sequences
[M::worker_pipeline::251.873*3.49] mapped 332004 sequences
[M::worker_pipeline::252.480*3.49] mapped 331984 sequences
[M::worker_pipeline::253.072*3.50] mapped 331942 sequences
[M::worker_pipeline::253.676*3.50] mapped 331998 sequences
[M::worker_pipeline::254.267*3.50] mapped 332008 sequences
[M::worker_pipeline::254.863*3.50] mapped 332204 sequences
[M::worker_pipeline::255.489*3.50] mapped 332524 sequences
[M::worker_pipeline::256.115*3.50] mapped 332488 sequences
[M::worker_pipeline::256.684*3.50] mapped 332298 sequences
[M::worker_pipeline::257.261*3.50] mapped 332226 sequences
[M::worker_pipeline::257.875*3.50] mapped 332248 sequences
[M::worker_pipeline::258.463*3.50] mapped 332238 sequences
[M::worker_pipeline::259.059*3.50] mapped 332114 sequences
[M::worker_pipeline::259.661*3.50] mapped 332116 sequences
[M::worker_pipeline::260.254*3.50] mapped 332092 sequences
[M::worker_pipeline::260.857*3.50] mapped 332072 sequences
[M::worker_pipeline::261.450*3.50] mapped 332066 sequences
[M::worker_pipeline::262.049*3.50] mapped 332078 sequences
[M::worker_pipeline::262.630*3.50] mapped 332062 sequences
[M::worker_pipeline::263.243*3.50] mapped 332068 sequences
[M::worker_pipeline::263.808*3.50] mapped 332052 sequences
[M::worker_pipeline::264.436*3.50] mapped 332100 sequences
[M::worker_pipeline::265.043*3.50] mapped 332034 sequences
[M::worker_pipeline::265.640*3.50] mapped 332074 sequences
[M::worker_pipeline::266.222*3.51] mapped 332472 sequences
[M::worker_pipeline::266.775*3.51] mapped 332012 sequences
[M::worker_pipeline::267.364*3.51] mapped 332036 sequences
[M::worker_pipeline::267.955*3.51] mapped 331998 sequences
[M::worker_pipeline::273.085*3.46] mapped 332004 sequences
[M::worker_pipeline::273.249*3.46] mapped 332062 sequences
[M::worker_pipeline::273.412*3.46] mapped 332058 sequences
[M::worker_pipeline::273.935*3.46] mapped 332014 sequences
[M::worker_pipeline::274.549*3.46] mapped 331952 sequences
[M::worker_pipeline::275.149*3.46] mapped 331966 sequences
[M::worker_pipeline::275.744*3.47] mapped 331924 sequences
[M::worker_pipeline::276.314*3.47] mapped 331976 sequences
[M::worker_pipeline::276.893*3.47] mapped 332014 sequences
[M::worker_pipeline::277.499*3.47] mapped 331990 sequences
[M::worker_pipeline::278.071*3.47] mapped 332006 sequences
[M::worker_pipeline::278.700*3.47] mapped 332000 sequences
[M::worker_pipeline::279.294*3.47] mapped 331990 sequences
[M::worker_pipeline::279.877*3.47] mapped 331984 sequences
[M::worker_pipeline::280.466*3.47] mapped 332154 sequences
[M::worker_pipeline::281.038*3.47] mapped 332152 sequences
[M::worker_pipeline::281.630*3.47] mapped 332248 sequences
[M::worker_pipeline::282.239*3.47] mapped 332160 sequences
[M::worker_pipeline::282.827*3.47] mapped 332240 sequences
[M::worker_pipeline::283.439*3.47] mapped 331996 sequences
[M::worker_pipeline::284.040*3.47] mapped 331988 sequences
[M::worker_pipeline::284.619*3.47] mapped 332000 sequences
[M::worker_pipeline::285.209*3.47] mapped 331990 sequences
[M::worker_pipeline::285.804*3.47] mapped 331996 sequences
[M::worker_pipeline::286.394*3.47] mapped 332018 sequences
[M::worker_pipeline::286.944*3.48] mapped 332020 sequences
[M::worker_pipeline::287.560*3.48] mapped 332026 sequences
[M::worker_pipeline::288.169*3.48] mapped 332052 sequences
[M::worker_pipeline::288.741*3.48] mapped 332046 sequences
[M::worker_pipeline::289.375*3.48] mapped 332068 sequences
[M::worker_pipeline::289.953*3.48] mapped 332020 sequences
[M::worker_pipeline::290.556*3.48] mapped 332092 sequences
[M::worker_pipeline::291.176*3.48] mapped 332122 sequences
[M::worker_pipeline::291.774*3.48] mapped 332148 sequences
[M::worker_pipeline::292.395*3.48] mapped 332140 sequences
[M::worker_pipeline::292.986*3.48] mapped 332108 sequences
[M::worker_pipeline::293.559*3.48] mapped 332166 sequences
[M::worker_pipeline::294.147*3.48] mapped 332022 sequences
[M::worker_pipeline::294.753*3.48] mapped 331994 sequences
[M::worker_pipeline::295.332*3.48] mapped 331978 sequences
[M::worker_pipeline::295.914*3.48] mapped 331994 sequences
[M::worker_pipeline::296.520*3.48] mapped 331994 sequences
[M::worker_pipeline::297.103*3.48] mapped 331984 sequences
[M::worker_pipeline::297.729*3.48] mapped 332690 sequences
[M::worker_pipeline::298.325*3.49] mapped 332548 sequences
[M::worker_pipeline::298.919*3.49] mapped 332510 sequences
[M::worker_pipeline::299.502*3.49] mapped 332372 sequences
[M::worker_pipeline::300.125*3.49] mapped 332370 sequences
[M::worker_pipeline::300.749*3.49] mapped 332400 sequences
[M::worker_pipeline::301.336*3.49] mapped 332404 sequences
[M::worker_pipeline::301.969*3.49] mapped 332328 sequences
[M::worker_pipeline::302.545*3.49] mapped 332286 sequences
[M::worker_pipeline::303.145*3.49] mapped 332246 sequences
[M::worker_pipeline::303.736*3.49] mapped 332186 sequences
[M::worker_pipeline::304.359*3.49] mapped 332172 sequences
[M::worker_pipeline::304.964*3.49] mapped 332210 sequences
[M::worker_pipeline::305.541*3.49] mapped 332212 sequences
[M::worker_pipeline::306.162*3.49] mapped 332256 sequences
[M::worker_pipeline::306.774*3.49] mapped 332248 sequences
[M::worker_pipeline::307.367*3.49] mapped 332312 sequences
[M::worker_pipeline::307.939*3.49] mapped 332302 sequences
[M::worker_pipeline::308.523*3.49] mapped 332332 sequences
[M::worker_pipeline::309.105*3.49] mapped 332286 sequences
[M::worker_pipeline::309.690*3.49] mapped 332202 sequences
[M::worker_pipeline::310.271*3.49] mapped 332230 sequences
[M::worker_pipeline::310.872*3.50] mapped 332168 sequences
[M::worker_pipeline::311.433*3.50] mapped 332168 sequences
[M::worker_pipeline::312.063*3.50] mapped 332154 sequences
[M::worker_pipeline::312.672*3.50] mapped 332094 sequences
[M::worker_pipeline::313.291*3.50] mapped 332084 sequences
[M::worker_pipeline::313.855*3.50] mapped 332086 sequences
[M::worker_pipeline::314.464*3.50] mapped 332022 sequences
[M::worker_pipeline::315.048*3.50] mapped 332092 sequences
[M::worker_pipeline::315.675*3.50] mapped 332086 sequences
[M::worker_pipeline::316.283*3.50] mapped 332080 sequences
[M::worker_pipeline::316.867*3.50] mapped 332044 sequences
[M::worker_pipeline::317.474*3.50] mapped 332056 sequences
[M::worker_pipeline::318.051*3.50] mapped 332068 sequences
[M::worker_pipeline::318.656*3.50] mapped 332190 sequences
[M::worker_pipeline::319.276*3.50] mapped 332378 sequences
[M::worker_pipeline::319.870*3.50] mapped 332426 sequences
[M::worker_pipeline::320.489*3.50] mapped 332364 sequences
[M::worker_pipeline::321.097*3.50] mapped 332334 sequences
[M::worker_pipeline::321.691*3.50] mapped 332254 sequences
[M::worker_pipeline::322.256*3.50] mapped 332096 sequences
[M::worker_pipeline::322.854*3.50] mapped 332046 sequences
[M::worker_pipeline::323.442*3.50] mapped 332006 sequences
[M::worker_pipeline::324.031*3.50] mapped 332068 sequences
[M::worker_pipeline::324.646*3.50] mapped 332006 sequences
[M::worker_pipeline::325.241*3.51] mapped 332010 sequences
[M::worker_pipeline::325.792*3.51] mapped 332024 sequences
[M::worker_pipeline::326.398*3.51] mapped 332126 sequences
[M::worker_pipeline::326.971*3.51] mapped 332074 sequences
[M::worker_pipeline::327.592*3.51] mapped 332048 sequences
[M::worker_pipeline::328.225*3.51] mapped 332084 sequences
[M::worker_pipeline::328.770*3.51] mapped 332072 sequences
[M::worker_pipeline::329.362*3.51] mapped 332078 sequences
[M::worker_pipeline::329.943*3.51] mapped 332030 sequences
[M::worker_pipeline::330.515*3.51] mapped 332080 sequences
[M::worker_pipeline::331.132*3.51] mapped 332076 sequences
[M::worker_pipeline::331.776*3.51] mapped 332114 sequences
[M::worker_pipeline::332.349*3.51] mapped 331976 sequences
[M::worker_pipeline::332.914*3.51] mapped 332040 sequences
[M::worker_pipeline::333.519*3.51] mapped 331940 sequences
[M::worker_pipeline::334.085*3.51] mapped 331956 sequences
[M::worker_pipeline::334.712*3.51] mapped 331978 sequences
[M::worker_pipeline::339.784*3.47] mapped 332000 sequences
[M::worker_pipeline::339.946*3.47] mapped 332050 sequences
[M::worker_pipeline::339.974*3.47] mapped 67804 sequences
[M::main] Version: 2.22-r1101
[M::main] CMD: minimap2 --secondary=no -t 16 -R @RG\tID:snippy\tSM:snippy -ax sr /work/FAC/FBM/DMF/smitri/evomicrocomm/genome_size/data/ms/reference.fasta /work/FAC/FBM/DMF/smitri/evomicrocomm/genome_size/data/T44.4.3/read1.fq.gz /work/FAC/FBM/DMF/smitri/evomicrocomm/genome_size/data/T44.4.3/read2.fq.gz
[M::main] Real time: 339.986 sec; CPU: 1180.536 sec; Peak RSS: 0.493 GB
[bam_sort_core] merging from 80 files and 16 in-memory blocks...
[Fri Oct 15 16:17:49 2021]
Finished job 0.
1 of 1 steps (100%) done
