Building DAG of jobs...
Using shell: /usr/bin/bash
Provided cluster nodes: 100
Job stats:
job       count    min threads    max threads
------  -------  -------------  -------------
snippy       20             16             16
total        20             16             16

Select jobs to execute...

[Thu Oct 21 17:05:40 2021]
rule snippy:
    input: /work/FAC/FBM/DMF/smitri/evomicrocomm/genome_size/data/oa/reference.gbk, /work/FAC/FBM/DMF/smitri/evomicrocomm/genome_size/data/T33.4.2/oa/mapped_reads.sorted.bam
    output: /work/FAC/FBM/DMF/smitri/evomicrocomm/genome_size/data/T33.4.2/oa/snippy/snps.tab
    jobid: 34
    wildcards: sample=T33.4.2, strain=oa
    threads: 16
    resources: tmpdir=/tmp/2955031

Submitted job 34 with external jobid 'Submitted batch job 2955140'.

[Thu Oct 21 17:05:40 2021]
rule snippy:
    input: /work/FAC/FBM/DMF/smitri/evomicrocomm/genome_size/data/oa/reference.gbk, /work/FAC/FBM/DMF/smitri/evomicrocomm/genome_size/data/T22.4.4/oa/mapped_reads.sorted.bam
    output: /work/FAC/FBM/DMF/smitri/evomicrocomm/genome_size/data/T22.4.4/oa/snippy/snps.tab
    jobid: 0
    wildcards: sample=T22.4.4, strain=oa
    threads: 16
    resources: tmpdir=/tmp/2955031

Submitted job 0 with external jobid 'Submitted batch job 2955141'.

[Thu Oct 21 17:05:40 2021]
rule snippy:
    input: /work/FAC/FBM/DMF/smitri/evomicrocomm/genome_size/data/oa/reference.gbk, /work/FAC/FBM/DMF/smitri/evomicrocomm/genome_size/data/T11.4.3/oa/mapped_reads.sorted.bam
    output: /work/FAC/FBM/DMF/smitri/evomicrocomm/genome_size/data/T11.4.3/oa/snippy/snps.tab
    jobid: 14
    wildcards: sample=T11.4.3, strain=oa
    threads: 16
    resources: tmpdir=/tmp/2955031

Submitted job 14 with external jobid 'Submitted batch job 2955142'.

[Thu Oct 21 17:05:40 2021]
rule snippy:
    input: /work/FAC/FBM/DMF/smitri/evomicrocomm/genome_size/data/oa/reference.gbk, /work/FAC/FBM/DMF/smitri/evomicrocomm/genome_size/data/T44.4.2/oa/mapped_reads.sorted.bam
    output: /work/FAC/FBM/DMF/smitri/evomicrocomm/genome_size/data/T44.4.2/oa/snippy/snps.tab
    jobid: 28
    wildcards: sample=T44.4.2, strain=oa
    threads: 16
    resources: tmpdir=/tmp/2955031

Submitted job 28 with external jobid 'Submitted batch job 2955143'.

[Thu Oct 21 17:05:40 2021]
rule snippy:
    input: /work/FAC/FBM/DMF/smitri/evomicrocomm/genome_size/data/oa/reference.gbk, /work/FAC/FBM/DMF/smitri/evomicrocomm/genome_size/data/T11.4.2/oa/mapped_reads.sorted.bam
    output: /work/FAC/FBM/DMF/smitri/evomicrocomm/genome_size/data/T11.4.2/oa/snippy/snps.tab
    jobid: 8
    wildcards: sample=T11.4.2, strain=oa
    threads: 16
    resources: tmpdir=/tmp/2955031

Submitted job 8 with external jobid 'Submitted batch job 2955144'.

[Thu Oct 21 17:05:40 2021]
rule snippy:
    input: /work/FAC/FBM/DMF/smitri/evomicrocomm/genome_size/data/oa/reference.gbk, /work/FAC/FBM/DMF/smitri/evomicrocomm/genome_size/data/T11.4.1/oa/mapped_reads.sorted.bam
    output: /work/FAC/FBM/DMF/smitri/evomicrocomm/genome_size/data/T11.4.1/oa/snippy/snps.tab
    jobid: 36
    wildcards: sample=T11.4.1, strain=oa
    threads: 16
    resources: tmpdir=/tmp/2955031

Submitted job 36 with external jobid 'Submitted batch job 2955145'.

[Thu Oct 21 17:05:40 2021]
rule snippy:
    input: /work/FAC/FBM/DMF/smitri/evomicrocomm/genome_size/data/oa/reference.gbk, /work/FAC/FBM/DMF/smitri/evomicrocomm/genome_size/data/T44.4.4/oa/mapped_reads.sorted.bam
    output: /work/FAC/FBM/DMF/smitri/evomicrocomm/genome_size/data/T44.4.4/oa/snippy/snps.tab
    jobid: 22
    wildcards: sample=T44.4.4, strain=oa
    threads: 16
    resources: tmpdir=/tmp/2955031

Submitted job 22 with external jobid 'Submitted batch job 2955146'.

[Thu Oct 21 17:05:40 2021]
rule snippy:
    input: /work/FAC/FBM/DMF/smitri/evomicrocomm/genome_size/data/oa/reference.gbk, /work/FAC/FBM/DMF/smitri/evomicrocomm/genome_size/data/T22.4.1/oa/mapped_reads.sorted.bam
    output: /work/FAC/FBM/DMF/smitri/evomicrocomm/genome_size/data/T22.4.1/oa/snippy/snps.tab
    jobid: 20
    wildcards: sample=T22.4.1, strain=oa
    threads: 16
    resources: tmpdir=/tmp/2955031

Submitted job 20 with external jobid 'Submitted batch job 2955147'.

[Thu Oct 21 17:05:40 2021]
rule snippy:
    input: /work/FAC/FBM/DMF/smitri/evomicrocomm/genome_size/data/oa/reference.gbk, /work/FAC/FBM/DMF/smitri/evomicrocomm/genome_size/data/T11.4.4/oa/mapped_reads.sorted.bam
    output: /work/FAC/FBM/DMF/smitri/evomicrocomm/genome_size/data/T11.4.4/oa/snippy/snps.tab
    jobid: 2
    wildcards: sample=T11.4.4, strain=oa
    threads: 16
    resources: tmpdir=/tmp/2955031

Submitted job 2 with external jobid 'Submitted batch job 2955148'.

[Thu Oct 21 17:05:40 2021]
rule snippy:
    input: /work/FAC/FBM/DMF/smitri/evomicrocomm/genome_size/data/oa/reference.gbk, /work/FAC/FBM/DMF/smitri/evomicrocomm/genome_size/data/T22.4.5/oa/mapped_reads.sorted.bam
    output: /work/FAC/FBM/DMF/smitri/evomicrocomm/genome_size/data/T22.4.5/oa/snippy/snps.tab
    jobid: 16
    wildcards: sample=T22.4.5, strain=oa
    threads: 16
    resources: tmpdir=/tmp/2955031

Submitted job 16 with external jobid 'Submitted batch job 2955149'.

[Thu Oct 21 17:05:40 2021]
rule snippy:
    input: /work/FAC/FBM/DMF/smitri/evomicrocomm/genome_size/data/oa/reference.gbk, /work/FAC/FBM/DMF/smitri/evomicrocomm/genome_size/data/T44.4.5.rep/oa/mapped_reads.sorted.bam
    output: /work/FAC/FBM/DMF/smitri/evomicrocomm/genome_size/data/T44.4.5.rep/oa/snippy/snps.tab
    jobid: 30
    wildcards: sample=T44.4.5.rep, strain=oa
    threads: 16
    resources: tmpdir=/tmp/2955031

Submitted job 30 with external jobid 'Submitted batch job 2955150'.

[Thu Oct 21 17:05:40 2021]
rule snippy:
    input: /work/FAC/FBM/DMF/smitri/evomicrocomm/genome_size/data/oa/reference.gbk, /work/FAC/FBM/DMF/smitri/evomicrocomm/genome_size/data/T33.4.3.rep/oa/mapped_reads.sorted.bam
    output: /work/FAC/FBM/DMF/smitri/evomicrocomm/genome_size/data/T33.4.3.rep/oa/snippy/snps.tab
    jobid: 10
    wildcards: sample=T33.4.3.rep, strain=oa
    threads: 16
    resources: tmpdir=/tmp/2955031

Submitted job 10 with external jobid 'Submitted batch job 2955151'.

[Thu Oct 21 17:05:40 2021]
rule snippy:
    input: /work/FAC/FBM/DMF/smitri/evomicrocomm/genome_size/data/oa/reference.gbk, /work/FAC/FBM/DMF/smitri/evomicrocomm/genome_size/data/T44.4.1/oa/mapped_reads.sorted.bam
    output: /work/FAC/FBM/DMF/smitri/evomicrocomm/genome_size/data/T44.4.1/oa/snippy/snps.tab
    jobid: 24
    wildcards: sample=T44.4.1, strain=oa
    threads: 16
    resources: tmpdir=/tmp/2955031

Submitted job 24 with external jobid 'Submitted batch job 2955152'.

[Thu Oct 21 17:05:40 2021]
rule snippy:
    input: /work/FAC/FBM/DMF/smitri/evomicrocomm/genome_size/data/oa/reference.gbk, /work/FAC/FBM/DMF/smitri/evomicrocomm/genome_size/data/T22.4.2/oa/mapped_reads.sorted.bam
    output: /work/FAC/FBM/DMF/smitri/evomicrocomm/genome_size/data/T22.4.2/oa/snippy/snps.tab
    jobid: 38
    wildcards: sample=T22.4.2, strain=oa
    threads: 16
    resources: tmpdir=/tmp/2955031

Submitted job 38 with external jobid 'Submitted batch job 2955153'.

[Thu Oct 21 17:05:40 2021]
rule snippy:
    input: /work/FAC/FBM/DMF/smitri/evomicrocomm/genome_size/data/oa/reference.gbk, /work/FAC/FBM/DMF/smitri/evomicrocomm/genome_size/data/T11.4.5/oa/mapped_reads.sorted.bam
    output: /work/FAC/FBM/DMF/smitri/evomicrocomm/genome_size/data/T11.4.5/oa/snippy/snps.tab
    jobid: 32
    wildcards: sample=T11.4.5, strain=oa
    threads: 16
    resources: tmpdir=/tmp/2955031

Submitted job 32 with external jobid 'Submitted batch job 2955154'.

[Thu Oct 21 17:05:40 2021]
rule snippy:
    input: /work/FAC/FBM/DMF/smitri/evomicrocomm/genome_size/data/oa/reference.gbk, /work/FAC/FBM/DMF/smitri/evomicrocomm/genome_size/data/T33.4.5/oa/mapped_reads.sorted.bam
    output: /work/FAC/FBM/DMF/smitri/evomicrocomm/genome_size/data/T33.4.5/oa/snippy/snps.tab
    jobid: 18
    wildcards: sample=T33.4.5, strain=oa
    threads: 16
    resources: tmpdir=/tmp/2955031

Submitted job 18 with external jobid 'Submitted batch job 2955155'.

[Thu Oct 21 17:05:40 2021]
rule snippy:
    input: /work/FAC/FBM/DMF/smitri/evomicrocomm/genome_size/data/oa/reference.gbk, /work/FAC/FBM/DMF/smitri/evomicrocomm/genome_size/data/T44.4.3/oa/mapped_reads.sorted.bam
    output: /work/FAC/FBM/DMF/smitri/evomicrocomm/genome_size/data/T44.4.3/oa/snippy/snps.tab
    jobid: 4
    wildcards: sample=T44.4.3, strain=oa
    threads: 16
    resources: tmpdir=/tmp/2955031

Submitted job 4 with external jobid 'Submitted batch job 2955156'.

[Thu Oct 21 17:05:40 2021]
rule snippy:
    input: /work/FAC/FBM/DMF/smitri/evomicrocomm/genome_size/data/oa/reference.gbk, /work/FAC/FBM/DMF/smitri/evomicrocomm/genome_size/data/T33.4.1/oa/mapped_reads.sorted.bam
    output: /work/FAC/FBM/DMF/smitri/evomicrocomm/genome_size/data/T33.4.1/oa/snippy/snps.tab
    jobid: 12
    wildcards: sample=T33.4.1, strain=oa
    threads: 16
    resources: tmpdir=/tmp/2955031

Submitted job 12 with external jobid 'Submitted batch job 2955157'.

[Thu Oct 21 17:05:40 2021]
rule snippy:
    input: /work/FAC/FBM/DMF/smitri/evomicrocomm/genome_size/data/oa/reference.gbk, /work/FAC/FBM/DMF/smitri/evomicrocomm/genome_size/data/T22.4.3/oa/mapped_reads.sorted.bam
    output: /work/FAC/FBM/DMF/smitri/evomicrocomm/genome_size/data/T22.4.3/oa/snippy/snps.tab
    jobid: 26
    wildcards: sample=T22.4.3, strain=oa
    threads: 16
    resources: tmpdir=/tmp/2955031

Submitted job 26 with external jobid 'Submitted batch job 2955158'.

[Thu Oct 21 17:05:40 2021]
rule snippy:
    input: /work/FAC/FBM/DMF/smitri/evomicrocomm/genome_size/data/oa/reference.gbk, /work/FAC/FBM/DMF/smitri/evomicrocomm/genome_size/data/T33.4.4/oa/mapped_reads.sorted.bam
    output: /work/FAC/FBM/DMF/smitri/evomicrocomm/genome_size/data/T33.4.4/oa/snippy/snps.tab
    jobid: 6
    wildcards: sample=T33.4.4, strain=oa
    threads: 16
    resources: tmpdir=/tmp/2955031

Submitted job 6 with external jobid 'Submitted batch job 2955159'.
[Thu Oct 21 17:29:39 2021]
Finished job 0.
1 of 20 steps (5%) done
[Thu Oct 21 17:29:52 2021]
Finished job 38.
2 of 20 steps (10%) done
[Thu Oct 21 17:33:53 2021]
Finished job 16.
3 of 20 steps (15%) done
[Thu Oct 21 17:36:28 2021]
Finished job 20.
4 of 20 steps (20%) done
[Thu Oct 21 17:37:45 2021]
Finished job 28.
5 of 20 steps (25%) done
[Thu Oct 21 17:38:18 2021]
Finished job 10.
6 of 20 steps (30%) done
[Thu Oct 21 17:39:13 2021]
Finished job 22.
7 of 20 steps (35%) done
[Thu Oct 21 17:40:19 2021]
Finished job 18.
8 of 20 steps (40%) done
[Thu Oct 21 17:41:47 2021]
Finished job 30.
9 of 20 steps (45%) done
[Thu Oct 21 17:42:53 2021]
Finished job 34.
10 of 20 steps (50%) done
[Thu Oct 21 17:46:00 2021]
Finished job 24.
11 of 20 steps (55%) done
[Thu Oct 21 17:47:11 2021]
Finished job 4.
12 of 20 steps (60%) done
[Thu Oct 21 17:50:11 2021]
Finished job 26.
13 of 20 steps (65%) done
[Thu Oct 21 18:30:34 2021]
Finished job 32.
14 of 20 steps (70%) done
[Thu Oct 21 18:40:44 2021]
Finished job 12.
15 of 20 steps (75%) done
[Thu Oct 21 19:15:56 2021]
Finished job 6.
16 of 20 steps (80%) done
[Thu Oct 21 19:30:37 2021]
Finished job 8.
17 of 20 steps (85%) done
[Thu Oct 21 19:51:18 2021]
Finished job 2.
18 of 20 steps (90%) done
[Thu Oct 21 20:19:29 2021]
Finished job 36.
19 of 20 steps (95%) done
slurmstepd: error: *** JOB 2955031 ON dna026 CANCELLED AT 2021-10-22T08:52:11 ***
