Building DAG of jobs...
Using shell: /usr/bin/bash
Provided cores: 16
Rules claiming more threads will be scaled down.
Select jobs to execute...

[Sun Oct 17 22:46:01 2021]
rule mapping:
    input: /work/FAC/FBM/DMF/smitri/evomicrocomm/genome_size/data/at/reference.fasta, /work/FAC/FBM/DMF/smitri/evomicrocomm/genome_size/data/T33.3.4/read1.fq.gz, /work/FAC/FBM/DMF/smitri/evomicrocomm/genome_size/data/T33.3.4/read2.fq.gz
    output: /work/FAC/FBM/DMF/smitri/evomicrocomm/genome_size/data/T33.3.4/at/mapped_reads.sorted.bam
    jobid: 0
    wildcards: sample=T33.3.4, strain=at
    threads: 16
    resources: mem_mb=21379, disk_mb=21379, tmpdir=/tmp/2846206

[M::mm_idx_gen::0.121*0.98] collected minimizers
[M::mm_idx_gen::0.140*2.58] sorted minimizers
[M::main::0.140*2.58] loaded/built the index for 5 target sequence(s)
[M::mm_mapopt_update::0.140*2.58] mid_occ = 1000
[M::mm_idx_stat] kmer size: 21; skip: 11; is_hpc: 0; #seq: 5
[M::mm_idx_stat::0.152*2.46] distinct minimizers: 875577 (98.87% are singletons); average occurrences: 1.019; average spacing: 5.996; total length: 5348547
[M::worker_pipeline::1.614*3.92] mapped 332826 sequences
[M::worker_pipeline::2.512*4.78] mapped 332790 sequences
[M::worker_pipeline::3.458*5.16] mapped 332668 sequences
[M::worker_pipeline::4.260*5.47] mapped 332568 sequences
[M::worker_pipeline::5.111*5.73] mapped 332574 sequences
[M::worker_pipeline::6.158*6.49] mapped 332484 sequences
[M::worker_pipeline::6.816*6.73] mapped 332468 sequences
[M::worker_pipeline::7.426*6.91] mapped 332442 sequences
[M::worker_pipeline::7.838*6.83] mapped 332350 sequences
[M::worker_pipeline::8.435*6.86] mapped 332388 sequences
[M::worker_pipeline::9.435*7.01] mapped 332292 sequences
[M::worker_pipeline::10.233*7.27] mapped 332344 sequences
[M::worker_pipeline::10.565*7.11] mapped 332334 sequences
[M::worker_pipeline::11.278*7.15] mapped 332322 sequences
[M::worker_pipeline::12.087*7.29] mapped 332272 sequences
[M::worker_pipeline::12.905*7.50] mapped 332384 sequences
[M::worker_pipeline::13.519*7.58] mapped 332308 sequences
[M::worker_pipeline::14.144*7.64] mapped 332358 sequences
[M::worker_pipeline::14.755*7.70] mapped 332322 sequences
[M::worker_pipeline::15.347*7.77] mapped 332292 sequences
[M::worker_pipeline::15.967*7.81] mapped 332312 sequences
[M::worker_pipeline::16.617*7.84] mapped 332296 sequences
[M::worker_pipeline::17.240*7.88] mapped 332310 sequences
[M::worker_pipeline::17.591*7.76] mapped 332254 sequences
[M::worker_pipeline::18.304*7.83] mapped 332288 sequences
[M::worker_pipeline::19.212*7.96] mapped 332220 sequences
[M::worker_pipeline::19.722*7.99] mapped 332238 sequences
[M::worker_pipeline::20.125*7.89] mapped 332268 sequences
[M::worker_pipeline::21.078*7.97] mapped 332296 sequences
[M::worker_pipeline::21.861*8.03] mapped 332326 sequences
[M::worker_pipeline::22.470*8.06] mapped 332270 sequences
[M::worker_pipeline::22.998*8.07] mapped 332236 sequences
[M::worker_pipeline::23.765*8.12] mapped 332216 sequences
[M::worker_pipeline::24.399*8.14] mapped 332146 sequences
[M::worker_pipeline::24.995*8.18] mapped 332156 sequences
[M::worker_pipeline::25.634*8.19] mapped 332168 sequences
[M::worker_pipeline::26.240*8.21] mapped 332102 sequences
[M::worker_pipeline::26.904*8.24] mapped 332128 sequences
[M::worker_pipeline::27.526*8.25] mapped 332120 sequences
[M::worker_pipeline::28.105*8.27] mapped 332064 sequences
[M::worker_pipeline::28.713*8.29] mapped 332132 sequences
[M::worker_pipeline::29.364*8.30] mapped 332080 sequences
[M::worker_pipeline::29.993*8.30] mapped 332066 sequences
[M::worker_pipeline::30.604*8.32] mapped 332110 sequences
[M::worker_pipeline::31.201*8.34] mapped 332044 sequences
[M::worker_pipeline::31.640*8.34] mapped 332064 sequences
[M::worker_pipeline::32.161*8.32] mapped 332070 sequences
[M::worker_pipeline::32.999*8.38] mapped 332068 sequences
[M::worker_pipeline::33.473*8.37] mapped 332048 sequences
[M::worker_pipeline::34.094*8.38] mapped 332032 sequences
[M::worker_pipeline::34.847*8.42] mapped 332020 sequences
[M::worker_pipeline::35.518*8.43] mapped 332070 sequences
[M::worker_pipeline::36.126*8.44] mapped 332026 sequences
[M::worker_pipeline::36.770*8.44] mapped 332076 sequences
[M::worker_pipeline::37.420*8.46] mapped 332044 sequences
[M::worker_pipeline::38.034*8.47] mapped 332064 sequences
[M::worker_pipeline::38.660*8.49] mapped 332112 sequences
[M::worker_pipeline::39.515*8.56] mapped 332052 sequences
[M::worker_pipeline::39.903*8.51] mapped 332074 sequences
[M::worker_pipeline::40.553*8.51] mapped 332110 sequences
[M::worker_pipeline::41.165*8.52] mapped 332066 sequences
[M::worker_pipeline::41.772*8.53] mapped 332124 sequences
[M::worker_pipeline::42.352*8.55] mapped 332154 sequences
[M::worker_pipeline::42.979*8.55] mapped 332164 sequences
[M::worker_pipeline::43.555*8.56] mapped 332530 sequences
[M::worker_pipeline::43.906*8.51] mapped 332758 sequences
[M::worker_pipeline::44.736*8.53] mapped 332572 sequences
[M::worker_pipeline::45.403*8.56] mapped 332522 sequences
[M::worker_pipeline::46.166*8.57] mapped 332516 sequences
[M::worker_pipeline::46.808*8.57] mapped 332436 sequences
[M::worker_pipeline::47.442*8.58] mapped 332384 sequences
[M::worker_pipeline::48.028*8.59] mapped 332390 sequences
[M::worker_pipeline::48.647*8.59] mapped 332340 sequences
[M::worker_pipeline::49.245*8.59] mapped 332312 sequences
[M::worker_pipeline::49.912*8.59] mapped 332264 sequences
[M::worker_pipeline::50.507*8.60] mapped 332328 sequences
[M::worker_pipeline::51.200*8.61] mapped 332278 sequences
[M::worker_pipeline::51.833*8.62] mapped 332318 sequences
[M::worker_pipeline::52.446*8.62] mapped 332338 sequences
[M::worker_pipeline::53.087*8.63] mapped 332364 sequences
[M::worker_pipeline::53.779*8.64] mapped 332320 sequences
[M::worker_pipeline::54.438*8.65] mapped 332338 sequences
[M::worker_pipeline::54.969*8.65] mapped 332308 sequences
[M::worker_pipeline::55.601*8.65] mapped 332272 sequences
[M::worker_pipeline::56.242*8.65] mapped 332194 sequences
[M::worker_pipeline::56.793*8.66] mapped 332198 sequences
[M::worker_pipeline::57.138*8.62] mapped 332168 sequences
[M::worker_pipeline::57.974*8.63] mapped 332190 sequences
[M::worker_pipeline::58.742*8.66] mapped 332232 sequences
[M::worker_pipeline::59.377*8.66] mapped 332262 sequences
[M::worker_pipeline::60.046*8.65] mapped 332208 sequences
[M::worker_pipeline::60.654*8.66] mapped 332198 sequences
[M::worker_pipeline::61.254*8.67] mapped 332136 sequences
[M::worker_pipeline::61.857*8.67] mapped 332146 sequences
[M::worker_pipeline::62.498*8.67] mapped 332138 sequences
[M::worker_pipeline::67.446*8.20] mapped 332160 sequences
[M::worker_pipeline::67.800*8.16] mapped 332130 sequences
[M::worker_pipeline::68.444*8.17] mapped 332110 sequences
[M::worker_pipeline::69.034*8.18] mapped 332100 sequences
[M::worker_pipeline::69.629*8.19] mapped 332126 sequences
[M::worker_pipeline::70.037*8.19] mapped 332100 sequences
[M::worker_pipeline::70.810*8.22] mapped 332122 sequences
[M::worker_pipeline::71.461*8.22] mapped 332106 sequences
[M::worker_pipeline::72.097*8.23] mapped 332158 sequences
[M::worker_pipeline::72.692*8.24] mapped 332148 sequences
[M::worker_pipeline::73.308*8.25] mapped 332068 sequences
[M::worker_pipeline::73.896*8.26] mapped 332110 sequences
[M::worker_pipeline::74.563*8.26] mapped 332132 sequences
[M::worker_pipeline::75.209*8.26] mapped 332108 sequences
[M::worker_pipeline::75.860*8.28] mapped 332076 sequences
[M::worker_pipeline::76.447*8.28] mapped 332082 sequences
[M::worker_pipeline::77.246*8.30] mapped 332078 sequences
[M::worker_pipeline::77.688*8.29] mapped 332068 sequences
[M::worker_pipeline::78.332*8.30] mapped 332058 sequences
[M::worker_pipeline::78.992*8.30] mapped 332054 sequences
[M::worker_pipeline::79.619*8.31] mapped 332082 sequences
[M::worker_pipeline::80.302*8.32] mapped 332026 sequences
[M::worker_pipeline::80.873*8.32] mapped 332068 sequences
[M::worker_pipeline::81.460*8.33] mapped 332062 sequences
[M::worker_pipeline::82.069*8.34] mapped 332062 sequences
[M::worker_pipeline::82.707*8.34] mapped 332078 sequences
[M::worker_pipeline::83.302*8.35] mapped 332100 sequences
[M::worker_pipeline::84.242*8.37] mapped 332160 sequences
[M::worker_pipeline::84.588*8.35] mapped 332162 sequences
[M::worker_pipeline::85.052*8.34] mapped 332214 sequences
[M::worker_pipeline::85.562*8.34] mapped 332250 sequences
[M::worker_pipeline::86.165*8.33] mapped 332224 sequences
[M::worker_pipeline::86.968*8.34] mapped 332288 sequences
[M::worker_pipeline::87.818*8.36] mapped 332302 sequences
[M::worker_pipeline::88.309*8.35] mapped 332806 sequences
[M::worker_pipeline::88.964*8.36] mapped 332704 sequences
[M::worker_pipeline::89.677*8.37] mapped 332650 sequences
[M::worker_pipeline::90.297*8.38] mapped 332570 sequences
[M::worker_pipeline::90.929*8.38] mapped 332556 sequences
[M::worker_pipeline::91.513*8.39] mapped 332502 sequences
[M::worker_pipeline::91.861*8.36] mapped 332444 sequences
[M::worker_pipeline::92.541*8.36] mapped 332470 sequences
[M::worker_pipeline::93.391*8.37] mapped 332400 sequences
[M::worker_pipeline::94.006*8.38] mapped 332364 sequences
[M::worker_pipeline::94.783*8.40] mapped 332350 sequences
[M::worker_pipeline::95.441*8.40] mapped 332386 sequences
[M::worker_pipeline::96.080*8.40] mapped 332344 sequences
[M::worker_pipeline::96.439*8.38] mapped 332334 sequences
[M::worker_pipeline::97.372*8.40] mapped 332404 sequences
[M::worker_pipeline::97.988*8.41] mapped 332434 sequences
[M::worker_pipeline::98.393*8.40] mapped 332520 sequences
[M::worker_pipeline::99.090*8.41] mapped 332594 sequences
[M::worker_pipeline::99.540*8.40] mapped 332914 sequences
[M::worker_pipeline::100.447*8.42] mapped 332482 sequences
[M::worker_pipeline::101.157*8.43] mapped 332440 sequences
[M::worker_pipeline::101.803*8.43] mapped 332422 sequences
[M::worker_pipeline::102.449*8.43] mapped 332408 sequences
[M::worker_pipeline::103.054*8.44] mapped 332394 sequences
[M::worker_pipeline::103.684*8.44] mapped 332350 sequences
[M::worker_pipeline::104.331*8.44] mapped 332298 sequences
[M::worker_pipeline::104.971*8.45] mapped 332258 sequences
[M::worker_pipeline::105.617*8.45] mapped 332170 sequences
[M::worker_pipeline::106.259*8.46] mapped 332272 sequences
[M::worker_pipeline::106.964*8.47] mapped 332772 sequences
[M::worker_pipeline::107.542*8.46] mapped 332200 sequences
[M::worker_pipeline::108.364*8.48] mapped 332118 sequences
[M::worker_pipeline::108.816*8.46] mapped 332162 sequences
[M::worker_pipeline::109.438*8.47] mapped 332128 sequences
[M::worker_pipeline::110.050*8.47] mapped 332190 sequences
[M::worker_pipeline::110.676*8.48] mapped 332198 sequences
[M::worker_pipeline::111.264*8.48] mapped 332168 sequences
[M::worker_pipeline::111.891*8.49] mapped 332152 sequences
[M::worker_pipeline::112.516*8.49] mapped 332154 sequences
[M::worker_pipeline::112.998*8.48] mapped 332162 sequences
[M::worker_pipeline::113.733*8.50] mapped 332126 sequences
[M::worker_pipeline::114.360*8.50] mapped 332098 sequences
[M::worker_pipeline::114.986*8.50] mapped 332054 sequences
[M::worker_pipeline::115.654*8.50] mapped 332032 sequences
[M::worker_pipeline::116.244*8.50] mapped 332068 sequences
[M::worker_pipeline::116.870*8.51] mapped 332068 sequences
[M::worker_pipeline::117.486*8.51] mapped 332020 sequences
[M::worker_pipeline::118.063*8.51] mapped 332010 sequences
[M::worker_pipeline::118.772*8.52] mapped 332068 sequences
[M::worker_pipeline::119.334*8.52] mapped 331990 sequences
[M::worker_pipeline::119.959*8.52] mapped 332052 sequences
[M::worker_pipeline::120.540*8.53] mapped 332022 sequences
[M::worker_pipeline::121.185*8.53] mapped 331996 sequences
[M::worker_pipeline::121.817*8.53] mapped 332036 sequences
[M::worker_pipeline::122.424*8.53] mapped 331986 sequences
[M::worker_pipeline::123.070*8.53] mapped 332014 sequences
[M::worker_pipeline::123.672*8.54] mapped 332024 sequences
[M::worker_pipeline::124.288*8.54] mapped 332054 sequences
[M::worker_pipeline::124.920*8.54] mapped 332126 sequences
[M::worker_pipeline::125.561*8.54] mapped 332140 sequences
[M::worker_pipeline::126.127*8.55] mapped 332090 sequences
[M::worker_pipeline::126.746*8.55] mapped 332176 sequences
[M::worker_pipeline::131.499*8.32] mapped 332178 sequences
[M::worker_pipeline::131.864*8.30] mapped 332140 sequences
[M::worker_pipeline::132.534*8.30] mapped 332490 sequences
[M::worker_pipeline::133.038*8.30] mapped 332862 sequences
[M::worker_pipeline::133.473*8.29] mapped 332914 sequences
[M::worker_pipeline::134.341*8.30] mapped 332640 sequences
[M::worker_pipeline::134.879*8.29] mapped 332688 sequences
[M::worker_pipeline::135.715*8.28] mapped 332578 sequences
[M::worker_pipeline::136.516*8.27] mapped 332512 sequences
[M::worker_pipeline::137.427*8.26] mapped 332452 sequences
[M::worker_pipeline::138.315*8.25] mapped 332454 sequences
[M::worker_pipeline::139.058*8.26] mapped 332370 sequences
[M::worker_pipeline::139.929*8.28] mapped 332362 sequences
[M::worker_pipeline::140.581*8.28] mapped 332422 sequences
[M::worker_pipeline::141.167*8.28] mapped 332400 sequences
[M::worker_pipeline::141.844*8.29] mapped 332450 sequences
[M::worker_pipeline::142.481*8.29] mapped 332492 sequences
[M::worker_pipeline::143.163*8.29] mapped 332584 sequences
[M::worker_pipeline::143.803*8.30] mapped 332590 sequences
[M::worker_pipeline::144.475*8.30] mapped 332698 sequences
[M::worker_pipeline::145.143*8.30] mapped 332582 sequences
[M::worker_pipeline::145.741*8.30] mapped 332482 sequences
[M::worker_pipeline::146.097*8.28] mapped 332432 sequences
[M::worker_pipeline::147.129*8.30] mapped 332480 sequences
[M::worker_pipeline::147.689*8.30] mapped 332448 sequences
[M::worker_pipeline::148.368*8.31] mapped 332430 sequences
[M::worker_pipeline::148.961*8.32] mapped 332512 sequences
[M::worker_pipeline::149.430*8.31] mapped 332468 sequences
[M::worker_pipeline::149.954*8.31] mapped 332418 sequences
[M::worker_pipeline::150.924*8.32] mapped 332428 sequences
[M::worker_pipeline::151.544*8.33] mapped 332372 sequences
[M::worker_pipeline::152.187*8.33] mapped 332298 sequences
[M::worker_pipeline::152.844*8.33] mapped 332276 sequences
[M::worker_pipeline::153.503*8.33] mapped 332336 sequences
[M::worker_pipeline::154.099*8.33] mapped 332378 sequences
[M::worker_pipeline::154.628*8.33] mapped 332418 sequences
[M::worker_pipeline::155.134*8.33] mapped 332384 sequences
[M::worker_pipeline::155.636*8.33] mapped 332324 sequences
[M::worker_pipeline::156.564*8.35] mapped 332342 sequences
[M::worker_pipeline::157.188*8.35] mapped 332298 sequences
[M::worker_pipeline::157.549*8.33] mapped 332266 sequences
[M::worker_pipeline::158.331*8.34] mapped 332274 sequences
[M::worker_pipeline::158.978*8.35] mapped 332220 sequences
[M::worker_pipeline::159.840*8.36] mapped 332208 sequences
[M::worker_pipeline::160.409*8.36] mapped 332300 sequences
[M::worker_pipeline::160.759*8.35] mapped 332216 sequences
[M::worker_pipeline::161.572*8.34] mapped 332204 sequences
[M::worker_pipeline::162.559*8.33] mapped 332252 sequences
[M::worker_pipeline::163.642*8.31] mapped 332186 sequences
[M::worker_pipeline::164.464*8.30] mapped 332138 sequences
[M::worker_pipeline::165.653*8.30] mapped 332100 sequences
[M::worker_pipeline::166.269*8.30] mapped 332196 sequences
[M::worker_pipeline::166.911*8.31] mapped 332132 sequences
[M::worker_pipeline::167.329*8.30] mapped 332110 sequences
[M::worker_pipeline::167.846*8.30] mapped 332088 sequences
[M::worker_pipeline::168.639*8.30] mapped 332090 sequences
[M::worker_pipeline::169.481*8.32] mapped 332112 sequences
[M::worker_pipeline::170.132*8.32] mapped 332132 sequences
[M::worker_pipeline::170.464*8.31] mapped 332142 sequences
[M::worker_pipeline::171.154*8.31] mapped 332242 sequences
[M::worker_pipeline::171.800*8.31] mapped 332204 sequences
[M::worker_pipeline::172.498*8.31] mapped 332270 sequences
[M::worker_pipeline::173.324*8.32] mapped 332276 sequences
[M::worker_pipeline::173.862*8.32] mapped 332256 sequences
[M::worker_pipeline::174.515*8.33] mapped 332332 sequences
[M::worker_pipeline::175.113*8.33] mapped 332292 sequences
[M::worker_pipeline::175.848*8.33] mapped 332376 sequences
[M::worker_pipeline::176.458*8.34] mapped 332916 sequences
[M::worker_pipeline::177.053*8.34] mapped 332976 sequences
[M::worker_pipeline::177.720*8.34] mapped 332660 sequences
[M::worker_pipeline::178.370*8.34] mapped 332598 sequences
[M::worker_pipeline::178.976*8.35] mapped 332524 sequences
[M::worker_pipeline::179.593*8.35] mapped 332572 sequences
[M::worker_pipeline::180.207*8.35] mapped 332494 sequences
[M::worker_pipeline::180.838*8.35] mapped 332440 sequences
[M::worker_pipeline::181.415*8.36] mapped 332338 sequences
[M::worker_pipeline::182.056*8.36] mapped 332346 sequences
[M::worker_pipeline::182.688*8.36] mapped 332364 sequences
[M::worker_pipeline::183.330*8.36] mapped 332336 sequences
[M::worker_pipeline::183.992*8.36] mapped 332358 sequences
[M::worker_pipeline::184.576*8.36] mapped 332372 sequences
[M::worker_pipeline::185.170*8.37] mapped 332340 sequences
[M::worker_pipeline::185.783*8.37] mapped 332332 sequences
[M::worker_pipeline::186.345*8.37] mapped 332336 sequences
[M::worker_pipeline::187.001*8.37] mapped 332324 sequences
[M::worker_pipeline::187.667*8.38] mapped 332288 sequences
[M::worker_pipeline::188.325*8.38] mapped 332290 sequences
[M::worker_pipeline::188.956*8.38] mapped 332370 sequences
[M::worker_pipeline::189.605*8.38] mapped 332298 sequences
[M::worker_pipeline::190.311*8.38] mapped 332248 sequences
[M::worker_pipeline::191.009*8.39] mapped 332238 sequences
[M::worker_pipeline::191.536*8.38] mapped 332232 sequences
[M::worker_pipeline::192.178*8.39] mapped 332228 sequences
[M::worker_pipeline::193.130*8.40] mapped 332228 sequences
[M::worker_pipeline::193.479*8.38] mapped 332276 sequences
[M::worker_pipeline::194.110*8.39] mapped 332294 sequences
[M::worker_pipeline::199.255*8.22] mapped 332230 sequences
[M::worker_pipeline::199.597*8.21] mapped 332158 sequences
[M::worker_pipeline::200.247*8.22] mapped 332230 sequences
[M::worker_pipeline::200.654*8.21] mapped 332168 sequences
[M::worker_pipeline::201.166*8.21] mapped 332194 sequences
[M::worker_pipeline::202.120*8.22] mapped 332184 sequences
[M::worker_pipeline::202.752*8.22] mapped 332166 sequences
[M::worker_pipeline::203.135*8.21] mapped 332194 sequences
[M::worker_pipeline::203.963*8.22] mapped 332180 sequences
[M::worker_pipeline::204.674*8.23] mapped 332194 sequences
[M::worker_pipeline::205.333*8.23] mapped 332174 sequences
[M::worker_pipeline::205.958*8.23] mapped 332178 sequences
[M::worker_pipeline::206.562*8.23] mapped 332224 sequences
[M::worker_pipeline::207.216*8.23] mapped 332206 sequences
[M::worker_pipeline::207.870*8.23] mapped 332226 sequences
[M::worker_pipeline::208.504*8.24] mapped 332216 sequences
[M::worker_pipeline::209.116*8.24] mapped 332284 sequences
[M::worker_pipeline::209.776*8.24] mapped 332308 sequences
[M::worker_pipeline::210.362*8.24] mapped 332272 sequences
[M::worker_pipeline::210.996*8.24] mapped 332262 sequences
[M::worker_pipeline::211.611*8.25] mapped 332330 sequences
[M::worker_pipeline::211.955*8.24] mapped 332364 sequences
[M::worker_pipeline::212.937*8.25] mapped 332332 sequences
[M::worker_pipeline::213.561*8.25] mapped 332404 sequences
[M::worker_pipeline::214.215*8.25] mapped 332440 sequences
[M::worker_pipeline::214.857*8.25] mapped 332404 sequences
[M::worker_pipeline::215.480*8.25] mapped 332418 sequences
[M::worker_pipeline::216.061*8.26] mapped 332304 sequences
[M::worker_pipeline::216.378*8.25] mapped 332226 sequences
[M::worker_pipeline::217.412*8.26] mapped 332184 sequences
[M::worker_pipeline::218.022*8.26] mapped 332126 sequences
[M::worker_pipeline::218.670*8.26] mapped 332142 sequences
[M::worker_pipeline::219.264*8.26] mapped 332146 sequences
[M::worker_pipeline::219.916*8.26] mapped 332238 sequences
[M::worker_pipeline::220.537*8.27] mapped 332938 sequences
[M::worker_pipeline::221.180*8.27] mapped 332604 sequences
[M::worker_pipeline::221.837*8.27] mapped 332516 sequences
[M::worker_pipeline::222.436*8.27] mapped 332550 sequences
[M::worker_pipeline::223.081*8.27] mapped 332488 sequences
[M::worker_pipeline::224.023*8.28] mapped 332384 sequences
[M::worker_pipeline::224.343*8.27] mapped 332382 sequences
[M::worker_pipeline::225.002*8.28] mapped 332294 sequences
[M::worker_pipeline::225.622*8.28] mapped 332318 sequences
[M::worker_pipeline::226.217*8.28] mapped 332274 sequences
[M::worker_pipeline::226.577*8.27] mapped 332230 sequences
[M::worker_pipeline::227.219*8.27] mapped 332272 sequences
[M::worker_pipeline::227.894*8.27] mapped 332264 sequences
[M::worker_pipeline::228.530*8.27] mapped 332272 sequences
[M::worker_pipeline::229.207*8.27] mapped 332284 sequences
[M::worker_pipeline::229.938*8.27] mapped 332348 sequences
[M::worker_pipeline::230.757*8.27] mapped 332294 sequences
[M::worker_pipeline::231.644*8.28] mapped 332308 sequences
[M::worker_pipeline::232.243*8.28] mapped 332260 sequences
[M::worker_pipeline::232.887*8.28] mapped 332256 sequences
[M::worker_pipeline::233.500*8.28] mapped 332272 sequences
[M::worker_pipeline::234.125*8.29] mapped 332190 sequences
[M::worker_pipeline::234.761*8.29] mapped 332210 sequences
[M::worker_pipeline::235.456*8.29] mapped 332198 sequences
[M::worker_pipeline::235.974*8.29] mapped 332142 sequences
[M::worker_pipeline::236.616*8.29] mapped 332116 sequences
[M::worker_pipeline::237.365*8.29] mapped 332158 sequences
[M::worker_pipeline::238.027*8.29] mapped 332118 sequences
[M::worker_pipeline::238.688*8.30] mapped 332144 sequences
[M::worker_pipeline::239.288*8.30] mapped 332168 sequences
[M::worker_pipeline::239.919*8.30] mapped 332142 sequences
[M::worker_pipeline::240.562*8.30] mapped 332118 sequences
[M::worker_pipeline::241.204*8.30] mapped 332102 sequences
[M::worker_pipeline::241.868*8.30] mapped 332110 sequences
[M::worker_pipeline::242.494*8.30] mapped 332114 sequences
[M::worker_pipeline::243.100*8.30] mapped 332138 sequences
[M::worker_pipeline::243.761*8.30] mapped 332172 sequences
[M::worker_pipeline::244.387*8.30] mapped 332242 sequences
[M::worker_pipeline::245.069*8.31] mapped 332218 sequences
[M::worker_pipeline::245.730*8.31] mapped 332218 sequences
[M::worker_pipeline::246.625*8.32] mapped 332084 sequences
[M::worker_pipeline::246.981*8.31] mapped 332092 sequences
[M::worker_pipeline::247.605*8.31] mapped 332162 sequences
[M::worker_pipeline::248.216*8.31] mapped 332160 sequences
[M::worker_pipeline::248.792*8.32] mapped 332138 sequences
[M::worker_pipeline::249.441*8.32] mapped 332076 sequences
[M::worker_pipeline::250.058*8.32] mapped 332122 sequences
[M::worker_pipeline::250.671*8.32] mapped 332130 sequences
[M::worker_pipeline::251.318*8.32] mapped 332172 sequences
[M::worker_pipeline::251.942*8.32] mapped 332202 sequences
[M::worker_pipeline::252.563*8.33] mapped 332256 sequences
[M::worker_pipeline::253.226*8.33] mapped 332298 sequences
[M::worker_pipeline::253.950*8.33] mapped 332254 sequences
[M::worker_pipeline::254.531*8.33] mapped 332312 sequences
[M::worker_pipeline::255.183*8.34] mapped 332232 sequences
[M::worker_pipeline::256.071*8.34] mapped 332226 sequences
[M::worker_pipeline::256.425*8.33] mapped 332328 sequences
[M::worker_pipeline::257.037*8.34] mapped 332150 sequences
[M::worker_pipeline::257.672*8.34] mapped 332100 sequences
[M::worker_pipeline::258.251*8.34] mapped 332096 sequences
[M::worker_pipeline::258.717*8.34] mapped 332136 sequences
[M::worker_pipeline::263.664*8.23] mapped 332134 sequences
[M::worker_pipeline::264.017*8.22] mapped 332542 sequences
[M::worker_pipeline::264.664*8.22] mapped 332648 sequences
[M::worker_pipeline::265.264*8.23] mapped 332656 sequences
[M::worker_pipeline::265.867*8.23] mapped 332462 sequences
[M::worker_pipeline::266.515*8.23] mapped 332406 sequences
[M::worker_pipeline::267.185*8.23] mapped 332424 sequences
[M::worker_pipeline::267.783*8.23] mapped 332262 sequences
[M::worker_pipeline::268.118*8.22] mapped 332238 sequences
[M::worker_pipeline::268.946*8.23] mapped 332236 sequences
[M::worker_pipeline::269.755*8.23] mapped 332250 sequences
[M::worker_pipeline::270.379*8.23] mapped 332244 sequences
[M::worker_pipeline::271.016*8.23] mapped 332188 sequences
[M::worker_pipeline::271.646*8.24] mapped 332186 sequences
[M::worker_pipeline::272.283*8.24] mapped 332190 sequences
[M::worker_pipeline::272.903*8.24] mapped 332184 sequences
[M::worker_pipeline::273.523*8.24] mapped 332250 sequences
[M::worker_pipeline::274.206*8.24] mapped 332240 sequences
[M::worker_pipeline::274.765*8.24] mapped 332194 sequences
[M::worker_pipeline::275.354*8.25] mapped 332584 sequences
[M::worker_pipeline::275.977*8.25] mapped 332172 sequences
[M::worker_pipeline::276.933*8.26] mapped 332184 sequences
[M::worker_pipeline::277.269*8.25] mapped 332140 sequences
[M::worker_pipeline::277.728*8.25] mapped 332152 sequences
[M::worker_pipeline::278.502*8.25] mapped 332150 sequences
[M::worker_pipeline::279.082*8.26] mapped 332138 sequences
[M::worker_pipeline::279.437*8.25] mapped 332100 sequences
[M::worker_pipeline::280.245*8.25] mapped 332142 sequences
[M::worker_pipeline::280.835*8.25] mapped 332104 sequences
[M::worker_pipeline::281.685*8.25] mapped 332124 sequences
[M::worker_pipeline::282.549*8.24] mapped 332100 sequences
[M::worker_pipeline::283.357*8.24] mapped 332106 sequences
[M::worker_pipeline::284.044*8.24] mapped 332120 sequences
[M::worker_pipeline::284.705*8.24] mapped 332072 sequences
[M::worker_pipeline::285.254*8.24] mapped 332064 sequences
[M::worker_pipeline::286.173*8.25] mapped 332108 sequences
[M::worker_pipeline::286.816*8.25] mapped 332150 sequences
[M::worker_pipeline::287.355*8.25] mapped 332348 sequences
[M::worker_pipeline::287.764*8.24] mapped 332430 sequences
[M::worker_pipeline::288.614*8.25] mapped 332392 sequences
[M::worker_pipeline::289.191*8.25] mapped 332364 sequences
[M::worker_pipeline::289.959*8.26] mapped 332272 sequences
[M::worker_pipeline::290.585*8.26] mapped 332096 sequences
[M::worker_pipeline::291.235*8.26] mapped 332110 sequences
[M::worker_pipeline::291.841*8.27] mapped 332130 sequences
[M::worker_pipeline::292.470*8.27] mapped 332106 sequences
[M::worker_pipeline::293.108*8.27] mapped 332146 sequences
[M::worker_pipeline::293.757*8.27] mapped 332166 sequences
[M::worker_pipeline::294.467*8.27] mapped 332166 sequences
[M::worker_pipeline::294.971*8.27] mapped 332228 sequences
[M::worker_pipeline::295.626*8.27] mapped 332218 sequences
[M::worker_pipeline::296.217*8.28] mapped 332192 sequences
[M::worker_pipeline::296.804*8.28] mapped 332244 sequences
[M::worker_pipeline::297.373*8.28] mapped 332238 sequences
[M::worker_pipeline::298.030*8.28] mapped 332318 sequences
[M::worker_pipeline::298.645*8.28] mapped 332316 sequences
[M::worker_pipeline::299.228*8.28] mapped 332244 sequences
[M::worker_pipeline::299.740*8.28] mapped 332246 sequences
[M::worker_pipeline::300.338*8.29] mapped 332286 sequences
[M::worker_pipeline::300.960*8.29] mapped 332172 sequences
[M::worker_pipeline::301.463*8.29] mapped 332134 sequences
[M::worker_pipeline::302.277*8.29] mapped 332078 sequences
[M::worker_pipeline::302.944*8.30] mapped 332166 sequences
[M::worker_pipeline::303.556*8.30] mapped 332136 sequences
[M::worker_pipeline::304.181*8.30] mapped 332602 sequences
[M::worker_pipeline::304.778*8.30] mapped 332796 sequences
[M::worker_pipeline::305.292*8.30] mapped 332700 sequences
[M::worker_pipeline::306.039*8.30] mapped 332582 sequences
[M::worker_pipeline::306.650*8.30] mapped 332604 sequences
[M::worker_pipeline::307.248*8.31] mapped 332500 sequences
[M::worker_pipeline::307.708*8.30] mapped 332556 sequences
[M::worker_pipeline::308.390*8.31] mapped 332454 sequences
[M::worker_pipeline::309.128*8.31] mapped 332418 sequences
[M::worker_pipeline::309.529*8.31] mapped 332434 sequences
[M::worker_pipeline::310.242*8.31] mapped 332320 sequences
[M::worker_pipeline::310.738*8.31] mapped 332328 sequences
[M::worker_pipeline::311.660*8.31] mapped 332388 sequences
[M::worker_pipeline::312.351*8.32] mapped 332346 sequences
[M::worker_pipeline::312.730*8.31] mapped 332370 sequences
[M::worker_pipeline::313.474*8.31] mapped 332412 sequences
[M::worker_pipeline::313.965*8.31] mapped 332438 sequences
[M::worker_pipeline::314.967*8.31] mapped 332572 sequences
[M::worker_pipeline::315.499*8.31] mapped 332358 sequences
[M::worker_pipeline::316.050*8.31] mapped 332400 sequences
[M::worker_pipeline::316.637*8.31] mapped 332366 sequences
[M::worker_pipeline::317.635*8.32] mapped 332294 sequences
[M::worker_pipeline::318.222*8.32] mapped 332350 sequences
[M::worker_pipeline::318.575*8.31] mapped 332282 sequences
[M::worker_pipeline::319.500*8.32] mapped 332290 sequences
[M::worker_pipeline::320.153*8.32] mapped 332238 sequences
[M::worker_pipeline::320.853*8.32] mapped 332242 sequences
[M::worker_pipeline::321.462*8.32] mapped 332232 sequences
[M::worker_pipeline::321.780*8.32] mapped 332200 sequences
[M::worker_pipeline::322.804*8.32] mapped 332250 sequences
[M::worker_pipeline::323.208*8.32] mapped 332226 sequences
[M::worker_pipeline::323.744*8.32] mapped 332218 sequences
[M::worker_pipeline::329.048*8.23] mapped 332202 sequences
[M::worker_pipeline::329.400*8.23] mapped 332152 sequences
[M::worker_pipeline::330.060*8.23] mapped 332366 sequences
[M::worker_pipeline::330.723*8.23] mapped 332558 sequences
[M::worker_pipeline::331.365*8.23] mapped 332622 sequences
[M::worker_pipeline::332.006*8.23] mapped 332556 sequences
[M::worker_pipeline::332.631*8.23] mapped 332534 sequences
[M::worker_pipeline::333.227*8.23] mapped 332492 sequences
[M::worker_pipeline::333.863*8.24] mapped 332198 sequences
[M::worker_pipeline::334.432*8.24] mapped 332100 sequences
[M::worker_pipeline::335.011*8.24] mapped 332182 sequences
[M::worker_pipeline::335.678*8.24] mapped 332172 sequences
[M::worker_pipeline::336.294*8.24] mapped 332130 sequences
[M::worker_pipeline::336.823*8.24] mapped 332132 sequences
[M::worker_pipeline::337.447*8.25] mapped 332160 sequences
[M::worker_pipeline::337.777*8.24] mapped 332258 sequences
[M::worker_pipeline::338.454*8.24] mapped 332242 sequences
[M::worker_pipeline::339.319*8.25] mapped 332214 sequences
[M::worker_pipeline::339.957*8.25] mapped 332208 sequences
[M::worker_pipeline::340.561*8.25] mapped 332224 sequences
[M::worker_pipeline::341.192*8.25] mapped 332196 sequences
[M::worker_pipeline::341.864*8.25] mapped 332206 sequences
[M::worker_pipeline::342.562*8.26] mapped 332208 sequences
[M::worker_pipeline::343.222*8.26] mapped 332198 sequences
[M::worker_pipeline::343.772*8.26] mapped 332146 sequences
[M::worker_pipeline::344.364*8.26] mapped 332160 sequences
[M::worker_pipeline::345.029*8.26] mapped 332088 sequences
[M::worker_pipeline::345.679*8.26] mapped 332056 sequences
[M::worker_pipeline::346.302*8.26] mapped 332050 sequences
[M::worker_pipeline::346.889*8.27] mapped 332102 sequences
[M::worker_pipeline::347.261*8.26] mapped 332164 sequences
[M::worker_pipeline::347.311*8.26] mapped 35690 sequences
[M::main] Version: 2.22-r1101
[M::main] CMD: minimap2 --secondary=no -t 16 -R @RG\tID:snippy\tSM:snippy -ax sr /work/FAC/FBM/DMF/smitri/evomicrocomm/genome_size/data/at/reference.fasta /work/FAC/FBM/DMF/smitri/evomicrocomm/genome_size/data/T33.3.4/read1.fq.gz /work/FAC/FBM/DMF/smitri/evomicrocomm/genome_size/data/T33.3.4/read2.fq.gz
[M::main] Real time: 347.337 sec; CPU: 2867.972 sec; Peak RSS: 0.772 GB
[bam_sort_core] merging from 80 files and 16 in-memory blocks...
[Sun Oct 17 22:56:31 2021]
Finished job 0.
1 of 1 steps (100%) done
