Building DAG of jobs...
Using shell: /usr/bin/bash
Provided cores: 16
Rules claiming more threads will be scaled down.
Select jobs to execute...

[Fri Oct 15 16:08:12 2021]
rule mapping:
    input: /work/FAC/FBM/DMF/smitri/evomicrocomm/genome_size/data/ct/reference.fasta, /work/FAC/FBM/DMF/smitri/evomicrocomm/genome_size/data/T44.4.4/read1.fq.gz, /work/FAC/FBM/DMF/smitri/evomicrocomm/genome_size/data/T44.4.4/read2.fq.gz
    output: /work/FAC/FBM/DMF/smitri/evomicrocomm/genome_size/data/T44.4.4/ct/mapped_reads.sorted.bam
    jobid: 0
    wildcards: sample=T44.4.4, strain=ct
    threads: 16
    resources: mem_mb=23206, disk_mb=23206, tmpdir=/tmp/2811860

[M::mm_idx_gen::0.173*0.78] collected minimizers
[M::mm_idx_gen::0.189*1.87] sorted minimizers
[M::main::0.189*1.87] loaded/built the index for 2 target sequence(s)
[M::mm_mapopt_update::0.189*1.87] mid_occ = 1000
[M::mm_idx_stat] kmer size: 21; skip: 11; is_hpc: 0; #seq: 2
[M::mm_idx_stat::0.202*1.82] distinct minimizers: 993850 (99.11% are singletons); average occurrences: 1.021; average spacing: 5.998; total length: 6084391
[M::worker_pipeline::1.256*2.44] mapped 332688 sequences
[M::worker_pipeline::2.142*2.64] mapped 332724 sequences
[M::worker_pipeline::2.842*2.85] mapped 332664 sequences
[M::worker_pipeline::3.638*2.92] mapped 332522 sequences
[M::worker_pipeline::4.385*2.99] mapped 332470 sequences
[M::worker_pipeline::5.080*3.06] mapped 332440 sequences
[M::worker_pipeline::5.726*3.18] mapped 332356 sequences
[M::worker_pipeline::6.323*3.26] mapped 332346 sequences
[M::worker_pipeline::6.892*3.34] mapped 332362 sequences
[M::worker_pipeline::7.507*3.40] mapped 332286 sequences
[M::worker_pipeline::8.114*3.45] mapped 332290 sequences
[M::worker_pipeline::8.705*3.49] mapped 332268 sequences
[M::worker_pipeline::9.313*3.52] mapped 332230 sequences
[M::worker_pipeline::9.918*3.56] mapped 332220 sequences
[M::worker_pipeline::10.513*3.58] mapped 332182 sequences
[M::worker_pipeline::11.182*3.59] mapped 332148 sequences
[M::worker_pipeline::11.770*3.61] mapped 332188 sequences
[M::worker_pipeline::12.334*3.64] mapped 332240 sequences
[M::worker_pipeline::13.006*3.64] mapped 332194 sequences
[M::worker_pipeline::13.607*3.66] mapped 332176 sequences
[M::worker_pipeline::14.188*3.67] mapped 332166 sequences
[M::worker_pipeline::14.851*3.67] mapped 332208 sequences
[M::worker_pipeline::15.463*3.69] mapped 332220 sequences
[M::worker_pipeline::16.051*3.70] mapped 332178 sequences
[M::worker_pipeline::16.624*3.71] mapped 332176 sequences
[M::worker_pipeline::17.228*3.72] mapped 332146 sequences
[M::worker_pipeline::17.812*3.74] mapped 332166 sequences
[M::worker_pipeline::18.414*3.75] mapped 332112 sequences
[M::worker_pipeline::19.016*3.76] mapped 332090 sequences
[M::worker_pipeline::19.570*3.77] mapped 332104 sequences
[M::worker_pipeline::20.231*3.77] mapped 332136 sequences
[M::worker_pipeline::20.811*3.78] mapped 332154 sequences
[M::worker_pipeline::21.368*3.80] mapped 332158 sequences
[M::worker_pipeline::21.991*3.80] mapped 332152 sequences
[M::worker_pipeline::22.570*3.81] mapped 332126 sequences
[M::worker_pipeline::23.129*3.82] mapped 332072 sequences
[M::worker_pipeline::23.751*3.82] mapped 332044 sequences
[M::worker_pipeline::24.356*3.83] mapped 332044 sequences
[M::worker_pipeline::24.997*3.83] mapped 332032 sequences
[M::worker_pipeline::25.590*3.84] mapped 332016 sequences
[M::worker_pipeline::26.138*3.85] mapped 332004 sequences
[M::worker_pipeline::26.694*3.86] mapped 332008 sequences
[M::worker_pipeline::27.312*3.86] mapped 332028 sequences
[M::worker_pipeline::27.869*3.87] mapped 331996 sequences
[M::worker_pipeline::28.444*3.88] mapped 331990 sequences
[M::worker_pipeline::29.069*3.88] mapped 331976 sequences
[M::worker_pipeline::29.671*3.88] mapped 331948 sequences
[M::worker_pipeline::30.275*3.88] mapped 331956 sequences
[M::worker_pipeline::30.935*3.88] mapped 331972 sequences
[M::worker_pipeline::31.551*3.88] mapped 331930 sequences
[M::worker_pipeline::32.149*3.88] mapped 331958 sequences
[M::worker_pipeline::32.754*3.89] mapped 331952 sequences
[M::worker_pipeline::33.353*3.89] mapped 331916 sequences
[M::worker_pipeline::33.960*3.90] mapped 331908 sequences
[M::worker_pipeline::34.529*3.90] mapped 331928 sequences
[M::worker_pipeline::35.126*3.91] mapped 331906 sequences
[M::worker_pipeline::35.651*3.91] mapped 331930 sequences
[M::worker_pipeline::36.292*3.91] mapped 331964 sequences
[M::worker_pipeline::36.899*3.91] mapped 331932 sequences
[M::worker_pipeline::37.493*3.91] mapped 331938 sequences
[M::worker_pipeline::38.127*3.92] mapped 331958 sequences
[M::worker_pipeline::38.671*3.92] mapped 331962 sequences
[M::worker_pipeline::39.316*3.92] mapped 331952 sequences
[M::worker_pipeline::39.921*3.92] mapped 331970 sequences
[M::worker_pipeline::40.462*3.93] mapped 331922 sequences
[M::worker_pipeline::41.060*3.93] mapped 332004 sequences
[M::worker_pipeline::41.647*3.93] mapped 331962 sequences
[M::worker_pipeline::42.202*3.94] mapped 331946 sequences
[M::worker_pipeline::42.753*3.94] mapped 331968 sequences
[M::worker_pipeline::43.368*3.94] mapped 331958 sequences
[M::worker_pipeline::43.959*3.94] mapped 332022 sequences
[M::worker_pipeline::44.580*3.94] mapped 332568 sequences
[M::worker_pipeline::45.166*3.95] mapped 332568 sequences
[M::worker_pipeline::45.762*3.95] mapped 332522 sequences
[M::worker_pipeline::46.349*3.95] mapped 332454 sequences
[M::worker_pipeline::46.929*3.96] mapped 332434 sequences
[M::worker_pipeline::47.527*3.96] mapped 332308 sequences
[M::worker_pipeline::48.126*3.96] mapped 332302 sequences
[M::worker_pipeline::48.742*3.96] mapped 332254 sequences
[M::worker_pipeline::49.302*3.97] mapped 332256 sequences
[M::worker_pipeline::49.896*3.97] mapped 332218 sequences
[M::worker_pipeline::50.463*3.97] mapped 332198 sequences
[M::worker_pipeline::51.064*3.97] mapped 332194 sequences
[M::worker_pipeline::51.706*3.97] mapped 332166 sequences
[M::worker_pipeline::52.248*3.97] mapped 332146 sequences
[M::worker_pipeline::52.831*3.98] mapped 332194 sequences
[M::worker_pipeline::53.505*3.97] mapped 332220 sequences
[M::worker_pipeline::54.022*3.98] mapped 332204 sequences
[M::worker_pipeline::54.652*3.98] mapped 332172 sequences
[M::worker_pipeline::55.204*3.98] mapped 332218 sequences
[M::worker_pipeline::55.816*3.98] mapped 332170 sequences
[M::worker_pipeline::56.426*3.98] mapped 332174 sequences
[M::worker_pipeline::57.034*3.98] mapped 332130 sequences
[M::worker_pipeline::57.626*3.98] mapped 332122 sequences
[M::worker_pipeline::58.258*3.98] mapped 332092 sequences
[M::worker_pipeline::58.858*3.98] mapped 332100 sequences
[M::worker_pipeline::59.499*3.98] mapped 332106 sequences
[M::worker_pipeline::60.056*3.98] mapped 332088 sequences
[M::worker_pipeline::60.674*3.98] mapped 332114 sequences
[M::worker_pipeline::61.244*3.99] mapped 332068 sequences
[M::worker_pipeline::61.854*3.99] mapped 332078 sequences
[M::worker_pipeline::62.455*3.99] mapped 332056 sequences
[M::worker_pipeline::63.089*3.98] mapped 332052 sequences
[M::worker_pipeline::63.712*3.98] mapped 332026 sequences
[M::worker_pipeline::64.316*3.98] mapped 332048 sequences
[M::worker_pipeline::70.771*3.71] mapped 332072 sequences
[M::worker_pipeline::70.957*3.71] mapped 332044 sequences
[M::worker_pipeline::71.125*3.71] mapped 332000 sequences
[M::worker_pipeline::71.634*3.71] mapped 331994 sequences
[M::worker_pipeline::72.226*3.71] mapped 332026 sequences
[M::worker_pipeline::72.819*3.72] mapped 332004 sequences
[M::worker_pipeline::73.389*3.72] mapped 332022 sequences
[M::worker_pipeline::73.984*3.72] mapped 332018 sequences
[M::worker_pipeline::74.585*3.72] mapped 332002 sequences
[M::worker_pipeline::75.348*3.72] mapped 331978 sequences
[M::worker_pipeline::75.963*3.72] mapped 331990 sequences
[M::worker_pipeline::76.578*3.72] mapped 331976 sequences
[M::worker_pipeline::77.225*3.72] mapped 331982 sequences
[M::worker_pipeline::77.814*3.73] mapped 332042 sequences
[M::worker_pipeline::78.406*3.73] mapped 332020 sequences
[M::worker_pipeline::78.995*3.73] mapped 331974 sequences
[M::worker_pipeline::79.595*3.73] mapped 331984 sequences
[M::worker_pipeline::80.205*3.74] mapped 331966 sequences
[M::worker_pipeline::80.780*3.74] mapped 331974 sequences
[M::worker_pipeline::81.382*3.74] mapped 331948 sequences
[M::worker_pipeline::81.969*3.74] mapped 331950 sequences
[M::worker_pipeline::82.592*3.75] mapped 331930 sequences
[M::worker_pipeline::83.189*3.75] mapped 331970 sequences
[M::worker_pipeline::83.776*3.75] mapped 331956 sequences
[M::worker_pipeline::84.400*3.75] mapped 331972 sequences
[M::worker_pipeline::85.042*3.75] mapped 331948 sequences
[M::worker_pipeline::85.596*3.76] mapped 331944 sequences
[M::worker_pipeline::86.223*3.76] mapped 331918 sequences
[M::worker_pipeline::86.785*3.76] mapped 331996 sequences
[M::worker_pipeline::87.317*3.77] mapped 331952 sequences
[M::worker_pipeline::87.929*3.77] mapped 332038 sequences
[M::worker_pipeline::88.515*3.77] mapped 332018 sequences
[M::worker_pipeline::89.122*3.77] mapped 332064 sequences
[M::worker_pipeline::89.716*3.78] mapped 332094 sequences
[M::worker_pipeline::90.303*3.78] mapped 332034 sequences
[M::worker_pipeline::90.902*3.78] mapped 332086 sequences
[M::worker_pipeline::91.521*3.78] mapped 332098 sequences
[M::worker_pipeline::92.115*3.78] mapped 332312 sequences
[M::worker_pipeline::92.696*3.79] mapped 332734 sequences
[M::worker_pipeline::93.284*3.79] mapped 332544 sequences
[M::worker_pipeline::93.933*3.79] mapped 332508 sequences
[M::worker_pipeline::94.530*3.79] mapped 332406 sequences
[M::worker_pipeline::95.121*3.79] mapped 332376 sequences
[M::worker_pipeline::95.766*3.79] mapped 332402 sequences
[M::worker_pipeline::96.453*3.79] mapped 332330 sequences
[M::worker_pipeline::96.968*3.80] mapped 332368 sequences
[M::worker_pipeline::97.503*3.80] mapped 332312 sequences
[M::worker_pipeline::98.128*3.80] mapped 332244 sequences
[M::worker_pipeline::98.754*3.80] mapped 332154 sequences
[M::worker_pipeline::99.352*3.80] mapped 332226 sequences
[M::worker_pipeline::99.935*3.81] mapped 332206 sequences
[M::worker_pipeline::100.511*3.81] mapped 332186 sequences
[M::worker_pipeline::101.128*3.81] mapped 332170 sequences
[M::worker_pipeline::101.736*3.81] mapped 332236 sequences
[M::worker_pipeline::102.319*3.81] mapped 332224 sequences
[M::worker_pipeline::102.948*3.81] mapped 332286 sequences
[M::worker_pipeline::103.527*3.82] mapped 332400 sequences
[M::worker_pipeline::104.112*3.82] mapped 332430 sequences
[M::worker_pipeline::104.705*3.82] mapped 332732 sequences
[M::worker_pipeline::105.344*3.82] mapped 332248 sequences
[M::worker_pipeline::105.967*3.82] mapped 332262 sequences
[M::worker_pipeline::106.558*3.82] mapped 332232 sequences
[M::worker_pipeline::107.179*3.82] mapped 332222 sequences
[M::worker_pipeline::107.805*3.83] mapped 332214 sequences
[M::worker_pipeline::108.347*3.83] mapped 332204 sequences
[M::worker_pipeline::108.992*3.83] mapped 332134 sequences
[M::worker_pipeline::109.607*3.83] mapped 332122 sequences
[M::worker_pipeline::110.207*3.83] mapped 332078 sequences
[M::worker_pipeline::110.804*3.83] mapped 332044 sequences
[M::worker_pipeline::111.403*3.83] mapped 332536 sequences
[M::worker_pipeline::111.959*3.84] mapped 332250 sequences
[M::worker_pipeline::112.616*3.83] mapped 332080 sequences
[M::worker_pipeline::113.251*3.84] mapped 332056 sequences
[M::worker_pipeline::113.835*3.84] mapped 332096 sequences
[M::worker_pipeline::114.440*3.84] mapped 332068 sequences
[M::worker_pipeline::115.014*3.84] mapped 332040 sequences
[M::worker_pipeline::115.673*3.84] mapped 332110 sequences
[M::worker_pipeline::116.263*3.84] mapped 332104 sequences
[M::worker_pipeline::116.839*3.84] mapped 332036 sequences
[M::worker_pipeline::117.491*3.84] mapped 332010 sequences
[M::worker_pipeline::118.091*3.84] mapped 332050 sequences
[M::worker_pipeline::118.679*3.84] mapped 332034 sequences
[M::worker_pipeline::119.268*3.85] mapped 331952 sequences
[M::worker_pipeline::119.841*3.85] mapped 331968 sequences
[M::worker_pipeline::120.415*3.85] mapped 331952 sequences
[M::worker_pipeline::121.005*3.85] mapped 331946 sequences
[M::worker_pipeline::121.621*3.85] mapped 331960 sequences
[M::worker_pipeline::122.208*3.85] mapped 331934 sequences
[M::worker_pipeline::122.782*3.86] mapped 331930 sequences
[M::worker_pipeline::123.377*3.86] mapped 331926 sequences
[M::worker_pipeline::123.982*3.86] mapped 331920 sequences
[M::worker_pipeline::124.595*3.86] mapped 331920 sequences
[M::worker_pipeline::125.178*3.86] mapped 331882 sequences
[M::worker_pipeline::125.726*3.86] mapped 331948 sequences
[M::worker_pipeline::126.343*3.86] mapped 331884 sequences
[M::worker_pipeline::126.914*3.86] mapped 331904 sequences
[M::worker_pipeline::127.469*3.87] mapped 331906 sequences
[M::worker_pipeline::128.054*3.87] mapped 331916 sequences
[M::worker_pipeline::128.671*3.87] mapped 331910 sequences
[M::worker_pipeline::129.225*3.87] mapped 331928 sequences
[M::worker_pipeline::129.856*3.87] mapped 331970 sequences
[M::worker_pipeline::130.475*3.87] mapped 331968 sequences
[M::worker_pipeline::131.076*3.87] mapped 331960 sequences
[M::worker_pipeline::131.657*3.87] mapped 332048 sequences
[M::worker_pipeline::132.290*3.87] mapped 331968 sequences
[M::worker_pipeline::137.972*3.76] mapped 331990 sequences
[M::worker_pipeline::138.133*3.76] mapped 332014 sequences
[M::worker_pipeline::138.283*3.76] mapped 332000 sequences
[M::worker_pipeline::138.852*3.76] mapped 332008 sequences
[M::worker_pipeline::139.459*3.76] mapped 332746 sequences
[M::worker_pipeline::140.055*3.76] mapped 332790 sequences
[M::worker_pipeline::140.617*3.77] mapped 332698 sequences
[M::worker_pipeline::141.222*3.77] mapped 332492 sequences
[M::worker_pipeline::141.833*3.77] mapped 332498 sequences
[M::worker_pipeline::142.406*3.77] mapped 332500 sequences
[M::worker_pipeline::143.061*3.77] mapped 332354 sequences
[M::worker_pipeline::143.643*3.77] mapped 332320 sequences
[M::worker_pipeline::144.233*3.77] mapped 332272 sequences
[M::worker_pipeline::144.873*3.77] mapped 332306 sequences
[M::worker_pipeline::145.470*3.77] mapped 332288 sequences
[M::worker_pipeline::146.044*3.77] mapped 332270 sequences
[M::worker_pipeline::146.694*3.78] mapped 332252 sequences
[M::worker_pipeline::147.276*3.78] mapped 332296 sequences
[M::worker_pipeline::147.862*3.78] mapped 332352 sequences
[M::worker_pipeline::148.497*3.78] mapped 332374 sequences
[M::worker_pipeline::149.082*3.78] mapped 332376 sequences
[M::worker_pipeline::149.685*3.78] mapped 332452 sequences
[M::worker_pipeline::150.314*3.78] mapped 332434 sequences
[M::worker_pipeline::150.957*3.78] mapped 332426 sequences
[M::worker_pipeline::151.556*3.78] mapped 332374 sequences
[M::worker_pipeline::152.134*3.78] mapped 332282 sequences
[M::worker_pipeline::152.737*3.79] mapped 332286 sequences
[M::worker_pipeline::153.344*3.79] mapped 332238 sequences
[M::worker_pipeline::153.932*3.79] mapped 332260 sequences
[M::worker_pipeline::154.497*3.79] mapped 332292 sequences
[M::worker_pipeline::155.109*3.79] mapped 332288 sequences
[M::worker_pipeline::155.715*3.79] mapped 332314 sequences
[M::worker_pipeline::156.310*3.79] mapped 332236 sequences
[M::worker_pipeline::156.877*3.80] mapped 332202 sequences
[M::worker_pipeline::157.514*3.80] mapped 332212 sequences
[M::worker_pipeline::158.112*3.80] mapped 332140 sequences
[M::worker_pipeline::158.702*3.80] mapped 332112 sequences
[M::worker_pipeline::159.296*3.80] mapped 332204 sequences
[M::worker_pipeline::159.918*3.80] mapped 332236 sequences
[M::worker_pipeline::160.468*3.80] mapped 332228 sequences
[M::worker_pipeline::161.070*3.80] mapped 332214 sequences
[M::worker_pipeline::161.671*3.80] mapped 332212 sequences
[M::worker_pipeline::162.241*3.81] mapped 332156 sequences
[M::worker_pipeline::162.888*3.81] mapped 332136 sequences
[M::worker_pipeline::163.439*3.81] mapped 332084 sequences
[M::worker_pipeline::164.027*3.81] mapped 332126 sequences
[M::worker_pipeline::164.640*3.81] mapped 332090 sequences
[M::worker_pipeline::165.259*3.81] mapped 332088 sequences
[M::worker_pipeline::165.919*3.81] mapped 332022 sequences
[M::worker_pipeline::166.527*3.81] mapped 332028 sequences
[M::worker_pipeline::167.095*3.81] mapped 332116 sequences
[M::worker_pipeline::167.714*3.81] mapped 332052 sequences
[M::worker_pipeline::168.339*3.81] mapped 332044 sequences
[M::worker_pipeline::168.941*3.81] mapped 332092 sequences
[M::worker_pipeline::169.530*3.81] mapped 332078 sequences
[M::worker_pipeline::170.125*3.81] mapped 332002 sequences
[M::worker_pipeline::170.707*3.82] mapped 331946 sequences
[M::worker_pipeline::171.329*3.82] mapped 332040 sequences
[M::worker_pipeline::171.943*3.82] mapped 331992 sequences
[M::worker_pipeline::172.548*3.82] mapped 332002 sequences
[M::worker_pipeline::173.178*3.82] mapped 331990 sequences
[M::worker_pipeline::173.797*3.82] mapped 332010 sequences
[M::worker_pipeline::174.352*3.82] mapped 331974 sequences
[M::worker_pipeline::175.008*3.82] mapped 331982 sequences
[M::worker_pipeline::175.608*3.82] mapped 331964 sequences
[M::worker_pipeline::176.231*3.82] mapped 332020 sequences
[M::worker_pipeline::176.820*3.82] mapped 331988 sequences
[M::worker_pipeline::177.424*3.82] mapped 332092 sequences
[M::worker_pipeline::178.034*3.82] mapped 332050 sequences
[M::worker_pipeline::178.621*3.82] mapped 332080 sequences
[M::worker_pipeline::179.237*3.82] mapped 332096 sequences
[M::worker_pipeline::179.820*3.82] mapped 332104 sequences
[M::worker_pipeline::180.413*3.82] mapped 332154 sequences
[M::worker_pipeline::181.039*3.83] mapped 332142 sequences
[M::worker_pipeline::181.633*3.83] mapped 332212 sequences
[M::worker_pipeline::182.264*3.83] mapped 332660 sequences
[M::worker_pipeline::182.860*3.83] mapped 332774 sequences
[M::worker_pipeline::183.423*3.83] mapped 332644 sequences
[M::worker_pipeline::184.007*3.83] mapped 332394 sequences
[M::worker_pipeline::184.589*3.83] mapped 332426 sequences
[M::worker_pipeline::185.166*3.83] mapped 332430 sequences
[M::worker_pipeline::185.786*3.83] mapped 332340 sequences
[M::worker_pipeline::186.420*3.83] mapped 332334 sequences
[M::worker_pipeline::187.005*3.83] mapped 332248 sequences
[M::worker_pipeline::187.594*3.83] mapped 332236 sequences
[M::worker_pipeline::188.228*3.83] mapped 332238 sequences
[M::worker_pipeline::188.836*3.84] mapped 332230 sequences
[M::worker_pipeline::189.444*3.84] mapped 332224 sequences
[M::worker_pipeline::190.047*3.84] mapped 332206 sequences
[M::worker_pipeline::190.647*3.84] mapped 332192 sequences
[M::worker_pipeline::191.249*3.84] mapped 332216 sequences
[M::worker_pipeline::191.885*3.84] mapped 332194 sequences
[M::worker_pipeline::192.481*3.84] mapped 332208 sequences
[M::worker_pipeline::193.082*3.84] mapped 332170 sequences
[M::worker_pipeline::193.655*3.84] mapped 332152 sequences
[M::worker_pipeline::194.266*3.84] mapped 332124 sequences
[M::worker_pipeline::194.831*3.84] mapped 332144 sequences
[M::worker_pipeline::195.435*3.84] mapped 332172 sequences
[M::worker_pipeline::196.008*3.84] mapped 332184 sequences
[M::worker_pipeline::196.619*3.84] mapped 332156 sequences
[M::worker_pipeline::197.207*3.85] mapped 332140 sequences
[M::worker_pipeline::197.787*3.85] mapped 332054 sequences
[M::worker_pipeline::198.379*3.85] mapped 332100 sequences
[M::worker_pipeline::198.981*3.85] mapped 332096 sequences
[M::worker_pipeline::199.562*3.85] mapped 332160 sequences
[M::worker_pipeline::205.038*3.78] mapped 332140 sequences
[M::worker_pipeline::205.222*3.78] mapped 332132 sequences
[M::worker_pipeline::205.406*3.78] mapped 332070 sequences
[M::worker_pipeline::205.933*3.78] mapped 332048 sequences
[M::worker_pipeline::206.502*3.78] mapped 332020 sequences
[M::worker_pipeline::207.109*3.78] mapped 332100 sequences
[M::worker_pipeline::207.718*3.78] mapped 332066 sequences
[M::worker_pipeline::208.267*3.78] mapped 332006 sequences
[M::worker_pipeline::208.866*3.78] mapped 332062 sequences
[M::worker_pipeline::209.445*3.79] mapped 332046 sequences
[M::worker_pipeline::210.046*3.79] mapped 332082 sequences
[M::worker_pipeline::210.665*3.79] mapped 332080 sequences
[M::worker_pipeline::211.254*3.79] mapped 332008 sequences
[M::worker_pipeline::211.862*3.79] mapped 332066 sequences
[M::worker_pipeline::212.431*3.79] mapped 332066 sequences
[M::worker_pipeline::212.992*3.79] mapped 332092 sequences
[M::worker_pipeline::213.557*3.79] mapped 332058 sequences
[M::worker_pipeline::214.190*3.79] mapped 332034 sequences
[M::worker_pipeline::214.746*3.79] mapped 332094 sequences
[M::worker_pipeline::215.339*3.80] mapped 332100 sequences
[M::worker_pipeline::215.941*3.80] mapped 332104 sequences
[M::worker_pipeline::216.489*3.80] mapped 332108 sequences
[M::worker_pipeline::217.126*3.80] mapped 332124 sequences
[M::worker_pipeline::217.705*3.80] mapped 332182 sequences
[M::worker_pipeline::218.273*3.80] mapped 332172 sequences
[M::worker_pipeline::218.860*3.80] mapped 332158 sequences
[M::worker_pipeline::219.489*3.80] mapped 332222 sequences
[M::worker_pipeline::220.044*3.80] mapped 332210 sequences
[M::worker_pipeline::220.646*3.80] mapped 332280 sequences
[M::worker_pipeline::221.230*3.81] mapped 332256 sequences
[M::worker_pipeline::221.864*3.81] mapped 332170 sequences
[M::worker_pipeline::222.466*3.81] mapped 332198 sequences
[M::worker_pipeline::223.023*3.81] mapped 332092 sequences
[M::worker_pipeline::223.623*3.81] mapped 332100 sequences
[M::worker_pipeline::224.197*3.81] mapped 331990 sequences
[M::worker_pipeline::224.782*3.81] mapped 332000 sequences
[M::worker_pipeline::225.392*3.81] mapped 331986 sequences
[M::worker_pipeline::225.983*3.81] mapped 332000 sequences
[M::worker_pipeline::226.587*3.81] mapped 332066 sequences
[M::worker_pipeline::227.199*3.81] mapped 332700 sequences
[M::worker_pipeline::227.786*3.82] mapped 332470 sequences
[M::worker_pipeline::228.388*3.82] mapped 332434 sequences
[M::worker_pipeline::229.020*3.82] mapped 332346 sequences
[M::worker_pipeline::229.646*3.82] mapped 332344 sequences
[M::worker_pipeline::230.220*3.82] mapped 332274 sequences
[M::worker_pipeline::230.835*3.82] mapped 332222 sequences
[M::worker_pipeline::231.446*3.82] mapped 332204 sequences
[M::worker_pipeline::232.041*3.82] mapped 332180 sequences
[M::worker_pipeline::232.599*3.82] mapped 332156 sequences
[M::worker_pipeline::233.210*3.82] mapped 332132 sequences
[M::worker_pipeline::233.842*3.82] mapped 332106 sequences
[M::worker_pipeline::234.442*3.82] mapped 332130 sequences
[M::worker_pipeline::235.040*3.82] mapped 332158 sequences
[M::worker_pipeline::235.650*3.82] mapped 332150 sequences
[M::worker_pipeline::236.251*3.83] mapped 332138 sequences
[M::worker_pipeline::236.856*3.83] mapped 332234 sequences
[M::worker_pipeline::237.436*3.83] mapped 332188 sequences
[M::worker_pipeline::238.008*3.83] mapped 332138 sequences
[M::worker_pipeline::238.586*3.83] mapped 332130 sequences
[M::worker_pipeline::239.207*3.83] mapped 332124 sequences
[M::worker_pipeline::239.795*3.83] mapped 332104 sequences
[M::worker_pipeline::240.388*3.83] mapped 332132 sequences
[M::worker_pipeline::240.932*3.83] mapped 332056 sequences
[M::worker_pipeline::241.550*3.83] mapped 332088 sequences
[M::worker_pipeline::242.174*3.83] mapped 332056 sequences
[M::worker_pipeline::242.750*3.83] mapped 332062 sequences
[M::worker_pipeline::243.330*3.83] mapped 331996 sequences
[M::worker_pipeline::243.932*3.84] mapped 332026 sequences
[M::worker_pipeline::244.515*3.84] mapped 332046 sequences
[M::worker_pipeline::245.122*3.84] mapped 332014 sequences
[M::worker_pipeline::245.731*3.84] mapped 332020 sequences
[M::worker_pipeline::246.301*3.84] mapped 332002 sequences
[M::worker_pipeline::246.939*3.84] mapped 332030 sequences
[M::worker_pipeline::247.528*3.84] mapped 332016 sequences
[M::worker_pipeline::248.124*3.84] mapped 332022 sequences
[M::worker_pipeline::248.761*3.84] mapped 331986 sequences
[M::worker_pipeline::249.378*3.84] mapped 332008 sequences
[M::worker_pipeline::249.961*3.84] mapped 331976 sequences
[M::worker_pipeline::250.565*3.84] mapped 332004 sequences
[M::worker_pipeline::251.188*3.84] mapped 332030 sequences
[M::worker_pipeline::251.772*3.84] mapped 332086 sequences
[M::worker_pipeline::252.415*3.84] mapped 332030 sequences
[M::worker_pipeline::253.000*3.84] mapped 332034 sequences
[M::worker_pipeline::253.564*3.84] mapped 332000 sequences
[M::worker_pipeline::254.166*3.84] mapped 331942 sequences
[M::worker_pipeline::254.731*3.85] mapped 332022 sequences
[M::worker_pipeline::255.308*3.85] mapped 331966 sequences
[M::worker_pipeline::255.909*3.85] mapped 332018 sequences
[M::worker_pipeline::256.538*3.85] mapped 331940 sequences
[M::worker_pipeline::257.140*3.85] mapped 332000 sequences
[M::worker_pipeline::257.737*3.85] mapped 332046 sequences
[M::worker_pipeline::258.329*3.85] mapped 332032 sequences
[M::worker_pipeline::258.970*3.85] mapped 332054 sequences
[M::worker_pipeline::259.559*3.85] mapped 332056 sequences
[M::worker_pipeline::260.179*3.85] mapped 332050 sequences
[M::worker_pipeline::260.797*3.85] mapped 332088 sequences
[M::worker_pipeline::261.385*3.85] mapped 332100 sequences
[M::worker_pipeline::262.027*3.85] mapped 332132 sequences
[M::worker_pipeline::262.610*3.85] mapped 332108 sequences
[M::worker_pipeline::263.173*3.85] mapped 332072 sequences
[M::worker_pipeline::263.811*3.85] mapped 332108 sequences
[M::worker_pipeline::264.376*3.85] mapped 332122 sequences
[M::worker_pipeline::264.946*3.85] mapped 331994 sequences
[M::worker_pipeline::265.601*3.85] mapped 331986 sequences
[M::worker_pipeline::266.182*3.85] mapped 331968 sequences
[M::worker_pipeline::266.894*3.85] mapped 331976 sequences
[M::worker_pipeline::271.812*3.81] mapped 331962 sequences
[M::worker_pipeline::271.987*3.81] mapped 332042 sequences
[M::worker_pipeline::272.169*3.81] mapped 332586 sequences
[M::worker_pipeline::272.694*3.81] mapped 332474 sequences
[M::worker_pipeline::273.279*3.81] mapped 332418 sequences
[M::worker_pipeline::273.874*3.81] mapped 332284 sequences
[M::worker_pipeline::274.482*3.81] mapped 332224 sequences
[M::worker_pipeline::275.053*3.81] mapped 332292 sequences
[M::worker_pipeline::275.625*3.81] mapped 332194 sequences
[M::worker_pipeline::276.261*3.81] mapped 332184 sequences
[M::worker_pipeline::276.864*3.81] mapped 332152 sequences
[M::worker_pipeline::277.430*3.81] mapped 332100 sequences
[M::worker_pipeline::278.023*3.81] mapped 332134 sequences
[M::worker_pipeline::278.626*3.82] mapped 332080 sequences
[M::worker_pipeline::279.198*3.82] mapped 332074 sequences
[M::worker_pipeline::279.791*3.82] mapped 332070 sequences
[M::worker_pipeline::280.392*3.82] mapped 332074 sequences
[M::worker_pipeline::280.933*3.82] mapped 332080 sequences
[M::worker_pipeline::281.554*3.82] mapped 332088 sequences
[M::worker_pipeline::282.164*3.82] mapped 332092 sequences
[M::worker_pipeline::282.723*3.82] mapped 332070 sequences
[M::worker_pipeline::283.340*3.82] mapped 332482 sequences
[M::worker_pipeline::283.938*3.82] mapped 332086 sequences
[M::worker_pipeline::284.483*3.82] mapped 332078 sequences
[M::worker_pipeline::285.100*3.82] mapped 332018 sequences
[M::worker_pipeline::285.714*3.82] mapped 332028 sequences
[M::worker_pipeline::286.296*3.82] mapped 331974 sequences
[M::worker_pipeline::286.927*3.82] mapped 332062 sequences
[M::worker_pipeline::287.491*3.82] mapped 332012 sequences
[M::worker_pipeline::288.109*3.82] mapped 332004 sequences
[M::worker_pipeline::288.730*3.83] mapped 331996 sequences
[M::worker_pipeline::289.283*3.83] mapped 331998 sequences
[M::worker_pipeline::289.877*3.83] mapped 331972 sequences
[M::worker_pipeline::290.466*3.83] mapped 332006 sequences
[M::worker_pipeline::291.061*3.83] mapped 332012 sequences
[M::worker_pipeline::291.612*3.83] mapped 332028 sequences
[M::worker_pipeline::292.246*3.83] mapped 331984 sequences
[M::worker_pipeline::292.824*3.83] mapped 332008 sequences
[M::worker_pipeline::293.460*3.83] mapped 331968 sequences
[M::worker_pipeline::294.058*3.83] mapped 331976 sequences
[M::worker_pipeline::294.646*3.83] mapped 332048 sequences
[M::worker_pipeline::295.231*3.83] mapped 332170 sequences
[M::worker_pipeline::295.828*3.83] mapped 332192 sequences
[M::worker_pipeline::296.456*3.83] mapped 332220 sequences
[M::worker_pipeline::297.026*3.83] mapped 332136 sequences
[M::worker_pipeline::297.597*3.83] mapped 332270 sequences
[M::worker_pipeline::298.252*3.83] mapped 331990 sequences
[M::worker_pipeline::298.832*3.83] mapped 331988 sequences
[M::worker_pipeline::299.419*3.83] mapped 332004 sequences
[M::worker_pipeline::300.030*3.84] mapped 331990 sequences
[M::worker_pipeline::300.581*3.84] mapped 332006 sequences
[M::worker_pipeline::301.193*3.84] mapped 332018 sequences
[M::worker_pipeline::301.780*3.84] mapped 332000 sequences
[M::worker_pipeline::302.360*3.84] mapped 331998 sequences
[M::worker_pipeline::302.915*3.84] mapped 332102 sequences
[M::worker_pipeline::303.517*3.84] mapped 332066 sequences
[M::worker_pipeline::304.111*3.84] mapped 332044 sequences
[M::worker_pipeline::304.693*3.84] mapped 332060 sequences
[M::worker_pipeline::305.283*3.84] mapped 332096 sequences
[M::worker_pipeline::305.870*3.84] mapped 332102 sequences
[M::worker_pipeline::306.446*3.84] mapped 332148 sequences
[M::worker_pipeline::307.050*3.84] mapped 332164 sequences
[M::worker_pipeline::307.622*3.85] mapped 332168 sequences
[M::worker_pipeline::308.233*3.85] mapped 332186 sequences
[M::worker_pipeline::308.809*3.85] mapped 332120 sequences
[M::worker_pipeline::309.403*3.85] mapped 332020 sequences
[M::worker_pipeline::310.009*3.85] mapped 331990 sequences
[M::worker_pipeline::310.604*3.85] mapped 331982 sequences
[M::worker_pipeline::311.216*3.85] mapped 331996 sequences
[M::worker_pipeline::311.814*3.85] mapped 331998 sequences
[M::worker_pipeline::312.389*3.85] mapped 331998 sequences
[M::worker_pipeline::312.982*3.85] mapped 332586 sequences
[M::worker_pipeline::313.643*3.85] mapped 332640 sequences
[M::worker_pipeline::314.274*3.85] mapped 332566 sequences
[M::worker_pipeline::314.868*3.85] mapped 332466 sequences
[M::worker_pipeline::315.474*3.85] mapped 332462 sequences
[M::worker_pipeline::316.068*3.85] mapped 332436 sequences
[M::worker_pipeline::316.684*3.85] mapped 332332 sequences
[M::worker_pipeline::317.291*3.85] mapped 332342 sequences
[M::worker_pipeline::317.858*3.85] mapped 332328 sequences
[M::worker_pipeline::318.471*3.85] mapped 332302 sequences
[M::worker_pipeline::319.063*3.85] mapped 332242 sequences
[M::worker_pipeline::319.668*3.85] mapped 332258 sequences
[M::worker_pipeline::320.223*3.85] mapped 332230 sequences
[M::worker_pipeline::320.821*3.85] mapped 332238 sequences
[M::worker_pipeline::321.401*3.85] mapped 332208 sequences
[M::worker_pipeline::322.055*3.86] mapped 332244 sequences
[M::worker_pipeline::322.647*3.86] mapped 332276 sequences
[M::worker_pipeline::323.231*3.86] mapped 332300 sequences
[M::worker_pipeline::323.873*3.86] mapped 332300 sequences
[M::worker_pipeline::324.465*3.86] mapped 332344 sequences
[M::worker_pipeline::325.076*3.86] mapped 332230 sequences
[M::worker_pipeline::325.687*3.86] mapped 332208 sequences
[M::worker_pipeline::326.269*3.86] mapped 332234 sequences
[M::worker_pipeline::326.871*3.86] mapped 332184 sequences
[M::worker_pipeline::327.465*3.86] mapped 332150 sequences
[M::worker_pipeline::328.066*3.86] mapped 332182 sequences
[M::worker_pipeline::328.695*3.86] mapped 332142 sequences
[M::worker_pipeline::329.237*3.86] mapped 332106 sequences
[M::worker_pipeline::329.944*3.86] mapped 332060 sequences
[M::worker_pipeline::330.487*3.86] mapped 332072 sequences
[M::worker_pipeline::331.070*3.86] mapped 332090 sequences
[M::worker_pipeline::331.656*3.86] mapped 332072 sequences
[M::worker_pipeline::332.198*3.86] mapped 332104 sequences
[M::worker_pipeline::332.826*3.86] mapped 332062 sequences
[M::worker_pipeline::338.214*3.82] mapped 332110 sequences
[M::worker_pipeline::338.380*3.82] mapped 332082 sequences
[M::worker_pipeline::338.563*3.82] mapped 332074 sequences
[M::worker_pipeline::339.070*3.82] mapped 332196 sequences
[M::worker_pipeline::339.686*3.82] mapped 332380 sequences
[M::worker_pipeline::340.295*3.82] mapped 332432 sequences
[M::worker_pipeline::340.879*3.82] mapped 332386 sequences
[M::worker_pipeline::341.486*3.82] mapped 332356 sequences
[M::worker_pipeline::342.084*3.82] mapped 332372 sequences
[M::worker_pipeline::342.688*3.82] mapped 332150 sequences
[M::worker_pipeline::343.249*3.82] mapped 332034 sequences
[M::worker_pipeline::343.857*3.82] mapped 332038 sequences
[M::worker_pipeline::344.457*3.82] mapped 332024 sequences
[M::worker_pipeline::345.039*3.83] mapped 332042 sequences
[M::worker_pipeline::345.650*3.83] mapped 332034 sequences
[M::worker_pipeline::346.246*3.83] mapped 332020 sequences
[M::worker_pipeline::346.794*3.83] mapped 332082 sequences
[M::worker_pipeline::347.436*3.83] mapped 332066 sequences
[M::worker_pipeline::348.038*3.83] mapped 332078 sequences
[M::worker_pipeline::348.571*3.83] mapped 332050 sequences
[M::worker_pipeline::349.207*3.83] mapped 332072 sequences
[M::worker_pipeline::349.802*3.83] mapped 332080 sequences
[M::worker_pipeline::350.363*3.83] mapped 332106 sequences
[M::worker_pipeline::350.955*3.83] mapped 332044 sequences
[M::worker_pipeline::351.565*3.83] mapped 332064 sequences
[M::worker_pipeline::352.142*3.83] mapped 332066 sequences
[M::worker_pipeline::352.743*3.83] mapped 332068 sequences
[M::worker_pipeline::353.343*3.83] mapped 332044 sequences
[M::worker_pipeline::353.935*3.83] mapped 332026 sequences
[M::worker_pipeline::354.536*3.83] mapped 332012 sequences
[M::worker_pipeline::355.124*3.83] mapped 331940 sequences
[M::worker_pipeline::355.728*3.83] mapped 331986 sequences
[M::worker_pipeline::356.340*3.83] mapped 331926 sequences
[M::worker_pipeline::356.922*3.84] mapped 332004 sequences
[M::worker_pipeline::357.357*3.84] mapped 280674 sequences
[M::main] Version: 2.22-r1101
[M::main] CMD: minimap2 --secondary=no -t 16 -R @RG\tID:snippy\tSM:snippy -ax sr /work/FAC/FBM/DMF/smitri/evomicrocomm/genome_size/data/ct/reference.fasta /work/FAC/FBM/DMF/smitri/evomicrocomm/genome_size/data/T44.4.4/read1.fq.gz /work/FAC/FBM/DMF/smitri/evomicrocomm/genome_size/data/T44.4.4/read2.fq.gz
[M::main] Real time: 357.376 sec; CPU: 1370.844 sec; Peak RSS: 0.539 GB
[bam_sort_core] merging from 80 files and 16 in-memory blocks...
[Fri Oct 15 16:18:20 2021]
Finished job 0.
1 of 1 steps (100%) done
