Building DAG of jobs...
Using shell: /usr/bin/bash
Provided cores: 16
Rules claiming more threads will be scaled down.
Select jobs to execute...

[Sun Oct 17 22:41:59 2021]
rule mapping:
    input: /work/FAC/FBM/DMF/smitri/evomicrocomm/genome_size/data/ct/reference.fasta, /work/FAC/FBM/DMF/smitri/evomicrocomm/genome_size/data/T44.2.5.rep/read1.fq.gz, /work/FAC/FBM/DMF/smitri/evomicrocomm/genome_size/data/T44.2.5.rep/read2.fq.gz
    output: /work/FAC/FBM/DMF/smitri/evomicrocomm/genome_size/data/T44.2.5.rep/ct/mapped_reads.sorted.bam
    jobid: 0
    wildcards: sample=T44.2.5.rep, strain=ct
    threads: 16
    resources: mem_mb=2019, disk_mb=2019, tmpdir=/tmp/2846140

[M::mm_idx_gen::0.160*0.83] collected minimizers
[M::mm_idx_gen::0.177*1.70] sorted minimizers
[M::main::0.177*1.70] loaded/built the index for 2 target sequence(s)
[M::mm_mapopt_update::0.177*1.70] mid_occ = 1000
[M::mm_idx_stat] kmer size: 21; skip: 11; is_hpc: 0; #seq: 2
[M::mm_idx_stat::0.189*1.66] distinct minimizers: 993850 (99.11% are singletons); average occurrences: 1.021; average spacing: 5.998; total length: 6084391
[M::worker_pipeline::1.766*4.10] mapped 332418 sequences
[M::worker_pipeline::2.626*5.14] mapped 332256 sequences
[M::worker_pipeline::3.468*5.71] mapped 332190 sequences
[M::worker_pipeline::4.270*6.08] mapped 332096 sequences
[M::worker_pipeline::5.119*6.32] mapped 332016 sequences
[M::worker_pipeline::6.226*7.12] mapped 332076 sequences
[M::worker_pipeline::7.017*7.24] mapped 332348 sequences
[M::worker_pipeline::7.968*7.63] mapped 332194 sequences
[M::worker_pipeline::8.467*7.54] mapped 332122 sequences
[M::worker_pipeline::9.196*7.67] mapped 332058 sequences
[M::worker_pipeline::9.947*7.79] mapped 332004 sequences
[M::worker_pipeline::10.790*8.01] mapped 332116 sequences
[M::worker_pipeline::11.396*7.92] mapped 332380 sequences
[M::worker_pipeline::12.464*8.18] mapped 332382 sequences
[M::worker_pipeline::12.824*8.01] mapped 332304 sequences
[M::worker_pipeline::13.580*8.05] mapped 332134 sequences
[M::worker_pipeline::14.359*8.05] mapped 331996 sequences
[M::worker_pipeline::15.051*8.11] mapped 332032 sequences
[M::worker_pipeline::15.789*8.15] mapped 332366 sequences
[M::worker_pipeline::16.860*8.34] mapped 332394 sequences
[M::worker_pipeline::17.306*8.18] mapped 332338 sequences
[M::worker_pipeline::18.082*8.18] mapped 332232 sequences
[M::worker_pipeline::18.820*8.20] mapped 332166 sequences
[M::worker_pipeline::19.863*8.37] mapped 332124 sequences
[M::worker_pipeline::20.252*8.24] mapped 332444 sequences
[M::worker_pipeline::21.006*8.26] mapped 332216 sequences
[M::worker_pipeline::21.924*8.33] mapped 332154 sequences
[M::worker_pipeline::22.474*8.28] mapped 332154 sequences
[M::worker_pipeline::23.141*8.33] mapped 332180 sequences
[M::worker_pipeline::24.190*8.45] mapped 332202 sequences
[M::worker_pipeline::24.573*8.35] mapped 332284 sequences
[M::worker_pipeline::25.281*8.36] mapped 332218 sequences
[M::worker_pipeline::26.016*8.37] mapped 332098 sequences
[M::worker_pipeline::26.745*8.38] mapped 332078 sequences
[M::worker_pipeline::27.778*8.48] mapped 332076 sequences
[M::worker_pipeline::28.132*8.40] mapped 332158 sequences
[M::worker_pipeline::28.864*8.41] mapped 332280 sequences
[M::worker_pipeline::29.537*8.43] mapped 332112 sequences
[M::worker_pipeline::30.216*8.46] mapped 332076 sequences
[M::worker_pipeline::30.950*8.47] mapped 332140 sequences
[M::worker_pipeline::31.758*8.49] mapped 332132 sequences
[M::worker_pipeline::32.421*8.49] mapped 332124 sequences
[M::worker_pipeline::33.444*8.57] mapped 332390 sequences
[M::worker_pipeline::33.812*8.50] mapped 332298 sequences
[M::worker_pipeline::34.573*8.49] mapped 332180 sequences
[M::worker_pipeline::35.205*8.51] mapped 332338 sequences
[M::worker_pipeline::35.907*8.53] mapped 332146 sequences
[M::worker_pipeline::36.274*8.45] mapped 332102 sequences
[M::worker_pipeline::36.297*8.45] mapped 8808 sequences
[M::main] Version: 2.22-r1101
[M::main] CMD: minimap2 --secondary=no -t 16 -R @RG\tID:snippy\tSM:snippy -ax sr /work/FAC/FBM/DMF/smitri/evomicrocomm/genome_size/data/ct/reference.fasta /work/FAC/FBM/DMF/smitri/evomicrocomm/genome_size/data/T44.2.5.rep/read1.fq.gz /work/FAC/FBM/DMF/smitri/evomicrocomm/genome_size/data/T44.2.5.rep/read2.fq.gz
[M::main] Real time: 36.344 sec; CPU: 306.627 sec; Peak RSS: 0.758 GB
[bam_sort_core] merging from 0 files and 16 in-memory blocks...
[Sun Oct 17 22:42:56 2021]
Finished job 0.
1 of 1 steps (100%) done
