Building DAG of jobs...
Using shell: /usr/bin/bash
Provided cores: 16
Rules claiming more threads will be scaled down.
Select jobs to execute...

[Sun Oct 17 22:47:36 2021]
rule mapping:
    input: /work/FAC/FBM/DMF/smitri/evomicrocomm/genome_size/data/at/reference.fasta, /work/FAC/FBM/DMF/smitri/evomicrocomm/genome_size/data/T33.1.1/read1.fq.gz, /work/FAC/FBM/DMF/smitri/evomicrocomm/genome_size/data/T33.1.1/read2.fq.gz
    output: /work/FAC/FBM/DMF/smitri/evomicrocomm/genome_size/data/T33.1.1/at/mapped_reads.sorted.bam
    jobid: 0
    wildcards: sample=T33.1.1, strain=at
    threads: 16
    resources: mem_mb=1843, disk_mb=1843, tmpdir=/tmp/2846228

[M::mm_idx_gen::0.148*0.79] collected minimizers
[M::mm_idx_gen::0.166*2.04] sorted minimizers
[M::main::0.166*2.04] loaded/built the index for 5 target sequence(s)
[M::mm_mapopt_update::0.166*2.04] mid_occ = 1000
[M::mm_idx_stat] kmer size: 21; skip: 11; is_hpc: 0; #seq: 5
[M::mm_idx_stat::0.177*1.97] distinct minimizers: 875577 (98.87% are singletons); average occurrences: 1.019; average spacing: 5.996; total length: 5348547
[M::worker_pipeline::1.731*3.84] mapped 332464 sequences
[M::worker_pipeline::2.716*4.60] mapped 332248 sequences
[M::worker_pipeline::3.670*5.04] mapped 332138 sequences
[M::worker_pipeline::4.499*5.40] mapped 332000 sequences
[M::worker_pipeline::5.528*5.97] mapped 331958 sequences
[M::worker_pipeline::6.369*6.50] mapped 332224 sequences
[M::worker_pipeline::6.999*6.74] mapped 332278 sequences
[M::worker_pipeline::7.611*6.96] mapped 332140 sequences
[M::worker_pipeline::8.279*7.10] mapped 332054 sequences
[M::worker_pipeline::8.939*7.25] mapped 332008 sequences
[M::worker_pipeline::9.572*7.39] mapped 332036 sequences
[M::worker_pipeline::10.560*7.70] mapped 332376 sequences
[M::worker_pipeline::10.936*7.51] mapped 332394 sequences
[M::worker_pipeline::11.611*7.57] mapped 332208 sequences
[M::worker_pipeline::12.236*7.66] mapped 332082 sequences
[M::worker_pipeline::12.892*7.75] mapped 331968 sequences
[M::worker_pipeline::13.559*7.80] mapped 332304 sequences
[M::worker_pipeline::14.431*8.01] mapped 332360 sequences
[M::worker_pipeline::14.879*7.90] mapped 332400 sequences
[M::worker_pipeline::15.511*7.96] mapped 332250 sequences
[M::worker_pipeline::16.152*8.00] mapped 332110 sequences
[M::worker_pipeline::16.854*8.04] mapped 332102 sequences
[M::worker_pipeline::17.529*8.06] mapped 332438 sequences
[M::worker_pipeline::18.167*8.10] mapped 332266 sequences
[M::worker_pipeline::18.860*8.10] mapped 332184 sequences
[M::worker_pipeline::19.838*8.24] mapped 332082 sequences
[M::worker_pipeline::20.191*8.13] mapped 332250 sequences
[M::worker_pipeline::20.903*8.14] mapped 332290 sequences
[M::worker_pipeline::21.566*8.15] mapped 332236 sequences
[M::worker_pipeline::22.409*8.25] mapped 332138 sequences
[M::worker_pipeline::22.853*8.18] mapped 332050 sequences
[M::worker_pipeline::23.225*8.09] mapped 332064 sequences
[M::worker_pipeline::24.197*8.21] mapped 332138 sequences
[M::worker_pipeline::24.895*8.22] mapped 332280 sequences
[M::worker_pipeline::25.610*8.26] mapped 332134 sequences
[M::worker_pipeline::26.212*8.25] mapped 332040 sequences
[M::worker_pipeline::26.887*8.31] mapped 332124 sequences
[M::worker_pipeline::27.583*8.35] mapped 332170 sequences
[M::worker_pipeline::28.163*8.33] mapped 332330 sequences
[M::worker_pipeline::28.831*8.37] mapped 332320 sequences
[M::worker_pipeline::29.570*8.41] mapped 332162 sequences
[M::worker_pipeline::30.061*8.39] mapped 332228 sequences
[M::worker_pipeline::30.654*8.38] mapped 332112 sequences
[M::worker_pipeline::30.941*8.31] mapped 277358 sequences
[M::main] Version: 2.22-r1101
[M::main] CMD: minimap2 --secondary=no -t 16 -R @RG\tID:snippy\tSM:snippy -ax sr /work/FAC/FBM/DMF/smitri/evomicrocomm/genome_size/data/at/reference.fasta /work/FAC/FBM/DMF/smitri/evomicrocomm/genome_size/data/T33.1.1/read1.fq.gz /work/FAC/FBM/DMF/smitri/evomicrocomm/genome_size/data/T33.1.1/read2.fq.gz
[M::main] Real time: 30.967 sec; CPU: 257.155 sec; Peak RSS: 0.676 GB
[bam_sort_core] merging from 0 files and 16 in-memory blocks...
[Sun Oct 17 22:48:25 2021]
Finished job 0.
1 of 1 steps (100%) done
