Building DAG of jobs...
Using shell: /usr/bin/bash
Provided cores: 16
Rules claiming more threads will be scaled down.
Select jobs to execute...

[Sun Oct 17 22:30:59 2021]
rule mapping:
    input: /work/FAC/FBM/DMF/smitri/evomicrocomm/genome_size/data/ms/reference.fasta, /work/FAC/FBM/DMF/smitri/evomicrocomm/genome_size/data/T44.3.2/read1.fq.gz, /work/FAC/FBM/DMF/smitri/evomicrocomm/genome_size/data/T44.3.2/read2.fq.gz
    output: /work/FAC/FBM/DMF/smitri/evomicrocomm/genome_size/data/T44.3.2/ms/mapped_reads.sorted.bam
    jobid: 0
    wildcards: sample=T44.3.2, strain=ms
    threads: 16
    resources: mem_mb=19786, disk_mb=19786, tmpdir=/tmp/2846012

[M::mm_idx_gen::0.121*0.74] collected minimizers
[M::mm_idx_gen::0.139*2.23] sorted minimizers
[M::main::0.139*2.23] loaded/built the index for 1 target sequence(s)
[M::mm_mapopt_update::0.139*2.23] mid_occ = 1000
[M::mm_idx_stat] kmer size: 21; skip: 11; is_hpc: 0; #seq: 1
[M::mm_idx_stat::0.146*2.17] distinct minimizers: 620509 (99.65% are singletons); average occurrences: 1.004; average spacing: 5.998; total length: 3737398
[M::worker_pipeline::1.328*2.11] mapped 332676 sequences
[M::worker_pipeline::2.232*2.32] mapped 332726 sequences
[M::worker_pipeline::3.006*2.51] mapped 332500 sequences
[M::worker_pipeline::3.761*2.59] mapped 332404 sequences
[M::worker_pipeline::4.588*2.64] mapped 332488 sequences
[M::worker_pipeline::5.274*2.72] mapped 332414 sequences
[M::worker_pipeline::5.961*2.78] mapped 332358 sequences
[M::worker_pipeline::6.619*2.85] mapped 332328 sequences
[M::worker_pipeline::7.226*2.91] mapped 332254 sequences
[M::worker_pipeline::7.818*2.98] mapped 332234 sequences
[M::worker_pipeline::8.421*3.04] mapped 332248 sequences
[M::worker_pipeline::9.001*3.08] mapped 332188 sequences
[M::worker_pipeline::9.636*3.13] mapped 332178 sequences
[M::worker_pipeline::10.221*3.16] mapped 332124 sequences
[M::worker_pipeline::10.857*3.19] mapped 332250 sequences
[M::worker_pipeline::11.512*3.21] mapped 332230 sequences
[M::worker_pipeline::12.092*3.24] mapped 332206 sequences
[M::worker_pipeline::12.676*3.26] mapped 332226 sequences
[M::worker_pipeline::13.342*3.28] mapped 332244 sequences
[M::worker_pipeline::13.920*3.31] mapped 332210 sequences
[M::worker_pipeline::14.540*3.32] mapped 332188 sequences
[M::worker_pipeline::15.124*3.34] mapped 332186 sequences
[M::worker_pipeline::15.746*3.36] mapped 332176 sequences
[M::worker_pipeline::16.351*3.37] mapped 332138 sequences
[M::worker_pipeline::16.986*3.38] mapped 332152 sequences
[M::worker_pipeline::17.612*3.38] mapped 332110 sequences
[M::worker_pipeline::18.212*3.40] mapped 332152 sequences
[M::worker_pipeline::18.819*3.42] mapped 332184 sequences
[M::worker_pipeline::19.427*3.43] mapped 332194 sequences
[M::worker_pipeline::19.990*3.44] mapped 332120 sequences
[M::worker_pipeline::20.624*3.45] mapped 332090 sequences
[M::worker_pipeline::21.199*3.45] mapped 332034 sequences
[M::worker_pipeline::21.789*3.47] mapped 332062 sequences
[M::worker_pipeline::22.396*3.47] mapped 332028 sequences
[M::worker_pipeline::23.012*3.48] mapped 332064 sequences
[M::worker_pipeline::23.607*3.48] mapped 332036 sequences
[M::worker_pipeline::24.175*3.49] mapped 331978 sequences
[M::worker_pipeline::24.759*3.51] mapped 332040 sequences
[M::worker_pipeline::25.385*3.51] mapped 331982 sequences
[M::worker_pipeline::25.991*3.52] mapped 331996 sequences
[M::worker_pipeline::26.566*3.53] mapped 331984 sequences
[M::worker_pipeline::27.125*3.53] mapped 331954 sequences
[M::worker_pipeline::27.764*3.53] mapped 331932 sequences
[M::worker_pipeline::28.352*3.53] mapped 331976 sequences
[M::worker_pipeline::28.970*3.54] mapped 331930 sequences
[M::worker_pipeline::29.526*3.55] mapped 331904 sequences
[M::worker_pipeline::30.146*3.55] mapped 331920 sequences
[M::worker_pipeline::30.745*3.55] mapped 331928 sequences
[M::worker_pipeline::31.319*3.56] mapped 331946 sequences
[M::worker_pipeline::31.929*3.56] mapped 331966 sequences
[M::worker_pipeline::32.485*3.57] mapped 331914 sequences
[M::worker_pipeline::33.057*3.57] mapped 331980 sequences
[M::worker_pipeline::33.696*3.57] mapped 331986 sequences
[M::worker_pipeline::34.309*3.57] mapped 331976 sequences
[M::worker_pipeline::34.920*3.58] mapped 331990 sequences
[M::worker_pipeline::35.504*3.58] mapped 332024 sequences
[M::worker_pipeline::36.097*3.58] mapped 332016 sequences
[M::worker_pipeline::36.662*3.59] mapped 332014 sequences
[M::worker_pipeline::37.250*3.59] mapped 332022 sequences
[M::worker_pipeline::37.841*3.59] mapped 332120 sequences
[M::worker_pipeline::38.425*3.60] mapped 332624 sequences
[M::worker_pipeline::39.036*3.60] mapped 332594 sequences
[M::worker_pipeline::39.649*3.60] mapped 332478 sequences
[M::worker_pipeline::40.266*3.60] mapped 332424 sequences
[M::worker_pipeline::40.870*3.60] mapped 332310 sequences
[M::worker_pipeline::41.424*3.61] mapped 332238 sequences
[M::worker_pipeline::42.053*3.61] mapped 332262 sequences
[M::worker_pipeline::42.668*3.61] mapped 332270 sequences
[M::worker_pipeline::43.243*3.61] mapped 332190 sequences
[M::worker_pipeline::43.837*3.61] mapped 332154 sequences
[M::worker_pipeline::44.442*3.61] mapped 332216 sequences
[M::worker_pipeline::45.022*3.62] mapped 332174 sequences
[M::worker_pipeline::45.683*3.61] mapped 332220 sequences
[M::worker_pipeline::46.259*3.62] mapped 332214 sequences
[M::worker_pipeline::46.868*3.62] mapped 332270 sequences
[M::worker_pipeline::47.453*3.62] mapped 332236 sequences
[M::worker_pipeline::48.060*3.62] mapped 332224 sequences
[M::worker_pipeline::48.632*3.63] mapped 332158 sequences
[M::worker_pipeline::49.271*3.62] mapped 332120 sequences
[M::worker_pipeline::49.879*3.63] mapped 332070 sequences
[M::worker_pipeline::50.496*3.63] mapped 332148 sequences
[M::worker_pipeline::51.062*3.63] mapped 332068 sequences
[M::worker_pipeline::51.661*3.63] mapped 332110 sequences
[M::worker_pipeline::52.257*3.63] mapped 332118 sequences
[M::worker_pipeline::52.908*3.63] mapped 332050 sequences
[M::worker_pipeline::53.541*3.63] mapped 332048 sequences
[M::worker_pipeline::54.151*3.63] mapped 332086 sequences
[M::worker_pipeline::54.722*3.63] mapped 332106 sequences
[M::worker_pipeline::55.319*3.64] mapped 332052 sequences
[M::worker_pipeline::55.928*3.64] mapped 332096 sequences
[M::worker_pipeline::56.538*3.64] mapped 332034 sequences
[M::worker_pipeline::57.120*3.64] mapped 332056 sequences
[M::worker_pipeline::57.739*3.64] mapped 332006 sequences
[M::worker_pipeline::58.319*3.64] mapped 332036 sequences
[M::worker_pipeline::58.929*3.64] mapped 332008 sequences
[M::worker_pipeline::59.523*3.64] mapped 332076 sequences
[M::worker_pipeline::60.180*3.64] mapped 332040 sequences
[M::worker_pipeline::60.816*3.64] mapped 332016 sequences
[M::worker_pipeline::61.366*3.64] mapped 331996 sequences
[M::worker_pipeline::62.007*3.64] mapped 332018 sequences
[M::worker_pipeline::62.609*3.64] mapped 332018 sequences
[M::worker_pipeline::63.176*3.65] mapped 331980 sequences
[M::worker_pipeline::63.791*3.65] mapped 332002 sequences
[M::worker_pipeline::64.362*3.65] mapped 331996 sequences
[M::worker_pipeline::64.968*3.65] mapped 331966 sequences
[M::worker_pipeline::71.932*3.39] mapped 331986 sequences
[M::worker_pipeline::72.124*3.38] mapped 332000 sequences
[M::worker_pipeline::72.307*3.38] mapped 331982 sequences
[M::worker_pipeline::73.151*3.37] mapped 331998 sequences
[M::worker_pipeline::73.861*3.37] mapped 332012 sequences
[M::worker_pipeline::74.496*3.37] mapped 331970 sequences
[M::worker_pipeline::75.100*3.37] mapped 331994 sequences
[M::worker_pipeline::75.689*3.37] mapped 331976 sequences
[M::worker_pipeline::76.283*3.38] mapped 332058 sequences
[M::worker_pipeline::76.880*3.38] mapped 332038 sequences
[M::worker_pipeline::77.527*3.38] mapped 332098 sequences
[M::worker_pipeline::78.149*3.38] mapped 332112 sequences
[M::worker_pipeline::78.750*3.39] mapped 332124 sequences
[M::worker_pipeline::79.345*3.39] mapped 332168 sequences
[M::worker_pipeline::79.931*3.39] mapped 332152 sequences
[M::worker_pipeline::80.519*3.39] mapped 332614 sequences
[M::worker_pipeline::81.128*3.40] mapped 332528 sequences
[M::worker_pipeline::81.772*3.40] mapped 332534 sequences
[M::worker_pipeline::82.372*3.40] mapped 332426 sequences
[M::worker_pipeline::83.009*3.40] mapped 332342 sequences
[M::worker_pipeline::83.585*3.41] mapped 332364 sequences
[M::worker_pipeline::84.221*3.41] mapped 332342 sequences
[M::worker_pipeline::84.863*3.41] mapped 332302 sequences
[M::worker_pipeline::85.437*3.41] mapped 332254 sequences
[M::worker_pipeline::86.031*3.42] mapped 332190 sequences
[M::worker_pipeline::86.634*3.42] mapped 332200 sequences
[M::worker_pipeline::87.212*3.42] mapped 332242 sequences
[M::worker_pipeline::87.797*3.43] mapped 332188 sequences
[M::worker_pipeline::88.411*3.43] mapped 332294 sequences
[M::worker_pipeline::88.997*3.43] mapped 332362 sequences
[M::worker_pipeline::89.610*3.43] mapped 332394 sequences
[M::worker_pipeline::90.237*3.44] mapped 332458 sequences
[M::worker_pipeline::90.825*3.44] mapped 332698 sequences
[M::worker_pipeline::91.434*3.44] mapped 332354 sequences
[M::worker_pipeline::92.027*3.44] mapped 332296 sequences
[M::worker_pipeline::92.648*3.44] mapped 332288 sequences
[M::worker_pipeline::93.241*3.44] mapped 332340 sequences
[M::worker_pipeline::93.844*3.45] mapped 332300 sequences
[M::worker_pipeline::94.428*3.45] mapped 332162 sequences
[M::worker_pipeline::95.057*3.45] mapped 332098 sequences
[M::worker_pipeline::95.659*3.45] mapped 332102 sequences
[M::worker_pipeline::96.216*3.45] mapped 332134 sequences
[M::worker_pipeline::96.878*3.45] mapped 332580 sequences
[M::worker_pipeline::97.482*3.45] mapped 332158 sequences
[M::worker_pipeline::98.072*3.46] mapped 332068 sequences
[M::worker_pipeline::98.672*3.46] mapped 332102 sequences
[M::worker_pipeline::99.271*3.46] mapped 332100 sequences
[M::worker_pipeline::99.869*3.46] mapped 332106 sequences
[M::worker_pipeline::100.448*3.47] mapped 332102 sequences
[M::worker_pipeline::101.078*3.47] mapped 332052 sequences
[M::worker_pipeline::101.672*3.47] mapped 332092 sequences
[M::worker_pipeline::102.275*3.47] mapped 332066 sequences
[M::worker_pipeline::102.829*3.47] mapped 332046 sequences
[M::worker_pipeline::103.421*3.48] mapped 331986 sequences
[M::worker_pipeline::104.032*3.48] mapped 331950 sequences
[M::worker_pipeline::104.631*3.48] mapped 331962 sequences
[M::worker_pipeline::105.225*3.48] mapped 332016 sequences
[M::worker_pipeline::105.822*3.48] mapped 331950 sequences
[M::worker_pipeline::106.445*3.48] mapped 331928 sequences
[M::worker_pipeline::107.059*3.48] mapped 331930 sequences
[M::worker_pipeline::107.646*3.49] mapped 331936 sequences
[M::worker_pipeline::108.272*3.49] mapped 331908 sequences
[M::worker_pipeline::108.808*3.49] mapped 331904 sequences
[M::worker_pipeline::109.420*3.49] mapped 331928 sequences
[M::worker_pipeline::110.019*3.49] mapped 331908 sequences
[M::worker_pipeline::110.564*3.49] mapped 331900 sequences
[M::worker_pipeline::111.168*3.49] mapped 331936 sequences
[M::worker_pipeline::111.765*3.50] mapped 331944 sequences
[M::worker_pipeline::112.338*3.50] mapped 331970 sequences
[M::worker_pipeline::112.930*3.50] mapped 332004 sequences
[M::worker_pipeline::113.530*3.50] mapped 332088 sequences
[M::worker_pipeline::114.119*3.50] mapped 331996 sequences
[M::worker_pipeline::114.713*3.50] mapped 332020 sequences
[M::worker_pipeline::115.326*3.50] mapped 332050 sequences
[M::worker_pipeline::115.944*3.50] mapped 332050 sequences
[M::worker_pipeline::116.542*3.51] mapped 332640 sequences
[M::worker_pipeline::117.143*3.51] mapped 332840 sequences
[M::worker_pipeline::117.749*3.51] mapped 332586 sequences
[M::worker_pipeline::118.359*3.51] mapped 332568 sequences
[M::worker_pipeline::119.017*3.51] mapped 332454 sequences
[M::worker_pipeline::119.623*3.51] mapped 332362 sequences
[M::worker_pipeline::120.257*3.51] mapped 332320 sequences
[M::worker_pipeline::120.837*3.51] mapped 332312 sequences
[M::worker_pipeline::121.430*3.52] mapped 332298 sequences
[M::worker_pipeline::121.999*3.52] mapped 332252 sequences
[M::worker_pipeline::122.587*3.52] mapped 332290 sequences
[M::worker_pipeline::123.190*3.52] mapped 332352 sequences
[M::worker_pipeline::123.780*3.52] mapped 332346 sequences
[M::worker_pipeline::124.367*3.52] mapped 332378 sequences
[M::worker_pipeline::125.040*3.52] mapped 332500 sequences
[M::worker_pipeline::125.667*3.52] mapped 332526 sequences
[M::worker_pipeline::126.260*3.52] mapped 332472 sequences
[M::worker_pipeline::126.857*3.52] mapped 332384 sequences
[M::worker_pipeline::127.500*3.52] mapped 332286 sequences
[M::worker_pipeline::128.079*3.53] mapped 332336 sequences
[M::worker_pipeline::128.695*3.53] mapped 332282 sequences
[M::worker_pipeline::129.315*3.53] mapped 332360 sequences
[M::worker_pipeline::129.911*3.53] mapped 332394 sequences
[M::worker_pipeline::130.512*3.53] mapped 332314 sequences
[M::worker_pipeline::131.142*3.53] mapped 332230 sequences
[M::worker_pipeline::131.732*3.53] mapped 332242 sequences
[M::worker_pipeline::132.301*3.53] mapped 332186 sequences
[M::worker_pipeline::132.923*3.53] mapped 332174 sequences
[M::worker_pipeline::133.527*3.53] mapped 332272 sequences
[M::worker_pipeline::134.117*3.54] mapped 332282 sequences
[M::worker_pipeline::134.687*3.54] mapped 332276 sequences
[M::worker_pipeline::142.076*3.40] mapped 332230 sequences
[M::worker_pipeline::142.261*3.39] mapped 332210 sequences
[M::worker_pipeline::142.448*3.39] mapped 332222 sequences
[M::worker_pipeline::143.268*3.39] mapped 332200 sequences
[M::worker_pipeline::144.031*3.39] mapped 332146 sequences
[M::worker_pipeline::144.610*3.39] mapped 332142 sequences
[M::worker_pipeline::145.205*3.39] mapped 332092 sequences
[M::worker_pipeline::145.786*3.39] mapped 332128 sequences
[M::worker_pipeline::146.432*3.39] mapped 332136 sequences
[M::worker_pipeline::147.016*3.39] mapped 332144 sequences
[M::worker_pipeline::147.672*3.39] mapped 332120 sequences
[M::worker_pipeline::148.352*3.39] mapped 332108 sequences
[M::worker_pipeline::149.014*3.39] mapped 331988 sequences
[M::worker_pipeline::149.748*3.39] mapped 331984 sequences
[M::worker_pipeline::150.391*3.39] mapped 332096 sequences
[M::worker_pipeline::150.966*3.39] mapped 332048 sequences
[M::worker_pipeline::151.579*3.39] mapped 331982 sequences
[M::worker_pipeline::152.163*3.40] mapped 332020 sequences
[M::worker_pipeline::152.804*3.40] mapped 332002 sequences
[M::worker_pipeline::153.383*3.40] mapped 331964 sequences
[M::worker_pipeline::153.984*3.40] mapped 332074 sequences
[M::worker_pipeline::154.610*3.40] mapped 332042 sequences
[M::worker_pipeline::155.204*3.40] mapped 332080 sequences
[M::worker_pipeline::155.805*3.40] mapped 332132 sequences
[M::worker_pipeline::156.376*3.41] mapped 332128 sequences
[M::worker_pipeline::156.990*3.41] mapped 332164 sequences
[M::worker_pipeline::157.601*3.41] mapped 332200 sequences
[M::worker_pipeline::158.218*3.41] mapped 332208 sequences
[M::worker_pipeline::158.846*3.41] mapped 332266 sequences
[M::worker_pipeline::159.467*3.41] mapped 332690 sequences
[M::worker_pipeline::160.060*3.41] mapped 332906 sequences
[M::worker_pipeline::160.699*3.41] mapped 332532 sequences
[M::worker_pipeline::161.295*3.42] mapped 332402 sequences
[M::worker_pipeline::161.855*3.42] mapped 332482 sequences
[M::worker_pipeline::162.461*3.42] mapped 332434 sequences
[M::worker_pipeline::163.067*3.42] mapped 332322 sequences
[M::worker_pipeline::163.668*3.42] mapped 332254 sequences
[M::worker_pipeline::164.220*3.42] mapped 332254 sequences
[M::worker_pipeline::164.820*3.42] mapped 332240 sequences
[M::worker_pipeline::165.400*3.43] mapped 332252 sequences
[M::worker_pipeline::166.000*3.43] mapped 332252 sequences
[M::worker_pipeline::166.642*3.43] mapped 332252 sequences
[M::worker_pipeline::167.187*3.43] mapped 332214 sequences
[M::worker_pipeline::167.837*3.43] mapped 332212 sequences
[M::worker_pipeline::168.452*3.43] mapped 332232 sequences
[M::worker_pipeline::169.003*3.43] mapped 332188 sequences
[M::worker_pipeline::169.610*3.43] mapped 332174 sequences
[M::worker_pipeline::170.205*3.44] mapped 332218 sequences
[M::worker_pipeline::170.804*3.44] mapped 332226 sequences
[M::worker_pipeline::171.366*3.44] mapped 332158 sequences
[M::worker_pipeline::171.962*3.44] mapped 332138 sequences
[M::worker_pipeline::172.530*3.44] mapped 332138 sequences
[M::worker_pipeline::173.135*3.44] mapped 332106 sequences
[M::worker_pipeline::173.749*3.44] mapped 332124 sequences
[M::worker_pipeline::174.396*3.44] mapped 332196 sequences
[M::worker_pipeline::174.997*3.44] mapped 332188 sequences
[M::worker_pipeline::175.591*3.45] mapped 332114 sequences
[M::worker_pipeline::176.171*3.45] mapped 332062 sequences
[M::worker_pipeline::176.755*3.45] mapped 332108 sequences
[M::worker_pipeline::177.350*3.45] mapped 332098 sequences
[M::worker_pipeline::177.928*3.45] mapped 332054 sequences
[M::worker_pipeline::178.505*3.45] mapped 332076 sequences
[M::worker_pipeline::179.111*3.45] mapped 332120 sequences
[M::worker_pipeline::179.695*3.45] mapped 332074 sequences
[M::worker_pipeline::180.318*3.46] mapped 332098 sequences
[M::worker_pipeline::180.914*3.46] mapped 332100 sequences
[M::worker_pipeline::181.517*3.46] mapped 332086 sequences
[M::worker_pipeline::182.137*3.46] mapped 332144 sequences
[M::worker_pipeline::182.699*3.46] mapped 332124 sequences
[M::worker_pipeline::183.280*3.46] mapped 332126 sequences
[M::worker_pipeline::183.869*3.46] mapped 332160 sequences
[M::worker_pipeline::184.463*3.46] mapped 332174 sequences
[M::worker_pipeline::185.080*3.46] mapped 332176 sequences
[M::worker_pipeline::185.648*3.46] mapped 332222 sequences
[M::worker_pipeline::186.238*3.47] mapped 332214 sequences
[M::worker_pipeline::186.833*3.47] mapped 332246 sequences
[M::worker_pipeline::187.423*3.47] mapped 332332 sequences
[M::worker_pipeline::188.017*3.47] mapped 332336 sequences
[M::worker_pipeline::188.609*3.47] mapped 332310 sequences
[M::worker_pipeline::189.204*3.47] mapped 332308 sequences
[M::worker_pipeline::189.765*3.47] mapped 332328 sequences
[M::worker_pipeline::190.372*3.47] mapped 332238 sequences
[M::worker_pipeline::190.978*3.47] mapped 332144 sequences
[M::worker_pipeline::191.571*3.47] mapped 332094 sequences
[M::worker_pipeline::192.214*3.47] mapped 332014 sequences
[M::worker_pipeline::192.790*3.48] mapped 332042 sequences
[M::worker_pipeline::193.387*3.48] mapped 332054 sequences
[M::worker_pipeline::193.999*3.48] mapped 332392 sequences
[M::worker_pipeline::194.594*3.48] mapped 332604 sequences
[M::worker_pipeline::195.181*3.48] mapped 332402 sequences
[M::worker_pipeline::195.731*3.48] mapped 332362 sequences
[M::worker_pipeline::196.309*3.48] mapped 332376 sequences
[M::worker_pipeline::196.983*3.48] mapped 332242 sequences
[M::worker_pipeline::197.580*3.48] mapped 332258 sequences
[M::worker_pipeline::198.175*3.48] mapped 332214 sequences
[M::worker_pipeline::198.758*3.48] mapped 332176 sequences
[M::worker_pipeline::199.333*3.49] mapped 332180 sequences
[M::worker_pipeline::199.963*3.49] mapped 332128 sequences
[M::worker_pipeline::200.571*3.49] mapped 332158 sequences
[M::worker_pipeline::201.187*3.49] mapped 332182 sequences
[M::worker_pipeline::201.737*3.49] mapped 332126 sequences
[M::worker_pipeline::202.359*3.49] mapped 332244 sequences
[M::worker_pipeline::202.907*3.49] mapped 332230 sequences
[M::worker_pipeline::203.508*3.49] mapped 332158 sequences
[M::worker_pipeline::204.153*3.49] mapped 332166 sequences
[M::worker_pipeline::204.831*3.49] mapped 332176 sequences
[M::worker_pipeline::209.844*3.44] mapped 332180 sequences
[M::worker_pipeline::210.018*3.44] mapped 332092 sequences
[M::worker_pipeline::210.195*3.43] mapped 332078 sequences
[M::worker_pipeline::210.711*3.44] mapped 332046 sequences
[M::worker_pipeline::211.312*3.44] mapped 332048 sequences
[M::worker_pipeline::211.902*3.44] mapped 332050 sequences
[M::worker_pipeline::212.475*3.44] mapped 332022 sequences
[M::worker_pipeline::213.098*3.44] mapped 332050 sequences
[M::worker_pipeline::213.682*3.44] mapped 332046 sequences
[M::worker_pipeline::214.264*3.44] mapped 332034 sequences
[M::worker_pipeline::214.849*3.44] mapped 332032 sequences
[M::worker_pipeline::215.434*3.44] mapped 332014 sequences
[M::worker_pipeline::216.047*3.44] mapped 332016 sequences
[M::worker_pipeline::216.658*3.45] mapped 331986 sequences
[M::worker_pipeline::217.269*3.45] mapped 332020 sequences
[M::worker_pipeline::217.860*3.45] mapped 332086 sequences
[M::worker_pipeline::218.446*3.45] mapped 332128 sequences
[M::worker_pipeline::219.022*3.45] mapped 332068 sequences
[M::worker_pipeline::219.677*3.45] mapped 332046 sequences
[M::worker_pipeline::220.374*3.45] mapped 332000 sequences
[M::worker_pipeline::221.052*3.45] mapped 332066 sequences
[M::worker_pipeline::221.697*3.45] mapped 331992 sequences
[M::worker_pipeline::222.262*3.45] mapped 332034 sequences
[M::worker_pipeline::222.862*3.45] mapped 332018 sequences
[M::worker_pipeline::223.434*3.45] mapped 332036 sequences
[M::worker_pipeline::224.022*3.45] mapped 332082 sequences
[M::worker_pipeline::224.630*3.45] mapped 332124 sequences
[M::worker_pipeline::225.209*3.46] mapped 332064 sequences
[M::worker_pipeline::225.797*3.46] mapped 332150 sequences
[M::worker_pipeline::226.436*3.46] mapped 332180 sequences
[M::worker_pipeline::227.046*3.46] mapped 332168 sequences
[M::worker_pipeline::227.631*3.46] mapped 332172 sequences
[M::worker_pipeline::228.211*3.46] mapped 332196 sequences
[M::worker_pipeline::228.810*3.46] mapped 332178 sequences
[M::worker_pipeline::229.382*3.46] mapped 332134 sequences
[M::worker_pipeline::229.979*3.46] mapped 331996 sequences
[M::worker_pipeline::230.624*3.46] mapped 332038 sequences
[M::worker_pipeline::231.213*3.46] mapped 331996 sequences
[M::worker_pipeline::231.802*3.46] mapped 332046 sequences
[M::worker_pipeline::232.395*3.47] mapped 332244 sequences
[M::worker_pipeline::232.968*3.47] mapped 332600 sequences
[M::worker_pipeline::233.556*3.47] mapped 332520 sequences
[M::worker_pipeline::234.146*3.47] mapped 332306 sequences
[M::worker_pipeline::234.740*3.47] mapped 332248 sequences
[M::worker_pipeline::235.327*3.47] mapped 332268 sequences
[M::worker_pipeline::235.898*3.47] mapped 332204 sequences
[M::worker_pipeline::236.532*3.47] mapped 332170 sequences
[M::worker_pipeline::237.095*3.47] mapped 332142 sequences
[M::worker_pipeline::237.733*3.47] mapped 332112 sequences
[M::worker_pipeline::238.328*3.47] mapped 332074 sequences
[M::worker_pipeline::238.917*3.47] mapped 332112 sequences
[M::worker_pipeline::239.540*3.47] mapped 332106 sequences
[M::worker_pipeline::240.135*3.47] mapped 332058 sequences
[M::worker_pipeline::240.722*3.47] mapped 332112 sequences
[M::worker_pipeline::241.345*3.48] mapped 332106 sequences
[M::worker_pipeline::241.920*3.48] mapped 332066 sequences
[M::worker_pipeline::242.490*3.48] mapped 332378 sequences
[M::worker_pipeline::243.100*3.48] mapped 332022 sequences
[M::worker_pipeline::243.674*3.48] mapped 332068 sequences
[M::worker_pipeline::244.258*3.48] mapped 332032 sequences
[M::worker_pipeline::244.836*3.48] mapped 332068 sequences
[M::worker_pipeline::245.434*3.48] mapped 332102 sequences
[M::worker_pipeline::246.037*3.48] mapped 332040 sequences
[M::worker_pipeline::246.639*3.48] mapped 332048 sequences
[M::worker_pipeline::247.251*3.48] mapped 332012 sequences
[M::worker_pipeline::247.863*3.48] mapped 332014 sequences
[M::worker_pipeline::248.410*3.48] mapped 332048 sequences
[M::worker_pipeline::249.006*3.49] mapped 332008 sequences
[M::worker_pipeline::249.631*3.49] mapped 332052 sequences
[M::worker_pipeline::250.201*3.49] mapped 332030 sequences
[M::worker_pipeline::250.827*3.49] mapped 332012 sequences
[M::worker_pipeline::251.441*3.49] mapped 331986 sequences
[M::worker_pipeline::252.027*3.49] mapped 332176 sequences
[M::worker_pipeline::252.599*3.49] mapped 332216 sequences
[M::worker_pipeline::253.208*3.49] mapped 332312 sequences
[M::worker_pipeline::253.777*3.49] mapped 332210 sequences
[M::worker_pipeline::254.380*3.49] mapped 332234 sequences
[M::worker_pipeline::254.997*3.49] mapped 332042 sequences
[M::worker_pipeline::255.574*3.49] mapped 332034 sequences
[M::worker_pipeline::256.139*3.49] mapped 332048 sequences
[M::worker_pipeline::256.751*3.49] mapped 332038 sequences
[M::worker_pipeline::257.364*3.49] mapped 332032 sequences
[M::worker_pipeline::257.936*3.50] mapped 332038 sequences
[M::worker_pipeline::258.512*3.50] mapped 332074 sequences
[M::worker_pipeline::259.105*3.50] mapped 332104 sequences
[M::worker_pipeline::259.716*3.50] mapped 332100 sequences
[M::worker_pipeline::260.313*3.50] mapped 332116 sequences
[M::worker_pipeline::260.890*3.50] mapped 332124 sequences
[M::worker_pipeline::261.481*3.50] mapped 332196 sequences
[M::worker_pipeline::262.090*3.50] mapped 332172 sequences
[M::worker_pipeline::262.656*3.50] mapped 332212 sequences
[M::worker_pipeline::263.271*3.50] mapped 332208 sequences
[M::worker_pipeline::263.908*3.50] mapped 332224 sequences
[M::worker_pipeline::264.480*3.50] mapped 332076 sequences
[M::worker_pipeline::265.095*3.51] mapped 331998 sequences
[M::worker_pipeline::265.658*3.51] mapped 332018 sequences
[M::worker_pipeline::266.269*3.51] mapped 332060 sequences
[M::worker_pipeline::266.843*3.51] mapped 332058 sequences
[M::worker_pipeline::267.446*3.51] mapped 332602 sequences
[M::worker_pipeline::268.044*3.51] mapped 332564 sequences
[M::worker_pipeline::268.663*3.51] mapped 332552 sequences
[M::worker_pipeline::269.286*3.51] mapped 332442 sequences
[M::worker_pipeline::269.881*3.51] mapped 332474 sequences
[M::worker_pipeline::270.470*3.51] mapped 332392 sequences
[M::worker_pipeline::271.099*3.51] mapped 332364 sequences
[M::worker_pipeline::276.223*3.47] mapped 332338 sequences
[M::worker_pipeline::276.402*3.47] mapped 332314 sequences
[M::worker_pipeline::276.576*3.47] mapped 332210 sequences
[M::worker_pipeline::277.075*3.47] mapped 332240 sequences
[M::worker_pipeline::277.669*3.47] mapped 332246 sequences
[M::worker_pipeline::278.285*3.47] mapped 332258 sequences
[M::worker_pipeline::278.859*3.47] mapped 332314 sequences
[M::worker_pipeline::279.468*3.47] mapped 332334 sequences
[M::worker_pipeline::280.063*3.47] mapped 332328 sequences
[M::worker_pipeline::280.663*3.47] mapped 332426 sequences
[M::worker_pipeline::281.242*3.47] mapped 332286 sequences
[M::worker_pipeline::281.828*3.47] mapped 332272 sequences
[M::worker_pipeline::282.400*3.48] mapped 332210 sequences
[M::worker_pipeline::283.023*3.48] mapped 332200 sequences
[M::worker_pipeline::283.622*3.48] mapped 332216 sequences
[M::worker_pipeline::284.233*3.48] mapped 332142 sequences
[M::worker_pipeline::284.844*3.48] mapped 332108 sequences
[M::worker_pipeline::285.438*3.48] mapped 332130 sequences
[M::worker_pipeline::286.032*3.48] mapped 332140 sequences
[M::worker_pipeline::286.613*3.48] mapped 332114 sequences
[M::worker_pipeline::287.200*3.48] mapped 332136 sequences
[M::worker_pipeline::287.786*3.48] mapped 332114 sequences
[M::worker_pipeline::288.345*3.48] mapped 332100 sequences
[M::worker_pipeline::288.999*3.48] mapped 332112 sequences
[M::worker_pipeline::289.611*3.48] mapped 332126 sequences
[M::worker_pipeline::290.199*3.48] mapped 332428 sequences
[M::worker_pipeline::290.775*3.48] mapped 332594 sequences
[M::worker_pipeline::291.389*3.48] mapped 332518 sequences
[M::worker_pipeline::292.057*3.48] mapped 332472 sequences
[M::worker_pipeline::292.690*3.48] mapped 332340 sequences
[M::worker_pipeline::293.300*3.48] mapped 332082 sequences
[M::worker_pipeline::294.051*3.48] mapped 332062 sequences
[M::worker_pipeline::294.753*3.48] mapped 332076 sequences
[M::worker_pipeline::295.414*3.48] mapped 332058 sequences
[M::worker_pipeline::296.041*3.48] mapped 332072 sequences
[M::worker_pipeline::296.631*3.48] mapped 332092 sequences
[M::worker_pipeline::297.178*3.48] mapped 332138 sequences
[M::worker_pipeline::297.806*3.48] mapped 332128 sequences
[M::worker_pipeline::298.413*3.48] mapped 332094 sequences
[M::worker_pipeline::299.003*3.48] mapped 332126 sequences
[M::worker_pipeline::299.598*3.49] mapped 332152 sequences
[M::worker_pipeline::300.226*3.49] mapped 332134 sequences
[M::worker_pipeline::300.828*3.49] mapped 332112 sequences
[M::worker_pipeline::301.407*3.49] mapped 332116 sequences
[M::worker_pipeline::302.022*3.49] mapped 332146 sequences
[M::worker_pipeline::302.589*3.49] mapped 332036 sequences
[M::worker_pipeline::303.188*3.49] mapped 332034 sequences
[M::worker_pipeline::303.749*3.49] mapped 332018 sequences
[M::worker_pipeline::304.370*3.49] mapped 331958 sequences
[M::worker_pipeline::304.962*3.49] mapped 332030 sequences
[M::worker_pipeline::305.552*3.49] mapped 332020 sequences
[M::worker_pipeline::305.698*3.49] mapped 143692 sequences
[M::main] Version: 2.22-r1101
[M::main] CMD: minimap2 --secondary=no -t 16 -R @RG\tID:snippy\tSM:snippy -ax sr /work/FAC/FBM/DMF/smitri/evomicrocomm/genome_size/data/ms/reference.fasta /work/FAC/FBM/DMF/smitri/evomicrocomm/genome_size/data/T44.3.2/read1.fq.gz /work/FAC/FBM/DMF/smitri/evomicrocomm/genome_size/data/T44.3.2/read2.fq.gz
[M::main] Real time: 305.712 sec; CPU: 1067.535 sec; Peak RSS: 0.492 GB
[bam_sort_core] merging from 64 files and 16 in-memory blocks...
[Sun Oct 17 22:39:50 2021]
Finished job 0.
1 of 1 steps (100%) done
