Building DAG of jobs...
Using shell: /usr/bin/bash
Provided cores: 16
Rules claiming more threads will be scaled down.
Select jobs to execute...

[Fri Oct 15 16:08:12 2021]
rule mapping:
    input: /work/FAC/FBM/DMF/smitri/evomicrocomm/genome_size/data/oa/reference.fasta, /work/FAC/FBM/DMF/smitri/evomicrocomm/genome_size/data/T44.4.1/read1.fq.gz, /work/FAC/FBM/DMF/smitri/evomicrocomm/genome_size/data/T44.4.1/read2.fq.gz
    output: /work/FAC/FBM/DMF/smitri/evomicrocomm/genome_size/data/T44.4.1/oa/mapped_reads.sorted.bam
    jobid: 0
    wildcards: sample=T44.4.1, strain=oa
    threads: 16
    resources: mem_mb=22465, disk_mb=22465, tmpdir=/tmp/2811861

[M::mm_idx_gen::0.164*0.70] collected minimizers
[M::mm_idx_gen::0.187*1.74] sorted minimizers
[M::main::0.187*1.74] loaded/built the index for 2 target sequence(s)
[M::mm_mapopt_update::0.187*1.74] mid_occ = 1000
[M::mm_idx_stat] kmer size: 21; skip: 11; is_hpc: 0; #seq: 2
[M::mm_idx_stat::0.198*1.70] distinct minimizers: 845953 (98.53% are singletons); average occurrences: 1.019; average spacing: 5.999; total length: 5169535
[M::worker_pipeline::1.259*2.55] mapped 332812 sequences
[M::worker_pipeline::2.078*2.81] mapped 332752 sequences
[M::worker_pipeline::2.803*3.01] mapped 332684 sequences
[M::worker_pipeline::3.590*3.12] mapped 332586 sequences
[M::worker_pipeline::4.335*3.20] mapped 332556 sequences
[M::worker_pipeline::4.972*3.30] mapped 332504 sequences
[M::worker_pipeline::5.615*3.40] mapped 332458 sequences
[M::worker_pipeline::6.169*3.52] mapped 332422 sequences
[M::worker_pipeline::6.736*3.61] mapped 332388 sequences
[M::worker_pipeline::7.312*3.66] mapped 332328 sequences
[M::worker_pipeline::7.924*3.71] mapped 332338 sequences
[M::worker_pipeline::8.535*3.75] mapped 332284 sequences
[M::worker_pipeline::9.082*3.80] mapped 332270 sequences
[M::worker_pipeline::9.661*3.83] mapped 332298 sequences
[M::worker_pipeline::10.273*3.85] mapped 332240 sequences
[M::worker_pipeline::10.893*3.88] mapped 332224 sequences
[M::worker_pipeline::11.457*3.91] mapped 332324 sequences
[M::worker_pipeline::12.084*3.92] mapped 332292 sequences
[M::worker_pipeline::12.679*3.94] mapped 332276 sequences
[M::worker_pipeline::13.322*3.94] mapped 332248 sequences
[M::worker_pipeline::13.842*3.97] mapped 332262 sequences
[M::worker_pipeline::14.430*3.98] mapped 332256 sequences
[M::worker_pipeline::15.027*4.00] mapped 332266 sequences
[M::worker_pipeline::15.619*4.01] mapped 332212 sequences
[M::worker_pipeline::16.219*4.02] mapped 332256 sequences
[M::worker_pipeline::16.752*4.05] mapped 332228 sequences
[M::worker_pipeline::17.361*4.05] mapped 332220 sequences
[M::worker_pipeline::18.015*4.05] mapped 332210 sequences
[M::worker_pipeline::18.577*4.07] mapped 332188 sequences
[M::worker_pipeline::19.156*4.08] mapped 332166 sequences
[M::worker_pipeline::19.777*4.09] mapped 332208 sequences
[M::worker_pipeline::20.348*4.10] mapped 332266 sequences
[M::worker_pipeline::20.923*4.10] mapped 332210 sequences
[M::worker_pipeline::21.528*4.11] mapped 332188 sequences
[M::worker_pipeline::22.086*4.12] mapped 332138 sequences
[M::worker_pipeline::22.715*4.13] mapped 332080 sequences
[M::worker_pipeline::23.337*4.13] mapped 332080 sequences
[M::worker_pipeline::23.901*4.14] mapped 332058 sequences
[M::worker_pipeline::24.474*4.14] mapped 332048 sequences
[M::worker_pipeline::25.115*4.14] mapped 332096 sequences
[M::worker_pipeline::25.762*4.14] mapped 332056 sequences
[M::worker_pipeline::26.341*4.14] mapped 332074 sequences
[M::worker_pipeline::26.931*4.15] mapped 332078 sequences
[M::worker_pipeline::27.563*4.15] mapped 332010 sequences
[M::worker_pipeline::28.166*4.16] mapped 331956 sequences
[M::worker_pipeline::28.675*4.17] mapped 332028 sequences
[M::worker_pipeline::29.322*4.17] mapped 332024 sequences
[M::worker_pipeline::29.843*4.18] mapped 331994 sequences
[M::worker_pipeline::30.468*4.17] mapped 332022 sequences
[M::worker_pipeline::31.091*4.17] mapped 331950 sequences
[M::worker_pipeline::31.669*4.18] mapped 331966 sequences
[M::worker_pipeline::32.211*4.19] mapped 331934 sequences
[M::worker_pipeline::32.808*4.19] mapped 331976 sequences
[M::worker_pipeline::33.407*4.19] mapped 331970 sequences
[M::worker_pipeline::33.988*4.20] mapped 331996 sequences
[M::worker_pipeline::34.524*4.21] mapped 331956 sequences
[M::worker_pipeline::35.143*4.20] mapped 331978 sequences
[M::worker_pipeline::35.667*4.21] mapped 331986 sequences
[M::worker_pipeline::36.292*4.21] mapped 331932 sequences
[M::worker_pipeline::36.881*4.22] mapped 331938 sequences
[M::worker_pipeline::37.402*4.22] mapped 332020 sequences
[M::worker_pipeline::37.999*4.22] mapped 331956 sequences
[M::worker_pipeline::38.619*4.22] mapped 332010 sequences
[M::worker_pipeline::39.178*4.22] mapped 332044 sequences
[M::worker_pipeline::39.719*4.23] mapped 331958 sequences
[M::worker_pipeline::40.334*4.23] mapped 331982 sequences
[M::worker_pipeline::40.933*4.23] mapped 332026 sequences
[M::worker_pipeline::41.453*4.24] mapped 331970 sequences
[M::worker_pipeline::42.047*4.24] mapped 332068 sequences
[M::worker_pipeline::42.733*4.24] mapped 332408 sequences
[M::worker_pipeline::43.328*4.24] mapped 332654 sequences
[M::worker_pipeline::43.923*4.24] mapped 332634 sequences
[M::worker_pipeline::44.515*4.24] mapped 332546 sequences
[M::worker_pipeline::45.139*4.24] mapped 332500 sequences
[M::worker_pipeline::45.757*4.24] mapped 332390 sequences
[M::worker_pipeline::46.336*4.24] mapped 332306 sequences
[M::worker_pipeline::46.886*4.25] mapped 332362 sequences
[M::worker_pipeline::47.503*4.25] mapped 332352 sequences
[M::worker_pipeline::48.052*4.25] mapped 332238 sequences
[M::worker_pipeline::48.605*4.26] mapped 332210 sequences
[M::worker_pipeline::49.256*4.26] mapped 332248 sequences
[M::worker_pipeline::49.880*4.25] mapped 332236 sequences
[M::worker_pipeline::50.471*4.25] mapped 332250 sequences
[M::worker_pipeline::51.095*4.25] mapped 332282 sequences
[M::worker_pipeline::51.685*4.25] mapped 332284 sequences
[M::worker_pipeline::52.236*4.26] mapped 332294 sequences
[M::worker_pipeline::52.853*4.26] mapped 332250 sequences
[M::worker_pipeline::53.415*4.26] mapped 332254 sequences
[M::worker_pipeline::53.995*4.26] mapped 332198 sequences
[M::worker_pipeline::54.595*4.26] mapped 332188 sequences
[M::worker_pipeline::55.189*4.26] mapped 332184 sequences
[M::worker_pipeline::55.795*4.26] mapped 332122 sequences
[M::worker_pipeline::56.375*4.26] mapped 332152 sequences
[M::worker_pipeline::56.940*4.27] mapped 332154 sequences
[M::worker_pipeline::57.505*4.27] mapped 332164 sequences
[M::worker_pipeline::58.139*4.27] mapped 332174 sequences
[M::worker_pipeline::58.711*4.27] mapped 332120 sequences
[M::worker_pipeline::59.282*4.27] mapped 332124 sequences
[M::worker_pipeline::59.914*4.27] mapped 332088 sequences
[M::worker_pipeline::60.477*4.27] mapped 332122 sequences
[M::worker_pipeline::61.062*4.27] mapped 332134 sequences
[M::worker_pipeline::61.638*4.27] mapped 332096 sequences
[M::worker_pipeline::62.211*4.27] mapped 332108 sequences
[M::worker_pipeline::62.865*4.27] mapped 332084 sequences
[M::worker_pipeline::63.401*4.27] mapped 332062 sequences
[M::worker_pipeline::70.354*3.95] mapped 332072 sequences
[M::worker_pipeline::70.498*3.95] mapped 332044 sequences
[M::worker_pipeline::70.688*3.94] mapped 332038 sequences
[M::worker_pipeline::71.256*3.94] mapped 332022 sequences
[M::worker_pipeline::71.815*3.95] mapped 332062 sequences
[M::worker_pipeline::72.423*3.95] mapped 332074 sequences
[M::worker_pipeline::72.985*3.96] mapped 332058 sequences
[M::worker_pipeline::73.598*3.96] mapped 332062 sequences
[M::worker_pipeline::74.177*3.96] mapped 332052 sequences
[M::worker_pipeline::74.750*3.97] mapped 332020 sequences
[M::worker_pipeline::75.307*3.97] mapped 332008 sequences
[M::worker_pipeline::75.951*3.97] mapped 332070 sequences
[M::worker_pipeline::76.544*3.97] mapped 331978 sequences
[M::worker_pipeline::77.119*3.98] mapped 331992 sequences
[M::worker_pipeline::77.709*3.98] mapped 332014 sequences
[M::worker_pipeline::78.315*3.98] mapped 331980 sequences
[M::worker_pipeline::78.887*3.99] mapped 331968 sequences
[M::worker_pipeline::79.466*3.99] mapped 331988 sequences
[M::worker_pipeline::80.043*3.99] mapped 332012 sequences
[M::worker_pipeline::80.638*3.99] mapped 332034 sequences
[M::worker_pipeline::81.193*4.00] mapped 331998 sequences
[M::worker_pipeline::81.777*4.00] mapped 331992 sequences
[M::worker_pipeline::82.330*4.00] mapped 331994 sequences
[M::worker_pipeline::82.928*4.01] mapped 331988 sequences
[M::worker_pipeline::83.497*4.01] mapped 332014 sequences
[M::worker_pipeline::84.068*4.01] mapped 331968 sequences
[M::worker_pipeline::84.641*4.02] mapped 332012 sequences
[M::worker_pipeline::85.219*4.02] mapped 332034 sequences
[M::worker_pipeline::85.758*4.02] mapped 332042 sequences
[M::worker_pipeline::86.330*4.03] mapped 332122 sequences
[M::worker_pipeline::86.994*4.02] mapped 332060 sequences
[M::worker_pipeline::87.620*4.03] mapped 332098 sequences
[M::worker_pipeline::88.156*4.03] mapped 332140 sequences
[M::worker_pipeline::88.810*4.03] mapped 332166 sequences
[M::worker_pipeline::89.398*4.03] mapped 332804 sequences
[M::worker_pipeline::89.948*4.04] mapped 332636 sequences
[M::worker_pipeline::90.617*4.04] mapped 332632 sequences
[M::worker_pipeline::91.185*4.04] mapped 332504 sequences
[M::worker_pipeline::91.732*4.04] mapped 332456 sequences
[M::worker_pipeline::92.362*4.04] mapped 332458 sequences
[M::worker_pipeline::92.949*4.04] mapped 332484 sequences
[M::worker_pipeline::93.509*4.05] mapped 332438 sequences
[M::worker_pipeline::94.115*4.05] mapped 332356 sequences
[M::worker_pipeline::94.738*4.05] mapped 332268 sequences
[M::worker_pipeline::95.335*4.05] mapped 332284 sequences
[M::worker_pipeline::95.919*4.05] mapped 332232 sequences
[M::worker_pipeline::96.519*4.05] mapped 332228 sequences
[M::worker_pipeline::97.119*4.06] mapped 332248 sequences
[M::worker_pipeline::97.751*4.06] mapped 332210 sequences
[M::worker_pipeline::98.310*4.06] mapped 332300 sequences
[M::worker_pipeline::98.865*4.06] mapped 332342 sequences
[M::worker_pipeline::99.488*4.06] mapped 332358 sequences
[M::worker_pipeline::100.102*4.06] mapped 332394 sequences
[M::worker_pipeline::100.687*4.06] mapped 332734 sequences
[M::worker_pipeline::101.276*4.07] mapped 332356 sequences
[M::worker_pipeline::101.915*4.07] mapped 332288 sequences
[M::worker_pipeline::102.521*4.07] mapped 332282 sequences
[M::worker_pipeline::103.124*4.07] mapped 332222 sequences
[M::worker_pipeline::103.657*4.07] mapped 332296 sequences
[M::worker_pipeline::104.268*4.07] mapped 332248 sequences
[M::worker_pipeline::104.872*4.07] mapped 332208 sequences
[M::worker_pipeline::105.403*4.08] mapped 332168 sequences
[M::worker_pipeline::106.014*4.08] mapped 332148 sequences
[M::worker_pipeline::106.637*4.08] mapped 332138 sequences
[M::worker_pipeline::107.223*4.08] mapped 332748 sequences
[M::worker_pipeline::107.795*4.08] mapped 332146 sequences
[M::worker_pipeline::108.406*4.08] mapped 332142 sequences
[M::worker_pipeline::108.966*4.08] mapped 332078 sequences
[M::worker_pipeline::109.579*4.08] mapped 332094 sequences
[M::worker_pipeline::110.150*4.08] mapped 332084 sequences
[M::worker_pipeline::110.774*4.09] mapped 332122 sequences
[M::worker_pipeline::111.312*4.09] mapped 332132 sequences
[M::worker_pipeline::111.877*4.09] mapped 332082 sequences
[M::worker_pipeline::112.467*4.09] mapped 332082 sequences
[M::worker_pipeline::113.055*4.09] mapped 332104 sequences
[M::worker_pipeline::113.593*4.10] mapped 332064 sequences
[M::worker_pipeline::114.203*4.10] mapped 332072 sequences
[M::worker_pipeline::114.857*4.10] mapped 331998 sequences
[M::worker_pipeline::115.418*4.10] mapped 331948 sequences
[M::worker_pipeline::115.988*4.10] mapped 331968 sequences
[M::worker_pipeline::116.622*4.10] mapped 331946 sequences
[M::worker_pipeline::117.212*4.10] mapped 331990 sequences
[M::worker_pipeline::117.785*4.11] mapped 331960 sequences
[M::worker_pipeline::118.380*4.11] mapped 331966 sequences
[M::worker_pipeline::118.931*4.11] mapped 331964 sequences
[M::worker_pipeline::119.516*4.11] mapped 331972 sequences
[M::worker_pipeline::120.114*4.11] mapped 331942 sequences
[M::worker_pipeline::120.651*4.11] mapped 331956 sequences
[M::worker_pipeline::121.265*4.12] mapped 331964 sequences
[M::worker_pipeline::121.844*4.12] mapped 331950 sequences
[M::worker_pipeline::122.433*4.12] mapped 331940 sequences
[M::worker_pipeline::123.017*4.12] mapped 331954 sequences
[M::worker_pipeline::123.617*4.12] mapped 331952 sequences
[M::worker_pipeline::124.206*4.12] mapped 331952 sequences
[M::worker_pipeline::124.775*4.12] mapped 331984 sequences
[M::worker_pipeline::125.317*4.12] mapped 331992 sequences
[M::worker_pipeline::125.866*4.13] mapped 331996 sequences
[M::worker_pipeline::126.479*4.13] mapped 332106 sequences
[M::worker_pipeline::127.058*4.13] mapped 332016 sequences
[M::worker_pipeline::127.653*4.13] mapped 332004 sequences
[M::worker_pipeline::128.309*4.13] mapped 332058 sequences
[M::worker_pipeline::128.906*4.13] mapped 332026 sequences
[M::worker_pipeline::129.497*4.13] mapped 332010 sequences
[M::worker_pipeline::130.110*4.13] mapped 332744 sequences
[M::worker_pipeline::130.710*4.13] mapped 332782 sequences
[M::worker_pipeline::136.050*4.02] mapped 332750 sequences
[M::worker_pipeline::136.229*4.02] mapped 332642 sequences
[M::worker_pipeline::136.419*4.01] mapped 332584 sequences
[M::worker_pipeline::136.933*4.02] mapped 332508 sequences
[M::worker_pipeline::137.549*4.02] mapped 332444 sequences
[M::worker_pipeline::138.163*4.02] mapped 332380 sequences
[M::worker_pipeline::138.737*4.02] mapped 332402 sequences
[M::worker_pipeline::139.377*4.02] mapped 332362 sequences
[M::worker_pipeline::139.946*4.02] mapped 332350 sequences
[M::worker_pipeline::140.559*4.02] mapped 332332 sequences
[M::worker_pipeline::141.218*4.02] mapped 332334 sequences
[M::worker_pipeline::141.795*4.03] mapped 332338 sequences
[M::worker_pipeline::142.370*4.03] mapped 332440 sequences
[M::worker_pipeline::142.970*4.03] mapped 332386 sequences
[M::worker_pipeline::143.585*4.03] mapped 332492 sequences
[M::worker_pipeline::144.162*4.03] mapped 332442 sequences
[M::worker_pipeline::144.748*4.03] mapped 332444 sequences
[M::worker_pipeline::145.372*4.03] mapped 332468 sequences
[M::worker_pipeline::145.988*4.04] mapped 332330 sequences
[M::worker_pipeline::146.550*4.04] mapped 332316 sequences
[M::worker_pipeline::147.136*4.04] mapped 332328 sequences
[M::worker_pipeline::147.734*4.04] mapped 332320 sequences
[M::worker_pipeline::148.286*4.04] mapped 332330 sequences
[M::worker_pipeline::148.862*4.04] mapped 332360 sequences
[M::worker_pipeline::149.472*4.04] mapped 332318 sequences
[M::worker_pipeline::150.060*4.05] mapped 332286 sequences
[M::worker_pipeline::150.648*4.05] mapped 332284 sequences
[M::worker_pipeline::151.257*4.05] mapped 332276 sequences
[M::worker_pipeline::151.836*4.05] mapped 332242 sequences
[M::worker_pipeline::152.409*4.05] mapped 332212 sequences
[M::worker_pipeline::152.990*4.05] mapped 332174 sequences
[M::worker_pipeline::153.562*4.05] mapped 332240 sequences
[M::worker_pipeline::154.180*4.05] mapped 332260 sequences
[M::worker_pipeline::154.781*4.05] mapped 332240 sequences
[M::worker_pipeline::155.343*4.06] mapped 332246 sequences
[M::worker_pipeline::155.933*4.06] mapped 332206 sequences
[M::worker_pipeline::156.597*4.06] mapped 332218 sequences
[M::worker_pipeline::157.149*4.06] mapped 332196 sequences
[M::worker_pipeline::157.755*4.06] mapped 332154 sequences
[M::worker_pipeline::158.316*4.06] mapped 332174 sequences
[M::worker_pipeline::158.926*4.06] mapped 332112 sequences
[M::worker_pipeline::159.508*4.06] mapped 332120 sequences
[M::worker_pipeline::160.083*4.06] mapped 332100 sequences
[M::worker_pipeline::160.655*4.06] mapped 332094 sequences
[M::worker_pipeline::161.323*4.06] mapped 332074 sequences
[M::worker_pipeline::161.926*4.06] mapped 332100 sequences
[M::worker_pipeline::162.528*4.07] mapped 332130 sequences
[M::worker_pipeline::163.094*4.07] mapped 332060 sequences
[M::worker_pipeline::163.640*4.07] mapped 332032 sequences
[M::worker_pipeline::164.317*4.07] mapped 332060 sequences
[M::worker_pipeline::164.923*4.07] mapped 332066 sequences
[M::worker_pipeline::165.493*4.07] mapped 332018 sequences
[M::worker_pipeline::166.106*4.07] mapped 332010 sequences
[M::worker_pipeline::166.667*4.07] mapped 332000 sequences
[M::worker_pipeline::167.266*4.07] mapped 331998 sequences
[M::worker_pipeline::167.851*4.07] mapped 332058 sequences
[M::worker_pipeline::168.405*4.08] mapped 332040 sequences
[M::worker_pipeline::169.009*4.08] mapped 332030 sequences
[M::worker_pipeline::169.606*4.08] mapped 331986 sequences
[M::worker_pipeline::170.142*4.08] mapped 332108 sequences
[M::worker_pipeline::170.720*4.08] mapped 332090 sequences
[M::worker_pipeline::171.302*4.08] mapped 332146 sequences
[M::worker_pipeline::171.911*4.08] mapped 332060 sequences
[M::worker_pipeline::172.474*4.09] mapped 332128 sequences
[M::worker_pipeline::173.068*4.09] mapped 332148 sequences
[M::worker_pipeline::173.663*4.09] mapped 332164 sequences
[M::worker_pipeline::174.235*4.09] mapped 332154 sequences
[M::worker_pipeline::174.825*4.09] mapped 332540 sequences
[M::worker_pipeline::175.458*4.09] mapped 332928 sequences
[M::worker_pipeline::176.070*4.09] mapped 332858 sequences
[M::worker_pipeline::176.608*4.09] mapped 332540 sequences
[M::worker_pipeline::177.189*4.09] mapped 332512 sequences
[M::worker_pipeline::177.761*4.09] mapped 332512 sequences
[M::worker_pipeline::178.344*4.09] mapped 332492 sequences
[M::worker_pipeline::178.887*4.10] mapped 332488 sequences
[M::worker_pipeline::179.497*4.10] mapped 332338 sequences
[M::worker_pipeline::180.050*4.10] mapped 332320 sequences
[M::worker_pipeline::180.658*4.10] mapped 332312 sequences
[M::worker_pipeline::181.251*4.10] mapped 332328 sequences
[M::worker_pipeline::181.818*4.10] mapped 332276 sequences
[M::worker_pipeline::182.397*4.10] mapped 332276 sequences
[M::worker_pipeline::182.974*4.10] mapped 332254 sequences
[M::worker_pipeline::183.589*4.10] mapped 332314 sequences
[M::worker_pipeline::184.193*4.10] mapped 332264 sequences
[M::worker_pipeline::184.759*4.11] mapped 332260 sequences
[M::worker_pipeline::185.370*4.11] mapped 332266 sequences
[M::worker_pipeline::185.969*4.11] mapped 332246 sequences
[M::worker_pipeline::186.524*4.11] mapped 332228 sequences
[M::worker_pipeline::187.097*4.11] mapped 332262 sequences
[M::worker_pipeline::187.720*4.11] mapped 332304 sequences
[M::worker_pipeline::188.263*4.11] mapped 332212 sequences
[M::worker_pipeline::188.884*4.11] mapped 332194 sequences
[M::worker_pipeline::189.455*4.11] mapped 332190 sequences
[M::worker_pipeline::190.024*4.11] mapped 332182 sequences
[M::worker_pipeline::190.583*4.11] mapped 332108 sequences
[M::worker_pipeline::191.199*4.11] mapped 332178 sequences
[M::worker_pipeline::191.795*4.11] mapped 332188 sequences
[M::worker_pipeline::192.313*4.12] mapped 332222 sequences
[M::worker_pipeline::192.909*4.12] mapped 332164 sequences
[M::worker_pipeline::193.492*4.12] mapped 332120 sequences
[M::worker_pipeline::194.105*4.12] mapped 332130 sequences
[M::worker_pipeline::194.703*4.12] mapped 332124 sequences
[M::worker_pipeline::195.309*4.12] mapped 332102 sequences
[M::worker_pipeline::195.855*4.12] mapped 332078 sequences
[M::worker_pipeline::196.480*4.12] mapped 332120 sequences
[M::worker_pipeline::197.064*4.12] mapped 332130 sequences
[M::worker_pipeline::202.232*4.05] mapped 332122 sequences
[M::worker_pipeline::202.415*4.05] mapped 332098 sequences
[M::worker_pipeline::202.594*4.05] mapped 332134 sequences
[M::worker_pipeline::203.122*4.05] mapped 332124 sequences
[M::worker_pipeline::203.725*4.05] mapped 332124 sequences
[M::worker_pipeline::204.324*4.05] mapped 332166 sequences
[M::worker_pipeline::204.944*4.05] mapped 332082 sequences
[M::worker_pipeline::205.559*4.05] mapped 332142 sequences
[M::worker_pipeline::206.144*4.05] mapped 332120 sequences
[M::worker_pipeline::206.722*4.05] mapped 332150 sequences
[M::worker_pipeline::207.263*4.05] mapped 332160 sequences
[M::worker_pipeline::207.812*4.06] mapped 332188 sequences
[M::worker_pipeline::208.446*4.06] mapped 332196 sequences
[M::worker_pipeline::208.979*4.06] mapped 332178 sequences
[M::worker_pipeline::209.605*4.06] mapped 332244 sequences
[M::worker_pipeline::210.218*4.06] mapped 332284 sequences
[M::worker_pipeline::210.796*4.06] mapped 332214 sequences
[M::worker_pipeline::211.343*4.06] mapped 332246 sequences
[M::worker_pipeline::212.005*4.06] mapped 332342 sequences
[M::worker_pipeline::212.656*4.06] mapped 332284 sequences
[M::worker_pipeline::213.188*4.06] mapped 332318 sequences
[M::worker_pipeline::213.798*4.06] mapped 332130 sequences
[M::worker_pipeline::214.428*4.06] mapped 332128 sequences
[M::worker_pipeline::215.020*4.06] mapped 332120 sequences
[M::worker_pipeline::215.621*4.06] mapped 332046 sequences
[M::worker_pipeline::216.210*4.07] mapped 332016 sequences
[M::worker_pipeline::216.765*4.07] mapped 332074 sequences
[M::worker_pipeline::217.333*4.07] mapped 332060 sequences
[M::worker_pipeline::217.935*4.07] mapped 332538 sequences
[M::worker_pipeline::218.518*4.07] mapped 332658 sequences
[M::worker_pipeline::219.123*4.07] mapped 332490 sequences
[M::worker_pipeline::219.695*4.07] mapped 332484 sequences
[M::worker_pipeline::220.349*4.07] mapped 332460 sequences
[M::worker_pipeline::220.954*4.07] mapped 332352 sequences
[M::worker_pipeline::221.607*4.07] mapped 332338 sequences
[M::worker_pipeline::222.148*4.07] mapped 332304 sequences
[M::worker_pipeline::222.733*4.07] mapped 332268 sequences
[M::worker_pipeline::223.366*4.07] mapped 332200 sequences
[M::worker_pipeline::223.959*4.07] mapped 332188 sequences
[M::worker_pipeline::224.517*4.07] mapped 332200 sequences
[M::worker_pipeline::225.091*4.07] mapped 332224 sequences
[M::worker_pipeline::225.736*4.08] mapped 332268 sequences
[M::worker_pipeline::226.330*4.08] mapped 332194 sequences
[M::worker_pipeline::226.897*4.08] mapped 332236 sequences
[M::worker_pipeline::227.477*4.08] mapped 332314 sequences
[M::worker_pipeline::228.044*4.08] mapped 332230 sequences
[M::worker_pipeline::228.685*4.08] mapped 332160 sequences
[M::worker_pipeline::229.262*4.08] mapped 332174 sequences
[M::worker_pipeline::229.849*4.08] mapped 332182 sequences
[M::worker_pipeline::230.418*4.08] mapped 332182 sequences
[M::worker_pipeline::230.986*4.08] mapped 332088 sequences
[M::worker_pipeline::231.655*4.08] mapped 332096 sequences
[M::worker_pipeline::232.304*4.08] mapped 332132 sequences
[M::worker_pipeline::232.890*4.08] mapped 332120 sequences
[M::worker_pipeline::233.434*4.08] mapped 332036 sequences
[M::worker_pipeline::234.053*4.08] mapped 332144 sequences
[M::worker_pipeline::234.567*4.09] mapped 332068 sequences
[M::worker_pipeline::235.140*4.09] mapped 332114 sequences
[M::worker_pipeline::235.743*4.09] mapped 332084 sequences
[M::worker_pipeline::236.347*4.09] mapped 332022 sequences
[M::worker_pipeline::236.917*4.09] mapped 332080 sequences
[M::worker_pipeline::237.518*4.09] mapped 332044 sequences
[M::worker_pipeline::238.099*4.09] mapped 332070 sequences
[M::worker_pipeline::238.739*4.09] mapped 332100 sequences
[M::worker_pipeline::239.390*4.09] mapped 332038 sequences
[M::worker_pipeline::239.907*4.09] mapped 332076 sequences
[M::worker_pipeline::240.574*4.09] mapped 332102 sequences
[M::worker_pipeline::241.196*4.09] mapped 332110 sequences
[M::worker_pipeline::241.760*4.09] mapped 332096 sequences
[M::worker_pipeline::242.415*4.09] mapped 332114 sequences
[M::worker_pipeline::243.002*4.09] mapped 332046 sequences
[M::worker_pipeline::243.645*4.09] mapped 332020 sequences
[M::worker_pipeline::244.263*4.09] mapped 332072 sequences
[M::worker_pipeline::244.819*4.09] mapped 332032 sequences
[M::worker_pipeline::245.466*4.09] mapped 332044 sequences
[M::worker_pipeline::246.046*4.09] mapped 332060 sequences
[M::worker_pipeline::246.619*4.09] mapped 332032 sequences
[M::worker_pipeline::247.245*4.09] mapped 332120 sequences
[M::worker_pipeline::247.842*4.10] mapped 332088 sequences
[M::worker_pipeline::248.400*4.10] mapped 332108 sequences
[M::worker_pipeline::248.999*4.10] mapped 332114 sequences
[M::worker_pipeline::249.575*4.10] mapped 332108 sequences
[M::worker_pipeline::250.142*4.10] mapped 332158 sequences
[M::worker_pipeline::250.769*4.10] mapped 332194 sequences
[M::worker_pipeline::251.337*4.10] mapped 332174 sequences
[M::worker_pipeline::251.904*4.10] mapped 332190 sequences
[M::worker_pipeline::252.528*4.10] mapped 332150 sequences
[M::worker_pipeline::253.094*4.10] mapped 332202 sequences
[M::worker_pipeline::253.668*4.10] mapped 332186 sequences
[M::worker_pipeline::254.286*4.10] mapped 332042 sequences
[M::worker_pipeline::254.896*4.10] mapped 332066 sequences
[M::worker_pipeline::255.495*4.10] mapped 332000 sequences
[M::worker_pipeline::256.062*4.10] mapped 332024 sequences
[M::worker_pipeline::256.705*4.10] mapped 332044 sequences
[M::worker_pipeline::257.314*4.10] mapped 332182 sequences
[M::worker_pipeline::257.874*4.10] mapped 332650 sequences
[M::worker_pipeline::258.507*4.10] mapped 332560 sequences
[M::worker_pipeline::259.087*4.11] mapped 332460 sequences
[M::worker_pipeline::259.665*4.11] mapped 332338 sequences
[M::worker_pipeline::260.297*4.11] mapped 332308 sequences
[M::worker_pipeline::260.949*4.10] mapped 332314 sequences
[M::worker_pipeline::261.512*4.11] mapped 332220 sequences
[M::worker_pipeline::262.142*4.11] mapped 332248 sequences
[M::worker_pipeline::262.728*4.11] mapped 332188 sequences
[M::worker_pipeline::263.331*4.11] mapped 332194 sequences
[M::worker_pipeline::268.786*4.05] mapped 332198 sequences
[M::worker_pipeline::268.975*4.05] mapped 332142 sequences
[M::worker_pipeline::269.159*4.05] mapped 332126 sequences
[M::worker_pipeline::269.674*4.05] mapped 332162 sequences
[M::worker_pipeline::270.278*4.05] mapped 332146 sequences
[M::worker_pipeline::270.852*4.05] mapped 332176 sequences
[M::worker_pipeline::271.487*4.05] mapped 332160 sequences
[M::worker_pipeline::272.103*4.05] mapped 332104 sequences
[M::worker_pipeline::272.678*4.05] mapped 332554 sequences
[M::worker_pipeline::273.316*4.05] mapped 332122 sequences
[M::worker_pipeline::273.991*4.05] mapped 332166 sequences
[M::worker_pipeline::274.597*4.05] mapped 332088 sequences
[M::worker_pipeline::275.238*4.05] mapped 332114 sequences
[M::worker_pipeline::275.794*4.05] mapped 332152 sequences
[M::worker_pipeline::276.370*4.05] mapped 332122 sequences
[M::worker_pipeline::276.955*4.06] mapped 332082 sequences
[M::worker_pipeline::277.541*4.06] mapped 332066 sequences
[M::worker_pipeline::278.141*4.06] mapped 332058 sequences
[M::worker_pipeline::278.705*4.06] mapped 332032 sequences
[M::worker_pipeline::279.266*4.06] mapped 332064 sequences
[M::worker_pipeline::279.798*4.06] mapped 332060 sequences
[M::worker_pipeline::280.424*4.06] mapped 332056 sequences
[M::worker_pipeline::281.041*4.06] mapped 332006 sequences
[M::worker_pipeline::281.629*4.06] mapped 332066 sequences
[M::worker_pipeline::282.214*4.06] mapped 332034 sequences
[M::worker_pipeline::282.859*4.06] mapped 332032 sequences
[M::worker_pipeline::283.470*4.06] mapped 332072 sequences
[M::worker_pipeline::284.037*4.06] mapped 332218 sequences
[M::worker_pipeline::284.647*4.06] mapped 332200 sequences
[M::worker_pipeline::285.269*4.06] mapped 332272 sequences
[M::worker_pipeline::285.853*4.06] mapped 332226 sequences
[M::worker_pipeline::286.461*4.06] mapped 332280 sequences
[M::worker_pipeline::287.068*4.06] mapped 332040 sequences
[M::worker_pipeline::287.616*4.06] mapped 332046 sequences
[M::worker_pipeline::288.246*4.06] mapped 332050 sequences
[M::worker_pipeline::288.936*4.06] mapped 332058 sequences
[M::worker_pipeline::289.487*4.07] mapped 332042 sequences
[M::worker_pipeline::290.061*4.07] mapped 332036 sequences
[M::worker_pipeline::290.633*4.07] mapped 332028 sequences
[M::worker_pipeline::291.221*4.07] mapped 332092 sequences
[M::worker_pipeline::291.768*4.07] mapped 332146 sequences
[M::worker_pipeline::292.322*4.07] mapped 332130 sequences
[M::worker_pipeline::292.940*4.07] mapped 332118 sequences
[M::worker_pipeline::293.531*4.07] mapped 332090 sequences
[M::worker_pipeline::294.112*4.07] mapped 332210 sequences
[M::worker_pipeline::294.726*4.07] mapped 332190 sequences
[M::worker_pipeline::295.318*4.07] mapped 332166 sequences
[M::worker_pipeline::295.924*4.07] mapped 332162 sequences
[M::worker_pipeline::296.495*4.07] mapped 332180 sequences
[M::worker_pipeline::297.063*4.07] mapped 332170 sequences
[M::worker_pipeline::297.657*4.07] mapped 332154 sequences
[M::worker_pipeline::298.247*4.08] mapped 332064 sequences
[M::worker_pipeline::298.806*4.08] mapped 332052 sequences
[M::worker_pipeline::299.374*4.08] mapped 332022 sequences
[M::worker_pipeline::300.026*4.08] mapped 332028 sequences
[M::worker_pipeline::300.593*4.08] mapped 332032 sequences
[M::worker_pipeline::301.187*4.08] mapped 332216 sequences
[M::worker_pipeline::301.790*4.08] mapped 332778 sequences
[M::worker_pipeline::302.334*4.08] mapped 332664 sequences
[M::worker_pipeline::302.943*4.08] mapped 332560 sequences
[M::worker_pipeline::303.538*4.08] mapped 332506 sequences
[M::worker_pipeline::304.146*4.08] mapped 332536 sequences
[M::worker_pipeline::304.729*4.08] mapped 332508 sequences
[M::worker_pipeline::305.322*4.08] mapped 332456 sequences
[M::worker_pipeline::305.891*4.08] mapped 332414 sequences
[M::worker_pipeline::306.478*4.08] mapped 332370 sequences
[M::worker_pipeline::307.073*4.08] mapped 332326 sequences
[M::worker_pipeline::307.657*4.09] mapped 332304 sequences
[M::worker_pipeline::308.239*4.09] mapped 332250 sequences
[M::worker_pipeline::308.802*4.09] mapped 332292 sequences
[M::worker_pipeline::309.433*4.09] mapped 332282 sequences
[M::worker_pipeline::310.030*4.09] mapped 332278 sequences
[M::worker_pipeline::310.583*4.09] mapped 332356 sequences
[M::worker_pipeline::311.185*4.09] mapped 332340 sequences
[M::worker_pipeline::311.746*4.09] mapped 332432 sequences
[M::worker_pipeline::312.352*4.09] mapped 332358 sequences
[M::worker_pipeline::312.977*4.09] mapped 332250 sequences
[M::worker_pipeline::313.556*4.09] mapped 332296 sequences
[M::worker_pipeline::314.122*4.09] mapped 332268 sequences
[M::worker_pipeline::314.733*4.09] mapped 332218 sequences
[M::worker_pipeline::315.354*4.09] mapped 332194 sequences
[M::worker_pipeline::315.932*4.09] mapped 332194 sequences
[M::worker_pipeline::316.535*4.09] mapped 332156 sequences
[M::worker_pipeline::317.167*4.09] mapped 332150 sequences
[M::worker_pipeline::317.740*4.09] mapped 332122 sequences
[M::worker_pipeline::318.355*4.09] mapped 332176 sequences
[M::worker_pipeline::319.016*4.09] mapped 332204 sequences
[M::worker_pipeline::319.612*4.09] mapped 332134 sequences
[M::worker_pipeline::320.173*4.10] mapped 332122 sequences
[M::worker_pipeline::320.766*4.10] mapped 332082 sequences
[M::worker_pipeline::321.319*4.10] mapped 332126 sequences
[M::worker_pipeline::321.935*4.10] mapped 332142 sequences
[M::worker_pipeline::322.517*4.10] mapped 332222 sequences
[M::worker_pipeline::323.074*4.10] mapped 332386 sequences
[M::worker_pipeline::323.633*4.10] mapped 332484 sequences
[M::worker_pipeline::324.211*4.10] mapped 332416 sequences
[M::worker_pipeline::324.806*4.10] mapped 332386 sequences
[M::worker_pipeline::325.417*4.10] mapped 332368 sequences
[M::worker_pipeline::325.957*4.10] mapped 332216 sequences
[M::worker_pipeline::326.537*4.10] mapped 332088 sequences
[M::worker_pipeline::327.157*4.10] mapped 332078 sequences
[M::worker_pipeline::327.699*4.10] mapped 332114 sequences
[M::worker_pipeline::328.280*4.10] mapped 332090 sequences
[M::worker_pipeline::328.881*4.10] mapped 332146 sequences
[M::worker_pipeline::329.436*4.11] mapped 332080 sequences
[M::worker_pipeline::334.564*4.06] mapped 332110 sequences
[M::worker_pipeline::334.741*4.06] mapped 332172 sequences
[M::worker_pipeline::334.929*4.06] mapped 332094 sequences
[M::worker_pipeline::335.459*4.06] mapped 332148 sequences
[M::worker_pipeline::336.078*4.06] mapped 332104 sequences
[M::worker_pipeline::336.635*4.06] mapped 332136 sequences
[M::worker_pipeline::337.187*4.07] mapped 332128 sequences
[M::worker_pipeline::337.792*4.07] mapped 332160 sequences
[M::worker_pipeline::338.420*4.07] mapped 332122 sequences
[M::worker_pipeline::339.058*4.07] mapped 332124 sequences
[M::worker_pipeline::339.676*4.07] mapped 332132 sequences
[M::worker_pipeline::340.230*4.07] mapped 332046 sequences
[M::worker_pipeline::340.864*4.07] mapped 332050 sequences
[M::worker_pipeline::341.440*4.07] mapped 332070 sequences
[M::worker_pipeline::342.018*4.07] mapped 332002 sequences
[M::worker_pipeline::342.655*4.07] mapped 332012 sequences
[M::worker_pipeline::343.224*4.07] mapped 332052 sequences
[M::worker_pipeline::343.869*4.07] mapped 332096 sequences
[M::worker_pipeline::343.921*4.07] mapped 95528 sequences
[M::main] Version: 2.22-r1101
[M::main] CMD: minimap2 --secondary=no -t 16 -R @RG\tID:snippy\tSM:snippy -ax sr /work/FAC/FBM/DMF/smitri/evomicrocomm/genome_size/data/oa/reference.fasta /work/FAC/FBM/DMF/smitri/evomicrocomm/genome_size/data/T44.4.1/read1.fq.gz /work/FAC/FBM/DMF/smitri/evomicrocomm/genome_size/data/T44.4.1/read2.fq.gz
[M::main] Real time: 343.941 sec; CPU: 1399.530 sec; Peak RSS: 0.514 GB
[bam_sort_core] merging from 80 files and 16 in-memory blocks...
[Fri Oct 15 16:18:01 2021]
Finished job 0.
1 of 1 steps (100%) done
