Building DAG of jobs...
Using shell: /usr/bin/bash
Provided cores: 16
Rules claiming more threads will be scaled down.
Select jobs to execute...

[Fri Oct 15 16:08:12 2021]
rule mapping:
    input: /work/FAC/FBM/DMF/smitri/evomicrocomm/genome_size/data/ms/reference.fasta, /work/FAC/FBM/DMF/smitri/evomicrocomm/genome_size/data/T44.4.1/read1.fq.gz, /work/FAC/FBM/DMF/smitri/evomicrocomm/genome_size/data/T44.4.1/read2.fq.gz
    output: /work/FAC/FBM/DMF/smitri/evomicrocomm/genome_size/data/T44.4.1/ms/mapped_reads.sorted.bam
    jobid: 0
    wildcards: sample=T44.4.1, strain=ms
    threads: 16
    resources: mem_mb=22463, disk_mb=22463, tmpdir=/tmp/2811858

[M::mm_idx_gen::0.132*0.66] collected minimizers
[M::mm_idx_gen::0.149*1.95] sorted minimizers
[M::main::0.149*1.95] loaded/built the index for 1 target sequence(s)
[M::mm_mapopt_update::0.150*1.95] mid_occ = 1000
[M::mm_idx_stat] kmer size: 21; skip: 11; is_hpc: 0; #seq: 1
[M::mm_idx_stat::0.157*1.91] distinct minimizers: 620509 (99.65% are singletons); average occurrences: 1.004; average spacing: 5.998; total length: 3737398
[M::worker_pipeline::1.205*2.27] mapped 332812 sequences
[M::worker_pipeline::2.072*2.46] mapped 332752 sequences
[M::worker_pipeline::2.758*2.65] mapped 332684 sequences
[M::worker_pipeline::3.546*2.73] mapped 332586 sequences
[M::worker_pipeline::4.255*2.78] mapped 332556 sequences
[M::worker_pipeline::4.913*2.86] mapped 332504 sequences
[M::worker_pipeline::5.565*2.93] mapped 332458 sequences
[M::worker_pipeline::6.229*2.98] mapped 332422 sequences
[M::worker_pipeline::6.819*3.04] mapped 332388 sequences
[M::worker_pipeline::7.429*3.10] mapped 332328 sequences
[M::worker_pipeline::8.076*3.13] mapped 332338 sequences
[M::worker_pipeline::8.666*3.17] mapped 332284 sequences
[M::worker_pipeline::9.274*3.21] mapped 332270 sequences
[M::worker_pipeline::9.884*3.25] mapped 332298 sequences
[M::worker_pipeline::10.442*3.28] mapped 332240 sequences
[M::worker_pipeline::11.091*3.29] mapped 332224 sequences
[M::worker_pipeline::11.677*3.31] mapped 332324 sequences
[M::worker_pipeline::12.285*3.33] mapped 332292 sequences
[M::worker_pipeline::12.875*3.34] mapped 332276 sequences
[M::worker_pipeline::13.470*3.36] mapped 332248 sequences
[M::worker_pipeline::14.056*3.38] mapped 332262 sequences
[M::worker_pipeline::14.659*3.38] mapped 332256 sequences
[M::worker_pipeline::15.289*3.40] mapped 332266 sequences
[M::worker_pipeline::15.902*3.41] mapped 332212 sequences
[M::worker_pipeline::16.496*3.42] mapped 332256 sequences
[M::worker_pipeline::17.099*3.42] mapped 332228 sequences
[M::worker_pipeline::17.718*3.43] mapped 332220 sequences
[M::worker_pipeline::18.330*3.44] mapped 332210 sequences
[M::worker_pipeline::18.892*3.45] mapped 332188 sequences
[M::worker_pipeline::19.499*3.45] mapped 332166 sequences
[M::worker_pipeline::20.132*3.45] mapped 332208 sequences
[M::worker_pipeline::20.722*3.45] mapped 332266 sequences
[M::worker_pipeline::21.315*3.46] mapped 332210 sequences
[M::worker_pipeline::21.957*3.46] mapped 332188 sequences
[M::worker_pipeline::22.578*3.47] mapped 332138 sequences
[M::worker_pipeline::23.180*3.47] mapped 332080 sequences
[M::worker_pipeline::23.771*3.48] mapped 332080 sequences
[M::worker_pipeline::24.405*3.48] mapped 332058 sequences
[M::worker_pipeline::24.986*3.48] mapped 332048 sequences
[M::worker_pipeline::25.617*3.49] mapped 332096 sequences
[M::worker_pipeline::26.170*3.50] mapped 332056 sequences
[M::worker_pipeline::26.805*3.50] mapped 332074 sequences
[M::worker_pipeline::27.383*3.50] mapped 332078 sequences
[M::worker_pipeline::28.017*3.50] mapped 332010 sequences
[M::worker_pipeline::28.577*3.51] mapped 331956 sequences
[M::worker_pipeline::29.129*3.52] mapped 332028 sequences
[M::worker_pipeline::29.734*3.52] mapped 332024 sequences
[M::worker_pipeline::30.310*3.52] mapped 331994 sequences
[M::worker_pipeline::30.875*3.53] mapped 332022 sequences
[M::worker_pipeline::31.474*3.53] mapped 331950 sequences
[M::worker_pipeline::32.109*3.53] mapped 331966 sequences
[M::worker_pipeline::32.698*3.53] mapped 331934 sequences
[M::worker_pipeline::33.271*3.53] mapped 331976 sequences
[M::worker_pipeline::33.900*3.53] mapped 331970 sequences
[M::worker_pipeline::34.486*3.53] mapped 331996 sequences
[M::worker_pipeline::35.070*3.53] mapped 331956 sequences
[M::worker_pipeline::35.657*3.54] mapped 331978 sequences
[M::worker_pipeline::36.227*3.54] mapped 331986 sequences
[M::worker_pipeline::36.779*3.55] mapped 331932 sequences
[M::worker_pipeline::37.386*3.55] mapped 331938 sequences
[M::worker_pipeline::37.967*3.55] mapped 332020 sequences
[M::worker_pipeline::38.585*3.55] mapped 331956 sequences
[M::worker_pipeline::39.153*3.56] mapped 332010 sequences
[M::worker_pipeline::39.755*3.56] mapped 332044 sequences
[M::worker_pipeline::40.332*3.56] mapped 331958 sequences
[M::worker_pipeline::40.973*3.56] mapped 331982 sequences
[M::worker_pipeline::41.561*3.56] mapped 332026 sequences
[M::worker_pipeline::42.162*3.56] mapped 331970 sequences
[M::worker_pipeline::42.762*3.56] mapped 332068 sequences
[M::worker_pipeline::43.391*3.57] mapped 332408 sequences
[M::worker_pipeline::44.013*3.57] mapped 332654 sequences
[M::worker_pipeline::44.629*3.57] mapped 332634 sequences
[M::worker_pipeline::45.232*3.57] mapped 332546 sequences
[M::worker_pipeline::45.852*3.57] mapped 332500 sequences
[M::worker_pipeline::46.452*3.57] mapped 332390 sequences
[M::worker_pipeline::47.049*3.57] mapped 332306 sequences
[M::worker_pipeline::47.683*3.57] mapped 332362 sequences
[M::worker_pipeline::48.243*3.57] mapped 332352 sequences
[M::worker_pipeline::48.821*3.57] mapped 332238 sequences
[M::worker_pipeline::49.452*3.57] mapped 332210 sequences
[M::worker_pipeline::49.997*3.58] mapped 332248 sequences
[M::worker_pipeline::50.616*3.58] mapped 332236 sequences
[M::worker_pipeline::51.218*3.58] mapped 332250 sequences
[M::worker_pipeline::51.790*3.58] mapped 332282 sequences
[M::worker_pipeline::52.401*3.58] mapped 332284 sequences
[M::worker_pipeline::53.052*3.58] mapped 332294 sequences
[M::worker_pipeline::53.651*3.58] mapped 332250 sequences
[M::worker_pipeline::54.273*3.58] mapped 332254 sequences
[M::worker_pipeline::54.874*3.58] mapped 332198 sequences
[M::worker_pipeline::55.467*3.58] mapped 332188 sequences
[M::worker_pipeline::56.087*3.58] mapped 332184 sequences
[M::worker_pipeline::56.665*3.58] mapped 332122 sequences
[M::worker_pipeline::57.301*3.58] mapped 332152 sequences
[M::worker_pipeline::57.864*3.59] mapped 332154 sequences
[M::worker_pipeline::58.465*3.59] mapped 332164 sequences
[M::worker_pipeline::59.071*3.59] mapped 332174 sequences
[M::worker_pipeline::59.684*3.59] mapped 332120 sequences
[M::worker_pipeline::60.302*3.59] mapped 332124 sequences
[M::worker_pipeline::60.900*3.59] mapped 332088 sequences
[M::worker_pipeline::61.478*3.59] mapped 332122 sequences
[M::worker_pipeline::62.068*3.59] mapped 332134 sequences
[M::worker_pipeline::62.744*3.59] mapped 332096 sequences
[M::worker_pipeline::63.330*3.59] mapped 332108 sequences
[M::worker_pipeline::63.862*3.59] mapped 332084 sequences
[M::worker_pipeline::64.455*3.59] mapped 332062 sequences
[M::worker_pipeline::71.184*3.34] mapped 332072 sequences
[M::worker_pipeline::71.357*3.34] mapped 332044 sequences
[M::worker_pipeline::71.504*3.33] mapped 332038 sequences
[M::worker_pipeline::72.022*3.34] mapped 332022 sequences
[M::worker_pipeline::72.662*3.34] mapped 332062 sequences
[M::worker_pipeline::73.253*3.34] mapped 332074 sequences
[M::worker_pipeline::73.837*3.34] mapped 332058 sequences
[M::worker_pipeline::74.442*3.35] mapped 332062 sequences
[M::worker_pipeline::75.088*3.35] mapped 332052 sequences
[M::worker_pipeline::75.691*3.35] mapped 332020 sequences
[M::worker_pipeline::76.296*3.35] mapped 332008 sequences
[M::worker_pipeline::76.904*3.36] mapped 332070 sequences
[M::worker_pipeline::77.513*3.36] mapped 331978 sequences
[M::worker_pipeline::78.104*3.36] mapped 331992 sequences
[M::worker_pipeline::78.695*3.36] mapped 332014 sequences
[M::worker_pipeline::79.283*3.37] mapped 331980 sequences
[M::worker_pipeline::79.872*3.37] mapped 331968 sequences
[M::worker_pipeline::80.454*3.37] mapped 331988 sequences
[M::worker_pipeline::81.068*3.37] mapped 332012 sequences
[M::worker_pipeline::81.708*3.37] mapped 332034 sequences
[M::worker_pipeline::82.290*3.37] mapped 331998 sequences
[M::worker_pipeline::82.914*3.38] mapped 331992 sequences
[M::worker_pipeline::83.516*3.38] mapped 331994 sequences
[M::worker_pipeline::84.142*3.38] mapped 331988 sequences
[M::worker_pipeline::84.734*3.38] mapped 332014 sequences
[M::worker_pipeline::85.303*3.38] mapped 331968 sequences
[M::worker_pipeline::85.906*3.38] mapped 332012 sequences
[M::worker_pipeline::86.582*3.39] mapped 332034 sequences
[M::worker_pipeline::87.201*3.39] mapped 332042 sequences
[M::worker_pipeline::87.772*3.39] mapped 332122 sequences
[M::worker_pipeline::88.362*3.39] mapped 332060 sequences
[M::worker_pipeline::88.988*3.39] mapped 332098 sequences
[M::worker_pipeline::89.557*3.40] mapped 332140 sequences
[M::worker_pipeline::90.165*3.40] mapped 332166 sequences
[M::worker_pipeline::90.776*3.40] mapped 332804 sequences
[M::worker_pipeline::91.387*3.40] mapped 332636 sequences
[M::worker_pipeline::92.000*3.40] mapped 332632 sequences
[M::worker_pipeline::92.592*3.40] mapped 332504 sequences
[M::worker_pipeline::93.219*3.40] mapped 332456 sequences
[M::worker_pipeline::93.805*3.41] mapped 332458 sequences
[M::worker_pipeline::94.428*3.41] mapped 332484 sequences
[M::worker_pipeline::95.047*3.41] mapped 332438 sequences
[M::worker_pipeline::95.628*3.41] mapped 332356 sequences
[M::worker_pipeline::96.265*3.41] mapped 332268 sequences
[M::worker_pipeline::96.877*3.41] mapped 332284 sequences
[M::worker_pipeline::97.470*3.41] mapped 332232 sequences
[M::worker_pipeline::98.089*3.41] mapped 332228 sequences
[M::worker_pipeline::98.655*3.42] mapped 332248 sequences
[M::worker_pipeline::99.250*3.42] mapped 332210 sequences
[M::worker_pipeline::99.842*3.42] mapped 332300 sequences
[M::worker_pipeline::100.510*3.42] mapped 332342 sequences
[M::worker_pipeline::101.090*3.42] mapped 332358 sequences
[M::worker_pipeline::101.661*3.42] mapped 332394 sequences
[M::worker_pipeline::102.314*3.43] mapped 332734 sequences
[M::worker_pipeline::102.900*3.43] mapped 332356 sequences
[M::worker_pipeline::103.496*3.43] mapped 332288 sequences
[M::worker_pipeline::104.085*3.43] mapped 332282 sequences
[M::worker_pipeline::104.697*3.43] mapped 332222 sequences
[M::worker_pipeline::105.306*3.43] mapped 332296 sequences
[M::worker_pipeline::105.935*3.43] mapped 332248 sequences
[M::worker_pipeline::106.512*3.43] mapped 332208 sequences
[M::worker_pipeline::107.107*3.43] mapped 332168 sequences
[M::worker_pipeline::107.727*3.44] mapped 332148 sequences
[M::worker_pipeline::108.296*3.44] mapped 332138 sequences
[M::worker_pipeline::108.981*3.44] mapped 332748 sequences
[M::worker_pipeline::109.519*3.44] mapped 332146 sequences
[M::worker_pipeline::110.123*3.44] mapped 332142 sequences
[M::worker_pipeline::110.726*3.44] mapped 332078 sequences
[M::worker_pipeline::111.308*3.45] mapped 332094 sequences
[M::worker_pipeline::111.891*3.45] mapped 332084 sequences
[M::worker_pipeline::112.492*3.45] mapped 332122 sequences
[M::worker_pipeline::113.101*3.45] mapped 332132 sequences
[M::worker_pipeline::113.641*3.45] mapped 332082 sequences
[M::worker_pipeline::114.259*3.45] mapped 332082 sequences
[M::worker_pipeline::114.853*3.45] mapped 332104 sequences
[M::worker_pipeline::115.427*3.46] mapped 332064 sequences
[M::worker_pipeline::116.011*3.46] mapped 332072 sequences
[M::worker_pipeline::116.582*3.46] mapped 331998 sequences
[M::worker_pipeline::117.145*3.46] mapped 331948 sequences
[M::worker_pipeline::117.765*3.46] mapped 331968 sequences
[M::worker_pipeline::118.341*3.46] mapped 331946 sequences
[M::worker_pipeline::118.938*3.47] mapped 331990 sequences
[M::worker_pipeline::119.532*3.47] mapped 331960 sequences
[M::worker_pipeline::120.129*3.47] mapped 331966 sequences
[M::worker_pipeline::120.745*3.47] mapped 331964 sequences
[M::worker_pipeline::121.309*3.47] mapped 331972 sequences
[M::worker_pipeline::121.886*3.47] mapped 331942 sequences
[M::worker_pipeline::122.506*3.47] mapped 331956 sequences
[M::worker_pipeline::123.096*3.47] mapped 331964 sequences
[M::worker_pipeline::123.671*3.47] mapped 331950 sequences
[M::worker_pipeline::124.263*3.47] mapped 331940 sequences
[M::worker_pipeline::124.876*3.47] mapped 331954 sequences
[M::worker_pipeline::125.462*3.47] mapped 331952 sequences
[M::worker_pipeline::126.089*3.48] mapped 331952 sequences
[M::worker_pipeline::126.681*3.48] mapped 331984 sequences
[M::worker_pipeline::127.282*3.48] mapped 331992 sequences
[M::worker_pipeline::127.894*3.48] mapped 331996 sequences
[M::worker_pipeline::128.472*3.48] mapped 332106 sequences
[M::worker_pipeline::129.036*3.48] mapped 332016 sequences
[M::worker_pipeline::129.577*3.48] mapped 332004 sequences
[M::worker_pipeline::130.173*3.48] mapped 332058 sequences
[M::worker_pipeline::130.762*3.49] mapped 332026 sequences
[M::worker_pipeline::131.373*3.49] mapped 332010 sequences
[M::worker_pipeline::131.986*3.49] mapped 332744 sequences
[M::worker_pipeline::132.594*3.49] mapped 332782 sequences
[M::worker_pipeline::133.197*3.49] mapped 332750 sequences
[M::worker_pipeline::138.886*3.39] mapped 332642 sequences
[M::worker_pipeline::139.075*3.39] mapped 332584 sequences
[M::worker_pipeline::139.256*3.38] mapped 332508 sequences
[M::worker_pipeline::139.751*3.39] mapped 332444 sequences
[M::worker_pipeline::140.353*3.39] mapped 332380 sequences
[M::worker_pipeline::140.937*3.39] mapped 332402 sequences
[M::worker_pipeline::141.516*3.39] mapped 332362 sequences
[M::worker_pipeline::142.141*3.39] mapped 332350 sequences
[M::worker_pipeline::142.731*3.39] mapped 332332 sequences
[M::worker_pipeline::143.308*3.39] mapped 332334 sequences
[M::worker_pipeline::143.923*3.39] mapped 332338 sequences
[M::worker_pipeline::144.539*3.39] mapped 332440 sequences
[M::worker_pipeline::145.145*3.40] mapped 332386 sequences
[M::worker_pipeline::145.736*3.40] mapped 332492 sequences
[M::worker_pipeline::146.326*3.40] mapped 332442 sequences
[M::worker_pipeline::146.932*3.40] mapped 332444 sequences
[M::worker_pipeline::147.510*3.40] mapped 332468 sequences
[M::worker_pipeline::148.104*3.40] mapped 332330 sequences
[M::worker_pipeline::148.715*3.40] mapped 332316 sequences
[M::worker_pipeline::149.322*3.40] mapped 332328 sequences
[M::worker_pipeline::149.931*3.41] mapped 332320 sequences
[M::worker_pipeline::150.527*3.41] mapped 332330 sequences
[M::worker_pipeline::151.114*3.41] mapped 332360 sequences
[M::worker_pipeline::151.723*3.41] mapped 332318 sequences
[M::worker_pipeline::152.303*3.41] mapped 332286 sequences
[M::worker_pipeline::152.901*3.41] mapped 332284 sequences
[M::worker_pipeline::153.500*3.41] mapped 332276 sequences
[M::worker_pipeline::154.092*3.41] mapped 332242 sequences
[M::worker_pipeline::154.676*3.41] mapped 332212 sequences
[M::worker_pipeline::155.230*3.42] mapped 332174 sequences
[M::worker_pipeline::155.860*3.42] mapped 332240 sequences
[M::worker_pipeline::156.501*3.42] mapped 332260 sequences
[M::worker_pipeline::157.070*3.42] mapped 332240 sequences
[M::worker_pipeline::157.701*3.42] mapped 332246 sequences
[M::worker_pipeline::158.256*3.42] mapped 332206 sequences
[M::worker_pipeline::158.846*3.42] mapped 332218 sequences
[M::worker_pipeline::159.458*3.42] mapped 332196 sequences
[M::worker_pipeline::160.045*3.42] mapped 332154 sequences
[M::worker_pipeline::160.613*3.43] mapped 332174 sequences
[M::worker_pipeline::161.235*3.43] mapped 332112 sequences
[M::worker_pipeline::161.804*3.43] mapped 332120 sequences
[M::worker_pipeline::162.437*3.43] mapped 332100 sequences
[M::worker_pipeline::163.040*3.43] mapped 332094 sequences
[M::worker_pipeline::163.644*3.43] mapped 332074 sequences
[M::worker_pipeline::164.233*3.43] mapped 332100 sequences
[M::worker_pipeline::164.820*3.43] mapped 332130 sequences
[M::worker_pipeline::165.420*3.43] mapped 332060 sequences
[M::worker_pipeline::165.997*3.43] mapped 332032 sequences
[M::worker_pipeline::166.581*3.44] mapped 332060 sequences
[M::worker_pipeline::167.186*3.44] mapped 332066 sequences
[M::worker_pipeline::167.749*3.44] mapped 332018 sequences
[M::worker_pipeline::168.349*3.44] mapped 332010 sequences
[M::worker_pipeline::168.967*3.44] mapped 332000 sequences
[M::worker_pipeline::169.558*3.44] mapped 331998 sequences
[M::worker_pipeline::170.150*3.44] mapped 332058 sequences
[M::worker_pipeline::170.728*3.44] mapped 332040 sequences
[M::worker_pipeline::171.345*3.44] mapped 332030 sequences
[M::worker_pipeline::171.966*3.44] mapped 331986 sequences
[M::worker_pipeline::172.589*3.44] mapped 332108 sequences
[M::worker_pipeline::173.178*3.44] mapped 332090 sequences
[M::worker_pipeline::173.759*3.45] mapped 332146 sequences
[M::worker_pipeline::174.356*3.45] mapped 332060 sequences
[M::worker_pipeline::174.986*3.45] mapped 332128 sequences
[M::worker_pipeline::175.584*3.45] mapped 332148 sequences
[M::worker_pipeline::176.165*3.45] mapped 332164 sequences
[M::worker_pipeline::176.736*3.45] mapped 332154 sequences
[M::worker_pipeline::177.365*3.45] mapped 332540 sequences
[M::worker_pipeline::177.981*3.45] mapped 332928 sequences
[M::worker_pipeline::178.557*3.45] mapped 332858 sequences
[M::worker_pipeline::179.134*3.45] mapped 332540 sequences
[M::worker_pipeline::179.707*3.45] mapped 332512 sequences
[M::worker_pipeline::180.319*3.45] mapped 332512 sequences
[M::worker_pipeline::180.936*3.45] mapped 332492 sequences
[M::worker_pipeline::181.502*3.46] mapped 332488 sequences
[M::worker_pipeline::182.141*3.46] mapped 332338 sequences
[M::worker_pipeline::182.756*3.46] mapped 332320 sequences
[M::worker_pipeline::183.350*3.46] mapped 332312 sequences
[M::worker_pipeline::183.952*3.46] mapped 332328 sequences
[M::worker_pipeline::184.548*3.46] mapped 332276 sequences
[M::worker_pipeline::185.144*3.46] mapped 332276 sequences
[M::worker_pipeline::185.721*3.46] mapped 332254 sequences
[M::worker_pipeline::186.346*3.46] mapped 332314 sequences
[M::worker_pipeline::186.917*3.46] mapped 332264 sequences
[M::worker_pipeline::187.512*3.46] mapped 332260 sequences
[M::worker_pipeline::188.087*3.47] mapped 332266 sequences
[M::worker_pipeline::188.681*3.47] mapped 332246 sequences
[M::worker_pipeline::189.253*3.47] mapped 332228 sequences
[M::worker_pipeline::189.859*3.47] mapped 332262 sequences
[M::worker_pipeline::190.440*3.47] mapped 332304 sequences
[M::worker_pipeline::190.993*3.47] mapped 332212 sequences
[M::worker_pipeline::191.603*3.47] mapped 332194 sequences
[M::worker_pipeline::192.208*3.47] mapped 332190 sequences
[M::worker_pipeline::192.751*3.47] mapped 332182 sequences
[M::worker_pipeline::193.361*3.47] mapped 332108 sequences
[M::worker_pipeline::193.970*3.47] mapped 332178 sequences
[M::worker_pipeline::194.547*3.47] mapped 332188 sequences
[M::worker_pipeline::195.162*3.47] mapped 332222 sequences
[M::worker_pipeline::195.754*3.47] mapped 332164 sequences
[M::worker_pipeline::196.356*3.47] mapped 332120 sequences
[M::worker_pipeline::196.973*3.48] mapped 332130 sequences
[M::worker_pipeline::197.557*3.48] mapped 332124 sequences
[M::worker_pipeline::198.149*3.48] mapped 332102 sequences
[M::worker_pipeline::198.764*3.48] mapped 332078 sequences
[M::worker_pipeline::199.305*3.48] mapped 332120 sequences
[M::worker_pipeline::199.928*3.48] mapped 332130 sequences
[M::worker_pipeline::200.537*3.48] mapped 332122 sequences
[M::worker_pipeline::205.626*3.42] mapped 332098 sequences
[M::worker_pipeline::205.791*3.42] mapped 332134 sequences
[M::worker_pipeline::205.960*3.42] mapped 332124 sequences
[M::worker_pipeline::206.484*3.42] mapped 332124 sequences
[M::worker_pipeline::207.077*3.42] mapped 332166 sequences
[M::worker_pipeline::207.657*3.42] mapped 332082 sequences
[M::worker_pipeline::208.261*3.42] mapped 332142 sequences
[M::worker_pipeline::208.831*3.42] mapped 332120 sequences
[M::worker_pipeline::209.420*3.43] mapped 332150 sequences
[M::worker_pipeline::210.022*3.43] mapped 332160 sequences
[M::worker_pipeline::210.607*3.43] mapped 332188 sequences
[M::worker_pipeline::211.200*3.43] mapped 332196 sequences
[M::worker_pipeline::211.804*3.43] mapped 332178 sequences
[M::worker_pipeline::212.394*3.43] mapped 332244 sequences
[M::worker_pipeline::212.968*3.43] mapped 332284 sequences
[M::worker_pipeline::213.591*3.43] mapped 332214 sequences
[M::worker_pipeline::214.157*3.43] mapped 332246 sequences
[M::worker_pipeline::214.778*3.43] mapped 332342 sequences
[M::worker_pipeline::215.395*3.43] mapped 332284 sequences
[M::worker_pipeline::216.000*3.43] mapped 332318 sequences
[M::worker_pipeline::216.579*3.43] mapped 332130 sequences
[M::worker_pipeline::217.157*3.44] mapped 332128 sequences
[M::worker_pipeline::217.743*3.44] mapped 332120 sequences
[M::worker_pipeline::218.308*3.44] mapped 332046 sequences
[M::worker_pipeline::218.896*3.44] mapped 332016 sequences
[M::worker_pipeline::219.466*3.44] mapped 332074 sequences
[M::worker_pipeline::220.063*3.44] mapped 332060 sequences
[M::worker_pipeline::220.656*3.44] mapped 332538 sequences
[M::worker_pipeline::221.265*3.44] mapped 332658 sequences
[M::worker_pipeline::221.878*3.44] mapped 332490 sequences
[M::worker_pipeline::222.463*3.44] mapped 332484 sequences
[M::worker_pipeline::223.063*3.44] mapped 332460 sequences
[M::worker_pipeline::223.671*3.44] mapped 332352 sequences
[M::worker_pipeline::224.274*3.44] mapped 332338 sequences
[M::worker_pipeline::224.861*3.44] mapped 332304 sequences
[M::worker_pipeline::225.434*3.44] mapped 332268 sequences
[M::worker_pipeline::226.074*3.44] mapped 332200 sequences
[M::worker_pipeline::226.666*3.45] mapped 332188 sequences
[M::worker_pipeline::227.276*3.45] mapped 332200 sequences
[M::worker_pipeline::227.848*3.45] mapped 332224 sequences
[M::worker_pipeline::228.436*3.45] mapped 332268 sequences
[M::worker_pipeline::229.034*3.45] mapped 332194 sequences
[M::worker_pipeline::229.627*3.45] mapped 332236 sequences
[M::worker_pipeline::230.220*3.45] mapped 332314 sequences
[M::worker_pipeline::230.839*3.45] mapped 332230 sequences
[M::worker_pipeline::231.454*3.45] mapped 332160 sequences
[M::worker_pipeline::232.066*3.45] mapped 332174 sequences
[M::worker_pipeline::232.654*3.45] mapped 332182 sequences
[M::worker_pipeline::233.276*3.45] mapped 332182 sequences
[M::worker_pipeline::233.864*3.45] mapped 332088 sequences
[M::worker_pipeline::234.474*3.45] mapped 332096 sequences
[M::worker_pipeline::235.074*3.45] mapped 332132 sequences
[M::worker_pipeline::235.646*3.45] mapped 332120 sequences
[M::worker_pipeline::236.227*3.45] mapped 332036 sequences
[M::worker_pipeline::236.830*3.45] mapped 332144 sequences
[M::worker_pipeline::237.396*3.46] mapped 332068 sequences
[M::worker_pipeline::238.004*3.46] mapped 332114 sequences
[M::worker_pipeline::238.623*3.46] mapped 332084 sequences
[M::worker_pipeline::239.164*3.46] mapped 332022 sequences
[M::worker_pipeline::239.804*3.46] mapped 332080 sequences
[M::worker_pipeline::240.394*3.46] mapped 332044 sequences
[M::worker_pipeline::241.007*3.46] mapped 332070 sequences
[M::worker_pipeline::241.599*3.46] mapped 332100 sequences
[M::worker_pipeline::242.192*3.46] mapped 332038 sequences
[M::worker_pipeline::242.782*3.46] mapped 332076 sequences
[M::worker_pipeline::243.328*3.46] mapped 332102 sequences
[M::worker_pipeline::243.918*3.46] mapped 332110 sequences
[M::worker_pipeline::244.531*3.46] mapped 332096 sequences
[M::worker_pipeline::245.120*3.46] mapped 332114 sequences
[M::worker_pipeline::245.670*3.47] mapped 332046 sequences
[M::worker_pipeline::246.251*3.47] mapped 332020 sequences
[M::worker_pipeline::246.886*3.47] mapped 332072 sequences
[M::worker_pipeline::247.479*3.47] mapped 332032 sequences
[M::worker_pipeline::248.049*3.47] mapped 332044 sequences
[M::worker_pipeline::248.640*3.47] mapped 332060 sequences
[M::worker_pipeline::249.216*3.47] mapped 332032 sequences
[M::worker_pipeline::249.814*3.47] mapped 332120 sequences
[M::worker_pipeline::250.431*3.47] mapped 332088 sequences
[M::worker_pipeline::250.997*3.47] mapped 332108 sequences
[M::worker_pipeline::251.614*3.47] mapped 332114 sequences
[M::worker_pipeline::252.236*3.47] mapped 332108 sequences
[M::worker_pipeline::252.810*3.47] mapped 332158 sequences
[M::worker_pipeline::253.410*3.47] mapped 332194 sequences
[M::worker_pipeline::254.015*3.47] mapped 332174 sequences
[M::worker_pipeline::254.579*3.47] mapped 332190 sequences
[M::worker_pipeline::255.199*3.47] mapped 332150 sequences
[M::worker_pipeline::255.773*3.47] mapped 332202 sequences
[M::worker_pipeline::256.372*3.47] mapped 332186 sequences
[M::worker_pipeline::256.958*3.47] mapped 332042 sequences
[M::worker_pipeline::257.503*3.48] mapped 332066 sequences
[M::worker_pipeline::258.150*3.48] mapped 332000 sequences
[M::worker_pipeline::258.707*3.48] mapped 332024 sequences
[M::worker_pipeline::259.282*3.48] mapped 332044 sequences
[M::worker_pipeline::259.949*3.48] mapped 332182 sequences
[M::worker_pipeline::260.517*3.48] mapped 332650 sequences
[M::worker_pipeline::261.123*3.48] mapped 332560 sequences
[M::worker_pipeline::261.720*3.48] mapped 332460 sequences
[M::worker_pipeline::262.292*3.48] mapped 332338 sequences
[M::worker_pipeline::262.895*3.48] mapped 332308 sequences
[M::worker_pipeline::263.501*3.48] mapped 332314 sequences
[M::worker_pipeline::264.096*3.48] mapped 332220 sequences
[M::worker_pipeline::264.713*3.48] mapped 332248 sequences
[M::worker_pipeline::265.281*3.48] mapped 332188 sequences
[M::worker_pipeline::265.881*3.48] mapped 332194 sequences
[M::worker_pipeline::266.486*3.48] mapped 332198 sequences
[M::worker_pipeline::271.547*3.44] mapped 332142 sequences
[M::worker_pipeline::271.718*3.44] mapped 332126 sequences
[M::worker_pipeline::271.885*3.44] mapped 332162 sequences
[M::worker_pipeline::272.375*3.44] mapped 332146 sequences
[M::worker_pipeline::273.012*3.44] mapped 332176 sequences
[M::worker_pipeline::273.599*3.44] mapped 332160 sequences
[M::worker_pipeline::274.184*3.44] mapped 332104 sequences
[M::worker_pipeline::274.756*3.44] mapped 332554 sequences
[M::worker_pipeline::275.336*3.44] mapped 332122 sequences
[M::worker_pipeline::275.964*3.44] mapped 332166 sequences
[M::worker_pipeline::276.546*3.45] mapped 332088 sequences
[M::worker_pipeline::277.141*3.45] mapped 332114 sequences
[M::worker_pipeline::277.716*3.45] mapped 332152 sequences
[M::worker_pipeline::278.303*3.45] mapped 332122 sequences
[M::worker_pipeline::278.875*3.45] mapped 332082 sequences
[M::worker_pipeline::279.485*3.45] mapped 332066 sequences
[M::worker_pipeline::280.056*3.45] mapped 332058 sequences
[M::worker_pipeline::280.634*3.45] mapped 332032 sequences
[M::worker_pipeline::281.229*3.45] mapped 332064 sequences
[M::worker_pipeline::281.840*3.45] mapped 332060 sequences
[M::worker_pipeline::282.423*3.45] mapped 332056 sequences
[M::worker_pipeline::283.025*3.45] mapped 332006 sequences
[M::worker_pipeline::283.631*3.45] mapped 332066 sequences
[M::worker_pipeline::284.218*3.45] mapped 332034 sequences
[M::worker_pipeline::284.822*3.45] mapped 332032 sequences
[M::worker_pipeline::285.408*3.46] mapped 332072 sequences
[M::worker_pipeline::286.026*3.46] mapped 332218 sequences
[M::worker_pipeline::286.672*3.46] mapped 332200 sequences
[M::worker_pipeline::287.267*3.46] mapped 332272 sequences
[M::worker_pipeline::287.819*3.46] mapped 332226 sequences
[M::worker_pipeline::288.446*3.46] mapped 332280 sequences
[M::worker_pipeline::289.033*3.46] mapped 332040 sequences
[M::worker_pipeline::289.637*3.46] mapped 332046 sequences
[M::worker_pipeline::290.227*3.46] mapped 332050 sequences
[M::worker_pipeline::290.828*3.46] mapped 332058 sequences
[M::worker_pipeline::291.441*3.46] mapped 332042 sequences
[M::worker_pipeline::292.040*3.46] mapped 332036 sequences
[M::worker_pipeline::292.640*3.46] mapped 332028 sequences
[M::worker_pipeline::293.270*3.46] mapped 332092 sequences
[M::worker_pipeline::293.845*3.46] mapped 332146 sequences
[M::worker_pipeline::294.435*3.46] mapped 332130 sequences
[M::worker_pipeline::295.013*3.46] mapped 332118 sequences
[M::worker_pipeline::295.603*3.46] mapped 332090 sequences
[M::worker_pipeline::296.198*3.46] mapped 332210 sequences
[M::worker_pipeline::296.777*3.46] mapped 332190 sequences
[M::worker_pipeline::297.382*3.46] mapped 332166 sequences
[M::worker_pipeline::297.988*3.46] mapped 332162 sequences
[M::worker_pipeline::298.532*3.46] mapped 332180 sequences
[M::worker_pipeline::299.160*3.46] mapped 332170 sequences
[M::worker_pipeline::299.741*3.47] mapped 332154 sequences
[M::worker_pipeline::300.343*3.47] mapped 332064 sequences
[M::worker_pipeline::300.970*3.47] mapped 332052 sequences
[M::worker_pipeline::301.573*3.47] mapped 332022 sequences
[M::worker_pipeline::302.162*3.47] mapped 332028 sequences
[M::worker_pipeline::302.751*3.47] mapped 332032 sequences
[M::worker_pipeline::303.348*3.47] mapped 332216 sequences
[M::worker_pipeline::303.958*3.47] mapped 332778 sequences
[M::worker_pipeline::304.521*3.47] mapped 332664 sequences
[M::worker_pipeline::305.116*3.47] mapped 332560 sequences
[M::worker_pipeline::305.714*3.47] mapped 332506 sequences
[M::worker_pipeline::306.359*3.47] mapped 332536 sequences
[M::worker_pipeline::306.960*3.47] mapped 332508 sequences
[M::worker_pipeline::307.562*3.47] mapped 332456 sequences
[M::worker_pipeline::308.160*3.47] mapped 332414 sequences
[M::worker_pipeline::308.788*3.47] mapped 332370 sequences
[M::worker_pipeline::309.390*3.47] mapped 332326 sequences
[M::worker_pipeline::309.988*3.47] mapped 332304 sequences
[M::worker_pipeline::310.610*3.47] mapped 332250 sequences
[M::worker_pipeline::311.206*3.47] mapped 332292 sequences
[M::worker_pipeline::311.818*3.47] mapped 332282 sequences
[M::worker_pipeline::312.387*3.47] mapped 332278 sequences
[M::worker_pipeline::313.001*3.48] mapped 332356 sequences
[M::worker_pipeline::313.608*3.48] mapped 332340 sequences
[M::worker_pipeline::314.229*3.48] mapped 332432 sequences
[M::worker_pipeline::314.811*3.48] mapped 332358 sequences
[M::worker_pipeline::315.443*3.48] mapped 332250 sequences
[M::worker_pipeline::316.043*3.48] mapped 332296 sequences
[M::worker_pipeline::316.632*3.48] mapped 332268 sequences
[M::worker_pipeline::317.268*3.48] mapped 332218 sequences
[M::worker_pipeline::317.885*3.48] mapped 332194 sequences
[M::worker_pipeline::318.454*3.48] mapped 332194 sequences
[M::worker_pipeline::319.086*3.48] mapped 332156 sequences
[M::worker_pipeline::319.657*3.48] mapped 332150 sequences
[M::worker_pipeline::320.248*3.48] mapped 332122 sequences
[M::worker_pipeline::320.820*3.48] mapped 332176 sequences
[M::worker_pipeline::321.443*3.48] mapped 332204 sequences
[M::worker_pipeline::322.047*3.48] mapped 332134 sequences
[M::worker_pipeline::322.643*3.48] mapped 332122 sequences
[M::worker_pipeline::323.241*3.48] mapped 332082 sequences
[M::worker_pipeline::323.845*3.48] mapped 332126 sequences
[M::worker_pipeline::324.407*3.48] mapped 332142 sequences
[M::worker_pipeline::325.033*3.48] mapped 332222 sequences
[M::worker_pipeline::325.620*3.48] mapped 332386 sequences
[M::worker_pipeline::326.218*3.49] mapped 332484 sequences
[M::worker_pipeline::326.793*3.49] mapped 332416 sequences
[M::worker_pipeline::327.425*3.49] mapped 332386 sequences
[M::worker_pipeline::328.021*3.49] mapped 332368 sequences
[M::worker_pipeline::328.616*3.49] mapped 332216 sequences
[M::worker_pipeline::329.187*3.49] mapped 332088 sequences
[M::worker_pipeline::329.765*3.49] mapped 332078 sequences
[M::worker_pipeline::330.375*3.49] mapped 332114 sequences
[M::worker_pipeline::330.942*3.49] mapped 332090 sequences
[M::worker_pipeline::331.511*3.49] mapped 332146 sequences
[M::worker_pipeline::332.109*3.49] mapped 332080 sequences
[M::worker_pipeline::332.702*3.49] mapped 332110 sequences
[M::worker_pipeline::333.333*3.49] mapped 332172 sequences
[M::worker_pipeline::338.369*3.45] mapped 332094 sequences
[M::worker_pipeline::338.540*3.45] mapped 332148 sequences
[M::worker_pipeline::338.745*3.45] mapped 332104 sequences
[M::worker_pipeline::339.236*3.45] mapped 332136 sequences
[M::worker_pipeline::339.819*3.46] mapped 332128 sequences
[M::worker_pipeline::340.395*3.46] mapped 332160 sequences
[M::worker_pipeline::340.985*3.46] mapped 332122 sequences
[M::worker_pipeline::341.604*3.46] mapped 332124 sequences
[M::worker_pipeline::342.172*3.46] mapped 332132 sequences
[M::worker_pipeline::342.745*3.46] mapped 332046 sequences
[M::worker_pipeline::343.319*3.46] mapped 332050 sequences
[M::worker_pipeline::343.884*3.46] mapped 332070 sequences
[M::worker_pipeline::344.483*3.46] mapped 332002 sequences
[M::worker_pipeline::345.082*3.46] mapped 332012 sequences
[M::worker_pipeline::345.681*3.46] mapped 332052 sequences
[M::worker_pipeline::346.346*3.46] mapped 332096 sequences
[M::worker_pipeline::346.396*3.46] mapped 95528 sequences
[M::main] Version: 2.22-r1101
[M::main] CMD: minimap2 --secondary=no -t 16 -R @RG\tID:snippy\tSM:snippy -ax sr /work/FAC/FBM/DMF/smitri/evomicrocomm/genome_size/data/ms/reference.fasta /work/FAC/FBM/DMF/smitri/evomicrocomm/genome_size/data/T44.4.1/read1.fq.gz /work/FAC/FBM/DMF/smitri/evomicrocomm/genome_size/data/T44.4.1/read2.fq.gz
[M::main] Real time: 346.413 sec; CPU: 1198.824 sec; Peak RSS: 0.489 GB
[bam_sort_core] merging from 80 files and 16 in-memory blocks...
[Fri Oct 15 16:18:14 2021]
Finished job 0.
1 of 1 steps (100%) done
