Building DAG of jobs...
Using shell: /usr/bin/bash
Provided cores: 16
Rules claiming more threads will be scaled down.
Select jobs to execute...

[Sun Oct 17 22:40:32 2021]
rule mapping:
    input: /work/FAC/FBM/DMF/smitri/evomicrocomm/genome_size/data/ct/reference.fasta, /work/FAC/FBM/DMF/smitri/evomicrocomm/genome_size/data/T11.4.2/read1.fq.gz, /work/FAC/FBM/DMF/smitri/evomicrocomm/genome_size/data/T11.4.2/read2.fq.gz
    output: /work/FAC/FBM/DMF/smitri/evomicrocomm/genome_size/data/T11.4.2/ct/mapped_reads.sorted.bam
    jobid: 0
    wildcards: sample=T11.4.2, strain=ct
    threads: 16
    resources: mem_mb=26620, disk_mb=26620, tmpdir=/tmp/2846116

[M::mm_idx_gen::0.238*0.57] collected minimizers
[M::mm_idx_gen::0.255*1.32] sorted minimizers
[M::main::0.255*1.32] loaded/built the index for 2 target sequence(s)
[M::mm_mapopt_update::0.255*1.32] mid_occ = 1000
[M::mm_idx_stat] kmer size: 21; skip: 11; is_hpc: 0; #seq: 2
[M::mm_idx_stat::0.267*1.31] distinct minimizers: 993850 (99.11% are singletons); average occurrences: 1.021; average spacing: 5.998; total length: 6084391
[M::worker_pipeline::1.318*2.35] mapped 333106 sequences
[M::worker_pipeline::2.136*2.66] mapped 333068 sequences
[M::worker_pipeline::2.892*2.83] mapped 332910 sequences
[M::worker_pipeline::3.662*2.90] mapped 332872 sequences
[M::worker_pipeline::4.384*2.99] mapped 332842 sequences
[M::worker_pipeline::5.126*3.05] mapped 332790 sequences
[M::worker_pipeline::5.723*3.15] mapped 332790 sequences
[M::worker_pipeline::6.413*3.24] mapped 332770 sequences
[M::worker_pipeline::6.998*3.33] mapped 332704 sequences
[M::worker_pipeline::7.591*3.39] mapped 332708 sequences
[M::worker_pipeline::8.243*3.42] mapped 332646 sequences
[M::worker_pipeline::8.823*3.48] mapped 332664 sequences
[M::worker_pipeline::9.420*3.51] mapped 332652 sequences
[M::worker_pipeline::10.051*3.54] mapped 332632 sequences
[M::worker_pipeline::10.614*3.58] mapped 332676 sequences
[M::worker_pipeline::11.253*3.60] mapped 332640 sequences
[M::worker_pipeline::11.849*3.63] mapped 332582 sequences
[M::worker_pipeline::12.462*3.65] mapped 332654 sequences
[M::worker_pipeline::13.080*3.66] mapped 332624 sequences
[M::worker_pipeline::13.690*3.68] mapped 332726 sequences
[M::worker_pipeline::14.294*3.70] mapped 332726 sequences
[M::worker_pipeline::14.916*3.72] mapped 332926 sequences
[M::worker_pipeline::15.503*3.74] mapped 332858 sequences
[M::worker_pipeline::16.110*3.75] mapped 332974 sequences
[M::worker_pipeline::16.708*3.76] mapped 332994 sequences
[M::worker_pipeline::17.336*3.77] mapped 333026 sequences
[M::worker_pipeline::17.959*3.78] mapped 332950 sequences
[M::worker_pipeline::18.556*3.79] mapped 332828 sequences
[M::worker_pipeline::19.193*3.79] mapped 332786 sequences
[M::worker_pipeline::19.820*3.80] mapped 332754 sequences
[M::worker_pipeline::20.458*3.81] mapped 332710 sequences
[M::worker_pipeline::21.087*3.81] mapped 332628 sequences
[M::worker_pipeline::21.656*3.82] mapped 332634 sequences
[M::worker_pipeline::22.283*3.83] mapped 332676 sequences
[M::worker_pipeline::22.906*3.83] mapped 332678 sequences
[M::worker_pipeline::23.527*3.83] mapped 332726 sequences
[M::worker_pipeline::24.104*3.84] mapped 332776 sequences
[M::worker_pipeline::24.752*3.84] mapped 333120 sequences
[M::worker_pipeline::25.389*3.84] mapped 332892 sequences
[M::worker_pipeline::25.957*3.85] mapped 332768 sequences
[M::worker_pipeline::26.604*3.85] mapped 332722 sequences
[M::worker_pipeline::27.287*3.85] mapped 332726 sequences
[M::worker_pipeline::27.850*3.86] mapped 332640 sequences
[M::worker_pipeline::28.453*3.87] mapped 332592 sequences
[M::worker_pipeline::29.136*3.86] mapped 332640 sequences
[M::worker_pipeline::29.708*3.87] mapped 332686 sequences
[M::worker_pipeline::30.327*3.87] mapped 332618 sequences
[M::worker_pipeline::30.998*3.87] mapped 332618 sequences
[M::worker_pipeline::31.592*3.87] mapped 332636 sequences
[M::worker_pipeline::32.260*3.88] mapped 332670 sequences
[M::worker_pipeline::32.894*3.88] mapped 332650 sequences
[M::worker_pipeline::33.517*3.89] mapped 332718 sequences
[M::worker_pipeline::34.091*3.89] mapped 332688 sequences
[M::worker_pipeline::34.678*3.89] mapped 332634 sequences
[M::worker_pipeline::35.344*3.90] mapped 332858 sequences
[M::worker_pipeline::35.945*3.90] mapped 332808 sequences
[M::worker_pipeline::36.511*3.91] mapped 332770 sequences
[M::worker_pipeline::37.123*3.91] mapped 332816 sequences
[M::worker_pipeline::37.738*3.91] mapped 332880 sequences
[M::worker_pipeline::38.355*3.92] mapped 332782 sequences
[M::worker_pipeline::38.982*3.92] mapped 332722 sequences
[M::worker_pipeline::39.584*3.93] mapped 332702 sequences
[M::worker_pipeline::40.178*3.93] mapped 332690 sequences
[M::worker_pipeline::40.787*3.93] mapped 332734 sequences
[M::worker_pipeline::41.414*3.94] mapped 332886 sequences
[M::worker_pipeline::42.022*3.94] mapped 332784 sequences
[M::worker_pipeline::42.638*3.94] mapped 332968 sequences
[M::worker_pipeline::43.260*3.94] mapped 332922 sequences
[M::worker_pipeline::43.847*3.94] mapped 333038 sequences
[M::worker_pipeline::44.514*3.94] mapped 333058 sequences
[M::worker_pipeline::45.131*3.94] mapped 333220 sequences
[M::worker_pipeline::45.731*3.95] mapped 333350 sequences
[M::worker_pipeline::46.331*3.95] mapped 333194 sequences
[M::worker_pipeline::46.938*3.95] mapped 333386 sequences
[M::worker_pipeline::47.558*3.95] mapped 333218 sequences
[M::worker_pipeline::48.210*3.95] mapped 333354 sequences
[M::worker_pipeline::48.824*3.96] mapped 333404 sequences
[M::worker_pipeline::49.418*3.96] mapped 332936 sequences
[M::worker_pipeline::50.017*3.96] mapped 332684 sequences
[M::worker_pipeline::50.628*3.96] mapped 332612 sequences
[M::worker_pipeline::51.239*3.96] mapped 332590 sequences
[M::worker_pipeline::51.834*3.96] mapped 332530 sequences
[M::worker_pipeline::52.450*3.96] mapped 332452 sequences
[M::worker_pipeline::53.039*3.97] mapped 332450 sequences
[M::worker_pipeline::53.659*3.97] mapped 332456 sequences
[M::worker_pipeline::54.273*3.97] mapped 332406 sequences
[M::worker_pipeline::54.835*3.97] mapped 332366 sequences
[M::worker_pipeline::55.484*3.97] mapped 332380 sequences
[M::worker_pipeline::56.089*3.97] mapped 332440 sequences
[M::worker_pipeline::56.682*3.97] mapped 332336 sequences
[M::worker_pipeline::57.256*3.98] mapped 332320 sequences
[M::worker_pipeline::57.867*3.98] mapped 332358 sequences
[M::worker_pipeline::58.474*3.98] mapped 332406 sequences
[M::worker_pipeline::59.076*3.98] mapped 332344 sequences
[M::worker_pipeline::59.632*3.98] mapped 332298 sequences
[M::worker_pipeline::60.272*3.98] mapped 332358 sequences
[M::worker_pipeline::60.891*3.98] mapped 332344 sequences
[M::worker_pipeline::61.466*3.98] mapped 332408 sequences
[M::worker_pipeline::62.106*3.98] mapped 332386 sequences
[M::worker_pipeline::62.709*3.99] mapped 332558 sequences
[M::worker_pipeline::63.327*3.99] mapped 332604 sequences
[M::worker_pipeline::63.991*3.99] mapped 332718 sequences
[M::worker_pipeline::64.577*3.99] mapped 332758 sequences
[M::worker_pipeline::65.181*3.99] mapped 332790 sequences
[M::worker_pipeline::65.814*3.99] mapped 332660 sequences
[M::worker_pipeline::71.409*3.78] mapped 332568 sequences
[M::worker_pipeline::71.591*3.77] mapped 332530 sequences
[M::worker_pipeline::71.787*3.77] mapped 332524 sequences
[M::worker_pipeline::72.305*3.77] mapped 332480 sequences
[M::worker_pipeline::72.955*3.78] mapped 332472 sequences
[M::worker_pipeline::73.527*3.78] mapped 332360 sequences
[M::worker_pipeline::74.129*3.78] mapped 332508 sequences
[M::worker_pipeline::74.748*3.78] mapped 332416 sequences
[M::worker_pipeline::75.357*3.79] mapped 332564 sequences
[M::worker_pipeline::75.989*3.79] mapped 332586 sequences
[M::worker_pipeline::76.589*3.79] mapped 332708 sequences
[M::worker_pipeline::77.217*3.79] mapped 332762 sequences
[M::worker_pipeline::77.834*3.79] mapped 332646 sequences
[M::worker_pipeline::78.442*3.79] mapped 332406 sequences
[M::worker_pipeline::79.065*3.80] mapped 332372 sequences
[M::worker_pipeline::79.673*3.80] mapped 332438 sequences
[M::worker_pipeline::80.313*3.80] mapped 332346 sequences
[M::worker_pipeline::80.910*3.80] mapped 332302 sequences
[M::worker_pipeline::81.523*3.80] mapped 332368 sequences
[M::worker_pipeline::82.137*3.80] mapped 332364 sequences
[M::worker_pipeline::82.752*3.80] mapped 332420 sequences
[M::worker_pipeline::83.334*3.81] mapped 332424 sequences
[M::worker_pipeline::84.019*3.81] mapped 332384 sequences
[M::worker_pipeline::84.594*3.81] mapped 332440 sequences
[M::worker_pipeline::85.156*3.81] mapped 332426 sequences
[M::worker_pipeline::85.763*3.81] mapped 332330 sequences
[M::worker_pipeline::86.393*3.82] mapped 332264 sequences
[M::worker_pipeline::86.960*3.82] mapped 332320 sequences
[M::worker_pipeline::87.597*3.82] mapped 332328 sequences
[M::worker_pipeline::88.188*3.82] mapped 332334 sequences
[M::worker_pipeline::88.783*3.82] mapped 332374 sequences
[M::worker_pipeline::89.409*3.83] mapped 332358 sequences
[M::worker_pipeline::90.011*3.83] mapped 332338 sequences
[M::worker_pipeline::90.594*3.83] mapped 332316 sequences
[M::worker_pipeline::91.257*3.83] mapped 332260 sequences
[M::worker_pipeline::91.822*3.83] mapped 332302 sequences
[M::worker_pipeline::92.419*3.84] mapped 332320 sequences
[M::worker_pipeline::93.025*3.84] mapped 332352 sequences
[M::worker_pipeline::93.618*3.84] mapped 332398 sequences
[M::worker_pipeline::94.298*3.84] mapped 332382 sequences
[M::worker_pipeline::94.907*3.84] mapped 332358 sequences
[M::worker_pipeline::95.482*3.84] mapped 332318 sequences
[M::worker_pipeline::96.123*3.84] mapped 332394 sequences
[M::worker_pipeline::96.706*3.85] mapped 332394 sequences
[M::worker_pipeline::97.330*3.85] mapped 332362 sequences
[M::worker_pipeline::97.904*3.85] mapped 332428 sequences
[M::worker_pipeline::98.503*3.85] mapped 332410 sequences
[M::worker_pipeline::99.073*3.85] mapped 332434 sequences
[M::worker_pipeline::99.718*3.85] mapped 332402 sequences
[M::worker_pipeline::100.323*3.86] mapped 332442 sequences
[M::worker_pipeline::100.888*3.86] mapped 332550 sequences
[M::worker_pipeline::101.543*3.86] mapped 332686 sequences
[M::worker_pipeline::102.158*3.86] mapped 332650 sequences
[M::worker_pipeline::102.747*3.86] mapped 332588 sequences
[M::worker_pipeline::103.402*3.86] mapped 332544 sequences
[M::worker_pipeline::104.017*3.86] mapped 332474 sequences
[M::worker_pipeline::104.613*3.86] mapped 332472 sequences
[M::worker_pipeline::105.234*3.86] mapped 332448 sequences
[M::worker_pipeline::105.818*3.86] mapped 332466 sequences
[M::worker_pipeline::106.450*3.87] mapped 332456 sequences
[M::worker_pipeline::107.030*3.87] mapped 332456 sequences
[M::worker_pipeline::107.646*3.87] mapped 332430 sequences
[M::worker_pipeline::108.251*3.87] mapped 332352 sequences
[M::worker_pipeline::108.855*3.87] mapped 332368 sequences
[M::worker_pipeline::109.489*3.87] mapped 332336 sequences
[M::worker_pipeline::110.093*3.87] mapped 332386 sequences
[M::worker_pipeline::110.703*3.87] mapped 332310 sequences
[M::worker_pipeline::111.336*3.87] mapped 332298 sequences
[M::worker_pipeline::111.939*3.87] mapped 332298 sequences
[M::worker_pipeline::112.545*3.87] mapped 332314 sequences
[M::worker_pipeline::113.140*3.87] mapped 332348 sequences
[M::worker_pipeline::113.779*3.87] mapped 332324 sequences
[M::worker_pipeline::114.428*3.87] mapped 332406 sequences
[M::worker_pipeline::115.000*3.88] mapped 332410 sequences
[M::worker_pipeline::115.653*3.88] mapped 332422 sequences
[M::worker_pipeline::116.264*3.88] mapped 332528 sequences
[M::worker_pipeline::116.859*3.88] mapped 332480 sequences
[M::worker_pipeline::117.466*3.88] mapped 332384 sequences
[M::worker_pipeline::118.062*3.88] mapped 332500 sequences
[M::worker_pipeline::118.684*3.88] mapped 332384 sequences
[M::worker_pipeline::119.269*3.88] mapped 332436 sequences
[M::worker_pipeline::119.865*3.88] mapped 332342 sequences
[M::worker_pipeline::120.494*3.88] mapped 332280 sequences
[M::worker_pipeline::121.082*3.89] mapped 332312 sequences
[M::worker_pipeline::121.646*3.89] mapped 332344 sequences
[M::worker_pipeline::122.289*3.89] mapped 332350 sequences
[M::worker_pipeline::122.903*3.89] mapped 332362 sequences
[M::worker_pipeline::123.489*3.89] mapped 332502 sequences
[M::worker_pipeline::124.159*3.89] mapped 332462 sequences
[M::worker_pipeline::124.769*3.89] mapped 332640 sequences
[M::worker_pipeline::125.387*3.89] mapped 332424 sequences
[M::worker_pipeline::126.030*3.89] mapped 332382 sequences
[M::worker_pipeline::126.672*3.89] mapped 332360 sequences
[M::worker_pipeline::127.294*3.89] mapped 332406 sequences
[M::worker_pipeline::128.103*3.89] mapped 332452 sequences
[M::worker_pipeline::128.939*3.88] mapped 332716 sequences
[M::worker_pipeline::129.656*3.88] mapped 332360 sequences
[M::worker_pipeline::130.255*3.88] mapped 332358 sequences
[M::worker_pipeline::130.876*3.88] mapped 332328 sequences
[M::worker_pipeline::131.478*3.88] mapped 332388 sequences
[M::worker_pipeline::132.088*3.88] mapped 332420 sequences
[M::worker_pipeline::132.715*3.88] mapped 332380 sequences
[M::worker_pipeline::133.315*3.88] mapped 332396 sequences
[M::worker_pipeline::133.920*3.88] mapped 332314 sequences
[M::worker_pipeline::134.528*3.89] mapped 332306 sequences
[M::worker_pipeline::139.699*3.79] mapped 332332 sequences
[M::worker_pipeline::139.870*3.79] mapped 332334 sequences
[M::worker_pipeline::140.049*3.79] mapped 332394 sequences
[M::worker_pipeline::140.609*3.79] mapped 332400 sequences
[M::worker_pipeline::141.186*3.79] mapped 332418 sequences
[M::worker_pipeline::141.761*3.80] mapped 332334 sequences
[M::worker_pipeline::142.372*3.80] mapped 332268 sequences
[M::worker_pipeline::142.988*3.80] mapped 332336 sequences
[M::worker_pipeline::143.591*3.80] mapped 332332 sequences
[M::worker_pipeline::144.192*3.80] mapped 332286 sequences
[M::worker_pipeline::144.831*3.80] mapped 332372 sequences
[M::worker_pipeline::145.432*3.80] mapped 332336 sequences
[M::worker_pipeline::146.031*3.80] mapped 332460 sequences
[M::worker_pipeline::146.652*3.81] mapped 332456 sequences
[M::worker_pipeline::147.250*3.81] mapped 332468 sequences
[M::worker_pipeline::147.886*3.81] mapped 332518 sequences
[M::worker_pipeline::148.461*3.81] mapped 332516 sequences
[M::worker_pipeline::149.108*3.81] mapped 332512 sequences
[M::worker_pipeline::149.694*3.81] mapped 332530 sequences
[M::worker_pipeline::150.329*3.81] mapped 332626 sequences
[M::worker_pipeline::150.908*3.81] mapped 332632 sequences
[M::worker_pipeline::151.517*3.82] mapped 332580 sequences
[M::worker_pipeline::152.120*3.82] mapped 332606 sequences
[M::worker_pipeline::152.733*3.82] mapped 332590 sequences
[M::worker_pipeline::153.316*3.82] mapped 332694 sequences
[M::worker_pipeline::153.929*3.82] mapped 332910 sequences
[M::worker_pipeline::154.553*3.82] mapped 332916 sequences
[M::worker_pipeline::155.140*3.82] mapped 332890 sequences
[M::worker_pipeline::155.749*3.82] mapped 332874 sequences
[M::worker_pipeline::156.380*3.82] mapped 332738 sequences
[M::worker_pipeline::156.998*3.82] mapped 332748 sequences
[M::worker_pipeline::157.613*3.82] mapped 332720 sequences
[M::worker_pipeline::158.196*3.83] mapped 332628 sequences
[M::worker_pipeline::158.789*3.83] mapped 332664 sequences
[M::worker_pipeline::159.395*3.83] mapped 332644 sequences
[M::worker_pipeline::160.004*3.83] mapped 332602 sequences
[M::worker_pipeline::160.601*3.83] mapped 332642 sequences
[M::worker_pipeline::161.187*3.83] mapped 332592 sequences
[M::worker_pipeline::161.733*3.83] mapped 332582 sequences
[M::worker_pipeline::162.374*3.83] mapped 332612 sequences
[M::worker_pipeline::163.001*3.83] mapped 332614 sequences
[M::worker_pipeline::163.578*3.84] mapped 332538 sequences
[M::worker_pipeline::164.181*3.84] mapped 332514 sequences
[M::worker_pipeline::164.810*3.84] mapped 332564 sequences
[M::worker_pipeline::165.410*3.84] mapped 332584 sequences
[M::worker_pipeline::166.043*3.84] mapped 332582 sequences
[M::worker_pipeline::166.671*3.84] mapped 332528 sequences
[M::worker_pipeline::167.258*3.84] mapped 332552 sequences
[M::worker_pipeline::167.890*3.84] mapped 332664 sequences
[M::worker_pipeline::168.500*3.84] mapped 332660 sequences
[M::worker_pipeline::169.113*3.84] mapped 332696 sequences
[M::worker_pipeline::169.743*3.84] mapped 332754 sequences
[M::worker_pipeline::170.361*3.84] mapped 332662 sequences
[M::worker_pipeline::170.957*3.84] mapped 332680 sequences
[M::worker_pipeline::171.590*3.84] mapped 332678 sequences
[M::worker_pipeline::172.240*3.85] mapped 332728 sequences
[M::worker_pipeline::172.877*3.85] mapped 332654 sequences
[M::worker_pipeline::173.460*3.85] mapped 332674 sequences
[M::worker_pipeline::174.045*3.85] mapped 332610 sequences
[M::worker_pipeline::174.678*3.85] mapped 332630 sequences
[M::worker_pipeline::175.250*3.85] mapped 332486 sequences
[M::worker_pipeline::175.860*3.85] mapped 332536 sequences
[M::worker_pipeline::176.441*3.85] mapped 332482 sequences
[M::worker_pipeline::177.067*3.85] mapped 332558 sequences
[M::worker_pipeline::177.697*3.85] mapped 332608 sequences
[M::worker_pipeline::178.260*3.85] mapped 332568 sequences
[M::worker_pipeline::178.903*3.85] mapped 332628 sequences
[M::worker_pipeline::179.523*3.86] mapped 332582 sequences
[M::worker_pipeline::180.105*3.86] mapped 332590 sequences
[M::worker_pipeline::180.780*3.86] mapped 332554 sequences
[M::worker_pipeline::181.407*3.86] mapped 332612 sequences
[M::worker_pipeline::181.992*3.86] mapped 332554 sequences
[M::worker_pipeline::182.641*3.86] mapped 332598 sequences
[M::worker_pipeline::183.255*3.86] mapped 332574 sequences
[M::worker_pipeline::183.852*3.86] mapped 332542 sequences
[M::worker_pipeline::184.475*3.86] mapped 332544 sequences
[M::worker_pipeline::185.098*3.86] mapped 332546 sequences
[M::worker_pipeline::185.683*3.86] mapped 332468 sequences
[M::worker_pipeline::186.266*3.86] mapped 332492 sequences
[M::worker_pipeline::186.871*3.86] mapped 332386 sequences
[M::worker_pipeline::187.465*3.86] mapped 332458 sequences
[M::worker_pipeline::188.026*3.87] mapped 332472 sequences
[M::worker_pipeline::188.700*3.86] mapped 332476 sequences
[M::worker_pipeline::189.286*3.87] mapped 332404 sequences
[M::worker_pipeline::189.922*3.87] mapped 332436 sequences
[M::worker_pipeline::190.539*3.87] mapped 332368 sequences
[M::worker_pipeline::191.147*3.87] mapped 332408 sequences
[M::worker_pipeline::191.741*3.87] mapped 332384 sequences
[M::worker_pipeline::192.368*3.87] mapped 332422 sequences
[M::worker_pipeline::192.937*3.87] mapped 332406 sequences
[M::worker_pipeline::193.580*3.87] mapped 332480 sequences
[M::worker_pipeline::194.167*3.87] mapped 332436 sequences
[M::worker_pipeline::194.730*3.87] mapped 332478 sequences
[M::worker_pipeline::195.356*3.87] mapped 332520 sequences
[M::worker_pipeline::196.004*3.87] mapped 332506 sequences
[M::worker_pipeline::196.621*3.87] mapped 332394 sequences
[M::worker_pipeline::197.213*3.87] mapped 332472 sequences
[M::worker_pipeline::197.860*3.87] mapped 332472 sequences
[M::worker_pipeline::198.453*3.88] mapped 332498 sequences
[M::worker_pipeline::199.082*3.88] mapped 332508 sequences
[M::worker_pipeline::199.675*3.88] mapped 332420 sequences
[M::worker_pipeline::200.256*3.88] mapped 332618 sequences
[M::worker_pipeline::200.871*3.88] mapped 332718 sequences
[M::worker_pipeline::201.520*3.88] mapped 332628 sequences
[M::worker_pipeline::202.103*3.88] mapped 332526 sequences
[M::worker_pipeline::207.389*3.81] mapped 332542 sequences
[M::worker_pipeline::207.577*3.81] mapped 332560 sequences
[M::worker_pipeline::207.766*3.81] mapped 332520 sequences
[M::worker_pipeline::208.257*3.81] mapped 332546 sequences
[M::worker_pipeline::208.910*3.81] mapped 332578 sequences
[M::worker_pipeline::209.494*3.81] mapped 332494 sequences
[M::worker_pipeline::210.103*3.81] mapped 332428 sequences
[M::worker_pipeline::210.722*3.81] mapped 332402 sequences
[M::worker_pipeline::211.328*3.81] mapped 332366 sequences
[M::worker_pipeline::211.944*3.82] mapped 332406 sequences
[M::worker_pipeline::212.544*3.82] mapped 332388 sequences
[M::worker_pipeline::213.135*3.82] mapped 332426 sequences
[M::worker_pipeline::213.734*3.82] mapped 332342 sequences
[M::worker_pipeline::214.333*3.82] mapped 332396 sequences
[M::worker_pipeline::214.924*3.82] mapped 332384 sequences
[M::worker_pipeline::215.531*3.82] mapped 332342 sequences
[M::worker_pipeline::216.152*3.82] mapped 332362 sequences
[M::worker_pipeline::216.725*3.82] mapped 332408 sequences
[M::worker_pipeline::217.370*3.82] mapped 332412 sequences
[M::worker_pipeline::217.965*3.82] mapped 332522 sequences
[M::worker_pipeline::218.558*3.83] mapped 332570 sequences
[M::worker_pipeline::219.144*3.83] mapped 332490 sequences
[M::worker_pipeline::219.729*3.83] mapped 332548 sequences
[M::worker_pipeline::220.330*3.83] mapped 332504 sequences
[M::worker_pipeline::220.930*3.83] mapped 332484 sequences
[M::worker_pipeline::221.522*3.83] mapped 332414 sequences
[M::worker_pipeline::222.127*3.83] mapped 332512 sequences
[M::worker_pipeline::222.704*3.83] mapped 332424 sequences
[M::worker_pipeline::223.336*3.83] mapped 332526 sequences
[M::worker_pipeline::223.935*3.83] mapped 332474 sequences
[M::worker_pipeline::224.551*3.83] mapped 332476 sequences
[M::worker_pipeline::225.146*3.83] mapped 332542 sequences
[M::worker_pipeline::225.763*3.84] mapped 332518 sequences
[M::worker_pipeline::226.369*3.84] mapped 332428 sequences
[M::worker_pipeline::227.022*3.84] mapped 332382 sequences
[M::worker_pipeline::227.630*3.84] mapped 332452 sequences
[M::worker_pipeline::228.247*3.84] mapped 332318 sequences
[M::worker_pipeline::228.849*3.84] mapped 332562 sequences
[M::worker_pipeline::229.483*3.84] mapped 332422 sequences
[M::worker_pipeline::230.088*3.84] mapped 332338 sequences
[M::worker_pipeline::230.647*3.84] mapped 332376 sequences
[M::worker_pipeline::231.277*3.84] mapped 332456 sequences
[M::worker_pipeline::231.895*3.84] mapped 332378 sequences
[M::worker_pipeline::232.509*3.84] mapped 332344 sequences
[M::worker_pipeline::233.111*3.84] mapped 332342 sequences
[M::worker_pipeline::233.748*3.84] mapped 332432 sequences
[M::worker_pipeline::234.342*3.84] mapped 332456 sequences
[M::worker_pipeline::234.940*3.84] mapped 332432 sequences
[M::worker_pipeline::235.620*3.85] mapped 332476 sequences
[M::worker_pipeline::236.224*3.85] mapped 332352 sequences
[M::worker_pipeline::236.826*3.85] mapped 332322 sequences
[M::worker_pipeline::237.430*3.85] mapped 332318 sequences
[M::worker_pipeline::238.034*3.85] mapped 332308 sequences
[M::worker_pipeline::238.649*3.85] mapped 332270 sequences
[M::worker_pipeline::239.247*3.85] mapped 332294 sequences
[M::worker_pipeline::239.884*3.85] mapped 332282 sequences
[M::worker_pipeline::240.452*3.85] mapped 332232 sequences
[M::worker_pipeline::241.042*3.85] mapped 332254 sequences
[M::worker_pipeline::241.642*3.85] mapped 332458 sequences
[M::worker_pipeline::242.217*3.85] mapped 332392 sequences
[M::worker_pipeline::242.872*3.85] mapped 332298 sequences
[M::worker_pipeline::243.486*3.85] mapped 332338 sequences
[M::worker_pipeline::244.115*3.85] mapped 332292 sequences
[M::worker_pipeline::244.747*3.85] mapped 332220 sequences
[M::worker_pipeline::245.317*3.85] mapped 332248 sequences
[M::worker_pipeline::245.924*3.85] mapped 332288 sequences
[M::worker_pipeline::246.543*3.86] mapped 332390 sequences
[M::worker_pipeline::247.125*3.86] mapped 332318 sequences
[M::worker_pipeline::247.771*3.86] mapped 332382 sequences
[M::worker_pipeline::248.319*3.86] mapped 332366 sequences
[M::worker_pipeline::248.928*3.86] mapped 332360 sequences
[M::worker_pipeline::249.557*3.86] mapped 332330 sequences
[M::worker_pipeline::250.178*3.86] mapped 332410 sequences
[M::worker_pipeline::250.749*3.86] mapped 332464 sequences
[M::worker_pipeline::251.344*3.86] mapped 332502 sequences
[M::worker_pipeline::252.006*3.86] mapped 332634 sequences
[M::worker_pipeline::252.624*3.86] mapped 332544 sequences
[M::worker_pipeline::253.216*3.86] mapped 332400 sequences
[M::worker_pipeline::253.847*3.86] mapped 332362 sequences
[M::worker_pipeline::254.424*3.86] mapped 332422 sequences
[M::worker_pipeline::255.020*3.86] mapped 332408 sequences
[M::worker_pipeline::255.641*3.87] mapped 332396 sequences
[M::worker_pipeline::256.224*3.87] mapped 332284 sequences
[M::worker_pipeline::256.837*3.87] mapped 332274 sequences
[M::worker_pipeline::257.416*3.87] mapped 332300 sequences
[M::worker_pipeline::258.060*3.87] mapped 332292 sequences
[M::worker_pipeline::258.663*3.87] mapped 332272 sequences
[M::worker_pipeline::259.252*3.87] mapped 332262 sequences
[M::worker_pipeline::259.899*3.87] mapped 332246 sequences
[M::worker_pipeline::260.456*3.87] mapped 332242 sequences
[M::worker_pipeline::261.070*3.87] mapped 332270 sequences
[M::worker_pipeline::261.660*3.87] mapped 332208 sequences
[M::worker_pipeline::262.236*3.87] mapped 332234 sequences
[M::worker_pipeline::262.859*3.87] mapped 332290 sequences
[M::worker_pipeline::263.520*3.87] mapped 332226 sequences
[M::worker_pipeline::264.090*3.87] mapped 332366 sequences
[M::worker_pipeline::264.697*3.87] mapped 332264 sequences
[M::worker_pipeline::265.301*3.87] mapped 332324 sequences
[M::worker_pipeline::265.875*3.87] mapped 332318 sequences
[M::worker_pipeline::266.480*3.87] mapped 332278 sequences
[M::worker_pipeline::267.037*3.88] mapped 332322 sequences
[M::worker_pipeline::267.650*3.88] mapped 332286 sequences
[M::worker_pipeline::268.266*3.88] mapped 332234 sequences
[M::worker_pipeline::268.845*3.88] mapped 332266 sequences
[M::worker_pipeline::269.505*3.88] mapped 332256 sequences
[M::worker_pipeline::274.931*3.83] mapped 332286 sequences
[M::worker_pipeline::275.107*3.82] mapped 332286 sequences
[M::worker_pipeline::275.294*3.82] mapped 332258 sequences
[M::worker_pipeline::275.815*3.82] mapped 332292 sequences
[M::worker_pipeline::276.470*3.82] mapped 332248 sequences
[M::worker_pipeline::277.070*3.82] mapped 332210 sequences
[M::worker_pipeline::277.697*3.83] mapped 332280 sequences
[M::worker_pipeline::278.304*3.83] mapped 332356 sequences
[M::worker_pipeline::278.928*3.83] mapped 332384 sequences
[M::worker_pipeline::279.516*3.83] mapped 332246 sequences
[M::worker_pipeline::280.089*3.83] mapped 332260 sequences
[M::worker_pipeline::280.690*3.83] mapped 332196 sequences
[M::worker_pipeline::281.318*3.83] mapped 332262 sequences
[M::worker_pipeline::281.967*3.83] mapped 332432 sequences
[M::worker_pipeline::282.538*3.83] mapped 332344 sequences
[M::worker_pipeline::283.153*3.83] mapped 332280 sequences
[M::worker_pipeline::283.772*3.83] mapped 332234 sequences
[M::worker_pipeline::284.366*3.83] mapped 332248 sequences
[M::worker_pipeline::284.978*3.83] mapped 332282 sequences
[M::worker_pipeline::285.551*3.83] mapped 332272 sequences
[M::worker_pipeline::286.191*3.83] mapped 332286 sequences
[M::worker_pipeline::286.801*3.83] mapped 332238 sequences
[M::worker_pipeline::287.402*3.83] mapped 332228 sequences
[M::worker_pipeline::287.987*3.83] mapped 332272 sequences
[M::worker_pipeline::288.585*3.84] mapped 332238 sequences
[M::worker_pipeline::289.166*3.84] mapped 332224 sequences
[M::worker_pipeline::289.759*3.84] mapped 332228 sequences
[M::worker_pipeline::290.347*3.84] mapped 332216 sequences
[M::worker_pipeline::290.969*3.84] mapped 332244 sequences
[M::worker_pipeline::291.567*3.84] mapped 332290 sequences
[M::worker_pipeline::292.157*3.84] mapped 332390 sequences
[M::worker_pipeline::292.774*3.84] mapped 332230 sequences
[M::worker_pipeline::293.419*3.84] mapped 332194 sequences
[M::worker_pipeline::293.987*3.84] mapped 332220 sequences
[M::worker_pipeline::294.593*3.84] mapped 332250 sequences
[M::worker_pipeline::295.189*3.84] mapped 332352 sequences
[M::worker_pipeline::295.798*3.84] mapped 332368 sequences
[M::worker_pipeline::296.407*3.84] mapped 332394 sequences
[M::worker_pipeline::296.972*3.84] mapped 332400 sequences
[M::worker_pipeline::297.589*3.84] mapped 332432 sequences
[M::worker_pipeline::298.183*3.84] mapped 332400 sequences
[M::worker_pipeline::298.778*3.85] mapped 332546 sequences
[M::worker_pipeline::299.414*3.85] mapped 332338 sequences
[M::worker_pipeline::300.029*3.85] mapped 332436 sequences
[M::worker_pipeline::300.593*3.85] mapped 332474 sequences
[M::worker_pipeline::301.233*3.85] mapped 332532 sequences
[M::worker_pipeline::301.819*3.85] mapped 332572 sequences
[M::worker_pipeline::302.453*3.85] mapped 332564 sequences
[M::worker_pipeline::303.114*3.85] mapped 332528 sequences
[M::worker_pipeline::303.701*3.85] mapped 332522 sequences
[M::worker_pipeline::304.352*3.85] mapped 332524 sequences
[M::worker_pipeline::304.925*3.85] mapped 332480 sequences
[M::worker_pipeline::305.502*3.85] mapped 332376 sequences
[M::worker_pipeline::306.105*3.85] mapped 332400 sequences
[M::worker_pipeline::306.698*3.85] mapped 332414 sequences
[M::worker_pipeline::307.300*3.85] mapped 332342 sequences
[M::worker_pipeline::307.883*3.85] mapped 332324 sequences
[M::worker_pipeline::308.537*3.85] mapped 332396 sequences
[M::worker_pipeline::309.148*3.85] mapped 332336 sequences
[M::worker_pipeline::309.743*3.85] mapped 332286 sequences
[M::worker_pipeline::310.370*3.85] mapped 332300 sequences
[M::worker_pipeline::311.057*3.85] mapped 332256 sequences
[M::worker_pipeline::311.657*3.85] mapped 332360 sequences
[M::worker_pipeline::312.266*3.85] mapped 332256 sequences
[M::worker_pipeline::312.837*3.86] mapped 332272 sequences
[M::worker_pipeline::313.445*3.86] mapped 332266 sequences
[M::worker_pipeline::314.079*3.86] mapped 332284 sequences
[M::worker_pipeline::314.786*3.85] mapped 332294 sequences
[M::worker_pipeline::315.294*3.86] mapped 332302 sequences
[M::worker_pipeline::315.967*3.86] mapped 332374 sequences
[M::worker_pipeline::316.540*3.86] mapped 332330 sequences
[M::worker_pipeline::317.185*3.86] mapped 332360 sequences
[M::worker_pipeline::317.783*3.86] mapped 332336 sequences
[M::worker_pipeline::318.409*3.86] mapped 332550 sequences
[M::worker_pipeline::319.026*3.86] mapped 332408 sequences
[M::worker_pipeline::319.665*3.86] mapped 332314 sequences
[M::worker_pipeline::320.231*3.86] mapped 332328 sequences
[M::worker_pipeline::320.871*3.86] mapped 332292 sequences
[M::worker_pipeline::321.456*3.86] mapped 332374 sequences
[M::worker_pipeline::322.074*3.86] mapped 332296 sequences
[M::worker_pipeline::322.686*3.86] mapped 332368 sequences
[M::worker_pipeline::323.278*3.86] mapped 332330 sequences
[M::worker_pipeline::323.888*3.86] mapped 332300 sequences
[M::worker_pipeline::324.497*3.86] mapped 332358 sequences
[M::worker_pipeline::325.125*3.86] mapped 332232 sequences
[M::worker_pipeline::325.720*3.86] mapped 332356 sequences
[M::worker_pipeline::326.380*3.86] mapped 332360 sequences
[M::worker_pipeline::326.975*3.86] mapped 332246 sequences
[M::worker_pipeline::327.543*3.86] mapped 332278 sequences
[M::worker_pipeline::328.179*3.86] mapped 332286 sequences
[M::worker_pipeline::328.750*3.86] mapped 332230 sequences
[M::worker_pipeline::329.384*3.86] mapped 332828 sequences
[M::worker_pipeline::330.026*3.86] mapped 332276 sequences
[M::worker_pipeline::330.633*3.86] mapped 332262 sequences
[M::worker_pipeline::331.231*3.86] mapped 332298 sequences
[M::worker_pipeline::331.837*3.87] mapped 332306 sequences
[M::worker_pipeline::332.452*3.87] mapped 332328 sequences
[M::worker_pipeline::333.014*3.87] mapped 332196 sequences
[M::worker_pipeline::333.617*3.87] mapped 332212 sequences
[M::worker_pipeline::334.244*3.87] mapped 332196 sequences
[M::worker_pipeline::334.860*3.87] mapped 332152 sequences
[M::worker_pipeline::335.505*3.87] mapped 332150 sequences
[M::worker_pipeline::336.094*3.87] mapped 332184 sequences
[M::worker_pipeline::336.735*3.87] mapped 332188 sequences
[M::worker_pipeline::337.337*3.87] mapped 332206 sequences
[M::worker_pipeline::342.604*3.83] mapped 332254 sequences
[M::worker_pipeline::342.785*3.83] mapped 332512 sequences
[M::worker_pipeline::342.965*3.83] mapped 332082 sequences
[M::worker_pipeline::343.671*3.82] mapped 332070 sequences
[M::worker_pipeline::344.486*3.82] mapped 332136 sequences
[M::worker_pipeline::345.237*3.82] mapped 332152 sequences
[M::worker_pipeline::345.955*3.82] mapped 332136 sequences
[M::worker_pipeline::346.539*3.82] mapped 332138 sequences
[M::worker_pipeline::347.154*3.82] mapped 332284 sequences
[M::worker_pipeline::347.752*3.82] mapped 332184 sequences
[M::worker_pipeline::348.303*3.82] mapped 332210 sequences
[M::worker_pipeline::348.931*3.82] mapped 332256 sequences
[M::worker_pipeline::349.533*3.82] mapped 332242 sequences
[M::worker_pipeline::350.103*3.82] mapped 332156 sequences
[M::worker_pipeline::350.713*3.83] mapped 332282 sequences
[M::worker_pipeline::351.286*3.83] mapped 332206 sequences
[M::worker_pipeline::351.879*3.83] mapped 332210 sequences
[M::worker_pipeline::352.460*3.83] mapped 332190 sequences
[M::worker_pipeline::353.049*3.83] mapped 332314 sequences
[M::worker_pipeline::353.669*3.83] mapped 332312 sequences
[M::worker_pipeline::354.254*3.83] mapped 332382 sequences
[M::worker_pipeline::354.892*3.83] mapped 332880 sequences
[M::worker_pipeline::355.470*3.83] mapped 332784 sequences
[M::worker_pipeline::356.118*3.83] mapped 332806 sequences
[M::worker_pipeline::356.737*3.83] mapped 332770 sequences
[M::worker_pipeline::357.328*3.83] mapped 332626 sequences
[M::worker_pipeline::357.931*3.83] mapped 332706 sequences
[M::worker_pipeline::358.547*3.83] mapped 332582 sequences
[M::worker_pipeline::359.154*3.83] mapped 332588 sequences
[M::worker_pipeline::359.757*3.83] mapped 332614 sequences
[M::worker_pipeline::360.387*3.83] mapped 332698 sequences
[M::worker_pipeline::361.041*3.83] mapped 332598 sequences
[M::worker_pipeline::361.623*3.83] mapped 332548 sequences
[M::worker_pipeline::362.194*3.83] mapped 332542 sequences
[M::worker_pipeline::362.854*3.83] mapped 332532 sequences
[M::worker_pipeline::363.467*3.83] mapped 332534 sequences
[M::worker_pipeline::364.082*3.83] mapped 332570 sequences
[M::worker_pipeline::364.661*3.84] mapped 332446 sequences
[M::worker_pipeline::365.250*3.84] mapped 332478 sequences
[M::worker_pipeline::365.865*3.84] mapped 332508 sequences
[M::worker_pipeline::366.430*3.84] mapped 332518 sequences
[M::worker_pipeline::367.006*3.84] mapped 332516 sequences
[M::worker_pipeline::367.649*3.84] mapped 332604 sequences
[M::worker_pipeline::368.245*3.84] mapped 332596 sequences
[M::worker_pipeline::368.833*3.84] mapped 332566 sequences
[M::worker_pipeline::369.446*3.84] mapped 332488 sequences
[M::worker_pipeline::370.039*3.84] mapped 332512 sequences
[M::worker_pipeline::370.644*3.84] mapped 332512 sequences
[M::worker_pipeline::371.242*3.84] mapped 332486 sequences
[M::worker_pipeline::371.859*3.84] mapped 332446 sequences
[M::worker_pipeline::372.405*3.84] mapped 332514 sequences
[M::worker_pipeline::373.069*3.84] mapped 332478 sequences
[M::worker_pipeline::373.664*3.84] mapped 332508 sequences
[M::worker_pipeline::374.249*3.84] mapped 332480 sequences
[M::worker_pipeline::374.832*3.84] mapped 332426 sequences
[M::worker_pipeline::375.475*3.84] mapped 332558 sequences
[M::worker_pipeline::376.078*3.84] mapped 332548 sequences
[M::worker_pipeline::376.664*3.84] mapped 332588 sequences
[M::worker_pipeline::377.254*3.85] mapped 332446 sequences
[M::worker_pipeline::377.846*3.85] mapped 332430 sequences
[M::worker_pipeline::378.461*3.85] mapped 332406 sequences
[M::worker_pipeline::379.062*3.85] mapped 332510 sequences
[M::worker_pipeline::379.661*3.85] mapped 332548 sequences
[M::worker_pipeline::380.260*3.85] mapped 332602 sequences
[M::worker_pipeline::380.887*3.85] mapped 332596 sequences
[M::worker_pipeline::381.474*3.85] mapped 332490 sequences
[M::worker_pipeline::382.041*3.85] mapped 332546 sequences
[M::worker_pipeline::382.660*3.85] mapped 332446 sequences
[M::worker_pipeline::383.244*3.85] mapped 332494 sequences
[M::worker_pipeline::383.847*3.85] mapped 332582 sequences
[M::worker_pipeline::384.467*3.85] mapped 332560 sequences
[M::worker_pipeline::385.030*3.85] mapped 332490 sequences
[M::worker_pipeline::385.647*3.85] mapped 332410 sequences
[M::worker_pipeline::386.236*3.85] mapped 332474 sequences
[M::worker_pipeline::386.827*3.85] mapped 332424 sequences
[M::worker_pipeline::387.438*3.85] mapped 332406 sequences
[M::worker_pipeline::388.056*3.85] mapped 332402 sequences
[M::worker_pipeline::388.652*3.86] mapped 332364 sequences
[M::worker_pipeline::389.241*3.86] mapped 332472 sequences
[M::worker_pipeline::389.846*3.86] mapped 332392 sequences
[M::worker_pipeline::390.405*3.86] mapped 332370 sequences
[M::worker_pipeline::391.007*3.86] mapped 332302 sequences
[M::worker_pipeline::391.665*3.86] mapped 332414 sequences
[M::worker_pipeline::392.256*3.86] mapped 332372 sequences
[M::worker_pipeline::392.896*3.86] mapped 332400 sequences
[M::worker_pipeline::393.760*3.85] mapped 332584 sequences
[M::worker_pipeline::394.692*3.85] mapped 332672 sequences
[M::worker_pipeline::395.448*3.85] mapped 332586 sequences
[M::worker_pipeline::396.051*3.85] mapped 332562 sequences
[M::worker_pipeline::396.666*3.85] mapped 332550 sequences
[M::worker_pipeline::397.299*3.85] mapped 332680 sequences
[M::worker_pipeline::397.878*3.85] mapped 332636 sequences
[M::worker_pipeline::398.487*3.85] mapped 332526 sequences
[M::worker_pipeline::399.093*3.85] mapped 332634 sequences
[M::worker_pipeline::399.694*3.85] mapped 332728 sequences
[M::worker_pipeline::400.295*3.85] mapped 332748 sequences
[M::worker_pipeline::400.923*3.85] mapped 332648 sequences
[M::worker_pipeline::401.571*3.86] mapped 332804 sequences
[M::worker_pipeline::401.642*3.86] mapped 134150 sequences
[M::main] Version: 2.22-r1101
[M::main] CMD: minimap2 --secondary=no -t 16 -R @RG\tID:snippy\tSM:snippy -ax sr /work/FAC/FBM/DMF/smitri/evomicrocomm/genome_size/data/ct/reference.fasta /work/FAC/FBM/DMF/smitri/evomicrocomm/genome_size/data/T11.4.2/read1.fq.gz /work/FAC/FBM/DMF/smitri/evomicrocomm/genome_size/data/T11.4.2/read2.fq.gz
[M::main] Real time: 401.663 sec; CPU: 1548.740 sec; Peak RSS: 0.529 GB
[bam_sort_core] merging from 80 files and 16 in-memory blocks...
[Sun Oct 17 22:52:53 2021]
Finished job 0.
1 of 1 steps (100%) done
