Building DAG of jobs...
Using shell: /usr/bin/bash
Provided cores: 16
Rules claiming more threads will be scaled down.
Select jobs to execute...

[Fri Oct 15 16:08:12 2021]
rule mapping:
    input: /work/FAC/FBM/DMF/smitri/evomicrocomm/genome_size/data/ct/reference.fasta, /work/FAC/FBM/DMF/smitri/evomicrocomm/genome_size/data/T44.4.2/read1.fq.gz, /work/FAC/FBM/DMF/smitri/evomicrocomm/genome_size/data/T44.4.2/read2.fq.gz
    output: /work/FAC/FBM/DMF/smitri/evomicrocomm/genome_size/data/T44.4.2/ct/mapped_reads.sorted.bam
    jobid: 0
    wildcards: sample=T44.4.2, strain=ct
    threads: 16
    resources: mem_mb=22986, disk_mb=22986, tmpdir=/tmp/2811850

[M::mm_idx_gen::0.192*0.71] collected minimizers
[M::mm_idx_gen::0.208*1.71] sorted minimizers
[M::main::0.208*1.71] loaded/built the index for 2 target sequence(s)
[M::mm_mapopt_update::0.208*1.71] mid_occ = 1000
[M::mm_idx_stat] kmer size: 21; skip: 11; is_hpc: 0; #seq: 2
[M::mm_idx_stat::0.221*1.67] distinct minimizers: 993850 (99.11% are singletons); average occurrences: 1.021; average spacing: 5.998; total length: 6084391
[M::worker_pipeline::1.270*2.30] mapped 332838 sequences
[M::worker_pipeline::2.177*2.50] mapped 332800 sequences
[M::worker_pipeline::2.954*2.68] mapped 332760 sequences
[M::worker_pipeline::3.671*2.79] mapped 332568 sequences
[M::worker_pipeline::4.489*2.84] mapped 332556 sequences
[M::worker_pipeline::5.186*2.91] mapped 332564 sequences
[M::worker_pipeline::5.851*3.01] mapped 332506 sequences
[M::worker_pipeline::6.457*3.10] mapped 332468 sequences
[M::worker_pipeline::7.051*3.17] mapped 332422 sequences
[M::worker_pipeline::7.618*3.24] mapped 332348 sequences
[M::worker_pipeline::8.267*3.28] mapped 332346 sequences
[M::worker_pipeline::8.891*3.31] mapped 332370 sequences
[M::worker_pipeline::9.483*3.36] mapped 332296 sequences
[M::worker_pipeline::10.087*3.39] mapped 332314 sequences
[M::worker_pipeline::10.748*3.40] mapped 332268 sequences
[M::worker_pipeline::11.376*3.42] mapped 332328 sequences
[M::worker_pipeline::12.002*3.44] mapped 332438 sequences
[M::worker_pipeline::12.578*3.47] mapped 332356 sequences
[M::worker_pipeline::13.175*3.49] mapped 332368 sequences
[M::worker_pipeline::13.791*3.51] mapped 332340 sequences
[M::worker_pipeline::14.421*3.53] mapped 332370 sequences
[M::worker_pipeline::14.989*3.55] mapped 332306 sequences
[M::worker_pipeline::15.623*3.55] mapped 332306 sequences
[M::worker_pipeline::16.221*3.56] mapped 332278 sequences
[M::worker_pipeline::16.845*3.57] mapped 332228 sequences
[M::worker_pipeline::17.466*3.58] mapped 332312 sequences
[M::worker_pipeline::18.063*3.59] mapped 332248 sequences
[M::worker_pipeline::18.641*3.61] mapped 332254 sequences
[M::worker_pipeline::19.261*3.62] mapped 332228 sequences
[M::worker_pipeline::19.843*3.63] mapped 332300 sequences
[M::worker_pipeline::20.440*3.63] mapped 332334 sequences
[M::worker_pipeline::21.046*3.64] mapped 332350 sequences
[M::worker_pipeline::21.638*3.65] mapped 332238 sequences
[M::worker_pipeline::22.252*3.65] mapped 332188 sequences
[M::worker_pipeline::22.848*3.66] mapped 332218 sequences
[M::worker_pipeline::23.440*3.67] mapped 332174 sequences
[M::worker_pipeline::24.068*3.67] mapped 332108 sequences
[M::worker_pipeline::24.695*3.67] mapped 332122 sequences
[M::worker_pipeline::25.277*3.68] mapped 332108 sequences
[M::worker_pipeline::25.898*3.68] mapped 332082 sequences
[M::worker_pipeline::26.475*3.69] mapped 332136 sequences
[M::worker_pipeline::27.106*3.69] mapped 332072 sequences
[M::worker_pipeline::27.753*3.70] mapped 332096 sequences
[M::worker_pipeline::28.330*3.70] mapped 332114 sequences
[M::worker_pipeline::28.941*3.71] mapped 332048 sequences
[M::worker_pipeline::29.548*3.71] mapped 332036 sequences
[M::worker_pipeline::30.158*3.71] mapped 332028 sequences
[M::worker_pipeline::30.773*3.71] mapped 332018 sequences
[M::worker_pipeline::31.371*3.72] mapped 332058 sequences
[M::worker_pipeline::31.965*3.72] mapped 332050 sequences
[M::worker_pipeline::32.555*3.73] mapped 332018 sequences
[M::worker_pipeline::33.149*3.73] mapped 332014 sequences
[M::worker_pipeline::33.716*3.74] mapped 332004 sequences
[M::worker_pipeline::34.358*3.74] mapped 332036 sequences
[M::worker_pipeline::34.966*3.75] mapped 332014 sequences
[M::worker_pipeline::35.554*3.75] mapped 332014 sequences
[M::worker_pipeline::36.176*3.75] mapped 332050 sequences
[M::worker_pipeline::36.781*3.75] mapped 332054 sequences
[M::worker_pipeline::37.347*3.76] mapped 331998 sequences
[M::worker_pipeline::37.968*3.76] mapped 332022 sequences
[M::worker_pipeline::38.592*3.76] mapped 332126 sequences
[M::worker_pipeline::39.185*3.76] mapped 332068 sequences
[M::worker_pipeline::39.800*3.76] mapped 332030 sequences
[M::worker_pipeline::40.462*3.76] mapped 332076 sequences
[M::worker_pipeline::41.002*3.77] mapped 332130 sequences
[M::worker_pipeline::41.617*3.77] mapped 332024 sequences
[M::worker_pipeline::42.256*3.77] mapped 332084 sequences
[M::worker_pipeline::42.837*3.77] mapped 332146 sequences
[M::worker_pipeline::43.435*3.77] mapped 332206 sequences
[M::worker_pipeline::44.075*3.77] mapped 332536 sequences
[M::worker_pipeline::44.660*3.77] mapped 332744 sequences
[M::worker_pipeline::45.280*3.77] mapped 332690 sequences
[M::worker_pipeline::45.901*3.77] mapped 332572 sequences
[M::worker_pipeline::46.514*3.78] mapped 332500 sequences
[M::worker_pipeline::47.135*3.78] mapped 332448 sequences
[M::worker_pipeline::47.744*3.78] mapped 332390 sequences
[M::worker_pipeline::48.349*3.78] mapped 332374 sequences
[M::worker_pipeline::48.945*3.78] mapped 332418 sequences
[M::worker_pipeline::49.581*3.78] mapped 332304 sequences
[M::worker_pipeline::50.174*3.78] mapped 332264 sequences
[M::worker_pipeline::50.799*3.78] mapped 332332 sequences
[M::worker_pipeline::51.429*3.78] mapped 332276 sequences
[M::worker_pipeline::52.041*3.79] mapped 332258 sequences
[M::worker_pipeline::52.644*3.79] mapped 332434 sequences
[M::worker_pipeline::53.224*3.79] mapped 332390 sequences
[M::worker_pipeline::53.836*3.79] mapped 332336 sequences
[M::worker_pipeline::54.454*3.79] mapped 332334 sequences
[M::worker_pipeline::55.058*3.79] mapped 332318 sequences
[M::worker_pipeline::55.680*3.79] mapped 332290 sequences
[M::worker_pipeline::56.286*3.79] mapped 332262 sequences
[M::worker_pipeline::56.879*3.80] mapped 332208 sequences
[M::worker_pipeline::57.529*3.79] mapped 332212 sequences
[M::worker_pipeline::58.099*3.80] mapped 332186 sequences
[M::worker_pipeline::58.717*3.80] mapped 332146 sequences
[M::worker_pipeline::59.308*3.80] mapped 332274 sequences
[M::worker_pipeline::59.939*3.80] mapped 332206 sequences
[M::worker_pipeline::60.542*3.80] mapped 332174 sequences
[M::worker_pipeline::61.165*3.80] mapped 332196 sequences
[M::worker_pipeline::61.772*3.80] mapped 332158 sequences
[M::worker_pipeline::62.398*3.80] mapped 332134 sequences
[M::worker_pipeline::62.968*3.81] mapped 332180 sequences
[M::worker_pipeline::63.580*3.81] mapped 332186 sequences
[M::worker_pipeline::64.185*3.81] mapped 332174 sequences
[M::worker_pipeline::64.781*3.81] mapped 332124 sequences
[M::worker_pipeline::65.371*3.81] mapped 332096 sequences
[M::worker_pipeline::72.244*3.54] mapped 332106 sequences
[M::worker_pipeline::72.414*3.53] mapped 332114 sequences
[M::worker_pipeline::72.582*3.53] mapped 332098 sequences
[M::worker_pipeline::73.116*3.54] mapped 332112 sequences
[M::worker_pipeline::73.800*3.53] mapped 332130 sequences
[M::worker_pipeline::74.507*3.53] mapped 332122 sequences
[M::worker_pipeline::75.151*3.53] mapped 332150 sequences
[M::worker_pipeline::75.775*3.54] mapped 332034 sequences
[M::worker_pipeline::76.365*3.54] mapped 332092 sequences
[M::worker_pipeline::76.996*3.54] mapped 332096 sequences
[M::worker_pipeline::77.606*3.55] mapped 332110 sequences
[M::worker_pipeline::78.207*3.55] mapped 332072 sequences
[M::worker_pipeline::78.783*3.55] mapped 332090 sequences
[M::worker_pipeline::79.375*3.56] mapped 332090 sequences
[M::worker_pipeline::79.980*3.56] mapped 332048 sequences
[M::worker_pipeline::80.569*3.56] mapped 332082 sequences
[M::worker_pipeline::81.169*3.56] mapped 332066 sequences
[M::worker_pipeline::81.729*3.57] mapped 332052 sequences
[M::worker_pipeline::82.376*3.57] mapped 332078 sequences
[M::worker_pipeline::82.955*3.57] mapped 332040 sequences
[M::worker_pipeline::83.577*3.57] mapped 332008 sequences
[M::worker_pipeline::84.166*3.58] mapped 332020 sequences
[M::worker_pipeline::84.757*3.58] mapped 332050 sequences
[M::worker_pipeline::85.391*3.58] mapped 332066 sequences
[M::worker_pipeline::86.011*3.58] mapped 332052 sequences
[M::worker_pipeline::86.632*3.58] mapped 332124 sequences
[M::worker_pipeline::87.199*3.59] mapped 332154 sequences
[M::worker_pipeline::87.827*3.59] mapped 332148 sequences
[M::worker_pipeline::88.420*3.59] mapped 332236 sequences
[M::worker_pipeline::89.001*3.59] mapped 332196 sequences
[M::worker_pipeline::89.637*3.60] mapped 332130 sequences
[M::worker_pipeline::90.227*3.60] mapped 332264 sequences
[M::worker_pipeline::90.799*3.60] mapped 332238 sequences
[M::worker_pipeline::91.405*3.60] mapped 332602 sequences
[M::worker_pipeline::91.995*3.61] mapped 332782 sequences
[M::worker_pipeline::92.627*3.61] mapped 332638 sequences
[M::worker_pipeline::93.351*3.61] mapped 332606 sequences
[M::worker_pipeline::93.825*3.61] mapped 332502 sequences
[M::worker_pipeline::94.413*3.62] mapped 332554 sequences
[M::worker_pipeline::95.052*3.62] mapped 332478 sequences
[M::worker_pipeline::95.632*3.62] mapped 332464 sequences
[M::worker_pipeline::96.312*3.62] mapped 332466 sequences
[M::worker_pipeline::96.966*3.62] mapped 332356 sequences
[M::worker_pipeline::97.558*3.62] mapped 332310 sequences
[M::worker_pipeline::98.210*3.62] mapped 332344 sequences
[M::worker_pipeline::98.778*3.62] mapped 332352 sequences
[M::worker_pipeline::99.443*3.62] mapped 332330 sequences
[M::worker_pipeline::100.013*3.63] mapped 332414 sequences
[M::worker_pipeline::100.632*3.63] mapped 332450 sequences
[M::worker_pipeline::101.286*3.63] mapped 332544 sequences
[M::worker_pipeline::101.843*3.63] mapped 332586 sequences
[M::worker_pipeline::102.468*3.63] mapped 332630 sequences
[M::worker_pipeline::103.087*3.63] mapped 332890 sequences
[M::worker_pipeline::103.687*3.64] mapped 332506 sequences
[M::worker_pipeline::104.304*3.64] mapped 332520 sequences
[M::worker_pipeline::104.888*3.64] mapped 332450 sequences
[M::worker_pipeline::105.489*3.64] mapped 332434 sequences
[M::worker_pipeline::106.104*3.64] mapped 332460 sequences
[M::worker_pipeline::106.694*3.64] mapped 332388 sequences
[M::worker_pipeline::107.342*3.64] mapped 332312 sequences
[M::worker_pipeline::107.953*3.64] mapped 332236 sequences
[M::worker_pipeline::108.576*3.64] mapped 332204 sequences
[M::worker_pipeline::109.236*3.64] mapped 332152 sequences
[M::worker_pipeline::109.842*3.65] mapped 332884 sequences
[M::worker_pipeline::110.443*3.65] mapped 332288 sequences
[M::worker_pipeline::111.036*3.65] mapped 332188 sequences
[M::worker_pipeline::111.621*3.65] mapped 332194 sequences
[M::worker_pipeline::112.242*3.65] mapped 332194 sequences
[M::worker_pipeline::112.862*3.65] mapped 332188 sequences
[M::worker_pipeline::113.478*3.65] mapped 332200 sequences
[M::worker_pipeline::114.086*3.66] mapped 332222 sequences
[M::worker_pipeline::114.683*3.66] mapped 332112 sequences
[M::worker_pipeline::115.289*3.66] mapped 332152 sequences
[M::worker_pipeline::115.903*3.66] mapped 332156 sequences
[M::worker_pipeline::116.517*3.66] mapped 332120 sequences
[M::worker_pipeline::117.088*3.66] mapped 332134 sequences
[M::worker_pipeline::117.697*3.66] mapped 332060 sequences
[M::worker_pipeline::118.268*3.67] mapped 332062 sequences
[M::worker_pipeline::118.891*3.67] mapped 332032 sequences
[M::worker_pipeline::119.497*3.67] mapped 332028 sequences
[M::worker_pipeline::120.102*3.67] mapped 332024 sequences
[M::worker_pipeline::120.687*3.67] mapped 332036 sequences
[M::worker_pipeline::121.301*3.67] mapped 332052 sequences
[M::worker_pipeline::121.922*3.67] mapped 331994 sequences
[M::worker_pipeline::122.479*3.67] mapped 332000 sequences
[M::worker_pipeline::123.092*3.68] mapped 331992 sequences
[M::worker_pipeline::123.681*3.68] mapped 332044 sequences
[M::worker_pipeline::124.272*3.68] mapped 332004 sequences
[M::worker_pipeline::124.891*3.68] mapped 332010 sequences
[M::worker_pipeline::125.486*3.68] mapped 332020 sequences
[M::worker_pipeline::126.051*3.68] mapped 331956 sequences
[M::worker_pipeline::126.690*3.68] mapped 332000 sequences
[M::worker_pipeline::127.323*3.68] mapped 332000 sequences
[M::worker_pipeline::127.889*3.68] mapped 332012 sequences
[M::worker_pipeline::128.550*3.68] mapped 332092 sequences
[M::worker_pipeline::129.147*3.68] mapped 332054 sequences
[M::worker_pipeline::129.727*3.69] mapped 332172 sequences
[M::worker_pipeline::130.319*3.69] mapped 332092 sequences
[M::worker_pipeline::130.924*3.69] mapped 332054 sequences
[M::worker_pipeline::131.529*3.69] mapped 332104 sequences
[M::worker_pipeline::132.142*3.69] mapped 332110 sequences
[M::worker_pipeline::132.740*3.69] mapped 332156 sequences
[M::worker_pipeline::133.345*3.69] mapped 332946 sequences
[M::worker_pipeline::133.967*3.69] mapped 332996 sequences
[M::worker_pipeline::134.575*3.69] mapped 332776 sequences
[M::worker_pipeline::140.503*3.58] mapped 332644 sequences
[M::worker_pipeline::140.685*3.58] mapped 332624 sequences
[M::worker_pipeline::140.858*3.58] mapped 332514 sequences
[M::worker_pipeline::141.381*3.58] mapped 332496 sequences
[M::worker_pipeline::141.995*3.58] mapped 332388 sequences
[M::worker_pipeline::142.589*3.59] mapped 332414 sequences
[M::worker_pipeline::143.223*3.59] mapped 332360 sequences
[M::worker_pipeline::143.829*3.59] mapped 332416 sequences
[M::worker_pipeline::144.442*3.59] mapped 332408 sequences
[M::worker_pipeline::145.030*3.59] mapped 332448 sequences
[M::worker_pipeline::145.641*3.59] mapped 332470 sequences
[M::worker_pipeline::146.274*3.59] mapped 332522 sequences
[M::worker_pipeline::146.929*3.59] mapped 332624 sequences
[M::worker_pipeline::147.497*3.59] mapped 332668 sequences
[M::worker_pipeline::148.104*3.60] mapped 332752 sequences
[M::worker_pipeline::148.687*3.60] mapped 332682 sequences
[M::worker_pipeline::149.331*3.60] mapped 332596 sequences
[M::worker_pipeline::149.971*3.60] mapped 332436 sequences
[M::worker_pipeline::150.617*3.60] mapped 332500 sequences
[M::worker_pipeline::151.203*3.60] mapped 332466 sequences
[M::worker_pipeline::151.809*3.60] mapped 332418 sequences
[M::worker_pipeline::152.438*3.60] mapped 332496 sequences
[M::worker_pipeline::153.059*3.60] mapped 332562 sequences
[M::worker_pipeline::153.749*3.60] mapped 332452 sequences
[M::worker_pipeline::154.337*3.60] mapped 332418 sequences
[M::worker_pipeline::154.945*3.60] mapped 332430 sequences
[M::worker_pipeline::155.583*3.61] mapped 332384 sequences
[M::worker_pipeline::156.188*3.61] mapped 332330 sequences
[M::worker_pipeline::156.772*3.61] mapped 332292 sequences
[M::worker_pipeline::157.369*3.61] mapped 332322 sequences
[M::worker_pipeline::157.967*3.61] mapped 332420 sequences
[M::worker_pipeline::158.559*3.61] mapped 332434 sequences
[M::worker_pipeline::159.179*3.61] mapped 332386 sequences
[M::worker_pipeline::159.756*3.62] mapped 332334 sequences
[M::worker_pipeline::160.345*3.62] mapped 332356 sequences
[M::worker_pipeline::160.934*3.62] mapped 332298 sequences
[M::worker_pipeline::161.508*3.62] mapped 332276 sequences
[M::worker_pipeline::162.153*3.62] mapped 332274 sequences
[M::worker_pipeline::162.767*3.62] mapped 332292 sequences
[M::worker_pipeline::163.361*3.62] mapped 332178 sequences
[M::worker_pipeline::163.958*3.62] mapped 332226 sequences
[M::worker_pipeline::164.612*3.62] mapped 332310 sequences
[M::worker_pipeline::165.239*3.62] mapped 332234 sequences
[M::worker_pipeline::165.846*3.63] mapped 332186 sequences
[M::worker_pipeline::166.454*3.63] mapped 332250 sequences
[M::worker_pipeline::167.062*3.63] mapped 332204 sequences
[M::worker_pipeline::167.682*3.63] mapped 332170 sequences
[M::worker_pipeline::168.264*3.63] mapped 332102 sequences
[M::worker_pipeline::168.869*3.63] mapped 332158 sequences
[M::worker_pipeline::169.456*3.63] mapped 332136 sequences
[M::worker_pipeline::170.065*3.63] mapped 332148 sequences
[M::worker_pipeline::170.665*3.63] mapped 332128 sequences
[M::worker_pipeline::171.224*3.64] mapped 332108 sequences
[M::worker_pipeline::171.852*3.64] mapped 332086 sequences
[M::worker_pipeline::172.467*3.64] mapped 332126 sequences
[M::worker_pipeline::173.072*3.64] mapped 332044 sequences
[M::worker_pipeline::173.688*3.64] mapped 332170 sequences
[M::worker_pipeline::174.313*3.64] mapped 332158 sequences
[M::worker_pipeline::174.909*3.64] mapped 332218 sequences
[M::worker_pipeline::175.522*3.64] mapped 332194 sequences
[M::worker_pipeline::176.099*3.64] mapped 332250 sequences
[M::worker_pipeline::176.735*3.64] mapped 332270 sequences
[M::worker_pipeline::177.335*3.65] mapped 332250 sequences
[M::worker_pipeline::177.947*3.65] mapped 332346 sequences
[M::worker_pipeline::178.541*3.65] mapped 332288 sequences
[M::worker_pipeline::179.127*3.65] mapped 332304 sequences
[M::worker_pipeline::179.734*3.65] mapped 332700 sequences
[M::worker_pipeline::180.378*3.65] mapped 332986 sequences
[M::worker_pipeline::180.950*3.65] mapped 332840 sequences
[M::worker_pipeline::181.555*3.65] mapped 332568 sequences
[M::worker_pipeline::182.184*3.65] mapped 332542 sequences
[M::worker_pipeline::182.773*3.65] mapped 332556 sequences
[M::worker_pipeline::183.375*3.65] mapped 332534 sequences
[M::worker_pipeline::183.983*3.66] mapped 332446 sequences
[M::worker_pipeline::184.592*3.66] mapped 332342 sequences
[M::worker_pipeline::185.206*3.66] mapped 332352 sequences
[M::worker_pipeline::185.805*3.66] mapped 332328 sequences
[M::worker_pipeline::186.412*3.66] mapped 332370 sequences
[M::worker_pipeline::187.016*3.66] mapped 332334 sequences
[M::worker_pipeline::187.593*3.66] mapped 332350 sequences
[M::worker_pipeline::188.247*3.66] mapped 332360 sequences
[M::worker_pipeline::188.861*3.66] mapped 332302 sequences
[M::worker_pipeline::189.452*3.66] mapped 332310 sequences
[M::worker_pipeline::190.077*3.66] mapped 332350 sequences
[M::worker_pipeline::190.669*3.66] mapped 332314 sequences
[M::worker_pipeline::191.303*3.66] mapped 332278 sequences
[M::worker_pipeline::191.935*3.66] mapped 332254 sequences
[M::worker_pipeline::192.534*3.66] mapped 332330 sequences
[M::worker_pipeline::193.162*3.67] mapped 332352 sequences
[M::worker_pipeline::193.761*3.67] mapped 332268 sequences
[M::worker_pipeline::194.331*3.67] mapped 332222 sequences
[M::worker_pipeline::194.949*3.67] mapped 332232 sequences
[M::worker_pipeline::195.544*3.67] mapped 332184 sequences
[M::worker_pipeline::196.153*3.67] mapped 332202 sequences
[M::worker_pipeline::196.736*3.67] mapped 332268 sequences
[M::worker_pipeline::197.334*3.67] mapped 332288 sequences
[M::worker_pipeline::197.927*3.67] mapped 332244 sequences
[M::worker_pipeline::198.536*3.67] mapped 332218 sequences
[M::worker_pipeline::199.138*3.68] mapped 332168 sequences
[M::worker_pipeline::199.741*3.68] mapped 332188 sequences
[M::worker_pipeline::200.352*3.68] mapped 332212 sequences
[M::worker_pipeline::200.937*3.68] mapped 332156 sequences
[M::worker_pipeline::201.532*3.68] mapped 332186 sequences
[M::worker_pipeline::202.136*3.68] mapped 332192 sequences
[M::worker_pipeline::202.747*3.68] mapped 332180 sequences
[M::worker_pipeline::203.343*3.68] mapped 332220 sequences
[M::worker_pipeline::208.495*3.62] mapped 332198 sequences
[M::worker_pipeline::208.670*3.62] mapped 332228 sequences
[M::worker_pipeline::208.831*3.62] mapped 332208 sequences
[M::worker_pipeline::209.363*3.62] mapped 332242 sequences
[M::worker_pipeline::209.952*3.62] mapped 332208 sequences
[M::worker_pipeline::210.531*3.62] mapped 332216 sequences
[M::worker_pipeline::211.152*3.62] mapped 332238 sequences
[M::worker_pipeline::211.748*3.62] mapped 332222 sequences
[M::worker_pipeline::212.325*3.62] mapped 332262 sequences
[M::worker_pipeline::212.906*3.63] mapped 332280 sequences
[M::worker_pipeline::213.505*3.63] mapped 332274 sequences
[M::worker_pipeline::214.103*3.63] mapped 332348 sequences
[M::worker_pipeline::214.683*3.63] mapped 332264 sequences
[M::worker_pipeline::215.273*3.63] mapped 332292 sequences
[M::worker_pipeline::215.857*3.63] mapped 332328 sequences
[M::worker_pipeline::216.504*3.63] mapped 332428 sequences
[M::worker_pipeline::217.145*3.63] mapped 332378 sequences
[M::worker_pipeline::217.736*3.63] mapped 332478 sequences
[M::worker_pipeline::218.348*3.63] mapped 332422 sequences
[M::worker_pipeline::218.943*3.63] mapped 332340 sequences
[M::worker_pipeline::219.542*3.63] mapped 332402 sequences
[M::worker_pipeline::220.179*3.64] mapped 332308 sequences
[M::worker_pipeline::220.759*3.64] mapped 332248 sequences
[M::worker_pipeline::221.348*3.64] mapped 332164 sequences
[M::worker_pipeline::221.940*3.64] mapped 332136 sequences
[M::worker_pipeline::222.584*3.64] mapped 332126 sequences
[M::worker_pipeline::223.178*3.64] mapped 332078 sequences
[M::worker_pipeline::223.794*3.64] mapped 332180 sequences
[M::worker_pipeline::224.408*3.64] mapped 332932 sequences
[M::worker_pipeline::225.057*3.64] mapped 332598 sequences
[M::worker_pipeline::225.698*3.64] mapped 332506 sequences
[M::worker_pipeline::226.324*3.64] mapped 332520 sequences
[M::worker_pipeline::226.942*3.64] mapped 332464 sequences
[M::worker_pipeline::227.571*3.64] mapped 332390 sequences
[M::worker_pipeline::228.174*3.64] mapped 332358 sequences
[M::worker_pipeline::228.782*3.64] mapped 332334 sequences
[M::worker_pipeline::229.372*3.65] mapped 332314 sequences
[M::worker_pipeline::229.988*3.65] mapped 332258 sequences
[M::worker_pipeline::230.595*3.65] mapped 332238 sequences
[M::worker_pipeline::231.221*3.65] mapped 332256 sequences
[M::worker_pipeline::231.836*3.65] mapped 332292 sequences
[M::worker_pipeline::232.436*3.65] mapped 332268 sequences
[M::worker_pipeline::233.053*3.65] mapped 332264 sequences
[M::worker_pipeline::233.683*3.65] mapped 332372 sequences
[M::worker_pipeline::234.281*3.65] mapped 332264 sequences
[M::worker_pipeline::234.857*3.65] mapped 332264 sequences
[M::worker_pipeline::235.509*3.65] mapped 332284 sequences
[M::worker_pipeline::236.102*3.65] mapped 332240 sequences
[M::worker_pipeline::236.707*3.65] mapped 332286 sequences
[M::worker_pipeline::237.303*3.65] mapped 332214 sequences
[M::worker_pipeline::237.917*3.65] mapped 332144 sequences
[M::worker_pipeline::238.503*3.65] mapped 332168 sequences
[M::worker_pipeline::239.112*3.66] mapped 332196 sequences
[M::worker_pipeline::239.744*3.66] mapped 332132 sequences
[M::worker_pipeline::240.347*3.66] mapped 332134 sequences
[M::worker_pipeline::240.991*3.66] mapped 332128 sequences
[M::worker_pipeline::241.619*3.66] mapped 332110 sequences
[M::worker_pipeline::242.245*3.66] mapped 332156 sequences
[M::worker_pipeline::242.849*3.66] mapped 332142 sequences
[M::worker_pipeline::243.452*3.66] mapped 332094 sequences
[M::worker_pipeline::244.086*3.66] mapped 332118 sequences
[M::worker_pipeline::244.686*3.66] mapped 332124 sequences
[M::worker_pipeline::245.294*3.66] mapped 332106 sequences
[M::worker_pipeline::245.920*3.66] mapped 332080 sequences
[M::worker_pipeline::246.548*3.66] mapped 332144 sequences
[M::worker_pipeline::247.165*3.66] mapped 332124 sequences
[M::worker_pipeline::247.759*3.66] mapped 332234 sequences
[M::worker_pipeline::248.374*3.66] mapped 332236 sequences
[M::worker_pipeline::248.989*3.66] mapped 332240 sequences
[M::worker_pipeline::249.568*3.66] mapped 332160 sequences
[M::worker_pipeline::250.157*3.67] mapped 332062 sequences
[M::worker_pipeline::250.789*3.67] mapped 332120 sequences
[M::worker_pipeline::251.364*3.67] mapped 332124 sequences
[M::worker_pipeline::252.017*3.67] mapped 332062 sequences
[M::worker_pipeline::252.613*3.67] mapped 332068 sequences
[M::worker_pipeline::253.216*3.67] mapped 332070 sequences
[M::worker_pipeline::253.794*3.67] mapped 332120 sequences
[M::worker_pipeline::254.388*3.67] mapped 332172 sequences
[M::worker_pipeline::254.977*3.67] mapped 332144 sequences
[M::worker_pipeline::255.582*3.67] mapped 332194 sequences
[M::worker_pipeline::256.196*3.67] mapped 332210 sequences
[M::worker_pipeline::256.801*3.67] mapped 332234 sequences
[M::worker_pipeline::257.426*3.67] mapped 332248 sequences
[M::worker_pipeline::257.999*3.67] mapped 332252 sequences
[M::worker_pipeline::258.586*3.67] mapped 332288 sequences
[M::worker_pipeline::259.219*3.68] mapped 332270 sequences
[M::worker_pipeline::259.782*3.68] mapped 332218 sequences
[M::worker_pipeline::260.406*3.68] mapped 332262 sequences
[M::worker_pipeline::260.957*3.68] mapped 332208 sequences
[M::worker_pipeline::261.593*3.68] mapped 332114 sequences
[M::worker_pipeline::262.188*3.68] mapped 332064 sequences
[M::worker_pipeline::262.789*3.68] mapped 332072 sequences
[M::worker_pipeline::263.417*3.68] mapped 332120 sequences
[M::worker_pipeline::263.992*3.68] mapped 332112 sequences
[M::worker_pipeline::264.579*3.68] mapped 332264 sequences
[M::worker_pipeline::265.165*3.68] mapped 332710 sequences
[M::worker_pipeline::265.772*3.68] mapped 332660 sequences
[M::worker_pipeline::266.361*3.68] mapped 332414 sequences
[M::worker_pipeline::266.961*3.68] mapped 332388 sequences
[M::worker_pipeline::267.563*3.68] mapped 332422 sequences
[M::worker_pipeline::268.147*3.68] mapped 332352 sequences
[M::worker_pipeline::268.768*3.69] mapped 332234 sequences
[M::worker_pipeline::269.359*3.69] mapped 332192 sequences
[M::worker_pipeline::269.939*3.69] mapped 332208 sequences
[M::worker_pipeline::270.559*3.69] mapped 332220 sequences
[M::worker_pipeline::275.604*3.64] mapped 332216 sequences
[M::worker_pipeline::275.783*3.64] mapped 332180 sequences
[M::worker_pipeline::275.956*3.64] mapped 332150 sequences
[M::worker_pipeline::276.490*3.64] mapped 332220 sequences
[M::worker_pipeline::277.083*3.64] mapped 332230 sequences
[M::worker_pipeline::277.710*3.64] mapped 332218 sequences
[M::worker_pipeline::278.304*3.65] mapped 332166 sequences
[M::worker_pipeline::278.900*3.65] mapped 332180 sequences
[M::worker_pipeline::279.527*3.65] mapped 332586 sequences
[M::worker_pipeline::280.152*3.65] mapped 332164 sequences
[M::worker_pipeline::280.751*3.65] mapped 332180 sequences
[M::worker_pipeline::281.310*3.65] mapped 332118 sequences
[M::worker_pipeline::281.950*3.65] mapped 332106 sequences
[M::worker_pipeline::282.547*3.65] mapped 332170 sequences
[M::worker_pipeline::283.099*3.65] mapped 332128 sequences
[M::worker_pipeline::283.736*3.65] mapped 332116 sequences
[M::worker_pipeline::284.338*3.65] mapped 332150 sequences
[M::worker_pipeline::284.918*3.65] mapped 332122 sequences
[M::worker_pipeline::285.580*3.65] mapped 332066 sequences
[M::worker_pipeline::286.126*3.65] mapped 332128 sequences
[M::worker_pipeline::286.743*3.65] mapped 332170 sequences
[M::worker_pipeline::287.307*3.65] mapped 332102 sequences
[M::worker_pipeline::287.871*3.66] mapped 332114 sequences
[M::worker_pipeline::288.504*3.66] mapped 332082 sequences
[M::worker_pipeline::289.106*3.66] mapped 332096 sequences
[M::worker_pipeline::289.688*3.66] mapped 332088 sequences
[M::worker_pipeline::290.271*3.66] mapped 332178 sequences
[M::worker_pipeline::290.878*3.66] mapped 332380 sequences
[M::worker_pipeline::291.489*3.66] mapped 332442 sequences
[M::worker_pipeline::292.076*3.66] mapped 332356 sequences
[M::worker_pipeline::292.644*3.66] mapped 332376 sequences
[M::worker_pipeline::293.273*3.66] mapped 332386 sequences
[M::worker_pipeline::293.883*3.66] mapped 332114 sequences
[M::worker_pipeline::294.463*3.66] mapped 332090 sequences
[M::worker_pipeline::295.036*3.66] mapped 332080 sequences
[M::worker_pipeline::295.623*3.66] mapped 332054 sequences
[M::worker_pipeline::296.277*3.66] mapped 332112 sequences
[M::worker_pipeline::296.879*3.67] mapped 332124 sequences
[M::worker_pipeline::297.484*3.67] mapped 332076 sequences
[M::worker_pipeline::298.088*3.67] mapped 332118 sequences
[M::worker_pipeline::298.665*3.67] mapped 332228 sequences
[M::worker_pipeline::299.277*3.67] mapped 332174 sequences
[M::worker_pipeline::299.880*3.67] mapped 332134 sequences
[M::worker_pipeline::300.472*3.67] mapped 332212 sequences
[M::worker_pipeline::301.054*3.67] mapped 332294 sequences
[M::worker_pipeline::301.633*3.67] mapped 332250 sequences
[M::worker_pipeline::302.257*3.67] mapped 332266 sequences
[M::worker_pipeline::302.889*3.67] mapped 332300 sequences
[M::worker_pipeline::303.486*3.67] mapped 332284 sequences
[M::worker_pipeline::304.095*3.67] mapped 332286 sequences
[M::worker_pipeline::304.682*3.67] mapped 332252 sequences
[M::worker_pipeline::305.264*3.67] mapped 332130 sequences
[M::worker_pipeline::305.843*3.67] mapped 332126 sequences
[M::worker_pipeline::306.465*3.67] mapped 332098 sequences
[M::worker_pipeline::307.078*3.67] mapped 332114 sequences
[M::worker_pipeline::307.685*3.68] mapped 332130 sequences
[M::worker_pipeline::308.298*3.68] mapped 332228 sequences
[M::worker_pipeline::308.912*3.68] mapped 332902 sequences
[M::worker_pipeline::309.506*3.68] mapped 332806 sequences
[M::worker_pipeline::310.116*3.68] mapped 332708 sequences
[M::worker_pipeline::310.753*3.68] mapped 332538 sequences
[M::worker_pipeline::311.355*3.68] mapped 332586 sequences
[M::worker_pipeline::311.988*3.68] mapped 332518 sequences
[M::worker_pipeline::312.609*3.68] mapped 332528 sequences
[M::worker_pipeline::313.225*3.68] mapped 332424 sequences
[M::worker_pipeline::313.840*3.68] mapped 332424 sequences
[M::worker_pipeline::314.433*3.68] mapped 332416 sequences
[M::worker_pipeline::314.997*3.68] mapped 332348 sequences
[M::worker_pipeline::315.644*3.68] mapped 332336 sequences
[M::worker_pipeline::316.248*3.68] mapped 332398 sequences
[M::worker_pipeline::316.809*3.68] mapped 332318 sequences
[M::worker_pipeline::317.417*3.68] mapped 332386 sequences
[M::worker_pipeline::318.024*3.68] mapped 332424 sequences
[M::worker_pipeline::318.658*3.68] mapped 332448 sequences
[M::worker_pipeline::319.273*3.68] mapped 332450 sequences
[M::worker_pipeline::319.877*3.68] mapped 332532 sequences
[M::worker_pipeline::320.447*3.68] mapped 332380 sequences
[M::worker_pipeline::321.072*3.68] mapped 332438 sequences
[M::worker_pipeline::321.686*3.68] mapped 332366 sequences
[M::worker_pipeline::322.288*3.69] mapped 332310 sequences
[M::worker_pipeline::322.887*3.69] mapped 332294 sequences
[M::worker_pipeline::323.454*3.69] mapped 332276 sequences
[M::worker_pipeline::324.052*3.69] mapped 332222 sequences
[M::worker_pipeline::324.654*3.69] mapped 332232 sequences
[M::worker_pipeline::325.236*3.69] mapped 332212 sequences
[M::worker_pipeline::325.872*3.69] mapped 332224 sequences
[M::worker_pipeline::326.457*3.69] mapped 332200 sequences
[M::worker_pipeline::327.055*3.69] mapped 332222 sequences
[M::worker_pipeline::327.650*3.69] mapped 332214 sequences
[M::worker_pipeline::328.296*3.69] mapped 332210 sequences
[M::worker_pipeline::328.924*3.69] mapped 332210 sequences
[M::worker_pipeline::329.519*3.69] mapped 332178 sequences
[M::worker_pipeline::330.097*3.69] mapped 332202 sequences
[M::worker_pipeline::330.715*3.69] mapped 332452 sequences
[M::worker_pipeline::331.349*3.69] mapped 332678 sequences
[M::worker_pipeline::331.953*3.69] mapped 332652 sequences
[M::worker_pipeline::332.559*3.69] mapped 332542 sequences
[M::worker_pipeline::333.160*3.69] mapped 332586 sequences
[M::worker_pipeline::333.745*3.69] mapped 332490 sequences
[M::worker_pipeline::334.363*3.69] mapped 332228 sequences
[M::worker_pipeline::334.951*3.69] mapped 332142 sequences
[M::worker_pipeline::335.529*3.70] mapped 332128 sequences
[M::worker_pipeline::336.124*3.70] mapped 332152 sequences
[M::worker_pipeline::336.709*3.70] mapped 332114 sequences
[M::worker_pipeline::337.308*3.70] mapped 332164 sequences
[M::worker_pipeline::338.038*3.70] mapped 332190 sequences
[M::worker_pipeline::342.810*3.66] mapped 332138 sequences
[M::worker_pipeline::342.992*3.66] mapped 332220 sequences
[M::worker_pipeline::343.174*3.66] mapped 332156 sequences
[M::worker_pipeline::343.702*3.66] mapped 332194 sequences
[M::worker_pipeline::344.292*3.66] mapped 332214 sequences
[M::worker_pipeline::344.926*3.66] mapped 332180 sequences
[M::worker_pipeline::345.533*3.66] mapped 332190 sequences
[M::worker_pipeline::346.153*3.66] mapped 332194 sequences
[M::worker_pipeline::346.758*3.66] mapped 332164 sequences
[M::worker_pipeline::347.330*3.67] mapped 332198 sequences
[M::worker_pipeline::347.903*3.67] mapped 332162 sequences
[M::worker_pipeline::348.532*3.67] mapped 332118 sequences
[M::worker_pipeline::349.121*3.67] mapped 332132 sequences
[M::worker_pipeline::349.681*3.67] mapped 332124 sequences
[M::worker_pipeline::350.278*3.67] mapped 332028 sequences
[M::worker_pipeline::350.879*3.67] mapped 332082 sequences
[M::worker_pipeline::351.513*3.67] mapped 332106 sequences
[M::worker_pipeline::352.141*3.67] mapped 332096 sequences
[M::worker_pipeline::352.201*3.67] mapped 108330 sequences
[M::main] Version: 2.22-r1101
[M::main] CMD: minimap2 --secondary=no -t 16 -R @RG\tID:snippy\tSM:snippy -ax sr /work/FAC/FBM/DMF/smitri/evomicrocomm/genome_size/data/ct/reference.fasta /work/FAC/FBM/DMF/smitri/evomicrocomm/genome_size/data/T44.4.2/read1.fq.gz /work/FAC/FBM/DMF/smitri/evomicrocomm/genome_size/data/T44.4.2/read2.fq.gz
[M::main] Real time: 352.221 sec; CPU: 1292.525 sec; Peak RSS: 0.514 GB
[bam_sort_core] merging from 80 files and 16 in-memory blocks...
[Fri Oct 15 16:18:15 2021]
Finished job 0.
1 of 1 steps (100%) done
