Building DAG of jobs...
Using shell: /usr/bin/bash
Provided cluster nodes: 100
Job stats:
job        count    min threads    max threads
-------  -------  -------------  -------------
mapping       20             16             16
report        20             16             16
total         40             16             16

Select jobs to execute...

[Fri Oct 15 16:08:10 2021]
rule mapping:
    input: /work/FAC/FBM/DMF/smitri/evomicrocomm/genome_size/data/ms/reference.fasta, /work/FAC/FBM/DMF/smitri/evomicrocomm/genome_size/data/T44.4.5.rep/read1.fq.gz, /work/FAC/FBM/DMF/smitri/evomicrocomm/genome_size/data/T44.4.5.rep/read2.fq.gz
    output: /work/FAC/FBM/DMF/smitri/evomicrocomm/genome_size/data/T44.4.5.rep/ms/mapped_reads.sorted.bam
    jobid: 41
    wildcards: sample=T44.4.5.rep, strain=ms
    threads: 16
    resources: tmpdir=/tmp/2811846

Submitted job 41 with external jobid 'Submitted batch job 2811847'.

[Fri Oct 15 16:08:10 2021]
rule mapping:
    input: /work/FAC/FBM/DMF/smitri/evomicrocomm/genome_size/data/ct/reference.fasta, /work/FAC/FBM/DMF/smitri/evomicrocomm/genome_size/data/T44.4.5.rep/read1.fq.gz, /work/FAC/FBM/DMF/smitri/evomicrocomm/genome_size/data/T44.4.5.rep/read2.fq.gz
    output: /work/FAC/FBM/DMF/smitri/evomicrocomm/genome_size/data/T44.4.5.rep/ct/mapped_reads.sorted.bam
    jobid: 35
    wildcards: sample=T44.4.5.rep, strain=ct
    threads: 16
    resources: tmpdir=/tmp/2811846

Submitted job 35 with external jobid 'Submitted batch job 2811848'.

[Fri Oct 15 16:08:10 2021]
rule mapping:
    input: /work/FAC/FBM/DMF/smitri/evomicrocomm/genome_size/data/ms/reference.fasta, /work/FAC/FBM/DMF/smitri/evomicrocomm/genome_size/data/T44.4.4/read1.fq.gz, /work/FAC/FBM/DMF/smitri/evomicrocomm/genome_size/data/T44.4.4/read2.fq.gz
    output: /work/FAC/FBM/DMF/smitri/evomicrocomm/genome_size/data/T44.4.4/ms/mapped_reads.sorted.bam
    jobid: 56
    wildcards: sample=T44.4.4, strain=ms
    threads: 16
    resources: tmpdir=/tmp/2811846

Submitted job 56 with external jobid 'Submitted batch job 2811849'.

[Fri Oct 15 16:08:10 2021]
rule mapping:
    input: /work/FAC/FBM/DMF/smitri/evomicrocomm/genome_size/data/ct/reference.fasta, /work/FAC/FBM/DMF/smitri/evomicrocomm/genome_size/data/T44.4.2/read1.fq.gz, /work/FAC/FBM/DMF/smitri/evomicrocomm/genome_size/data/T44.4.2/read2.fq.gz
    output: /work/FAC/FBM/DMF/smitri/evomicrocomm/genome_size/data/T44.4.2/ct/mapped_reads.sorted.bam
    jobid: 14
    wildcards: sample=T44.4.2, strain=ct
    threads: 16
    resources: tmpdir=/tmp/2811846

Submitted job 14 with external jobid 'Submitted batch job 2811850'.

[Fri Oct 15 16:08:10 2021]
rule mapping:
    input: /work/FAC/FBM/DMF/smitri/evomicrocomm/genome_size/data/at/reference.fasta, /work/FAC/FBM/DMF/smitri/evomicrocomm/genome_size/data/T44.4.5.rep/read1.fq.gz, /work/FAC/FBM/DMF/smitri/evomicrocomm/genome_size/data/T44.4.5.rep/read2.fq.gz
    output: /work/FAC/FBM/DMF/smitri/evomicrocomm/genome_size/data/T44.4.5.rep/at/mapped_reads.sorted.bam
    jobid: 50
    wildcards: sample=T44.4.5.rep, strain=at
    threads: 16
    resources: tmpdir=/tmp/2811846

Submitted job 50 with external jobid 'Submitted batch job 2811851'.

[Fri Oct 15 16:08:10 2021]
rule mapping:
    input: /work/FAC/FBM/DMF/smitri/evomicrocomm/genome_size/data/ms/reference.fasta, /work/FAC/FBM/DMF/smitri/evomicrocomm/genome_size/data/T44.4.3/read1.fq.gz, /work/FAC/FBM/DMF/smitri/evomicrocomm/genome_size/data/T44.4.3/read2.fq.gz
    output: /work/FAC/FBM/DMF/smitri/evomicrocomm/genome_size/data/T44.4.3/ms/mapped_reads.sorted.bam
    jobid: 8
    wildcards: sample=T44.4.3, strain=ms
    threads: 16
    resources: tmpdir=/tmp/2811846

Submitted job 8 with external jobid 'Submitted batch job 2811852'.

[Fri Oct 15 16:08:10 2021]
rule mapping:
    input: /work/FAC/FBM/DMF/smitri/evomicrocomm/genome_size/data/ct/reference.fasta, /work/FAC/FBM/DMF/smitri/evomicrocomm/genome_size/data/T44.4.3/read1.fq.gz, /work/FAC/FBM/DMF/smitri/evomicrocomm/genome_size/data/T44.4.3/read2.fq.gz
    output: /work/FAC/FBM/DMF/smitri/evomicrocomm/genome_size/data/T44.4.3/ct/mapped_reads.sorted.bam
    jobid: 2
    wildcards: sample=T44.4.3, strain=ct
    threads: 16
    resources: tmpdir=/tmp/2811846

Submitted job 2 with external jobid 'Submitted batch job 2811853'.

[Fri Oct 15 16:08:10 2021]
rule mapping:
    input: /work/FAC/FBM/DMF/smitri/evomicrocomm/genome_size/data/ms/reference.fasta, /work/FAC/FBM/DMF/smitri/evomicrocomm/genome_size/data/T44.4.2/read1.fq.gz, /work/FAC/FBM/DMF/smitri/evomicrocomm/genome_size/data/T44.4.2/read2.fq.gz
    output: /work/FAC/FBM/DMF/smitri/evomicrocomm/genome_size/data/T44.4.2/ms/mapped_reads.sorted.bam
    jobid: 29
    wildcards: sample=T44.4.2, strain=ms
    threads: 16
    resources: tmpdir=/tmp/2811846

Submitted job 29 with external jobid 'Submitted batch job 2811854'.

[Fri Oct 15 16:08:10 2021]
rule mapping:
    input: /work/FAC/FBM/DMF/smitri/evomicrocomm/genome_size/data/at/reference.fasta, /work/FAC/FBM/DMF/smitri/evomicrocomm/genome_size/data/T44.4.1/read1.fq.gz, /work/FAC/FBM/DMF/smitri/evomicrocomm/genome_size/data/T44.4.1/read2.fq.gz
    output: /work/FAC/FBM/DMF/smitri/evomicrocomm/genome_size/data/T44.4.1/at/mapped_reads.sorted.bam
    jobid: 23
    wildcards: sample=T44.4.1, strain=at
    threads: 16
    resources: tmpdir=/tmp/2811846

Submitted job 23 with external jobid 'Submitted batch job 2811855'.

[Fri Oct 15 16:08:10 2021]
rule mapping:
    input: /work/FAC/FBM/DMF/smitri/evomicrocomm/genome_size/data/at/reference.fasta, /work/FAC/FBM/DMF/smitri/evomicrocomm/genome_size/data/T44.4.4/read1.fq.gz, /work/FAC/FBM/DMF/smitri/evomicrocomm/genome_size/data/T44.4.4/read2.fq.gz
    output: /work/FAC/FBM/DMF/smitri/evomicrocomm/genome_size/data/T44.4.4/at/mapped_reads.sorted.bam
    jobid: 44
    wildcards: sample=T44.4.4, strain=at
    threads: 16
    resources: tmpdir=/tmp/2811846

Submitted job 44 with external jobid 'Submitted batch job 2811856'.

[Fri Oct 15 16:08:10 2021]
rule mapping:
    input: /work/FAC/FBM/DMF/smitri/evomicrocomm/genome_size/data/oa/reference.fasta, /work/FAC/FBM/DMF/smitri/evomicrocomm/genome_size/data/T44.4.5.rep/read1.fq.gz, /work/FAC/FBM/DMF/smitri/evomicrocomm/genome_size/data/T44.4.5.rep/read2.fq.gz
    output: /work/FAC/FBM/DMF/smitri/evomicrocomm/genome_size/data/T44.4.5.rep/oa/mapped_reads.sorted.bam
    jobid: 38
    wildcards: sample=T44.4.5.rep, strain=oa
    threads: 16
    resources: tmpdir=/tmp/2811846

Submitted job 38 with external jobid 'Submitted batch job 2811857'.

[Fri Oct 15 16:08:10 2021]
rule mapping:
    input: /work/FAC/FBM/DMF/smitri/evomicrocomm/genome_size/data/ms/reference.fasta, /work/FAC/FBM/DMF/smitri/evomicrocomm/genome_size/data/T44.4.1/read1.fq.gz, /work/FAC/FBM/DMF/smitri/evomicrocomm/genome_size/data/T44.4.1/read2.fq.gz
    output: /work/FAC/FBM/DMF/smitri/evomicrocomm/genome_size/data/T44.4.1/ms/mapped_reads.sorted.bam
    jobid: 17
    wildcards: sample=T44.4.1, strain=ms
    threads: 16
    resources: tmpdir=/tmp/2811846

Submitted job 17 with external jobid 'Submitted batch job 2811858'.

[Fri Oct 15 16:08:10 2021]
rule mapping:
    input: /work/FAC/FBM/DMF/smitri/evomicrocomm/genome_size/data/at/reference.fasta, /work/FAC/FBM/DMF/smitri/evomicrocomm/genome_size/data/T44.4.3/read1.fq.gz, /work/FAC/FBM/DMF/smitri/evomicrocomm/genome_size/data/T44.4.3/read2.fq.gz
    output: /work/FAC/FBM/DMF/smitri/evomicrocomm/genome_size/data/T44.4.3/at/mapped_reads.sorted.bam
    jobid: 59
    wildcards: sample=T44.4.3, strain=at
    threads: 16
    resources: tmpdir=/tmp/2811846

Submitted job 59 with external jobid 'Submitted batch job 2811859'.

[Fri Oct 15 16:08:10 2021]
rule mapping:
    input: /work/FAC/FBM/DMF/smitri/evomicrocomm/genome_size/data/ct/reference.fasta, /work/FAC/FBM/DMF/smitri/evomicrocomm/genome_size/data/T44.4.4/read1.fq.gz, /work/FAC/FBM/DMF/smitri/evomicrocomm/genome_size/data/T44.4.4/read2.fq.gz
    output: /work/FAC/FBM/DMF/smitri/evomicrocomm/genome_size/data/T44.4.4/ct/mapped_reads.sorted.bam
    jobid: 11
    wildcards: sample=T44.4.4, strain=ct
    threads: 16
    resources: tmpdir=/tmp/2811846

Submitted job 11 with external jobid 'Submitted batch job 2811860'.

[Fri Oct 15 16:08:10 2021]
rule mapping:
    input: /work/FAC/FBM/DMF/smitri/evomicrocomm/genome_size/data/oa/reference.fasta, /work/FAC/FBM/DMF/smitri/evomicrocomm/genome_size/data/T44.4.1/read1.fq.gz, /work/FAC/FBM/DMF/smitri/evomicrocomm/genome_size/data/T44.4.1/read2.fq.gz
    output: /work/FAC/FBM/DMF/smitri/evomicrocomm/genome_size/data/T44.4.1/oa/mapped_reads.sorted.bam
    jobid: 53
    wildcards: sample=T44.4.1, strain=oa
    threads: 16
    resources: tmpdir=/tmp/2811846

Submitted job 53 with external jobid 'Submitted batch job 2811861'.

[Fri Oct 15 16:08:10 2021]
rule mapping:
    input: /work/FAC/FBM/DMF/smitri/evomicrocomm/genome_size/data/oa/reference.fasta, /work/FAC/FBM/DMF/smitri/evomicrocomm/genome_size/data/T44.4.2/read1.fq.gz, /work/FAC/FBM/DMF/smitri/evomicrocomm/genome_size/data/T44.4.2/read2.fq.gz
    output: /work/FAC/FBM/DMF/smitri/evomicrocomm/genome_size/data/T44.4.2/oa/mapped_reads.sorted.bam
    jobid: 32
    wildcards: sample=T44.4.2, strain=oa
    threads: 16
    resources: tmpdir=/tmp/2811846

Submitted job 32 with external jobid 'Submitted batch job 2811862'.

[Fri Oct 15 16:08:10 2021]
rule mapping:
    input: /work/FAC/FBM/DMF/smitri/evomicrocomm/genome_size/data/at/reference.fasta, /work/FAC/FBM/DMF/smitri/evomicrocomm/genome_size/data/T44.4.2/read1.fq.gz, /work/FAC/FBM/DMF/smitri/evomicrocomm/genome_size/data/T44.4.2/read2.fq.gz
    output: /work/FAC/FBM/DMF/smitri/evomicrocomm/genome_size/data/T44.4.2/at/mapped_reads.sorted.bam
    jobid: 26
    wildcards: sample=T44.4.2, strain=at
    threads: 16
    resources: tmpdir=/tmp/2811846

Submitted job 26 with external jobid 'Submitted batch job 2811863'.

[Fri Oct 15 16:08:10 2021]
rule mapping:
    input: /work/FAC/FBM/DMF/smitri/evomicrocomm/genome_size/data/oa/reference.fasta, /work/FAC/FBM/DMF/smitri/evomicrocomm/genome_size/data/T44.4.3/read1.fq.gz, /work/FAC/FBM/DMF/smitri/evomicrocomm/genome_size/data/T44.4.3/read2.fq.gz
    output: /work/FAC/FBM/DMF/smitri/evomicrocomm/genome_size/data/T44.4.3/oa/mapped_reads.sorted.bam
    jobid: 5
    wildcards: sample=T44.4.3, strain=oa
    threads: 16
    resources: tmpdir=/tmp/2811846

Submitted job 5 with external jobid 'Submitted batch job 2811864'.

[Fri Oct 15 16:08:10 2021]
rule mapping:
    input: /work/FAC/FBM/DMF/smitri/evomicrocomm/genome_size/data/oa/reference.fasta, /work/FAC/FBM/DMF/smitri/evomicrocomm/genome_size/data/T44.4.4/read1.fq.gz, /work/FAC/FBM/DMF/smitri/evomicrocomm/genome_size/data/T44.4.4/read2.fq.gz
    output: /work/FAC/FBM/DMF/smitri/evomicrocomm/genome_size/data/T44.4.4/oa/mapped_reads.sorted.bam
    jobid: 47
    wildcards: sample=T44.4.4, strain=oa
    threads: 16
    resources: tmpdir=/tmp/2811846

Submitted job 47 with external jobid 'Submitted batch job 2811865'.

[Fri Oct 15 16:08:10 2021]
rule mapping:
    input: /work/FAC/FBM/DMF/smitri/evomicrocomm/genome_size/data/ct/reference.fasta, /work/FAC/FBM/DMF/smitri/evomicrocomm/genome_size/data/T44.4.1/read1.fq.gz, /work/FAC/FBM/DMF/smitri/evomicrocomm/genome_size/data/T44.4.1/read2.fq.gz
    output: /work/FAC/FBM/DMF/smitri/evomicrocomm/genome_size/data/T44.4.1/ct/mapped_reads.sorted.bam
    jobid: 20
    wildcards: sample=T44.4.1, strain=ct
    threads: 16
    resources: tmpdir=/tmp/2811846

Submitted job 20 with external jobid 'Submitted batch job 2811866'.
[Fri Oct 15 16:17:56 2021]
Finished job 8.
1 of 40 steps (2%) done
Select jobs to execute...

[Fri Oct 15 16:17:56 2021]
rule report:
    input: /work/FAC/FBM/DMF/smitri/evomicrocomm/genome_size/data/T44.4.3/ms/labels.json, /work/FAC/FBM/DMF/smitri/evomicrocomm/genome_size/data/ms/reference.fasta, /work/FAC/FBM/DMF/smitri/evomicrocomm/genome_size/data/T44.4.3/ms/mapped_reads.sorted.bam
    output: /work/FAC/FBM/DMF/smitri/evomicrocomm/genome_size/data/T44.4.3/ms/report.md
    jobid: 6
    wildcards: sample=T44.4.3, strain=ms
    threads: 16
    resources: tmpdir=/tmp/2811846

Submitted job 6 with external jobid 'Submitted batch job 2811883'.
[Fri Oct 15 16:18:09 2021]
Finished job 53.
2 of 40 steps (5%) done
Select jobs to execute...

[Fri Oct 15 16:18:09 2021]
rule report:
    input: /work/FAC/FBM/DMF/smitri/evomicrocomm/genome_size/data/T44.4.1/oa/labels.json, /work/FAC/FBM/DMF/smitri/evomicrocomm/genome_size/data/oa/reference.fasta, /work/FAC/FBM/DMF/smitri/evomicrocomm/genome_size/data/T44.4.1/oa/mapped_reads.sorted.bam
    output: /work/FAC/FBM/DMF/smitri/evomicrocomm/genome_size/data/T44.4.1/oa/report.md
    jobid: 51
    wildcards: sample=T44.4.1, strain=oa
    threads: 16
    resources: tmpdir=/tmp/2811846

Submitted job 51 with external jobid 'Submitted batch job 2811884'.
[Fri Oct 15 16:18:10 2021]
Finished job 5.
3 of 40 steps (8%) done
[Fri Oct 15 16:18:10 2021]
Finished job 20.
4 of 40 steps (10%) done
Select jobs to execute...

[Fri Oct 15 16:18:10 2021]
rule report:
    input: /work/FAC/FBM/DMF/smitri/evomicrocomm/genome_size/data/T44.4.3/oa/labels.json, /work/FAC/FBM/DMF/smitri/evomicrocomm/genome_size/data/oa/reference.fasta, /work/FAC/FBM/DMF/smitri/evomicrocomm/genome_size/data/T44.4.3/oa/mapped_reads.sorted.bam
    output: /work/FAC/FBM/DMF/smitri/evomicrocomm/genome_size/data/T44.4.3/oa/report.md
    jobid: 3
    wildcards: sample=T44.4.3, strain=oa
    threads: 16
    resources: tmpdir=/tmp/2811846

Submitted job 3 with external jobid 'Submitted batch job 2811885'.

[Fri Oct 15 16:18:10 2021]
rule report:
    input: /work/FAC/FBM/DMF/smitri/evomicrocomm/genome_size/data/T44.4.1/ct/labels.json, /work/FAC/FBM/DMF/smitri/evomicrocomm/genome_size/data/ct/reference.fasta, /work/FAC/FBM/DMF/smitri/evomicrocomm/genome_size/data/T44.4.1/ct/mapped_reads.sorted.bam
    output: /work/FAC/FBM/DMF/smitri/evomicrocomm/genome_size/data/T44.4.1/ct/report.md
    jobid: 18
    wildcards: sample=T44.4.1, strain=ct
    threads: 16
    resources: tmpdir=/tmp/2811846

Submitted job 18 with external jobid 'Submitted batch job 2811886'.
[Fri Oct 15 16:18:20 2021]
Finished job 14.
5 of 40 steps (12%) done
Select jobs to execute...

[Fri Oct 15 16:18:20 2021]
rule report:
    input: /work/FAC/FBM/DMF/smitri/evomicrocomm/genome_size/data/T44.4.2/ct/labels.json, /work/FAC/FBM/DMF/smitri/evomicrocomm/genome_size/data/ct/reference.fasta, /work/FAC/FBM/DMF/smitri/evomicrocomm/genome_size/data/T44.4.2/ct/mapped_reads.sorted.bam
    output: /work/FAC/FBM/DMF/smitri/evomicrocomm/genome_size/data/T44.4.2/ct/report.md
    jobid: 12
    wildcards: sample=T44.4.2, strain=ct
    threads: 16
    resources: tmpdir=/tmp/2811846

Submitted job 12 with external jobid 'Submitted batch job 2811887'.
[Fri Oct 15 16:18:21 2021]
Finished job 17.
6 of 40 steps (15%) done
Select jobs to execute...

[Fri Oct 15 16:18:21 2021]
rule report:
    input: /work/FAC/FBM/DMF/smitri/evomicrocomm/genome_size/data/T44.4.1/ms/labels.json, /work/FAC/FBM/DMF/smitri/evomicrocomm/genome_size/data/ms/reference.fasta, /work/FAC/FBM/DMF/smitri/evomicrocomm/genome_size/data/T44.4.1/ms/mapped_reads.sorted.bam
    output: /work/FAC/FBM/DMF/smitri/evomicrocomm/genome_size/data/T44.4.1/ms/report.md
    jobid: 15
    wildcards: sample=T44.4.1, strain=ms
    threads: 16
    resources: tmpdir=/tmp/2811846

Submitted job 15 with external jobid 'Submitted batch job 2811888'.
[Fri Oct 15 16:18:22 2021]
Finished job 11.
7 of 40 steps (18%) done
Select jobs to execute...

[Fri Oct 15 16:18:22 2021]
rule report:
    input: /work/FAC/FBM/DMF/smitri/evomicrocomm/genome_size/data/T44.4.4/ct/labels.json, /work/FAC/FBM/DMF/smitri/evomicrocomm/genome_size/data/ct/reference.fasta, /work/FAC/FBM/DMF/smitri/evomicrocomm/genome_size/data/T44.4.4/ct/mapped_reads.sorted.bam
    output: /work/FAC/FBM/DMF/smitri/evomicrocomm/genome_size/data/T44.4.4/ct/report.md
    jobid: 9
    wildcards: sample=T44.4.4, strain=ct
    threads: 16
    resources: tmpdir=/tmp/2811846

Submitted job 9 with external jobid 'Submitted batch job 2811889'.
[Fri Oct 15 16:18:32 2021]
Finished job 56.
8 of 40 steps (20%) done
Select jobs to execute...

[Fri Oct 15 16:18:32 2021]
rule report:
    input: /work/FAC/FBM/DMF/smitri/evomicrocomm/genome_size/data/T44.4.4/ms/labels.json, /work/FAC/FBM/DMF/smitri/evomicrocomm/genome_size/data/ms/reference.fasta, /work/FAC/FBM/DMF/smitri/evomicrocomm/genome_size/data/T44.4.4/ms/mapped_reads.sorted.bam
    output: /work/FAC/FBM/DMF/smitri/evomicrocomm/genome_size/data/T44.4.4/ms/report.md
    jobid: 54
    wildcards: sample=T44.4.4, strain=ms
    threads: 16
    resources: tmpdir=/tmp/2811846

Submitted job 54 with external jobid 'Submitted batch job 2811890'.
[Fri Oct 15 16:18:44 2021]
Finished job 41.
9 of 40 steps (22%) done
Select jobs to execute...

[Fri Oct 15 16:18:44 2021]
rule report:
    input: /work/FAC/FBM/DMF/smitri/evomicrocomm/genome_size/data/T44.4.5.rep/ms/labels.json, /work/FAC/FBM/DMF/smitri/evomicrocomm/genome_size/data/ms/reference.fasta, /work/FAC/FBM/DMF/smitri/evomicrocomm/genome_size/data/T44.4.5.rep/ms/mapped_reads.sorted.bam
    output: /work/FAC/FBM/DMF/smitri/evomicrocomm/genome_size/data/T44.4.5.rep/ms/report.md
    jobid: 39
    wildcards: sample=T44.4.5.rep, strain=ms
    threads: 16
    resources: tmpdir=/tmp/2811846

Submitted job 39 with external jobid 'Submitted batch job 2811892'.
[Fri Oct 15 16:18:45 2021]
Finished job 2.
10 of 40 steps (25%) done
Select jobs to execute...

[Fri Oct 15 16:18:45 2021]
rule report:
    input: /work/FAC/FBM/DMF/smitri/evomicrocomm/genome_size/data/T44.4.3/ct/labels.json, /work/FAC/FBM/DMF/smitri/evomicrocomm/genome_size/data/ct/reference.fasta, /work/FAC/FBM/DMF/smitri/evomicrocomm/genome_size/data/T44.4.3/ct/mapped_reads.sorted.bam
    output: /work/FAC/FBM/DMF/smitri/evomicrocomm/genome_size/data/T44.4.3/ct/report.md
    jobid: 0
    wildcards: sample=T44.4.3, strain=ct
    threads: 16
    resources: tmpdir=/tmp/2811846

Submitted job 0 with external jobid 'Submitted batch job 2811893'.
[Fri Oct 15 16:18:45 2021]
Finished job 38.
11 of 40 steps (28%) done
Select jobs to execute...

[Fri Oct 15 16:18:45 2021]
rule report:
    input: /work/FAC/FBM/DMF/smitri/evomicrocomm/genome_size/data/T44.4.5.rep/oa/labels.json, /work/FAC/FBM/DMF/smitri/evomicrocomm/genome_size/data/oa/reference.fasta, /work/FAC/FBM/DMF/smitri/evomicrocomm/genome_size/data/T44.4.5.rep/oa/mapped_reads.sorted.bam
    output: /work/FAC/FBM/DMF/smitri/evomicrocomm/genome_size/data/T44.4.5.rep/oa/report.md
    jobid: 36
    wildcards: sample=T44.4.5.rep, strain=oa
    threads: 16
    resources: tmpdir=/tmp/2811846

Submitted job 36 with external jobid 'Submitted batch job 2811894'.
[Fri Oct 15 16:18:57 2021]
Finished job 59.
12 of 40 steps (30%) done
Select jobs to execute...

[Fri Oct 15 16:18:57 2021]
rule report:
    input: /work/FAC/FBM/DMF/smitri/evomicrocomm/genome_size/data/T44.4.3/at/labels.json, /work/FAC/FBM/DMF/smitri/evomicrocomm/genome_size/data/at/reference.fasta, /work/FAC/FBM/DMF/smitri/evomicrocomm/genome_size/data/T44.4.3/at/mapped_reads.sorted.bam
    output: /work/FAC/FBM/DMF/smitri/evomicrocomm/genome_size/data/T44.4.3/at/report.md
    jobid: 57
    wildcards: sample=T44.4.3, strain=at
    threads: 16
    resources: tmpdir=/tmp/2811846

Submitted job 57 with external jobid 'Submitted batch job 2811895'.
[Fri Oct 15 16:19:09 2021]
Finished job 47.
13 of 40 steps (32%) done
Select jobs to execute...

[Fri Oct 15 16:19:09 2021]
rule report:
    input: /work/FAC/FBM/DMF/smitri/evomicrocomm/genome_size/data/T44.4.4/oa/labels.json, /work/FAC/FBM/DMF/smitri/evomicrocomm/genome_size/data/oa/reference.fasta, /work/FAC/FBM/DMF/smitri/evomicrocomm/genome_size/data/T44.4.4/oa/mapped_reads.sorted.bam
    output: /work/FAC/FBM/DMF/smitri/evomicrocomm/genome_size/data/T44.4.4/oa/report.md
    jobid: 45
    wildcards: sample=T44.4.4, strain=oa
    threads: 16
    resources: tmpdir=/tmp/2811846

Submitted job 45 with external jobid 'Submitted batch job 2811897'.
[Fri Oct 15 16:19:20 2021]
Finished job 35.
14 of 40 steps (35%) done
Select jobs to execute...

[Fri Oct 15 16:19:20 2021]
rule report:
    input: /work/FAC/FBM/DMF/smitri/evomicrocomm/genome_size/data/T44.4.5.rep/ct/labels.json, /work/FAC/FBM/DMF/smitri/evomicrocomm/genome_size/data/ct/reference.fasta, /work/FAC/FBM/DMF/smitri/evomicrocomm/genome_size/data/T44.4.5.rep/ct/mapped_reads.sorted.bam
    output: /work/FAC/FBM/DMF/smitri/evomicrocomm/genome_size/data/T44.4.5.rep/ct/report.md
    jobid: 33
    wildcards: sample=T44.4.5.rep, strain=ct
    threads: 16
    resources: tmpdir=/tmp/2811846

Submitted job 33 with external jobid 'Submitted batch job 2811898'.
[Fri Oct 15 16:19:21 2021]
Finished job 32.
15 of 40 steps (38%) done
Select jobs to execute...

[Fri Oct 15 16:19:21 2021]
rule report:
    input: /work/FAC/FBM/DMF/smitri/evomicrocomm/genome_size/data/T44.4.2/oa/labels.json, /work/FAC/FBM/DMF/smitri/evomicrocomm/genome_size/data/oa/reference.fasta, /work/FAC/FBM/DMF/smitri/evomicrocomm/genome_size/data/T44.4.2/oa/mapped_reads.sorted.bam
    output: /work/FAC/FBM/DMF/smitri/evomicrocomm/genome_size/data/T44.4.2/oa/report.md
    jobid: 30
    wildcards: sample=T44.4.2, strain=oa
    threads: 16
    resources: tmpdir=/tmp/2811846

Submitted job 30 with external jobid 'Submitted batch job 2811899'.
[Fri Oct 15 16:19:45 2021]
Finished job 29.
16 of 40 steps (40%) done
Select jobs to execute...

[Fri Oct 15 16:19:45 2021]
rule report:
    input: /work/FAC/FBM/DMF/smitri/evomicrocomm/genome_size/data/T44.4.2/ms/labels.json, /work/FAC/FBM/DMF/smitri/evomicrocomm/genome_size/data/ms/reference.fasta, /work/FAC/FBM/DMF/smitri/evomicrocomm/genome_size/data/T44.4.2/ms/mapped_reads.sorted.bam
    output: /work/FAC/FBM/DMF/smitri/evomicrocomm/genome_size/data/T44.4.2/ms/report.md
    jobid: 27
    wildcards: sample=T44.4.2, strain=ms
    threads: 16
    resources: tmpdir=/tmp/2811846

Submitted job 27 with external jobid 'Submitted batch job 2811901'.
[Fri Oct 15 16:19:56 2021]
Finished job 50.
17 of 40 steps (42%) done
Select jobs to execute...

[Fri Oct 15 16:19:56 2021]
rule report:
    input: /work/FAC/FBM/DMF/smitri/evomicrocomm/genome_size/data/T44.4.5.rep/at/labels.json, /work/FAC/FBM/DMF/smitri/evomicrocomm/genome_size/data/at/reference.fasta, /work/FAC/FBM/DMF/smitri/evomicrocomm/genome_size/data/T44.4.5.rep/at/mapped_reads.sorted.bam
    output: /work/FAC/FBM/DMF/smitri/evomicrocomm/genome_size/data/T44.4.5.rep/at/report.md
    jobid: 48
    wildcards: sample=T44.4.5.rep, strain=at
    threads: 16
    resources: tmpdir=/tmp/2811846

Submitted job 48 with external jobid 'Submitted batch job 2811903'.
[Fri Oct 15 16:20:21 2021]
Finished job 26.
18 of 40 steps (45%) done
Select jobs to execute...

[Fri Oct 15 16:20:21 2021]
rule report:
    input: /work/FAC/FBM/DMF/smitri/evomicrocomm/genome_size/data/T44.4.2/at/labels.json, /work/FAC/FBM/DMF/smitri/evomicrocomm/genome_size/data/at/reference.fasta, /work/FAC/FBM/DMF/smitri/evomicrocomm/genome_size/data/T44.4.2/at/mapped_reads.sorted.bam
    output: /work/FAC/FBM/DMF/smitri/evomicrocomm/genome_size/data/T44.4.2/at/report.md
    jobid: 24
    wildcards: sample=T44.4.2, strain=at
    threads: 16
    resources: tmpdir=/tmp/2811846

Submitted job 24 with external jobid 'Submitted batch job 2811905'.
[Fri Oct 15 16:21:44 2021]
Finished job 23.
19 of 40 steps (48%) done
Select jobs to execute...

[Fri Oct 15 16:21:44 2021]
rule report:
    input: /work/FAC/FBM/DMF/smitri/evomicrocomm/genome_size/data/T44.4.1/at/labels.json, /work/FAC/FBM/DMF/smitri/evomicrocomm/genome_size/data/at/reference.fasta, /work/FAC/FBM/DMF/smitri/evomicrocomm/genome_size/data/T44.4.1/at/mapped_reads.sorted.bam
    output: /work/FAC/FBM/DMF/smitri/evomicrocomm/genome_size/data/T44.4.1/at/report.md
    jobid: 21
    wildcards: sample=T44.4.1, strain=at
    threads: 16
    resources: tmpdir=/tmp/2811846

Submitted job 21 with external jobid 'Submitted batch job 2811906'.
[Fri Oct 15 16:23:34 2021]
Finished job 44.
20 of 40 steps (50%) done
Select jobs to execute...

[Fri Oct 15 16:23:34 2021]
rule report:
    input: /work/FAC/FBM/DMF/smitri/evomicrocomm/genome_size/data/T44.4.4/at/labels.json, /work/FAC/FBM/DMF/smitri/evomicrocomm/genome_size/data/at/reference.fasta, /work/FAC/FBM/DMF/smitri/evomicrocomm/genome_size/data/T44.4.4/at/mapped_reads.sorted.bam
    output: /work/FAC/FBM/DMF/smitri/evomicrocomm/genome_size/data/T44.4.4/at/report.md
    jobid: 42
    wildcards: sample=T44.4.4, strain=at
    threads: 16
    resources: tmpdir=/tmp/2811846

Submitted job 42 with external jobid 'Submitted batch job 2811909'.
[Fri Oct 15 16:26:44 2021]
Finished job 6.
21 of 40 steps (52%) done
[Fri Oct 15 16:27:08 2021]
Finished job 15.
22 of 40 steps (55%) done
[Fri Oct 15 16:27:18 2021]
Finished job 39.
23 of 40 steps (57%) done
[Fri Oct 15 16:27:30 2021]
Finished job 54.
24 of 40 steps (60%) done
[Fri Oct 15 16:28:25 2021]
Finished job 3.
25 of 40 steps (62%) done
[Fri Oct 15 16:29:09 2021]
Finished job 51.
26 of 40 steps (65%) done
[Fri Oct 15 16:29:31 2021]
Finished job 36.
27 of 40 steps (68%) done
[Fri Oct 15 16:29:32 2021]
Finished job 45.
28 of 40 steps (70%) done
[Fri Oct 15 16:29:53 2021]
Finished job 12.
29 of 40 steps (72%) done
[Fri Oct 15 16:30:04 2021]
Finished job 27.
30 of 40 steps (75%) done
[Fri Oct 15 16:30:04 2021]
Finished job 30.
31 of 40 steps (78%) done
[Fri Oct 15 16:30:15 2021]
Finished job 0.
32 of 40 steps (80%) done
[Fri Oct 15 16:30:15 2021]
Finished job 18.
33 of 40 steps (82%) done
[Fri Oct 15 16:30:35 2021]
Finished job 9.
34 of 40 steps (85%) done
[Fri Oct 15 16:31:35 2021]
Finished job 33.
35 of 40 steps (88%) done
[Fri Oct 15 16:37:45 2021]
Finished job 57.
36 of 40 steps (90%) done
[Fri Oct 15 16:39:25 2021]
Finished job 48.
37 of 40 steps (92%) done
[Fri Oct 15 16:39:25 2021]
Finished job 24.
38 of 40 steps (95%) done
[Fri Oct 15 16:41:05 2021]
Finished job 21.
39 of 40 steps (98%) done
[Fri Oct 15 16:43:06 2021]
Finished job 42.
40 of 40 steps (100%) done
Complete log: /users/eulrich/black_queen_hypothesis/scripts/workflows/.snakemake/log/2021-10-15T160808.128191.snakemake.log
