Building DAG of jobs...
Using shell: /usr/bin/bash
Provided cores: 16
Rules claiming more threads will be scaled down.
Select jobs to execute...

[Sun Oct 17 22:49:02 2021]
rule mapping:
    input: /work/FAC/FBM/DMF/smitri/evomicrocomm/genome_size/data/at/reference.fasta, /work/FAC/FBM/DMF/smitri/evomicrocomm/genome_size/data/T11.3.5/read1.fq.gz, /work/FAC/FBM/DMF/smitri/evomicrocomm/genome_size/data/T11.3.5/read2.fq.gz
    output: /work/FAC/FBM/DMF/smitri/evomicrocomm/genome_size/data/T11.3.5/at/mapped_reads.sorted.bam
    jobid: 0
    wildcards: sample=T11.3.5, strain=at
    threads: 16
    resources: mem_mb=26546, disk_mb=26546, tmpdir=/tmp/2846248

[M::mm_idx_gen::0.128*0.90] collected minimizers
[M::mm_idx_gen::0.145*1.92] sorted minimizers
[M::main::0.145*1.92] loaded/built the index for 5 target sequence(s)
[M::mm_mapopt_update::0.145*1.92] mid_occ = 1000
[M::mm_idx_stat] kmer size: 21; skip: 11; is_hpc: 0; #seq: 5
[M::mm_idx_stat::0.156*1.86] distinct minimizers: 875577 (98.87% are singletons); average occurrences: 1.019; average spacing: 5.996; total length: 5348547
[M::worker_pipeline::1.621*5.05] mapped 333036 sequences
[M::worker_pipeline::2.666*7.41] mapped 332996 sequences
[M::worker_pipeline::3.381*7.73] mapped 332938 sequences
[M::worker_pipeline::4.231*7.89] mapped 332764 sequences
[M::worker_pipeline::4.893*8.19] mapped 332776 sequences
[M::worker_pipeline::5.994*8.73] mapped 332734 sequences
[M::worker_pipeline::6.341*8.36] mapped 332680 sequences
[M::worker_pipeline::7.225*8.30] mapped 332652 sequences
[M::worker_pipeline::8.097*8.61] mapped 332650 sequences
[M::worker_pipeline::8.708*8.44] mapped 332674 sequences
[M::worker_pipeline::9.814*8.77] mapped 332632 sequences
[M::worker_pipeline::10.290*8.46] mapped 332612 sequences
[M::worker_pipeline::11.050*8.49] mapped 332548 sequences
[M::worker_pipeline::12.188*8.72] mapped 332592 sequences
[M::worker_pipeline::12.593*8.50] mapped 332578 sequences
[M::worker_pipeline::13.524*8.58] mapped 332560 sequences
[M::worker_pipeline::14.117*8.52] mapped 332556 sequences
[M::worker_pipeline::14.918*8.49] mapped 332526 sequences
[M::worker_pipeline::15.973*8.68] mapped 332584 sequences
[M::worker_pipeline::16.348*8.53] mapped 332576 sequences
[M::worker_pipeline::17.087*8.54] mapped 332600 sequences
[M::worker_pipeline::17.764*8.59] mapped 332728 sequences
[M::worker_pipeline::18.844*8.72] mapped 332796 sequences
[M::worker_pipeline::19.224*8.59] mapped 332824 sequences
[M::worker_pipeline::19.985*8.59] mapped 332830 sequences
[M::worker_pipeline::20.660*8.62] mapped 332766 sequences
[M::worker_pipeline::21.307*8.66] mapped 332922 sequences
[M::worker_pipeline::21.945*8.69] mapped 332756 sequences
[M::worker_pipeline::22.829*8.73] mapped 332690 sequences
[M::worker_pipeline::23.550*8.72] mapped 332726 sequences
[M::worker_pipeline::24.098*8.73] mapped 332636 sequences
[M::worker_pipeline::24.535*8.68] mapped 332606 sequences
[M::worker_pipeline::25.535*8.75] mapped 332622 sequences
[M::worker_pipeline::26.289*8.74] mapped 332556 sequences
[M::worker_pipeline::27.029*8.79] mapped 332600 sequences
[M::worker_pipeline::28.053*8.86] mapped 332580 sequences
[M::worker_pipeline::28.438*8.77] mapped 332618 sequences
[M::worker_pipeline::29.209*8.77] mapped 332614 sequences
[M::worker_pipeline::30.338*8.86] mapped 332900 sequences
[M::worker_pipeline::30.713*8.78] mapped 332712 sequences
[M::worker_pipeline::31.497*8.77] mapped 332644 sequences
[M::worker_pipeline::32.258*8.76] mapped 332632 sequences
[M::worker_pipeline::33.335*8.84] mapped 332608 sequences
[M::worker_pipeline::33.691*8.76] mapped 332546 sequences
[M::worker_pipeline::34.294*8.76] mapped 332540 sequences
[M::worker_pipeline::35.097*8.78] mapped 332554 sequences
[M::worker_pipeline::35.833*8.81] mapped 332592 sequences
[M::worker_pipeline::36.675*8.84] mapped 332538 sequences
[M::worker_pipeline::37.250*8.79] mapped 332452 sequences
[M::worker_pipeline::37.950*8.81] mapped 332538 sequences
[M::worker_pipeline::39.037*8.88] mapped 332550 sequences
[M::worker_pipeline::39.431*8.81] mapped 332564 sequences
[M::worker_pipeline::40.146*8.82] mapped 332602 sequences
[M::worker_pipeline::41.225*8.87] mapped 332486 sequences
[M::worker_pipeline::41.597*8.81] mapped 332512 sequences
[M::worker_pipeline::42.345*8.82] mapped 332682 sequences
[M::worker_pipeline::43.057*8.82] mapped 332582 sequences
[M::worker_pipeline::43.819*8.86] mapped 332646 sequences
[M::worker_pipeline::44.370*8.87] mapped 332660 sequences
[M::worker_pipeline::45.564*8.92] mapped 332654 sequences
[M::worker_pipeline::45.915*8.87] mapped 332702 sequences
[M::worker_pipeline::46.693*8.87] mapped 332572 sequences
[M::worker_pipeline::47.385*8.87] mapped 332528 sequences
[M::worker_pipeline::48.052*8.89] mapped 332546 sequences
[M::worker_pipeline::49.107*8.94] mapped 332560 sequences
[M::worker_pipeline::49.537*8.88] mapped 332588 sequences
[M::worker_pipeline::50.102*8.88] mapped 332692 sequences
[M::worker_pipeline::51.358*8.93] mapped 332656 sequences
[M::worker_pipeline::51.774*8.87] mapped 332744 sequences
[M::worker_pipeline::52.600*8.88] mapped 332732 sequences
[M::worker_pipeline::53.314*8.89] mapped 332872 sequences
[M::worker_pipeline::54.005*8.92] mapped 332832 sequences
[M::worker_pipeline::54.616*8.92] mapped 332988 sequences
[M::worker_pipeline::55.398*8.93] mapped 333078 sequences
[M::worker_pipeline::56.008*8.92] mapped 332960 sequences
[M::worker_pipeline::56.553*8.92] mapped 333044 sequences
[M::worker_pipeline::57.474*8.93] mapped 332948 sequences
[M::worker_pipeline::58.569*8.96] mapped 333046 sequences
[M::worker_pipeline::58.951*8.91] mapped 333064 sequences
[M::worker_pipeline::59.437*8.90] mapped 332750 sequences
[M::worker_pipeline::60.379*8.92] mapped 332622 sequences
[M::worker_pipeline::61.018*8.94] mapped 332564 sequences
[M::worker_pipeline::62.049*8.98] mapped 332492 sequences
[M::worker_pipeline::62.378*8.94] mapped 332484 sequences
[M::worker_pipeline::62.922*8.93] mapped 332406 sequences
[M::worker_pipeline::63.822*8.95] mapped 332394 sequences
[M::worker_pipeline::64.422*8.96] mapped 332394 sequences
[M::worker_pipeline::65.115*8.96] mapped 332282 sequences
[M::worker_pipeline::65.812*8.97] mapped 332230 sequences
[M::worker_pipeline::66.836*9.01] mapped 332312 sequences
[M::worker_pipeline::67.313*8.98] mapped 332346 sequences
[M::worker_pipeline::68.029*8.97] mapped 332284 sequences
[M::worker_pipeline::68.709*8.98] mapped 332340 sequences
[M::worker_pipeline::69.448*8.98] mapped 332284 sequences
[M::worker_pipeline::70.568*9.02] mapped 332310 sequences
[M::worker_pipeline::76.724*8.38] mapped 332264 sequences
[M::worker_pipeline::77.202*8.34] mapped 332250 sequences
[M::worker_pipeline::77.923*8.35] mapped 332304 sequences
[M::worker_pipeline::79.043*8.39] mapped 332280 sequences
[M::worker_pipeline::79.443*8.36] mapped 332266 sequences
[M::worker_pipeline::80.176*8.36] mapped 332318 sequences
[M::worker_pipeline::80.544*8.33] mapped 332404 sequences
[M::worker_pipeline::81.684*8.36] mapped 332446 sequences
[M::worker_pipeline::82.473*8.36] mapped 332536 sequences
[M::worker_pipeline::83.153*8.38] mapped 332520 sequences
[M::worker_pipeline::83.896*8.38] mapped 332612 sequences
[M::worker_pipeline::84.639*8.39] mapped 332640 sequences
[M::worker_pipeline::85.275*8.40] mapped 332456 sequences
[M::worker_pipeline::86.386*8.43] mapped 332522 sequences
[M::worker_pipeline::86.835*8.40] mapped 332374 sequences
[M::worker_pipeline::87.504*8.41] mapped 332406 sequences
[M::worker_pipeline::88.651*8.44] mapped 332354 sequences
[M::worker_pipeline::89.005*8.41] mapped 332344 sequences
[M::worker_pipeline::89.666*8.41] mapped 332348 sequences
[M::worker_pipeline::90.434*8.42] mapped 332374 sequences
[M::worker_pipeline::91.155*8.43] mapped 332310 sequences
[M::worker_pipeline::92.235*8.46] mapped 332410 sequences
[M::worker_pipeline::92.622*8.43] mapped 332498 sequences
[M::worker_pipeline::93.365*8.43] mapped 332630 sequences
[M::worker_pipeline::94.086*8.44] mapped 332658 sequences
[M::worker_pipeline::95.198*8.47] mapped 332352 sequences
[M::worker_pipeline::95.632*8.44] mapped 332358 sequences
[M::worker_pipeline::96.396*8.44] mapped 332330 sequences
[M::worker_pipeline::97.414*8.47] mapped 332352 sequences
[M::worker_pipeline::97.801*8.45] mapped 332308 sequences
[M::worker_pipeline::98.590*8.45] mapped 332290 sequences
[M::worker_pipeline::99.305*8.46] mapped 332248 sequences
[M::worker_pipeline::100.070*8.47] mapped 332310 sequences
[M::worker_pipeline::101.114*8.50] mapped 332354 sequences
[M::worker_pipeline::101.508*8.47] mapped 332354 sequences
[M::worker_pipeline::102.695*8.49] mapped 332300 sequences
[M::worker_pipeline::103.119*8.46] mapped 332330 sequences
[M::worker_pipeline::103.829*8.47] mapped 332318 sequences
[M::worker_pipeline::104.584*8.47] mapped 332242 sequences
[M::worker_pipeline::105.646*8.49] mapped 332208 sequences
[M::worker_pipeline::106.092*8.47] mapped 332204 sequences
[M::worker_pipeline::106.823*8.47] mapped 332290 sequences
[M::worker_pipeline::107.473*8.48] mapped 332280 sequences
[M::worker_pipeline::108.248*8.48] mapped 332302 sequences
[M::worker_pipeline::108.895*8.49] mapped 332282 sequences
[M::worker_pipeline::109.698*8.52] mapped 332220 sequences
[M::worker_pipeline::110.186*8.51] mapped 332250 sequences
[M::worker_pipeline::110.751*8.51] mapped 332190 sequences
[M::worker_pipeline::111.484*8.53] mapped 332188 sequences
[M::worker_pipeline::112.117*8.54] mapped 332218 sequences
[M::worker_pipeline::113.246*8.56] mapped 332210 sequences
[M::worker_pipeline::113.628*8.54] mapped 332262 sequences
[M::worker_pipeline::114.395*8.54] mapped 332282 sequences
[M::worker_pipeline::115.210*8.55] mapped 332270 sequences
[M::worker_pipeline::115.863*8.54] mapped 332238 sequences
[M::worker_pipeline::116.519*8.56] mapped 332302 sequences
[M::worker_pipeline::117.476*8.59] mapped 332292 sequences
[M::worker_pipeline::117.914*8.56] mapped 332292 sequences
[M::worker_pipeline::118.705*8.56] mapped 332256 sequences
[M::worker_pipeline::119.389*8.56] mapped 332270 sequences
[M::worker_pipeline::120.021*8.57] mapped 332306 sequences
[M::worker_pipeline::120.669*8.58] mapped 332292 sequences
[M::worker_pipeline::121.689*8.61] mapped 332334 sequences
[M::worker_pipeline::122.059*8.59] mapped 332364 sequences
[M::worker_pipeline::122.755*8.59] mapped 332552 sequences
[M::worker_pipeline::123.450*8.60] mapped 332622 sequences
[M::worker_pipeline::124.208*8.59] mapped 332532 sequences
[M::worker_pipeline::124.922*8.60] mapped 332510 sequences
[M::worker_pipeline::125.664*8.60] mapped 332478 sequences
[M::worker_pipeline::126.603*8.61] mapped 332436 sequences
[M::worker_pipeline::127.170*8.61] mapped 332350 sequences
[M::worker_pipeline::128.074*8.62] mapped 332352 sequences
[M::worker_pipeline::128.565*8.61] mapped 332374 sequences
[M::worker_pipeline::129.524*8.63] mapped 332356 sequences
[M::worker_pipeline::130.071*8.61] mapped 332352 sequences
[M::worker_pipeline::130.793*8.61] mapped 332330 sequences
[M::worker_pipeline::131.658*8.62] mapped 332302 sequences
[M::worker_pipeline::132.254*8.62] mapped 332278 sequences
[M::worker_pipeline::133.094*8.64] mapped 332292 sequences
[M::worker_pipeline::133.632*8.63] mapped 332282 sequences
[M::worker_pipeline::134.248*8.64] mapped 332288 sequences
[M::worker_pipeline::135.017*8.64] mapped 332192 sequences
[M::worker_pipeline::135.749*8.64] mapped 332308 sequences
[M::worker_pipeline::136.404*8.65] mapped 332250 sequences
[M::worker_pipeline::137.124*8.65] mapped 332282 sequences
[M::worker_pipeline::137.767*8.66] mapped 332282 sequences
[M::worker_pipeline::138.812*8.68] mapped 332362 sequences
[M::worker_pipeline::139.197*8.66] mapped 332290 sequences
[M::worker_pipeline::140.044*8.65] mapped 332374 sequences
[M::worker_pipeline::140.845*8.65] mapped 332402 sequences
[M::worker_pipeline::141.494*8.66] mapped 332390 sequences
[M::worker_pipeline::142.484*8.68] mapped 332340 sequences
[M::worker_pipeline::142.861*8.66] mapped 332372 sequences
[M::worker_pipeline::143.655*8.66] mapped 332276 sequences
[M::worker_pipeline::144.292*8.67] mapped 332308 sequences
[M::worker_pipeline::149.944*8.43] mapped 332252 sequences
[M::worker_pipeline::150.312*8.41] mapped 332222 sequences
[M::worker_pipeline::150.783*8.41] mapped 332230 sequences
[M::worker_pipeline::151.806*8.42] mapped 332224 sequences
[M::worker_pipeline::152.505*8.42] mapped 332252 sequences
[M::worker_pipeline::153.337*8.43] mapped 332242 sequences
[M::worker_pipeline::153.822*8.43] mapped 332356 sequences
[M::worker_pipeline::154.471*8.44] mapped 332282 sequences
[M::worker_pipeline::155.342*8.45] mapped 332482 sequences
[M::worker_pipeline::155.969*8.44] mapped 332372 sequences
[M::worker_pipeline::156.663*8.44] mapped 332316 sequences
[M::worker_pipeline::157.367*8.45] mapped 332280 sequences
[M::worker_pipeline::158.505*8.46] mapped 332278 sequences
[M::worker_pipeline::158.907*8.44] mapped 332310 sequences
[M::worker_pipeline::159.660*8.45] mapped 332566 sequences
[M::worker_pipeline::160.374*8.45] mapped 332328 sequences
[M::worker_pipeline::161.059*8.45] mapped 332338 sequences
[M::worker_pipeline::162.138*8.47] mapped 332272 sequences
[M::worker_pipeline::162.514*8.45] mapped 332232 sequences
[M::worker_pipeline::163.281*8.46] mapped 332306 sequences
[M::worker_pipeline::164.135*8.47] mapped 332322 sequences
[M::worker_pipeline::164.687*8.47] mapped 332290 sequences
[M::worker_pipeline::165.830*8.48] mapped 332204 sequences
[M::worker_pipeline::166.181*8.47] mapped 332228 sequences
[M::worker_pipeline::166.662*8.47] mapped 332220 sequences
[M::worker_pipeline::167.608*8.48] mapped 332248 sequences
[M::worker_pipeline::168.374*8.48] mapped 332252 sequences
[M::worker_pipeline::168.919*8.49] mapped 332274 sequences
[M::worker_pipeline::170.008*8.50] mapped 332286 sequences
[M::worker_pipeline::170.355*8.49] mapped 332264 sequences
[M::worker_pipeline::170.757*8.48] mapped 332256 sequences
[M::worker_pipeline::171.878*8.49] mapped 332228 sequences
[M::worker_pipeline::173.031*8.50] mapped 332226 sequences
[M::worker_pipeline::173.481*8.49] mapped 332236 sequences
[M::worker_pipeline::174.240*8.49] mapped 332232 sequences
[M::worker_pipeline::174.950*8.49] mapped 332274 sequences
[M::worker_pipeline::175.964*8.51] mapped 332322 sequences
[M::worker_pipeline::176.402*8.49] mapped 332322 sequences
[M::worker_pipeline::177.072*8.50] mapped 332380 sequences
[M::worker_pipeline::177.884*8.50] mapped 332362 sequences
[M::worker_pipeline::178.767*8.51] mapped 332364 sequences
[M::worker_pipeline::179.294*8.51] mapped 332402 sequences
[M::worker_pipeline::180.055*8.51] mapped 332382 sequences
[M::worker_pipeline::180.776*8.51] mapped 332408 sequences
[M::worker_pipeline::181.610*8.52] mapped 332498 sequences
[M::worker_pipeline::182.153*8.52] mapped 332512 sequences
[M::worker_pipeline::182.940*8.52] mapped 332426 sequences
[M::worker_pipeline::183.779*8.53] mapped 332480 sequences
[M::worker_pipeline::184.374*8.52] mapped 332444 sequences
[M::worker_pipeline::185.156*8.52] mapped 332786 sequences
[M::worker_pipeline::186.243*8.54] mapped 332898 sequences
[M::worker_pipeline::186.584*8.52] mapped 332804 sequences
[M::worker_pipeline::187.339*8.52] mapped 332796 sequences
[M::worker_pipeline::188.051*8.53] mapped 332740 sequences
[M::worker_pipeline::188.718*8.53] mapped 332694 sequences
[M::worker_pipeline::189.830*8.55] mapped 332674 sequences
[M::worker_pipeline::190.247*8.53] mapped 332600 sequences
[M::worker_pipeline::191.191*8.54] mapped 332556 sequences
[M::worker_pipeline::191.806*8.53] mapped 332576 sequences
[M::worker_pipeline::192.479*8.53] mapped 332602 sequences
[M::worker_pipeline::193.037*8.53] mapped 332540 sequences
[M::worker_pipeline::193.939*8.54] mapped 332526 sequences
[M::worker_pipeline::194.675*8.54] mapped 332458 sequences
[M::worker_pipeline::195.427*8.54] mapped 332544 sequences
[M::worker_pipeline::196.196*8.54] mapped 332502 sequences
[M::worker_pipeline::196.932*8.55] mapped 332526 sequences
[M::worker_pipeline::197.524*8.55] mapped 332470 sequences
[M::worker_pipeline::198.564*8.56] mapped 332486 sequences
[M::worker_pipeline::198.932*8.55] mapped 332458 sequences
[M::worker_pipeline::199.681*8.55] mapped 332528 sequences
[M::worker_pipeline::200.831*8.57] mapped 332454 sequences
[M::worker_pipeline::201.213*8.55] mapped 332470 sequences
[M::worker_pipeline::201.862*8.56] mapped 332510 sequences
[M::worker_pipeline::202.699*8.56] mapped 332526 sequences
[M::worker_pipeline::203.402*8.56] mapped 332546 sequences
[M::worker_pipeline::204.084*8.57] mapped 332578 sequences
[M::worker_pipeline::205.120*8.58] mapped 332590 sequences
[M::worker_pipeline::205.544*8.57] mapped 332578 sequences
[M::worker_pipeline::206.252*8.57] mapped 332502 sequences
[M::worker_pipeline::206.949*8.57] mapped 332606 sequences
[M::worker_pipeline::208.038*8.58] mapped 332540 sequences
[M::worker_pipeline::208.405*8.57] mapped 332538 sequences
[M::worker_pipeline::209.132*8.57] mapped 332486 sequences
[M::worker_pipeline::209.690*8.57] mapped 332502 sequences
[M::worker_pipeline::210.597*8.58] mapped 332460 sequences
[M::worker_pipeline::211.333*8.58] mapped 332540 sequences
[M::worker_pipeline::212.033*8.58] mapped 332422 sequences
[M::worker_pipeline::212.883*8.59] mapped 332410 sequences
[M::worker_pipeline::213.429*8.59] mapped 332420 sequences
[M::worker_pipeline::214.068*8.59] mapped 332436 sequences
[M::worker_pipeline::214.821*8.59] mapped 332464 sequences
[M::worker_pipeline::215.918*8.60] mapped 332496 sequences
[M::worker_pipeline::216.292*8.59] mapped 332510 sequences
[M::worker_pipeline::216.821*8.59] mapped 332460 sequences
[M::worker_pipeline::218.134*8.60] mapped 332460 sequences
[M::worker_pipeline::218.526*8.59] mapped 332436 sequences
[M::worker_pipeline::224.871*8.40] mapped 332476 sequences
[M::worker_pipeline::225.250*8.39] mapped 332496 sequences
[M::worker_pipeline::225.955*8.39] mapped 332460 sequences
[M::worker_pipeline::226.700*8.40] mapped 332420 sequences
[M::worker_pipeline::227.396*8.40] mapped 332454 sequences
[M::worker_pipeline::228.063*8.40] mapped 332446 sequences
[M::worker_pipeline::228.768*8.41] mapped 332390 sequences
[M::worker_pipeline::229.495*8.41] mapped 332420 sequences
[M::worker_pipeline::230.084*8.41] mapped 332356 sequences
[M::worker_pipeline::231.126*8.43] mapped 332352 sequences
[M::worker_pipeline::231.498*8.42] mapped 332370 sequences
[M::worker_pipeline::232.244*8.42] mapped 332408 sequences
[M::worker_pipeline::233.294*8.43] mapped 332370 sequences
[M::worker_pipeline::233.637*8.42] mapped 332340 sequences
[M::worker_pipeline::234.358*8.43] mapped 332320 sequences
[M::worker_pipeline::235.114*8.43] mapped 332266 sequences
[M::worker_pipeline::236.159*8.44] mapped 332340 sequences
[M::worker_pipeline::236.560*8.43] mapped 332316 sequences
[M::worker_pipeline::237.303*8.43] mapped 332338 sequences
[M::worker_pipeline::238.368*8.44] mapped 332366 sequences
[M::worker_pipeline::238.780*8.43] mapped 332380 sequences
[M::worker_pipeline::239.318*8.43] mapped 332370 sequences
[M::worker_pipeline::240.351*8.44] mapped 332342 sequences
[M::worker_pipeline::241.005*8.43] mapped 332428 sequences
[M::worker_pipeline::241.782*8.44] mapped 332402 sequences
[M::worker_pipeline::242.482*8.44] mapped 332360 sequences
[M::worker_pipeline::243.168*8.44] mapped 332334 sequences
[M::worker_pipeline::244.110*8.46] mapped 332344 sequences
[M::worker_pipeline::244.510*8.45] mapped 332368 sequences
[M::worker_pipeline::245.273*8.45] mapped 332390 sequences
[M::worker_pipeline::245.992*8.45] mapped 332360 sequences
[M::worker_pipeline::247.022*8.47] mapped 332348 sequences
[M::worker_pipeline::247.414*8.45] mapped 332570 sequences
[M::worker_pipeline::248.068*8.46] mapped 332560 sequences
[M::worker_pipeline::248.518*8.45] mapped 332522 sequences
[M::worker_pipeline::249.742*8.46] mapped 332448 sequences
[M::worker_pipeline::250.496*8.46] mapped 332498 sequences
[M::worker_pipeline::251.081*8.46] mapped 332424 sequences
[M::worker_pipeline::251.993*8.47] mapped 332478 sequences
[M::worker_pipeline::252.467*8.47] mapped 332438 sequences
[M::worker_pipeline::253.147*8.47] mapped 332360 sequences
[M::worker_pipeline::254.024*8.47] mapped 332300 sequences
[M::worker_pipeline::254.616*8.47] mapped 332366 sequences
[M::worker_pipeline::255.272*8.47] mapped 332318 sequences
[M::worker_pipeline::256.185*8.47] mapped 332328 sequences
[M::worker_pipeline::256.872*8.48] mapped 332310 sequences
[M::worker_pipeline::257.941*8.49] mapped 332238 sequences
[M::worker_pipeline::258.372*8.48] mapped 332336 sequences
[M::worker_pipeline::259.134*8.48] mapped 332266 sequences
[M::worker_pipeline::259.742*8.48] mapped 332336 sequences
[M::worker_pipeline::260.529*8.48] mapped 332298 sequences
[M::worker_pipeline::261.110*8.49] mapped 332322 sequences
[M::worker_pipeline::261.960*8.49] mapped 332346 sequences
[M::worker_pipeline::262.713*8.49] mapped 332286 sequences
[M::worker_pipeline::263.820*8.51] mapped 332366 sequences
[M::worker_pipeline::264.221*8.50] mapped 332396 sequences
[M::worker_pipeline::265.034*8.50] mapped 332470 sequences
[M::worker_pipeline::265.771*8.50] mapped 332430 sequences
[M::worker_pipeline::266.405*8.50] mapped 332442 sequences
[M::worker_pipeline::267.450*8.51] mapped 332414 sequences
[M::worker_pipeline::267.781*8.50] mapped 332356 sequences
[M::worker_pipeline::268.168*8.50] mapped 332342 sequences
[M::worker_pipeline::269.276*8.50] mapped 332366 sequences
[M::worker_pipeline::270.339*8.51] mapped 332300 sequences
[M::worker_pipeline::270.717*8.51] mapped 332358 sequences
[M::worker_pipeline::271.499*8.51] mapped 332366 sequences
[M::worker_pipeline::272.244*8.51] mapped 332358 sequences
[M::worker_pipeline::273.230*8.52] mapped 332430 sequences
[M::worker_pipeline::273.637*8.51] mapped 332334 sequences
[M::worker_pipeline::274.774*8.52] mapped 332264 sequences
[M::worker_pipeline::275.150*8.51] mapped 332280 sequences
[M::worker_pipeline::275.851*8.51] mapped 332302 sequences
[M::worker_pipeline::276.497*8.51] mapped 332272 sequences
[M::worker_pipeline::277.236*8.51] mapped 332442 sequences
[M::worker_pipeline::278.387*8.52] mapped 332322 sequences
[M::worker_pipeline::278.761*8.51] mapped 332250 sequences
[M::worker_pipeline::279.285*8.51] mapped 332262 sequences
[M::worker_pipeline::280.635*8.52] mapped 332302 sequences
[M::worker_pipeline::280.962*8.52] mapped 332264 sequences
[M::worker_pipeline::281.701*8.52] mapped 332262 sequences
[M::worker_pipeline::282.389*8.52] mapped 332260 sequences
[M::worker_pipeline::282.999*8.52] mapped 332284 sequences
[M::worker_pipeline::283.805*8.52] mapped 332304 sequences
[M::worker_pipeline::284.516*8.52] mapped 332314 sequences
[M::worker_pipeline::285.368*8.53] mapped 332290 sequences
[M::worker_pipeline::285.896*8.53] mapped 332252 sequences
[M::worker_pipeline::286.806*8.53] mapped 332214 sequences
[M::worker_pipeline::287.373*8.53] mapped 332262 sequences
[M::worker_pipeline::288.123*8.53] mapped 332150 sequences
[M::worker_pipeline::288.736*8.53] mapped 332200 sequences
[M::worker_pipeline::289.741*8.54] mapped 332196 sequences
[M::worker_pipeline::290.180*8.53] mapped 332244 sequences
[M::worker_pipeline::290.946*8.53] mapped 332186 sequences
[M::worker_pipeline::292.100*8.54] mapped 332242 sequences
[M::worker_pipeline::292.461*8.53] mapped 332340 sequences
[M::worker_pipeline::298.328*8.41] mapped 332160 sequences
[M::worker_pipeline::298.722*8.40] mapped 332238 sequences
[M::worker_pipeline::299.109*8.39] mapped 332152 sequences
[M::worker_pipeline::300.214*8.40] mapped 332194 sequences
[M::worker_pipeline::300.702*8.40] mapped 332186 sequences
[M::worker_pipeline::301.610*8.40] mapped 332214 sequences
[M::worker_pipeline::302.285*8.41] mapped 332216 sequences
[M::worker_pipeline::302.987*8.41] mapped 332278 sequences
[M::worker_pipeline::303.693*8.41] mapped 332218 sequences
[M::worker_pipeline::304.833*8.42] mapped 332344 sequences
[M::worker_pipeline::305.173*8.41] mapped 332222 sequences
[M::worker_pipeline::305.901*8.41] mapped 332216 sequences
[M::worker_pipeline::306.582*8.41] mapped 332260 sequences
[M::worker_pipeline::307.257*8.42] mapped 332290 sequences
[M::worker_pipeline::308.012*8.42] mapped 332338 sequences
[M::worker_pipeline::308.861*8.43] mapped 332512 sequences
[M::worker_pipeline::309.434*8.42] mapped 332534 sequences
[M::worker_pipeline::310.207*8.42] mapped 332396 sequences
[M::worker_pipeline::311.263*8.43] mapped 332332 sequences
[M::worker_pipeline::311.667*8.43] mapped 332322 sequences
[M::worker_pipeline::312.340*8.43] mapped 332272 sequences
[M::worker_pipeline::313.061*8.43] mapped 332314 sequences
[M::worker_pipeline::314.163*8.44] mapped 332284 sequences
[M::worker_pipeline::314.527*8.43] mapped 332208 sequences
[M::worker_pipeline::315.121*8.43] mapped 332222 sequences
[M::worker_pipeline::316.083*8.44] mapped 332212 sequences
[M::worker_pipeline::316.665*8.43] mapped 332190 sequences
[M::worker_pipeline::317.719*8.45] mapped 332228 sequences
[M::worker_pipeline::318.078*8.44] mapped 332196 sequences
[M::worker_pipeline::318.547*8.44] mapped 332194 sequences
[M::worker_pipeline::319.443*8.44] mapped 332216 sequences
[M::worker_pipeline::320.378*8.45] mapped 332128 sequences
[M::worker_pipeline::320.854*8.44] mapped 332128 sequences
[M::worker_pipeline::321.582*8.45] mapped 332158 sequences
[M::worker_pipeline::322.689*8.45] mapped 332180 sequences
[M::worker_pipeline::323.064*8.45] mapped 332154 sequences
[M::worker_pipeline::323.825*8.45] mapped 332244 sequences
[M::worker_pipeline::324.975*8.45] mapped 332168 sequences
[M::worker_pipeline::325.361*8.44] mapped 332264 sequences
[M::worker_pipeline::326.151*8.44] mapped 332180 sequences
[M::worker_pipeline::327.186*8.45] mapped 332274 sequences
[M::worker_pipeline::327.578*8.45] mapped 332252 sequences
[M::worker_pipeline::328.272*8.45] mapped 332174 sequences
[M::worker_pipeline::329.005*8.45] mapped 332216 sequences
[M::worker_pipeline::330.172*8.46] mapped 332156 sequences
[M::worker_pipeline::330.507*8.45] mapped 332144 sequences
[M::worker_pipeline::331.276*8.45] mapped 332150 sequences
[M::worker_pipeline::331.961*8.45] mapped 332144 sequences
[M::worker_pipeline::332.702*8.45] mapped 332150 sequences
[M::worker_pipeline::333.433*8.46] mapped 332170 sequences
[M::worker_pipeline::334.453*8.46] mapped 332150 sequences
[M::worker_pipeline::334.805*8.46] mapped 332144 sequences
[M::worker_pipeline::335.507*8.46] mapped 332258 sequences
[M::worker_pipeline::336.438*8.46] mapped 332182 sequences
[M::worker_pipeline::336.997*8.46] mapped 332252 sequences
[M::worker_pipeline::338.071*8.47] mapped 332238 sequences
[M::worker_pipeline::338.467*8.46] mapped 332132 sequences
[M::worker_pipeline::339.052*8.46] mapped 332130 sequences
[M::worker_pipeline::339.864*8.47] mapped 332206 sequences
[M::worker_pipeline::340.565*8.47] mapped 332350 sequences
[M::worker_pipeline::341.609*8.47] mapped 332178 sequences
[M::worker_pipeline::341.984*8.47] mapped 332208 sequences
[M::worker_pipeline::342.742*8.47] mapped 332126 sequences
[M::worker_pipeline::343.834*8.48] mapped 332110 sequences
[M::worker_pipeline::344.230*8.47] mapped 332106 sequences
[M::worker_pipeline::344.774*8.47] mapped 332144 sequences
[M::worker_pipeline::345.696*8.47] mapped 332130 sequences
[M::worker_pipeline::346.545*8.48] mapped 332112 sequences
[M::worker_pipeline::347.101*8.48] mapped 332160 sequences
[M::worker_pipeline::348.254*8.48] mapped 332138 sequences
[M::worker_pipeline::348.626*8.48] mapped 332158 sequences
[M::worker_pipeline::349.192*8.48] mapped 332160 sequences
[M::worker_pipeline::350.181*8.48] mapped 332158 sequences
[M::worker_pipeline::350.805*8.48] mapped 332094 sequences
[M::worker_pipeline::351.476*8.48] mapped 332146 sequences
[M::worker_pipeline::352.599*8.49] mapped 332240 sequences
[M::worker_pipeline::352.962*8.48] mapped 332136 sequences
[M::worker_pipeline::353.711*8.49] mapped 332064 sequences
[M::worker_pipeline::354.693*8.49] mapped 332142 sequences
[M::worker_pipeline::355.168*8.49] mapped 332122 sequences
[M::worker_pipeline::355.851*8.49] mapped 332204 sequences
[M::worker_pipeline::356.967*8.50] mapped 332264 sequences
[M::worker_pipeline::357.296*8.49] mapped 332298 sequences
[M::worker_pipeline::357.775*8.49] mapped 332230 sequences
[M::worker_pipeline::358.827*8.49] mapped 332270 sequences
[M::worker_pipeline::359.720*8.50] mapped 332226 sequences
[M::worker_pipeline::360.213*8.50] mapped 332358 sequences
[M::worker_pipeline::360.970*8.50] mapped 332270 sequences
[M::worker_pipeline::361.640*8.50] mapped 332260 sequences
[M::worker_pipeline::362.484*8.50] mapped 332276 sequences
[M::worker_pipeline::363.450*8.51] mapped 332402 sequences
[M::worker_pipeline::363.841*8.50] mapped 332446 sequences
[M::worker_pipeline::364.574*8.50] mapped 332400 sequences
[M::worker_pipeline::365.341*8.51] mapped 332390 sequences
[M::worker_pipeline::366.413*8.51] mapped 332380 sequences
[M::worker_pipeline::366.833*8.51] mapped 332452 sequences
[M::worker_pipeline::372.714*8.40] mapped 332382 sequences
[M::worker_pipeline::373.110*8.40] mapped 332312 sequences
[M::worker_pipeline::373.803*8.40] mapped 332352 sequences
[M::worker_pipeline::374.520*8.40] mapped 332322 sequences
[M::worker_pipeline::375.663*8.41] mapped 332292 sequences
[M::worker_pipeline::376.003*8.40] mapped 332234 sequences
[M::worker_pipeline::376.759*8.40] mapped 332246 sequences
[M::worker_pipeline::377.510*8.40] mapped 332268 sequences
[M::worker_pipeline::378.234*8.41] mapped 332208 sequences
[M::worker_pipeline::378.789*8.41] mapped 332220 sequences
[M::worker_pipeline::379.975*8.42] mapped 332206 sequences
[M::worker_pipeline::380.379*8.41] mapped 332192 sequences
[M::worker_pipeline::381.138*8.41] mapped 332252 sequences
[M::worker_pipeline::382.164*8.42] mapped 332152 sequences
[M::worker_pipeline::382.514*8.41] mapped 332190 sequences
[M::worker_pipeline::383.292*8.41] mapped 332166 sequences
[M::worker_pipeline::384.019*8.42] mapped 332178 sequences
[M::worker_pipeline::384.691*8.42] mapped 332192 sequences
[M::worker_pipeline::385.613*8.42] mapped 332188 sequences
[M::worker_pipeline::386.117*8.42] mapped 332264 sequences
[M::worker_pipeline::386.884*8.42] mapped 332196 sequences
[M::worker_pipeline::388.378*8.42] mapped 332298 sequences
[M::worker_pipeline::388.776*8.41] mapped 332300 sequences
[M::worker_pipeline::389.553*8.41] mapped 332330 sequences
[M::worker_pipeline::390.676*8.42] mapped 332276 sequences
[M::worker_pipeline::391.091*8.41] mapped 332258 sequences
[M::worker_pipeline::391.998*8.41] mapped 332200 sequences
[M::worker_pipeline::392.608*8.41] mapped 332290 sequences
[M::worker_pipeline::393.831*8.42] mapped 332172 sequences
[M::worker_pipeline::394.249*8.41] mapped 332198 sequences
[M::worker_pipeline::395.158*8.41] mapped 332240 sequences
[M::worker_pipeline::395.739*8.41] mapped 332176 sequences
[M::worker_pipeline::396.269*8.41] mapped 332202 sequences
[M::worker_pipeline::397.961*8.41] mapped 332210 sequences
[M::worker_pipeline::398.299*8.41] mapped 332186 sequences
[M::worker_pipeline::399.062*8.41] mapped 332174 sequences
[M::worker_pipeline::399.610*8.40] mapped 332222 sequences
[M::worker_pipeline::400.987*8.41] mapped 332132 sequences
[M::worker_pipeline::401.455*8.40] mapped 332154 sequences
[M::worker_pipeline::401.961*8.40] mapped 332148 sequences
[M::worker_pipeline::403.839*8.40] mapped 332176 sequences
[M::worker_pipeline::404.219*8.39] mapped 332592 sequences
[M::worker_pipeline::404.794*8.39] mapped 332184 sequences
[M::worker_pipeline::406.269*8.40] mapped 332210 sequences
[M::worker_pipeline::406.657*8.39] mapped 332154 sequences
[M::worker_pipeline::407.203*8.39] mapped 332240 sequences
[M::worker_pipeline::408.990*8.39] mapped 332092 sequences
[M::worker_pipeline::409.374*8.38] mapped 332148 sequences
[M::worker_pipeline::409.868*8.38] mapped 332084 sequences
[M::worker_pipeline::411.426*8.39] mapped 332074 sequences
[M::worker_pipeline::411.848*8.38] mapped 332026 sequences
[M::worker_pipeline::412.721*8.38] mapped 332028 sequences
[M::worker_pipeline::413.328*8.38] mapped 332076 sequences
[M::worker_pipeline::414.124*8.38] mapped 332100 sequences
[M::worker_pipeline::415.171*8.39] mapped 332104 sequences
[M::worker_pipeline::415.615*8.38] mapped 332326 sequences
[M::worker_pipeline::417.230*8.38] mapped 332060 sequences
[M::worker_pipeline::417.643*8.37] mapped 332046 sequences
[M::worker_pipeline::418.195*8.37] mapped 332030 sequences
[M::worker_pipeline::419.974*8.37] mapped 332050 sequences
[M::worker_pipeline::420.392*8.36] mapped 332050 sequences
[M::worker_pipeline::421.112*8.37] mapped 332038 sequences
[M::worker_pipeline::421.488*8.36] mapped 332148 sequences
[M::worker_pipeline::422.577*8.37] mapped 332082 sequences
[M::worker_pipeline::423.752*8.37] mapped 332100 sequences
[M::worker_pipeline::424.175*8.37] mapped 332188 sequences
[M::worker_pipeline::424.976*8.37] mapped 332152 sequences
[M::worker_pipeline::426.705*8.36] mapped 332136 sequences
[M::worker_pipeline::427.118*8.35] mapped 332152 sequences
[M::worker_pipeline::428.328*8.36] mapped 332100 sequences
[M::worker_pipeline::428.729*8.35] mapped 332144 sequences
[M::worker_pipeline::429.506*8.35] mapped 332162 sequences
[M::worker_pipeline::430.577*8.36] mapped 332162 sequences
[M::worker_pipeline::430.900*8.35] mapped 332258 sequences
[M::worker_pipeline::431.436*8.35] mapped 332288 sequences
[M::worker_pipeline::432.781*8.36] mapped 332730 sequences
[M::worker_pipeline::433.116*8.36] mapped 332644 sequences
[M::worker_pipeline::433.822*8.36] mapped 332644 sequences
[M::worker_pipeline::434.571*8.36] mapped 332650 sequences
[M::worker_pipeline::435.585*8.37] mapped 332532 sequences
[M::worker_pipeline::435.936*8.36] mapped 332556 sequences
[M::worker_pipeline::436.703*8.36] mapped 332544 sequences
[M::worker_pipeline::437.417*8.37] mapped 332418 sequences
[M::worker_pipeline::438.037*8.37] mapped 332476 sequences
[M::worker_pipeline::439.078*8.38] mapped 332444 sequences
[M::worker_pipeline::439.449*8.37] mapped 332460 sequences
[M::worker_pipeline::440.189*8.37] mapped 332426 sequences
[M::worker_pipeline::441.252*8.38] mapped 332392 sequences
[M::worker_pipeline::441.677*8.37] mapped 332408 sequences
[M::worker_pipeline::442.399*8.38] mapped 332376 sequences
[M::worker_pipeline::443.510*8.38] mapped 332470 sequences
[M::worker_pipeline::443.893*8.38] mapped 332366 sequences
[M::worker_pipeline::444.562*8.38] mapped 332322 sequences
[M::worker_pipeline::445.332*8.38] mapped 332380 sequences
[M::worker_pipeline::446.012*8.38] mapped 332370 sequences
[M::worker_pipeline::452.340*8.29] mapped 332420 sequences
[M::worker_pipeline::452.701*8.29] mapped 332432 sequences
[M::worker_pipeline::453.426*8.29] mapped 332460 sequences
[M::worker_pipeline::454.166*8.29] mapped 332404 sequences
[M::worker_pipeline::455.218*8.29] mapped 332388 sequences
[M::worker_pipeline::455.595*8.29] mapped 332442 sequences
[M::worker_pipeline::455.993*8.28] mapped 332440 sequences
[M::worker_pipeline::457.065*8.29] mapped 332364 sequences
[M::worker_pipeline::457.442*8.28] mapped 332350 sequences
[M::worker_pipeline::458.685*8.29] mapped 332408 sequences
[M::worker_pipeline::459.368*8.29] mapped 332320 sequences
[M::worker_pipeline::460.068*8.29] mapped 332382 sequences
[M::worker_pipeline::461.196*8.30] mapped 332338 sequences
[M::worker_pipeline::461.575*8.29] mapped 332356 sequences
[M::worker_pipeline::462.273*8.30] mapped 332388 sequences
[M::worker_pipeline::463.040*8.30] mapped 332462 sequences
[M::worker_pipeline::463.746*8.30] mapped 332448 sequences
[M::worker_pipeline::464.501*8.30] mapped 332388 sequences
[M::worker_pipeline::465.221*8.30] mapped 332396 sequences
[M::worker_pipeline::465.970*8.30] mapped 332338 sequences
[M::worker_pipeline::466.871*8.30] mapped 332382 sequences
[M::worker_pipeline::467.441*8.30] mapped 332440 sequences
[M::worker_pipeline::468.223*8.31] mapped 332396 sequences
[M::worker_pipeline::469.182*8.31] mapped 332468 sequences
[M::worker_pipeline::469.622*8.30] mapped 332328 sequences
[M::worker_pipeline::470.358*8.31] mapped 332426 sequences
[M::worker_pipeline::471.436*8.31] mapped 332354 sequences
[M::worker_pipeline::471.827*8.31] mapped 332368 sequences
[M::worker_pipeline::472.433*8.31] mapped 332350 sequences
[M::worker_pipeline::473.292*8.31] mapped 332414 sequences
[M::worker_pipeline::473.975*8.31] mapped 332438 sequences
[M::worker_pipeline::474.690*8.31] mapped 332308 sequences
[M::worker_pipeline::475.464*8.32] mapped 332312 sequences
[M::worker_pipeline::476.037*8.32] mapped 332294 sequences
[M::worker_pipeline::476.809*8.32] mapped 332288 sequences
[M::worker_pipeline::477.416*8.32] mapped 332294 sequences
[M::worker_pipeline::478.136*8.32] mapped 332234 sequences
[M::worker_pipeline::478.857*8.32] mapped 332352 sequences
[M::worker_pipeline::479.508*8.32] mapped 332290 sequences
[M::worker_pipeline::480.203*8.33] mapped 332248 sequences
[M::worker_pipeline::480.911*8.33] mapped 332158 sequences
[M::worker_pipeline::481.772*8.33] mapped 332266 sequences
[M::worker_pipeline::482.280*8.33] mapped 332252 sequences
[M::worker_pipeline::482.977*8.33] mapped 332256 sequences
[M::worker_pipeline::484.067*8.34] mapped 332422 sequences
[M::worker_pipeline::484.429*8.33] mapped 332458 sequences
[M::worker_pipeline::485.071*8.33] mapped 332444 sequences
[M::worker_pipeline::485.850*8.34] mapped 332396 sequences
[M::worker_pipeline::486.523*8.34] mapped 332346 sequences
[M::worker_pipeline::487.590*8.35] mapped 332482 sequences
[M::worker_pipeline::488.002*8.34] mapped 332456 sequences
[M::worker_pipeline::488.756*8.34] mapped 332426 sequences
[M::worker_pipeline::489.873*8.35] mapped 332522 sequences
[M::worker_pipeline::490.196*8.34] mapped 332570 sequences
[M::worker_pipeline::490.763*8.34] mapped 332480 sequences
[M::worker_pipeline::491.696*8.35] mapped 332482 sequences
[M::worker_pipeline::492.015*8.34] mapped 332610 sequences
[M::worker_pipeline::492.108*8.34] mapped 81188 sequences
[M::main] Version: 2.22-r1101
[M::main] CMD: minimap2 --secondary=no -t 16 -R @RG\tID:snippy\tSM:snippy -ax sr /work/FAC/FBM/DMF/smitri/evomicrocomm/genome_size/data/at/reference.fasta /work/FAC/FBM/DMF/smitri/evomicrocomm/genome_size/data/T11.3.5/read1.fq.gz /work/FAC/FBM/DMF/smitri/evomicrocomm/genome_size/data/T11.3.5/read2.fq.gz
[M::main] Real time: 492.134 sec; CPU: 4104.530 sec; Peak RSS: 0.801 GB
[bam_sort_core] merging from 96 files and 16 in-memory blocks...
[Sun Oct 17 23:03:03 2021]
Finished job 0.
1 of 1 steps (100%) done
