Building DAG of jobs...
Using shell: /usr/bin/bash
Provided cores: 16
Rules claiming more threads will be scaled down.
Select jobs to execute...

[Sun Oct 17 22:41:46 2021]
rule mapping:
    input: /work/FAC/FBM/DMF/smitri/evomicrocomm/genome_size/data/ct/reference.fasta, /work/FAC/FBM/DMF/smitri/evomicrocomm/genome_size/data/T33.4.4/read1.fq.gz, /work/FAC/FBM/DMF/smitri/evomicrocomm/genome_size/data/T33.4.4/read2.fq.gz
    output: /work/FAC/FBM/DMF/smitri/evomicrocomm/genome_size/data/T33.4.4/ct/mapped_reads.sorted.bam
    jobid: 0
    wildcards: sample=T33.4.4, strain=ct
    threads: 16
    resources: mem_mb=21336, disk_mb=21336, tmpdir=/tmp/2846139

[M::mm_idx_gen::0.168*0.82] collected minimizers
[M::mm_idx_gen::0.184*1.88] sorted minimizers
[M::main::0.184*1.87] loaded/built the index for 2 target sequence(s)
[M::mm_mapopt_update::0.184*1.87] mid_occ = 1000
[M::mm_idx_stat] kmer size: 21; skip: 11; is_hpc: 0; #seq: 2
[M::mm_idx_stat::0.196*1.82] distinct minimizers: 993850 (99.11% are singletons); average occurrences: 1.021; average spacing: 5.998; total length: 6084391
[M::worker_pipeline::1.200*2.67] mapped 332592 sequences
[M::worker_pipeline::1.791*3.14] mapped 332676 sequences
[M::worker_pipeline::2.445*3.34] mapped 332526 sequences
[M::worker_pipeline::3.083*3.46] mapped 332374 sequences
[M::worker_pipeline::3.693*3.53] mapped 332356 sequences
[M::worker_pipeline::4.344*3.60] mapped 332360 sequences
[M::worker_pipeline::4.970*3.65] mapped 332328 sequences
[M::worker_pipeline::5.576*3.72] mapped 332302 sequences
[M::worker_pipeline::6.174*3.75] mapped 332214 sequences
[M::worker_pipeline::6.783*3.78] mapped 332214 sequences
[M::worker_pipeline::7.388*3.79] mapped 332192 sequences
[M::worker_pipeline::8.023*3.82] mapped 332180 sequences
[M::worker_pipeline::8.613*3.85] mapped 332170 sequences
[M::worker_pipeline::9.231*3.88] mapped 332234 sequences
[M::worker_pipeline::9.844*3.89] mapped 332146 sequences
[M::worker_pipeline::10.492*3.90] mapped 332168 sequences
[M::worker_pipeline::11.046*3.92] mapped 332214 sequences
[M::worker_pipeline::11.661*3.93] mapped 332230 sequences
[M::worker_pipeline::12.251*3.94] mapped 332214 sequences
[M::worker_pipeline::12.849*3.95] mapped 332174 sequences
[M::worker_pipeline::13.473*3.96] mapped 332164 sequences
[M::worker_pipeline::14.058*3.97] mapped 332108 sequences
[M::worker_pipeline::14.687*3.98] mapped 332182 sequences
[M::worker_pipeline::15.261*3.99] mapped 332112 sequences
[M::worker_pipeline::15.885*3.99] mapped 332102 sequences
[M::worker_pipeline::16.458*4.00] mapped 332072 sequences
[M::worker_pipeline::17.084*4.00] mapped 332124 sequences
[M::worker_pipeline::17.704*4.00] mapped 332106 sequences
[M::worker_pipeline::18.283*4.00] mapped 332110 sequences
[M::worker_pipeline::18.917*4.00] mapped 332150 sequences
[M::worker_pipeline::19.505*4.01] mapped 332100 sequences
[M::worker_pipeline::20.144*4.02] mapped 332070 sequences
[M::worker_pipeline::20.720*4.03] mapped 332030 sequences
[M::worker_pipeline::21.366*4.02] mapped 332012 sequences
[M::worker_pipeline::22.095*4.00] mapped 332012 sequences
[M::worker_pipeline::22.894*3.97] mapped 332002 sequences
[M::worker_pipeline::23.803*3.93] mapped 332002 sequences
[M::worker_pipeline::24.614*3.90] mapped 331986 sequences
[M::worker_pipeline::25.281*3.90] mapped 332018 sequences
[M::worker_pipeline::25.854*3.91] mapped 331972 sequences
[M::worker_pipeline::26.430*3.91] mapped 331966 sequences
[M::worker_pipeline::27.048*3.92] mapped 331954 sequences
[M::worker_pipeline::27.576*3.93] mapped 331944 sequences
[M::worker_pipeline::28.201*3.94] mapped 331944 sequences
[M::worker_pipeline::28.758*3.95] mapped 331958 sequences
[M::worker_pipeline::29.418*3.95] mapped 331910 sequences
[M::worker_pipeline::30.189*3.93] mapped 331970 sequences
[M::worker_pipeline::30.842*3.93] mapped 331896 sequences
[M::worker_pipeline::31.388*3.94] mapped 331934 sequences
[M::worker_pipeline::31.993*3.94] mapped 331940 sequences
[M::worker_pipeline::32.569*3.95] mapped 331902 sequences
[M::worker_pipeline::33.170*3.95] mapped 331942 sequences
[M::worker_pipeline::33.785*3.95] mapped 331902 sequences
[M::worker_pipeline::34.444*3.94] mapped 331944 sequences
[M::worker_pipeline::35.089*3.95] mapped 331926 sequences
[M::worker_pipeline::35.663*3.96] mapped 331896 sequences
[M::worker_pipeline::36.250*3.96] mapped 331980 sequences
[M::worker_pipeline::36.834*3.97] mapped 331980 sequences
[M::worker_pipeline::37.430*3.97] mapped 331964 sequences
[M::worker_pipeline::38.067*3.97] mapped 332000 sequences
[M::worker_pipeline::38.617*3.97] mapped 332008 sequences
[M::worker_pipeline::39.192*3.97] mapped 331988 sequences
[M::worker_pipeline::39.785*3.98] mapped 332016 sequences
[M::worker_pipeline::40.416*3.98] mapped 332000 sequences
[M::worker_pipeline::41.011*3.98] mapped 332048 sequences
[M::worker_pipeline::41.617*3.99] mapped 332460 sequences
[M::worker_pipeline::42.186*3.99] mapped 332514 sequences
[M::worker_pipeline::42.844*3.99] mapped 332444 sequences
[M::worker_pipeline::43.474*3.99] mapped 332360 sequences
[M::worker_pipeline::44.048*3.99] mapped 332340 sequences
[M::worker_pipeline::44.646*3.99] mapped 332246 sequences
[M::worker_pipeline::45.244*4.00] mapped 332194 sequences
[M::worker_pipeline::45.862*4.00] mapped 332174 sequences
[M::worker_pipeline::46.430*4.01] mapped 332174 sequences
[M::worker_pipeline::47.020*4.01] mapped 332138 sequences
[M::worker_pipeline::47.599*4.01] mapped 332138 sequences
[M::worker_pipeline::48.220*4.02] mapped 332142 sequences
[M::worker_pipeline::48.810*4.02] mapped 332156 sequences
[M::worker_pipeline::49.406*4.02] mapped 332154 sequences
[M::worker_pipeline::50.044*4.02] mapped 332156 sequences
[M::worker_pipeline::50.605*4.02] mapped 332182 sequences
[M::worker_pipeline::51.228*4.02] mapped 332168 sequences
[M::worker_pipeline::51.840*4.02] mapped 332196 sequences
[M::worker_pipeline::52.402*4.03] mapped 332116 sequences
[M::worker_pipeline::53.009*4.03] mapped 332108 sequences
[M::worker_pipeline::53.592*4.03] mapped 332086 sequences
[M::worker_pipeline::54.172*4.03] mapped 332076 sequences
[M::worker_pipeline::54.761*4.03] mapped 332056 sequences
[M::worker_pipeline::55.402*4.03] mapped 332064 sequences
[M::worker_pipeline::55.962*4.04] mapped 332082 sequences
[M::worker_pipeline::56.546*4.04] mapped 332054 sequences
[M::worker_pipeline::57.122*4.04] mapped 332020 sequences
[M::worker_pipeline::57.764*4.04] mapped 332030 sequences
[M::worker_pipeline::58.379*4.04] mapped 332012 sequences
[M::worker_pipeline::58.956*4.04] mapped 332038 sequences
[M::worker_pipeline::59.551*4.04] mapped 332028 sequences
[M::worker_pipeline::60.163*4.04] mapped 332052 sequences
[M::worker_pipeline::60.707*4.05] mapped 332052 sequences
[M::worker_pipeline::61.339*4.05] mapped 332006 sequences
[M::worker_pipeline::61.933*4.05] mapped 332032 sequences
[M::worker_pipeline::62.489*4.05] mapped 331990 sequences
[M::worker_pipeline::63.102*4.05] mapped 331994 sequences
[M::worker_pipeline::63.704*4.05] mapped 331984 sequences
[M::worker_pipeline::64.323*4.05] mapped 332050 sequences
[M::worker_pipeline::64.923*4.05] mapped 331986 sequences
[M::worker_pipeline::70.081*3.85] mapped 332014 sequences
[M::worker_pipeline::70.263*3.85] mapped 331946 sequences
[M::worker_pipeline::70.449*3.84] mapped 331996 sequences
[M::worker_pipeline::70.978*3.85] mapped 332022 sequences
[M::worker_pipeline::71.508*3.85] mapped 331988 sequences
[M::worker_pipeline::72.120*3.86] mapped 331904 sequences
[M::worker_pipeline::72.719*3.86] mapped 331972 sequences
[M::worker_pipeline::73.301*3.86] mapped 331946 sequences
[M::worker_pipeline::73.905*3.86] mapped 331930 sequences
[M::worker_pipeline::74.509*3.87] mapped 331952 sequences
[M::worker_pipeline::75.105*3.87] mapped 331946 sequences
[M::worker_pipeline::75.719*3.87] mapped 331980 sequences
[M::worker_pipeline::76.286*3.87] mapped 331926 sequences
[M::worker_pipeline::76.859*3.87] mapped 331956 sequences
[M::worker_pipeline::77.481*3.88] mapped 331930 sequences
[M::worker_pipeline::78.081*3.88] mapped 331950 sequences
[M::worker_pipeline::78.661*3.88] mapped 331946 sequences
[M::worker_pipeline::79.235*3.88] mapped 331968 sequences
[M::worker_pipeline::79.840*3.89] mapped 332002 sequences
[M::worker_pipeline::80.397*3.89] mapped 332042 sequences
[M::worker_pipeline::80.966*3.89] mapped 332082 sequences
[M::worker_pipeline::81.584*3.89] mapped 332126 sequences
[M::worker_pipeline::82.220*3.89] mapped 332056 sequences
[M::worker_pipeline::82.806*3.90] mapped 332088 sequences
[M::worker_pipeline::83.379*3.90] mapped 332082 sequences
[M::worker_pipeline::83.984*3.90] mapped 332396 sequences
[M::worker_pipeline::84.580*3.90] mapped 332602 sequences
[M::worker_pipeline::85.159*3.90] mapped 332458 sequences
[M::worker_pipeline::85.800*3.91] mapped 332392 sequences
[M::worker_pipeline::86.372*3.91] mapped 332380 sequences
[M::worker_pipeline::86.998*3.91] mapped 332344 sequences
[M::worker_pipeline::87.607*3.91] mapped 332278 sequences
[M::worker_pipeline::88.190*3.91] mapped 332352 sequences
[M::worker_pipeline::88.809*3.92] mapped 332258 sequences
[M::worker_pipeline::89.398*3.92] mapped 332220 sequences
[M::worker_pipeline::89.964*3.92] mapped 332098 sequences
[M::worker_pipeline::90.549*3.92] mapped 332192 sequences
[M::worker_pipeline::91.155*3.92] mapped 332188 sequences
[M::worker_pipeline::91.755*3.93] mapped 332170 sequences
[M::worker_pipeline::92.343*3.93] mapped 332214 sequences
[M::worker_pipeline::92.976*3.93] mapped 332264 sequences
[M::worker_pipeline::93.565*3.93] mapped 332366 sequences
[M::worker_pipeline::94.370*3.92] mapped 332378 sequences
[M::worker_pipeline::95.326*3.91] mapped 332662 sequences
[M::worker_pipeline::95.929*3.91] mapped 332276 sequences
[M::worker_pipeline::96.562*3.91] mapped 332286 sequences
[M::worker_pipeline::97.218*3.91] mapped 332226 sequences
[M::worker_pipeline::97.792*3.91] mapped 332160 sequences
[M::worker_pipeline::98.403*3.91] mapped 332270 sequences
[M::worker_pipeline::99.035*3.91] mapped 332252 sequences
[M::worker_pipeline::99.604*3.92] mapped 332130 sequences
[M::worker_pipeline::100.199*3.92] mapped 332084 sequences
[M::worker_pipeline::100.797*3.92] mapped 332064 sequences
[M::worker_pipeline::101.389*3.92] mapped 332042 sequences
[M::worker_pipeline::102.001*3.93] mapped 332594 sequences
[M::worker_pipeline::102.564*3.93] mapped 332084 sequences
[M::worker_pipeline::103.225*3.93] mapped 332082 sequences
[M::worker_pipeline::103.825*3.93] mapped 332030 sequences
[M::worker_pipeline::104.394*3.93] mapped 332048 sequences
[M::worker_pipeline::105.003*3.93] mapped 332048 sequences
[M::worker_pipeline::105.599*3.93] mapped 332050 sequences
[M::worker_pipeline::106.171*3.94] mapped 332070 sequences
[M::worker_pipeline::106.763*3.94] mapped 332048 sequences
[M::worker_pipeline::107.386*3.94] mapped 332064 sequences
[M::worker_pipeline::107.986*3.94] mapped 332046 sequences
[M::worker_pipeline::108.621*3.94] mapped 332004 sequences
[M::worker_pipeline::109.196*3.94] mapped 331920 sequences
[M::worker_pipeline::109.765*3.94] mapped 331952 sequences
[M::worker_pipeline::110.351*3.94] mapped 331926 sequences
[M::worker_pipeline::110.949*3.94] mapped 331914 sequences
[M::worker_pipeline::111.544*3.94] mapped 331932 sequences
[M::worker_pipeline::112.123*3.94] mapped 331916 sequences
[M::worker_pipeline::112.737*3.95] mapped 331920 sequences
[M::worker_pipeline::113.298*3.95] mapped 331908 sequences
[M::worker_pipeline::113.902*3.95] mapped 331894 sequences
[M::worker_pipeline::114.500*3.95] mapped 331922 sequences
[M::worker_pipeline::115.091*3.95] mapped 331912 sequences
[M::worker_pipeline::115.678*3.95] mapped 331900 sequences
[M::worker_pipeline::116.254*3.95] mapped 331906 sequences
[M::worker_pipeline::116.870*3.95] mapped 331894 sequences
[M::worker_pipeline::117.463*3.96] mapped 331882 sequences
[M::worker_pipeline::118.010*3.96] mapped 331902 sequences
[M::worker_pipeline::118.597*3.96] mapped 331936 sequences
[M::worker_pipeline::119.153*3.96] mapped 331960 sequences
[M::worker_pipeline::119.759*3.96] mapped 331956 sequences
[M::worker_pipeline::120.359*3.96] mapped 332078 sequences
[M::worker_pipeline::120.930*3.97] mapped 331946 sequences
[M::worker_pipeline::121.546*3.97] mapped 332002 sequences
[M::worker_pipeline::122.167*3.97] mapped 332030 sequences
[M::worker_pipeline::122.795*3.97] mapped 332016 sequences
[M::worker_pipeline::123.372*3.97] mapped 332480 sequences
[M::worker_pipeline::123.987*3.97] mapped 332650 sequences
[M::worker_pipeline::124.619*3.97] mapped 332660 sequences
[M::worker_pipeline::125.250*3.97] mapped 332476 sequences
[M::worker_pipeline::125.826*3.97] mapped 332452 sequences
[M::worker_pipeline::126.441*3.97] mapped 332366 sequences
[M::worker_pipeline::127.052*3.97] mapped 332308 sequences
[M::worker_pipeline::127.685*3.97] mapped 332288 sequences
[M::worker_pipeline::128.238*3.97] mapped 332234 sequences
[M::worker_pipeline::128.847*3.98] mapped 332250 sequences
[M::worker_pipeline::129.454*3.98] mapped 332230 sequences
[M::worker_pipeline::130.019*3.98] mapped 332180 sequences
[M::worker_pipeline::130.636*3.98] mapped 332222 sequences
[M::worker_pipeline::131.237*3.98] mapped 332278 sequences
[M::worker_pipeline::131.829*3.98] mapped 332280 sequences
[M::worker_pipeline::136.910*3.89] mapped 332366 sequences
[M::worker_pipeline::137.096*3.88] mapped 332356 sequences
[M::worker_pipeline::137.275*3.88] mapped 332406 sequences
[M::worker_pipeline::137.801*3.88] mapped 332412 sequences
[M::worker_pipeline::138.435*3.89] mapped 332282 sequences
[M::worker_pipeline::139.005*3.89] mapped 332240 sequences
[M::worker_pipeline::139.607*3.89] mapped 332276 sequences
[M::worker_pipeline::140.200*3.89] mapped 332252 sequences
[M::worker_pipeline::140.787*3.89] mapped 332272 sequences
[M::worker_pipeline::141.376*3.89] mapped 332316 sequences
[M::worker_pipeline::141.975*3.89] mapped 332268 sequences
[M::worker_pipeline::142.551*3.90] mapped 332176 sequences
[M::worker_pipeline::143.150*3.90] mapped 332212 sequences
[M::worker_pipeline::143.761*3.90] mapped 332148 sequences
[M::worker_pipeline::144.328*3.90] mapped 332154 sequences
[M::worker_pipeline::144.939*3.90] mapped 332162 sequences
[M::worker_pipeline::145.527*3.90] mapped 332192 sequences
[M::worker_pipeline::146.135*3.90] mapped 332218 sequences
[M::worker_pipeline::146.755*3.90] mapped 332236 sequences
[M::worker_pipeline::147.338*3.91] mapped 332218 sequences
[M::worker_pipeline::147.933*3.91] mapped 332138 sequences
[M::worker_pipeline::148.533*3.91] mapped 332092 sequences
[M::worker_pipeline::149.118*3.91] mapped 332106 sequences
[M::worker_pipeline::149.715*3.91] mapped 332066 sequences
[M::worker_pipeline::150.272*3.91] mapped 332130 sequences
[M::worker_pipeline::150.907*3.91] mapped 332108 sequences
[M::worker_pipeline::151.519*3.91] mapped 332062 sequences
[M::worker_pipeline::152.151*3.91] mapped 332112 sequences
[M::worker_pipeline::152.807*3.91] mapped 332070 sequences
[M::worker_pipeline::153.380*3.92] mapped 332064 sequences
[M::worker_pipeline::153.960*3.92] mapped 332082 sequences
[M::worker_pipeline::154.668*3.91] mapped 332038 sequences
[M::worker_pipeline::155.504*3.91] mapped 331964 sequences
[M::worker_pipeline::156.123*3.91] mapped 331922 sequences
[M::worker_pipeline::156.730*3.91] mapped 332052 sequences
[M::worker_pipeline::157.325*3.91] mapped 331942 sequences
[M::worker_pipeline::157.921*3.91] mapped 331982 sequences
[M::worker_pipeline::158.563*3.91] mapped 331964 sequences
[M::worker_pipeline::159.156*3.91] mapped 331932 sequences
[M::worker_pipeline::159.742*3.91] mapped 331964 sequences
[M::worker_pipeline::160.352*3.92] mapped 331982 sequences
[M::worker_pipeline::160.977*3.92] mapped 332044 sequences
[M::worker_pipeline::161.572*3.92] mapped 332012 sequences
[M::worker_pipeline::162.159*3.92] mapped 332034 sequences
[M::worker_pipeline::162.779*3.92] mapped 332068 sequences
[M::worker_pipeline::163.382*3.92] mapped 332106 sequences
[M::worker_pipeline::163.979*3.92] mapped 332108 sequences
[M::worker_pipeline::164.550*3.92] mapped 332098 sequences
[M::worker_pipeline::165.164*3.92] mapped 332180 sequences
[M::worker_pipeline::165.783*3.92] mapped 332162 sequences
[M::worker_pipeline::166.360*3.92] mapped 332488 sequences
[M::worker_pipeline::167.016*3.92] mapped 332780 sequences
[M::worker_pipeline::167.579*3.92] mapped 332836 sequences
[M::worker_pipeline::168.215*3.92] mapped 332386 sequences
[M::worker_pipeline::168.841*3.93] mapped 332406 sequences
[M::worker_pipeline::169.426*3.93] mapped 332484 sequences
[M::worker_pipeline::170.014*3.93] mapped 332390 sequences
[M::worker_pipeline::170.624*3.93] mapped 332364 sequences
[M::worker_pipeline::171.186*3.93] mapped 332268 sequences
[M::worker_pipeline::171.787*3.93] mapped 332240 sequences
[M::worker_pipeline::172.373*3.93] mapped 332216 sequences
[M::worker_pipeline::172.972*3.93] mapped 332252 sequences
[M::worker_pipeline::173.583*3.93] mapped 332224 sequences
[M::worker_pipeline::174.179*3.93] mapped 332196 sequences
[M::worker_pipeline::174.761*3.94] mapped 332220 sequences
[M::worker_pipeline::175.356*3.94] mapped 332194 sequences
[M::worker_pipeline::175.969*3.94] mapped 332182 sequences
[M::worker_pipeline::176.574*3.94] mapped 332144 sequences
[M::worker_pipeline::177.125*3.94] mapped 332154 sequences
[M::worker_pipeline::177.716*3.94] mapped 332144 sequences
[M::worker_pipeline::178.357*3.94] mapped 332174 sequences
[M::worker_pipeline::178.938*3.94] mapped 332262 sequences
[M::worker_pipeline::179.500*3.94] mapped 332178 sequences
[M::worker_pipeline::180.154*3.94] mapped 332136 sequences
[M::worker_pipeline::180.777*3.94] mapped 332132 sequences
[M::worker_pipeline::181.320*3.94] mapped 332114 sequences
[M::worker_pipeline::181.962*3.94] mapped 332092 sequences
[M::worker_pipeline::182.535*3.94] mapped 332164 sequences
[M::worker_pipeline::183.117*3.94] mapped 332122 sequences
[M::worker_pipeline::183.707*3.95] mapped 332084 sequences
[M::worker_pipeline::184.308*3.95] mapped 332110 sequences
[M::worker_pipeline::184.912*3.95] mapped 332094 sequences
[M::worker_pipeline::185.498*3.95] mapped 332102 sequences
[M::worker_pipeline::186.084*3.95] mapped 332068 sequences
[M::worker_pipeline::186.712*3.95] mapped 332052 sequences
[M::worker_pipeline::187.316*3.95] mapped 332032 sequences
[M::worker_pipeline::187.916*3.95] mapped 332076 sequences
[M::worker_pipeline::188.531*3.95] mapped 332072 sequences
[M::worker_pipeline::189.154*3.95] mapped 332068 sequences
[M::worker_pipeline::189.735*3.95] mapped 332080 sequences
[M::worker_pipeline::190.332*3.95] mapped 332088 sequences
[M::worker_pipeline::190.921*3.95] mapped 332046 sequences
[M::worker_pipeline::191.526*3.95] mapped 332076 sequences
[M::worker_pipeline::192.130*3.95] mapped 332072 sequences
[M::worker_pipeline::192.720*3.95] mapped 332150 sequences
[M::worker_pipeline::193.344*3.95] mapped 332112 sequences
[M::worker_pipeline::193.964*3.95] mapped 332162 sequences
[M::worker_pipeline::194.546*3.95] mapped 332190 sequences
[M::worker_pipeline::195.182*3.96] mapped 332194 sequences
[M::worker_pipeline::195.779*3.96] mapped 332184 sequences
[M::worker_pipeline::196.375*3.96] mapped 332164 sequences
[M::worker_pipeline::196.996*3.96] mapped 332238 sequences
[M::worker_pipeline::197.562*3.96] mapped 332288 sequences
[M::worker_pipeline::198.171*3.96] mapped 332300 sequences
[M::worker_pipeline::198.819*3.96] mapped 332296 sequences
[M::worker_pipeline::203.887*3.89] mapped 332312 sequences
[M::worker_pipeline::204.074*3.89] mapped 332312 sequences
[M::worker_pipeline::204.253*3.89] mapped 332216 sequences
[M::worker_pipeline::204.766*3.89] mapped 332112 sequences
[M::worker_pipeline::205.365*3.89] mapped 332048 sequences
[M::worker_pipeline::205.975*3.89] mapped 332006 sequences
[M::worker_pipeline::206.561*3.89] mapped 332008 sequences
[M::worker_pipeline::207.150*3.89] mapped 332048 sequences
[M::worker_pipeline::207.714*3.90] mapped 332106 sequences
[M::worker_pipeline::208.285*3.90] mapped 332784 sequences
[M::worker_pipeline::208.922*3.90] mapped 332430 sequences
[M::worker_pipeline::209.550*3.90] mapped 332374 sequences
[M::worker_pipeline::210.123*3.90] mapped 332370 sequences
[M::worker_pipeline::210.764*3.90] mapped 332312 sequences
[M::worker_pipeline::211.359*3.90] mapped 332254 sequences
[M::worker_pipeline::211.897*3.90] mapped 332216 sequences
[M::worker_pipeline::212.506*3.90] mapped 332182 sequences
[M::worker_pipeline::213.130*3.90] mapped 332128 sequences
[M::worker_pipeline::213.713*3.90] mapped 332132 sequences
[M::worker_pipeline::214.333*3.90] mapped 332132 sequences
[M::worker_pipeline::214.946*3.90] mapped 332176 sequences
[M::worker_pipeline::215.528*3.90] mapped 332130 sequences
[M::worker_pipeline::216.106*3.90] mapped 332146 sequences
[M::worker_pipeline::216.689*3.91] mapped 332182 sequences
[M::worker_pipeline::217.279*3.91] mapped 332252 sequences
[M::worker_pipeline::217.907*3.91] mapped 332192 sequences
[M::worker_pipeline::218.466*3.91] mapped 332166 sequences
[M::worker_pipeline::219.076*3.91] mapped 332124 sequences
[M::worker_pipeline::219.682*3.91] mapped 332168 sequences
[M::worker_pipeline::220.287*3.91] mapped 332114 sequences
[M::worker_pipeline::220.906*3.91] mapped 332078 sequences
[M::worker_pipeline::221.489*3.91] mapped 332058 sequences
[M::worker_pipeline::222.085*3.91] mapped 332040 sequences
[M::worker_pipeline::222.654*3.91] mapped 331982 sequences
[M::worker_pipeline::223.232*3.91] mapped 332036 sequences
[M::worker_pipeline::223.828*3.91] mapped 332038 sequences
[M::worker_pipeline::224.426*3.91] mapped 332014 sequences
[M::worker_pipeline::225.057*3.91] mapped 332008 sequences
[M::worker_pipeline::225.654*3.91] mapped 332036 sequences
[M::worker_pipeline::226.262*3.92] mapped 332034 sequences
[M::worker_pipeline::226.847*3.92] mapped 332014 sequences
[M::worker_pipeline::227.436*3.92] mapped 332008 sequences
[M::worker_pipeline::228.003*3.92] mapped 332004 sequences
[M::worker_pipeline::228.588*3.92] mapped 332008 sequences
[M::worker_pipeline::229.196*3.92] mapped 332002 sequences
[M::worker_pipeline::229.764*3.92] mapped 332050 sequences
[M::worker_pipeline::230.363*3.92] mapped 332112 sequences
[M::worker_pipeline::230.941*3.92] mapped 332060 sequences
[M::worker_pipeline::231.531*3.92] mapped 332052 sequences
[M::worker_pipeline::232.093*3.92] mapped 331980 sequences
[M::worker_pipeline::232.698*3.92] mapped 331984 sequences
[M::worker_pipeline::233.285*3.92] mapped 332070 sequences
[M::worker_pipeline::233.889*3.93] mapped 332004 sequences
[M::worker_pipeline::234.449*3.93] mapped 331974 sequences
[M::worker_pipeline::235.058*3.93] mapped 331976 sequences
[M::worker_pipeline::235.667*3.93] mapped 332036 sequences
[M::worker_pipeline::236.223*3.93] mapped 332062 sequences
[M::worker_pipeline::236.841*3.93] mapped 332100 sequences
[M::worker_pipeline::237.431*3.93] mapped 332062 sequences
[M::worker_pipeline::237.990*3.93] mapped 332088 sequences
[M::worker_pipeline::238.606*3.93] mapped 332150 sequences
[M::worker_pipeline::239.237*3.93] mapped 332164 sequences
[M::worker_pipeline::239.837*3.93] mapped 332176 sequences
[M::worker_pipeline::240.463*3.93] mapped 332202 sequences
[M::worker_pipeline::241.104*3.93] mapped 332116 sequences
[M::worker_pipeline::241.698*3.93] mapped 332236 sequences
[M::worker_pipeline::242.287*3.93] mapped 332054 sequences
[M::worker_pipeline::242.900*3.93] mapped 331998 sequences
[M::worker_pipeline::243.475*3.93] mapped 331982 sequences
[M::worker_pipeline::244.080*3.93] mapped 331992 sequences
[M::worker_pipeline::244.666*3.93] mapped 332010 sequences
[M::worker_pipeline::245.250*3.93] mapped 332046 sequences
[M::worker_pipeline::245.867*3.93] mapped 332662 sequences
[M::worker_pipeline::246.472*3.93] mapped 332468 sequences
[M::worker_pipeline::247.059*3.94] mapped 332360 sequences
[M::worker_pipeline::247.640*3.94] mapped 332292 sequences
[M::worker_pipeline::248.289*3.94] mapped 332292 sequences
[M::worker_pipeline::248.904*3.94] mapped 332216 sequences
[M::worker_pipeline::249.444*3.94] mapped 332110 sequences
[M::worker_pipeline::250.058*3.94] mapped 332144 sequences
[M::worker_pipeline::250.612*3.94] mapped 332086 sequences
[M::worker_pipeline::251.232*3.94] mapped 332078 sequences
[M::worker_pipeline::251.806*3.94] mapped 332112 sequences
[M::worker_pipeline::252.383*3.94] mapped 332052 sequences
[M::worker_pipeline::253.001*3.94] mapped 332050 sequences
[M::worker_pipeline::253.570*3.94] mapped 332096 sequences
[M::worker_pipeline::254.190*3.94] mapped 332114 sequences
[M::worker_pipeline::254.790*3.94] mapped 332108 sequences
[M::worker_pipeline::255.399*3.94] mapped 332048 sequences
[M::worker_pipeline::256.011*3.94] mapped 332442 sequences
[M::worker_pipeline::256.575*3.95] mapped 332038 sequences
[M::worker_pipeline::257.216*3.95] mapped 332042 sequences
[M::worker_pipeline::257.793*3.95] mapped 332046 sequences
[M::worker_pipeline::258.462*3.95] mapped 332008 sequences
[M::worker_pipeline::259.029*3.95] mapped 332002 sequences
[M::worker_pipeline::259.672*3.95] mapped 332086 sequences
[M::worker_pipeline::260.272*3.95] mapped 331990 sequences
[M::worker_pipeline::260.913*3.95] mapped 332008 sequences
[M::worker_pipeline::261.467*3.95] mapped 332008 sequences
[M::worker_pipeline::262.090*3.95] mapped 332006 sequences
[M::worker_pipeline::262.711*3.95] mapped 332034 sequences
[M::worker_pipeline::263.251*3.95] mapped 332034 sequences
[M::worker_pipeline::263.848*3.95] mapped 331988 sequences
[M::worker_pipeline::264.424*3.95] mapped 331994 sequences
[M::worker_pipeline::265.019*3.95] mapped 332030 sequences
[M::worker_pipeline::270.017*3.90] mapped 332016 sequences
[M::worker_pipeline::270.203*3.90] mapped 331998 sequences
[M::worker_pipeline::270.387*3.90] mapped 332122 sequences
[M::worker_pipeline::270.899*3.90] mapped 332218 sequences
[M::worker_pipeline::271.523*3.90] mapped 332268 sequences
[M::worker_pipeline::272.092*3.90] mapped 332218 sequences
[M::worker_pipeline::272.705*3.90] mapped 332314 sequences
[M::worker_pipeline::273.262*3.90] mapped 332040 sequences
[M::worker_pipeline::273.849*3.90] mapped 331998 sequences
[M::worker_pipeline::274.436*3.90] mapped 332026 sequences
[M::worker_pipeline::275.034*3.90] mapped 332028 sequences
[M::worker_pipeline::275.606*3.91] mapped 332046 sequences
[M::worker_pipeline::276.204*3.91] mapped 331978 sequences
[M::worker_pipeline::276.819*3.91] mapped 332014 sequences
[M::worker_pipeline::277.403*3.91] mapped 332090 sequences
[M::worker_pipeline::277.960*3.91] mapped 332098 sequences
[M::worker_pipeline::278.561*3.91] mapped 332082 sequences
[M::worker_pipeline::279.164*3.91] mapped 332094 sequences
[M::worker_pipeline::279.748*3.91] mapped 332132 sequences
[M::worker_pipeline::280.362*3.91] mapped 332138 sequences
[M::worker_pipeline::280.917*3.91] mapped 332142 sequences
[M::worker_pipeline::281.508*3.91] mapped 332162 sequences
[M::worker_pipeline::282.089*3.91] mapped 332152 sequences
[M::worker_pipeline::282.697*3.91] mapped 332150 sequences
[M::worker_pipeline::283.271*3.91] mapped 332136 sequences
[M::worker_pipeline::283.867*3.91] mapped 332012 sequences
[M::worker_pipeline::284.462*3.92] mapped 331986 sequences
[M::worker_pipeline::285.073*3.92] mapped 331988 sequences
[M::worker_pipeline::285.669*3.92] mapped 332004 sequences
[M::worker_pipeline::286.251*3.92] mapped 332056 sequences
[M::worker_pipeline::286.866*3.92] mapped 332552 sequences
[M::worker_pipeline::287.465*3.92] mapped 332586 sequences
[M::worker_pipeline::288.035*3.92] mapped 332536 sequences
[M::worker_pipeline::288.652*3.92] mapped 332396 sequences
[M::worker_pipeline::289.243*3.92] mapped 332398 sequences
[M::worker_pipeline::289.836*3.92] mapped 332354 sequences
[M::worker_pipeline::290.420*3.92] mapped 332354 sequences
[M::worker_pipeline::291.045*3.92] mapped 332316 sequences
[M::worker_pipeline::291.627*3.92] mapped 332262 sequences
[M::worker_pipeline::292.246*3.92] mapped 332240 sequences
[M::worker_pipeline::292.809*3.92] mapped 332228 sequences
[M::worker_pipeline::293.408*3.92] mapped 332160 sequences
[M::worker_pipeline::293.999*3.92] mapped 332234 sequences
[M::worker_pipeline::294.612*3.92] mapped 332210 sequences
[M::worker_pipeline::295.191*3.92] mapped 332238 sequences
[M::worker_pipeline::295.798*3.92] mapped 332286 sequences
[M::worker_pipeline::296.375*3.92] mapped 332302 sequences
[M::worker_pipeline::296.984*3.92] mapped 332438 sequences
[M::worker_pipeline::297.594*3.93] mapped 332220 sequences
[M::worker_pipeline::298.151*3.93] mapped 332214 sequences
[M::worker_pipeline::298.822*3.93] mapped 332216 sequences
[M::worker_pipeline::299.417*3.93] mapped 332178 sequences
[M::worker_pipeline::299.987*3.93] mapped 332134 sequences
[M::worker_pipeline::300.607*3.93] mapped 332158 sequences
[M::worker_pipeline::301.169*3.93] mapped 332128 sequences
[M::worker_pipeline::301.768*3.93] mapped 332090 sequences
[M::worker_pipeline::302.330*3.93] mapped 332068 sequences
[M::worker_pipeline::302.906*3.93] mapped 332076 sequences
[M::worker_pipeline::303.513*3.93] mapped 332086 sequences
[M::worker_pipeline::304.093*3.93] mapped 332130 sequences
[M::worker_pipeline::304.675*3.93] mapped 332106 sequences
[M::worker_pipeline::305.258*3.93] mapped 332052 sequences
[M::worker_pipeline::305.854*3.93] mapped 332068 sequences
[M::worker_pipeline::306.407*3.93] mapped 332092 sequences
[M::worker_pipeline::307.034*3.93] mapped 332190 sequences
[M::worker_pipeline::307.632*3.93] mapped 332402 sequences
[M::worker_pipeline::308.243*3.93] mapped 332492 sequences
[M::worker_pipeline::308.843*3.93] mapped 332414 sequences
[M::worker_pipeline::309.457*3.93] mapped 332422 sequences
[M::worker_pipeline::310.065*3.93] mapped 332326 sequences
[M::worker_pipeline::310.625*3.94] mapped 332086 sequences
[M::worker_pipeline::311.238*3.94] mapped 332010 sequences
[M::worker_pipeline::311.837*3.94] mapped 332060 sequences
[M::worker_pipeline::312.393*3.94] mapped 332024 sequences
[M::worker_pipeline::312.970*3.94] mapped 332080 sequences
[M::worker_pipeline::313.590*3.94] mapped 332056 sequences
[M::worker_pipeline::314.180*3.94] mapped 332054 sequences
[M::worker_pipeline::314.812*3.94] mapped 332068 sequences
[M::worker_pipeline::315.389*3.94] mapped 332114 sequences
[M::worker_pipeline::315.985*3.94] mapped 332096 sequences
[M::worker_pipeline::316.586*3.94] mapped 332082 sequences
[M::worker_pipeline::317.175*3.94] mapped 332156 sequences
[M::worker_pipeline::317.761*3.94] mapped 332086 sequences
[M::worker_pipeline::318.347*3.94] mapped 332106 sequences
[M::worker_pipeline::318.985*3.94] mapped 332108 sequences
[M::worker_pipeline::319.563*3.94] mapped 332094 sequences
[M::worker_pipeline::320.168*3.94] mapped 332048 sequences
[M::worker_pipeline::320.787*3.94] mapped 332044 sequences
[M::worker_pipeline::321.357*3.94] mapped 332032 sequences
[M::worker_pipeline::321.942*3.94] mapped 331964 sequences
[M::worker_pipeline::322.499*3.94] mapped 331952 sequences
[M::worker_pipeline::323.126*3.94] mapped 331996 sequences
[M::worker_pipeline::323.780*3.95] mapped 331990 sequences
[M::worker_pipeline::323.862*3.95] mapped 147452 sequences
[M::main] Version: 2.22-r1101
[M::main] CMD: minimap2 --secondary=no -t 16 -R @RG\tID:snippy\tSM:snippy -ax sr /work/FAC/FBM/DMF/smitri/evomicrocomm/genome_size/data/ct/reference.fasta /work/FAC/FBM/DMF/smitri/evomicrocomm/genome_size/data/T33.4.4/read1.fq.gz /work/FAC/FBM/DMF/smitri/evomicrocomm/genome_size/data/T33.4.4/read2.fq.gz
[M::main] Real time: 323.875 sec; CPU: 1277.670 sec; Peak RSS: 0.521 GB
[bam_sort_core] merging from 64 files and 16 in-memory blocks...
[Sun Oct 17 22:51:30 2021]
Finished job 0.
1 of 1 steps (100%) done
