Building DAG of jobs...
Using shell: /usr/bin/bash
Provided cluster nodes: 100
Job stats:
job        count    min threads    max threads
-------  -------  -------------  -------------
labels        28              1              1
mapping       43             16             16
report        43             16             16
total        114              1             16

Select jobs to execute...

[Sun Oct 17 22:36:40 2021]
rule mapping:
    input: /work/FAC/FBM/DMF/smitri/evomicrocomm/genome_size/data/at/reference.fasta, /work/FAC/FBM/DMF/smitri/evomicrocomm/genome_size/data/T22.3.4/read1.fq.gz, /work/FAC/FBM/DMF/smitri/evomicrocomm/genome_size/data/T22.3.4/read2.fq.gz
    output: /work/FAC/FBM/DMF/smitri/evomicrocomm/genome_size/data/T22.3.4/at/mapped_reads.sorted.bam
    jobid: 125
    wildcards: sample=T22.3.4, strain=at
    threads: 16
    resources: tmpdir=/tmp/2846138

Submitted job 125 with external jobid 'Submitted batch job 2846183'.

[Sun Oct 17 22:36:40 2021]
rule mapping:
    input: /work/FAC/FBM/DMF/smitri/evomicrocomm/genome_size/data/at/reference.fasta, /work/FAC/FBM/DMF/smitri/evomicrocomm/genome_size/data/T11.3.3/read1.fq.gz, /work/FAC/FBM/DMF/smitri/evomicrocomm/genome_size/data/T11.3.3/read2.fq.gz
    output: /work/FAC/FBM/DMF/smitri/evomicrocomm/genome_size/data/T11.3.3/at/mapped_reads.sorted.bam
    jobid: 41
    wildcards: sample=T11.3.3, strain=at
    threads: 16
    resources: tmpdir=/tmp/2846138

Submitted job 41 with external jobid 'Submitted batch job 2846184'.

[Sun Oct 17 22:36:40 2021]
rule labels:
    output: /work/FAC/FBM/DMF/smitri/evomicrocomm/genome_size/data/T11.3.2/at/labels.json
    jobid: 97
    wildcards: sample=T11.3.2, strain=at
    resources: tmpdir=/tmp/2846138

Submitted job 97 with external jobid 'Submitted batch job 2846185'.

[Sun Oct 17 22:36:40 2021]
rule mapping:
    input: /work/FAC/FBM/DMF/smitri/evomicrocomm/genome_size/data/at/reference.fasta, /work/FAC/FBM/DMF/smitri/evomicrocomm/genome_size/data/T44.3.5/read1.fq.gz, /work/FAC/FBM/DMF/smitri/evomicrocomm/genome_size/data/T44.3.5/read2.fq.gz
    output: /work/FAC/FBM/DMF/smitri/evomicrocomm/genome_size/data/T44.3.5/at/mapped_reads.sorted.bam
    jobid: 83
    wildcards: sample=T44.3.5, strain=at
    threads: 16
    resources: tmpdir=/tmp/2846138

Submitted job 83 with external jobid 'Submitted batch job 2846186'.

[Sun Oct 17 22:36:40 2021]
rule labels:
    output: /work/FAC/FBM/DMF/smitri/evomicrocomm/genome_size/data/T22.3.2/at/labels.json
    jobid: 13
    wildcards: sample=T22.3.2, strain=at
    resources: tmpdir=/tmp/2846138

Submitted job 13 with external jobid 'Submitted batch job 2846187'.

[Sun Oct 17 22:36:40 2021]
rule mapping:
    input: /work/FAC/FBM/DMF/smitri/evomicrocomm/genome_size/data/at/reference.fasta, /work/FAC/FBM/DMF/smitri/evomicrocomm/genome_size/data/T22.3.1/read1.fq.gz, /work/FAC/FBM/DMF/smitri/evomicrocomm/genome_size/data/T22.3.1/read2.fq.gz
    output: /work/FAC/FBM/DMF/smitri/evomicrocomm/genome_size/data/T22.3.1/at/mapped_reads.sorted.bam
    jobid: 35
    wildcards: sample=T22.3.1, strain=at
    threads: 16
    resources: tmpdir=/tmp/2846138

Submitted job 35 with external jobid 'Submitted batch job 2846188'.

[Sun Oct 17 22:36:40 2021]
rule labels:
    output: /work/FAC/FBM/DMF/smitri/evomicrocomm/genome_size/data/T22.3.3/at/labels.json
    jobid: 49
    wildcards: sample=T22.3.3, strain=at
    resources: tmpdir=/tmp/2846138

Submitted job 49 with external jobid 'Submitted batch job 2846189'.

[Sun Oct 17 22:36:41 2021]
rule mapping:
    input: /work/FAC/FBM/DMF/smitri/evomicrocomm/genome_size/data/at/reference.fasta, /work/FAC/FBM/DMF/smitri/evomicrocomm/genome_size/data/T11.4.4/read1.fq.gz, /work/FAC/FBM/DMF/smitri/evomicrocomm/genome_size/data/T11.4.4/read2.fq.gz
    output: /work/FAC/FBM/DMF/smitri/evomicrocomm/genome_size/data/T11.4.4/at/mapped_reads.sorted.bam
    jobid: 77
    wildcards: sample=T11.4.4, strain=at
    threads: 16
    resources: tmpdir=/tmp/2846138

Submitted job 77 with external jobid 'Submitted batch job 2846190'.

[Sun Oct 17 22:36:41 2021]
rule mapping:
    input: /work/FAC/FBM/DMF/smitri/evomicrocomm/genome_size/data/at/reference.fasta, /work/FAC/FBM/DMF/smitri/evomicrocomm/genome_size/data/T11.4.1/read1.fq.gz, /work/FAC/FBM/DMF/smitri/evomicrocomm/genome_size/data/T11.4.1/read2.fq.gz
    output: /work/FAC/FBM/DMF/smitri/evomicrocomm/genome_size/data/T11.4.1/at/mapped_reads.sorted.bam
    jobid: 119
    wildcards: sample=T11.4.1, strain=at
    threads: 16
    resources: tmpdir=/tmp/2846138

Submitted job 119 with external jobid 'Submitted batch job 2846191'.

[Sun Oct 17 22:36:41 2021]
rule mapping:
    input: /work/FAC/FBM/DMF/smitri/evomicrocomm/genome_size/data/at/reference.fasta, /work/FAC/FBM/DMF/smitri/evomicrocomm/genome_size/data/T22.4.4/read1.fq.gz, /work/FAC/FBM/DMF/smitri/evomicrocomm/genome_size/data/T22.4.4/read2.fq.gz
    output: /work/FAC/FBM/DMF/smitri/evomicrocomm/genome_size/data/T22.4.4/at/mapped_reads.sorted.bam
    jobid: 56
    wildcards: sample=T22.4.4, strain=at
    threads: 16
    resources: tmpdir=/tmp/2846138

Submitted job 56 with external jobid 'Submitted batch job 2846192'.

[Sun Oct 17 22:36:41 2021]
rule mapping:
    input: /work/FAC/FBM/DMF/smitri/evomicrocomm/genome_size/data/at/reference.fasta, /work/FAC/FBM/DMF/smitri/evomicrocomm/genome_size/data/T22.3.2/read1.fq.gz, /work/FAC/FBM/DMF/smitri/evomicrocomm/genome_size/data/T22.3.2/read2.fq.gz
    output: /work/FAC/FBM/DMF/smitri/evomicrocomm/genome_size/data/T22.3.2/at/mapped_reads.sorted.bam
    jobid: 14
    wildcards: sample=T22.3.2, strain=at
    threads: 16
    resources: tmpdir=/tmp/2846138

Submitted job 14 with external jobid 'Submitted batch job 2846193'.

[Sun Oct 17 22:36:41 2021]
rule mapping:
    input: /work/FAC/FBM/DMF/smitri/evomicrocomm/genome_size/data/at/reference.fasta, /work/FAC/FBM/DMF/smitri/evomicrocomm/genome_size/data/T11.3.2/read1.fq.gz, /work/FAC/FBM/DMF/smitri/evomicrocomm/genome_size/data/T11.3.2/read2.fq.gz
    output: /work/FAC/FBM/DMF/smitri/evomicrocomm/genome_size/data/T11.3.2/at/mapped_reads.sorted.bam
    jobid: 98
    wildcards: sample=T11.3.2, strain=at
    threads: 16
    resources: tmpdir=/tmp/2846138

Submitted job 98 with external jobid 'Submitted batch job 2846194'.

[Sun Oct 17 22:36:41 2021]
rule labels:
    output: /work/FAC/FBM/DMF/smitri/evomicrocomm/genome_size/data/T44.1.1/at/labels.json
    jobid: 22
    wildcards: sample=T44.1.1, strain=at
    resources: tmpdir=/tmp/2846138

Submitted job 22 with external jobid 'Submitted batch job 2846195'.

[Sun Oct 17 22:36:41 2021]
rule labels:
    output: /work/FAC/FBM/DMF/smitri/evomicrocomm/genome_size/data/T33.3.4/at/labels.json
    jobid: 106
    wildcards: sample=T33.3.4, strain=at
    resources: tmpdir=/tmp/2846138

Submitted job 106 with external jobid 'Submitted batch job 2846196'.

[Sun Oct 17 22:36:41 2021]
rule mapping:
    input: /work/FAC/FBM/DMF/smitri/evomicrocomm/genome_size/data/at/reference.fasta, /work/FAC/FBM/DMF/smitri/evomicrocomm/genome_size/data/T22.3.3/read1.fq.gz, /work/FAC/FBM/DMF/smitri/evomicrocomm/genome_size/data/T22.3.3/read2.fq.gz
    output: /work/FAC/FBM/DMF/smitri/evomicrocomm/genome_size/data/T22.3.3/at/mapped_reads.sorted.bam
    jobid: 50
    wildcards: sample=T22.3.3, strain=at
    threads: 16
    resources: tmpdir=/tmp/2846138

Submitted job 50 with external jobid 'Submitted batch job 2846197'.

[Sun Oct 17 22:36:41 2021]
rule mapping:
    input: /work/FAC/FBM/DMF/smitri/evomicrocomm/genome_size/data/at/reference.fasta, /work/FAC/FBM/DMF/smitri/evomicrocomm/genome_size/data/T22.4.1/read1.fq.gz, /work/FAC/FBM/DMF/smitri/evomicrocomm/genome_size/data/T22.4.1/read2.fq.gz
    output: /work/FAC/FBM/DMF/smitri/evomicrocomm/genome_size/data/T22.4.1/at/mapped_reads.sorted.bam
    jobid: 134
    wildcards: sample=T22.4.1, strain=at
    threads: 16
    resources: tmpdir=/tmp/2846138

Submitted job 134 with external jobid 'Submitted batch job 2846198'.

[Sun Oct 17 22:36:41 2021]
rule labels:
    output: /work/FAC/FBM/DMF/smitri/evomicrocomm/genome_size/data/T11.3.4/at/labels.json
    jobid: 64
    wildcards: sample=T11.3.4, strain=at
    resources: tmpdir=/tmp/2846138

Submitted job 64 with external jobid 'Submitted batch job 2846199'.

[Sun Oct 17 22:36:41 2021]
rule mapping:
    input: /work/FAC/FBM/DMF/smitri/evomicrocomm/genome_size/data/at/reference.fasta, /work/FAC/FBM/DMF/smitri/evomicrocomm/genome_size/data/T33.4.3.rep/read1.fq.gz, /work/FAC/FBM/DMF/smitri/evomicrocomm/genome_size/data/T33.4.3.rep/read2.fq.gz
    output: /work/FAC/FBM/DMF/smitri/evomicrocomm/genome_size/data/T33.4.3.rep/at/mapped_reads.sorted.bam
    jobid: 8
    wildcards: sample=T33.4.3.rep, strain=at
    threads: 16
    resources: tmpdir=/tmp/2846138

Submitted job 8 with external jobid 'Submitted batch job 2846200'.

[Sun Oct 17 22:36:41 2021]
rule mapping:
    input: /work/FAC/FBM/DMF/smitri/evomicrocomm/genome_size/data/at/reference.fasta, /work/FAC/FBM/DMF/smitri/evomicrocomm/genome_size/data/T33.4.2/read1.fq.gz, /work/FAC/FBM/DMF/smitri/evomicrocomm/genome_size/data/T33.4.2/read2.fq.gz
    output: /work/FAC/FBM/DMF/smitri/evomicrocomm/genome_size/data/T33.4.2/at/mapped_reads.sorted.bam
    jobid: 29
    wildcards: sample=T33.4.2, strain=at
    threads: 16
    resources: tmpdir=/tmp/2846138

Submitted job 29 with external jobid 'Submitted batch job 2846201'.

[Sun Oct 17 22:36:41 2021]
rule mapping:
    input: /work/FAC/FBM/DMF/smitri/evomicrocomm/genome_size/data/at/reference.fasta, /work/FAC/FBM/DMF/smitri/evomicrocomm/genome_size/data/T33.3.5/read1.fq.gz, /work/FAC/FBM/DMF/smitri/evomicrocomm/genome_size/data/T33.3.5/read2.fq.gz
    output: /work/FAC/FBM/DMF/smitri/evomicrocomm/genome_size/data/T33.3.5/at/mapped_reads.sorted.bam
    jobid: 2
    wildcards: sample=T33.3.5, strain=at
    threads: 16
    resources: tmpdir=/tmp/2846138

Submitted job 2 with external jobid 'Submitted batch job 2846202'.

[Sun Oct 17 22:36:41 2021]
rule mapping:
    input: /work/FAC/FBM/DMF/smitri/evomicrocomm/genome_size/data/at/reference.fasta, /work/FAC/FBM/DMF/smitri/evomicrocomm/genome_size/data/T11.3.4/read1.fq.gz, /work/FAC/FBM/DMF/smitri/evomicrocomm/genome_size/data/T11.3.4/read2.fq.gz
    output: /work/FAC/FBM/DMF/smitri/evomicrocomm/genome_size/data/T11.3.4/at/mapped_reads.sorted.bam
    jobid: 65
    wildcards: sample=T11.3.4, strain=at
    threads: 16
    resources: tmpdir=/tmp/2846138

Submitted job 65 with external jobid 'Submitted batch job 2846203'.

[Sun Oct 17 22:36:41 2021]
rule mapping:
    input: /work/FAC/FBM/DMF/smitri/evomicrocomm/genome_size/data/at/reference.fasta, /work/FAC/FBM/DMF/smitri/evomicrocomm/genome_size/data/T44.1.1/read1.fq.gz, /work/FAC/FBM/DMF/smitri/evomicrocomm/genome_size/data/T44.1.1/read2.fq.gz
    output: /work/FAC/FBM/DMF/smitri/evomicrocomm/genome_size/data/T44.1.1/at/mapped_reads.sorted.bam
    jobid: 23
    wildcards: sample=T44.1.1, strain=at
    threads: 16
    resources: tmpdir=/tmp/2846138

Submitted job 23 with external jobid 'Submitted batch job 2846204'.

[Sun Oct 17 22:36:41 2021]
rule labels:
    output: /work/FAC/FBM/DMF/smitri/evomicrocomm/genome_size/data/T44.3.2/at/labels.json
    jobid: 79
    wildcards: sample=T44.3.2, strain=at
    resources: tmpdir=/tmp/2846138

Submitted job 79 with external jobid 'Submitted batch job 2846205'.

[Sun Oct 17 22:36:41 2021]
rule mapping:
    input: /work/FAC/FBM/DMF/smitri/evomicrocomm/genome_size/data/at/reference.fasta, /work/FAC/FBM/DMF/smitri/evomicrocomm/genome_size/data/T33.3.4/read1.fq.gz, /work/FAC/FBM/DMF/smitri/evomicrocomm/genome_size/data/T33.3.4/read2.fq.gz
    output: /work/FAC/FBM/DMF/smitri/evomicrocomm/genome_size/data/T33.3.4/at/mapped_reads.sorted.bam
    jobid: 107
    wildcards: sample=T33.3.4, strain=at
    threads: 16
    resources: tmpdir=/tmp/2846138

Submitted job 107 with external jobid 'Submitted batch job 2846206'.

[Sun Oct 17 22:36:41 2021]
rule labels:
    output: /work/FAC/FBM/DMF/smitri/evomicrocomm/genome_size/data/T11.1.2/at/labels.json
    jobid: 121
    wildcards: sample=T11.1.2, strain=at
    resources: tmpdir=/tmp/2846138

Submitted job 121 with external jobid 'Submitted batch job 2846207'.

[Sun Oct 17 22:36:41 2021]
rule labels:
    output: /work/FAC/FBM/DMF/smitri/evomicrocomm/genome_size/data/T33.3.1/at/labels.json
    jobid: 58
    wildcards: sample=T33.3.1, strain=at
    resources: tmpdir=/tmp/2846138

Submitted job 58 with external jobid 'Submitted batch job 2846208'.

[Sun Oct 17 22:36:41 2021]
rule mapping:
    input: /work/FAC/FBM/DMF/smitri/evomicrocomm/genome_size/data/at/reference.fasta, /work/FAC/FBM/DMF/smitri/evomicrocomm/genome_size/data/T11.4.3/read1.fq.gz, /work/FAC/FBM/DMF/smitri/evomicrocomm/genome_size/data/T11.4.3/read2.fq.gz
    output: /work/FAC/FBM/DMF/smitri/evomicrocomm/genome_size/data/T11.4.3/at/mapped_reads.sorted.bam
    jobid: 128
    wildcards: sample=T11.4.3, strain=at
    threads: 16
    resources: tmpdir=/tmp/2846138

Submitted job 128 with external jobid 'Submitted batch job 2846209'.

[Sun Oct 17 22:36:41 2021]
rule mapping:
    input: /work/FAC/FBM/DMF/smitri/evomicrocomm/genome_size/data/at/reference.fasta, /work/FAC/FBM/DMF/smitri/evomicrocomm/genome_size/data/T33.4.4/read1.fq.gz, /work/FAC/FBM/DMF/smitri/evomicrocomm/genome_size/data/T33.4.4/read2.fq.gz
    output: /work/FAC/FBM/DMF/smitri/evomicrocomm/genome_size/data/T33.4.4/at/mapped_reads.sorted.bam
    jobid: 44
    wildcards: sample=T33.4.4, strain=at
    threads: 16
    resources: tmpdir=/tmp/2846138

Submitted job 44 with external jobid 'Submitted batch job 2846210'.

[Sun Oct 17 22:36:41 2021]
rule labels:
    output: /work/FAC/FBM/DMF/smitri/evomicrocomm/genome_size/data/T33.3.5/at/labels.json
    jobid: 1
    wildcards: sample=T33.3.5, strain=at
    resources: tmpdir=/tmp/2846138

Submitted job 1 with external jobid 'Submitted batch job 2846211'.

[Sun Oct 17 22:36:41 2021]
rule labels:
    output: /work/FAC/FBM/DMF/smitri/evomicrocomm/genome_size/data/T33.3.2/at/labels.json
    jobid: 16
    wildcards: sample=T33.3.2, strain=at
    resources: tmpdir=/tmp/2846138

Submitted job 16 with external jobid 'Submitted batch job 2846212'.

[Sun Oct 17 22:36:41 2021]
rule labels:
    output: /work/FAC/FBM/DMF/smitri/evomicrocomm/genome_size/data/T44.3.1/at/labels.json
    jobid: 100
    wildcards: sample=T44.3.1, strain=at
    resources: tmpdir=/tmp/2846138

Submitted job 100 with external jobid 'Submitted batch job 2846213'.

[Sun Oct 17 22:36:41 2021]
rule labels:
    output: /work/FAC/FBM/DMF/smitri/evomicrocomm/genome_size/data/T44.3.3.rep/at/labels.json
    jobid: 142
    wildcards: sample=T44.3.3.rep, strain=at
    resources: tmpdir=/tmp/2846138

Submitted job 142 with external jobid 'Submitted batch job 2846214'.

[Sun Oct 17 22:36:41 2021]
rule mapping:
    input: /work/FAC/FBM/DMF/smitri/evomicrocomm/genome_size/data/at/reference.fasta, /work/FAC/FBM/DMF/smitri/evomicrocomm/genome_size/data/T33.4.5/read1.fq.gz, /work/FAC/FBM/DMF/smitri/evomicrocomm/genome_size/data/T33.4.5/read2.fq.gz
    output: /work/FAC/FBM/DMF/smitri/evomicrocomm/genome_size/data/T33.4.5/at/mapped_reads.sorted.bam
    jobid: 38
    wildcards: sample=T33.4.5, strain=at
    threads: 16
    resources: tmpdir=/tmp/2846138

Submitted job 38 with external jobid 'Submitted batch job 2846215'.

[Sun Oct 17 22:36:41 2021]
rule labels:
    output: /work/FAC/FBM/DMF/smitri/evomicrocomm/genome_size/data/T33.1.1/at/labels.json
    jobid: 136
    wildcards: sample=T33.1.1, strain=at
    resources: tmpdir=/tmp/2846138

Submitted job 136 with external jobid 'Submitted batch job 2846216'.

[Sun Oct 17 22:36:41 2021]
rule mapping:
    input: /work/FAC/FBM/DMF/smitri/evomicrocomm/genome_size/data/at/reference.fasta, /work/FAC/FBM/DMF/smitri/evomicrocomm/genome_size/data/T44.3.2/read1.fq.gz, /work/FAC/FBM/DMF/smitri/evomicrocomm/genome_size/data/T44.3.2/read2.fq.gz
    output: /work/FAC/FBM/DMF/smitri/evomicrocomm/genome_size/data/T44.3.2/at/mapped_reads.sorted.bam
    jobid: 80
    wildcards: sample=T44.3.2, strain=at
    threads: 16
    resources: tmpdir=/tmp/2846138

Submitted job 80 with external jobid 'Submitted batch job 2846217'.

[Sun Oct 17 22:36:41 2021]
rule labels:
    output: /work/FAC/FBM/DMF/smitri/evomicrocomm/genome_size/data/T22.3.5/at/labels.json
    jobid: 94
    wildcards: sample=T22.3.5, strain=at
    resources: tmpdir=/tmp/2846138

Submitted job 94 with external jobid 'Submitted batch job 2846218'.

[Sun Oct 17 22:36:41 2021]
rule mapping:
    input: /work/FAC/FBM/DMF/smitri/evomicrocomm/genome_size/data/at/reference.fasta, /work/FAC/FBM/DMF/smitri/evomicrocomm/genome_size/data/T11.1.2/read1.fq.gz, /work/FAC/FBM/DMF/smitri/evomicrocomm/genome_size/data/T11.1.2/read2.fq.gz
    output: /work/FAC/FBM/DMF/smitri/evomicrocomm/genome_size/data/T11.1.2/at/mapped_reads.sorted.bam
    jobid: 122
    wildcards: sample=T11.1.2, strain=at
    threads: 16
    resources: tmpdir=/tmp/2846138

Submitted job 122 with external jobid 'Submitted batch job 2846219'.

[Sun Oct 17 22:36:41 2021]
rule mapping:
    input: /work/FAC/FBM/DMF/smitri/evomicrocomm/genome_size/data/at/reference.fasta, /work/FAC/FBM/DMF/smitri/evomicrocomm/genome_size/data/T22.4.5/read1.fq.gz, /work/FAC/FBM/DMF/smitri/evomicrocomm/genome_size/data/T22.4.5/read2.fq.gz
    output: /work/FAC/FBM/DMF/smitri/evomicrocomm/genome_size/data/T22.4.5/at/mapped_reads.sorted.bam
    jobid: 62
    wildcards: sample=T22.4.5, strain=at
    threads: 16
    resources: tmpdir=/tmp/2846138

Submitted job 62 with external jobid 'Submitted batch job 2846220'.

[Sun Oct 17 22:36:41 2021]
rule mapping:
    input: /work/FAC/FBM/DMF/smitri/evomicrocomm/genome_size/data/at/reference.fasta, /work/FAC/FBM/DMF/smitri/evomicrocomm/genome_size/data/T33.3.1/read1.fq.gz, /work/FAC/FBM/DMF/smitri/evomicrocomm/genome_size/data/T33.3.1/read2.fq.gz
    output: /work/FAC/FBM/DMF/smitri/evomicrocomm/genome_size/data/T33.3.1/at/mapped_reads.sorted.bam
    jobid: 59
    wildcards: sample=T33.3.1, strain=at
    threads: 16
    resources: tmpdir=/tmp/2846138

Submitted job 59 with external jobid 'Submitted batch job 2846221'.

[Sun Oct 17 22:36:41 2021]
rule mapping:
    input: /work/FAC/FBM/DMF/smitri/evomicrocomm/genome_size/data/at/reference.fasta, /work/FAC/FBM/DMF/smitri/evomicrocomm/genome_size/data/T33.3.2/read1.fq.gz, /work/FAC/FBM/DMF/smitri/evomicrocomm/genome_size/data/T33.3.2/read2.fq.gz
    output: /work/FAC/FBM/DMF/smitri/evomicrocomm/genome_size/data/T33.3.2/at/mapped_reads.sorted.bam
    jobid: 17
    wildcards: sample=T33.3.2, strain=at
    threads: 16
    resources: tmpdir=/tmp/2846138

Submitted job 17 with external jobid 'Submitted batch job 2846222'.

[Sun Oct 17 22:36:41 2021]
rule mapping:
    input: /work/FAC/FBM/DMF/smitri/evomicrocomm/genome_size/data/at/reference.fasta, /work/FAC/FBM/DMF/smitri/evomicrocomm/genome_size/data/T44.3.1/read1.fq.gz, /work/FAC/FBM/DMF/smitri/evomicrocomm/genome_size/data/T44.3.1/read2.fq.gz
    output: /work/FAC/FBM/DMF/smitri/evomicrocomm/genome_size/data/T44.3.1/at/mapped_reads.sorted.bam
    jobid: 101
    wildcards: sample=T44.3.1, strain=at
    threads: 16
    resources: tmpdir=/tmp/2846138

Submitted job 101 with external jobid 'Submitted batch job 2846223'.

[Sun Oct 17 22:36:41 2021]
rule labels:
    output: /work/FAC/FBM/DMF/smitri/evomicrocomm/genome_size/data/T33.1.2/at/labels.json
    jobid: 115
    wildcards: sample=T33.1.2, strain=at
    resources: tmpdir=/tmp/2846138

Submitted job 115 with external jobid 'Submitted batch job 2846224'.

[Sun Oct 17 22:36:41 2021]
rule mapping:
    input: /work/FAC/FBM/DMF/smitri/evomicrocomm/genome_size/data/at/reference.fasta, /work/FAC/FBM/DMF/smitri/evomicrocomm/genome_size/data/T44.3.3.rep/read1.fq.gz, /work/FAC/FBM/DMF/smitri/evomicrocomm/genome_size/data/T44.3.3.rep/read2.fq.gz
    output: /work/FAC/FBM/DMF/smitri/evomicrocomm/genome_size/data/T44.3.3.rep/at/mapped_reads.sorted.bam
    jobid: 143
    wildcards: sample=T44.3.3.rep, strain=at
    threads: 16
    resources: tmpdir=/tmp/2846138

Submitted job 143 with external jobid 'Submitted batch job 2846225'.

[Sun Oct 17 22:36:41 2021]
rule mapping:
    input: /work/FAC/FBM/DMF/smitri/evomicrocomm/genome_size/data/at/reference.fasta, /work/FAC/FBM/DMF/smitri/evomicrocomm/genome_size/data/T33.4.1/read1.fq.gz, /work/FAC/FBM/DMF/smitri/evomicrocomm/genome_size/data/T33.4.1/read2.fq.gz
    output: /work/FAC/FBM/DMF/smitri/evomicrocomm/genome_size/data/T33.4.1/at/mapped_reads.sorted.bam
    jobid: 53
    wildcards: sample=T33.4.1, strain=at
    threads: 16
    resources: tmpdir=/tmp/2846138

Submitted job 53 with external jobid 'Submitted batch job 2846226'.

[Sun Oct 17 22:36:41 2021]
rule labels:
    output: /work/FAC/FBM/DMF/smitri/evomicrocomm/genome_size/data/T44.1.2/at/labels.json
    jobid: 67
    wildcards: sample=T44.1.2, strain=at
    resources: tmpdir=/tmp/2846138

Submitted job 67 with external jobid 'Submitted batch job 2846227'.

[Sun Oct 17 22:36:41 2021]
rule mapping:
    input: /work/FAC/FBM/DMF/smitri/evomicrocomm/genome_size/data/at/reference.fasta, /work/FAC/FBM/DMF/smitri/evomicrocomm/genome_size/data/T33.1.1/read1.fq.gz, /work/FAC/FBM/DMF/smitri/evomicrocomm/genome_size/data/T33.1.1/read2.fq.gz
    output: /work/FAC/FBM/DMF/smitri/evomicrocomm/genome_size/data/T33.1.1/at/mapped_reads.sorted.bam
    jobid: 137
    wildcards: sample=T33.1.1, strain=at
    threads: 16
    resources: tmpdir=/tmp/2846138

Submitted job 137 with external jobid 'Submitted batch job 2846228'.

[Sun Oct 17 22:36:41 2021]
rule mapping:
    input: /work/FAC/FBM/DMF/smitri/evomicrocomm/genome_size/data/at/reference.fasta, /work/FAC/FBM/DMF/smitri/evomicrocomm/genome_size/data/T11.4.2/read1.fq.gz, /work/FAC/FBM/DMF/smitri/evomicrocomm/genome_size/data/T11.4.2/read2.fq.gz
    output: /work/FAC/FBM/DMF/smitri/evomicrocomm/genome_size/data/T11.4.2/at/mapped_reads.sorted.bam
    jobid: 11
    wildcards: sample=T11.4.2, strain=at
    threads: 16
    resources: tmpdir=/tmp/2846138

Submitted job 11 with external jobid 'Submitted batch job 2846229'.

[Sun Oct 17 22:36:41 2021]
rule labels:
    output: /work/FAC/FBM/DMF/smitri/evomicrocomm/genome_size/data/T11.1.1/at/labels.json
    jobid: 25
    wildcards: sample=T11.1.1, strain=at
    resources: tmpdir=/tmp/2846138

Submitted job 25 with external jobid 'Submitted batch job 2846230'.

[Sun Oct 17 22:36:41 2021]
rule mapping:
    input: /work/FAC/FBM/DMF/smitri/evomicrocomm/genome_size/data/at/reference.fasta, /work/FAC/FBM/DMF/smitri/evomicrocomm/genome_size/data/T22.3.5/read1.fq.gz, /work/FAC/FBM/DMF/smitri/evomicrocomm/genome_size/data/T22.3.5/read2.fq.gz
    output: /work/FAC/FBM/DMF/smitri/evomicrocomm/genome_size/data/T22.3.5/at/mapped_reads.sorted.bam
    jobid: 95
    wildcards: sample=T22.3.5, strain=at
    threads: 16
    resources: tmpdir=/tmp/2846138

Submitted job 95 with external jobid 'Submitted batch job 2846231'.

[Sun Oct 17 22:36:41 2021]
rule mapping:
    input: /work/FAC/FBM/DMF/smitri/evomicrocomm/genome_size/data/at/reference.fasta, /work/FAC/FBM/DMF/smitri/evomicrocomm/genome_size/data/T33.3.3/read1.fq.gz, /work/FAC/FBM/DMF/smitri/evomicrocomm/genome_size/data/T33.3.3/read2.fq.gz
    output: /work/FAC/FBM/DMF/smitri/evomicrocomm/genome_size/data/T33.3.3/at/mapped_reads.sorted.bam
    jobid: 20
    wildcards: sample=T33.3.3, strain=at
    threads: 16
    resources: tmpdir=/tmp/2846138

Submitted job 20 with external jobid 'Submitted batch job 2846232'.

[Sun Oct 17 22:36:41 2021]
rule labels:
    output: /work/FAC/FBM/DMF/smitri/evomicrocomm/genome_size/data/T22.1.1/at/labels.json
    jobid: 46
    wildcards: sample=T22.1.1, strain=at
    resources: tmpdir=/tmp/2846138

Submitted job 46 with external jobid 'Submitted batch job 2846233'.

[Sun Oct 17 22:36:41 2021]
rule labels:
    output: /work/FAC/FBM/DMF/smitri/evomicrocomm/genome_size/data/T44.3.4/at/labels.json
    jobid: 130
    wildcards: sample=T44.3.4, strain=at
    resources: tmpdir=/tmp/2846138

Submitted job 130 with external jobid 'Submitted batch job 2846234'.

[Sun Oct 17 22:36:41 2021]
rule mapping:
    input: /work/FAC/FBM/DMF/smitri/evomicrocomm/genome_size/data/at/reference.fasta, /work/FAC/FBM/DMF/smitri/evomicrocomm/genome_size/data/T11.4.5/read1.fq.gz, /work/FAC/FBM/DMF/smitri/evomicrocomm/genome_size/data/T11.4.5/read2.fq.gz
    output: /work/FAC/FBM/DMF/smitri/evomicrocomm/genome_size/data/T11.4.5/at/mapped_reads.sorted.bam
    jobid: 32
    wildcards: sample=T11.4.5, strain=at
    threads: 16
    resources: tmpdir=/tmp/2846138

Submitted job 32 with external jobid 'Submitted batch job 2846235'.

[Sun Oct 17 22:36:41 2021]
rule labels:
    output: /work/FAC/FBM/DMF/smitri/evomicrocomm/genome_size/data/T11.3.5/at/labels.json
    jobid: 4
    wildcards: sample=T11.3.5, strain=at
    resources: tmpdir=/tmp/2846138

Submitted job 4 with external jobid 'Submitted batch job 2846236'.

[Sun Oct 17 22:36:41 2021]
rule mapping:
    input: /work/FAC/FBM/DMF/smitri/evomicrocomm/genome_size/data/at/reference.fasta, /work/FAC/FBM/DMF/smitri/evomicrocomm/genome_size/data/T22.4.2/read1.fq.gz, /work/FAC/FBM/DMF/smitri/evomicrocomm/genome_size/data/T22.4.2/read2.fq.gz
    output: /work/FAC/FBM/DMF/smitri/evomicrocomm/genome_size/data/T22.4.2/at/mapped_reads.sorted.bam
    jobid: 74
    wildcards: sample=T22.4.2, strain=at
    threads: 16
    resources: tmpdir=/tmp/2846138

Submitted job 74 with external jobid 'Submitted batch job 2846237'.

[Sun Oct 17 22:36:41 2021]
rule labels:
    output: /work/FAC/FBM/DMF/smitri/evomicrocomm/genome_size/data/T11.3.1/at/labels.json
    jobid: 88
    wildcards: sample=T11.3.1, strain=at
    resources: tmpdir=/tmp/2846138

Submitted job 88 with external jobid 'Submitted batch job 2846238'.

[Sun Oct 17 22:36:41 2021]
rule mapping:
    input: /work/FAC/FBM/DMF/smitri/evomicrocomm/genome_size/data/at/reference.fasta, /work/FAC/FBM/DMF/smitri/evomicrocomm/genome_size/data/T33.1.2/read1.fq.gz, /work/FAC/FBM/DMF/smitri/evomicrocomm/genome_size/data/T33.1.2/read2.fq.gz
    output: /work/FAC/FBM/DMF/smitri/evomicrocomm/genome_size/data/T33.1.2/at/mapped_reads.sorted.bam
    jobid: 116
    wildcards: sample=T33.1.2, strain=at
    threads: 16
    resources: tmpdir=/tmp/2846138

Submitted job 116 with external jobid 'Submitted batch job 2846239'.

[Sun Oct 17 22:36:41 2021]
rule labels:
    output: /work/FAC/FBM/DMF/smitri/evomicrocomm/genome_size/data/T11.3.3/at/labels.json
    jobid: 40
    wildcards: sample=T11.3.3, strain=at
    resources: tmpdir=/tmp/2846138

Submitted job 40 with external jobid 'Submitted batch job 2846240'.

[Sun Oct 17 22:36:41 2021]
rule mapping:
    input: /work/FAC/FBM/DMF/smitri/evomicrocomm/genome_size/data/at/reference.fasta, /work/FAC/FBM/DMF/smitri/evomicrocomm/genome_size/data/T44.1.2/read1.fq.gz, /work/FAC/FBM/DMF/smitri/evomicrocomm/genome_size/data/T44.1.2/read2.fq.gz
    output: /work/FAC/FBM/DMF/smitri/evomicrocomm/genome_size/data/T44.1.2/at/mapped_reads.sorted.bam
    jobid: 68
    wildcards: sample=T44.1.2, strain=at
    threads: 16
    resources: tmpdir=/tmp/2846138

Submitted job 68 with external jobid 'Submitted batch job 2846241'.

[Sun Oct 17 22:36:41 2021]
rule mapping:
    input: /work/FAC/FBM/DMF/smitri/evomicrocomm/genome_size/data/at/reference.fasta, /work/FAC/FBM/DMF/smitri/evomicrocomm/genome_size/data/T11.1.1/read1.fq.gz, /work/FAC/FBM/DMF/smitri/evomicrocomm/genome_size/data/T11.1.1/read2.fq.gz
    output: /work/FAC/FBM/DMF/smitri/evomicrocomm/genome_size/data/T11.1.1/at/mapped_reads.sorted.bam
    jobid: 26
    wildcards: sample=T11.1.1, strain=at
    threads: 16
    resources: tmpdir=/tmp/2846138

Submitted job 26 with external jobid 'Submitted batch job 2846242'.

[Sun Oct 17 22:36:41 2021]
rule labels:
    output: /work/FAC/FBM/DMF/smitri/evomicrocomm/genome_size/data/T44.3.5/at/labels.json
    jobid: 82
    wildcards: sample=T44.3.5, strain=at
    resources: tmpdir=/tmp/2846138

Submitted job 82 with external jobid 'Submitted batch job 2846243'.

[Sun Oct 17 22:36:41 2021]
rule mapping:
    input: /work/FAC/FBM/DMF/smitri/evomicrocomm/genome_size/data/at/reference.fasta, /work/FAC/FBM/DMF/smitri/evomicrocomm/genome_size/data/T22.4.3/read1.fq.gz, /work/FAC/FBM/DMF/smitri/evomicrocomm/genome_size/data/T22.4.3/read2.fq.gz
    output: /work/FAC/FBM/DMF/smitri/evomicrocomm/genome_size/data/T22.4.3/at/mapped_reads.sorted.bam
    jobid: 110
    wildcards: sample=T22.4.3, strain=at
    threads: 16
    resources: tmpdir=/tmp/2846138

Submitted job 110 with external jobid 'Submitted batch job 2846244'.

[Sun Oct 17 22:36:41 2021]
rule labels:
    output: /work/FAC/FBM/DMF/smitri/evomicrocomm/genome_size/data/T22.3.4/at/labels.json
    jobid: 124
    wildcards: sample=T22.3.4, strain=at
    resources: tmpdir=/tmp/2846138

Submitted job 124 with external jobid 'Submitted batch job 2846245'.

[Sun Oct 17 22:36:41 2021]
rule mapping:
    input: /work/FAC/FBM/DMF/smitri/evomicrocomm/genome_size/data/at/reference.fasta, /work/FAC/FBM/DMF/smitri/evomicrocomm/genome_size/data/T22.1.1/read1.fq.gz, /work/FAC/FBM/DMF/smitri/evomicrocomm/genome_size/data/T22.1.1/read2.fq.gz
    output: /work/FAC/FBM/DMF/smitri/evomicrocomm/genome_size/data/T22.1.1/at/mapped_reads.sorted.bam
    jobid: 47
    wildcards: sample=T22.1.1, strain=at
    threads: 16
    resources: tmpdir=/tmp/2846138

Submitted job 47 with external jobid 'Submitted batch job 2846246'.

[Sun Oct 17 22:36:42 2021]
rule mapping:
    input: /work/FAC/FBM/DMF/smitri/evomicrocomm/genome_size/data/at/reference.fasta, /work/FAC/FBM/DMF/smitri/evomicrocomm/genome_size/data/T44.3.4/read1.fq.gz, /work/FAC/FBM/DMF/smitri/evomicrocomm/genome_size/data/T44.3.4/read2.fq.gz
    output: /work/FAC/FBM/DMF/smitri/evomicrocomm/genome_size/data/T44.3.4/at/mapped_reads.sorted.bam
    jobid: 131
    wildcards: sample=T44.3.4, strain=at
    threads: 16
    resources: tmpdir=/tmp/2846138

Submitted job 131 with external jobid 'Submitted batch job 2846247'.

[Sun Oct 17 22:36:42 2021]
rule mapping:
    input: /work/FAC/FBM/DMF/smitri/evomicrocomm/genome_size/data/at/reference.fasta, /work/FAC/FBM/DMF/smitri/evomicrocomm/genome_size/data/T11.3.5/read1.fq.gz, /work/FAC/FBM/DMF/smitri/evomicrocomm/genome_size/data/T11.3.5/read2.fq.gz
    output: /work/FAC/FBM/DMF/smitri/evomicrocomm/genome_size/data/T11.3.5/at/mapped_reads.sorted.bam
    jobid: 5
    wildcards: sample=T11.3.5, strain=at
    threads: 16
    resources: tmpdir=/tmp/2846138

Submitted job 5 with external jobid 'Submitted batch job 2846248'.

[Sun Oct 17 22:36:42 2021]
rule labels:
    output: /work/FAC/FBM/DMF/smitri/evomicrocomm/genome_size/data/T33.3.3/at/labels.json
    jobid: 19
    wildcards: sample=T33.3.3, strain=at
    resources: tmpdir=/tmp/2846138

Submitted job 19 with external jobid 'Submitted batch job 2846249'.

[Sun Oct 17 22:36:42 2021]
rule mapping:
    input: /work/FAC/FBM/DMF/smitri/evomicrocomm/genome_size/data/at/reference.fasta, /work/FAC/FBM/DMF/smitri/evomicrocomm/genome_size/data/T11.3.1/read1.fq.gz, /work/FAC/FBM/DMF/smitri/evomicrocomm/genome_size/data/T11.3.1/read2.fq.gz
    output: /work/FAC/FBM/DMF/smitri/evomicrocomm/genome_size/data/T11.3.1/at/mapped_reads.sorted.bam
    jobid: 89
    wildcards: sample=T11.3.1, strain=at
    threads: 16
    resources: tmpdir=/tmp/2846138

Submitted job 89 with external jobid 'Submitted batch job 2846250'.

[Sun Oct 17 22:36:42 2021]
rule labels:
    output: /work/FAC/FBM/DMF/smitri/evomicrocomm/genome_size/data/T22.1.2/at/labels.json
    jobid: 103
    wildcards: sample=T22.1.2, strain=at
    resources: tmpdir=/tmp/2846138

Submitted job 103 with external jobid 'Submitted batch job 2846251'.

[Sun Oct 17 22:36:42 2021]
rule mapping:
    input: /work/FAC/FBM/DMF/smitri/evomicrocomm/genome_size/data/at/reference.fasta, /work/FAC/FBM/DMF/smitri/evomicrocomm/genome_size/data/T22.1.2/read1.fq.gz, /work/FAC/FBM/DMF/smitri/evomicrocomm/genome_size/data/T22.1.2/read2.fq.gz
    output: /work/FAC/FBM/DMF/smitri/evomicrocomm/genome_size/data/T22.1.2/at/mapped_reads.sorted.bam
    jobid: 104
    wildcards: sample=T22.1.2, strain=at
    threads: 16
    resources: tmpdir=/tmp/2846138

Submitted job 104 with external jobid 'Submitted batch job 2846252'.

[Sun Oct 17 22:36:42 2021]
rule labels:
    output: /work/FAC/FBM/DMF/smitri/evomicrocomm/genome_size/data/T22.3.1/at/labels.json
    jobid: 34
    wildcards: sample=T22.3.1, strain=at
    resources: tmpdir=/tmp/2846138

Submitted job 34 with external jobid 'Submitted batch job 2846253'.
[Sun Oct 17 22:39:41 2021]
Finished job 97.
1 of 114 steps (1%) done
[Sun Oct 17 22:39:41 2021]
Finished job 13.
2 of 114 steps (2%) done
[Sun Oct 17 22:39:41 2021]
Finished job 49.
3 of 114 steps (3%) done
[Sun Oct 17 22:40:14 2021]
Finished job 22.
4 of 114 steps (4%) done
[Sun Oct 17 22:40:15 2021]
Finished job 106.
5 of 114 steps (4%) done
[Sun Oct 17 22:40:47 2021]
Finished job 64.
6 of 114 steps (5%) done
[Sun Oct 17 22:40:47 2021]
Finished job 79.
7 of 114 steps (6%) done
[Sun Oct 17 22:40:47 2021]
Finished job 121.
8 of 114 steps (7%) done
[Sun Oct 17 22:40:48 2021]
Finished job 58.
9 of 114 steps (8%) done
[Sun Oct 17 22:41:19 2021]
Finished job 1.
10 of 114 steps (9%) done
[Sun Oct 17 22:41:20 2021]
Finished job 16.
11 of 114 steps (10%) done
[Sun Oct 17 22:41:20 2021]
Finished job 100.
12 of 114 steps (11%) done
[Sun Oct 17 22:41:20 2021]
Finished job 142.
13 of 114 steps (11%) done
[Sun Oct 17 22:41:20 2021]
Finished job 136.
14 of 114 steps (12%) done
[Sun Oct 17 22:41:20 2021]
Finished job 94.
15 of 114 steps (13%) done
[Sun Oct 17 22:41:51 2021]
Finished job 115.
16 of 114 steps (14%) done
[Sun Oct 17 22:41:51 2021]
Finished job 67.
17 of 114 steps (15%) done
[Sun Oct 17 22:42:22 2021]
Finished job 25.
18 of 114 steps (16%) done
[Sun Oct 17 22:42:22 2021]
Finished job 46.
19 of 114 steps (17%) done
[Sun Oct 17 22:42:22 2021]
Finished job 130.
20 of 114 steps (18%) done
[Sun Oct 17 22:42:52 2021]
Finished job 4.
21 of 114 steps (18%) done
[Sun Oct 17 22:42:52 2021]
Finished job 88.
22 of 114 steps (19%) done
[Sun Oct 17 22:42:52 2021]
Finished job 40.
23 of 114 steps (20%) done
[Sun Oct 17 22:43:21 2021]
Finished job 82.
24 of 114 steps (21%) done
[Sun Oct 17 22:43:21 2021]
Finished job 124.
25 of 114 steps (22%) done
[Sun Oct 17 22:43:50 2021]
Finished job 19.
26 of 114 steps (23%) done
[Sun Oct 17 22:43:50 2021]
Finished job 103.
27 of 114 steps (24%) done
[Sun Oct 17 22:43:50 2021]
Finished job 34.
28 of 114 steps (25%) done
[Sun Oct 17 22:47:03 2021]
Finished job 23.
29 of 114 steps (25%) done
Select jobs to execute...

[Sun Oct 17 22:47:03 2021]
rule report:
    input: /work/FAC/FBM/DMF/smitri/evomicrocomm/genome_size/data/T44.1.1/at/labels.json, /work/FAC/FBM/DMF/smitri/evomicrocomm/genome_size/data/at/reference.fasta, /work/FAC/FBM/DMF/smitri/evomicrocomm/genome_size/data/T44.1.1/at/mapped_reads.sorted.bam
    output: /work/FAC/FBM/DMF/smitri/evomicrocomm/genome_size/data/T44.1.1/at/report.md
    jobid: 21
    wildcards: sample=T44.1.1, strain=at
    threads: 16
    resources: tmpdir=/tmp/2846138

Submitted job 21 with external jobid 'Submitted batch job 2846380'.
[Sun Oct 17 22:47:46 2021]
Finished job 122.
30 of 114 steps (26%) done
Select jobs to execute...

[Sun Oct 17 22:47:46 2021]
rule report:
    input: /work/FAC/FBM/DMF/smitri/evomicrocomm/genome_size/data/T11.1.2/at/labels.json, /work/FAC/FBM/DMF/smitri/evomicrocomm/genome_size/data/at/reference.fasta, /work/FAC/FBM/DMF/smitri/evomicrocomm/genome_size/data/T11.1.2/at/mapped_reads.sorted.bam
    output: /work/FAC/FBM/DMF/smitri/evomicrocomm/genome_size/data/T11.1.2/at/report.md
    jobid: 120
    wildcards: sample=T11.1.2, strain=at
    threads: 16
    resources: tmpdir=/tmp/2846138

Submitted job 120 with external jobid 'Submitted batch job 2846384'.
[Sun Oct 17 22:47:58 2021]
Finished job 35.
31 of 114 steps (27%) done
Select jobs to execute...

[Sun Oct 17 22:47:58 2021]
rule report:
    input: /work/FAC/FBM/DMF/smitri/evomicrocomm/genome_size/data/T22.3.1/at/labels.json, /work/FAC/FBM/DMF/smitri/evomicrocomm/genome_size/data/at/reference.fasta, /work/FAC/FBM/DMF/smitri/evomicrocomm/genome_size/data/T22.3.1/at/mapped_reads.sorted.bam
    output: /work/FAC/FBM/DMF/smitri/evomicrocomm/genome_size/data/T22.3.1/at/report.md
    jobid: 33
    wildcards: sample=T22.3.1, strain=at
    threads: 16
    resources: tmpdir=/tmp/2846138

Submitted job 33 with external jobid 'Submitted batch job 2846403'.
[Sun Oct 17 22:48:28 2021]
Finished job 137.
32 of 114 steps (28%) done
Select jobs to execute...

[Sun Oct 17 22:48:28 2021]
rule report:
    input: /work/FAC/FBM/DMF/smitri/evomicrocomm/genome_size/data/T33.1.1/at/labels.json, /work/FAC/FBM/DMF/smitri/evomicrocomm/genome_size/data/at/reference.fasta, /work/FAC/FBM/DMF/smitri/evomicrocomm/genome_size/data/T33.1.1/at/mapped_reads.sorted.bam
    output: /work/FAC/FBM/DMF/smitri/evomicrocomm/genome_size/data/T33.1.1/at/report.md
    jobid: 135
    wildcards: sample=T33.1.1, strain=at
    threads: 16
    resources: tmpdir=/tmp/2846138

Submitted job 135 with external jobid 'Submitted batch job 2846406'.
[Sun Oct 17 22:48:41 2021]
Finished job 14.
33 of 114 steps (29%) done
Select jobs to execute...

[Sun Oct 17 22:48:41 2021]
rule report:
    input: /work/FAC/FBM/DMF/smitri/evomicrocomm/genome_size/data/T22.3.2/at/labels.json, /work/FAC/FBM/DMF/smitri/evomicrocomm/genome_size/data/at/reference.fasta, /work/FAC/FBM/DMF/smitri/evomicrocomm/genome_size/data/T22.3.2/at/mapped_reads.sorted.bam
    output: /work/FAC/FBM/DMF/smitri/evomicrocomm/genome_size/data/T22.3.2/at/report.md
    jobid: 12
    wildcards: sample=T22.3.2, strain=at
    threads: 16
    resources: tmpdir=/tmp/2846138

Submitted job 12 with external jobid 'Submitted batch job 2846409'.
[Sun Oct 17 22:48:55 2021]
Finished job 125.
34 of 114 steps (30%) done
Select jobs to execute...

[Sun Oct 17 22:48:55 2021]
rule report:
    input: /work/FAC/FBM/DMF/smitri/evomicrocomm/genome_size/data/T22.3.4/at/labels.json, /work/FAC/FBM/DMF/smitri/evomicrocomm/genome_size/data/at/reference.fasta, /work/FAC/FBM/DMF/smitri/evomicrocomm/genome_size/data/T22.3.4/at/mapped_reads.sorted.bam
    output: /work/FAC/FBM/DMF/smitri/evomicrocomm/genome_size/data/T22.3.4/at/report.md
    jobid: 123
    wildcards: sample=T22.3.4, strain=at
    threads: 16
    resources: tmpdir=/tmp/2846138

Submitted job 123 with external jobid 'Submitted batch job 2846411'.
[Sun Oct 17 22:48:56 2021]
Finished job 50.
35 of 114 steps (31%) done
Select jobs to execute...

[Sun Oct 17 22:48:56 2021]
rule report:
    input: /work/FAC/FBM/DMF/smitri/evomicrocomm/genome_size/data/T22.3.3/at/labels.json, /work/FAC/FBM/DMF/smitri/evomicrocomm/genome_size/data/at/reference.fasta, /work/FAC/FBM/DMF/smitri/evomicrocomm/genome_size/data/T22.3.3/at/mapped_reads.sorted.bam
    output: /work/FAC/FBM/DMF/smitri/evomicrocomm/genome_size/data/T22.3.3/at/report.md
    jobid: 48
    wildcards: sample=T22.3.3, strain=at
    threads: 16
    resources: tmpdir=/tmp/2846138

Submitted job 48 with external jobid 'Submitted batch job 2846412'.
[Sun Oct 17 22:49:10 2021]
Finished job 134.
36 of 114 steps (32%) done
Select jobs to execute...

[Sun Oct 17 22:49:10 2021]
rule report:
    input: /work/FAC/FBM/DMF/smitri/evomicrocomm/genome_size/data/T22.4.1/at/labels.json, /work/FAC/FBM/DMF/smitri/evomicrocomm/genome_size/data/at/reference.fasta, /work/FAC/FBM/DMF/smitri/evomicrocomm/genome_size/data/T22.4.1/at/mapped_reads.sorted.bam
    output: /work/FAC/FBM/DMF/smitri/evomicrocomm/genome_size/data/T22.4.1/at/report.md
    jobid: 132
    wildcards: sample=T22.4.1, strain=at
    threads: 16
    resources: tmpdir=/tmp/2846138

Submitted job 132 with external jobid 'Submitted batch job 2846413'.
[Sun Oct 17 22:49:11 2021]
Finished job 47.
37 of 114 steps (32%) done
Select jobs to execute...

[Sun Oct 17 22:49:11 2021]
rule report:
    input: /work/FAC/FBM/DMF/smitri/evomicrocomm/genome_size/data/T22.1.1/at/labels.json, /work/FAC/FBM/DMF/smitri/evomicrocomm/genome_size/data/at/reference.fasta, /work/FAC/FBM/DMF/smitri/evomicrocomm/genome_size/data/T22.1.1/at/mapped_reads.sorted.bam
    output: /work/FAC/FBM/DMF/smitri/evomicrocomm/genome_size/data/T22.1.1/at/report.md
    jobid: 45
    wildcards: sample=T22.1.1, strain=at
    threads: 16
    resources: tmpdir=/tmp/2846138

Submitted job 45 with external jobid 'Submitted batch job 2846414'.
[Sun Oct 17 22:49:24 2021]
Finished job 56.
38 of 114 steps (33%) done
Select jobs to execute...

[Sun Oct 17 22:49:24 2021]
rule report:
    input: /work/FAC/FBM/DMF/smitri/evomicrocomm/genome_size/data/T22.4.4/at/labels.json, /work/FAC/FBM/DMF/smitri/evomicrocomm/genome_size/data/at/reference.fasta, /work/FAC/FBM/DMF/smitri/evomicrocomm/genome_size/data/T22.4.4/at/mapped_reads.sorted.bam
    output: /work/FAC/FBM/DMF/smitri/evomicrocomm/genome_size/data/T22.4.4/at/report.md
    jobid: 54
    wildcards: sample=T22.4.4, strain=at
    threads: 16
    resources: tmpdir=/tmp/2846138

Submitted job 54 with external jobid 'Submitted batch job 2846415'.
[Sun Oct 17 22:49:25 2021]
Finished job 116.
39 of 114 steps (34%) done
Select jobs to execute...

[Sun Oct 17 22:49:25 2021]
rule report:
    input: /work/FAC/FBM/DMF/smitri/evomicrocomm/genome_size/data/T33.1.2/at/labels.json, /work/FAC/FBM/DMF/smitri/evomicrocomm/genome_size/data/at/reference.fasta, /work/FAC/FBM/DMF/smitri/evomicrocomm/genome_size/data/T33.1.2/at/mapped_reads.sorted.bam
    output: /work/FAC/FBM/DMF/smitri/evomicrocomm/genome_size/data/T33.1.2/at/report.md
    jobid: 114
    wildcards: sample=T33.1.2, strain=at
    threads: 16
    resources: tmpdir=/tmp/2846138

Submitted job 114 with external jobid 'Submitted batch job 2846416'.
[Sun Oct 17 22:49:25 2021]
Finished job 68.
40 of 114 steps (35%) done
Select jobs to execute...

[Sun Oct 17 22:49:25 2021]
rule report:
    input: /work/FAC/FBM/DMF/smitri/evomicrocomm/genome_size/data/T44.1.2/at/labels.json, /work/FAC/FBM/DMF/smitri/evomicrocomm/genome_size/data/at/reference.fasta, /work/FAC/FBM/DMF/smitri/evomicrocomm/genome_size/data/T44.1.2/at/mapped_reads.sorted.bam
    output: /work/FAC/FBM/DMF/smitri/evomicrocomm/genome_size/data/T44.1.2/at/report.md
    jobid: 66
    wildcards: sample=T44.1.2, strain=at
    threads: 16
    resources: tmpdir=/tmp/2846138

Submitted job 66 with external jobid 'Submitted batch job 2846417'.
[Sun Oct 17 22:49:26 2021]
Finished job 104.
41 of 114 steps (36%) done
Select jobs to execute...

[Sun Oct 17 22:49:26 2021]
rule report:
    input: /work/FAC/FBM/DMF/smitri/evomicrocomm/genome_size/data/T22.1.2/at/labels.json, /work/FAC/FBM/DMF/smitri/evomicrocomm/genome_size/data/at/reference.fasta, /work/FAC/FBM/DMF/smitri/evomicrocomm/genome_size/data/T22.1.2/at/mapped_reads.sorted.bam
    output: /work/FAC/FBM/DMF/smitri/evomicrocomm/genome_size/data/T22.1.2/at/report.md
    jobid: 102
    wildcards: sample=T22.1.2, strain=at
    threads: 16
    resources: tmpdir=/tmp/2846138

Submitted job 102 with external jobid 'Submitted batch job 2846418'.
[Sun Oct 17 22:50:08 2021]
Finished job 26.
42 of 114 steps (37%) done
Select jobs to execute...

[Sun Oct 17 22:50:08 2021]
rule report:
    input: /work/FAC/FBM/DMF/smitri/evomicrocomm/genome_size/data/T11.1.1/at/labels.json, /work/FAC/FBM/DMF/smitri/evomicrocomm/genome_size/data/at/reference.fasta, /work/FAC/FBM/DMF/smitri/evomicrocomm/genome_size/data/T11.1.1/at/mapped_reads.sorted.bam
    output: /work/FAC/FBM/DMF/smitri/evomicrocomm/genome_size/data/T11.1.1/at/report.md
    jobid: 24
    wildcards: sample=T11.1.1, strain=at
    threads: 16
    resources: tmpdir=/tmp/2846138

Submitted job 24 with external jobid 'Submitted batch job 2846422'.
[Sun Oct 17 22:51:32 2021]
Finished job 95.
43 of 114 steps (38%) done
Select jobs to execute...

[Sun Oct 17 22:51:32 2021]
rule report:
    input: /work/FAC/FBM/DMF/smitri/evomicrocomm/genome_size/data/T22.3.5/at/labels.json, /work/FAC/FBM/DMF/smitri/evomicrocomm/genome_size/data/at/reference.fasta, /work/FAC/FBM/DMF/smitri/evomicrocomm/genome_size/data/T22.3.5/at/mapped_reads.sorted.bam
    output: /work/FAC/FBM/DMF/smitri/evomicrocomm/genome_size/data/T22.3.5/at/report.md
    jobid: 93
    wildcards: sample=T22.3.5, strain=at
    threads: 16
    resources: tmpdir=/tmp/2846138

Submitted job 93 with external jobid 'Submitted batch job 2846428'.
[Sun Oct 17 22:51:46 2021]
Finished job 74.
44 of 114 steps (39%) done
Select jobs to execute...

[Sun Oct 17 22:51:46 2021]
rule report:
    input: /work/FAC/FBM/DMF/smitri/evomicrocomm/genome_size/data/T22.4.2/at/labels.json, /work/FAC/FBM/DMF/smitri/evomicrocomm/genome_size/data/at/reference.fasta, /work/FAC/FBM/DMF/smitri/evomicrocomm/genome_size/data/T22.4.2/at/mapped_reads.sorted.bam
    output: /work/FAC/FBM/DMF/smitri/evomicrocomm/genome_size/data/T22.4.2/at/report.md
    jobid: 72
    wildcards: sample=T22.4.2, strain=at
    threads: 16
    resources: tmpdir=/tmp/2846138

Submitted job 72 with external jobid 'Submitted batch job 2846431'.
[Sun Oct 17 22:52:00 2021]
Finished job 110.
45 of 114 steps (39%) done
Select jobs to execute...

[Sun Oct 17 22:52:00 2021]
rule report:
    input: /work/FAC/FBM/DMF/smitri/evomicrocomm/genome_size/data/T22.4.3/at/labels.json, /work/FAC/FBM/DMF/smitri/evomicrocomm/genome_size/data/at/reference.fasta, /work/FAC/FBM/DMF/smitri/evomicrocomm/genome_size/data/T22.4.3/at/mapped_reads.sorted.bam
    output: /work/FAC/FBM/DMF/smitri/evomicrocomm/genome_size/data/T22.4.3/at/report.md
    jobid: 108
    wildcards: sample=T22.4.3, strain=at
    threads: 16
    resources: tmpdir=/tmp/2846138

Submitted job 108 with external jobid 'Submitted batch job 2846433'.
[Sun Oct 17 22:52:28 2021]
Finished job 17.
46 of 114 steps (40%) done
Select jobs to execute...

[Sun Oct 17 22:52:28 2021]
rule report:
    input: /work/FAC/FBM/DMF/smitri/evomicrocomm/genome_size/data/T33.3.2/at/labels.json, /work/FAC/FBM/DMF/smitri/evomicrocomm/genome_size/data/at/reference.fasta, /work/FAC/FBM/DMF/smitri/evomicrocomm/genome_size/data/T33.3.2/at/mapped_reads.sorted.bam
    output: /work/FAC/FBM/DMF/smitri/evomicrocomm/genome_size/data/T33.3.2/at/report.md
    jobid: 15
    wildcards: sample=T33.3.2, strain=at
    threads: 16
    resources: tmpdir=/tmp/2846138

Submitted job 15 with external jobid 'Submitted batch job 2846439'.
[Sun Oct 17 22:52:42 2021]
Finished job 62.
47 of 114 steps (41%) done
Select jobs to execute...

[Sun Oct 17 22:52:42 2021]
rule report:
    input: /work/FAC/FBM/DMF/smitri/evomicrocomm/genome_size/data/T22.4.5/at/labels.json, /work/FAC/FBM/DMF/smitri/evomicrocomm/genome_size/data/at/reference.fasta, /work/FAC/FBM/DMF/smitri/evomicrocomm/genome_size/data/T22.4.5/at/mapped_reads.sorted.bam
    output: /work/FAC/FBM/DMF/smitri/evomicrocomm/genome_size/data/T22.4.5/at/report.md
    jobid: 60
    wildcards: sample=T22.4.5, strain=at
    threads: 16
    resources: tmpdir=/tmp/2846138

Submitted job 60 with external jobid 'Submitted batch job 2846442'.
[Sun Oct 17 22:55:29 2021]
Finished job 2.
48 of 114 steps (42%) done
Select jobs to execute...

[Sun Oct 17 22:55:29 2021]
rule report:
    input: /work/FAC/FBM/DMF/smitri/evomicrocomm/genome_size/data/T33.3.5/at/labels.json, /work/FAC/FBM/DMF/smitri/evomicrocomm/genome_size/data/at/reference.fasta, /work/FAC/FBM/DMF/smitri/evomicrocomm/genome_size/data/T33.3.5/at/mapped_reads.sorted.bam
    output: /work/FAC/FBM/DMF/smitri/evomicrocomm/genome_size/data/T33.3.5/at/report.md
    jobid: 0
    wildcards: sample=T33.3.5, strain=at
    threads: 16
    resources: tmpdir=/tmp/2846138

Submitted job 0 with external jobid 'Submitted batch job 2846456'.
[Sun Oct 17 22:55:44 2021]
Finished job 59.
49 of 114 steps (43%) done
Select jobs to execute...

[Sun Oct 17 22:55:44 2021]
rule report:
    input: /work/FAC/FBM/DMF/smitri/evomicrocomm/genome_size/data/T33.3.1/at/labels.json, /work/FAC/FBM/DMF/smitri/evomicrocomm/genome_size/data/at/reference.fasta, /work/FAC/FBM/DMF/smitri/evomicrocomm/genome_size/data/T33.3.1/at/mapped_reads.sorted.bam
    output: /work/FAC/FBM/DMF/smitri/evomicrocomm/genome_size/data/T33.3.1/at/report.md
    jobid: 57
    wildcards: sample=T33.3.1, strain=at
    threads: 16
    resources: tmpdir=/tmp/2846138

Submitted job 57 with external jobid 'Submitted batch job 2846460'.
[Sun Oct 17 22:56:12 2021]
Finished job 80.
50 of 114 steps (44%) done
Select jobs to execute...

[Sun Oct 17 22:56:12 2021]
rule report:
    input: /work/FAC/FBM/DMF/smitri/evomicrocomm/genome_size/data/T44.3.2/at/labels.json, /work/FAC/FBM/DMF/smitri/evomicrocomm/genome_size/data/at/reference.fasta, /work/FAC/FBM/DMF/smitri/evomicrocomm/genome_size/data/T44.3.2/at/mapped_reads.sorted.bam
    output: /work/FAC/FBM/DMF/smitri/evomicrocomm/genome_size/data/T44.3.2/at/report.md
    jobid: 78
    wildcards: sample=T44.3.2, strain=at
    threads: 16
    resources: tmpdir=/tmp/2846138

Submitted job 78 with external jobid 'Submitted batch job 2846464'.
[Sun Oct 17 22:56:39 2021]
Finished job 8.
51 of 114 steps (45%) done
Select jobs to execute...

[Sun Oct 17 22:56:39 2021]
rule report:
    input: /work/FAC/FBM/DMF/smitri/evomicrocomm/genome_size/data/T33.4.3.rep/at/labels.json, /work/FAC/FBM/DMF/smitri/evomicrocomm/genome_size/data/at/reference.fasta, /work/FAC/FBM/DMF/smitri/evomicrocomm/genome_size/data/T33.4.3.rep/at/mapped_reads.sorted.bam
    output: /work/FAC/FBM/DMF/smitri/evomicrocomm/genome_size/data/T33.4.3.rep/at/report.md
    jobid: 6
    wildcards: sample=T33.4.3.rep, strain=at
    threads: 16
    resources: tmpdir=/tmp/2846138

Submitted job 6 with external jobid 'Submitted batch job 2846465'.
[Sun Oct 17 22:56:40 2021]
Finished job 107.
52 of 114 steps (46%) done
Select jobs to execute...

[Sun Oct 17 22:56:40 2021]
rule report:
    input: /work/FAC/FBM/DMF/smitri/evomicrocomm/genome_size/data/T33.3.4/at/labels.json, /work/FAC/FBM/DMF/smitri/evomicrocomm/genome_size/data/at/reference.fasta, /work/FAC/FBM/DMF/smitri/evomicrocomm/genome_size/data/T33.3.4/at/mapped_reads.sorted.bam
    output: /work/FAC/FBM/DMF/smitri/evomicrocomm/genome_size/data/T33.3.4/at/report.md
    jobid: 105
    wildcards: sample=T33.3.4, strain=at
    threads: 16
    resources: tmpdir=/tmp/2846138

Submitted job 105 with external jobid 'Submitted batch job 2846466'.
[Sun Oct 17 22:56:53 2021]
Finished job 119.
53 of 114 steps (46%) done
Select jobs to execute...

[Sun Oct 17 22:56:53 2021]
rule report:
    input: /work/FAC/FBM/DMF/smitri/evomicrocomm/genome_size/data/T11.4.1/at/labels.json, /work/FAC/FBM/DMF/smitri/evomicrocomm/genome_size/data/at/reference.fasta, /work/FAC/FBM/DMF/smitri/evomicrocomm/genome_size/data/T11.4.1/at/mapped_reads.sorted.bam
    output: /work/FAC/FBM/DMF/smitri/evomicrocomm/genome_size/data/T11.4.1/at/report.md
    jobid: 117
    wildcards: sample=T11.4.1, strain=at
    threads: 16
    resources: tmpdir=/tmp/2846138

Submitted job 117 with external jobid 'Submitted batch job 2846467'.
[Sun Oct 17 22:57:08 2021]
Finished job 38.
54 of 114 steps (47%) done
Select jobs to execute...

[Sun Oct 17 22:57:08 2021]
rule report:
    input: /work/FAC/FBM/DMF/smitri/evomicrocomm/genome_size/data/T33.4.5/at/labels.json, /work/FAC/FBM/DMF/smitri/evomicrocomm/genome_size/data/at/reference.fasta, /work/FAC/FBM/DMF/smitri/evomicrocomm/genome_size/data/T33.4.5/at/mapped_reads.sorted.bam
    output: /work/FAC/FBM/DMF/smitri/evomicrocomm/genome_size/data/T33.4.5/at/report.md
    jobid: 36
    wildcards: sample=T33.4.5, strain=at
    threads: 16
    resources: tmpdir=/tmp/2846138

Submitted job 36 with external jobid 'Submitted batch job 2846468'.
[Sun Oct 17 22:57:22 2021]
Finished job 44.
55 of 114 steps (48%) done
Select jobs to execute...

[Sun Oct 17 22:57:22 2021]
rule report:
    input: /work/FAC/FBM/DMF/smitri/evomicrocomm/genome_size/data/T33.4.4/at/labels.json, /work/FAC/FBM/DMF/smitri/evomicrocomm/genome_size/data/at/reference.fasta, /work/FAC/FBM/DMF/smitri/evomicrocomm/genome_size/data/T33.4.4/at/mapped_reads.sorted.bam
    output: /work/FAC/FBM/DMF/smitri/evomicrocomm/genome_size/data/T33.4.4/at/report.md
    jobid: 42
    wildcards: sample=T33.4.4, strain=at
    threads: 16
    resources: tmpdir=/tmp/2846138

Submitted job 42 with external jobid 'Submitted batch job 2846469'.
[Sun Oct 17 22:57:22 2021]
Finished job 20.
56 of 114 steps (49%) done
Select jobs to execute...

[Sun Oct 17 22:57:23 2021]
rule report:
    input: /work/FAC/FBM/DMF/smitri/evomicrocomm/genome_size/data/T33.3.3/at/labels.json, /work/FAC/FBM/DMF/smitri/evomicrocomm/genome_size/data/at/reference.fasta, /work/FAC/FBM/DMF/smitri/evomicrocomm/genome_size/data/T33.3.3/at/mapped_reads.sorted.bam
    output: /work/FAC/FBM/DMF/smitri/evomicrocomm/genome_size/data/T33.3.3/at/report.md
    jobid: 18
    wildcards: sample=T33.3.3, strain=at
    threads: 16
    resources: tmpdir=/tmp/2846138

Submitted job 18 with external jobid 'Submitted batch job 2846470'.
[Sun Oct 17 22:57:50 2021]
Finished job 53.
57 of 114 steps (50%) done
Select jobs to execute...

[Sun Oct 17 22:57:50 2021]
rule report:
    input: /work/FAC/FBM/DMF/smitri/evomicrocomm/genome_size/data/T33.4.1/at/labels.json, /work/FAC/FBM/DMF/smitri/evomicrocomm/genome_size/data/at/reference.fasta, /work/FAC/FBM/DMF/smitri/evomicrocomm/genome_size/data/T33.4.1/at/mapped_reads.sorted.bam
    output: /work/FAC/FBM/DMF/smitri/evomicrocomm/genome_size/data/T33.4.1/at/report.md
    jobid: 51
    wildcards: sample=T33.4.1, strain=at
    threads: 16
    resources: tmpdir=/tmp/2846138

Submitted job 51 with external jobid 'Submitted batch job 2846472'.
[Sun Oct 17 22:58:46 2021]
Finished job 32.
58 of 114 steps (51%) done
Select jobs to execute...

[Sun Oct 17 22:58:46 2021]
rule report:
    input: /work/FAC/FBM/DMF/smitri/evomicrocomm/genome_size/data/T11.4.5/at/labels.json, /work/FAC/FBM/DMF/smitri/evomicrocomm/genome_size/data/at/reference.fasta, /work/FAC/FBM/DMF/smitri/evomicrocomm/genome_size/data/T11.4.5/at/mapped_reads.sorted.bam
    output: /work/FAC/FBM/DMF/smitri/evomicrocomm/genome_size/data/T11.4.5/at/report.md
    jobid: 30
    wildcards: sample=T11.4.5, strain=at
    threads: 16
    resources: tmpdir=/tmp/2846138

Submitted job 30 with external jobid 'Submitted batch job 2846475'.
[Sun Oct 17 22:59:00 2021]
Finished job 101.
59 of 114 steps (52%) done
Select jobs to execute...

[Sun Oct 17 22:59:00 2021]
rule report:
    input: /work/FAC/FBM/DMF/smitri/evomicrocomm/genome_size/data/T44.3.1/at/labels.json, /work/FAC/FBM/DMF/smitri/evomicrocomm/genome_size/data/at/reference.fasta, /work/FAC/FBM/DMF/smitri/evomicrocomm/genome_size/data/T44.3.1/at/mapped_reads.sorted.bam
    output: /work/FAC/FBM/DMF/smitri/evomicrocomm/genome_size/data/T44.3.1/at/report.md
    jobid: 99
    wildcards: sample=T44.3.1, strain=at
    threads: 16
    resources: tmpdir=/tmp/2846138

Submitted job 99 with external jobid 'Submitted batch job 2846476'.
[Sun Oct 17 22:59:42 2021]
Finished job 77.
60 of 114 steps (53%) done
Select jobs to execute...

[Sun Oct 17 22:59:42 2021]
rule report:
    input: /work/FAC/FBM/DMF/smitri/evomicrocomm/genome_size/data/T11.4.4/at/labels.json, /work/FAC/FBM/DMF/smitri/evomicrocomm/genome_size/data/at/reference.fasta, /work/FAC/FBM/DMF/smitri/evomicrocomm/genome_size/data/T11.4.4/at/mapped_reads.sorted.bam
    output: /work/FAC/FBM/DMF/smitri/evomicrocomm/genome_size/data/T11.4.4/at/report.md
    jobid: 75
    wildcards: sample=T11.4.4, strain=at
    threads: 16
    resources: tmpdir=/tmp/2846138

Submitted job 75 with external jobid 'Submitted batch job 2846478'.
[Sun Oct 17 22:59:56 2021]
Finished job 83.
61 of 114 steps (54%) done
Select jobs to execute...

[Sun Oct 17 22:59:56 2021]
rule report:
    input: /work/FAC/FBM/DMF/smitri/evomicrocomm/genome_size/data/T44.3.5/at/labels.json, /work/FAC/FBM/DMF/smitri/evomicrocomm/genome_size/data/at/reference.fasta, /work/FAC/FBM/DMF/smitri/evomicrocomm/genome_size/data/T44.3.5/at/mapped_reads.sorted.bam
    output: /work/FAC/FBM/DMF/smitri/evomicrocomm/genome_size/data/T44.3.5/at/report.md
    jobid: 81
    wildcards: sample=T44.3.5, strain=at
    threads: 16
    resources: tmpdir=/tmp/2846138

Submitted job 81 with external jobid 'Submitted batch job 2846479'.
[Sun Oct 17 23:00:10 2021]
Finished job 29.
62 of 114 steps (54%) done
Select jobs to execute...

[Sun Oct 17 23:00:10 2021]
rule report:
    input: /work/FAC/FBM/DMF/smitri/evomicrocomm/genome_size/data/T33.4.2/at/labels.json, /work/FAC/FBM/DMF/smitri/evomicrocomm/genome_size/data/at/reference.fasta, /work/FAC/FBM/DMF/smitri/evomicrocomm/genome_size/data/T33.4.2/at/mapped_reads.sorted.bam
    output: /work/FAC/FBM/DMF/smitri/evomicrocomm/genome_size/data/T33.4.2/at/report.md
    jobid: 27
    wildcards: sample=T33.4.2, strain=at
    threads: 16
    resources: tmpdir=/tmp/2846138

Submitted job 27 with external jobid 'Submitted batch job 2846480'.
[Sun Oct 17 23:00:24 2021]
Finished job 11.
63 of 114 steps (55%) done
Select jobs to execute...

[Sun Oct 17 23:00:24 2021]
rule report:
    input: /work/FAC/FBM/DMF/smitri/evomicrocomm/genome_size/data/T11.4.2/at/labels.json, /work/FAC/FBM/DMF/smitri/evomicrocomm/genome_size/data/at/reference.fasta, /work/FAC/FBM/DMF/smitri/evomicrocomm/genome_size/data/T11.4.2/at/mapped_reads.sorted.bam
    output: /work/FAC/FBM/DMF/smitri/evomicrocomm/genome_size/data/T11.4.2/at/report.md
    jobid: 9
    wildcards: sample=T11.4.2, strain=at
    threads: 16
    resources: tmpdir=/tmp/2846138

Submitted job 9 with external jobid 'Submitted batch job 2846483'.
[Sun Oct 17 23:00:39 2021]
Finished job 65.
64 of 114 steps (56%) done
Select jobs to execute...

[Sun Oct 17 23:00:39 2021]
rule report:
    input: /work/FAC/FBM/DMF/smitri/evomicrocomm/genome_size/data/T11.3.4/at/labels.json, /work/FAC/FBM/DMF/smitri/evomicrocomm/genome_size/data/at/reference.fasta, /work/FAC/FBM/DMF/smitri/evomicrocomm/genome_size/data/T11.3.4/at/mapped_reads.sorted.bam
    output: /work/FAC/FBM/DMF/smitri/evomicrocomm/genome_size/data/T11.3.4/at/report.md
    jobid: 63
    wildcards: sample=T11.3.4, strain=at
    threads: 16
    resources: tmpdir=/tmp/2846138

Submitted job 63 with external jobid 'Submitted batch job 2846484'.
[Sun Oct 17 23:00:39 2021]
Finished job 143.
65 of 114 steps (57%) done
Select jobs to execute...

[Sun Oct 17 23:00:39 2021]
rule report:
    input: /work/FAC/FBM/DMF/smitri/evomicrocomm/genome_size/data/T44.3.3.rep/at/labels.json, /work/FAC/FBM/DMF/smitri/evomicrocomm/genome_size/data/at/reference.fasta, /work/FAC/FBM/DMF/smitri/evomicrocomm/genome_size/data/T44.3.3.rep/at/mapped_reads.sorted.bam
    output: /work/FAC/FBM/DMF/smitri/evomicrocomm/genome_size/data/T44.3.3.rep/at/report.md
    jobid: 141
    wildcards: sample=T44.3.3.rep, strain=at
    threads: 16
    resources: tmpdir=/tmp/2846138

Submitted job 141 with external jobid 'Submitted batch job 2846485'.
[Sun Oct 17 23:00:52 2021]
Finished job 41.
66 of 114 steps (58%) done
Select jobs to execute...

[Sun Oct 17 23:00:52 2021]
rule report:
    input: /work/FAC/FBM/DMF/smitri/evomicrocomm/genome_size/data/T11.3.3/at/labels.json, /work/FAC/FBM/DMF/smitri/evomicrocomm/genome_size/data/at/reference.fasta, /work/FAC/FBM/DMF/smitri/evomicrocomm/genome_size/data/T11.3.3/at/mapped_reads.sorted.bam
    output: /work/FAC/FBM/DMF/smitri/evomicrocomm/genome_size/data/T11.3.3/at/report.md
    jobid: 39
    wildcards: sample=T11.3.3, strain=at
    threads: 16
    resources: tmpdir=/tmp/2846138

Submitted job 39 with external jobid 'Submitted batch job 2846490'.
[Sun Oct 17 23:00:53 2021]
Finished job 98.
67 of 114 steps (59%) done
Select jobs to execute...

[Sun Oct 17 23:00:53 2021]
rule report:
    input: /work/FAC/FBM/DMF/smitri/evomicrocomm/genome_size/data/T11.3.2/at/labels.json, /work/FAC/FBM/DMF/smitri/evomicrocomm/genome_size/data/at/reference.fasta, /work/FAC/FBM/DMF/smitri/evomicrocomm/genome_size/data/T11.3.2/at/mapped_reads.sorted.bam
    output: /work/FAC/FBM/DMF/smitri/evomicrocomm/genome_size/data/T11.3.2/at/report.md
    jobid: 96
    wildcards: sample=T11.3.2, strain=at
    threads: 16
    resources: tmpdir=/tmp/2846138

Submitted job 96 with external jobid 'Submitted batch job 2846491'.
[Sun Oct 17 23:01:07 2021]
Finished job 89.
68 of 114 steps (60%) done
Select jobs to execute...

[Sun Oct 17 23:01:07 2021]
rule report:
    input: /work/FAC/FBM/DMF/smitri/evomicrocomm/genome_size/data/T11.3.1/at/labels.json, /work/FAC/FBM/DMF/smitri/evomicrocomm/genome_size/data/at/reference.fasta, /work/FAC/FBM/DMF/smitri/evomicrocomm/genome_size/data/T11.3.1/at/mapped_reads.sorted.bam
    output: /work/FAC/FBM/DMF/smitri/evomicrocomm/genome_size/data/T11.3.1/at/report.md
    jobid: 87
    wildcards: sample=T11.3.1, strain=at
    threads: 16
    resources: tmpdir=/tmp/2846138

Submitted job 87 with external jobid 'Submitted batch job 2846492'.
[Sun Oct 17 23:02:31 2021]
Finished job 128.
69 of 114 steps (61%) done
Select jobs to execute...

[Sun Oct 17 23:02:31 2021]
rule report:
    input: /work/FAC/FBM/DMF/smitri/evomicrocomm/genome_size/data/T11.4.3/at/labels.json, /work/FAC/FBM/DMF/smitri/evomicrocomm/genome_size/data/at/reference.fasta, /work/FAC/FBM/DMF/smitri/evomicrocomm/genome_size/data/T11.4.3/at/mapped_reads.sorted.bam
    output: /work/FAC/FBM/DMF/smitri/evomicrocomm/genome_size/data/T11.4.3/at/report.md
    jobid: 126
    wildcards: sample=T11.4.3, strain=at
    threads: 16
    resources: tmpdir=/tmp/2846138

Submitted job 126 with external jobid 'Submitted batch job 2846499'.
[Sun Oct 17 23:02:59 2021]
Finished job 131.
70 of 114 steps (61%) done
Select jobs to execute...

[Sun Oct 17 23:02:59 2021]
rule report:
    input: /work/FAC/FBM/DMF/smitri/evomicrocomm/genome_size/data/T44.3.4/at/labels.json, /work/FAC/FBM/DMF/smitri/evomicrocomm/genome_size/data/at/reference.fasta, /work/FAC/FBM/DMF/smitri/evomicrocomm/genome_size/data/T44.3.4/at/mapped_reads.sorted.bam
    output: /work/FAC/FBM/DMF/smitri/evomicrocomm/genome_size/data/T44.3.4/at/report.md
    jobid: 129
    wildcards: sample=T44.3.4, strain=at
    threads: 16
    resources: tmpdir=/tmp/2846138

Submitted job 129 with external jobid 'Submitted batch job 2846501'.
[Sun Oct 17 23:03:14 2021]
Finished job 5.
71 of 114 steps (62%) done
Select jobs to execute...

[Sun Oct 17 23:03:14 2021]
rule report:
    input: /work/FAC/FBM/DMF/smitri/evomicrocomm/genome_size/data/T11.3.5/at/labels.json, /work/FAC/FBM/DMF/smitri/evomicrocomm/genome_size/data/at/reference.fasta, /work/FAC/FBM/DMF/smitri/evomicrocomm/genome_size/data/T11.3.5/at/mapped_reads.sorted.bam
    output: /work/FAC/FBM/DMF/smitri/evomicrocomm/genome_size/data/T11.3.5/at/report.md
    jobid: 3
    wildcards: sample=T11.3.5, strain=at
    threads: 16
    resources: tmpdir=/tmp/2846138

Submitted job 3 with external jobid 'Submitted batch job 2846507'.
[Sun Oct 17 23:06:01 2021]
Finished job 21.
72 of 114 steps (63%) done
[Sun Oct 17 23:06:43 2021]
Finished job 135.
73 of 114 steps (64%) done
[Sun Oct 17 23:06:43 2021]
Finished job 120.
74 of 114 steps (65%) done
[Sun Oct 17 23:07:11 2021]
Finished job 45.
75 of 114 steps (66%) done
[Sun Oct 17 23:07:50 2021]
Finished job 114.
76 of 114 steps (67%) done
[Sun Oct 17 23:07:51 2021]
Finished job 102.
77 of 114 steps (68%) done
[Sun Oct 17 23:08:03 2021]
Finished job 66.
78 of 114 steps (68%) done
[Sun Oct 17 23:09:08 2021]
Finished job 24.
79 of 114 steps (69%) done
[Sun Oct 17 23:09:09 2021]
Finished job 33.
80 of 114 steps (70%) done
[Sun Oct 17 23:09:22 2021]
Finished job 48.
81 of 114 steps (71%) done
[Sun Oct 17 23:09:35 2021]
Finished job 12.
82 of 114 steps (72%) done
[Sun Oct 17 23:09:47 2021]
Finished job 132.
83 of 114 steps (73%) done
[Sun Oct 17 23:10:26 2021]
Finished job 123.
84 of 114 steps (74%) done
[Sun Oct 17 23:10:39 2021]
Finished job 54.
85 of 114 steps (75%) done
[Sun Oct 17 23:11:16 2021]
Finished job 108.
86 of 114 steps (75%) done
[Sun Oct 17 23:11:28 2021]
Finished job 72.
87 of 114 steps (76%) done
[Sun Oct 17 23:11:52 2021]
Finished job 93.
88 of 114 steps (77%) done
[Sun Oct 17 23:13:52 2021]
Finished job 15.
89 of 114 steps (78%) done
[Sun Oct 17 23:14:16 2021]
Finished job 60.
90 of 114 steps (79%) done
[Sun Oct 17 23:19:52 2021]
Finished job 57.
91 of 114 steps (80%) done
[Sun Oct 17 23:20:41 2021]
Finished job 0.
92 of 114 steps (81%) done
[Sun Oct 17 23:21:04 2021]
Finished job 18.
93 of 114 steps (82%) done
[Sun Oct 17 23:21:28 2021]
Finished job 78.
94 of 114 steps (82%) done
[Sun Oct 17 23:22:16 2021]
Finished job 6.
95 of 114 steps (83%) done
[Sun Oct 17 23:22:28 2021]
Finished job 42.
96 of 114 steps (84%) done
[Sun Oct 17 23:22:28 2021]
Finished job 36.
97 of 114 steps (85%) done
[Sun Oct 17 23:22:28 2021]
Finished job 105.
98 of 114 steps (86%) done
[Sun Oct 17 23:22:38 2021]
Finished job 27.
99 of 114 steps (87%) done
[Sun Oct 17 23:22:39 2021]
Finished job 51.
100 of 114 steps (88%) done
[Sun Oct 17 23:22:49 2021]
Finished job 99.
101 of 114 steps (89%) done
[Sun Oct 17 23:23:00 2021]
Finished job 30.
102 of 114 steps (89%) done
[Sun Oct 17 23:23:33 2021]
Finished job 81.
103 of 114 steps (90%) done
[Sun Oct 17 23:24:28 2021]
Finished job 117.
104 of 114 steps (91%) done
[Sun Oct 17 23:25:01 2021]
Finished job 141.
105 of 114 steps (92%) done
[Sun Oct 17 23:25:12 2021]
Finished job 87.
106 of 114 steps (93%) done
[Sun Oct 17 23:25:22 2021]
Finished job 9.
107 of 114 steps (94%) done
[Sun Oct 17 23:25:52 2021]
Finished job 75.
108 of 114 steps (95%) done
[Sun Oct 17 23:26:02 2021]
Finished job 39.
109 of 114 steps (96%) done
[Sun Oct 17 23:26:42 2021]
Finished job 63.
110 of 114 steps (96%) done
[Sun Oct 17 23:26:52 2021]
Finished job 126.
111 of 114 steps (97%) done
[Sun Oct 17 23:27:02 2021]
Finished job 129.
112 of 114 steps (98%) done
[Sun Oct 17 23:27:22 2021]
Finished job 96.
113 of 114 steps (99%) done
[Sun Oct 17 23:27:32 2021]
Finished job 3.
114 of 114 steps (100%) done
Complete log: /users/eulrich/black_queen_hypothesis/scripts/workflows/.snakemake/log/2021-10-17T223639.542607.snakemake.log
