Building DAG of jobs...
Using shell: /usr/bin/bash
Provided cores: 16
Rules claiming more threads will be scaled down.
Select jobs to execute...

[Sun Oct 17 22:36:53 2021]
rule mapping:
    input: /work/FAC/FBM/DMF/smitri/evomicrocomm/genome_size/data/ms/reference.fasta, /work/FAC/FBM/DMF/smitri/evomicrocomm/genome_size/data/T11.3.3/read1.fq.gz, /work/FAC/FBM/DMF/smitri/evomicrocomm/genome_size/data/T11.3.3/read2.fq.gz
    output: /work/FAC/FBM/DMF/smitri/evomicrocomm/genome_size/data/T11.3.3/ms/mapped_reads.sorted.bam
    jobid: 0
    wildcards: sample=T11.3.3, strain=ms
    threads: 16
    resources: mem_mb=24984, disk_mb=24984, tmpdir=/tmp/2846058

[M::mm_idx_gen::0.095*0.92] collected minimizers
[M::mm_idx_gen::0.117*2.12] sorted minimizers
[M::main::0.118*2.12] loaded/built the index for 1 target sequence(s)
[M::mm_mapopt_update::0.118*2.12] mid_occ = 1000
[M::mm_idx_stat] kmer size: 21; skip: 11; is_hpc: 0; #seq: 1
[M::mm_idx_stat::0.126*2.04] distinct minimizers: 620509 (99.65% are singletons); average occurrences: 1.004; average spacing: 5.998; total length: 3737398
[M::worker_pipeline::1.287*2.26] mapped 333036 sequences
[M::worker_pipeline::1.985*2.69] mapped 332990 sequences
[M::worker_pipeline::2.627*2.93] mapped 332882 sequences
[M::worker_pipeline::3.217*3.09] mapped 332812 sequences
[M::worker_pipeline::3.949*3.13] mapped 332790 sequences
[M::worker_pipeline::4.580*3.21] mapped 332770 sequences
[M::worker_pipeline::5.184*3.27] mapped 332744 sequences
[M::worker_pipeline::5.877*3.30] mapped 332660 sequences
[M::worker_pipeline::6.479*3.35] mapped 332718 sequences
[M::worker_pipeline::7.103*3.37] mapped 332666 sequences
[M::worker_pipeline::7.767*3.39] mapped 332630 sequences
[M::worker_pipeline::8.378*3.42] mapped 332634 sequences
[M::worker_pipeline::8.970*3.45] mapped 332688 sequences
[M::worker_pipeline::9.680*3.45] mapped 332690 sequences
[M::worker_pipeline::10.341*3.45] mapped 332594 sequences
[M::worker_pipeline::10.996*3.45] mapped 332594 sequences
[M::worker_pipeline::11.754*3.44] mapped 332672 sequences
[M::worker_pipeline::12.370*3.47] mapped 332584 sequences
[M::worker_pipeline::13.025*3.46] mapped 332650 sequences
[M::worker_pipeline::13.687*3.47] mapped 332776 sequences
[M::worker_pipeline::14.461*3.46] mapped 332834 sequences
[M::worker_pipeline::14.964*3.49] mapped 332850 sequences
[M::worker_pipeline::15.608*3.49] mapped 332994 sequences
[M::worker_pipeline::16.316*3.48] mapped 332984 sequences
[M::worker_pipeline::17.015*3.49] mapped 332928 sequences
[M::worker_pipeline::17.614*3.49] mapped 332812 sequences
[M::worker_pipeline::18.269*3.50] mapped 332770 sequences
[M::worker_pipeline::18.945*3.50] mapped 332704 sequences
[M::worker_pipeline::19.564*3.51] mapped 332686 sequences
[M::worker_pipeline::20.197*3.52] mapped 332666 sequences
[M::worker_pipeline::20.802*3.52] mapped 332556 sequences
[M::worker_pipeline::21.521*3.51] mapped 332646 sequences
[M::worker_pipeline::22.231*3.50] mapped 332674 sequences
[M::worker_pipeline::22.871*3.51] mapped 332652 sequences
[M::worker_pipeline::23.603*3.49] mapped 332810 sequences
[M::worker_pipeline::24.326*3.48] mapped 333000 sequences
[M::worker_pipeline::25.108*3.47] mapped 332822 sequences
[M::worker_pipeline::25.766*3.47] mapped 332670 sequences
[M::worker_pipeline::26.494*3.47] mapped 332710 sequences
[M::worker_pipeline::27.148*3.46] mapped 332636 sequences
[M::worker_pipeline::27.849*3.46] mapped 332626 sequences
[M::worker_pipeline::28.591*3.45] mapped 332638 sequences
[M::worker_pipeline::29.144*3.46] mapped 332692 sequences
[M::worker_pipeline::29.833*3.46] mapped 332590 sequences
[M::worker_pipeline::30.413*3.47] mapped 332566 sequences
[M::worker_pipeline::31.097*3.46] mapped 332636 sequences
[M::worker_pipeline::31.755*3.46] mapped 332672 sequences
[M::worker_pipeline::32.431*3.47] mapped 332654 sequences
[M::worker_pipeline::33.104*3.47] mapped 332630 sequences
[M::worker_pipeline::33.678*3.48] mapped 332680 sequences
[M::worker_pipeline::34.312*3.48] mapped 332662 sequences
[M::worker_pipeline::34.968*3.48] mapped 332774 sequences
[M::worker_pipeline::35.708*3.48] mapped 332760 sequences
[M::worker_pipeline::36.411*3.47] mapped 332764 sequences
[M::worker_pipeline::37.227*3.46] mapped 332774 sequences
[M::worker_pipeline::38.156*3.44] mapped 332816 sequences
[M::worker_pipeline::38.972*3.43] mapped 332710 sequences
[M::worker_pipeline::39.622*3.43] mapped 332688 sequences
[M::worker_pipeline::40.242*3.44] mapped 332682 sequences
[M::worker_pipeline::40.828*3.44] mapped 332714 sequences
[M::worker_pipeline::41.627*3.44] mapped 332874 sequences
[M::worker_pipeline::42.201*3.45] mapped 332838 sequences
[M::worker_pipeline::42.751*3.46] mapped 332860 sequences
[M::worker_pipeline::43.527*3.45] mapped 332926 sequences
[M::worker_pipeline::44.113*3.46] mapped 333062 sequences
[M::worker_pipeline::44.746*3.46] mapped 333070 sequences
[M::worker_pipeline::45.465*3.46] mapped 333332 sequences
[M::worker_pipeline::46.088*3.46] mapped 333170 sequences
[M::worker_pipeline::46.803*3.47] mapped 333302 sequences
[M::worker_pipeline::47.449*3.47] mapped 333252 sequences
[M::worker_pipeline::48.019*3.47] mapped 333292 sequences
[M::worker_pipeline::48.649*3.48] mapped 333378 sequences
[M::worker_pipeline::49.325*3.48] mapped 332976 sequences
[M::worker_pipeline::49.921*3.48] mapped 332672 sequences
[M::worker_pipeline::50.584*3.49] mapped 332630 sequences
[M::worker_pipeline::51.164*3.49] mapped 332556 sequences
[M::worker_pipeline::51.808*3.49] mapped 332494 sequences
[M::worker_pipeline::52.508*3.49] mapped 332466 sequences
[M::worker_pipeline::53.180*3.49] mapped 332398 sequences
[M::worker_pipeline::53.735*3.50] mapped 332390 sequences
[M::worker_pipeline::54.449*3.50] mapped 332364 sequences
[M::worker_pipeline::55.081*3.50] mapped 332308 sequences
[M::worker_pipeline::55.688*3.50] mapped 332408 sequences
[M::worker_pipeline::56.337*3.50] mapped 332336 sequences
[M::worker_pipeline::56.993*3.50] mapped 332390 sequences
[M::worker_pipeline::57.640*3.50] mapped 332312 sequences
[M::worker_pipeline::58.266*3.50] mapped 332324 sequences
[M::worker_pipeline::58.925*3.51] mapped 332388 sequences
[M::worker_pipeline::59.540*3.51] mapped 332296 sequences
[M::worker_pipeline::60.237*3.51] mapped 332308 sequences
[M::worker_pipeline::60.798*3.51] mapped 332372 sequences
[M::worker_pipeline::61.481*3.51] mapped 332374 sequences
[M::worker_pipeline::62.138*3.51] mapped 332412 sequences
[M::worker_pipeline::62.754*3.51] mapped 332484 sequences
[M::worker_pipeline::63.469*3.51] mapped 332620 sequences
[M::worker_pipeline::64.109*3.51] mapped 332652 sequences
[M::worker_pipeline::64.753*3.51] mapped 332694 sequences
[M::worker_pipeline::65.343*3.52] mapped 332712 sequences
[M::worker_pipeline::65.994*3.52] mapped 332558 sequences
[M::worker_pipeline::66.646*3.52] mapped 332596 sequences
[M::worker_pipeline::67.297*3.52] mapped 332504 sequences
[M::worker_pipeline::67.980*3.52] mapped 332432 sequences
[M::worker_pipeline::68.629*3.52] mapped 332474 sequences
[M::worker_pipeline::69.266*3.52] mapped 332410 sequences
[M::worker_pipeline::69.863*3.52] mapped 332454 sequences
[M::worker_pipeline::75.234*3.36] mapped 332384 sequences
[M::worker_pipeline::75.424*3.35] mapped 332524 sequences
[M::worker_pipeline::75.625*3.35] mapped 332538 sequences
[M::worker_pipeline::76.167*3.35] mapped 332670 sequences
[M::worker_pipeline::76.845*3.36] mapped 332772 sequences
[M::worker_pipeline::77.430*3.36] mapped 332562 sequences
[M::worker_pipeline::78.108*3.36] mapped 332454 sequences
[M::worker_pipeline::78.728*3.36] mapped 332396 sequences
[M::worker_pipeline::79.363*3.37] mapped 332394 sequences
[M::worker_pipeline::80.069*3.37] mapped 332314 sequences
[M::worker_pipeline::80.713*3.37] mapped 332346 sequences
[M::worker_pipeline::81.424*3.37] mapped 332346 sequences
[M::worker_pipeline::82.091*3.37] mapped 332390 sequences
[M::worker_pipeline::82.690*3.37] mapped 332386 sequences
[M::worker_pipeline::83.382*3.38] mapped 332416 sequences
[M::worker_pipeline::83.985*3.38] mapped 332400 sequences
[M::worker_pipeline::84.615*3.38] mapped 332408 sequences
[M::worker_pipeline::85.237*3.39] mapped 332352 sequences
[M::worker_pipeline::85.798*3.39] mapped 332264 sequences
[M::worker_pipeline::86.462*3.39] mapped 332298 sequences
[M::worker_pipeline::87.136*3.39] mapped 332340 sequences
[M::worker_pipeline::87.726*3.39] mapped 332324 sequences
[M::worker_pipeline::88.415*3.40] mapped 332386 sequences
[M::worker_pipeline::88.952*3.40] mapped 332320 sequences
[M::worker_pipeline::89.618*3.40] mapped 332296 sequences
[M::worker_pipeline::90.250*3.40] mapped 332274 sequences
[M::worker_pipeline::90.885*3.41] mapped 332196 sequences
[M::worker_pipeline::91.493*3.41] mapped 332238 sequences
[M::worker_pipeline::92.145*3.41] mapped 332300 sequences
[M::worker_pipeline::92.738*3.41] mapped 332328 sequences
[M::worker_pipeline::93.321*3.41] mapped 332292 sequences
[M::worker_pipeline::94.023*3.41] mapped 332376 sequences
[M::worker_pipeline::94.650*3.42] mapped 332374 sequences
[M::worker_pipeline::95.249*3.42] mapped 332354 sequences
[M::worker_pipeline::95.930*3.42] mapped 332370 sequences
[M::worker_pipeline::96.663*3.42] mapped 332360 sequences
[M::worker_pipeline::97.325*3.42] mapped 332386 sequences
[M::worker_pipeline::97.959*3.42] mapped 332410 sequences
[M::worker_pipeline::98.663*3.42] mapped 332362 sequences
[M::worker_pipeline::99.286*3.42] mapped 332348 sequences
[M::worker_pipeline::99.863*3.42] mapped 332440 sequences
[M::worker_pipeline::100.592*3.42] mapped 332596 sequences
[M::worker_pipeline::101.267*3.42] mapped 332680 sequences
[M::worker_pipeline::101.907*3.42] mapped 332616 sequences
[M::worker_pipeline::102.760*3.42] mapped 332518 sequences
[M::worker_pipeline::103.647*3.41] mapped 332508 sequences
[M::worker_pipeline::104.615*3.40] mapped 332520 sequences
[M::worker_pipeline::105.405*3.39] mapped 332422 sequences
[M::worker_pipeline::106.022*3.40] mapped 332418 sequences
[M::worker_pipeline::106.590*3.40] mapped 332432 sequences
[M::worker_pipeline::107.208*3.40] mapped 332460 sequences
[M::worker_pipeline::107.848*3.40] mapped 332386 sequences
[M::worker_pipeline::108.446*3.41] mapped 332370 sequences
[M::worker_pipeline::109.141*3.41] mapped 332354 sequences
[M::worker_pipeline::109.696*3.41] mapped 332358 sequences
[M::worker_pipeline::110.362*3.41] mapped 332304 sequences
[M::worker_pipeline::111.057*3.41] mapped 332284 sequences
[M::worker_pipeline::111.675*3.41] mapped 332280 sequences
[M::worker_pipeline::112.337*3.42] mapped 332340 sequences
[M::worker_pipeline::113.024*3.41] mapped 332288 sequences
[M::worker_pipeline::113.607*3.42] mapped 332300 sequences
[M::worker_pipeline::114.239*3.42] mapped 332340 sequences
[M::worker_pipeline::114.858*3.42] mapped 332374 sequences
[M::worker_pipeline::115.480*3.42] mapped 332396 sequences
[M::worker_pipeline::116.224*3.42] mapped 332522 sequences
[M::worker_pipeline::116.839*3.42] mapped 332492 sequences
[M::worker_pipeline::117.506*3.42] mapped 332500 sequences
[M::worker_pipeline::118.199*3.42] mapped 332478 sequences
[M::worker_pipeline::118.793*3.43] mapped 332392 sequences
[M::worker_pipeline::119.453*3.43] mapped 332380 sequences
[M::worker_pipeline::120.121*3.43] mapped 332278 sequences
[M::worker_pipeline::120.685*3.43] mapped 332230 sequences
[M::worker_pipeline::121.360*3.43] mapped 332290 sequences
[M::worker_pipeline::122.040*3.43] mapped 332280 sequences
[M::worker_pipeline::122.674*3.43] mapped 332358 sequences
[M::worker_pipeline::123.325*3.43] mapped 332404 sequences
[M::worker_pipeline::123.971*3.43] mapped 332340 sequences
[M::worker_pipeline::124.618*3.43] mapped 332594 sequences
[M::worker_pipeline::125.237*3.44] mapped 332482 sequences
[M::worker_pipeline::125.825*3.44] mapped 332376 sequences
[M::worker_pipeline::126.512*3.44] mapped 332358 sequences
[M::worker_pipeline::127.153*3.44] mapped 332348 sequences
[M::worker_pipeline::127.739*3.44] mapped 332344 sequences
[M::worker_pipeline::128.462*3.44] mapped 332652 sequences
[M::worker_pipeline::129.039*3.45] mapped 332404 sequences
[M::worker_pipeline::129.685*3.45] mapped 332330 sequences
[M::worker_pipeline::130.375*3.45] mapped 332322 sequences
[M::worker_pipeline::131.024*3.45] mapped 332328 sequences
[M::worker_pipeline::131.663*3.45] mapped 332360 sequences
[M::worker_pipeline::132.236*3.45] mapped 332336 sequences
[M::worker_pipeline::132.942*3.45] mapped 332354 sequences
[M::worker_pipeline::133.566*3.45] mapped 332258 sequences
[M::worker_pipeline::134.140*3.45] mapped 332278 sequences
[M::worker_pipeline::134.761*3.46] mapped 332320 sequences
[M::worker_pipeline::135.422*3.46] mapped 332330 sequences
[M::worker_pipeline::136.085*3.46] mapped 332376 sequences
[M::worker_pipeline::136.708*3.46] mapped 332382 sequences
[M::worker_pipeline::137.338*3.46] mapped 332314 sequences
[M::worker_pipeline::137.967*3.46] mapped 332242 sequences
[M::worker_pipeline::138.546*3.46] mapped 332292 sequences
[M::worker_pipeline::139.271*3.46] mapped 332272 sequences
[M::worker_pipeline::139.898*3.47] mapped 332332 sequences
[M::worker_pipeline::140.539*3.47] mapped 332360 sequences
[M::worker_pipeline::141.187*3.47] mapped 332378 sequences
[M::worker_pipeline::141.820*3.47] mapped 332420 sequences
[M::worker_pipeline::142.408*3.47] mapped 332410 sequences
[M::worker_pipeline::147.710*3.39] mapped 332514 sequences
[M::worker_pipeline::147.893*3.39] mapped 332542 sequences
[M::worker_pipeline::148.072*3.39] mapped 332512 sequences
[M::worker_pipeline::148.689*3.39] mapped 332522 sequences
[M::worker_pipeline::149.329*3.39] mapped 332588 sequences
[M::worker_pipeline::149.946*3.39] mapped 332630 sequences
[M::worker_pipeline::150.623*3.39] mapped 332654 sequences
[M::worker_pipeline::151.242*3.39] mapped 332614 sequences
[M::worker_pipeline::151.934*3.39] mapped 332568 sequences
[M::worker_pipeline::152.608*3.39] mapped 332684 sequences
[M::worker_pipeline::153.193*3.40] mapped 333016 sequences
[M::worker_pipeline::153.845*3.40] mapped 332832 sequences
[M::worker_pipeline::154.470*3.40] mapped 332826 sequences
[M::worker_pipeline::155.144*3.40] mapped 332898 sequences
[M::worker_pipeline::155.781*3.40] mapped 332766 sequences
[M::worker_pipeline::156.368*3.40] mapped 332764 sequences
[M::worker_pipeline::157.110*3.40] mapped 332684 sequences
[M::worker_pipeline::157.593*3.41] mapped 332598 sequences
[M::worker_pipeline::158.305*3.41] mapped 332620 sequences
[M::worker_pipeline::158.895*3.41] mapped 332548 sequences
[M::worker_pipeline::159.511*3.41] mapped 332598 sequences
[M::worker_pipeline::160.138*3.41] mapped 332504 sequences
[M::worker_pipeline::160.808*3.41] mapped 332600 sequences
[M::worker_pipeline::161.415*3.41] mapped 332582 sequences
[M::worker_pipeline::162.073*3.41] mapped 332560 sequences
[M::worker_pipeline::162.589*3.42] mapped 332526 sequences
[M::worker_pipeline::163.243*3.42] mapped 332506 sequences
[M::worker_pipeline::163.894*3.42] mapped 332512 sequences
[M::worker_pipeline::164.515*3.42] mapped 332518 sequences
[M::worker_pipeline::165.132*3.42] mapped 332562 sequences
[M::worker_pipeline::165.765*3.42] mapped 332606 sequences
[M::worker_pipeline::166.412*3.42] mapped 332588 sequences
[M::worker_pipeline::167.048*3.43] mapped 332610 sequences
[M::worker_pipeline::167.685*3.43] mapped 332636 sequences
[M::worker_pipeline::168.369*3.43] mapped 332700 sequences
[M::worker_pipeline::168.914*3.43] mapped 332684 sequences
[M::worker_pipeline::169.663*3.43] mapped 332644 sequences
[M::worker_pipeline::170.260*3.43] mapped 332632 sequences
[M::worker_pipeline::170.907*3.43] mapped 332648 sequences
[M::worker_pipeline::171.595*3.43] mapped 332616 sequences
[M::worker_pipeline::172.246*3.43] mapped 332626 sequences
[M::worker_pipeline::172.859*3.43] mapped 332522 sequences
[M::worker_pipeline::173.533*3.43] mapped 332622 sequences
[M::worker_pipeline::174.155*3.43] mapped 332506 sequences
[M::worker_pipeline::174.842*3.43] mapped 332442 sequences
[M::worker_pipeline::175.419*3.43] mapped 332530 sequences
[M::worker_pipeline::176.150*3.43] mapped 332614 sequences
[M::worker_pipeline::176.750*3.44] mapped 332558 sequences
[M::worker_pipeline::177.454*3.44] mapped 332578 sequences
[M::worker_pipeline::178.106*3.44] mapped 332578 sequences
[M::worker_pipeline::178.713*3.44] mapped 332554 sequences
[M::worker_pipeline::179.388*3.44] mapped 332544 sequences
[M::worker_pipeline::180.087*3.44] mapped 332530 sequences
[M::worker_pipeline::180.650*3.44] mapped 332534 sequences
[M::worker_pipeline::181.354*3.44] mapped 332544 sequences
[M::worker_pipeline::181.955*3.44] mapped 332492 sequences
[M::worker_pipeline::182.549*3.44] mapped 332516 sequences
[M::worker_pipeline::183.322*3.44] mapped 332476 sequences
[M::worker_pipeline::183.864*3.44] mapped 332508 sequences
[M::worker_pipeline::184.501*3.44] mapped 332488 sequences
[M::worker_pipeline::185.148*3.44] mapped 332466 sequences
[M::worker_pipeline::185.748*3.45] mapped 332440 sequences
[M::worker_pipeline::186.419*3.45] mapped 332426 sequences
[M::worker_pipeline::187.106*3.45] mapped 332430 sequences
[M::worker_pipeline::187.667*3.45] mapped 332382 sequences
[M::worker_pipeline::188.380*3.45] mapped 332392 sequences
[M::worker_pipeline::189.027*3.45] mapped 332352 sequences
[M::worker_pipeline::189.574*3.45] mapped 332388 sequences
[M::worker_pipeline::190.234*3.45] mapped 332384 sequences
[M::worker_pipeline::190.897*3.45] mapped 332394 sequences
[M::worker_pipeline::191.495*3.45] mapped 332452 sequences
[M::worker_pipeline::192.143*3.45] mapped 332434 sequences
[M::worker_pipeline::192.843*3.45] mapped 332400 sequences
[M::worker_pipeline::193.421*3.46] mapped 332490 sequences
[M::worker_pipeline::194.072*3.46] mapped 332494 sequences
[M::worker_pipeline::194.750*3.46] mapped 332492 sequences
[M::worker_pipeline::195.362*3.46] mapped 332460 sequences
[M::worker_pipeline::196.122*3.46] mapped 332440 sequences
[M::worker_pipeline::196.683*3.46] mapped 332424 sequences
[M::worker_pipeline::197.354*3.46] mapped 332424 sequences
[M::worker_pipeline::198.130*3.46] mapped 332400 sequences
[M::worker_pipeline::198.774*3.46] mapped 332480 sequences
[M::worker_pipeline::199.425*3.46] mapped 332718 sequences
[M::worker_pipeline::200.131*3.46] mapped 332588 sequences
[M::worker_pipeline::200.833*3.46] mapped 332516 sequences
[M::worker_pipeline::201.441*3.46] mapped 332562 sequences
[M::worker_pipeline::202.118*3.46] mapped 332530 sequences
[M::worker_pipeline::202.704*3.46] mapped 332512 sequences
[M::worker_pipeline::203.409*3.46] mapped 332556 sequences
[M::worker_pipeline::204.006*3.46] mapped 332472 sequences
[M::worker_pipeline::204.647*3.46] mapped 332392 sequences
[M::worker_pipeline::205.325*3.46] mapped 332380 sequences
[M::worker_pipeline::206.133*3.46] mapped 332376 sequences
[M::worker_pipeline::206.745*3.46] mapped 332378 sequences
[M::worker_pipeline::207.348*3.46] mapped 332374 sequences
[M::worker_pipeline::208.040*3.46] mapped 332350 sequences
[M::worker_pipeline::208.617*3.46] mapped 332378 sequences
[M::worker_pipeline::209.314*3.46] mapped 332358 sequences
[M::worker_pipeline::210.082*3.45] mapped 332342 sequences
[M::worker_pipeline::210.734*3.45] mapped 332338 sequences
[M::worker_pipeline::211.375*3.45] mapped 332360 sequences
[M::worker_pipeline::211.935*3.45] mapped 332370 sequences
[M::worker_pipeline::212.608*3.45] mapped 332396 sequences
[M::worker_pipeline::213.362*3.45] mapped 332506 sequences
[M::worker_pipeline::214.050*3.45] mapped 332534 sequences
[M::worker_pipeline::219.488*3.39] mapped 332472 sequences
[M::worker_pipeline::219.670*3.39] mapped 332530 sequences
[M::worker_pipeline::219.863*3.39] mapped 332486 sequences
[M::worker_pipeline::220.473*3.39] mapped 332446 sequences
[M::worker_pipeline::221.175*3.39] mapped 332398 sequences
[M::worker_pipeline::221.862*3.39] mapped 332390 sequences
[M::worker_pipeline::222.546*3.39] mapped 332456 sequences
[M::worker_pipeline::223.237*3.39] mapped 332458 sequences
[M::worker_pipeline::223.856*3.39] mapped 332468 sequences
[M::worker_pipeline::224.580*3.39] mapped 332444 sequences
[M::worker_pipeline::225.241*3.39] mapped 332530 sequences
[M::worker_pipeline::225.826*3.39] mapped 332374 sequences
[M::worker_pipeline::226.573*3.39] mapped 332356 sequences
[M::worker_pipeline::227.260*3.39] mapped 332364 sequences
[M::worker_pipeline::227.891*3.39] mapped 332316 sequences
[M::worker_pipeline::228.655*3.39] mapped 332530 sequences
[M::worker_pipeline::229.257*3.39] mapped 332394 sequences
[M::worker_pipeline::229.940*3.39] mapped 332324 sequences
[M::worker_pipeline::230.607*3.39] mapped 332370 sequences
[M::worker_pipeline::231.298*3.39] mapped 332426 sequences
[M::worker_pipeline::232.013*3.38] mapped 332292 sequences
[M::worker_pipeline::232.653*3.38] mapped 332340 sequences
[M::worker_pipeline::233.327*3.38] mapped 332414 sequences
[M::worker_pipeline::234.113*3.38] mapped 332428 sequences
[M::worker_pipeline::234.948*3.38] mapped 332344 sequences
[M::worker_pipeline::236.117*3.37] mapped 332432 sequences
[M::worker_pipeline::236.947*3.37] mapped 332338 sequences
[M::worker_pipeline::237.755*3.37] mapped 332312 sequences
[M::worker_pipeline::238.758*3.36] mapped 332330 sequences
[M::worker_pipeline::239.423*3.36] mapped 332290 sequences
[M::worker_pipeline::239.973*3.36] mapped 332256 sequences
[M::worker_pipeline::240.759*3.36] mapped 332308 sequences
[M::worker_pipeline::241.447*3.36] mapped 332236 sequences
[M::worker_pipeline::242.067*3.36] mapped 332226 sequences
[M::worker_pipeline::242.738*3.36] mapped 332320 sequences
[M::worker_pipeline::243.386*3.36] mapped 332414 sequences
[M::worker_pipeline::244.063*3.36] mapped 332314 sequences
[M::worker_pipeline::244.746*3.37] mapped 332340 sequences
[M::worker_pipeline::245.354*3.37] mapped 332246 sequences
[M::worker_pipeline::246.012*3.37] mapped 332256 sequences
[M::worker_pipeline::246.520*3.37] mapped 332272 sequences
[M::worker_pipeline::247.160*3.37] mapped 332276 sequences
[M::worker_pipeline::247.897*3.37] mapped 332330 sequences
[M::worker_pipeline::248.475*3.37] mapped 332338 sequences
[M::worker_pipeline::249.141*3.37] mapped 332374 sequences
[M::worker_pipeline::249.777*3.37] mapped 332322 sequences
[M::worker_pipeline::250.500*3.37] mapped 332316 sequences
[M::worker_pipeline::251.091*3.37] mapped 332288 sequences
[M::worker_pipeline::251.658*3.38] mapped 332378 sequences
[M::worker_pipeline::252.285*3.38] mapped 332462 sequences
[M::worker_pipeline::252.932*3.38] mapped 332520 sequences
[M::worker_pipeline::253.563*3.38] mapped 332630 sequences
[M::worker_pipeline::254.239*3.38] mapped 332426 sequences
[M::worker_pipeline::254.888*3.38] mapped 332398 sequences
[M::worker_pipeline::255.603*3.38] mapped 332374 sequences
[M::worker_pipeline::256.251*3.38] mapped 332340 sequences
[M::worker_pipeline::256.843*3.38] mapped 332364 sequences
[M::worker_pipeline::257.502*3.38] mapped 332270 sequences
[M::worker_pipeline::258.136*3.38] mapped 332294 sequences
[M::worker_pipeline::258.818*3.38] mapped 332294 sequences
[M::worker_pipeline::259.416*3.38] mapped 332274 sequences
[M::worker_pipeline::260.256*3.38] mapped 332252 sequences
[M::worker_pipeline::260.760*3.38] mapped 332250 sequences
[M::worker_pipeline::261.353*3.38] mapped 332294 sequences
[M::worker_pipeline::262.090*3.38] mapped 332276 sequences
[M::worker_pipeline::262.722*3.39] mapped 332240 sequences
[M::worker_pipeline::263.381*3.39] mapped 332188 sequences
[M::worker_pipeline::263.990*3.39] mapped 332230 sequences
[M::worker_pipeline::264.622*3.39] mapped 332332 sequences
[M::worker_pipeline::265.321*3.39] mapped 332226 sequences
[M::worker_pipeline::265.907*3.39] mapped 332312 sequences
[M::worker_pipeline::266.586*3.39] mapped 332290 sequences
[M::worker_pipeline::267.165*3.39] mapped 332260 sequences
[M::worker_pipeline::267.789*3.39] mapped 332268 sequences
[M::worker_pipeline::268.436*3.39] mapped 332286 sequences
[M::worker_pipeline::269.092*3.39] mapped 332262 sequences
[M::worker_pipeline::269.820*3.39] mapped 332248 sequences
[M::worker_pipeline::270.386*3.39] mapped 332236 sequences
[M::worker_pipeline::271.070*3.39] mapped 332256 sequences
[M::worker_pipeline::271.748*3.39] mapped 332214 sequences
[M::worker_pipeline::272.455*3.39] mapped 332234 sequences
[M::worker_pipeline::273.108*3.39] mapped 332246 sequences
[M::worker_pipeline::273.740*3.39] mapped 332238 sequences
[M::worker_pipeline::274.406*3.39] mapped 332190 sequences
[M::worker_pipeline::275.059*3.39] mapped 332198 sequences
[M::worker_pipeline::275.740*3.40] mapped 332328 sequences
[M::worker_pipeline::276.349*3.40] mapped 332280 sequences
[M::worker_pipeline::276.965*3.40] mapped 332330 sequences
[M::worker_pipeline::277.678*3.40] mapped 332270 sequences
[M::worker_pipeline::278.362*3.40] mapped 332214 sequences
[M::worker_pipeline::279.041*3.40] mapped 332242 sequences
[M::worker_pipeline::279.786*3.39] mapped 332300 sequences
[M::worker_pipeline::280.434*3.39] mapped 332466 sequences
[M::worker_pipeline::281.174*3.39] mapped 332242 sequences
[M::worker_pipeline::281.949*3.39] mapped 332240 sequences
[M::worker_pipeline::282.615*3.39] mapped 332190 sequences
[M::worker_pipeline::283.292*3.39] mapped 332256 sequences
[M::worker_pipeline::283.915*3.39] mapped 332212 sequences
[M::worker_pipeline::284.655*3.39] mapped 332278 sequences
[M::worker_pipeline::285.525*3.39] mapped 332208 sequences
[M::worker_pipeline::286.392*3.39] mapped 332288 sequences
[M::worker_pipeline::287.249*3.39] mapped 332242 sequences
[M::worker_pipeline::288.119*3.38] mapped 332222 sequences
[M::worker_pipeline::288.972*3.38] mapped 332196 sequences
[M::worker_pipeline::289.656*3.38] mapped 332190 sequences
[M::worker_pipeline::290.354*3.38] mapped 332210 sequences
[M::worker_pipeline::295.462*3.34] mapped 332264 sequences
[M::worker_pipeline::295.666*3.34] mapped 332370 sequences
[M::worker_pipeline::295.857*3.34] mapped 332264 sequences
[M::worker_pipeline::296.404*3.34] mapped 332158 sequences
[M::worker_pipeline::297.001*3.34] mapped 332236 sequences
[M::worker_pipeline::297.655*3.34] mapped 332216 sequences
[M::worker_pipeline::298.218*3.35] mapped 332318 sequences
[M::worker_pipeline::298.868*3.35] mapped 332364 sequences
[M::worker_pipeline::299.536*3.35] mapped 332350 sequences
[M::worker_pipeline::300.140*3.35] mapped 332376 sequences
[M::worker_pipeline::300.794*3.35] mapped 332382 sequences
[M::worker_pipeline::301.450*3.35] mapped 332466 sequences
[M::worker_pipeline::302.040*3.35] mapped 332414 sequences
[M::worker_pipeline::302.786*3.35] mapped 332340 sequences
[M::worker_pipeline::303.333*3.35] mapped 332396 sequences
[M::worker_pipeline::303.984*3.35] mapped 332456 sequences
[M::worker_pipeline::304.631*3.35] mapped 332490 sequences
[M::worker_pipeline::305.310*3.35] mapped 332556 sequences
[M::worker_pipeline::305.892*3.35] mapped 332538 sequences
[M::worker_pipeline::306.573*3.35] mapped 332434 sequences
[M::worker_pipeline::307.180*3.35] mapped 332522 sequences
[M::worker_pipeline::307.828*3.36] mapped 332494 sequences
[M::worker_pipeline::308.552*3.35] mapped 332352 sequences
[M::worker_pipeline::309.134*3.36] mapped 332426 sequences
[M::worker_pipeline::309.847*3.36] mapped 332398 sequences
[M::worker_pipeline::310.473*3.36] mapped 332278 sequences
[M::worker_pipeline::311.114*3.36] mapped 332300 sequences
[M::worker_pipeline::311.767*3.36] mapped 332356 sequences
[M::worker_pipeline::312.348*3.36] mapped 332282 sequences
[M::worker_pipeline::313.003*3.36] mapped 332314 sequences
[M::worker_pipeline::313.668*3.36] mapped 332224 sequences
[M::worker_pipeline::314.371*3.36] mapped 332300 sequences
[M::worker_pipeline::314.946*3.36] mapped 332336 sequences
[M::worker_pipeline::315.600*3.36] mapped 332250 sequences
[M::worker_pipeline::316.274*3.36] mapped 332262 sequences
[M::worker_pipeline::316.950*3.36] mapped 332234 sequences
[M::worker_pipeline::317.559*3.36] mapped 332262 sequences
[M::worker_pipeline::318.199*3.36] mapped 332258 sequences
[M::worker_pipeline::318.826*3.36] mapped 332326 sequences
[M::worker_pipeline::319.433*3.36] mapped 332252 sequences
[M::worker_pipeline::320.097*3.37] mapped 332340 sequences
[M::worker_pipeline::320.765*3.37] mapped 332364 sequences
[M::worker_pipeline::321.417*3.37] mapped 332452 sequences
[M::worker_pipeline::322.075*3.37] mapped 332396 sequences
[M::worker_pipeline::322.729*3.37] mapped 332282 sequences
[M::worker_pipeline::323.392*3.37] mapped 332296 sequences
[M::worker_pipeline::324.036*3.37] mapped 332310 sequences
[M::worker_pipeline::324.668*3.37] mapped 332336 sequences
[M::worker_pipeline::325.281*3.37] mapped 332254 sequences
[M::worker_pipeline::325.947*3.37] mapped 332344 sequences
[M::worker_pipeline::326.579*3.37] mapped 332306 sequences
[M::worker_pipeline::327.158*3.37] mapped 332246 sequences
[M::worker_pipeline::327.866*3.37] mapped 332272 sequences
[M::worker_pipeline::328.518*3.37] mapped 332212 sequences
[M::worker_pipeline::329.122*3.37] mapped 332312 sequences
[M::worker_pipeline::329.799*3.37] mapped 332280 sequences
[M::worker_pipeline::330.404*3.37] mapped 332214 sequences
[M::worker_pipeline::331.101*3.37] mapped 332246 sequences
[M::worker_pipeline::331.780*3.37] mapped 332242 sequences
[M::worker_pipeline::332.441*3.37] mapped 332496 sequences
[M::worker_pipeline::333.065*3.37] mapped 332534 sequences
[M::worker_pipeline::333.730*3.37] mapped 332246 sequences
[M::worker_pipeline::334.410*3.38] mapped 332264 sequences
[M::worker_pipeline::335.033*3.38] mapped 332356 sequences
[M::worker_pipeline::335.716*3.38] mapped 332250 sequences
[M::worker_pipeline::336.296*3.38] mapped 332186 sequences
[M::worker_pipeline::336.862*3.38] mapped 332260 sequences
[M::worker_pipeline::337.506*3.38] mapped 332194 sequences
[M::worker_pipeline::338.139*3.38] mapped 332154 sequences
[M::worker_pipeline::338.753*3.38] mapped 332150 sequences
[M::worker_pipeline::339.472*3.38] mapped 332156 sequences
[M::worker_pipeline::340.072*3.38] mapped 332146 sequences
[M::worker_pipeline::340.745*3.38] mapped 332206 sequences
[M::worker_pipeline::341.357*3.38] mapped 332496 sequences
[M::worker_pipeline::341.959*3.38] mapped 332166 sequences
[M::worker_pipeline::342.609*3.38] mapped 332112 sequences
[M::worker_pipeline::343.266*3.39] mapped 332068 sequences
[M::worker_pipeline::343.889*3.39] mapped 332110 sequences
[M::worker_pipeline::344.491*3.39] mapped 332106 sequences
[M::worker_pipeline::345.165*3.39] mapped 332160 sequences
[M::worker_pipeline::345.779*3.39] mapped 332262 sequences
[M::worker_pipeline::346.463*3.39] mapped 332174 sequences
[M::worker_pipeline::347.116*3.39] mapped 332226 sequences
[M::worker_pipeline::347.797*3.39] mapped 332268 sequences
[M::worker_pipeline::348.451*3.39] mapped 332298 sequences
[M::worker_pipeline::349.135*3.39] mapped 332154 sequences
[M::worker_pipeline::349.758*3.39] mapped 332234 sequences
[M::worker_pipeline::350.539*3.39] mapped 332240 sequences
[M::worker_pipeline::351.138*3.39] mapped 332206 sequences
[M::worker_pipeline::351.796*3.39] mapped 332216 sequences
[M::worker_pipeline::352.359*3.39] mapped 332290 sequences
[M::worker_pipeline::353.180*3.39] mapped 332478 sequences
[M::worker_pipeline::353.879*3.39] mapped 332662 sequences
[M::worker_pipeline::354.602*3.39] mapped 332746 sequences
[M::worker_pipeline::355.124*3.39] mapped 332794 sequences
[M::worker_pipeline::355.756*3.39] mapped 332696 sequences
[M::worker_pipeline::356.328*3.39] mapped 332604 sequences
[M::worker_pipeline::356.921*3.39] mapped 332646 sequences
[M::worker_pipeline::357.583*3.40] mapped 332528 sequences
[M::worker_pipeline::358.170*3.40] mapped 332566 sequences
[M::worker_pipeline::358.738*3.40] mapped 332666 sequences
[M::worker_pipeline::359.399*3.40] mapped 332598 sequences
[M::worker_pipeline::360.050*3.40] mapped 332556 sequences
[M::worker_pipeline::360.661*3.40] mapped 332514 sequences
[M::worker_pipeline::361.381*3.40] mapped 332550 sequences
[M::worker_pipeline::362.009*3.40] mapped 332538 sequences
[M::worker_pipeline::367.330*3.37] mapped 332494 sequences
[M::worker_pipeline::367.496*3.37] mapped 332474 sequences
[M::worker_pipeline::367.692*3.37] mapped 332490 sequences
[M::worker_pipeline::368.225*3.37] mapped 332490 sequences
[M::worker_pipeline::368.933*3.37] mapped 332498 sequences
[M::worker_pipeline::369.585*3.37] mapped 332498 sequences
[M::worker_pipeline::370.216*3.37] mapped 332536 sequences
[M::worker_pipeline::370.843*3.37] mapped 332522 sequences
[M::worker_pipeline::371.515*3.37] mapped 332528 sequences
[M::worker_pipeline::372.142*3.37] mapped 332486 sequences
[M::worker_pipeline::372.700*3.37] mapped 332504 sequences
[M::worker_pipeline::373.377*3.37] mapped 332526 sequences
[M::worker_pipeline::373.993*3.37] mapped 332440 sequences
[M::worker_pipeline::374.597*3.37] mapped 332490 sequences
[M::worker_pipeline::375.313*3.37] mapped 332452 sequences
[M::worker_pipeline::375.934*3.37] mapped 332444 sequences
[M::worker_pipeline::376.598*3.37] mapped 332428 sequences
[M::worker_pipeline::377.289*3.37] mapped 332430 sequences
[M::worker_pipeline::377.967*3.37] mapped 332454 sequences
[M::worker_pipeline::378.635*3.37] mapped 332502 sequences
[M::worker_pipeline::379.293*3.37] mapped 332562 sequences
[M::worker_pipeline::379.870*3.38] mapped 332398 sequences
[M::worker_pipeline::380.653*3.38] mapped 332494 sequences
[M::worker_pipeline::381.166*3.38] mapped 332418 sequences
[M::worker_pipeline::381.787*3.38] mapped 332428 sequences
[M::worker_pipeline::382.435*3.38] mapped 332508 sequences
[M::worker_pipeline::383.064*3.38] mapped 332570 sequences
[M::worker_pipeline::383.736*3.38] mapped 332538 sequences
[M::worker_pipeline::384.372*3.38] mapped 332466 sequences
[M::worker_pipeline::385.007*3.38] mapped 332458 sequences
[M::worker_pipeline::385.559*3.38] mapped 332494 sequences
[M::worker_pipeline::386.156*3.38] mapped 332524 sequences
[M::worker_pipeline::386.807*3.38] mapped 332552 sequences
[M::worker_pipeline::387.331*3.38] mapped 332468 sequences
[M::worker_pipeline::388.021*3.38] mapped 332396 sequences
[M::worker_pipeline::388.842*3.38] mapped 332430 sequences
[M::worker_pipeline::389.295*3.38] mapped 332404 sequences
[M::worker_pipeline::389.968*3.39] mapped 332390 sequences
[M::worker_pipeline::390.579*3.39] mapped 332380 sequences
[M::worker_pipeline::391.174*3.39] mapped 332332 sequences
[M::worker_pipeline::391.818*3.39] mapped 332480 sequences
[M::worker_pipeline::392.412*3.39] mapped 332326 sequences
[M::worker_pipeline::393.095*3.39] mapped 332300 sequences
[M::worker_pipeline::393.747*3.39] mapped 332316 sequences
[M::worker_pipeline::394.336*3.39] mapped 332422 sequences
[M::worker_pipeline::394.948*3.39] mapped 332342 sequences
[M::worker_pipeline::395.614*3.39] mapped 332432 sequences
[M::worker_pipeline::396.192*3.39] mapped 332682 sequences
[M::worker_pipeline::396.817*3.39] mapped 332636 sequences
[M::worker_pipeline::397.481*3.39] mapped 332500 sequences
[M::worker_pipeline::398.163*3.39] mapped 332514 sequences
[M::worker_pipeline::398.764*3.39] mapped 332616 sequences
[M::worker_pipeline::399.420*3.39] mapped 332592 sequences
[M::worker_pipeline::400.044*3.39] mapped 332528 sequences
[M::worker_pipeline::400.810*3.39] mapped 332608 sequences
[M::worker_pipeline::401.389*3.39] mapped 332756 sequences
[M::worker_pipeline::402.026*3.39] mapped 332680 sequences
[M::worker_pipeline::402.598*3.39] mapped 332612 sequences
[M::worker_pipeline::403.336*3.39] mapped 332784 sequences
[M::worker_pipeline::403.365*3.39] mapped 46638 sequences
[M::main] Version: 2.22-r1101
[M::main] CMD: minimap2 --secondary=no -t 16 -R @RG\tID:snippy\tSM:snippy -ax sr /work/FAC/FBM/DMF/smitri/evomicrocomm/genome_size/data/ms/reference.fasta /work/FAC/FBM/DMF/smitri/evomicrocomm/genome_size/data/T11.3.3/read1.fq.gz /work/FAC/FBM/DMF/smitri/evomicrocomm/genome_size/data/T11.3.3/read2.fq.gz
[M::main] Real time: 403.391 sec; CPU: 1369.273 sec; Peak RSS: 0.487 GB
[bam_sort_core] merging from 80 files and 16 in-memory blocks...
[Sun Oct 17 22:48:40 2021]
Finished job 0.
1 of 1 steps (100%) done
