Building DAG of jobs...
Using shell: /usr/bin/bash
Provided cores: 16
Rules claiming more threads will be scaled down.
Select jobs to execute...

[Sun Oct 17 22:40:38 2021]
rule mapping:
    input: /work/FAC/FBM/DMF/smitri/evomicrocomm/genome_size/data/ct/reference.fasta, /work/FAC/FBM/DMF/smitri/evomicrocomm/genome_size/data/T11.4.4/read1.fq.gz, /work/FAC/FBM/DMF/smitri/evomicrocomm/genome_size/data/T11.4.4/read2.fq.gz
    output: /work/FAC/FBM/DMF/smitri/evomicrocomm/genome_size/data/T11.4.4/ct/mapped_reads.sorted.bam
    jobid: 0
    wildcards: sample=T11.4.4, strain=ct
    threads: 16
    resources: mem_mb=28643, disk_mb=28643, tmpdir=/tmp/2846118

[M::mm_idx_gen::0.167*0.82] collected minimizers
[M::mm_idx_gen::0.188*1.40] sorted minimizers
[M::main::0.188*1.40] loaded/built the index for 2 target sequence(s)
[M::mm_mapopt_update::0.188*1.40] mid_occ = 1000
[M::mm_idx_stat] kmer size: 21; skip: 11; is_hpc: 0; #seq: 2
[M::mm_idx_stat::0.203*1.38] distinct minimizers: 993850 (99.11% are singletons); average occurrences: 1.021; average spacing: 5.998; total length: 6084391
[M::worker_pipeline::1.445*2.25] mapped 333186 sequences
[M::worker_pipeline::2.407*2.53] mapped 333060 sequences
[M::worker_pipeline::3.287*2.72] mapped 333010 sequences
[M::worker_pipeline::3.872*2.95] mapped 332896 sequences
[M::worker_pipeline::4.685*3.02] mapped 332940 sequences
[M::worker_pipeline::5.280*3.19] mapped 332912 sequences
[M::worker_pipeline::6.028*3.27] mapped 332878 sequences
[M::worker_pipeline::6.610*3.37] mapped 332782 sequences
[M::worker_pipeline::7.225*3.45] mapped 332842 sequences
[M::worker_pipeline::7.811*3.53] mapped 332814 sequences
[M::worker_pipeline::8.448*3.58] mapped 332768 sequences
[M::worker_pipeline::9.104*3.61] mapped 332702 sequences
[M::worker_pipeline::9.746*3.65] mapped 332700 sequences
[M::worker_pipeline::10.337*3.69] mapped 332690 sequences
[M::worker_pipeline::11.100*3.68] mapped 332640 sequences
[M::worker_pipeline::11.582*3.74] mapped 332720 sequences
[M::worker_pipeline::12.247*3.74] mapped 332724 sequences
[M::worker_pipeline::12.898*3.76] mapped 332668 sequences
[M::worker_pipeline::13.513*3.77] mapped 332634 sequences
[M::worker_pipeline::14.187*3.78] mapped 332734 sequences
[M::worker_pipeline::14.844*3.79] mapped 332686 sequences
[M::worker_pipeline::15.458*3.81] mapped 332698 sequences
[M::worker_pipeline::16.048*3.83] mapped 332886 sequences
[M::worker_pipeline::16.671*3.85] mapped 332872 sequences
[M::worker_pipeline::17.379*3.84] mapped 332948 sequences
[M::worker_pipeline::17.997*3.86] mapped 333056 sequences
[M::worker_pipeline::18.613*3.87] mapped 333012 sequences
[M::worker_pipeline::19.221*3.89] mapped 333018 sequences
[M::worker_pipeline::19.862*3.90] mapped 333016 sequences
[M::worker_pipeline::20.559*3.90] mapped 332846 sequences
[M::worker_pipeline::21.064*3.92] mapped 332816 sequences
[M::worker_pipeline::21.695*3.92] mapped 332792 sequences
[M::worker_pipeline::22.376*3.92] mapped 332756 sequences
[M::worker_pipeline::22.983*3.92] mapped 332674 sequences
[M::worker_pipeline::23.625*3.93] mapped 332680 sequences
[M::worker_pipeline::24.266*3.93] mapped 332740 sequences
[M::worker_pipeline::24.889*3.93] mapped 332778 sequences
[M::worker_pipeline::25.595*3.93] mapped 332750 sequences
[M::worker_pipeline::26.142*3.95] mapped 332756 sequences
[M::worker_pipeline::26.831*3.95] mapped 332820 sequences
[M::worker_pipeline::27.520*3.94] mapped 333210 sequences
[M::worker_pipeline::28.131*3.95] mapped 332974 sequences
[M::worker_pipeline::28.783*3.95] mapped 332788 sequences
[M::worker_pipeline::29.446*3.95] mapped 332752 sequences
[M::worker_pipeline::30.050*3.95] mapped 332762 sequences
[M::worker_pipeline::30.702*3.95] mapped 332672 sequences
[M::worker_pipeline::31.410*3.94] mapped 332688 sequences
[M::worker_pipeline::32.057*3.95] mapped 332720 sequences
[M::worker_pipeline::32.718*3.95] mapped 332736 sequences
[M::worker_pipeline::33.423*3.94] mapped 332684 sequences
[M::worker_pipeline::34.011*3.95] mapped 332618 sequences
[M::worker_pipeline::34.587*3.95] mapped 332638 sequences
[M::worker_pipeline::35.245*3.96] mapped 332670 sequences
[M::worker_pipeline::35.836*3.96] mapped 332706 sequences
[M::worker_pipeline::36.518*3.96] mapped 332772 sequences
[M::worker_pipeline::37.127*3.96] mapped 332714 sequences
[M::worker_pipeline::37.763*3.96] mapped 332712 sequences
[M::worker_pipeline::38.396*3.96] mapped 332738 sequences
[M::worker_pipeline::39.013*3.97] mapped 332910 sequences
[M::worker_pipeline::39.657*3.97] mapped 332830 sequences
[M::worker_pipeline::40.333*3.96] mapped 332856 sequences
[M::worker_pipeline::41.249*3.93] mapped 332924 sequences
[M::worker_pipeline::42.271*3.90] mapped 332882 sequences
[M::worker_pipeline::42.994*3.89] mapped 332868 sequences
[M::worker_pipeline::43.625*3.90] mapped 332820 sequences
[M::worker_pipeline::44.287*3.90] mapped 332760 sequences
[M::worker_pipeline::44.893*3.90] mapped 332754 sequences
[M::worker_pipeline::45.512*3.90] mapped 332782 sequences
[M::worker_pipeline::46.191*3.90] mapped 332830 sequences
[M::worker_pipeline::46.843*3.90] mapped 332934 sequences
[M::worker_pipeline::47.558*3.89] mapped 332948 sequences
[M::worker_pipeline::48.207*3.89] mapped 333008 sequences
[M::worker_pipeline::48.818*3.89] mapped 332974 sequences
[M::worker_pipeline::49.520*3.89] mapped 333112 sequences
[M::worker_pipeline::50.164*3.89] mapped 333182 sequences
[M::worker_pipeline::50.862*3.89] mapped 333282 sequences
[M::worker_pipeline::51.594*3.88] mapped 333560 sequences
[M::worker_pipeline::52.129*3.89] mapped 333236 sequences
[M::worker_pipeline::52.777*3.89] mapped 333456 sequences
[M::worker_pipeline::53.462*3.89] mapped 333368 sequences
[M::worker_pipeline::54.044*3.90] mapped 333438 sequences
[M::worker_pipeline::54.703*3.89] mapped 333458 sequences
[M::worker_pipeline::55.429*3.89] mapped 333286 sequences
[M::worker_pipeline::56.081*3.89] mapped 332758 sequences
[M::worker_pipeline::56.769*3.89] mapped 332730 sequences
[M::worker_pipeline::57.452*3.89] mapped 332710 sequences
[M::worker_pipeline::58.050*3.89] mapped 332584 sequences
[M::worker_pipeline::58.662*3.89] mapped 332546 sequences
[M::worker_pipeline::59.331*3.89] mapped 332548 sequences
[M::worker_pipeline::59.941*3.90] mapped 332498 sequences
[M::worker_pipeline::60.469*3.90] mapped 332480 sequences
[M::worker_pipeline::61.130*3.90] mapped 332504 sequences
[M::worker_pipeline::61.793*3.90] mapped 332404 sequences
[M::worker_pipeline::62.441*3.90] mapped 332408 sequences
[M::worker_pipeline::63.065*3.90] mapped 332416 sequences
[M::worker_pipeline::63.749*3.90] mapped 332432 sequences
[M::worker_pipeline::64.442*3.90] mapped 332416 sequences
[M::worker_pipeline::65.094*3.90] mapped 332400 sequences
[M::worker_pipeline::65.685*3.90] mapped 332436 sequences
[M::worker_pipeline::66.393*3.90] mapped 332426 sequences
[M::worker_pipeline::67.070*3.90] mapped 332380 sequences
[M::worker_pipeline::67.615*3.90] mapped 332402 sequences
[M::worker_pipeline::68.288*3.90] mapped 332384 sequences
[M::worker_pipeline::69.128*3.90] mapped 332400 sequences
[M::worker_pipeline::69.607*3.91] mapped 332348 sequences
[M::worker_pipeline::75.213*3.71] mapped 332472 sequences
[M::worker_pipeline::75.383*3.70] mapped 332526 sequences
[M::worker_pipeline::75.579*3.70] mapped 332594 sequences
[M::worker_pipeline::76.127*3.71] mapped 332700 sequences
[M::worker_pipeline::76.831*3.71] mapped 332674 sequences
[M::worker_pipeline::77.463*3.71] mapped 332836 sequences
[M::worker_pipeline::78.031*3.71] mapped 332838 sequences
[M::worker_pipeline::78.690*3.72] mapped 332728 sequences
[M::worker_pipeline::79.248*3.72] mapped 332576 sequences
[M::worker_pipeline::79.873*3.73] mapped 332616 sequences
[M::worker_pipeline::80.535*3.73] mapped 332580 sequences
[M::worker_pipeline::81.090*3.73] mapped 332504 sequences
[M::worker_pipeline::81.668*3.74] mapped 332452 sequences
[M::worker_pipeline::82.400*3.74] mapped 332578 sequences
[M::worker_pipeline::83.022*3.74] mapped 332468 sequences
[M::worker_pipeline::83.701*3.74] mapped 332516 sequences
[M::worker_pipeline::84.347*3.74] mapped 332424 sequences
[M::worker_pipeline::84.993*3.74] mapped 332538 sequences
[M::worker_pipeline::85.731*3.74] mapped 332558 sequences
[M::worker_pipeline::86.290*3.74] mapped 332798 sequences
[M::worker_pipeline::86.970*3.74] mapped 332888 sequences
[M::worker_pipeline::87.653*3.74] mapped 332704 sequences
[M::worker_pipeline::88.308*3.75] mapped 332494 sequences
[M::worker_pipeline::88.898*3.75] mapped 332516 sequences
[M::worker_pipeline::89.518*3.75] mapped 332466 sequences
[M::worker_pipeline::90.144*3.75] mapped 332428 sequences
[M::worker_pipeline::90.803*3.75] mapped 332368 sequences
[M::worker_pipeline::91.477*3.75] mapped 332376 sequences
[M::worker_pipeline::92.143*3.75] mapped 332352 sequences
[M::worker_pipeline::92.718*3.76] mapped 332400 sequences
[M::worker_pipeline::93.338*3.76] mapped 332470 sequences
[M::worker_pipeline::93.942*3.76] mapped 332450 sequences
[M::worker_pipeline::94.560*3.76] mapped 332418 sequences
[M::worker_pipeline::95.129*3.77] mapped 332414 sequences
[M::worker_pipeline::95.796*3.77] mapped 332450 sequences
[M::worker_pipeline::96.397*3.77] mapped 332410 sequences
[M::worker_pipeline::97.007*3.77] mapped 332370 sequences
[M::worker_pipeline::97.621*3.78] mapped 332290 sequences
[M::worker_pipeline::98.183*3.78] mapped 332280 sequences
[M::worker_pipeline::98.816*3.78] mapped 332406 sequences
[M::worker_pipeline::99.504*3.78] mapped 332394 sequences
[M::worker_pipeline::100.092*3.78] mapped 332430 sequences
[M::worker_pipeline::100.688*3.78] mapped 332330 sequences
[M::worker_pipeline::101.282*3.79] mapped 332356 sequences
[M::worker_pipeline::101.921*3.79] mapped 332348 sequences
[M::worker_pipeline::102.524*3.79] mapped 332270 sequences
[M::worker_pipeline::103.099*3.79] mapped 332298 sequences
[M::worker_pipeline::103.763*3.79] mapped 332348 sequences
[M::worker_pipeline::104.435*3.79] mapped 332356 sequences
[M::worker_pipeline::105.087*3.79] mapped 332358 sequences
[M::worker_pipeline::105.732*3.80] mapped 332326 sequences
[M::worker_pipeline::106.327*3.80] mapped 332404 sequences
[M::worker_pipeline::106.956*3.80] mapped 332440 sequences
[M::worker_pipeline::107.615*3.80] mapped 332496 sequences
[M::worker_pipeline::108.237*3.80] mapped 332480 sequences
[M::worker_pipeline::108.842*3.80] mapped 332438 sequences
[M::worker_pipeline::109.491*3.80] mapped 332408 sequences
[M::worker_pipeline::110.131*3.81] mapped 332468 sequences
[M::worker_pipeline::110.802*3.81] mapped 332454 sequences
[M::worker_pipeline::111.374*3.81] mapped 332426 sequences
[M::worker_pipeline::112.044*3.81] mapped 332442 sequences
[M::worker_pipeline::112.656*3.81] mapped 332514 sequences
[M::worker_pipeline::113.406*3.81] mapped 332524 sequences
[M::worker_pipeline::114.281*3.80] mapped 332726 sequences
[M::worker_pipeline::115.204*3.80] mapped 332714 sequences
[M::worker_pipeline::115.853*3.80] mapped 332668 sequences
[M::worker_pipeline::116.512*3.80] mapped 332560 sequences
[M::worker_pipeline::117.140*3.80] mapped 332554 sequences
[M::worker_pipeline::117.831*3.80] mapped 332526 sequences
[M::worker_pipeline::118.514*3.80] mapped 332524 sequences
[M::worker_pipeline::119.165*3.80] mapped 332496 sequences
[M::worker_pipeline::119.784*3.80] mapped 332480 sequences
[M::worker_pipeline::120.458*3.80] mapped 332484 sequences
[M::worker_pipeline::121.071*3.80] mapped 332530 sequences
[M::worker_pipeline::121.750*3.80] mapped 332520 sequences
[M::worker_pipeline::122.399*3.80] mapped 332462 sequences
[M::worker_pipeline::123.023*3.80] mapped 332392 sequences
[M::worker_pipeline::123.707*3.80] mapped 332420 sequences
[M::worker_pipeline::124.333*3.80] mapped 332430 sequences
[M::worker_pipeline::124.905*3.81] mapped 332398 sequences
[M::worker_pipeline::125.531*3.81] mapped 332358 sequences
[M::worker_pipeline::126.166*3.81] mapped 332362 sequences
[M::worker_pipeline::126.770*3.81] mapped 332376 sequences
[M::worker_pipeline::127.380*3.81] mapped 332334 sequences
[M::worker_pipeline::128.043*3.81] mapped 332378 sequences
[M::worker_pipeline::128.654*3.82] mapped 332362 sequences
[M::worker_pipeline::129.297*3.81] mapped 332442 sequences
[M::worker_pipeline::130.008*3.81] mapped 332508 sequences
[M::worker_pipeline::130.575*3.82] mapped 332456 sequences
[M::worker_pipeline::131.200*3.82] mapped 332464 sequences
[M::worker_pipeline::131.797*3.82] mapped 332540 sequences
[M::worker_pipeline::132.411*3.82] mapped 332500 sequences
[M::worker_pipeline::133.019*3.82] mapped 332508 sequences
[M::worker_pipeline::133.680*3.82] mapped 332576 sequences
[M::worker_pipeline::134.281*3.83] mapped 332390 sequences
[M::worker_pipeline::134.910*3.83] mapped 332446 sequences
[M::worker_pipeline::135.560*3.83] mapped 332392 sequences
[M::worker_pipeline::136.213*3.83] mapped 332340 sequences
[M::worker_pipeline::136.809*3.83] mapped 332360 sequences
[M::worker_pipeline::137.425*3.83] mapped 332332 sequences
[M::worker_pipeline::138.121*3.83] mapped 332328 sequences
[M::worker_pipeline::138.664*3.83] mapped 332382 sequences
[M::worker_pipeline::139.308*3.83] mapped 332474 sequences
[M::worker_pipeline::139.892*3.84] mapped 332400 sequences
[M::worker_pipeline::140.531*3.84] mapped 332518 sequences
[M::worker_pipeline::145.854*3.74] mapped 332736 sequences
[M::worker_pipeline::146.042*3.74] mapped 332526 sequences
[M::worker_pipeline::146.221*3.74] mapped 332456 sequences
[M::worker_pipeline::146.783*3.74] mapped 332478 sequences
[M::worker_pipeline::147.447*3.74] mapped 332376 sequences
[M::worker_pipeline::148.086*3.75] mapped 332426 sequences
[M::worker_pipeline::148.695*3.75] mapped 332576 sequences
[M::worker_pipeline::149.332*3.75] mapped 332640 sequences
[M::worker_pipeline::149.991*3.75] mapped 332426 sequences
[M::worker_pipeline::150.621*3.75] mapped 332360 sequences
[M::worker_pipeline::151.247*3.75] mapped 332316 sequences
[M::worker_pipeline::151.882*3.75] mapped 332430 sequences
[M::worker_pipeline::152.483*3.76] mapped 332422 sequences
[M::worker_pipeline::153.098*3.76] mapped 332420 sequences
[M::worker_pipeline::153.746*3.76] mapped 332402 sequences
[M::worker_pipeline::154.424*3.76] mapped 332332 sequences
[M::worker_pipeline::155.116*3.76] mapped 332334 sequences
[M::worker_pipeline::155.732*3.76] mapped 332326 sequences
[M::worker_pipeline::156.343*3.76] mapped 332382 sequences
[M::worker_pipeline::157.014*3.76] mapped 332398 sequences
[M::worker_pipeline::157.620*3.76] mapped 332460 sequences
[M::worker_pipeline::158.249*3.76] mapped 332408 sequences
[M::worker_pipeline::158.881*3.76] mapped 332414 sequences
[M::worker_pipeline::159.511*3.76] mapped 332394 sequences
[M::worker_pipeline::160.172*3.76] mapped 332372 sequences
[M::worker_pipeline::160.856*3.76] mapped 332392 sequences
[M::worker_pipeline::161.412*3.77] mapped 332362 sequences
[M::worker_pipeline::162.081*3.77] mapped 332402 sequences
[M::worker_pipeline::162.714*3.77] mapped 332366 sequences
[M::worker_pipeline::163.329*3.77] mapped 332426 sequences
[M::worker_pipeline::163.984*3.77] mapped 332522 sequences
[M::worker_pipeline::164.630*3.77] mapped 332498 sequences
[M::worker_pipeline::165.223*3.77] mapped 332520 sequences
[M::worker_pipeline::165.877*3.77] mapped 332592 sequences
[M::worker_pipeline::166.527*3.77] mapped 332488 sequences
[M::worker_pipeline::167.298*3.77] mapped 332546 sequences
[M::worker_pipeline::167.853*3.77] mapped 332580 sequences
[M::worker_pipeline::168.514*3.78] mapped 332650 sequences
[M::worker_pipeline::169.200*3.78] mapped 332714 sequences
[M::worker_pipeline::169.802*3.78] mapped 332676 sequences
[M::worker_pipeline::170.422*3.78] mapped 332648 sequences
[M::worker_pipeline::171.124*3.78] mapped 332676 sequences
[M::worker_pipeline::171.746*3.78] mapped 332644 sequences
[M::worker_pipeline::172.354*3.78] mapped 332778 sequences
[M::worker_pipeline::173.021*3.78] mapped 333064 sequences
[M::worker_pipeline::173.755*3.78] mapped 332976 sequences
[M::worker_pipeline::174.276*3.78] mapped 332878 sequences
[M::worker_pipeline::174.965*3.78] mapped 332938 sequences
[M::worker_pipeline::175.597*3.78] mapped 332872 sequences
[M::worker_pipeline::176.376*3.78] mapped 332856 sequences
[M::worker_pipeline::176.902*3.79] mapped 332808 sequences
[M::worker_pipeline::177.584*3.79] mapped 332790 sequences
[M::worker_pipeline::178.214*3.79] mapped 332646 sequences
[M::worker_pipeline::178.834*3.79] mapped 332652 sequences
[M::worker_pipeline::179.447*3.79] mapped 332656 sequences
[M::worker_pipeline::180.335*3.79] mapped 332650 sequences
[M::worker_pipeline::180.786*3.79] mapped 332600 sequences
[M::worker_pipeline::181.417*3.79] mapped 332610 sequences
[M::worker_pipeline::182.143*3.79] mapped 332658 sequences
[M::worker_pipeline::182.704*3.80] mapped 332648 sequences
[M::worker_pipeline::183.393*3.80] mapped 332658 sequences
[M::worker_pipeline::184.038*3.80] mapped 332652 sequences
[M::worker_pipeline::184.825*3.79] mapped 332568 sequences
[M::worker_pipeline::185.730*3.79] mapped 332562 sequences
[M::worker_pipeline::186.595*3.78] mapped 332612 sequences
[M::worker_pipeline::187.363*3.78] mapped 332592 sequences
[M::worker_pipeline::188.000*3.78] mapped 332580 sequences
[M::worker_pipeline::188.703*3.78] mapped 332658 sequences
[M::worker_pipeline::189.330*3.78] mapped 332598 sequences
[M::worker_pipeline::189.952*3.78] mapped 332684 sequences
[M::worker_pipeline::190.630*3.78] mapped 332692 sequences
[M::worker_pipeline::191.232*3.78] mapped 332722 sequences
[M::worker_pipeline::191.902*3.78] mapped 332800 sequences
[M::worker_pipeline::192.590*3.78] mapped 332730 sequences
[M::worker_pipeline::193.199*3.78] mapped 332820 sequences
[M::worker_pipeline::193.899*3.78] mapped 332732 sequences
[M::worker_pipeline::194.573*3.78] mapped 332754 sequences
[M::worker_pipeline::195.202*3.78] mapped 332704 sequences
[M::worker_pipeline::195.871*3.79] mapped 332632 sequences
[M::worker_pipeline::196.516*3.79] mapped 332636 sequences
[M::worker_pipeline::197.146*3.79] mapped 332618 sequences
[M::worker_pipeline::197.717*3.79] mapped 332624 sequences
[M::worker_pipeline::198.353*3.79] mapped 332538 sequences
[M::worker_pipeline::198.920*3.79] mapped 332486 sequences
[M::worker_pipeline::199.535*3.79] mapped 332522 sequences
[M::worker_pipeline::200.241*3.79] mapped 332554 sequences
[M::worker_pipeline::200.850*3.79] mapped 332658 sequences
[M::worker_pipeline::201.525*3.79] mapped 332634 sequences
[M::worker_pipeline::202.194*3.79] mapped 332674 sequences
[M::worker_pipeline::202.775*3.79] mapped 332634 sequences
[M::worker_pipeline::203.396*3.79] mapped 332680 sequences
[M::worker_pipeline::204.033*3.79] mapped 332564 sequences
[M::worker_pipeline::204.623*3.79] mapped 332672 sequences
[M::worker_pipeline::205.294*3.79] mapped 332644 sequences
[M::worker_pipeline::205.962*3.79] mapped 332644 sequences
[M::worker_pipeline::206.594*3.80] mapped 332524 sequences
[M::worker_pipeline::207.197*3.80] mapped 332590 sequences
[M::worker_pipeline::207.846*3.80] mapped 332614 sequences
[M::worker_pipeline::208.439*3.80] mapped 332538 sequences
[M::worker_pipeline::209.124*3.80] mapped 332528 sequences
[M::worker_pipeline::209.759*3.80] mapped 332518 sequences
[M::worker_pipeline::210.414*3.80] mapped 332504 sequences
[M::worker_pipeline::211.028*3.80] mapped 332460 sequences
[M::worker_pipeline::211.679*3.80] mapped 332480 sequences
[M::worker_pipeline::212.286*3.80] mapped 332466 sequences
[M::worker_pipeline::217.998*3.73] mapped 332470 sequences
[M::worker_pipeline::218.178*3.73] mapped 332436 sequences
[M::worker_pipeline::218.360*3.73] mapped 332440 sequences
[M::worker_pipeline::218.965*3.73] mapped 332388 sequences
[M::worker_pipeline::219.607*3.73] mapped 332452 sequences
[M::worker_pipeline::220.288*3.73] mapped 332490 sequences
[M::worker_pipeline::220.900*3.73] mapped 332466 sequences
[M::worker_pipeline::221.536*3.73] mapped 332480 sequences
[M::worker_pipeline::222.186*3.73] mapped 332496 sequences
[M::worker_pipeline::222.889*3.73] mapped 332500 sequences
[M::worker_pipeline::223.495*3.73] mapped 332482 sequences
[M::worker_pipeline::224.142*3.73] mapped 332514 sequences
[M::worker_pipeline::224.977*3.73] mapped 332508 sequences
[M::worker_pipeline::225.465*3.73] mapped 332560 sequences
[M::worker_pipeline::226.134*3.74] mapped 332472 sequences
[M::worker_pipeline::226.758*3.74] mapped 332482 sequences
[M::worker_pipeline::227.405*3.74] mapped 332498 sequences
[M::worker_pipeline::228.094*3.74] mapped 332550 sequences
[M::worker_pipeline::228.684*3.74] mapped 332542 sequences
[M::worker_pipeline::229.291*3.74] mapped 332506 sequences
[M::worker_pipeline::230.009*3.74] mapped 332486 sequences
[M::worker_pipeline::230.575*3.74] mapped 332740 sequences
[M::worker_pipeline::231.243*3.74] mapped 332688 sequences
[M::worker_pipeline::231.826*3.74] mapped 332696 sequences
[M::worker_pipeline::232.460*3.74] mapped 332634 sequences
[M::worker_pipeline::233.117*3.74] mapped 332650 sequences
[M::worker_pipeline::233.733*3.74] mapped 332578 sequences
[M::worker_pipeline::234.310*3.75] mapped 332664 sequences
[M::worker_pipeline::235.010*3.75] mapped 332652 sequences
[M::worker_pipeline::235.623*3.75] mapped 332604 sequences
[M::worker_pipeline::236.445*3.75] mapped 332490 sequences
[M::worker_pipeline::236.974*3.75] mapped 332476 sequences
[M::worker_pipeline::237.632*3.75] mapped 332490 sequences
[M::worker_pipeline::238.254*3.75] mapped 332450 sequences
[M::worker_pipeline::238.915*3.75] mapped 332418 sequences
[M::worker_pipeline::239.517*3.75] mapped 332442 sequences
[M::worker_pipeline::240.203*3.75] mapped 332418 sequences
[M::worker_pipeline::240.802*3.75] mapped 332458 sequences
[M::worker_pipeline::241.480*3.75] mapped 332358 sequences
[M::worker_pipeline::242.062*3.75] mapped 332440 sequences
[M::worker_pipeline::242.716*3.75] mapped 332432 sequences
[M::worker_pipeline::243.346*3.75] mapped 332454 sequences
[M::worker_pipeline::244.000*3.75] mapped 332472 sequences
[M::worker_pipeline::244.612*3.75] mapped 332452 sequences
[M::worker_pipeline::245.252*3.75] mapped 332458 sequences
[M::worker_pipeline::245.938*3.75] mapped 332644 sequences
[M::worker_pipeline::246.609*3.75] mapped 332648 sequences
[M::worker_pipeline::247.220*3.75] mapped 332608 sequences
[M::worker_pipeline::247.936*3.75] mapped 332572 sequences
[M::worker_pipeline::248.579*3.75] mapped 332636 sequences
[M::worker_pipeline::249.187*3.76] mapped 332526 sequences
[M::worker_pipeline::249.857*3.76] mapped 332530 sequences
[M::worker_pipeline::250.462*3.76] mapped 332470 sequences
[M::worker_pipeline::251.149*3.76] mapped 332502 sequences
[M::worker_pipeline::251.740*3.76] mapped 332518 sequences
[M::worker_pipeline::252.360*3.76] mapped 332528 sequences
[M::worker_pipeline::252.964*3.76] mapped 332582 sequences
[M::worker_pipeline::253.673*3.76] mapped 332500 sequences
[M::worker_pipeline::254.365*3.76] mapped 332594 sequences
[M::worker_pipeline::255.008*3.76] mapped 332612 sequences
[M::worker_pipeline::255.684*3.76] mapped 332442 sequences
[M::worker_pipeline::256.364*3.76] mapped 332432 sequences
[M::worker_pipeline::257.001*3.76] mapped 332486 sequences
[M::worker_pipeline::257.793*3.76] mapped 332394 sequences
[M::worker_pipeline::258.450*3.76] mapped 332582 sequences
[M::worker_pipeline::259.121*3.76] mapped 332586 sequences
[M::worker_pipeline::259.669*3.76] mapped 332402 sequences
[M::worker_pipeline::260.247*3.76] mapped 332406 sequences
[M::worker_pipeline::260.869*3.76] mapped 332498 sequences
[M::worker_pipeline::261.512*3.76] mapped 332504 sequences
[M::worker_pipeline::262.174*3.76] mapped 332420 sequences
[M::worker_pipeline::262.810*3.76] mapped 332320 sequences
[M::worker_pipeline::263.392*3.76] mapped 332426 sequences
[M::worker_pipeline::264.052*3.76] mapped 332568 sequences
[M::worker_pipeline::264.620*3.77] mapped 332492 sequences
[M::worker_pipeline::265.267*3.77] mapped 332512 sequences
[M::worker_pipeline::266.016*3.76] mapped 332464 sequences
[M::worker_pipeline::266.770*3.76] mapped 332470 sequences
[M::worker_pipeline::267.732*3.76] mapped 332368 sequences
[M::worker_pipeline::268.564*3.76] mapped 332352 sequences
[M::worker_pipeline::269.437*3.75] mapped 332340 sequences
[M::worker_pipeline::270.171*3.75] mapped 332316 sequences
[M::worker_pipeline::270.750*3.75] mapped 332382 sequences
[M::worker_pipeline::271.358*3.75] mapped 332316 sequences
[M::worker_pipeline::272.056*3.75] mapped 332350 sequences
[M::worker_pipeline::272.645*3.76] mapped 332258 sequences
[M::worker_pipeline::273.302*3.76] mapped 332476 sequences
[M::worker_pipeline::273.963*3.76] mapped 332588 sequences
[M::worker_pipeline::274.579*3.76] mapped 332396 sequences
[M::worker_pipeline::275.165*3.76] mapped 332446 sequences
[M::worker_pipeline::275.720*3.76] mapped 332340 sequences
[M::worker_pipeline::276.347*3.76] mapped 332326 sequences
[M::worker_pipeline::276.990*3.76] mapped 332350 sequences
[M::worker_pipeline::277.620*3.76] mapped 332330 sequences
[M::worker_pipeline::278.297*3.76] mapped 332380 sequences
[M::worker_pipeline::278.852*3.76] mapped 332384 sequences
[M::worker_pipeline::279.509*3.76] mapped 332376 sequences
[M::worker_pipeline::280.096*3.77] mapped 332446 sequences
[M::worker_pipeline::280.760*3.77] mapped 332392 sequences
[M::worker_pipeline::281.393*3.77] mapped 332362 sequences
[M::worker_pipeline::282.091*3.77] mapped 332398 sequences
[M::worker_pipeline::282.655*3.77] mapped 332392 sequences
[M::worker_pipeline::283.264*3.77] mapped 332554 sequences
[M::worker_pipeline::283.907*3.77] mapped 332598 sequences
[M::worker_pipeline::284.484*3.77] mapped 332602 sequences
[M::worker_pipeline::289.964*3.72] mapped 332674 sequences
[M::worker_pipeline::290.185*3.72] mapped 332530 sequences
[M::worker_pipeline::290.378*3.72] mapped 332470 sequences
[M::worker_pipeline::290.993*3.72] mapped 332484 sequences
[M::worker_pipeline::291.632*3.72] mapped 332452 sequences
[M::worker_pipeline::292.199*3.72] mapped 332500 sequences
[M::worker_pipeline::292.852*3.72] mapped 332472 sequences
[M::worker_pipeline::293.478*3.72] mapped 332400 sequences
[M::worker_pipeline::294.120*3.72] mapped 332356 sequences
[M::worker_pipeline::294.799*3.72] mapped 332364 sequences
[M::worker_pipeline::295.507*3.72] mapped 332386 sequences
[M::worker_pipeline::296.096*3.72] mapped 332322 sequences
[M::worker_pipeline::296.683*3.72] mapped 332300 sequences
[M::worker_pipeline::297.500*3.72] mapped 332322 sequences
[M::worker_pipeline::297.992*3.72] mapped 332330 sequences
[M::worker_pipeline::298.628*3.73] mapped 332326 sequences
[M::worker_pipeline::299.209*3.73] mapped 332318 sequences
[M::worker_pipeline::299.937*3.73] mapped 332254 sequences
[M::worker_pipeline::300.536*3.73] mapped 332272 sequences
[M::worker_pipeline::301.179*3.73] mapped 332340 sequences
[M::worker_pipeline::301.718*3.73] mapped 332324 sequences
[M::worker_pipeline::302.362*3.73] mapped 332356 sequences
[M::worker_pipeline::302.999*3.73] mapped 332298 sequences
[M::worker_pipeline::303.593*3.73] mapped 332352 sequences
[M::worker_pipeline::304.266*3.73] mapped 332354 sequences
[M::worker_pipeline::304.909*3.73] mapped 332306 sequences
[M::worker_pipeline::305.502*3.73] mapped 332382 sequences
[M::worker_pipeline::306.116*3.73] mapped 332408 sequences
[M::worker_pipeline::306.804*3.73] mapped 332298 sequences
[M::worker_pipeline::307.450*3.73] mapped 332318 sequences
[M::worker_pipeline::308.028*3.73] mapped 332304 sequences
[M::worker_pipeline::308.746*3.73] mapped 332298 sequences
[M::worker_pipeline::309.322*3.73] mapped 332308 sequences
[M::worker_pipeline::309.952*3.73] mapped 332310 sequences
[M::worker_pipeline::310.655*3.73] mapped 332332 sequences
[M::worker_pipeline::311.215*3.74] mapped 332298 sequences
[M::worker_pipeline::311.846*3.74] mapped 332304 sequences
[M::worker_pipeline::312.536*3.74] mapped 332284 sequences
[M::worker_pipeline::313.180*3.74] mapped 332250 sequences
[M::worker_pipeline::313.870*3.74] mapped 332382 sequences
[M::worker_pipeline::314.459*3.74] mapped 332340 sequences
[M::worker_pipeline::315.156*3.74] mapped 332430 sequences
[M::worker_pipeline::315.748*3.74] mapped 332380 sequences
[M::worker_pipeline::316.431*3.74] mapped 332308 sequences
[M::worker_pipeline::317.068*3.74] mapped 332286 sequences
[M::worker_pipeline::317.676*3.74] mapped 332348 sequences
[M::worker_pipeline::318.393*3.74] mapped 332498 sequences
[M::worker_pipeline::319.077*3.74] mapped 332398 sequences
[M::worker_pipeline::319.649*3.74] mapped 332316 sequences
[M::worker_pipeline::320.340*3.74] mapped 332332 sequences
[M::worker_pipeline::320.920*3.74] mapped 332274 sequences
[M::worker_pipeline::321.622*3.74] mapped 332316 sequences
[M::worker_pipeline::322.247*3.74] mapped 332298 sequences
[M::worker_pipeline::322.875*3.74] mapped 332272 sequences
[M::worker_pipeline::323.484*3.74] mapped 332264 sequences
[M::worker_pipeline::324.159*3.74] mapped 332286 sequences
[M::worker_pipeline::324.763*3.74] mapped 332358 sequences
[M::worker_pipeline::325.432*3.74] mapped 332340 sequences
[M::worker_pipeline::326.106*3.74] mapped 332282 sequences
[M::worker_pipeline::326.716*3.74] mapped 332258 sequences
[M::worker_pipeline::327.397*3.74] mapped 332308 sequences
[M::worker_pipeline::328.035*3.74] mapped 332266 sequences
[M::worker_pipeline::328.696*3.74] mapped 332326 sequences
[M::worker_pipeline::329.337*3.74] mapped 332360 sequences
[M::worker_pipeline::329.918*3.75] mapped 332514 sequences
[M::worker_pipeline::330.649*3.75] mapped 332300 sequences
[M::worker_pipeline::331.441*3.74] mapped 332222 sequences
[M::worker_pipeline::332.260*3.74] mapped 332292 sequences
[M::worker_pipeline::333.204*3.74] mapped 332286 sequences
[M::worker_pipeline::333.765*3.74] mapped 332364 sequences
[M::worker_pipeline::334.424*3.74] mapped 332458 sequences
[M::worker_pipeline::335.059*3.74] mapped 332520 sequences
[M::worker_pipeline::335.700*3.74] mapped 332436 sequences
[M::worker_pipeline::336.342*3.74] mapped 332414 sequences
[M::worker_pipeline::336.970*3.74] mapped 332446 sequences
[M::worker_pipeline::337.615*3.75] mapped 332576 sequences
[M::worker_pipeline::338.451*3.74] mapped 332556 sequences
[M::worker_pipeline::339.270*3.74] mapped 332444 sequences
[M::worker_pipeline::339.957*3.74] mapped 332466 sequences
[M::worker_pipeline::340.659*3.74] mapped 332532 sequences
[M::worker_pipeline::341.356*3.74] mapped 332542 sequences
[M::worker_pipeline::341.977*3.74] mapped 332614 sequences
[M::worker_pipeline::342.622*3.74] mapped 332616 sequences
[M::worker_pipeline::343.202*3.74] mapped 332602 sequences
[M::worker_pipeline::343.811*3.74] mapped 332554 sequences
[M::worker_pipeline::344.473*3.74] mapped 332666 sequences
[M::worker_pipeline::345.098*3.75] mapped 332614 sequences
[M::worker_pipeline::345.702*3.75] mapped 332456 sequences
[M::worker_pipeline::346.378*3.75] mapped 332444 sequences
[M::worker_pipeline::347.035*3.75] mapped 332464 sequences
[M::worker_pipeline::347.719*3.75] mapped 332460 sequences
[M::worker_pipeline::348.315*3.75] mapped 332340 sequences
[M::worker_pipeline::348.914*3.75] mapped 332392 sequences
[M::worker_pipeline::349.563*3.75] mapped 332426 sequences
[M::worker_pipeline::350.243*3.75] mapped 332412 sequences
[M::worker_pipeline::350.857*3.75] mapped 332352 sequences
[M::worker_pipeline::351.461*3.75] mapped 332344 sequences
[M::worker_pipeline::352.125*3.75] mapped 332350 sequences
[M::worker_pipeline::352.689*3.75] mapped 332362 sequences
[M::worker_pipeline::353.309*3.75] mapped 332450 sequences
[M::worker_pipeline::353.938*3.75] mapped 332278 sequences
[M::worker_pipeline::354.633*3.75] mapped 332316 sequences
[M::worker_pipeline::355.193*3.75] mapped 332380 sequences
[M::worker_pipeline::355.779*3.75] mapped 332282 sequences
[M::worker_pipeline::356.429*3.75] mapped 332354 sequences
[M::worker_pipeline::361.912*3.71] mapped 332352 sequences
[M::worker_pipeline::362.070*3.71] mapped 332404 sequences
[M::worker_pipeline::362.235*3.71] mapped 332362 sequences
[M::worker_pipeline::362.833*3.71] mapped 332362 sequences
[M::worker_pipeline::363.532*3.71] mapped 332432 sequences
[M::worker_pipeline::364.131*3.71] mapped 332490 sequences
[M::worker_pipeline::364.705*3.72] mapped 332510 sequences
[M::worker_pipeline::365.431*3.72] mapped 332448 sequences
[M::worker_pipeline::366.121*3.72] mapped 332376 sequences
[M::worker_pipeline::366.782*3.72] mapped 332378 sequences
[M::worker_pipeline::367.470*3.72] mapped 332370 sequences
[M::worker_pipeline::368.043*3.72] mapped 332430 sequences
[M::worker_pipeline::368.696*3.72] mapped 332350 sequences
[M::worker_pipeline::369.354*3.72] mapped 332384 sequences
[M::worker_pipeline::369.943*3.72] mapped 332408 sequences
[M::worker_pipeline::370.598*3.72] mapped 332350 sequences
[M::worker_pipeline::371.253*3.72] mapped 332356 sequences
[M::worker_pipeline::371.843*3.72] mapped 332328 sequences
[M::worker_pipeline::372.503*3.72] mapped 332378 sequences
[M::worker_pipeline::373.053*3.72] mapped 332354 sequences
[M::worker_pipeline::373.707*3.72] mapped 332342 sequences
[M::worker_pipeline::374.332*3.72] mapped 332330 sequences
[M::worker_pipeline::375.016*3.72] mapped 332298 sequences
[M::worker_pipeline::375.637*3.72] mapped 332348 sequences
[M::worker_pipeline::376.339*3.72] mapped 332328 sequences
[M::worker_pipeline::376.971*3.72] mapped 332918 sequences
[M::worker_pipeline::377.638*3.72] mapped 332284 sequences
[M::worker_pipeline::378.275*3.72] mapped 332276 sequences
[M::worker_pipeline::378.901*3.72] mapped 332326 sequences
[M::worker_pipeline::379.527*3.72] mapped 332402 sequences
[M::worker_pipeline::380.141*3.72] mapped 332390 sequences
[M::worker_pipeline::380.753*3.72] mapped 332258 sequences
[M::worker_pipeline::381.349*3.73] mapped 332258 sequences
[M::worker_pipeline::382.044*3.73] mapped 332238 sequences
[M::worker_pipeline::382.651*3.73] mapped 332186 sequences
[M::worker_pipeline::383.310*3.73] mapped 332136 sequences
[M::worker_pipeline::383.934*3.73] mapped 332204 sequences
[M::worker_pipeline::384.632*3.73] mapped 332200 sequences
[M::worker_pipeline::385.188*3.73] mapped 332196 sequences
[M::worker_pipeline::385.859*3.73] mapped 332230 sequences
[M::worker_pipeline::386.488*3.73] mapped 332336 sequences
[M::worker_pipeline::387.131*3.73] mapped 332642 sequences
[M::worker_pipeline::387.706*3.73] mapped 332178 sequences
[M::worker_pipeline::388.337*3.73] mapped 332182 sequences
[M::worker_pipeline::388.930*3.73] mapped 332174 sequences
[M::worker_pipeline::389.618*3.73] mapped 332206 sequences
[M::worker_pipeline::390.254*3.73] mapped 332144 sequences
[M::worker_pipeline::390.935*3.73] mapped 332174 sequences
[M::worker_pipeline::391.592*3.73] mapped 332260 sequences
[M::worker_pipeline::392.293*3.73] mapped 332276 sequences
[M::worker_pipeline::392.903*3.73] mapped 332232 sequences
[M::worker_pipeline::393.505*3.73] mapped 332396 sequences
[M::worker_pipeline::394.194*3.73] mapped 332268 sequences
[M::worker_pipeline::394.818*3.73] mapped 332298 sequences
[M::worker_pipeline::395.433*3.73] mapped 332224 sequences
[M::worker_pipeline::396.059*3.73] mapped 332340 sequences
[M::worker_pipeline::396.668*3.73] mapped 332286 sequences
[M::worker_pipeline::397.385*3.73] mapped 332314 sequences
[M::worker_pipeline::397.993*3.74] mapped 332250 sequences
[M::worker_pipeline::398.563*3.74] mapped 332358 sequences
[M::worker_pipeline::399.178*3.74] mapped 332422 sequences
[M::worker_pipeline::399.757*3.74] mapped 332568 sequences
[M::worker_pipeline::400.363*3.74] mapped 332864 sequences
[M::worker_pipeline::401.028*3.74] mapped 332800 sequences
[M::worker_pipeline::401.656*3.74] mapped 332876 sequences
[M::worker_pipeline::402.274*3.74] mapped 332850 sequences
[M::worker_pipeline::402.901*3.74] mapped 332738 sequences
[M::worker_pipeline::403.586*3.74] mapped 332708 sequences
[M::worker_pipeline::404.216*3.74] mapped 332726 sequences
[M::worker_pipeline::404.867*3.74] mapped 332660 sequences
[M::worker_pipeline::405.480*3.74] mapped 332648 sequences
[M::worker_pipeline::406.085*3.74] mapped 332732 sequences
[M::worker_pipeline::406.722*3.74] mapped 332732 sequences
[M::worker_pipeline::407.333*3.74] mapped 332660 sequences
[M::worker_pipeline::407.980*3.74] mapped 332640 sequences
[M::worker_pipeline::408.688*3.74] mapped 332648 sequences
[M::worker_pipeline::409.351*3.74] mapped 332598 sequences
[M::worker_pipeline::410.116*3.74] mapped 332606 sequences
[M::worker_pipeline::410.734*3.74] mapped 332668 sequences
[M::worker_pipeline::411.369*3.74] mapped 332562 sequences
[M::worker_pipeline::412.023*3.74] mapped 332488 sequences
[M::worker_pipeline::412.596*3.75] mapped 332566 sequences
[M::worker_pipeline::413.230*3.75] mapped 332610 sequences
[M::worker_pipeline::413.915*3.75] mapped 332518 sequences
[M::worker_pipeline::414.596*3.75] mapped 332598 sequences
[M::worker_pipeline::415.169*3.75] mapped 332628 sequences
[M::worker_pipeline::415.858*3.75] mapped 332624 sequences
[M::worker_pipeline::416.543*3.75] mapped 332632 sequences
[M::worker_pipeline::417.127*3.75] mapped 332542 sequences
[M::worker_pipeline::417.778*3.75] mapped 332612 sequences
[M::worker_pipeline::418.445*3.75] mapped 332634 sequences
[M::worker_pipeline::419.039*3.75] mapped 332514 sequences
[M::worker_pipeline::419.724*3.75] mapped 332548 sequences
[M::worker_pipeline::420.342*3.75] mapped 332580 sequences
[M::worker_pipeline::421.015*3.75] mapped 332498 sequences
[M::worker_pipeline::421.731*3.75] mapped 332522 sequences
[M::worker_pipeline::422.380*3.75] mapped 332564 sequences
[M::worker_pipeline::423.087*3.75] mapped 332484 sequences
[M::worker_pipeline::423.695*3.75] mapped 332480 sequences
[M::worker_pipeline::424.262*3.75] mapped 332606 sequences
[M::worker_pipeline::424.958*3.75] mapped 332572 sequences
[M::worker_pipeline::425.559*3.75] mapped 332550 sequences
[M::worker_pipeline::426.178*3.75] mapped 332522 sequences
[M::worker_pipeline::426.835*3.75] mapped 332462 sequences
[M::worker_pipeline::427.485*3.75] mapped 332510 sequences
[M::worker_pipeline::432.722*3.72] mapped 332506 sequences
[M::worker_pipeline::432.889*3.72] mapped 332614 sequences
[M::worker_pipeline::433.056*3.72] mapped 332610 sequences
[M::worker_pipeline::433.660*3.72] mapped 332664 sequences
[M::worker_pipeline::434.356*3.72] mapped 332536 sequences
[M::worker_pipeline::435.014*3.72] mapped 332630 sequences
[M::worker_pipeline::435.660*3.72] mapped 332546 sequences
[M::worker_pipeline::436.289*3.72] mapped 332576 sequences
[M::worker_pipeline::436.932*3.72] mapped 332534 sequences
[M::worker_pipeline::437.557*3.72] mapped 332566 sequences
[M::worker_pipeline::438.224*3.72] mapped 332580 sequences
[M::worker_pipeline::438.912*3.72] mapped 332490 sequences
[M::worker_pipeline::439.572*3.72] mapped 332508 sequences
[M::worker_pipeline::440.208*3.72] mapped 332516 sequences
[M::worker_pipeline::440.859*3.72] mapped 332478 sequences
[M::worker_pipeline::441.519*3.72] mapped 332470 sequences
[M::worker_pipeline::442.182*3.72] mapped 332416 sequences
[M::worker_pipeline::442.799*3.72] mapped 332474 sequences
[M::worker_pipeline::443.455*3.72] mapped 332538 sequences
[M::worker_pipeline::444.062*3.72] mapped 332410 sequences
[M::worker_pipeline::444.673*3.73] mapped 332420 sequences
[M::worker_pipeline::445.342*3.73] mapped 332326 sequences
[M::worker_pipeline::445.960*3.73] mapped 332428 sequences
[M::worker_pipeline::446.654*3.73] mapped 332406 sequences
[M::worker_pipeline::447.277*3.73] mapped 332424 sequences
[M::worker_pipeline::447.945*3.73] mapped 332586 sequences
[M::worker_pipeline::448.551*3.73] mapped 332820 sequences
[M::worker_pipeline::449.212*3.73] mapped 332756 sequences
[M::worker_pipeline::449.891*3.73] mapped 332640 sequences
[M::worker_pipeline::450.554*3.73] mapped 332682 sequences
[M::worker_pipeline::451.224*3.73] mapped 332664 sequences
[M::worker_pipeline::451.838*3.73] mapped 332708 sequences
[M::worker_pipeline::452.482*3.73] mapped 332602 sequences
[M::worker_pipeline::453.163*3.73] mapped 332704 sequences
[M::worker_pipeline::453.868*3.73] mapped 332806 sequences
[M::worker_pipeline::454.508*3.73] mapped 332832 sequences
[M::worker_pipeline::455.136*3.73] mapped 332764 sequences
[M::worker_pipeline::455.723*3.73] mapped 332716 sequences
[M::worker_pipeline::456.410*3.73] mapped 332970 sequences
[M::worker_pipeline::456.482*3.73] mapped 130132 sequences
[M::main] Version: 2.22-r1101
[M::main] CMD: minimap2 --secondary=no -t 16 -R @RG\tID:snippy\tSM:snippy -ax sr /work/FAC/FBM/DMF/smitri/evomicrocomm/genome_size/data/ct/reference.fasta /work/FAC/FBM/DMF/smitri/evomicrocomm/genome_size/data/T11.4.4/read1.fq.gz /work/FAC/FBM/DMF/smitri/evomicrocomm/genome_size/data/T11.4.4/read2.fq.gz
[M::main] Real time: 456.505 sec; CPU: 1702.843 sec; Peak RSS: 0.522 GB
[bam_sort_core] merging from 96 files and 16 in-memory blocks...
[Sun Oct 17 22:54:47 2021]
Finished job 0.
1 of 1 steps (100%) done
