Building DAG of jobs...
Using shell: /usr/bin/bash
Provided cores: 16
Rules claiming more threads will be scaled down.
Select jobs to execute...

[Sun Oct 17 22:39:35 2021]
rule mapping:
    input: /work/FAC/FBM/DMF/smitri/evomicrocomm/genome_size/data/ct/reference.fasta, /work/FAC/FBM/DMF/smitri/evomicrocomm/genome_size/data/T11.3.5/read1.fq.gz, /work/FAC/FBM/DMF/smitri/evomicrocomm/genome_size/data/T11.3.5/read2.fq.gz
    output: /work/FAC/FBM/DMF/smitri/evomicrocomm/genome_size/data/T11.3.5/ct/mapped_reads.sorted.bam
    jobid: 0
    wildcards: sample=T11.3.5, strain=ct
    threads: 16
    resources: mem_mb=26547, disk_mb=26547, tmpdir=/tmp/2846096

[M::mm_idx_gen::0.142*0.96] collected minimizers
[M::mm_idx_gen::0.163*2.22] sorted minimizers
[M::main::0.163*2.22] loaded/built the index for 2 target sequence(s)
[M::mm_mapopt_update::0.163*2.22] mid_occ = 1000
[M::mm_idx_stat] kmer size: 21; skip: 11; is_hpc: 0; #seq: 2
[M::mm_idx_stat::0.177*2.13] distinct minimizers: 993850 (99.11% are singletons); average occurrences: 1.021; average spacing: 5.998; total length: 6084391
[M::worker_pipeline::1.146*2.54] mapped 333036 sequences
[M::worker_pipeline::1.905*2.86] mapped 332996 sequences
[M::worker_pipeline::2.596*3.06] mapped 332938 sequences
[M::worker_pipeline::3.237*3.19] mapped 332764 sequences
[M::worker_pipeline::3.911*3.27] mapped 332776 sequences
[M::worker_pipeline::4.553*3.32] mapped 332734 sequences
[M::worker_pipeline::5.248*3.40] mapped 332680 sequences
[M::worker_pipeline::5.880*3.44] mapped 332652 sequences
[M::worker_pipeline::6.489*3.47] mapped 332650 sequences
[M::worker_pipeline::7.166*3.51] mapped 332674 sequences
[M::worker_pipeline::7.749*3.55] mapped 332632 sequences
[M::worker_pipeline::8.360*3.57] mapped 332612 sequences
[M::worker_pipeline::9.019*3.60] mapped 332548 sequences
[M::worker_pipeline::9.686*3.60] mapped 332592 sequences
[M::worker_pipeline::10.321*3.61] mapped 332578 sequences
[M::worker_pipeline::10.927*3.62] mapped 332560 sequences
[M::worker_pipeline::11.554*3.63] mapped 332556 sequences
[M::worker_pipeline::12.146*3.66] mapped 332526 sequences
[M::worker_pipeline::12.811*3.64] mapped 332584 sequences
[M::worker_pipeline::13.512*3.64] mapped 332576 sequences
[M::worker_pipeline::14.064*3.66] mapped 332600 sequences
[M::worker_pipeline::14.697*3.66] mapped 332728 sequences
[M::worker_pipeline::15.253*3.68] mapped 332796 sequences
[M::worker_pipeline::15.899*3.68] mapped 332824 sequences
[M::worker_pipeline::16.571*3.67] mapped 332830 sequences
[M::worker_pipeline::17.260*3.67] mapped 332766 sequences
[M::worker_pipeline::17.844*3.67] mapped 332922 sequences
[M::worker_pipeline::18.528*3.67] mapped 332756 sequences
[M::worker_pipeline::19.193*3.67] mapped 332690 sequences
[M::worker_pipeline::19.963*3.66] mapped 332726 sequences
[M::worker_pipeline::20.495*3.67] mapped 332636 sequences
[M::worker_pipeline::21.145*3.68] mapped 332606 sequences
[M::worker_pipeline::21.821*3.69] mapped 332622 sequences
[M::worker_pipeline::22.409*3.69] mapped 332556 sequences
[M::worker_pipeline::22.996*3.71] mapped 332600 sequences
[M::worker_pipeline::23.719*3.71] mapped 332580 sequences
[M::worker_pipeline::24.223*3.73] mapped 332618 sequences
[M::worker_pipeline::24.862*3.74] mapped 332614 sequences
[M::worker_pipeline::25.529*3.74] mapped 332900 sequences
[M::worker_pipeline::26.112*3.75] mapped 332712 sequences
[M::worker_pipeline::26.713*3.75] mapped 332644 sequences
[M::worker_pipeline::27.398*3.76] mapped 332632 sequences
[M::worker_pipeline::27.922*3.77] mapped 332608 sequences
[M::worker_pipeline::28.540*3.77] mapped 332546 sequences
[M::worker_pipeline::29.163*3.77] mapped 332540 sequences
[M::worker_pipeline::29.760*3.78] mapped 332554 sequences
[M::worker_pipeline::30.379*3.78] mapped 332592 sequences
[M::worker_pipeline::31.074*3.78] mapped 332538 sequences
[M::worker_pipeline::31.603*3.80] mapped 332452 sequences
[M::worker_pipeline::32.173*3.80] mapped 332538 sequences
[M::worker_pipeline::32.932*3.79] mapped 332550 sequences
[M::worker_pipeline::33.547*3.79] mapped 332564 sequences
[M::worker_pipeline::34.187*3.79] mapped 332602 sequences
[M::worker_pipeline::34.822*3.80] mapped 332486 sequences
[M::worker_pipeline::35.415*3.80] mapped 332512 sequences
[M::worker_pipeline::36.005*3.81] mapped 332682 sequences
[M::worker_pipeline::36.688*3.81] mapped 332582 sequences
[M::worker_pipeline::37.231*3.81] mapped 332646 sequences
[M::worker_pipeline::37.812*3.82] mapped 332660 sequences
[M::worker_pipeline::38.526*3.82] mapped 332654 sequences
[M::worker_pipeline::39.051*3.82] mapped 332702 sequences
[M::worker_pipeline::39.708*3.82] mapped 332572 sequences
[M::worker_pipeline::40.469*3.81] mapped 332528 sequences
[M::worker_pipeline::40.963*3.82] mapped 332546 sequences
[M::worker_pipeline::41.565*3.82] mapped 332560 sequences
[M::worker_pipeline::42.429*3.81] mapped 332588 sequences
[M::worker_pipeline::42.875*3.82] mapped 332692 sequences
[M::worker_pipeline::43.633*3.81] mapped 332656 sequences
[M::worker_pipeline::44.285*3.81] mapped 332744 sequences
[M::worker_pipeline::44.878*3.81] mapped 332732 sequences
[M::worker_pipeline::45.488*3.81] mapped 332872 sequences
[M::worker_pipeline::46.184*3.81] mapped 332832 sequences
[M::worker_pipeline::46.734*3.82] mapped 332988 sequences
[M::worker_pipeline::47.395*3.82] mapped 333078 sequences
[M::worker_pipeline::48.109*3.82] mapped 332960 sequences
[M::worker_pipeline::48.576*3.82] mapped 333044 sequences
[M::worker_pipeline::49.261*3.82] mapped 332948 sequences
[M::worker_pipeline::49.981*3.82] mapped 333046 sequences
[M::worker_pipeline::50.451*3.82] mapped 333064 sequences
[M::worker_pipeline::51.066*3.82] mapped 332750 sequences
[M::worker_pipeline::51.771*3.82] mapped 332622 sequences
[M::worker_pipeline::52.207*3.83] mapped 332564 sequences
[M::worker_pipeline::52.850*3.83] mapped 332492 sequences
[M::worker_pipeline::53.594*3.83] mapped 332484 sequences
[M::worker_pipeline::54.018*3.84] mapped 332406 sequences
[M::worker_pipeline::54.662*3.84] mapped 332394 sequences
[M::worker_pipeline::55.356*3.84] mapped 332394 sequences
[M::worker_pipeline::55.819*3.84] mapped 332282 sequences
[M::worker_pipeline::56.694*3.83] mapped 332230 sequences
[M::worker_pipeline::57.424*3.83] mapped 332312 sequences
[M::worker_pipeline::57.903*3.83] mapped 332346 sequences
[M::worker_pipeline::58.566*3.83] mapped 332284 sequences
[M::worker_pipeline::59.276*3.83] mapped 332340 sequences
[M::worker_pipeline::59.811*3.84] mapped 332284 sequences
[M::worker_pipeline::60.388*3.84] mapped 332310 sequences
[M::worker_pipeline::61.107*3.84] mapped 332264 sequences
[M::worker_pipeline::61.532*3.85] mapped 332250 sequences
[M::worker_pipeline::62.183*3.85] mapped 332304 sequences
[M::worker_pipeline::62.916*3.85] mapped 332280 sequences
[M::worker_pipeline::63.337*3.85] mapped 332266 sequences
[M::worker_pipeline::64.039*3.85] mapped 332318 sequences
[M::worker_pipeline::64.746*3.85] mapped 332404 sequences
[M::worker_pipeline::65.213*3.85] mapped 332446 sequences
[M::worker_pipeline::65.858*3.86] mapped 332536 sequences
[M::worker_pipeline::66.571*3.85] mapped 332520 sequences
[M::worker_pipeline::71.938*3.66] mapped 332612 sequences
[M::worker_pipeline::72.112*3.65] mapped 332640 sequences
[M::worker_pipeline::72.310*3.65] mapped 332456 sequences
[M::worker_pipeline::72.842*3.66] mapped 332522 sequences
[M::worker_pipeline::73.490*3.66] mapped 332374 sequences
[M::worker_pipeline::74.209*3.66] mapped 332406 sequences
[M::worker_pipeline::74.728*3.67] mapped 332354 sequences
[M::worker_pipeline::75.293*3.67] mapped 332344 sequences
[M::worker_pipeline::76.018*3.67] mapped 332348 sequences
[M::worker_pipeline::76.666*3.67] mapped 332374 sequences
[M::worker_pipeline::77.194*3.68] mapped 332310 sequences
[M::worker_pipeline::77.944*3.68] mapped 332410 sequences
[M::worker_pipeline::78.535*3.69] mapped 332498 sequences
[M::worker_pipeline::79.195*3.69] mapped 332630 sequences
[M::worker_pipeline::79.872*3.69] mapped 332658 sequences
[M::worker_pipeline::80.703*3.68] mapped 332352 sequences
[M::worker_pipeline::81.155*3.69] mapped 332358 sequences
[M::worker_pipeline::81.836*3.69] mapped 332330 sequences
[M::worker_pipeline::82.636*3.69] mapped 332352 sequences
[M::worker_pipeline::83.064*3.70] mapped 332308 sequences
[M::worker_pipeline::83.765*3.70] mapped 332290 sequences
[M::worker_pipeline::84.451*3.70] mapped 332248 sequences
[M::worker_pipeline::84.983*3.70] mapped 332310 sequences
[M::worker_pipeline::85.576*3.70] mapped 332354 sequences
[M::worker_pipeline::86.291*3.70] mapped 332354 sequences
[M::worker_pipeline::86.778*3.71] mapped 332300 sequences
[M::worker_pipeline::87.449*3.71] mapped 332330 sequences
[M::worker_pipeline::88.124*3.71] mapped 332318 sequences
[M::worker_pipeline::88.662*3.71] mapped 332242 sequences
[M::worker_pipeline::89.242*3.72] mapped 332208 sequences
[M::worker_pipeline::89.879*3.72] mapped 332204 sequences
[M::worker_pipeline::90.587*3.72] mapped 332290 sequences
[M::worker_pipeline::91.080*3.72] mapped 332280 sequences
[M::worker_pipeline::91.753*3.72] mapped 332302 sequences
[M::worker_pipeline::92.494*3.72] mapped 332282 sequences
[M::worker_pipeline::93.000*3.72] mapped 332220 sequences
[M::worker_pipeline::93.571*3.73] mapped 332250 sequences
[M::worker_pipeline::94.332*3.72] mapped 332190 sequences
[M::worker_pipeline::95.171*3.72] mapped 332188 sequences
[M::worker_pipeline::95.611*3.73] mapped 332218 sequences
[M::worker_pipeline::96.480*3.72] mapped 332210 sequences
[M::worker_pipeline::97.040*3.72] mapped 332262 sequences
[M::worker_pipeline::97.913*3.72] mapped 332282 sequences
[M::worker_pipeline::98.413*3.72] mapped 332270 sequences
[M::worker_pipeline::98.901*3.73] mapped 332238 sequences
[M::worker_pipeline::99.680*3.73] mapped 332302 sequences
[M::worker_pipeline::100.219*3.73] mapped 332292 sequences
[M::worker_pipeline::100.868*3.73] mapped 332292 sequences
[M::worker_pipeline::101.547*3.73] mapped 332256 sequences
[M::worker_pipeline::102.248*3.73] mapped 332270 sequences
[M::worker_pipeline::102.725*3.73] mapped 332306 sequences
[M::worker_pipeline::103.385*3.73] mapped 332292 sequences
[M::worker_pipeline::104.027*3.74] mapped 332334 sequences
[M::worker_pipeline::104.710*3.74] mapped 332364 sequences
[M::worker_pipeline::105.370*3.74] mapped 332552 sequences
[M::worker_pipeline::105.859*3.74] mapped 332622 sequences
[M::worker_pipeline::106.518*3.74] mapped 332532 sequences
[M::worker_pipeline::107.178*3.74] mapped 332510 sequences
[M::worker_pipeline::107.931*3.74] mapped 332478 sequences
[M::worker_pipeline::108.482*3.74] mapped 332436 sequences
[M::worker_pipeline::109.152*3.74] mapped 332350 sequences
[M::worker_pipeline::109.800*3.74] mapped 332352 sequences
[M::worker_pipeline::110.697*3.73] mapped 332374 sequences
[M::worker_pipeline::111.530*3.73] mapped 332356 sequences
[M::worker_pipeline::112.359*3.72] mapped 332352 sequences
[M::worker_pipeline::113.098*3.72] mapped 332330 sequences
[M::worker_pipeline::113.772*3.72] mapped 332302 sequences
[M::worker_pipeline::114.427*3.72] mapped 332278 sequences
[M::worker_pipeline::114.995*3.72] mapped 332292 sequences
[M::worker_pipeline::115.771*3.72] mapped 332282 sequences
[M::worker_pipeline::116.337*3.72] mapped 332288 sequences
[M::worker_pipeline::116.815*3.72] mapped 332192 sequences
[M::worker_pipeline::117.449*3.73] mapped 332308 sequences
[M::worker_pipeline::118.044*3.73] mapped 332250 sequences
[M::worker_pipeline::118.667*3.73] mapped 332282 sequences
[M::worker_pipeline::119.474*3.73] mapped 332282 sequences
[M::worker_pipeline::119.939*3.73] mapped 332362 sequences
[M::worker_pipeline::120.486*3.73] mapped 332290 sequences
[M::worker_pipeline::121.102*3.73] mapped 332374 sequences
[M::worker_pipeline::121.904*3.73] mapped 332402 sequences
[M::worker_pipeline::122.366*3.74] mapped 332390 sequences
[M::worker_pipeline::123.206*3.73] mapped 332340 sequences
[M::worker_pipeline::123.921*3.73] mapped 332372 sequences
[M::worker_pipeline::124.342*3.74] mapped 332276 sequences
[M::worker_pipeline::125.110*3.74] mapped 332308 sequences
[M::worker_pipeline::125.736*3.74] mapped 332252 sequences
[M::worker_pipeline::126.296*3.74] mapped 332222 sequences
[M::worker_pipeline::127.021*3.74] mapped 332230 sequences
[M::worker_pipeline::127.580*3.74] mapped 332224 sequences
[M::worker_pipeline::128.311*3.74] mapped 332252 sequences
[M::worker_pipeline::128.857*3.75] mapped 332242 sequences
[M::worker_pipeline::129.599*3.74] mapped 332356 sequences
[M::worker_pipeline::130.202*3.75] mapped 332282 sequences
[M::worker_pipeline::130.790*3.75] mapped 332482 sequences
[M::worker_pipeline::131.317*3.75] mapped 332372 sequences
[M::worker_pipeline::132.080*3.75] mapped 332316 sequences
[M::worker_pipeline::132.755*3.75] mapped 332280 sequences
[M::worker_pipeline::133.406*3.75] mapped 332278 sequences
[M::worker_pipeline::134.086*3.75] mapped 332310 sequences
[M::worker_pipeline::134.703*3.75] mapped 332566 sequences
[M::worker_pipeline::135.319*3.75] mapped 332328 sequences
[M::worker_pipeline::135.861*3.75] mapped 332338 sequences
[M::worker_pipeline::136.620*3.75] mapped 332272 sequences
[M::worker_pipeline::137.411*3.75] mapped 332232 sequences
[M::worker_pipeline::138.132*3.75] mapped 332306 sequences
[M::worker_pipeline::138.901*3.75] mapped 332322 sequences
[M::worker_pipeline::144.044*3.66] mapped 332290 sequences
[M::worker_pipeline::144.257*3.66] mapped 332204 sequences
[M::worker_pipeline::144.471*3.65] mapped 332228 sequences
[M::worker_pipeline::144.998*3.66] mapped 332220 sequences
[M::worker_pipeline::145.699*3.66] mapped 332248 sequences
[M::worker_pipeline::146.405*3.66] mapped 332252 sequences
[M::worker_pipeline::147.063*3.66] mapped 332274 sequences
[M::worker_pipeline::147.647*3.66] mapped 332286 sequences
[M::worker_pipeline::148.288*3.66] mapped 332264 sequences
[M::worker_pipeline::149.012*3.66] mapped 332256 sequences
[M::worker_pipeline::149.728*3.66] mapped 332228 sequences
[M::worker_pipeline::150.463*3.66] mapped 332226 sequences
[M::worker_pipeline::151.194*3.66] mapped 332236 sequences
[M::worker_pipeline::151.932*3.65] mapped 332232 sequences
[M::worker_pipeline::152.601*3.65] mapped 332274 sequences
[M::worker_pipeline::153.337*3.65] mapped 332322 sequences
[M::worker_pipeline::154.153*3.65] mapped 332322 sequences
[M::worker_pipeline::154.922*3.65] mapped 332380 sequences
[M::worker_pipeline::155.629*3.65] mapped 332362 sequences
[M::worker_pipeline::156.352*3.65] mapped 332364 sequences
[M::worker_pipeline::157.041*3.65] mapped 332402 sequences
[M::worker_pipeline::157.685*3.65] mapped 332382 sequences
[M::worker_pipeline::158.393*3.64] mapped 332408 sequences
[M::worker_pipeline::159.230*3.64] mapped 332498 sequences
[M::worker_pipeline::159.867*3.64] mapped 332512 sequences
[M::worker_pipeline::160.579*3.64] mapped 332426 sequences
[M::worker_pipeline::161.228*3.64] mapped 332480 sequences
[M::worker_pipeline::161.898*3.64] mapped 332444 sequences
[M::worker_pipeline::162.495*3.64] mapped 332786 sequences
[M::worker_pipeline::163.231*3.64] mapped 332898 sequences
[M::worker_pipeline::164.014*3.64] mapped 332804 sequences
[M::worker_pipeline::164.712*3.64] mapped 332796 sequences
[M::worker_pipeline::165.558*3.64] mapped 332740 sequences
[M::worker_pipeline::166.320*3.63] mapped 332694 sequences
[M::worker_pipeline::167.002*3.63] mapped 332674 sequences
[M::worker_pipeline::167.719*3.63] mapped 332600 sequences
[M::worker_pipeline::168.365*3.63] mapped 332556 sequences
[M::worker_pipeline::169.072*3.63] mapped 332576 sequences
[M::worker_pipeline::169.827*3.63] mapped 332602 sequences
[M::worker_pipeline::170.549*3.63] mapped 332540 sequences
[M::worker_pipeline::171.192*3.63] mapped 332526 sequences
[M::worker_pipeline::171.930*3.63] mapped 332458 sequences
[M::worker_pipeline::172.615*3.63] mapped 332544 sequences
[M::worker_pipeline::173.201*3.63] mapped 332502 sequences
[M::worker_pipeline::173.971*3.63] mapped 332526 sequences
[M::worker_pipeline::174.703*3.63] mapped 332470 sequences
[M::worker_pipeline::175.426*3.63] mapped 332486 sequences
[M::worker_pipeline::176.134*3.63] mapped 332458 sequences
[M::worker_pipeline::176.805*3.63] mapped 332528 sequences
[M::worker_pipeline::177.421*3.63] mapped 332454 sequences
[M::worker_pipeline::178.063*3.63] mapped 332470 sequences
[M::worker_pipeline::178.903*3.63] mapped 332510 sequences
[M::worker_pipeline::179.534*3.63] mapped 332526 sequences
[M::worker_pipeline::180.123*3.63] mapped 332546 sequences
[M::worker_pipeline::180.734*3.64] mapped 332578 sequences
[M::worker_pipeline::181.471*3.63] mapped 332590 sequences
[M::worker_pipeline::182.231*3.63] mapped 332578 sequences
[M::worker_pipeline::182.912*3.63] mapped 332502 sequences
[M::worker_pipeline::183.542*3.63] mapped 332606 sequences
[M::worker_pipeline::184.302*3.63] mapped 332540 sequences
[M::worker_pipeline::184.940*3.63] mapped 332538 sequences
[M::worker_pipeline::185.653*3.63] mapped 332486 sequences
[M::worker_pipeline::186.363*3.63] mapped 332502 sequences
[M::worker_pipeline::187.000*3.63] mapped 332460 sequences
[M::worker_pipeline::187.721*3.63] mapped 332540 sequences
[M::worker_pipeline::188.391*3.63] mapped 332422 sequences
[M::worker_pipeline::188.951*3.64] mapped 332410 sequences
[M::worker_pipeline::189.645*3.64] mapped 332420 sequences
[M::worker_pipeline::190.203*3.64] mapped 332436 sequences
[M::worker_pipeline::190.913*3.64] mapped 332464 sequences
[M::worker_pipeline::191.678*3.64] mapped 332496 sequences
[M::worker_pipeline::192.381*3.64] mapped 332510 sequences
[M::worker_pipeline::193.016*3.64] mapped 332460 sequences
[M::worker_pipeline::193.664*3.64] mapped 332460 sequences
[M::worker_pipeline::194.353*3.64] mapped 332436 sequences
[M::worker_pipeline::195.008*3.64] mapped 332476 sequences
[M::worker_pipeline::195.774*3.64] mapped 332496 sequences
[M::worker_pipeline::196.343*3.64] mapped 332460 sequences
[M::worker_pipeline::197.070*3.64] mapped 332420 sequences
[M::worker_pipeline::197.851*3.64] mapped 332454 sequences
[M::worker_pipeline::198.578*3.64] mapped 332446 sequences
[M::worker_pipeline::199.351*3.63] mapped 332390 sequences
[M::worker_pipeline::200.152*3.63] mapped 332420 sequences
[M::worker_pipeline::200.849*3.63] mapped 332356 sequences
[M::worker_pipeline::201.551*3.63] mapped 332352 sequences
[M::worker_pipeline::202.166*3.64] mapped 332370 sequences
[M::worker_pipeline::202.831*3.63] mapped 332408 sequences
[M::worker_pipeline::203.664*3.63] mapped 332370 sequences
[M::worker_pipeline::204.303*3.63] mapped 332340 sequences
[M::worker_pipeline::205.033*3.63] mapped 332320 sequences
[M::worker_pipeline::205.566*3.64] mapped 332266 sequences
[M::worker_pipeline::206.268*3.64] mapped 332340 sequences
[M::worker_pipeline::207.003*3.63] mapped 332316 sequences
[M::worker_pipeline::207.713*3.63] mapped 332338 sequences
[M::worker_pipeline::208.456*3.63] mapped 332366 sequences
[M::worker_pipeline::209.202*3.63] mapped 332380 sequences
[M::worker_pipeline::209.866*3.63] mapped 332370 sequences
[M::worker_pipeline::210.548*3.63] mapped 332342 sequences
[M::worker_pipeline::211.292*3.63] mapped 332428 sequences
[M::worker_pipeline::212.029*3.63] mapped 332402 sequences
[M::worker_pipeline::212.809*3.63] mapped 332360 sequences
[M::worker_pipeline::213.410*3.63] mapped 332334 sequences
[M::worker_pipeline::214.161*3.63] mapped 332344 sequences
[M::worker_pipeline::214.887*3.63] mapped 332368 sequences
[M::worker_pipeline::215.509*3.63] mapped 332390 sequences
[M::worker_pipeline::221.379*3.56] mapped 332360 sequences
[M::worker_pipeline::221.576*3.56] mapped 332348 sequences
[M::worker_pipeline::221.810*3.56] mapped 332570 sequences
[M::worker_pipeline::222.388*3.56] mapped 332560 sequences
[M::worker_pipeline::223.127*3.56] mapped 332522 sequences
[M::worker_pipeline::223.873*3.56] mapped 332448 sequences
[M::worker_pipeline::224.547*3.56] mapped 332498 sequences
[M::worker_pipeline::225.275*3.56] mapped 332424 sequences
[M::worker_pipeline::226.090*3.56] mapped 332478 sequences
[M::worker_pipeline::226.611*3.56] mapped 332438 sequences
[M::worker_pipeline::227.396*3.56] mapped 332360 sequences
[M::worker_pipeline::228.141*3.56] mapped 332300 sequences
[M::worker_pipeline::228.771*3.56] mapped 332366 sequences
[M::worker_pipeline::229.423*3.56] mapped 332318 sequences
[M::worker_pipeline::230.231*3.56] mapped 332328 sequences
[M::worker_pipeline::231.032*3.56] mapped 332310 sequences
[M::worker_pipeline::231.617*3.56] mapped 332238 sequences
[M::worker_pipeline::232.321*3.56] mapped 332336 sequences
[M::worker_pipeline::232.950*3.56] mapped 332266 sequences
[M::worker_pipeline::233.672*3.56] mapped 332336 sequences
[M::worker_pipeline::234.318*3.56] mapped 332298 sequences
[M::worker_pipeline::234.970*3.56] mapped 332322 sequences
[M::worker_pipeline::235.725*3.56] mapped 332346 sequences
[M::worker_pipeline::236.518*3.56] mapped 332286 sequences
[M::worker_pipeline::237.221*3.56] mapped 332366 sequences
[M::worker_pipeline::237.948*3.56] mapped 332396 sequences
[M::worker_pipeline::238.726*3.56] mapped 332470 sequences
[M::worker_pipeline::239.469*3.56] mapped 332430 sequences
[M::worker_pipeline::240.151*3.56] mapped 332442 sequences
[M::worker_pipeline::240.879*3.56] mapped 332414 sequences
[M::worker_pipeline::241.599*3.56] mapped 332356 sequences
[M::worker_pipeline::242.232*3.56] mapped 332342 sequences
[M::worker_pipeline::242.994*3.56] mapped 332366 sequences
[M::worker_pipeline::243.698*3.56] mapped 332300 sequences
[M::worker_pipeline::244.318*3.56] mapped 332358 sequences
[M::worker_pipeline::244.973*3.56] mapped 332366 sequences
[M::worker_pipeline::245.773*3.56] mapped 332358 sequences
[M::worker_pipeline::246.660*3.56] mapped 332430 sequences
[M::worker_pipeline::247.519*3.56] mapped 332334 sequences
[M::worker_pipeline::248.295*3.55] mapped 332264 sequences
[M::worker_pipeline::248.931*3.56] mapped 332280 sequences
[M::worker_pipeline::249.634*3.55] mapped 332302 sequences
[M::worker_pipeline::250.307*3.55] mapped 332272 sequences
[M::worker_pipeline::251.076*3.55] mapped 332442 sequences
[M::worker_pipeline::251.869*3.55] mapped 332322 sequences
[M::worker_pipeline::252.529*3.55] mapped 332250 sequences
[M::worker_pipeline::253.083*3.56] mapped 332262 sequences
[M::worker_pipeline::253.744*3.56] mapped 332302 sequences
[M::worker_pipeline::254.476*3.56] mapped 332264 sequences
[M::worker_pipeline::255.176*3.56] mapped 332262 sequences
[M::worker_pipeline::255.894*3.56] mapped 332260 sequences
[M::worker_pipeline::256.609*3.56] mapped 332284 sequences
[M::worker_pipeline::257.471*3.55] mapped 332304 sequences
[M::worker_pipeline::258.080*3.55] mapped 332314 sequences
[M::worker_pipeline::258.896*3.55] mapped 332290 sequences
[M::worker_pipeline::259.578*3.55] mapped 332252 sequences
[M::worker_pipeline::260.311*3.55] mapped 332214 sequences
[M::worker_pipeline::261.015*3.55] mapped 332262 sequences
[M::worker_pipeline::261.609*3.55] mapped 332150 sequences
[M::worker_pipeline::262.382*3.55] mapped 332200 sequences
[M::worker_pipeline::263.156*3.55] mapped 332196 sequences
[M::worker_pipeline::263.839*3.55] mapped 332244 sequences
[M::worker_pipeline::264.615*3.55] mapped 332186 sequences
[M::worker_pipeline::265.402*3.55] mapped 332242 sequences
[M::worker_pipeline::266.180*3.55] mapped 332340 sequences
[M::worker_pipeline::267.125*3.54] mapped 332160 sequences
[M::worker_pipeline::268.060*3.54] mapped 332238 sequences
[M::worker_pipeline::268.849*3.54] mapped 332152 sequences
[M::worker_pipeline::269.582*3.54] mapped 332194 sequences
[M::worker_pipeline::270.306*3.54] mapped 332186 sequences
[M::worker_pipeline::271.062*3.54] mapped 332214 sequences
[M::worker_pipeline::271.737*3.54] mapped 332216 sequences
[M::worker_pipeline::272.672*3.53] mapped 332278 sequences
[M::worker_pipeline::273.536*3.53] mapped 332218 sequences
[M::worker_pipeline::274.515*3.53] mapped 332344 sequences
[M::worker_pipeline::275.423*3.53] mapped 332222 sequences
[M::worker_pipeline::276.127*3.53] mapped 332216 sequences
[M::worker_pipeline::277.135*3.52] mapped 332260 sequences
[M::worker_pipeline::277.987*3.52] mapped 332290 sequences
[M::worker_pipeline::278.828*3.52] mapped 332338 sequences
[M::worker_pipeline::279.806*3.52] mapped 332512 sequences
[M::worker_pipeline::280.624*3.51] mapped 332534 sequences
[M::worker_pipeline::281.438*3.51] mapped 332396 sequences
[M::worker_pipeline::282.240*3.51] mapped 332332 sequences
[M::worker_pipeline::282.977*3.51] mapped 332322 sequences
[M::worker_pipeline::283.674*3.51] mapped 332272 sequences
[M::worker_pipeline::284.377*3.51] mapped 332314 sequences
[M::worker_pipeline::285.105*3.51] mapped 332284 sequences
[M::worker_pipeline::285.787*3.51] mapped 332208 sequences
[M::worker_pipeline::286.468*3.51] mapped 332222 sequences
[M::worker_pipeline::287.159*3.51] mapped 332212 sequences
[M::worker_pipeline::287.832*3.51] mapped 332190 sequences
[M::worker_pipeline::288.530*3.51] mapped 332228 sequences
[M::worker_pipeline::289.195*3.51] mapped 332196 sequences
[M::worker_pipeline::289.784*3.51] mapped 332194 sequences
[M::worker_pipeline::290.499*3.51] mapped 332216 sequences
[M::worker_pipeline::291.174*3.51] mapped 332128 sequences
[M::worker_pipeline::291.919*3.51] mapped 332128 sequences
[M::worker_pipeline::292.669*3.51] mapped 332158 sequences
[M::worker_pipeline::293.457*3.51] mapped 332180 sequences
[M::worker_pipeline::294.087*3.51] mapped 332154 sequences
[M::worker_pipeline::294.767*3.51] mapped 332244 sequences
[M::worker_pipeline::295.514*3.51] mapped 332168 sequences
[M::worker_pipeline::296.217*3.51] mapped 332264 sequences
[M::worker_pipeline::296.967*3.51] mapped 332180 sequences
[M::worker_pipeline::303.032*3.46] mapped 332274 sequences
[M::worker_pipeline::303.278*3.46] mapped 332252 sequences
[M::worker_pipeline::303.484*3.46] mapped 332174 sequences
[M::worker_pipeline::303.997*3.46] mapped 332216 sequences
[M::worker_pipeline::304.684*3.46] mapped 332156 sequences
[M::worker_pipeline::305.347*3.46] mapped 332144 sequences
[M::worker_pipeline::306.000*3.47] mapped 332150 sequences
[M::worker_pipeline::306.724*3.47] mapped 332144 sequences
[M::worker_pipeline::307.435*3.47] mapped 332150 sequences
[M::worker_pipeline::308.124*3.47] mapped 332170 sequences
[M::worker_pipeline::308.821*3.47] mapped 332150 sequences
[M::worker_pipeline::309.491*3.47] mapped 332144 sequences
[M::worker_pipeline::310.182*3.47] mapped 332258 sequences
[M::worker_pipeline::310.909*3.47] mapped 332182 sequences
[M::worker_pipeline::311.610*3.47] mapped 332252 sequences
[M::worker_pipeline::312.319*3.47] mapped 332238 sequences
[M::worker_pipeline::312.982*3.47] mapped 332132 sequences
[M::worker_pipeline::313.605*3.47] mapped 332130 sequences
[M::worker_pipeline::314.312*3.47] mapped 332206 sequences
[M::worker_pipeline::314.951*3.47] mapped 332350 sequences
[M::worker_pipeline::315.673*3.47] mapped 332178 sequences
[M::worker_pipeline::316.361*3.47] mapped 332208 sequences
[M::worker_pipeline::317.042*3.47] mapped 332126 sequences
[M::worker_pipeline::317.651*3.47] mapped 332110 sequences
[M::worker_pipeline::318.259*3.47] mapped 332106 sequences
[M::worker_pipeline::319.076*3.47] mapped 332144 sequences
[M::worker_pipeline::319.785*3.47] mapped 332130 sequences
[M::worker_pipeline::320.477*3.47] mapped 332112 sequences
[M::worker_pipeline::321.168*3.47] mapped 332160 sequences
[M::worker_pipeline::321.842*3.47] mapped 332138 sequences
[M::worker_pipeline::322.461*3.48] mapped 332158 sequences
[M::worker_pipeline::323.109*3.48] mapped 332160 sequences
[M::worker_pipeline::323.868*3.48] mapped 332158 sequences
[M::worker_pipeline::324.459*3.48] mapped 332094 sequences
[M::worker_pipeline::325.178*3.48] mapped 332146 sequences
[M::worker_pipeline::325.863*3.48] mapped 332240 sequences
[M::worker_pipeline::326.544*3.48] mapped 332136 sequences
[M::worker_pipeline::327.259*3.48] mapped 332064 sequences
[M::worker_pipeline::327.986*3.48] mapped 332142 sequences
[M::worker_pipeline::328.732*3.48] mapped 332122 sequences
[M::worker_pipeline::329.431*3.48] mapped 332204 sequences
[M::worker_pipeline::330.146*3.48] mapped 332264 sequences
[M::worker_pipeline::330.806*3.48] mapped 332298 sequences
[M::worker_pipeline::331.503*3.48] mapped 332230 sequences
[M::worker_pipeline::332.203*3.48] mapped 332270 sequences
[M::worker_pipeline::332.808*3.48] mapped 332226 sequences
[M::worker_pipeline::333.468*3.48] mapped 332358 sequences
[M::worker_pipeline::334.249*3.48] mapped 332270 sequences
[M::worker_pipeline::334.985*3.48] mapped 332260 sequences
[M::worker_pipeline::335.771*3.48] mapped 332276 sequences
[M::worker_pipeline::336.592*3.48] mapped 332402 sequences
[M::worker_pipeline::337.252*3.48] mapped 332446 sequences
[M::worker_pipeline::338.026*3.48] mapped 332400 sequences
[M::worker_pipeline::338.675*3.48] mapped 332390 sequences
[M::worker_pipeline::339.310*3.48] mapped 332380 sequences
[M::worker_pipeline::340.013*3.48] mapped 332452 sequences
[M::worker_pipeline::340.753*3.48] mapped 332382 sequences
[M::worker_pipeline::341.444*3.48] mapped 332312 sequences
[M::worker_pipeline::342.178*3.48] mapped 332352 sequences
[M::worker_pipeline::342.947*3.48] mapped 332322 sequences
[M::worker_pipeline::343.615*3.48] mapped 332292 sequences
[M::worker_pipeline::344.362*3.48] mapped 332234 sequences
[M::worker_pipeline::345.013*3.48] mapped 332246 sequences
[M::worker_pipeline::345.733*3.48] mapped 332268 sequences
[M::worker_pipeline::346.410*3.48] mapped 332208 sequences
[M::worker_pipeline::347.242*3.48] mapped 332220 sequences
[M::worker_pipeline::347.900*3.48] mapped 332206 sequences
[M::worker_pipeline::348.568*3.48] mapped 332192 sequences
[M::worker_pipeline::349.156*3.48] mapped 332252 sequences
[M::worker_pipeline::349.922*3.48] mapped 332152 sequences
[M::worker_pipeline::350.579*3.49] mapped 332190 sequences
[M::worker_pipeline::351.274*3.49] mapped 332166 sequences
[M::worker_pipeline::351.953*3.49] mapped 332178 sequences
[M::worker_pipeline::352.645*3.49] mapped 332192 sequences
[M::worker_pipeline::353.400*3.49] mapped 332188 sequences
[M::worker_pipeline::354.042*3.49] mapped 332264 sequences
[M::worker_pipeline::354.817*3.49] mapped 332196 sequences
[M::worker_pipeline::355.606*3.49] mapped 332298 sequences
[M::worker_pipeline::356.200*3.49] mapped 332300 sequences
[M::worker_pipeline::356.949*3.49] mapped 332330 sequences
[M::worker_pipeline::357.655*3.49] mapped 332276 sequences
[M::worker_pipeline::358.362*3.49] mapped 332258 sequences
[M::worker_pipeline::359.043*3.49] mapped 332200 sequences
[M::worker_pipeline::359.751*3.49] mapped 332290 sequences
[M::worker_pipeline::360.441*3.49] mapped 332172 sequences
[M::worker_pipeline::361.119*3.49] mapped 332198 sequences
[M::worker_pipeline::361.844*3.49] mapped 332240 sequences
[M::worker_pipeline::362.491*3.49] mapped 332176 sequences
[M::worker_pipeline::363.232*3.49] mapped 332202 sequences
[M::worker_pipeline::363.892*3.49] mapped 332210 sequences
[M::worker_pipeline::364.599*3.49] mapped 332186 sequences
[M::worker_pipeline::365.371*3.49] mapped 332174 sequences
[M::worker_pipeline::366.120*3.49] mapped 332222 sequences
[M::worker_pipeline::366.790*3.49] mapped 332132 sequences
[M::worker_pipeline::367.449*3.49] mapped 332154 sequences
[M::worker_pipeline::368.181*3.49] mapped 332148 sequences
[M::worker_pipeline::368.758*3.49] mapped 332176 sequences
[M::worker_pipeline::369.441*3.49] mapped 332592 sequences
[M::worker_pipeline::370.095*3.49] mapped 332184 sequences
[M::worker_pipeline::370.792*3.49] mapped 332210 sequences
[M::worker_pipeline::371.514*3.49] mapped 332154 sequences
[M::worker_pipeline::372.229*3.49] mapped 332240 sequences
[M::worker_pipeline::372.905*3.49] mapped 332092 sequences
[M::worker_pipeline::373.522*3.49] mapped 332148 sequences
[M::worker_pipeline::374.193*3.49] mapped 332084 sequences
[M::worker_pipeline::374.916*3.49] mapped 332074 sequences
[M::worker_pipeline::381.241*3.45] mapped 332026 sequences
[M::worker_pipeline::381.426*3.45] mapped 332028 sequences
[M::worker_pipeline::381.652*3.45] mapped 332076 sequences
[M::worker_pipeline::382.237*3.45] mapped 332100 sequences
[M::worker_pipeline::382.891*3.45] mapped 332104 sequences
[M::worker_pipeline::383.585*3.45] mapped 332326 sequences
[M::worker_pipeline::384.280*3.45] mapped 332060 sequences
[M::worker_pipeline::384.990*3.45] mapped 332046 sequences
[M::worker_pipeline::385.712*3.45] mapped 332030 sequences
[M::worker_pipeline::386.434*3.45] mapped 332050 sequences
[M::worker_pipeline::387.019*3.46] mapped 332050 sequences
[M::worker_pipeline::387.748*3.46] mapped 332038 sequences
[M::worker_pipeline::388.379*3.46] mapped 332148 sequences
[M::worker_pipeline::389.098*3.46] mapped 332082 sequences
[M::worker_pipeline::389.798*3.46] mapped 332100 sequences
[M::worker_pipeline::390.438*3.46] mapped 332188 sequences
[M::worker_pipeline::391.135*3.46] mapped 332152 sequences
[M::worker_pipeline::391.906*3.46] mapped 332136 sequences
[M::worker_pipeline::392.490*3.46] mapped 332152 sequences
[M::worker_pipeline::393.192*3.46] mapped 332100 sequences
[M::worker_pipeline::393.906*3.46] mapped 332144 sequences
[M::worker_pipeline::394.438*3.46] mapped 332162 sequences
[M::worker_pipeline::395.114*3.46] mapped 332162 sequences
[M::worker_pipeline::395.821*3.46] mapped 332258 sequences
[M::worker_pipeline::396.371*3.46] mapped 332288 sequences
[M::worker_pipeline::397.019*3.46] mapped 332730 sequences
[M::worker_pipeline::397.686*3.46] mapped 332644 sequences
[M::worker_pipeline::398.423*3.46] mapped 332644 sequences
[M::worker_pipeline::399.079*3.46] mapped 332650 sequences
[M::worker_pipeline::399.777*3.46] mapped 332532 sequences
[M::worker_pipeline::400.399*3.47] mapped 332556 sequences
[M::worker_pipeline::401.074*3.47] mapped 332544 sequences
[M::worker_pipeline::401.639*3.47] mapped 332418 sequences
[M::worker_pipeline::402.318*3.47] mapped 332476 sequences
[M::worker_pipeline::402.959*3.47] mapped 332444 sequences
[M::worker_pipeline::403.689*3.47] mapped 332460 sequences
[M::worker_pipeline::404.436*3.47] mapped 332426 sequences
[M::worker_pipeline::405.119*3.47] mapped 332392 sequences
[M::worker_pipeline::405.832*3.47] mapped 332408 sequences
[M::worker_pipeline::406.556*3.47] mapped 332376 sequences
[M::worker_pipeline::407.108*3.47] mapped 332470 sequences
[M::worker_pipeline::407.799*3.47] mapped 332366 sequences
[M::worker_pipeline::408.454*3.47] mapped 332322 sequences
[M::worker_pipeline::409.057*3.47] mapped 332380 sequences
[M::worker_pipeline::409.799*3.47] mapped 332370 sequences
[M::worker_pipeline::410.421*3.47] mapped 332420 sequences
[M::worker_pipeline::411.135*3.47] mapped 332432 sequences
[M::worker_pipeline::411.855*3.47] mapped 332460 sequences
[M::worker_pipeline::412.603*3.47] mapped 332404 sequences
[M::worker_pipeline::413.346*3.47] mapped 332388 sequences
[M::worker_pipeline::414.026*3.47] mapped 332442 sequences
[M::worker_pipeline::414.781*3.47] mapped 332440 sequences
[M::worker_pipeline::415.588*3.47] mapped 332364 sequences
[M::worker_pipeline::416.254*3.47] mapped 332350 sequences
[M::worker_pipeline::417.028*3.47] mapped 332408 sequences
[M::worker_pipeline::417.653*3.47] mapped 332320 sequences
[M::worker_pipeline::418.480*3.47] mapped 332382 sequences
[M::worker_pipeline::418.981*3.47] mapped 332338 sequences
[M::worker_pipeline::419.900*3.47] mapped 332356 sequences
[M::worker_pipeline::420.547*3.47] mapped 332388 sequences
[M::worker_pipeline::421.454*3.47] mapped 332462 sequences
[M::worker_pipeline::422.308*3.47] mapped 332448 sequences
[M::worker_pipeline::423.116*3.47] mapped 332388 sequences
[M::worker_pipeline::424.007*3.47] mapped 332396 sequences
[M::worker_pipeline::424.895*3.46] mapped 332338 sequences
[M::worker_pipeline::425.777*3.46] mapped 332382 sequences
[M::worker_pipeline::426.600*3.46] mapped 332440 sequences
[M::worker_pipeline::427.492*3.46] mapped 332396 sequences
[M::worker_pipeline::428.336*3.46] mapped 332468 sequences
[M::worker_pipeline::429.211*3.45] mapped 332328 sequences
[M::worker_pipeline::430.122*3.45] mapped 332426 sequences
[M::worker_pipeline::431.013*3.45] mapped 332354 sequences
[M::worker_pipeline::431.904*3.45] mapped 332368 sequences
[M::worker_pipeline::432.687*3.45] mapped 332350 sequences
[M::worker_pipeline::433.539*3.45] mapped 332414 sequences
[M::worker_pipeline::433.986*3.45] mapped 332438 sequences
[M::worker_pipeline::434.791*3.45] mapped 332308 sequences
[M::worker_pipeline::435.562*3.45] mapped 332312 sequences
[M::worker_pipeline::436.273*3.45] mapped 332294 sequences
[M::worker_pipeline::437.126*3.45] mapped 332288 sequences
[M::worker_pipeline::437.964*3.45] mapped 332294 sequences
[M::worker_pipeline::438.852*3.44] mapped 332234 sequences
[M::worker_pipeline::439.775*3.44] mapped 332352 sequences
[M::worker_pipeline::440.556*3.44] mapped 332290 sequences
[M::worker_pipeline::441.387*3.44] mapped 332248 sequences
[M::worker_pipeline::442.184*3.44] mapped 332158 sequences
[M::worker_pipeline::443.100*3.44] mapped 332266 sequences
[M::worker_pipeline::443.844*3.44] mapped 332252 sequences
[M::worker_pipeline::444.683*3.43] mapped 332256 sequences
[M::worker_pipeline::445.574*3.43] mapped 332422 sequences
[M::worker_pipeline::446.533*3.43] mapped 332458 sequences
[M::worker_pipeline::447.225*3.43] mapped 332444 sequences
[M::worker_pipeline::447.970*3.43] mapped 332396 sequences
[M::worker_pipeline::448.636*3.43] mapped 332346 sequences
[M::worker_pipeline::449.501*3.43] mapped 332482 sequences
[M::worker_pipeline::450.301*3.43] mapped 332456 sequences
[M::worker_pipeline::451.072*3.43] mapped 332426 sequences
[M::worker_pipeline::452.013*3.43] mapped 332522 sequences
[M::worker_pipeline::452.819*3.43] mapped 332570 sequences
[M::worker_pipeline::453.648*3.42] mapped 332480 sequences
[M::worker_pipeline::454.624*3.42] mapped 332482 sequences
[M::worker_pipeline::455.451*3.42] mapped 332610 sequences
[M::worker_pipeline::455.500*3.42] mapped 81188 sequences
[M::main] Version: 2.22-r1101
[M::main] CMD: minimap2 --secondary=no -t 16 -R @RG\tID:snippy\tSM:snippy -ax sr /work/FAC/FBM/DMF/smitri/evomicrocomm/genome_size/data/ct/reference.fasta /work/FAC/FBM/DMF/smitri/evomicrocomm/genome_size/data/T11.3.5/read1.fq.gz /work/FAC/FBM/DMF/smitri/evomicrocomm/genome_size/data/T11.3.5/read2.fq.gz
[M::main] Real time: 455.521 sec; CPU: 1558.147 sec; Peak RSS: 0.502 GB
[bam_sort_core] merging from 80 files and 16 in-memory blocks...
[Sun Oct 17 22:52:29 2021]
Finished job 0.
1 of 1 steps (100%) done
