Building DAG of jobs...
Using shell: /usr/bin/bash
Provided cores: 16
Rules claiming more threads will be scaled down.
Select jobs to execute...

[Sun Oct 17 22:30:59 2021]
rule mapping:
    input: /work/FAC/FBM/DMF/smitri/evomicrocomm/genome_size/data/ms/reference.fasta, /work/FAC/FBM/DMF/smitri/evomicrocomm/genome_size/data/T44.3.4/read1.fq.gz, /work/FAC/FBM/DMF/smitri/evomicrocomm/genome_size/data/T44.3.4/read2.fq.gz
    output: /work/FAC/FBM/DMF/smitri/evomicrocomm/genome_size/data/T44.3.4/ms/mapped_reads.sorted.bam
    jobid: 0
    wildcards: sample=T44.3.4, strain=ms
    threads: 16
    resources: mem_mb=25152, disk_mb=25152, tmpdir=/tmp/2846021

[M::mm_idx_gen::0.106*0.84] collected minimizers
[M::mm_idx_gen::0.123*2.30] sorted minimizers
[M::main::0.124*2.30] loaded/built the index for 1 target sequence(s)
[M::mm_mapopt_update::0.124*2.30] mid_occ = 1000
[M::mm_idx_stat] kmer size: 21; skip: 11; is_hpc: 0; #seq: 1
[M::mm_idx_stat::0.131*2.23] distinct minimizers: 620509 (99.65% are singletons); average occurrences: 1.004; average spacing: 5.998; total length: 3737398
[M::worker_pipeline::1.250*2.23] mapped 332750 sequences
[M::worker_pipeline::2.067*2.45] mapped 332762 sequences
[M::worker_pipeline::2.921*2.53] mapped 332770 sequences
[M::worker_pipeline::3.681*2.61] mapped 332560 sequences
[M::worker_pipeline::4.496*2.64] mapped 332528 sequences
[M::worker_pipeline::5.222*2.73] mapped 332532 sequences
[M::worker_pipeline::5.843*2.82] mapped 332446 sequences
[M::worker_pipeline::6.480*2.91] mapped 332460 sequences
[M::worker_pipeline::7.061*2.97] mapped 332420 sequences
[M::worker_pipeline::7.682*3.03] mapped 332420 sequences
[M::worker_pipeline::8.305*3.07] mapped 332350 sequences
[M::worker_pipeline::8.921*3.11] mapped 332324 sequences
[M::worker_pipeline::9.534*3.14] mapped 332284 sequences
[M::worker_pipeline::10.189*3.17] mapped 332314 sequences
[M::worker_pipeline::10.778*3.21] mapped 332320 sequences
[M::worker_pipeline::11.345*3.24] mapped 332256 sequences
[M::worker_pipeline::11.985*3.27] mapped 332258 sequences
[M::worker_pipeline::12.597*3.29] mapped 332264 sequences
[M::worker_pipeline::13.169*3.31] mapped 332342 sequences
[M::worker_pipeline::13.817*3.32] mapped 332352 sequences
[M::worker_pipeline::14.418*3.34] mapped 332294 sequences
[M::worker_pipeline::15.044*3.35] mapped 332308 sequences
[M::worker_pipeline::15.685*3.36] mapped 332318 sequences
[M::worker_pipeline::16.274*3.38] mapped 332248 sequences
[M::worker_pipeline::16.916*3.39] mapped 332298 sequences
[M::worker_pipeline::17.530*3.40] mapped 332306 sequences
[M::worker_pipeline::18.119*3.41] mapped 332266 sequences
[M::worker_pipeline::18.746*3.42] mapped 332222 sequences
[M::worker_pipeline::19.381*3.42] mapped 332306 sequences
[M::worker_pipeline::19.996*3.43] mapped 332204 sequences
[M::worker_pipeline::20.588*3.44] mapped 332162 sequences
[M::worker_pipeline::21.233*3.44] mapped 332206 sequences
[M::worker_pipeline::21.837*3.45] mapped 332226 sequences
[M::worker_pipeline::22.457*3.45] mapped 332266 sequences
[M::worker_pipeline::23.102*3.46] mapped 332292 sequences
[M::worker_pipeline::23.734*3.46] mapped 332282 sequences
[M::worker_pipeline::24.282*3.48] mapped 332204 sequences
[M::worker_pipeline::24.908*3.48] mapped 332142 sequences
[M::worker_pipeline::25.470*3.49] mapped 332152 sequences
[M::worker_pipeline::26.098*3.49] mapped 332106 sequences
[M::worker_pipeline::26.734*3.49] mapped 332072 sequences
[M::worker_pipeline::27.341*3.50] mapped 332090 sequences
[M::worker_pipeline::27.941*3.50] mapped 332120 sequences
[M::worker_pipeline::28.601*3.50] mapped 332080 sequences
[M::worker_pipeline::29.204*3.51] mapped 332122 sequences
[M::worker_pipeline::29.759*3.51] mapped 332112 sequences
[M::worker_pipeline::30.400*3.51] mapped 332030 sequences
[M::worker_pipeline::31.045*3.51] mapped 332088 sequences
[M::worker_pipeline::31.663*3.51] mapped 332024 sequences
[M::worker_pipeline::32.257*3.52] mapped 332028 sequences
[M::worker_pipeline::32.871*3.52] mapped 332096 sequences
[M::worker_pipeline::33.450*3.53] mapped 332016 sequences
[M::worker_pipeline::34.074*3.53] mapped 332020 sequences
[M::worker_pipeline::34.679*3.54] mapped 332018 sequences
[M::worker_pipeline::35.223*3.54] mapped 332054 sequences
[M::worker_pipeline::35.864*3.55] mapped 332002 sequences
[M::worker_pipeline::36.446*3.55] mapped 331994 sequences
[M::worker_pipeline::37.007*3.55] mapped 332010 sequences
[M::worker_pipeline::37.627*3.55] mapped 332000 sequences
[M::worker_pipeline::38.225*3.56] mapped 332010 sequences
[M::worker_pipeline::38.853*3.56] mapped 331998 sequences
[M::worker_pipeline::39.465*3.56] mapped 332010 sequences
[M::worker_pipeline::40.030*3.56] mapped 332008 sequences
[M::worker_pipeline::40.687*3.56] mapped 332012 sequences
[M::worker_pipeline::41.269*3.56] mapped 332016 sequences
[M::worker_pipeline::41.874*3.57] mapped 332018 sequences
[M::worker_pipeline::42.489*3.57] mapped 332054 sequences
[M::worker_pipeline::43.095*3.57] mapped 332040 sequences
[M::worker_pipeline::43.673*3.58] mapped 332070 sequences
[M::worker_pipeline::44.284*3.58] mapped 332036 sequences
[M::worker_pipeline::44.899*3.58] mapped 332082 sequences
[M::worker_pipeline::45.485*3.58] mapped 332056 sequences
[M::worker_pipeline::46.121*3.58] mapped 332002 sequences
[M::worker_pipeline::46.700*3.58] mapped 332062 sequences
[M::worker_pipeline::47.280*3.59] mapped 332092 sequences
[M::worker_pipeline::47.860*3.59] mapped 332166 sequences
[M::worker_pipeline::48.464*3.59] mapped 332462 sequences
[M::worker_pipeline::49.051*3.60] mapped 332720 sequences
[M::worker_pipeline::49.646*3.60] mapped 332616 sequences
[M::worker_pipeline::50.240*3.60] mapped 332548 sequences
[M::worker_pipeline::50.832*3.60] mapped 332530 sequences
[M::worker_pipeline::51.467*3.60] mapped 332472 sequences
[M::worker_pipeline::52.079*3.60] mapped 332394 sequences
[M::worker_pipeline::52.686*3.61] mapped 332344 sequences
[M::worker_pipeline::53.307*3.61] mapped 332354 sequences
[M::worker_pipeline::53.896*3.61] mapped 332336 sequences
[M::worker_pipeline::54.531*3.61] mapped 332296 sequences
[M::worker_pipeline::55.137*3.61] mapped 332264 sequences
[M::worker_pipeline::55.709*3.61] mapped 332268 sequences
[M::worker_pipeline::56.332*3.61] mapped 332246 sequences
[M::worker_pipeline::56.939*3.61] mapped 332224 sequences
[M::worker_pipeline::57.537*3.61] mapped 332258 sequences
[M::worker_pipeline::58.130*3.61] mapped 332318 sequences
[M::worker_pipeline::58.738*3.62] mapped 332322 sequences
[M::worker_pipeline::59.381*3.62] mapped 332312 sequences
[M::worker_pipeline::59.968*3.62] mapped 332308 sequences
[M::worker_pipeline::60.590*3.62] mapped 332316 sequences
[M::worker_pipeline::61.187*3.62] mapped 332254 sequences
[M::worker_pipeline::61.831*3.62] mapped 332270 sequences
[M::worker_pipeline::62.456*3.62] mapped 332204 sequences
[M::worker_pipeline::63.058*3.62] mapped 332192 sequences
[M::worker_pipeline::63.658*3.62] mapped 332198 sequences
[M::worker_pipeline::64.235*3.63] mapped 332166 sequences
[M::worker_pipeline::64.845*3.63] mapped 332224 sequences
[M::worker_pipeline::65.452*3.63] mapped 332198 sequences
[M::worker_pipeline::75.437*3.23] mapped 332210 sequences
[M::worker_pipeline::75.630*3.23] mapped 332162 sequences
[M::worker_pipeline::75.799*3.22] mapped 332156 sequences
[M::worker_pipeline::76.393*3.22] mapped 332078 sequences
[M::worker_pipeline::77.148*3.22] mapped 332194 sequences
[M::worker_pipeline::77.733*3.23] mapped 332126 sequences
[M::worker_pipeline::78.292*3.23] mapped 332098 sequences
[M::worker_pipeline::78.921*3.24] mapped 332136 sequences
[M::worker_pipeline::79.578*3.24] mapped 332104 sequences
[M::worker_pipeline::80.170*3.24] mapped 332096 sequences
[M::worker_pipeline::80.782*3.25] mapped 332104 sequences
[M::worker_pipeline::81.379*3.25] mapped 332132 sequences
[M::worker_pipeline::82.009*3.25] mapped 332076 sequences
[M::worker_pipeline::82.580*3.26] mapped 332098 sequences
[M::worker_pipeline::83.196*3.26] mapped 332066 sequences
[M::worker_pipeline::83.835*3.26] mapped 332108 sequences
[M::worker_pipeline::84.507*3.26] mapped 332122 sequences
[M::worker_pipeline::85.064*3.27] mapped 332088 sequences
[M::worker_pipeline::85.685*3.27] mapped 332102 sequences
[M::worker_pipeline::86.309*3.27] mapped 332052 sequences
[M::worker_pipeline::86.938*3.28] mapped 332020 sequences
[M::worker_pipeline::87.500*3.28] mapped 332048 sequences
[M::worker_pipeline::88.110*3.28] mapped 332086 sequences
[M::worker_pipeline::88.736*3.29] mapped 332030 sequences
[M::worker_pipeline::89.341*3.29] mapped 332042 sequences
[M::worker_pipeline::89.927*3.29] mapped 332052 sequences
[M::worker_pipeline::90.533*3.30] mapped 332052 sequences
[M::worker_pipeline::91.114*3.30] mapped 332030 sequences
[M::worker_pipeline::91.704*3.30] mapped 332044 sequences
[M::worker_pipeline::92.308*3.31] mapped 332022 sequences
[M::worker_pipeline::92.909*3.31] mapped 332046 sequences
[M::worker_pipeline::93.491*3.31] mapped 332024 sequences
[M::worker_pipeline::94.059*3.32] mapped 331998 sequences
[M::worker_pipeline::94.696*3.32] mapped 332018 sequences
[M::worker_pipeline::95.332*3.32] mapped 332002 sequences
[M::worker_pipeline::95.973*3.32] mapped 332024 sequences
[M::worker_pipeline::96.564*3.32] mapped 332006 sequences
[M::worker_pipeline::97.163*3.33] mapped 332016 sequences
[M::worker_pipeline::97.751*3.33] mapped 332014 sequences
[M::worker_pipeline::98.359*3.33] mapped 332114 sequences
[M::worker_pipeline::98.953*3.33] mapped 332110 sequences
[M::worker_pipeline::99.508*3.34] mapped 332100 sequences
[M::worker_pipeline::100.171*3.34] mapped 332200 sequences
[M::worker_pipeline::100.797*3.34] mapped 332210 sequences
[M::worker_pipeline::101.375*3.34] mapped 332152 sequences
[M::worker_pipeline::102.008*3.34] mapped 332250 sequences
[M::worker_pipeline::102.655*3.34] mapped 332242 sequences
[M::worker_pipeline::103.258*3.35] mapped 332436 sequences
[M::worker_pipeline::103.854*3.35] mapped 332830 sequences
[M::worker_pipeline::104.437*3.35] mapped 332676 sequences
[M::worker_pipeline::105.050*3.35] mapped 332662 sequences
[M::worker_pipeline::105.664*3.35] mapped 332548 sequences
[M::worker_pipeline::106.286*3.36] mapped 332492 sequences
[M::worker_pipeline::106.872*3.36] mapped 332500 sequences
[M::worker_pipeline::107.495*3.36] mapped 332434 sequences
[M::worker_pipeline::108.094*3.36] mapped 332454 sequences
[M::worker_pipeline::108.686*3.36] mapped 332462 sequences
[M::worker_pipeline::109.289*3.37] mapped 332372 sequences
[M::worker_pipeline::109.894*3.37] mapped 332312 sequences
[M::worker_pipeline::110.468*3.37] mapped 332220 sequences
[M::worker_pipeline::111.065*3.37] mapped 332264 sequences
[M::worker_pipeline::111.703*3.38] mapped 332270 sequences
[M::worker_pipeline::112.301*3.38] mapped 332260 sequences
[M::worker_pipeline::112.901*3.38] mapped 332334 sequences
[M::worker_pipeline::113.527*3.38] mapped 332368 sequences
[M::worker_pipeline::114.150*3.38] mapped 332440 sequences
[M::worker_pipeline::114.746*3.38] mapped 332530 sequences
[M::worker_pipeline::115.379*3.39] mapped 332578 sequences
[M::worker_pipeline::115.991*3.39] mapped 332942 sequences
[M::worker_pipeline::116.607*3.39] mapped 332396 sequences
[M::worker_pipeline::117.268*3.39] mapped 332448 sequences
[M::worker_pipeline::117.900*3.39] mapped 332348 sequences
[M::worker_pipeline::118.496*3.39] mapped 332382 sequences
[M::worker_pipeline::119.105*3.39] mapped 332340 sequences
[M::worker_pipeline::119.717*3.40] mapped 332376 sequences
[M::worker_pipeline::120.306*3.40] mapped 332338 sequences
[M::worker_pipeline::120.877*3.40] mapped 332252 sequences
[M::worker_pipeline::121.512*3.40] mapped 332218 sequences
[M::worker_pipeline::122.125*3.40] mapped 332144 sequences
[M::worker_pipeline::122.759*3.40] mapped 332126 sequences
[M::worker_pipeline::123.349*3.40] mapped 332182 sequences
[M::worker_pipeline::124.010*3.40] mapped 332920 sequences
[M::worker_pipeline::124.586*3.41] mapped 332218 sequences
[M::worker_pipeline::125.207*3.41] mapped 332170 sequences
[M::worker_pipeline::125.810*3.41] mapped 332120 sequences
[M::worker_pipeline::126.441*3.41] mapped 332124 sequences
[M::worker_pipeline::127.023*3.41] mapped 332148 sequences
[M::worker_pipeline::127.661*3.41] mapped 332134 sequences
[M::worker_pipeline::128.263*3.41] mapped 332208 sequences
[M::worker_pipeline::128.902*3.41] mapped 332174 sequences
[M::worker_pipeline::129.523*3.42] mapped 332148 sequences
[M::worker_pipeline::130.115*3.42] mapped 332106 sequences
[M::worker_pipeline::130.731*3.42] mapped 332130 sequences
[M::worker_pipeline::131.371*3.42] mapped 332116 sequences
[M::worker_pipeline::131.985*3.42] mapped 332088 sequences
[M::worker_pipeline::132.605*3.42] mapped 332068 sequences
[M::worker_pipeline::133.185*3.42] mapped 332042 sequences
[M::worker_pipeline::133.809*3.42] mapped 331982 sequences
[M::worker_pipeline::134.353*3.43] mapped 332010 sequences
[M::worker_pipeline::134.959*3.43] mapped 332022 sequences
[M::worker_pipeline::135.557*3.43] mapped 332014 sequences
[M::worker_pipeline::136.120*3.43] mapped 331990 sequences
[M::worker_pipeline::136.715*3.43] mapped 331986 sequences
[M::worker_pipeline::137.378*3.43] mapped 331976 sequences
[M::worker_pipeline::137.954*3.43] mapped 332016 sequences
[M::worker_pipeline::138.573*3.44] mapped 332004 sequences
[M::worker_pipeline::145.796*3.31] mapped 332024 sequences
[M::worker_pipeline::145.941*3.31] mapped 332012 sequences
[M::worker_pipeline::146.082*3.31] mapped 331976 sequences
[M::worker_pipeline::146.661*3.31] mapped 332028 sequences
[M::worker_pipeline::147.393*3.31] mapped 331970 sequences
[M::worker_pipeline::148.093*3.31] mapped 331944 sequences
[M::worker_pipeline::148.891*3.30] mapped 331994 sequences
[M::worker_pipeline::149.737*3.30] mapped 332004 sequences
[M::worker_pipeline::150.524*3.30] mapped 332040 sequences
[M::worker_pipeline::151.222*3.30] mapped 332054 sequences
[M::worker_pipeline::151.820*3.30] mapped 332056 sequences
[M::worker_pipeline::152.426*3.30] mapped 332152 sequences
[M::worker_pipeline::153.058*3.30] mapped 332076 sequences
[M::worker_pipeline::153.652*3.30] mapped 332034 sequences
[M::worker_pipeline::154.233*3.31] mapped 332112 sequences
[M::worker_pipeline::154.837*3.31] mapped 332104 sequences
[M::worker_pipeline::155.403*3.31] mapped 332098 sequences
[M::worker_pipeline::156.010*3.31] mapped 332566 sequences
[M::worker_pipeline::156.666*3.31] mapped 332758 sequences
[M::worker_pipeline::157.270*3.31] mapped 333002 sequences
[M::worker_pipeline::157.907*3.32] mapped 332674 sequences
[M::worker_pipeline::158.504*3.32] mapped 332660 sequences
[M::worker_pipeline::159.135*3.32] mapped 332600 sequences
[M::worker_pipeline::159.776*3.32] mapped 332540 sequences
[M::worker_pipeline::160.408*3.32] mapped 332446 sequences
[M::worker_pipeline::160.993*3.32] mapped 332394 sequences
[M::worker_pipeline::161.628*3.32] mapped 332392 sequences
[M::worker_pipeline::162.269*3.32] mapped 332402 sequences
[M::worker_pipeline::162.867*3.32] mapped 332358 sequences
[M::worker_pipeline::163.473*3.33] mapped 332352 sequences
[M::worker_pipeline::164.065*3.33] mapped 332406 sequences
[M::worker_pipeline::164.667*3.33] mapped 332406 sequences
[M::worker_pipeline::165.261*3.33] mapped 332384 sequences
[M::worker_pipeline::165.867*3.33] mapped 332452 sequences
[M::worker_pipeline::166.458*3.33] mapped 332506 sequences
[M::worker_pipeline::167.066*3.34] mapped 332572 sequences
[M::worker_pipeline::167.671*3.34] mapped 332584 sequences
[M::worker_pipeline::168.262*3.34] mapped 332644 sequences
[M::worker_pipeline::168.872*3.34] mapped 332510 sequences
[M::worker_pipeline::169.478*3.34] mapped 332496 sequences
[M::worker_pipeline::170.119*3.34] mapped 332370 sequences
[M::worker_pipeline::170.705*3.34] mapped 332434 sequences
[M::worker_pipeline::171.343*3.35] mapped 332402 sequences
[M::worker_pipeline::171.907*3.35] mapped 332408 sequences
[M::worker_pipeline::172.510*3.35] mapped 332390 sequences
[M::worker_pipeline::173.113*3.35] mapped 332478 sequences
[M::worker_pipeline::173.740*3.35] mapped 332476 sequences
[M::worker_pipeline::174.343*3.35] mapped 332372 sequences
[M::worker_pipeline::174.958*3.35] mapped 332302 sequences
[M::worker_pipeline::175.579*3.35] mapped 332368 sequences
[M::worker_pipeline::176.176*3.36] mapped 332320 sequences
[M::worker_pipeline::176.798*3.36] mapped 332280 sequences
[M::worker_pipeline::177.364*3.36] mapped 332258 sequences
[M::worker_pipeline::177.959*3.36] mapped 332312 sequences
[M::worker_pipeline::178.587*3.36] mapped 332370 sequences
[M::worker_pipeline::179.178*3.36] mapped 332372 sequences
[M::worker_pipeline::179.767*3.36] mapped 332362 sequences
[M::worker_pipeline::180.395*3.37] mapped 332352 sequences
[M::worker_pipeline::180.986*3.37] mapped 332302 sequences
[M::worker_pipeline::181.577*3.37] mapped 332292 sequences
[M::worker_pipeline::182.217*3.37] mapped 332248 sequences
[M::worker_pipeline::182.797*3.37] mapped 332226 sequences
[M::worker_pipeline::183.411*3.37] mapped 332210 sequences
[M::worker_pipeline::184.001*3.37] mapped 332242 sequences
[M::worker_pipeline::184.615*3.37] mapped 332168 sequences
[M::worker_pipeline::185.233*3.37] mapped 332170 sequences
[M::worker_pipeline::185.854*3.38] mapped 332224 sequences
[M::worker_pipeline::186.472*3.38] mapped 332194 sequences
[M::worker_pipeline::187.079*3.38] mapped 332190 sequences
[M::worker_pipeline::187.671*3.38] mapped 332164 sequences
[M::worker_pipeline::188.300*3.38] mapped 332160 sequences
[M::worker_pipeline::188.906*3.38] mapped 332162 sequences
[M::worker_pipeline::189.532*3.38] mapped 332092 sequences
[M::worker_pipeline::190.113*3.38] mapped 332042 sequences
[M::worker_pipeline::190.731*3.38] mapped 332122 sequences
[M::worker_pipeline::191.320*3.38] mapped 332138 sequences
[M::worker_pipeline::191.931*3.39] mapped 332102 sequences
[M::worker_pipeline::192.507*3.39] mapped 332048 sequences
[M::worker_pipeline::193.136*3.39] mapped 332070 sequences
[M::worker_pipeline::193.733*3.39] mapped 332058 sequences
[M::worker_pipeline::194.293*3.39] mapped 332086 sequences
[M::worker_pipeline::194.935*3.39] mapped 332056 sequences
[M::worker_pipeline::195.521*3.39] mapped 332066 sequences
[M::worker_pipeline::196.147*3.39] mapped 332058 sequences
[M::worker_pipeline::196.744*3.39] mapped 332098 sequences
[M::worker_pipeline::197.338*3.39] mapped 332160 sequences
[M::worker_pipeline::197.939*3.40] mapped 332182 sequences
[M::worker_pipeline::198.553*3.40] mapped 332214 sequences
[M::worker_pipeline::199.328*3.39] mapped 332208 sequences
[M::worker_pipeline::200.090*3.39] mapped 332214 sequences
[M::worker_pipeline::200.884*3.39] mapped 332224 sequences
[M::worker_pipeline::201.696*3.39] mapped 332264 sequences
[M::worker_pipeline::202.473*3.39] mapped 332268 sequences
[M::worker_pipeline::203.259*3.38] mapped 332378 sequences
[M::worker_pipeline::203.863*3.39] mapped 332844 sequences
[M::worker_pipeline::204.479*3.39] mapped 333014 sequences
[M::worker_pipeline::205.095*3.39] mapped 332708 sequences
[M::worker_pipeline::205.708*3.39] mapped 332532 sequences
[M::worker_pipeline::206.312*3.39] mapped 332550 sequences
[M::worker_pipeline::206.931*3.39] mapped 332600 sequences
[M::worker_pipeline::207.510*3.39] mapped 332452 sequences
[M::worker_pipeline::208.125*3.39] mapped 332422 sequences
[M::worker_pipeline::208.743*3.39] mapped 332410 sequences
[M::worker_pipeline::209.353*3.40] mapped 332320 sequences
[M::worker_pipeline::209.959*3.40] mapped 332280 sequences
[M::worker_pipeline::210.697*3.39] mapped 332310 sequences
[M::worker_pipeline::215.420*3.35] mapped 332360 sequences
[M::worker_pipeline::215.589*3.35] mapped 332294 sequences
[M::worker_pipeline::215.764*3.35] mapped 332344 sequences
[M::worker_pipeline::216.280*3.35] mapped 332288 sequences
[M::worker_pipeline::216.899*3.35] mapped 332282 sequences
[M::worker_pipeline::217.534*3.35] mapped 332284 sequences
[M::worker_pipeline::218.113*3.35] mapped 332252 sequences
[M::worker_pipeline::218.742*3.35] mapped 332314 sequences
[M::worker_pipeline::219.361*3.35] mapped 332310 sequences
[M::worker_pipeline::219.976*3.35] mapped 332228 sequences
[M::worker_pipeline::220.557*3.35] mapped 332232 sequences
[M::worker_pipeline::221.182*3.36] mapped 332272 sequences
[M::worker_pipeline::221.804*3.36] mapped 332292 sequences
[M::worker_pipeline::222.410*3.36] mapped 332216 sequences
[M::worker_pipeline::223.178*3.36] mapped 332178 sequences
[M::worker_pipeline::223.952*3.35] mapped 332180 sequences
[M::worker_pipeline::224.733*3.35] mapped 332130 sequences
[M::worker_pipeline::225.616*3.35] mapped 332176 sequences
[M::worker_pipeline::226.232*3.35] mapped 332222 sequences
[M::worker_pipeline::226.822*3.35] mapped 332248 sequences
[M::worker_pipeline::227.409*3.35] mapped 332220 sequences
[M::worker_pipeline::227.988*3.35] mapped 332210 sequences
[M::worker_pipeline::228.594*3.36] mapped 332210 sequences
[M::worker_pipeline::229.197*3.36] mapped 332178 sequences
[M::worker_pipeline::229.776*3.36] mapped 332150 sequences
[M::worker_pipeline::230.367*3.36] mapped 332158 sequences
[M::worker_pipeline::230.990*3.36] mapped 332144 sequences
[M::worker_pipeline::231.571*3.36] mapped 332116 sequences
[M::worker_pipeline::232.163*3.36] mapped 332126 sequences
[M::worker_pipeline::232.768*3.36] mapped 332152 sequences
[M::worker_pipeline::233.358*3.36] mapped 332170 sequences
[M::worker_pipeline::233.993*3.36] mapped 332172 sequences
[M::worker_pipeline::234.566*3.37] mapped 332144 sequences
[M::worker_pipeline::235.200*3.37] mapped 332182 sequences
[M::worker_pipeline::235.796*3.37] mapped 332120 sequences
[M::worker_pipeline::236.379*3.37] mapped 332140 sequences
[M::worker_pipeline::237.008*3.37] mapped 332160 sequences
[M::worker_pipeline::237.618*3.37] mapped 332156 sequences
[M::worker_pipeline::238.199*3.37] mapped 332140 sequences
[M::worker_pipeline::238.777*3.37] mapped 332212 sequences
[M::worker_pipeline::239.376*3.37] mapped 332222 sequences
[M::worker_pipeline::240.023*3.38] mapped 332218 sequences
[M::worker_pipeline::240.594*3.38] mapped 332198 sequences
[M::worker_pipeline::241.169*3.38] mapped 332264 sequences
[M::worker_pipeline::241.766*3.38] mapped 332202 sequences
[M::worker_pipeline::242.389*3.38] mapped 332240 sequences
[M::worker_pipeline::242.984*3.38] mapped 332212 sequences
[M::worker_pipeline::243.574*3.38] mapped 332298 sequences
[M::worker_pipeline::244.198*3.38] mapped 332304 sequences
[M::worker_pipeline::244.801*3.38] mapped 332354 sequences
[M::worker_pipeline::245.398*3.39] mapped 332350 sequences
[M::worker_pipeline::245.976*3.39] mapped 332368 sequences
[M::worker_pipeline::246.554*3.39] mapped 332320 sequences
[M::worker_pipeline::247.164*3.39] mapped 332328 sequences
[M::worker_pipeline::247.774*3.39] mapped 332228 sequences
[M::worker_pipeline::248.417*3.39] mapped 332186 sequences
[M::worker_pipeline::249.001*3.39] mapped 332116 sequences
[M::worker_pipeline::249.601*3.39] mapped 332118 sequences
[M::worker_pipeline::250.222*3.39] mapped 331996 sequences
[M::worker_pipeline::250.816*3.39] mapped 332086 sequences
[M::worker_pipeline::251.436*3.40] mapped 332094 sequences
[M::worker_pipeline::251.994*3.40] mapped 332100 sequences
[M::worker_pipeline::252.648*3.40] mapped 332702 sequences
[M::worker_pipeline::253.236*3.40] mapped 332732 sequences
[M::worker_pipeline::253.831*3.40] mapped 332538 sequences
[M::worker_pipeline::254.452*3.40] mapped 332516 sequences
[M::worker_pipeline::255.013*3.40] mapped 332478 sequences
[M::worker_pipeline::255.653*3.40] mapped 332438 sequences
[M::worker_pipeline::256.248*3.40] mapped 332312 sequences
[M::worker_pipeline::256.865*3.40] mapped 332372 sequences
[M::worker_pipeline::257.501*3.40] mapped 332314 sequences
[M::worker_pipeline::258.091*3.40] mapped 332332 sequences
[M::worker_pipeline::258.709*3.40] mapped 332256 sequences
[M::worker_pipeline::259.279*3.41] mapped 332194 sequences
[M::worker_pipeline::259.883*3.41] mapped 332190 sequences
[M::worker_pipeline::260.490*3.41] mapped 332220 sequences
[M::worker_pipeline::261.098*3.41] mapped 332270 sequences
[M::worker_pipeline::261.691*3.41] mapped 332256 sequences
[M::worker_pipeline::262.305*3.41] mapped 332248 sequences
[M::worker_pipeline::262.903*3.41] mapped 332326 sequences
[M::worker_pipeline::263.499*3.41] mapped 332320 sequences
[M::worker_pipeline::264.085*3.41] mapped 332286 sequences
[M::worker_pipeline::264.686*3.41] mapped 332250 sequences
[M::worker_pipeline::265.321*3.41] mapped 332246 sequences
[M::worker_pipeline::265.940*3.41] mapped 332224 sequences
[M::worker_pipeline::266.532*3.41] mapped 332284 sequences
[M::worker_pipeline::267.151*3.41] mapped 332182 sequences
[M::worker_pipeline::267.932*3.41] mapped 332150 sequences
[M::worker_pipeline::268.743*3.41] mapped 332170 sequences
[M::worker_pipeline::269.549*3.41] mapped 332116 sequences
[M::worker_pipeline::270.306*3.41] mapped 332112 sequences
[M::worker_pipeline::270.908*3.41] mapped 332142 sequences
[M::worker_pipeline::271.553*3.41] mapped 332150 sequences
[M::worker_pipeline::272.169*3.41] mapped 332094 sequences
[M::worker_pipeline::272.778*3.41] mapped 332116 sequences
[M::worker_pipeline::273.374*3.41] mapped 332090 sequences
[M::worker_pipeline::273.987*3.41] mapped 332064 sequences
[M::worker_pipeline::274.576*3.41] mapped 332090 sequences
[M::worker_pipeline::275.208*3.41] mapped 332108 sequences
[M::worker_pipeline::275.767*3.41] mapped 332060 sequences
[M::worker_pipeline::276.363*3.41] mapped 332096 sequences
[M::worker_pipeline::277.002*3.42] mapped 332112 sequences
[M::worker_pipeline::277.581*3.42] mapped 332050 sequences
[M::worker_pipeline::278.195*3.42] mapped 332094 sequences
[M::worker_pipeline::278.845*3.42] mapped 332128 sequences
[M::worker_pipeline::284.629*3.37] mapped 332222 sequences
[M::worker_pipeline::284.802*3.37] mapped 332148 sequences
[M::worker_pipeline::284.980*3.37] mapped 332194 sequences
[M::worker_pipeline::285.483*3.37] mapped 332136 sequences
[M::worker_pipeline::286.112*3.37] mapped 332042 sequences
[M::worker_pipeline::286.705*3.37] mapped 332070 sequences
[M::worker_pipeline::287.310*3.37] mapped 332084 sequences
[M::worker_pipeline::287.904*3.37] mapped 332058 sequences
[M::worker_pipeline::288.515*3.37] mapped 332070 sequences
[M::worker_pipeline::289.101*3.37] mapped 332068 sequences
[M::worker_pipeline::289.745*3.37] mapped 332090 sequences
[M::worker_pipeline::290.328*3.37] mapped 332142 sequences
[M::worker_pipeline::290.899*3.38] mapped 332106 sequences
[M::worker_pipeline::291.486*3.38] mapped 332150 sequences
[M::worker_pipeline::292.084*3.38] mapped 332120 sequences
[M::worker_pipeline::292.684*3.38] mapped 332144 sequences
[M::worker_pipeline::293.258*3.38] mapped 332200 sequences
[M::worker_pipeline::293.881*3.38] mapped 332218 sequences
[M::worker_pipeline::294.497*3.38] mapped 332198 sequences
[M::worker_pipeline::295.089*3.38] mapped 332244 sequences
[M::worker_pipeline::295.706*3.38] mapped 332232 sequences
[M::worker_pipeline::296.286*3.38] mapped 332228 sequences
[M::worker_pipeline::296.879*3.38] mapped 332180 sequences
[M::worker_pipeline::297.509*3.38] mapped 332294 sequences
[M::worker_pipeline::298.088*3.39] mapped 332090 sequences
[M::worker_pipeline::298.683*3.39] mapped 332088 sequences
[M::worker_pipeline::299.299*3.39] mapped 332060 sequences
[M::worker_pipeline::299.886*3.39] mapped 332018 sequences
[M::worker_pipeline::300.511*3.39] mapped 332082 sequences
[M::worker_pipeline::301.082*3.39] mapped 332076 sequences
[M::worker_pipeline::301.690*3.39] mapped 332152 sequences
[M::worker_pipeline::302.288*3.39] mapped 332802 sequences
[M::worker_pipeline::302.899*3.39] mapped 332596 sequences
[M::worker_pipeline::303.510*3.39] mapped 332564 sequences
[M::worker_pipeline::304.111*3.39] mapped 332404 sequences
[M::worker_pipeline::304.731*3.39] mapped 332360 sequences
[M::worker_pipeline::305.376*3.39] mapped 332404 sequences
[M::worker_pipeline::305.996*3.39] mapped 332262 sequences
[M::worker_pipeline::306.588*3.39] mapped 332278 sequences
[M::worker_pipeline::307.221*3.39] mapped 332190 sequences
[M::worker_pipeline::307.817*3.39] mapped 332188 sequences
[M::worker_pipeline::308.483*3.40] mapped 332214 sequences
[M::worker_pipeline::309.061*3.40] mapped 332148 sequences
[M::worker_pipeline::309.674*3.40] mapped 332166 sequences
[M::worker_pipeline::310.289*3.40] mapped 332118 sequences
[M::worker_pipeline::310.843*3.40] mapped 332110 sequences
[M::worker_pipeline::311.468*3.40] mapped 332178 sequences
[M::worker_pipeline::312.055*3.40] mapped 332156 sequences
[M::worker_pipeline::312.667*3.40] mapped 332172 sequences
[M::worker_pipeline::313.271*3.40] mapped 332206 sequences
[M::worker_pipeline::313.900*3.40] mapped 332198 sequences
[M::worker_pipeline::314.512*3.40] mapped 332582 sequences
[M::worker_pipeline::315.066*3.40] mapped 332120 sequences
[M::worker_pipeline::315.729*3.40] mapped 332122 sequences
[M::worker_pipeline::316.292*3.40] mapped 332100 sequences
[M::worker_pipeline::316.873*3.41] mapped 332084 sequences
[M::worker_pipeline::317.538*3.41] mapped 332088 sequences
[M::worker_pipeline::318.119*3.41] mapped 332164 sequences
[M::worker_pipeline::318.695*3.41] mapped 332152 sequences
[M::worker_pipeline::319.328*3.41] mapped 332138 sequences
[M::worker_pipeline::319.913*3.41] mapped 332078 sequences
[M::worker_pipeline::320.533*3.41] mapped 332066 sequences
[M::worker_pipeline::321.115*3.41] mapped 332040 sequences
[M::worker_pipeline::321.751*3.41] mapped 332090 sequences
[M::worker_pipeline::322.370*3.41] mapped 332122 sequences
[M::worker_pipeline::322.979*3.41] mapped 332138 sequences
[M::worker_pipeline::323.543*3.41] mapped 332124 sequences
[M::worker_pipeline::324.161*3.41] mapped 332090 sequences
[M::worker_pipeline::324.756*3.41] mapped 332082 sequences
[M::worker_pipeline::325.338*3.41] mapped 332082 sequences
[M::worker_pipeline::325.930*3.41] mapped 332072 sequences
[M::worker_pipeline::326.520*3.42] mapped 332072 sequences
[M::worker_pipeline::327.093*3.42] mapped 332282 sequences
[M::worker_pipeline::327.719*3.42] mapped 332278 sequences
[M::worker_pipeline::328.328*3.42] mapped 332330 sequences
[M::worker_pipeline::328.909*3.42] mapped 332270 sequences
[M::worker_pipeline::329.497*3.42] mapped 332340 sequences
[M::worker_pipeline::330.106*3.42] mapped 332228 sequences
[M::worker_pipeline::330.669*3.42] mapped 332046 sequences
[M::worker_pipeline::331.285*3.42] mapped 332066 sequences
[M::worker_pipeline::331.879*3.42] mapped 332102 sequences
[M::worker_pipeline::332.483*3.42] mapped 332076 sequences
[M::worker_pipeline::333.057*3.42] mapped 332074 sequences
[M::worker_pipeline::333.664*3.42] mapped 332090 sequences
[M::worker_pipeline::334.330*3.42] mapped 332116 sequences
[M::worker_pipeline::334.904*3.42] mapped 332120 sequences
[M::worker_pipeline::335.705*3.42] mapped 332174 sequences
[M::worker_pipeline::336.416*3.42] mapped 332180 sequences
[M::worker_pipeline::337.012*3.42] mapped 332166 sequences
[M::worker_pipeline::337.581*3.42] mapped 332146 sequences
[M::worker_pipeline::338.155*3.42] mapped 332156 sequences
[M::worker_pipeline::338.757*3.42] mapped 332132 sequences
[M::worker_pipeline::339.338*3.43] mapped 332212 sequences
[M::worker_pipeline::339.928*3.43] mapped 332252 sequences
[M::worker_pipeline::340.517*3.43] mapped 332194 sequences
[M::worker_pipeline::341.108*3.43] mapped 332190 sequences
[M::worker_pipeline::341.671*3.43] mapped 332284 sequences
[M::worker_pipeline::342.274*3.43] mapped 332240 sequences
[M::worker_pipeline::342.897*3.43] mapped 332162 sequences
[M::worker_pipeline::343.484*3.43] mapped 332092 sequences
[M::worker_pipeline::344.064*3.43] mapped 332034 sequences
[M::worker_pipeline::344.689*3.43] mapped 332118 sequences
[M::worker_pipeline::345.316*3.43] mapped 332098 sequences
[M::worker_pipeline::345.940*3.43] mapped 332092 sequences
[M::worker_pipeline::346.570*3.43] mapped 332180 sequences
[M::worker_pipeline::347.174*3.43] mapped 332846 sequences
[M::worker_pipeline::353.231*3.39] mapped 332756 sequences
[M::worker_pipeline::353.398*3.39] mapped 332632 sequences
[M::worker_pipeline::353.571*3.39] mapped 332546 sequences
[M::worker_pipeline::354.128*3.39] mapped 332510 sequences
[M::worker_pipeline::354.701*3.39] mapped 332540 sequences
[M::worker_pipeline::355.314*3.39] mapped 332432 sequences
[M::worker_pipeline::355.911*3.39] mapped 332512 sequences
[M::worker_pipeline::356.512*3.39] mapped 332366 sequences
[M::worker_pipeline::357.113*3.39] mapped 332468 sequences
[M::worker_pipeline::357.721*3.39] mapped 332376 sequences
[M::worker_pipeline::358.321*3.40] mapped 332270 sequences
[M::worker_pipeline::358.908*3.40] mapped 332334 sequences
[M::worker_pipeline::359.492*3.40] mapped 332318 sequences
[M::worker_pipeline::360.102*3.40] mapped 332312 sequences
[M::worker_pipeline::360.688*3.40] mapped 332336 sequences
[M::worker_pipeline::361.309*3.40] mapped 332348 sequences
[M::worker_pipeline::361.931*3.40] mapped 332410 sequences
[M::worker_pipeline::362.574*3.40] mapped 332410 sequences
[M::worker_pipeline::363.158*3.40] mapped 332442 sequences
[M::worker_pipeline::363.761*3.40] mapped 332490 sequences
[M::worker_pipeline::364.385*3.40] mapped 332360 sequences
[M::worker_pipeline::364.980*3.40] mapped 332334 sequences
[M::worker_pipeline::365.605*3.40] mapped 332330 sequences
[M::worker_pipeline::366.215*3.40] mapped 332334 sequences
[M::worker_pipeline::366.783*3.40] mapped 332268 sequences
[M::worker_pipeline::367.378*3.41] mapped 332258 sequences
[M::worker_pipeline::367.972*3.41] mapped 332226 sequences
[M::worker_pipeline::368.560*3.41] mapped 332190 sequences
[M::worker_pipeline::369.188*3.41] mapped 332162 sequences
[M::worker_pipeline::369.782*3.41] mapped 332182 sequences
[M::worker_pipeline::370.674*3.40] mapped 332196 sequences
[M::worker_pipeline::371.457*3.40] mapped 332182 sequences
[M::worker_pipeline::372.014*3.40] mapped 332208 sequences
[M::worker_pipeline::372.623*3.41] mapped 332240 sequences
[M::worker_pipeline::373.238*3.41] mapped 332176 sequences
[M::worker_pipeline::373.867*3.41] mapped 332160 sequences
[M::worker_pipeline::374.456*3.41] mapped 332162 sequences
[M::worker_pipeline::375.080*3.41] mapped 332194 sequences
[M::worker_pipeline::375.620*3.41] mapped 332146 sequences
[M::worker_pipeline::376.257*3.41] mapped 332434 sequences
[M::worker_pipeline::376.866*3.41] mapped 332504 sequences
[M::worker_pipeline::377.478*3.41] mapped 332592 sequences
[M::worker_pipeline::378.071*3.41] mapped 332458 sequences
[M::worker_pipeline::378.660*3.41] mapped 332428 sequences
[M::worker_pipeline::379.256*3.41] mapped 332412 sequences
[M::worker_pipeline::379.855*3.41] mapped 332216 sequences
[M::worker_pipeline::380.452*3.41] mapped 332070 sequences
[M::worker_pipeline::381.063*3.41] mapped 332138 sequences
[M::worker_pipeline::381.635*3.41] mapped 332126 sequences
[M::worker_pipeline::382.230*3.42] mapped 332118 sequences
[M::worker_pipeline::382.843*3.42] mapped 332094 sequences
[M::worker_pipeline::383.445*3.42] mapped 332114 sequences
[M::worker_pipeline::384.000*3.42] mapped 332148 sequences
[M::worker_pipeline::384.642*3.42] mapped 332126 sequences
[M::worker_pipeline::385.235*3.42] mapped 332164 sequences
[M::worker_pipeline::385.793*3.42] mapped 332188 sequences
[M::worker_pipeline::386.394*3.42] mapped 332148 sequences
[M::worker_pipeline::387.005*3.42] mapped 332160 sequences
[M::worker_pipeline::387.569*3.42] mapped 332144 sequences
[M::worker_pipeline::388.172*3.42] mapped 332146 sequences
[M::worker_pipeline::388.785*3.42] mapped 332110 sequences
[M::worker_pipeline::389.380*3.42] mapped 332166 sequences
[M::worker_pipeline::389.969*3.42] mapped 332146 sequences
[M::worker_pipeline::390.563*3.42] mapped 332136 sequences
[M::worker_pipeline::391.156*3.42] mapped 332110 sequences
[M::worker_pipeline::391.769*3.42] mapped 332042 sequences
[M::worker_pipeline::392.391*3.42] mapped 332102 sequences
[M::worker_pipeline::392.982*3.43] mapped 332080 sequences
[M::worker_pipeline::393.574*3.43] mapped 332020 sequences
[M::worker_pipeline::394.189*3.43] mapped 331998 sequences
[M::worker_pipeline::394.772*3.43] mapped 332070 sequences
[M::worker_pipeline::395.380*3.43] mapped 332062 sequences
[M::worker_pipeline::395.972*3.43] mapped 328894 sequences
[M::main] Version: 2.22-r1101
[M::main] CMD: minimap2 --secondary=no -t 16 -R @RG\tID:snippy\tSM:snippy -ax sr /work/FAC/FBM/DMF/smitri/evomicrocomm/genome_size/data/ms/reference.fasta /work/FAC/FBM/DMF/smitri/evomicrocomm/genome_size/data/T44.3.4/read1.fq.gz /work/FAC/FBM/DMF/smitri/evomicrocomm/genome_size/data/T44.3.4/read2.fq.gz
[M::main] Real time: 395.983 sec; CPU: 1357.136 sec; Peak RSS: 0.492 GB
[bam_sort_core] merging from 80 files and 16 in-memory blocks...
[Sun Oct 17 22:42:12 2021]
Finished job 0.
1 of 1 steps (100%) done
