Building DAG of jobs...
Using shell: /usr/bin/bash
Provided cores: 16
Rules claiming more threads will be scaled down.
Select jobs to execute...

[Sun Oct 17 22:44:31 2021]
rule mapping:
    input: /work/FAC/FBM/DMF/smitri/evomicrocomm/genome_size/data/at/reference.fasta, /work/FAC/FBM/DMF/smitri/evomicrocomm/genome_size/data/T11.3.2/read1.fq.gz, /work/FAC/FBM/DMF/smitri/evomicrocomm/genome_size/data/T11.3.2/read2.fq.gz
    output: /work/FAC/FBM/DMF/smitri/evomicrocomm/genome_size/data/T11.3.2/at/mapped_reads.sorted.bam
    jobid: 0
    wildcards: sample=T11.3.2, strain=at
    threads: 16
    resources: mem_mb=27355, disk_mb=27355, tmpdir=/tmp/2846194

[M::mm_idx_gen::0.121*0.97] collected minimizers
[M::mm_idx_gen::0.140*1.72] sorted minimizers
[M::main::0.140*1.72] loaded/built the index for 5 target sequence(s)
[M::mm_mapopt_update::0.140*1.72] mid_occ = 1000
[M::mm_idx_stat] kmer size: 21; skip: 11; is_hpc: 0; #seq: 5
[M::mm_idx_stat::0.151*1.67] distinct minimizers: 875577 (98.87% are singletons); average occurrences: 1.019; average spacing: 5.996; total length: 5348547
[M::worker_pipeline::1.585*4.44] mapped 333206 sequences
[M::worker_pipeline::2.445*5.63] mapped 333070 sequences
[M::worker_pipeline::3.391*7.25] mapped 332968 sequences
[M::worker_pipeline::4.305*7.38] mapped 332918 sequences
[M::worker_pipeline::5.048*7.53] mapped 332878 sequences
[M::worker_pipeline::6.196*8.03] mapped 332860 sequences
[M::worker_pipeline::6.682*7.58] mapped 332834 sequences
[M::worker_pipeline::7.431*7.66] mapped 332768 sequences
[M::worker_pipeline::8.538*7.98] mapped 332728 sequences
[M::worker_pipeline::8.946*7.71] mapped 332750 sequences
[M::worker_pipeline::9.723*7.80] mapped 332698 sequences
[M::worker_pipeline::10.893*8.00] mapped 332702 sequences
[M::worker_pipeline::11.356*7.75] mapped 332658 sequences
[M::worker_pipeline::12.133*7.79] mapped 332606 sequences
[M::worker_pipeline::12.930*7.82] mapped 332726 sequences
[M::worker_pipeline::13.691*7.83] mapped 332658 sequences
[M::worker_pipeline::14.643*7.95] mapped 332622 sequences
[M::worker_pipeline::15.222*7.88] mapped 332638 sequences
[M::worker_pipeline::16.393*8.04] mapped 332666 sequences
[M::worker_pipeline::16.731*7.92] mapped 332664 sequences
[M::worker_pipeline::17.430*7.96] mapped 332696 sequences
[M::worker_pipeline::18.196*7.96] mapped 332820 sequences
[M::worker_pipeline::18.866*8.01] mapped 332896 sequences
[M::worker_pipeline::19.568*8.04] mapped 332932 sequences
[M::worker_pipeline::20.256*8.07] mapped 332920 sequences
[M::worker_pipeline::20.960*8.09] mapped 332928 sequences
[M::worker_pipeline::22.082*8.21] mapped 333042 sequences
[M::worker_pipeline::22.425*8.12] mapped 332916 sequences
[M::worker_pipeline::23.094*8.15] mapped 332844 sequences
[M::worker_pipeline::23.864*8.16] mapped 332818 sequences
[M::worker_pipeline::24.767*8.23] mapped 332752 sequences
[M::worker_pipeline::25.313*8.18] mapped 332682 sequences
[M::worker_pipeline::26.175*8.24] mapped 332662 sequences
[M::worker_pipeline::26.782*8.20] mapped 332632 sequences
[M::worker_pipeline::27.869*8.29] mapped 332682 sequences
[M::worker_pipeline::28.269*8.20] mapped 332712 sequences
[M::worker_pipeline::29.072*8.20] mapped 332748 sequences
[M::worker_pipeline::29.852*8.21] mapped 332812 sequences
[M::worker_pipeline::30.955*8.28] mapped 333190 sequences
[M::worker_pipeline::31.331*8.20] mapped 332906 sequences
[M::worker_pipeline::32.125*8.19] mapped 332726 sequences
[M::worker_pipeline::32.532*8.10] mapped 332726 sequences
[M::worker_pipeline::33.843*8.15] mapped 332708 sequences
[M::worker_pipeline::34.575*8.15] mapped 332658 sequences
[M::worker_pipeline::35.316*8.15] mapped 332654 sequences
[M::worker_pipeline::36.073*8.15] mapped 332658 sequences
[M::worker_pipeline::36.807*8.16] mapped 332722 sequences
[M::worker_pipeline::37.929*8.22] mapped 332626 sequences
[M::worker_pipeline::38.312*8.16] mapped 332628 sequences
[M::worker_pipeline::39.069*8.17] mapped 332642 sequences
[M::worker_pipeline::40.097*8.21] mapped 332696 sequences
[M::worker_pipeline::40.609*8.16] mapped 332692 sequences
[M::worker_pipeline::41.404*8.17] mapped 332690 sequences
[M::worker_pipeline::42.211*8.17] mapped 332658 sequences
[M::worker_pipeline::43.285*8.23] mapped 332654 sequences
[M::worker_pipeline::43.705*8.17] mapped 332846 sequences
[M::worker_pipeline::44.433*8.18] mapped 332748 sequences
[M::worker_pipeline::45.226*8.19] mapped 332758 sequences
[M::worker_pipeline::46.316*8.25] mapped 332880 sequences
[M::worker_pipeline::46.747*8.19] mapped 332812 sequences
[M::worker_pipeline::47.518*8.19] mapped 332850 sequences
[M::worker_pipeline::48.629*8.23] mapped 332756 sequences
[M::worker_pipeline::49.028*8.18] mapped 332764 sequences
[M::worker_pipeline::49.831*8.18] mapped 332686 sequences
[M::worker_pipeline::50.966*8.23] mapped 332738 sequences
[M::worker_pipeline::51.374*8.18] mapped 332822 sequences
[M::worker_pipeline::52.153*8.19] mapped 332904 sequences
[M::worker_pipeline::53.169*8.24] mapped 332898 sequences
[M::worker_pipeline::53.604*8.20] mapped 333010 sequences
[M::worker_pipeline::54.403*8.20] mapped 332992 sequences
[M::worker_pipeline::55.085*8.21] mapped 333082 sequences
[M::worker_pipeline::55.860*8.22] mapped 333116 sequences
[M::worker_pipeline::57.010*8.26] mapped 333328 sequences
[M::worker_pipeline::57.462*8.21] mapped 333224 sequences
[M::worker_pipeline::58.222*8.21] mapped 333200 sequences
[M::worker_pipeline::59.094*8.24] mapped 333396 sequences
[M::worker_pipeline::59.687*8.22] mapped 333296 sequences
[M::worker_pipeline::60.441*8.23] mapped 333422 sequences
[M::worker_pipeline::61.312*8.23] mapped 333456 sequences
[M::worker_pipeline::61.877*8.23] mapped 332796 sequences
[M::worker_pipeline::62.571*8.23] mapped 332676 sequences
[M::worker_pipeline::63.274*8.24] mapped 332712 sequences
[M::worker_pipeline::64.006*8.24] mapped 332600 sequences
[M::worker_pipeline::64.992*8.28] mapped 332522 sequences
[M::worker_pipeline::65.350*8.25] mapped 332518 sequences
[M::worker_pipeline::66.006*8.26] mapped 332466 sequences
[M::worker_pipeline::66.700*8.26] mapped 332454 sequences
[M::worker_pipeline::67.420*8.27] mapped 332442 sequences
[M::worker_pipeline::68.746*8.27] mapped 332358 sequences
[M::worker_pipeline::69.106*8.23] mapped 332364 sequences
[M::worker_pipeline::69.999*8.21] mapped 332340 sequences
[M::worker_pipeline::70.764*8.21] mapped 332382 sequences
[M::worker_pipeline::72.093*8.22] mapped 332376 sequences
[M::worker_pipeline::72.442*8.19] mapped 332338 sequences
[M::worker_pipeline::73.456*8.15] mapped 332388 sequences
[M::worker_pipeline::78.688*7.75] mapped 332352 sequences
[M::worker_pipeline::79.098*7.72] mapped 332406 sequences
[M::worker_pipeline::80.002*7.71] mapped 332314 sequences
[M::worker_pipeline::81.318*7.73] mapped 332388 sequences
[M::worker_pipeline::81.713*7.70] mapped 332342 sequences
[M::worker_pipeline::82.665*7.68] mapped 332448 sequences
[M::worker_pipeline::83.945*7.67] mapped 332448 sequences
[M::worker_pipeline::84.432*7.66] mapped 332548 sequences
[M::worker_pipeline::85.252*7.66] mapped 332674 sequences
[M::worker_pipeline::85.924*7.67] mapped 332728 sequences
[M::worker_pipeline::86.749*7.67] mapped 332764 sequences
[M::worker_pipeline::87.532*7.67] mapped 332758 sequences
[M::worker_pipeline::88.292*7.67] mapped 332668 sequences
[M::worker_pipeline::89.271*7.65] mapped 332622 sequences
[M::worker_pipeline::89.629*7.63] mapped 332592 sequences
[M::worker_pipeline::90.619*7.61] mapped 332516 sequences
[M::worker_pipeline::92.186*7.60] mapped 332488 sequences
[M::worker_pipeline::93.043*7.60] mapped 332498 sequences
[M::worker_pipeline::93.850*7.60] mapped 332454 sequences
[M::worker_pipeline::94.632*7.61] mapped 332530 sequences
[M::worker_pipeline::95.794*7.64] mapped 332416 sequences
[M::worker_pipeline::96.207*7.61] mapped 332518 sequences
[M::worker_pipeline::96.936*7.62] mapped 332492 sequences
[M::worker_pipeline::97.768*7.62] mapped 332806 sequences
[M::worker_pipeline::98.639*7.61] mapped 332894 sequences
[M::worker_pipeline::99.481*7.61] mapped 332758 sequences
[M::worker_pipeline::100.305*7.60] mapped 332488 sequences
[M::worker_pipeline::100.972*7.61] mapped 332480 sequences
[M::worker_pipeline::101.673*7.62] mapped 332360 sequences
[M::worker_pipeline::102.060*7.59] mapped 332412 sequences
[M::worker_pipeline::102.997*7.58] mapped 332342 sequences
[M::worker_pipeline::103.989*7.57] mapped 332364 sequences
[M::worker_pipeline::105.077*7.55] mapped 332348 sequences
[M::worker_pipeline::106.192*7.52] mapped 332392 sequences
[M::worker_pipeline::107.863*7.52] mapped 332374 sequences
[M::worker_pipeline::109.142*7.52] mapped 332428 sequences
[M::worker_pipeline::109.529*7.50] mapped 332442 sequences
[M::worker_pipeline::110.278*7.51] mapped 332440 sequences
[M::worker_pipeline::110.979*7.52] mapped 332446 sequences
[M::worker_pipeline::111.649*7.53] mapped 332318 sequences
[M::worker_pipeline::112.447*7.53] mapped 332282 sequences
[M::worker_pipeline::113.431*7.56] mapped 332330 sequences
[M::worker_pipeline::113.844*7.54] mapped 332356 sequences
[M::worker_pipeline::114.625*7.55] mapped 332322 sequences
[M::worker_pipeline::115.386*7.56] mapped 332388 sequences
[M::worker_pipeline::116.257*7.57] mapped 332394 sequences
[M::worker_pipeline::116.774*7.56] mapped 332388 sequences
[M::worker_pipeline::117.640*7.58] mapped 332342 sequences
[M::worker_pipeline::118.194*7.58] mapped 332268 sequences
[M::worker_pipeline::118.993*7.58] mapped 332234 sequences
[M::worker_pipeline::120.084*7.60] mapped 332244 sequences
[M::worker_pipeline::120.440*7.58] mapped 332294 sequences
[M::worker_pipeline::121.193*7.59] mapped 332398 sequences
[M::worker_pipeline::121.941*7.60] mapped 332368 sequences
[M::worker_pipeline::122.653*7.60] mapped 332344 sequences
[M::worker_pipeline::123.682*7.64] mapped 332390 sequences
[M::worker_pipeline::124.024*7.62] mapped 332436 sequences
[M::worker_pipeline::124.800*7.63] mapped 332456 sequences
[M::worker_pipeline::125.552*7.63] mapped 332460 sequences
[M::worker_pipeline::126.596*7.66] mapped 332400 sequences
[M::worker_pipeline::126.997*7.64] mapped 332386 sequences
[M::worker_pipeline::127.787*7.64] mapped 332448 sequences
[M::worker_pipeline::128.823*7.67] mapped 332376 sequences
[M::worker_pipeline::129.202*7.65] mapped 332416 sequences
[M::worker_pipeline::129.941*7.66] mapped 332506 sequences
[M::worker_pipeline::130.616*7.66] mapped 332568 sequences
[M::worker_pipeline::131.357*7.67] mapped 332736 sequences
[M::worker_pipeline::132.023*7.67] mapped 332694 sequences
[M::worker_pipeline::132.831*7.69] mapped 332634 sequences
[M::worker_pipeline::133.553*7.69] mapped 332576 sequences
[M::worker_pipeline::134.186*7.69] mapped 332460 sequences
[M::worker_pipeline::135.259*7.71] mapped 332554 sequences
[M::worker_pipeline::135.757*7.69] mapped 332506 sequences
[M::worker_pipeline::136.570*7.70] mapped 332472 sequences
[M::worker_pipeline::137.268*7.71] mapped 332482 sequences
[M::worker_pipeline::137.943*7.71] mapped 332462 sequences
[M::worker_pipeline::138.598*7.72] mapped 332472 sequences
[M::worker_pipeline::139.265*7.73] mapped 332374 sequences
[M::worker_pipeline::140.359*7.74] mapped 332388 sequences
[M::worker_pipeline::140.725*7.73] mapped 332368 sequences
[M::worker_pipeline::141.244*7.73] mapped 332414 sequences
[M::worker_pipeline::142.111*7.74] mapped 332312 sequences
[M::worker_pipeline::142.864*7.74] mapped 332348 sequences
[M::worker_pipeline::143.561*7.75] mapped 332284 sequences
[M::worker_pipeline::144.285*7.76] mapped 332296 sequences
[M::worker_pipeline::145.069*7.77] mapped 332364 sequences
[M::worker_pipeline::145.604*7.77] mapped 332364 sequences
[M::worker_pipeline::146.447*7.78] mapped 332316 sequences
[M::worker_pipeline::147.098*7.78] mapped 332470 sequences
[M::worker_pipeline::147.771*7.78] mapped 332486 sequences
[M::worker_pipeline::148.535*7.79] mapped 332468 sequences
[M::worker_pipeline::149.280*7.80] mapped 332508 sequences
[M::worker_pipeline::149.938*7.80] mapped 332484 sequences
[M::worker_pipeline::150.740*7.81] mapped 332456 sequences
[M::worker_pipeline::151.476*7.81] mapped 332472 sequences
[M::worker_pipeline::152.557*7.82] mapped 332424 sequences
[M::worker_pipeline::157.953*7.59] mapped 332442 sequences
[M::worker_pipeline::158.403*7.58] mapped 332328 sequences
[M::worker_pipeline::159.507*7.60] mapped 332292 sequences
[M::worker_pipeline::159.922*7.58] mapped 332330 sequences
[M::worker_pipeline::160.358*7.57] mapped 332368 sequences
[M::worker_pipeline::161.430*7.59] mapped 332310 sequences
[M::worker_pipeline::162.135*7.60] mapped 332378 sequences
[M::worker_pipeline::162.898*7.60] mapped 332444 sequences
[M::worker_pipeline::163.598*7.60] mapped 332448 sequences
[M::worker_pipeline::164.437*7.62] mapped 332656 sequences
[M::worker_pipeline::165.128*7.61] mapped 332554 sequences
[M::worker_pipeline::166.210*7.63] mapped 332432 sequences
[M::worker_pipeline::166.563*7.62] mapped 332386 sequences
[M::worker_pipeline::167.047*7.61] mapped 332398 sequences
[M::worker_pipeline::167.988*7.63] mapped 332410 sequences
[M::worker_pipeline::168.680*7.63] mapped 332452 sequences
[M::worker_pipeline::169.818*7.65] mapped 332726 sequences
[M::worker_pipeline::170.161*7.64] mapped 332424 sequences
[M::worker_pipeline::171.192*7.63] mapped 332344 sequences
[M::worker_pipeline::171.895*7.63] mapped 332308 sequences
[M::worker_pipeline::172.851*7.63] mapped 332404 sequences
[M::worker_pipeline::173.563*7.63] mapped 332420 sequences
[M::worker_pipeline::173.976*7.61] mapped 332434 sequences
[M::worker_pipeline::174.902*7.61] mapped 332372 sequences
[M::worker_pipeline::175.727*7.61] mapped 332304 sequences
[M::worker_pipeline::176.609*7.60] mapped 332334 sequences
[M::worker_pipeline::177.635*7.59] mapped 332340 sequences
[M::worker_pipeline::178.620*7.59] mapped 332352 sequences
[M::worker_pipeline::179.601*7.58] mapped 332436 sequences
[M::worker_pipeline::180.834*7.59] mapped 332388 sequences
[M::worker_pipeline::181.607*7.60] mapped 332366 sequences
[M::worker_pipeline::182.213*7.60] mapped 332358 sequences
[M::worker_pipeline::183.235*7.62] mapped 332318 sequences
[M::worker_pipeline::183.627*7.61] mapped 332354 sequences
[M::worker_pipeline::184.093*7.61] mapped 332262 sequences
[M::worker_pipeline::184.807*7.61] mapped 332352 sequences
[M::worker_pipeline::185.928*7.62] mapped 332324 sequences
[M::worker_pipeline::186.614*7.62] mapped 332382 sequences
[M::worker_pipeline::187.666*7.64] mapped 332444 sequences
[M::worker_pipeline::188.046*7.63] mapped 332468 sequences
[M::worker_pipeline::188.767*7.63] mapped 332478 sequences
[M::worker_pipeline::189.567*7.64] mapped 332550 sequences
[M::worker_pipeline::190.287*7.64] mapped 332534 sequences
[M::worker_pipeline::190.908*7.65] mapped 332552 sequences
[M::worker_pipeline::191.705*7.65] mapped 332604 sequences
[M::worker_pipeline::192.467*7.65] mapped 332574 sequences
[M::worker_pipeline::193.132*7.66] mapped 332646 sequences
[M::worker_pipeline::194.351*7.67] mapped 332648 sequences
[M::worker_pipeline::194.764*7.66] mapped 332600 sequences
[M::worker_pipeline::195.479*7.66] mapped 332638 sequences
[M::worker_pipeline::196.166*7.67] mapped 332614 sequences
[M::worker_pipeline::196.866*7.67] mapped 332860 sequences
[M::worker_pipeline::197.529*7.67] mapped 332900 sequences
[M::worker_pipeline::198.285*7.68] mapped 332872 sequences
[M::worker_pipeline::199.003*7.68] mapped 332854 sequences
[M::worker_pipeline::199.671*7.69] mapped 332906 sequences
[M::worker_pipeline::200.399*7.69] mapped 332784 sequences
[M::worker_pipeline::201.104*7.69] mapped 332762 sequences
[M::worker_pipeline::201.792*7.70] mapped 332750 sequences
[M::worker_pipeline::202.872*7.72] mapped 332670 sequences
[M::worker_pipeline::203.363*7.70] mapped 332634 sequences
[M::worker_pipeline::204.541*7.71] mapped 332624 sequences
[M::worker_pipeline::204.897*7.70] mapped 332634 sequences
[M::worker_pipeline::205.615*7.70] mapped 332584 sequences
[M::worker_pipeline::206.369*7.71] mapped 332516 sequences
[M::worker_pipeline::207.197*7.71] mapped 332648 sequences
[M::worker_pipeline::207.882*7.71] mapped 332646 sequences
[M::worker_pipeline::208.731*7.71] mapped 332596 sequences
[M::worker_pipeline::209.767*7.73] mapped 332538 sequences
[M::worker_pipeline::210.185*7.72] mapped 332532 sequences
[M::worker_pipeline::211.034*7.72] mapped 332592 sequences
[M::worker_pipeline::211.728*7.72] mapped 332560 sequences
[M::worker_pipeline::212.933*7.74] mapped 332550 sequences
[M::worker_pipeline::213.365*7.72] mapped 332574 sequences
[M::worker_pipeline::214.115*7.73] mapped 332590 sequences
[M::worker_pipeline::215.182*7.74] mapped 332642 sequences
[M::worker_pipeline::215.601*7.73] mapped 332616 sequences
[M::worker_pipeline::216.452*7.73] mapped 332702 sequences
[M::worker_pipeline::217.217*7.73] mapped 332692 sequences
[M::worker_pipeline::217.931*7.73] mapped 332714 sequences
[M::worker_pipeline::218.611*7.73] mapped 332666 sequences
[M::worker_pipeline::219.318*7.74] mapped 332708 sequences
[M::worker_pipeline::220.174*7.74] mapped 332628 sequences
[M::worker_pipeline::221.305*7.75] mapped 332660 sequences
[M::worker_pipeline::221.651*7.74] mapped 332614 sequences
[M::worker_pipeline::222.467*7.74] mapped 332602 sequences
[M::worker_pipeline::223.129*7.75] mapped 332632 sequences
[M::worker_pipeline::223.987*7.74] mapped 332660 sequences
[M::worker_pipeline::224.820*7.74] mapped 332522 sequences
[M::worker_pipeline::225.561*7.74] mapped 332470 sequences
[M::worker_pipeline::226.319*7.75] mapped 332544 sequences
[M::worker_pipeline::227.384*7.76] mapped 332598 sequences
[M::worker_pipeline::227.771*7.75] mapped 332630 sequences
[M::worker_pipeline::228.539*7.75] mapped 332614 sequences
[M::worker_pipeline::229.282*7.75] mapped 332572 sequences
[M::worker_pipeline::234.491*7.63] mapped 332614 sequences
[M::worker_pipeline::234.917*7.62] mapped 332544 sequences
[M::worker_pipeline::236.065*7.63] mapped 332616 sequences
[M::worker_pipeline::236.433*7.62] mapped 332554 sequences
[M::worker_pipeline::237.232*7.62] mapped 332546 sequences
[M::worker_pipeline::238.092*7.62] mapped 332584 sequences
[M::worker_pipeline::238.669*7.62] mapped 332588 sequences
[M::worker_pipeline::239.359*7.61] mapped 332568 sequences
[M::worker_pipeline::240.484*7.62] mapped 332546 sequences
[M::worker_pipeline::241.148*7.63] mapped 332464 sequences
[M::worker_pipeline::241.889*7.63] mapped 332456 sequences
[M::worker_pipeline::242.657*7.63] mapped 332524 sequences
[M::worker_pipeline::243.412*7.63] mapped 332494 sequences
[M::worker_pipeline::244.172*7.63] mapped 332456 sequences
[M::worker_pipeline::244.799*7.64] mapped 332426 sequences
[M::worker_pipeline::245.607*7.64] mapped 332444 sequences
[M::worker_pipeline::246.347*7.64] mapped 332440 sequences
[M::worker_pipeline::247.117*7.64] mapped 332436 sequences
[M::worker_pipeline::248.214*7.65] mapped 332370 sequences
[M::worker_pipeline::248.562*7.64] mapped 332442 sequences
[M::worker_pipeline::249.348*7.65] mapped 332396 sequences
[M::worker_pipeline::250.091*7.65] mapped 332404 sequences
[M::worker_pipeline::251.002*7.65] mapped 332458 sequences
[M::worker_pipeline::251.584*7.65] mapped 332462 sequences
[M::worker_pipeline::252.744*7.66] mapped 332482 sequences
[M::worker_pipeline::253.107*7.65] mapped 332428 sequences
[M::worker_pipeline::253.856*7.66] mapped 332488 sequences
[M::worker_pipeline::254.553*7.66] mapped 332504 sequences
[M::worker_pipeline::255.223*7.66] mapped 332480 sequences
[M::worker_pipeline::255.965*7.67] mapped 332452 sequences
[M::worker_pipeline::256.753*7.67] mapped 332438 sequences
[M::worker_pipeline::257.409*7.67] mapped 332484 sequences
[M::worker_pipeline::258.102*7.67] mapped 332506 sequences
[M::worker_pipeline::258.856*7.68] mapped 332468 sequences
[M::worker_pipeline::259.756*7.69] mapped 332494 sequences
[M::worker_pipeline::260.212*7.68] mapped 332748 sequences
[M::worker_pipeline::261.374*7.69] mapped 332612 sequences
[M::worker_pipeline::261.701*7.68] mapped 332664 sequences
[M::worker_pipeline::262.508*7.68] mapped 332634 sequences
[M::worker_pipeline::263.277*7.69] mapped 332626 sequences
[M::worker_pipeline::264.035*7.69] mapped 332556 sequences
[M::worker_pipeline::265.137*7.70] mapped 332606 sequences
[M::worker_pipeline::265.609*7.69] mapped 332606 sequences
[M::worker_pipeline::266.399*7.69] mapped 332540 sequences
[M::worker_pipeline::267.207*7.69] mapped 332462 sequences
[M::worker_pipeline::267.994*7.69] mapped 332470 sequences
[M::worker_pipeline::269.009*7.70] mapped 332450 sequences
[M::worker_pipeline::269.423*7.69] mapped 332436 sequences
[M::worker_pipeline::270.132*7.70] mapped 332446 sequences
[M::worker_pipeline::270.915*7.70] mapped 332378 sequences
[M::worker_pipeline::271.745*7.70] mapped 332400 sequences
[M::worker_pipeline::272.599*7.71] mapped 332374 sequences
[M::worker_pipeline::273.254*7.70] mapped 332452 sequences
[M::worker_pipeline::274.094*7.70] mapped 332418 sequences
[M::worker_pipeline::274.789*7.70] mapped 332422 sequences
[M::worker_pipeline::275.854*7.71] mapped 332432 sequences
[M::worker_pipeline::276.304*7.71] mapped 332404 sequences
[M::worker_pipeline::277.053*7.71] mapped 332422 sequences
[M::worker_pipeline::278.078*7.72] mapped 332480 sequences
[M::worker_pipeline::278.566*7.71] mapped 332632 sequences
[M::worker_pipeline::279.307*7.71] mapped 332552 sequences
[M::worker_pipeline::280.383*7.72] mapped 332604 sequences
[M::worker_pipeline::280.783*7.71] mapped 332554 sequences
[M::worker_pipeline::281.532*7.72] mapped 332548 sequences
[M::worker_pipeline::282.310*7.72] mapped 332476 sequences
[M::worker_pipeline::283.422*7.73] mapped 332472 sequences
[M::worker_pipeline::283.822*7.72] mapped 332428 sequences
[M::worker_pipeline::284.595*7.72] mapped 332536 sequences
[M::worker_pipeline::285.349*7.72] mapped 332468 sequences
[M::worker_pipeline::286.517*7.73] mapped 332560 sequences
[M::worker_pipeline::286.937*7.72] mapped 332518 sequences
[M::worker_pipeline::287.688*7.72] mapped 332532 sequences
[M::worker_pipeline::288.779*7.73] mapped 332420 sequences
[M::worker_pipeline::289.165*7.73] mapped 332468 sequences
[M::worker_pipeline::289.922*7.73] mapped 332412 sequences
[M::worker_pipeline::290.781*7.74] mapped 332330 sequences
[M::worker_pipeline::291.360*7.73] mapped 332502 sequences
[M::worker_pipeline::292.303*7.74] mapped 332592 sequences
[M::worker_pipeline::292.837*7.74] mapped 332378 sequences
[M::worker_pipeline::293.616*7.74] mapped 332412 sequences
[M::worker_pipeline::294.394*7.74] mapped 332420 sequences
[M::worker_pipeline::295.498*7.75] mapped 332492 sequences
[M::worker_pipeline::295.837*7.74] mapped 332358 sequences
[M::worker_pipeline::296.537*7.74] mapped 332392 sequences
[M::worker_pipeline::297.290*7.74] mapped 332436 sequences
[M::worker_pipeline::297.764*7.74] mapped 332482 sequences
[M::worker_pipeline::298.383*7.74] mapped 332452 sequences
[M::worker_pipeline::299.500*7.75] mapped 332504 sequences
[M::worker_pipeline::300.592*7.76] mapped 332402 sequences
[M::worker_pipeline::300.995*7.75] mapped 332386 sequences
[M::worker_pipeline::301.795*7.75] mapped 332354 sequences
[M::worker_pipeline::302.471*7.75] mapped 332350 sequences
[M::worker_pipeline::303.181*7.75] mapped 332350 sequences
[M::worker_pipeline::303.997*7.76] mapped 332372 sequences
[M::worker_pipeline::304.689*7.76] mapped 332304 sequences
[M::worker_pipeline::310.170*7.66] mapped 332324 sequences
[M::worker_pipeline::310.555*7.65] mapped 332274 sequences
[M::worker_pipeline::311.223*7.65] mapped 332312 sequences
[M::worker_pipeline::311.671*7.65] mapped 332594 sequences
[M::worker_pipeline::312.403*7.65] mapped 332370 sequences
[M::worker_pipeline::313.479*7.66] mapped 332358 sequences
[M::worker_pipeline::314.130*7.66] mapped 332346 sequences
[M::worker_pipeline::314.524*7.65] mapped 332276 sequences
[M::worker_pipeline::315.471*7.65] mapped 332290 sequences
[M::worker_pipeline::316.587*7.66] mapped 332300 sequences
[M::worker_pipeline::317.334*7.66] mapped 332360 sequences
[M::worker_pipeline::318.063*7.66] mapped 332352 sequences
[M::worker_pipeline::318.843*7.66] mapped 332358 sequences
[M::worker_pipeline::320.023*7.67] mapped 332432 sequences
[M::worker_pipeline::320.419*7.66] mapped 332352 sequences
[M::worker_pipeline::321.156*7.66] mapped 332378 sequences
[M::worker_pipeline::321.911*7.66] mapped 332394 sequences
[M::worker_pipeline::322.673*7.66] mapped 332406 sequences
[M::worker_pipeline::323.405*7.66] mapped 332472 sequences
[M::worker_pipeline::324.152*7.67] mapped 332560 sequences
[M::worker_pipeline::324.905*7.67] mapped 332640 sequences
[M::worker_pipeline::325.644*7.67] mapped 332584 sequences
[M::worker_pipeline::326.539*7.67] mapped 332536 sequences
[M::worker_pipeline::327.102*7.67] mapped 332410 sequences
[M::worker_pipeline::327.894*7.67] mapped 332430 sequences
[M::worker_pipeline::328.745*7.67] mapped 332410 sequences
[M::worker_pipeline::329.508*7.67] mapped 332436 sequences
[M::worker_pipeline::330.150*7.67] mapped 332380 sequences
[M::worker_pipeline::330.844*7.68] mapped 332316 sequences
[M::worker_pipeline::331.634*7.68] mapped 332296 sequences
[M::worker_pipeline::332.634*7.68] mapped 332382 sequences
[M::worker_pipeline::333.108*7.68] mapped 332316 sequences
[M::worker_pipeline::333.948*7.68] mapped 332298 sequences
[M::worker_pipeline::334.673*7.68] mapped 332298 sequences
[M::worker_pipeline::335.364*7.68] mapped 332266 sequences
[M::worker_pipeline::336.122*7.69] mapped 332330 sequences
[M::worker_pipeline::336.876*7.69] mapped 332218 sequences
[M::worker_pipeline::337.986*7.69] mapped 332288 sequences
[M::worker_pipeline::338.407*7.69] mapped 332286 sequences
[M::worker_pipeline::339.157*7.69] mapped 332328 sequences
[M::worker_pipeline::340.309*7.70] mapped 332284 sequences
[M::worker_pipeline::340.694*7.69] mapped 332326 sequences
[M::worker_pipeline::341.486*7.69] mapped 332348 sequences
[M::worker_pipeline::342.253*7.69] mapped 332366 sequences
[M::worker_pipeline::343.200*7.70] mapped 332326 sequences
[M::worker_pipeline::343.736*7.69] mapped 332362 sequences
[M::worker_pipeline::344.835*7.70] mapped 332388 sequences
[M::worker_pipeline::345.153*7.70] mapped 332280 sequences
[M::worker_pipeline::345.875*7.70] mapped 332274 sequences
[M::worker_pipeline::346.678*7.70] mapped 332260 sequences
[M::worker_pipeline::347.443*7.70] mapped 332274 sequences
[M::worker_pipeline::348.235*7.70] mapped 332310 sequences
[M::worker_pipeline::349.005*7.70] mapped 332276 sequences
[M::worker_pipeline::349.755*7.70] mapped 332280 sequences
[M::worker_pipeline::350.829*7.71] mapped 332270 sequences
[M::worker_pipeline::351.218*7.70] mapped 332250 sequences
[M::worker_pipeline::352.008*7.70] mapped 332230 sequences
[M::worker_pipeline::352.692*7.71] mapped 332232 sequences
[M::worker_pipeline::353.461*7.71] mapped 332442 sequences
[M::worker_pipeline::354.198*7.71] mapped 332344 sequences
[M::worker_pipeline::354.866*7.71] mapped 332388 sequences
[M::worker_pipeline::355.577*7.71] mapped 332326 sequences
[M::worker_pipeline::356.746*7.72] mapped 332250 sequences
[M::worker_pipeline::357.181*7.71] mapped 332320 sequences
[M::worker_pipeline::357.903*7.71] mapped 332348 sequences
[M::worker_pipeline::358.627*7.71] mapped 332586 sequences
[M::worker_pipeline::359.381*7.72] mapped 332296 sequences
[M::worker_pipeline::360.128*7.72] mapped 332308 sequences
[M::worker_pipeline::361.205*7.72] mapped 332298 sequences
[M::worker_pipeline::361.567*7.72] mapped 332268 sequences
[M::worker_pipeline::362.314*7.72] mapped 332248 sequences
[M::worker_pipeline::362.989*7.72] mapped 332296 sequences
[M::worker_pipeline::363.755*7.72] mapped 332322 sequences
[M::worker_pipeline::364.876*7.73] mapped 332196 sequences
[M::worker_pipeline::365.265*7.73] mapped 332348 sequences
[M::worker_pipeline::366.032*7.73] mapped 332286 sequences
[M::worker_pipeline::367.184*7.73] mapped 332292 sequences
[M::worker_pipeline::367.571*7.73] mapped 332262 sequences
[M::worker_pipeline::368.299*7.73] mapped 332266 sequences
[M::worker_pipeline::369.058*7.73] mapped 332248 sequences
[M::worker_pipeline::370.236*7.73] mapped 332354 sequences
[M::worker_pipeline::370.577*7.73] mapped 332394 sequences
[M::worker_pipeline::371.350*7.73] mapped 332408 sequences
[M::worker_pipeline::372.171*7.73] mapped 332286 sequences
[M::worker_pipeline::372.517*7.72] mapped 332236 sequences
[M::worker_pipeline::373.392*7.72] mapped 332248 sequences
[M::worker_pipeline::374.399*7.72] mapped 332276 sequences
[M::worker_pipeline::375.310*7.71] mapped 332364 sequences
[M::worker_pipeline::376.325*7.72] mapped 332478 sequences
[M::worker_pipeline::377.023*7.73] mapped 332454 sequences
[M::worker_pipeline::377.792*7.73] mapped 332420 sequences
[M::worker_pipeline::378.538*7.73] mapped 332436 sequences
[M::worker_pipeline::379.296*7.73] mapped 332402 sequences
[M::worker_pipeline::380.093*7.73] mapped 332612 sequences
[M::worker_pipeline::380.911*7.73] mapped 332506 sequences
[M::worker_pipeline::381.544*7.73] mapped 332402 sequences
[M::worker_pipeline::387.437*7.64] mapped 332490 sequences
[M::worker_pipeline::387.849*7.64] mapped 332560 sequences
[M::worker_pipeline::388.701*7.64] mapped 332518 sequences
[M::worker_pipeline::390.000*7.64] mapped 332668 sequences
[M::worker_pipeline::390.422*7.64] mapped 332554 sequences
[M::worker_pipeline::391.252*7.64] mapped 332560 sequences
[M::worker_pipeline::392.050*7.64] mapped 332616 sequences
[M::worker_pipeline::392.879*7.63] mapped 332586 sequences
[M::worker_pipeline::393.743*7.63] mapped 332442 sequences
[M::worker_pipeline::394.496*7.63] mapped 332430 sequences
[M::worker_pipeline::395.332*7.63] mapped 332468 sequences
[M::worker_pipeline::396.175*7.63] mapped 332408 sequences
[M::worker_pipeline::397.505*7.64] mapped 332360 sequences
[M::worker_pipeline::397.919*7.63] mapped 332386 sequences
[M::worker_pipeline::399.115*7.64] mapped 332418 sequences
[M::worker_pipeline::399.534*7.63] mapped 332338 sequences
[M::worker_pipeline::400.350*7.63] mapped 332302 sequences
[M::worker_pipeline::401.157*7.63] mapped 332296 sequences
[M::worker_pipeline::402.384*7.63] mapped 332310 sequences
[M::worker_pipeline::402.796*7.63] mapped 332398 sequences
[M::worker_pipeline::403.651*7.63] mapped 332318 sequences
[M::worker_pipeline::404.471*7.63] mapped 332296 sequences
[M::worker_pipeline::405.266*7.63] mapped 332336 sequences
[M::worker_pipeline::406.005*7.63] mapped 332276 sequences
[M::worker_pipeline::406.761*7.63] mapped 332328 sequences
[M::worker_pipeline::407.987*7.63] mapped 332350 sequences
[M::worker_pipeline::408.362*7.63] mapped 332410 sequences
[M::worker_pipeline::409.234*7.63] mapped 332360 sequences
[M::worker_pipeline::409.955*7.63] mapped 332348 sequences
[M::worker_pipeline::410.596*7.63] mapped 332414 sequences
[M::worker_pipeline::412.132*7.63] mapped 332452 sequences
[M::worker_pipeline::412.554*7.62] mapped 332488 sequences
[M::worker_pipeline::413.268*7.63] mapped 332392 sequences
[M::worker_pipeline::414.216*7.62] mapped 332364 sequences
[M::worker_pipeline::415.069*7.62] mapped 332300 sequences
[M::worker_pipeline::415.932*7.62] mapped 332380 sequences
[M::worker_pipeline::416.912*7.62] mapped 332306 sequences
[M::worker_pipeline::418.335*7.62] mapped 332320 sequences
[M::worker_pipeline::418.660*7.61] mapped 332420 sequences
[M::worker_pipeline::419.960*7.62] mapped 332348 sequences
[M::worker_pipeline::420.347*7.61] mapped 332356 sequences
[M::worker_pipeline::421.151*7.61] mapped 332346 sequences
[M::worker_pipeline::421.975*7.61] mapped 332300 sequences
[M::worker_pipeline::422.793*7.61] mapped 332342 sequences
[M::worker_pipeline::423.505*7.61] mapped 332346 sequences
[M::worker_pipeline::424.304*7.61] mapped 332264 sequences
[M::worker_pipeline::425.665*7.61] mapped 332302 sequences
[M::worker_pipeline::426.071*7.61] mapped 332304 sequences
[M::worker_pipeline::426.908*7.61] mapped 332300 sequences
[M::worker_pipeline::427.694*7.61] mapped 332978 sequences
[M::worker_pipeline::428.535*7.61] mapped 332294 sequences
[M::worker_pipeline::429.301*7.61] mapped 332296 sequences
[M::worker_pipeline::430.022*7.61] mapped 332376 sequences
[M::worker_pipeline::430.935*7.61] mapped 332456 sequences
[M::worker_pipeline::431.553*7.61] mapped 332336 sequences
[M::worker_pipeline::432.602*7.61] mapped 332190 sequences
[M::worker_pipeline::433.819*7.61] mapped 332266 sequences
[M::worker_pipeline::434.249*7.60] mapped 332236 sequences
[M::worker_pipeline::435.067*7.61] mapped 332208 sequences
[M::worker_pipeline::435.811*7.61] mapped 332186 sequences
[M::worker_pipeline::436.637*7.61] mapped 332176 sequences
[M::worker_pipeline::437.713*7.61] mapped 332182 sequences
[M::worker_pipeline::438.103*7.61] mapped 332196 sequences
[M::worker_pipeline::438.878*7.61] mapped 332172 sequences
[M::worker_pipeline::439.641*7.61] mapped 332552 sequences
[M::worker_pipeline::440.039*7.60] mapped 332210 sequences
[M::worker_pipeline::440.965*7.60] mapped 332168 sequences
[M::worker_pipeline::442.451*7.60] mapped 332174 sequences
[M::worker_pipeline::443.244*7.60] mapped 332146 sequences
[M::worker_pipeline::444.433*7.61] mapped 332138 sequences
[M::worker_pipeline::444.832*7.60] mapped 332186 sequences
[M::worker_pipeline::445.561*7.60] mapped 332208 sequences
[M::worker_pipeline::446.248*7.61] mapped 332268 sequences
[M::worker_pipeline::446.948*7.61] mapped 332256 sequences
[M::worker_pipeline::447.302*7.60] mapped 332344 sequences
[M::worker_pipeline::448.128*7.60] mapped 332264 sequences
[M::worker_pipeline::449.236*7.60] mapped 332286 sequences
[M::worker_pipeline::450.218*7.59] mapped 332198 sequences
[M::worker_pipeline::451.260*7.59] mapped 332306 sequences
[M::worker_pipeline::452.383*7.60] mapped 332226 sequences
[M::worker_pipeline::453.118*7.60] mapped 332240 sequences
[M::worker_pipeline::453.861*7.60] mapped 332270 sequences
[M::worker_pipeline::454.602*7.60] mapped 332316 sequences
[M::worker_pipeline::455.366*7.60] mapped 332438 sequences
[M::worker_pipeline::455.761*7.59] mapped 332430 sequences
[M::worker_pipeline::456.632*7.59] mapped 332936 sequences
[M::worker_pipeline::457.527*7.59] mapped 332850 sequences
[M::worker_pipeline::458.665*7.59] mapped 332798 sequences
[M::worker_pipeline::459.555*7.58] mapped 332760 sequences
[M::worker_pipeline::460.616*7.58] mapped 332682 sequences
[M::worker_pipeline::461.961*7.58] mapped 332716 sequences
[M::worker_pipeline::462.715*7.58] mapped 332652 sequences
[M::worker_pipeline::463.395*7.59] mapped 332636 sequences
[M::worker_pipeline::463.790*7.58] mapped 332672 sequences
[M::worker_pipeline::464.759*7.58] mapped 332720 sequences
[M::worker_pipeline::470.824*7.52] mapped 332662 sequences
[M::worker_pipeline::471.182*7.51] mapped 332616 sequences
[M::worker_pipeline::471.570*7.51] mapped 332632 sequences
[M::worker_pipeline::472.379*7.51] mapped 332600 sequences
[M::worker_pipeline::473.443*7.50] mapped 332604 sequences
[M::worker_pipeline::474.330*7.50] mapped 332586 sequences
[M::worker_pipeline::475.271*7.50] mapped 332548 sequences
[M::worker_pipeline::476.757*7.50] mapped 332470 sequences
[M::worker_pipeline::477.472*7.50] mapped 332522 sequences
[M::worker_pipeline::478.285*7.50] mapped 332604 sequences
[M::worker_pipeline::478.977*7.50] mapped 332540 sequences
[M::worker_pipeline::479.475*7.50] mapped 332610 sequences
[M::worker_pipeline::480.280*7.50] mapped 332632 sequences
[M::worker_pipeline::481.298*7.49] mapped 332584 sequences
[M::worker_pipeline::482.150*7.49] mapped 332564 sequences
[M::worker_pipeline::483.196*7.49] mapped 332590 sequences
[M::worker_pipeline::484.076*7.49] mapped 332562 sequences
[M::worker_pipeline::484.898*7.49] mapped 332586 sequences
[M::worker_pipeline::485.715*7.49] mapped 332454 sequences
[M::worker_pipeline::486.587*7.49] mapped 332528 sequences
[M::worker_pipeline::487.960*7.49] mapped 332486 sequences
[M::worker_pipeline::488.329*7.48] mapped 332480 sequences
[M::worker_pipeline::489.228*7.48] mapped 332550 sequences
[M::worker_pipeline::490.348*7.48] mapped 332432 sequences
[M::worker_pipeline::491.061*7.48] mapped 332494 sequences
[M::worker_pipeline::491.939*7.48] mapped 332560 sequences
[M::worker_pipeline::493.059*7.48] mapped 332604 sequences
[M::worker_pipeline::493.934*7.48] mapped 332588 sequences
[M::worker_pipeline::494.649*7.49] mapped 332500 sequences
[M::worker_pipeline::495.361*7.49] mapped 332502 sequences
[M::worker_pipeline::496.110*7.49] mapped 332494 sequences
[M::worker_pipeline::496.463*7.48] mapped 332500 sequences
[M::worker_pipeline::497.401*7.48] mapped 332604 sequences
[M::worker_pipeline::498.518*7.48] mapped 332684 sequences
[M::worker_pipeline::499.314*7.48] mapped 332496 sequences
[M::worker_pipeline::500.246*7.47] mapped 332508 sequences
[M::worker_pipeline::501.291*7.47] mapped 332538 sequences
[M::worker_pipeline::502.640*7.47] mapped 332484 sequences
[M::worker_pipeline::503.363*7.47] mapped 332496 sequences
[M::worker_pipeline::503.761*7.47] mapped 332562 sequences
[M::worker_pipeline::504.894*7.47] mapped 332552 sequences
[M::worker_pipeline::505.741*7.46] mapped 332554 sequences
[M::worker_pipeline::506.681*7.46] mapped 332506 sequences
[M::worker_pipeline::507.664*7.46] mapped 332538 sequences
[M::worker_pipeline::508.595*7.46] mapped 332508 sequences
[M::worker_pipeline::510.383*7.47] mapped 332416 sequences
[M::worker_pipeline::510.816*7.46] mapped 332420 sequences
[M::worker_pipeline::511.620*7.46] mapped 332318 sequences
[M::worker_pipeline::512.298*7.46] mapped 332510 sequences
[M::worker_pipeline::513.046*7.46] mapped 332436 sequences
[M::worker_pipeline::513.455*7.46] mapped 332386 sequences
[M::worker_pipeline::514.425*7.46] mapped 332334 sequences
[M::worker_pipeline::515.325*7.45] mapped 332438 sequences
[M::worker_pipeline::516.224*7.45] mapped 332382 sequences
[M::worker_pipeline::517.219*7.45] mapped 332382 sequences
[M::worker_pipeline::517.953*7.45] mapped 332554 sequences
[M::worker_pipeline::519.187*7.46] mapped 332790 sequences
[M::worker_pipeline::519.940*7.46] mapped 332698 sequences
[M::worker_pipeline::520.704*7.46] mapped 332570 sequences
[M::worker_pipeline::521.464*7.46] mapped 332574 sequences
[M::worker_pipeline::522.230*7.46] mapped 332664 sequences
[M::worker_pipeline::522.651*7.46] mapped 332652 sequences
[M::worker_pipeline::523.531*7.45] mapped 332590 sequences
[M::worker_pipeline::524.412*7.45] mapped 332678 sequences
[M::worker_pipeline::525.306*7.45] mapped 332776 sequences
[M::worker_pipeline::526.495*7.46] mapped 332772 sequences
[M::worker_pipeline::527.256*7.46] mapped 332694 sequences
[M::worker_pipeline::527.937*7.46] mapped 332660 sequences
[M::worker_pipeline::528.271*7.46] mapped 290320 sequences
[M::main] Version: 2.22-r1101
[M::main] CMD: minimap2 --secondary=no -t 16 -R @RG\tID:snippy\tSM:snippy -ax sr /work/FAC/FBM/DMF/smitri/evomicrocomm/genome_size/data/at/reference.fasta /work/FAC/FBM/DMF/smitri/evomicrocomm/genome_size/data/T11.3.2/read1.fq.gz /work/FAC/FBM/DMF/smitri/evomicrocomm/genome_size/data/T11.3.2/read2.fq.gz
[M::main] Real time: 528.311 sec; CPU: 3938.580 sec; Peak RSS: 0.817 GB
[bam_sort_core] merging from 96 files and 16 in-memory blocks...
[Sun Oct 17 23:00:39 2021]
Finished job 0.
1 of 1 steps (100%) done
