Building DAG of jobs...
Using shell: /usr/bin/bash
Provided cores: 16
Rules claiming more threads will be scaled down.
Select jobs to execute...

[Fri Oct 15 16:08:12 2021]
rule mapping:
    input: /work/FAC/FBM/DMF/smitri/evomicrocomm/genome_size/data/ct/reference.fasta, /work/FAC/FBM/DMF/smitri/evomicrocomm/genome_size/data/T44.4.5.rep/read1.fq.gz, /work/FAC/FBM/DMF/smitri/evomicrocomm/genome_size/data/T44.4.5.rep/read2.fq.gz
    output: /work/FAC/FBM/DMF/smitri/evomicrocomm/genome_size/data/T44.4.5.rep/ct/mapped_reads.sorted.bam
    jobid: 0
    wildcards: sample=T44.4.5.rep, strain=ct
    threads: 16
    resources: mem_mb=24079, disk_mb=24079, tmpdir=/tmp/2811848

[M::mm_idx_gen::0.144*0.96] collected minimizers
[M::mm_idx_gen::0.161*1.60] sorted minimizers
[M::main::0.161*1.60] loaded/built the index for 2 target sequence(s)
[M::mm_mapopt_update::0.161*1.60] mid_occ = 1000
[M::mm_idx_stat] kmer size: 21; skip: 11; is_hpc: 0; #seq: 2
[M::mm_idx_stat::0.174*1.56] distinct minimizers: 993850 (99.11% are singletons); average occurrences: 1.021; average spacing: 5.998; total length: 6084391
[M::worker_pipeline::1.212*2.57] mapped 332828 sequences
[M::worker_pipeline::1.968*2.96] mapped 332812 sequences
[M::worker_pipeline::2.724*3.12] mapped 332836 sequences
[M::worker_pipeline::3.507*3.23] mapped 332592 sequences
[M::worker_pipeline::4.306*3.28] mapped 332568 sequences
[M::worker_pipeline::5.012*3.33] mapped 332592 sequences
[M::worker_pipeline::5.699*3.39] mapped 332500 sequences
[M::worker_pipeline::6.335*3.46] mapped 332508 sequences
[M::worker_pipeline::6.990*3.51] mapped 332456 sequences
[M::worker_pipeline::7.586*3.57] mapped 332440 sequences
[M::worker_pipeline::8.182*3.61] mapped 332384 sequences
[M::worker_pipeline::8.840*3.63] mapped 332346 sequences
[M::worker_pipeline::9.453*3.68] mapped 332332 sequences
[M::worker_pipeline::10.121*3.69] mapped 332366 sequences
[M::worker_pipeline::10.775*3.70] mapped 332324 sequences
[M::worker_pipeline::11.376*3.73] mapped 332272 sequences
[M::worker_pipeline::11.974*3.76] mapped 332346 sequences
[M::worker_pipeline::12.711*3.76] mapped 332426 sequences
[M::worker_pipeline::13.287*3.79] mapped 332348 sequences
[M::worker_pipeline::13.947*3.80] mapped 332378 sequences
[M::worker_pipeline::14.618*3.81] mapped 332328 sequences
[M::worker_pipeline::15.190*3.83] mapped 332340 sequences
[M::worker_pipeline::15.896*3.83] mapped 332376 sequences
[M::worker_pipeline::16.577*3.84] mapped 332428 sequences
[M::worker_pipeline::17.120*3.86] mapped 332298 sequences
[M::worker_pipeline::17.798*3.86] mapped 332276 sequences
[M::worker_pipeline::18.436*3.87] mapped 332242 sequences
[M::worker_pipeline::19.008*3.89] mapped 332298 sequences
[M::worker_pipeline::19.681*3.89] mapped 332232 sequences
[M::worker_pipeline::20.312*3.89] mapped 332268 sequences
[M::worker_pipeline::20.943*3.90] mapped 332220 sequences
[M::worker_pipeline::21.482*3.92] mapped 332298 sequences
[M::worker_pipeline::22.109*3.92] mapped 332368 sequences
[M::worker_pipeline::22.720*3.93] mapped 332338 sequences
[M::worker_pipeline::23.352*3.94] mapped 332272 sequences
[M::worker_pipeline::23.880*3.96] mapped 332244 sequences
[M::worker_pipeline::24.511*3.97] mapped 332212 sequences
[M::worker_pipeline::25.132*3.97] mapped 332220 sequences
[M::worker_pipeline::25.782*3.97] mapped 332156 sequences
[M::worker_pipeline::26.505*3.97] mapped 332114 sequences
[M::worker_pipeline::27.043*3.99] mapped 332136 sequences
[M::worker_pipeline::27.641*4.00] mapped 332174 sequences
[M::worker_pipeline::28.274*4.00] mapped 332136 sequences
[M::worker_pipeline::28.945*4.00] mapped 332118 sequences
[M::worker_pipeline::29.597*4.01] mapped 332116 sequences
[M::worker_pipeline::30.258*4.00] mapped 332138 sequences
[M::worker_pipeline::30.983*3.99] mapped 332076 sequences
[M::worker_pipeline::31.598*3.99] mapped 332082 sequences
[M::worker_pipeline::32.328*3.99] mapped 332048 sequences
[M::worker_pipeline::33.000*3.99] mapped 332054 sequences
[M::worker_pipeline::33.597*3.99] mapped 332028 sequences
[M::worker_pipeline::34.330*3.99] mapped 332096 sequences
[M::worker_pipeline::34.967*3.99] mapped 332050 sequences
[M::worker_pipeline::35.615*3.99] mapped 332004 sequences
[M::worker_pipeline::36.291*3.99] mapped 332050 sequences
[M::worker_pipeline::36.993*3.98] mapped 332030 sequences
[M::worker_pipeline::37.658*3.99] mapped 332036 sequences
[M::worker_pipeline::38.307*3.99] mapped 332052 sequences
[M::worker_pipeline::39.040*3.98] mapped 332050 sequences
[M::worker_pipeline::39.644*3.98] mapped 332060 sequences
[M::worker_pipeline::40.297*3.98] mapped 332056 sequences
[M::worker_pipeline::40.942*3.98] mapped 332056 sequences
[M::worker_pipeline::41.608*3.98] mapped 332004 sequences
[M::worker_pipeline::42.383*3.97] mapped 332122 sequences
[M::worker_pipeline::43.078*3.97] mapped 332072 sequences
[M::worker_pipeline::43.715*3.97] mapped 332042 sequences
[M::worker_pipeline::44.506*3.96] mapped 332134 sequences
[M::worker_pipeline::45.119*3.96] mapped 332122 sequences
[M::worker_pipeline::45.762*3.96] mapped 332118 sequences
[M::worker_pipeline::46.439*3.96] mapped 332092 sequences
[M::worker_pipeline::47.050*3.96] mapped 332150 sequences
[M::worker_pipeline::47.684*3.96] mapped 332260 sequences
[M::worker_pipeline::48.409*3.96] mapped 332362 sequences
[M::worker_pipeline::49.132*3.95] mapped 332818 sequences
[M::worker_pipeline::49.855*3.95] mapped 332730 sequences
[M::worker_pipeline::50.572*3.94] mapped 332638 sequences
[M::worker_pipeline::51.316*3.94] mapped 332556 sequences
[M::worker_pipeline::51.982*3.94] mapped 332464 sequences
[M::worker_pipeline::52.679*3.93] mapped 332444 sequences
[M::worker_pipeline::53.447*3.93] mapped 332398 sequences
[M::worker_pipeline::54.059*3.93] mapped 332388 sequences
[M::worker_pipeline::54.701*3.93] mapped 332458 sequences
[M::worker_pipeline::55.354*3.93] mapped 332266 sequences
[M::worker_pipeline::56.061*3.93] mapped 332258 sequences
[M::worker_pipeline::56.815*3.92] mapped 332362 sequences
[M::worker_pipeline::57.460*3.92] mapped 332262 sequences
[M::worker_pipeline::58.213*3.92] mapped 332294 sequences
[M::worker_pipeline::58.953*3.91] mapped 332336 sequences
[M::worker_pipeline::59.600*3.91] mapped 332390 sequences
[M::worker_pipeline::60.307*3.91] mapped 332418 sequences
[M::worker_pipeline::60.971*3.92] mapped 332352 sequences
[M::worker_pipeline::61.593*3.92] mapped 332334 sequences
[M::worker_pipeline::62.312*3.92] mapped 332338 sequences
[M::worker_pipeline::62.964*3.92] mapped 332328 sequences
[M::worker_pipeline::63.639*3.92] mapped 332296 sequences
[M::worker_pipeline::64.354*3.91] mapped 332228 sequences
[M::worker_pipeline::65.068*3.91] mapped 332248 sequences
[M::worker_pipeline::65.696*3.91] mapped 332232 sequences
[M::worker_pipeline::66.462*3.91] mapped 332238 sequences
[M::worker_pipeline::67.219*3.90] mapped 332286 sequences
[M::worker_pipeline::67.981*3.89] mapped 332292 sequences
[M::worker_pipeline::68.684*3.89] mapped 332202 sequences
[M::worker_pipeline::69.417*3.88] mapped 332178 sequences
[M::worker_pipeline::70.223*3.87] mapped 332180 sequences
[M::worker_pipeline::70.880*3.87] mapped 332172 sequences
[M::worker_pipeline::76.686*3.67] mapped 332194 sequences
[M::worker_pipeline::76.853*3.67] mapped 332172 sequences
[M::worker_pipeline::77.037*3.67] mapped 332224 sequences
[M::worker_pipeline::77.684*3.67] mapped 332228 sequences
[M::worker_pipeline::78.445*3.66] mapped 332138 sequences
[M::worker_pipeline::79.069*3.67] mapped 332160 sequences
[M::worker_pipeline::79.665*3.67] mapped 332132 sequences
[M::worker_pipeline::80.294*3.68] mapped 332136 sequences
[M::worker_pipeline::80.956*3.68] mapped 332114 sequences
[M::worker_pipeline::81.615*3.68] mapped 332172 sequences
[M::worker_pipeline::82.318*3.68] mapped 332148 sequences
[M::worker_pipeline::83.008*3.68] mapped 332094 sequences
[M::worker_pipeline::83.625*3.69] mapped 332120 sequences
[M::worker_pipeline::84.318*3.69] mapped 332080 sequences
[M::worker_pipeline::84.996*3.69] mapped 332092 sequences
[M::worker_pipeline::85.608*3.69] mapped 332136 sequences
[M::worker_pipeline::86.352*3.69] mapped 332170 sequences
[M::worker_pipeline::86.958*3.70] mapped 332072 sequences
[M::worker_pipeline::87.653*3.69] mapped 332102 sequences
[M::worker_pipeline::88.280*3.70] mapped 332108 sequences
[M::worker_pipeline::88.955*3.70] mapped 332066 sequences
[M::worker_pipeline::89.496*3.70] mapped 332074 sequences
[M::worker_pipeline::90.153*3.71] mapped 332078 sequences
[M::worker_pipeline::90.826*3.71] mapped 332112 sequences
[M::worker_pipeline::91.381*3.71] mapped 332100 sequences
[M::worker_pipeline::92.096*3.71] mapped 332080 sequences
[M::worker_pipeline::92.791*3.72] mapped 332096 sequences
[M::worker_pipeline::93.348*3.72] mapped 332058 sequences
[M::worker_pipeline::93.993*3.72] mapped 332092 sequences
[M::worker_pipeline::94.736*3.72] mapped 332114 sequences
[M::worker_pipeline::95.343*3.73] mapped 332104 sequences
[M::worker_pipeline::95.966*3.73] mapped 332114 sequences
[M::worker_pipeline::96.721*3.73] mapped 332176 sequences
[M::worker_pipeline::97.273*3.73] mapped 332186 sequences
[M::worker_pipeline::97.928*3.73] mapped 332176 sequences
[M::worker_pipeline::98.604*3.74] mapped 332268 sequences
[M::worker_pipeline::99.304*3.74] mapped 332214 sequences
[M::worker_pipeline::99.988*3.74] mapped 332186 sequences
[M::worker_pipeline::100.581*3.74] mapped 332310 sequences
[M::worker_pipeline::101.218*3.74] mapped 332326 sequences
[M::worker_pipeline::101.850*3.74] mapped 332758 sequences
[M::worker_pipeline::102.531*3.74] mapped 332728 sequences
[M::worker_pipeline::103.275*3.74] mapped 332690 sequences
[M::worker_pipeline::103.983*3.74] mapped 332658 sequences
[M::worker_pipeline::104.660*3.74] mapped 332540 sequences
[M::worker_pipeline::105.322*3.75] mapped 332546 sequences
[M::worker_pipeline::105.978*3.75] mapped 332512 sequences
[M::worker_pipeline::106.642*3.75] mapped 332460 sequences
[M::worker_pipeline::107.280*3.75] mapped 332500 sequences
[M::worker_pipeline::107.942*3.75] mapped 332434 sequences
[M::worker_pipeline::108.627*3.75] mapped 332356 sequences
[M::worker_pipeline::109.252*3.75] mapped 332350 sequences
[M::worker_pipeline::109.924*3.75] mapped 332372 sequences
[M::worker_pipeline::110.510*3.76] mapped 332344 sequences
[M::worker_pipeline::111.155*3.76] mapped 332354 sequences
[M::worker_pipeline::111.780*3.76] mapped 332374 sequences
[M::worker_pipeline::112.441*3.76] mapped 332458 sequences
[M::worker_pipeline::113.078*3.76] mapped 332498 sequences
[M::worker_pipeline::113.699*3.76] mapped 332582 sequences
[M::worker_pipeline::114.379*3.76] mapped 332632 sequences
[M::worker_pipeline::115.080*3.77] mapped 333028 sequences
[M::worker_pipeline::115.735*3.77] mapped 332492 sequences
[M::worker_pipeline::116.312*3.77] mapped 332534 sequences
[M::worker_pipeline::117.011*3.77] mapped 332428 sequences
[M::worker_pipeline::117.732*3.77] mapped 332420 sequences
[M::worker_pipeline::118.442*3.77] mapped 332482 sequences
[M::worker_pipeline::119.117*3.77] mapped 332424 sequences
[M::worker_pipeline::119.812*3.77] mapped 332412 sequences
[M::worker_pipeline::120.566*3.77] mapped 332312 sequences
[M::worker_pipeline::121.201*3.77] mapped 332202 sequences
[M::worker_pipeline::121.877*3.77] mapped 332228 sequences
[M::worker_pipeline::122.554*3.77] mapped 332188 sequences
[M::worker_pipeline::123.277*3.77] mapped 332980 sequences
[M::worker_pipeline::123.908*3.77] mapped 332266 sequences
[M::worker_pipeline::124.538*3.77] mapped 332242 sequences
[M::worker_pipeline::125.238*3.77] mapped 332226 sequences
[M::worker_pipeline::125.871*3.77] mapped 332204 sequences
[M::worker_pipeline::126.544*3.77] mapped 332206 sequences
[M::worker_pipeline::127.286*3.77] mapped 332232 sequences
[M::worker_pipeline::127.883*3.77] mapped 332250 sequences
[M::worker_pipeline::128.573*3.77] mapped 332212 sequences
[M::worker_pipeline::129.268*3.77] mapped 332208 sequences
[M::worker_pipeline::129.880*3.78] mapped 332210 sequences
[M::worker_pipeline::130.567*3.78] mapped 332176 sequences
[M::worker_pipeline::131.131*3.78] mapped 332198 sequences
[M::worker_pipeline::131.799*3.78] mapped 332104 sequences
[M::worker_pipeline::132.439*3.78] mapped 332078 sequences
[M::worker_pipeline::133.103*3.78] mapped 332036 sequences
[M::worker_pipeline::133.746*3.78] mapped 332028 sequences
[M::worker_pipeline::134.328*3.79] mapped 332108 sequences
[M::worker_pipeline::135.009*3.79] mapped 332064 sequences
[M::worker_pipeline::135.644*3.79] mapped 332078 sequences
[M::worker_pipeline::136.356*3.79] mapped 332052 sequences
[M::worker_pipeline::137.057*3.79] mapped 332026 sequences
[M::worker_pipeline::137.648*3.79] mapped 332082 sequences
[M::worker_pipeline::138.356*3.79] mapped 332048 sequences
[M::worker_pipeline::139.078*3.79] mapped 332034 sequences
[M::worker_pipeline::139.714*3.79] mapped 332034 sequences
[M::worker_pipeline::140.445*3.79] mapped 332030 sequences
[M::worker_pipeline::141.076*3.79] mapped 332024 sequences
[M::worker_pipeline::141.756*3.79] mapped 332058 sequences
[M::worker_pipeline::142.452*3.79] mapped 332028 sequences
[M::worker_pipeline::143.140*3.79] mapped 332034 sequences
[M::worker_pipeline::143.776*3.79] mapped 332038 sequences
[M::worker_pipeline::144.395*3.79] mapped 332090 sequences
[M::worker_pipeline::149.628*3.71] mapped 332120 sequences
[M::worker_pipeline::149.855*3.70] mapped 332170 sequences
[M::worker_pipeline::150.062*3.70] mapped 332188 sequences
[M::worker_pipeline::150.564*3.70] mapped 332110 sequences
[M::worker_pipeline::151.286*3.70] mapped 332122 sequences
[M::worker_pipeline::151.942*3.71] mapped 332152 sequences
[M::worker_pipeline::152.517*3.71] mapped 332144 sequences
[M::worker_pipeline::153.221*3.71] mapped 332670 sequences
[M::worker_pipeline::153.926*3.71] mapped 332906 sequences
[M::worker_pipeline::154.656*3.71] mapped 333124 sequences
[M::worker_pipeline::155.143*3.71] mapped 332720 sequences
[M::worker_pipeline::155.859*3.71] mapped 332682 sequences
[M::worker_pipeline::156.474*3.72] mapped 332654 sequences
[M::worker_pipeline::157.178*3.72] mapped 332558 sequences
[M::worker_pipeline::157.844*3.72] mapped 332516 sequences
[M::worker_pipeline::158.532*3.72] mapped 332450 sequences
[M::worker_pipeline::159.130*3.72] mapped 332438 sequences
[M::worker_pipeline::159.769*3.72] mapped 332402 sequences
[M::worker_pipeline::160.380*3.72] mapped 332446 sequences
[M::worker_pipeline::161.076*3.72] mapped 332462 sequences
[M::worker_pipeline::161.701*3.73] mapped 332450 sequences
[M::worker_pipeline::162.333*3.73] mapped 332504 sequences
[M::worker_pipeline::163.054*3.73] mapped 332538 sequences
[M::worker_pipeline::163.759*3.73] mapped 332550 sequences
[M::worker_pipeline::164.452*3.73] mapped 332664 sequences
[M::worker_pipeline::165.075*3.73] mapped 332696 sequences
[M::worker_pipeline::165.784*3.73] mapped 332732 sequences
[M::worker_pipeline::166.416*3.73] mapped 332700 sequences
[M::worker_pipeline::167.101*3.73] mapped 332546 sequences
[M::worker_pipeline::167.725*3.73] mapped 332460 sequences
[M::worker_pipeline::168.398*3.73] mapped 332506 sequences
[M::worker_pipeline::169.097*3.73] mapped 332474 sequences
[M::worker_pipeline::169.795*3.73] mapped 332482 sequences
[M::worker_pipeline::170.421*3.74] mapped 332506 sequences
[M::worker_pipeline::171.059*3.74] mapped 332610 sequences
[M::worker_pipeline::171.741*3.74] mapped 332488 sequences
[M::worker_pipeline::172.409*3.74] mapped 332424 sequences
[M::worker_pipeline::173.068*3.74] mapped 332374 sequences
[M::worker_pipeline::173.720*3.74] mapped 332402 sequences
[M::worker_pipeline::174.392*3.74] mapped 332362 sequences
[M::worker_pipeline::175.109*3.74] mapped 332326 sequences
[M::worker_pipeline::175.726*3.74] mapped 332386 sequences
[M::worker_pipeline::176.455*3.74] mapped 332412 sequences
[M::worker_pipeline::177.005*3.74] mapped 332446 sequences
[M::worker_pipeline::177.669*3.74] mapped 332408 sequences
[M::worker_pipeline::178.291*3.75] mapped 332388 sequences
[M::worker_pipeline::178.951*3.75] mapped 332354 sequences
[M::worker_pipeline::179.581*3.75] mapped 332312 sequences
[M::worker_pipeline::180.326*3.75] mapped 332274 sequences
[M::worker_pipeline::181.013*3.75] mapped 332314 sequences
[M::worker_pipeline::181.689*3.75] mapped 332248 sequences
[M::worker_pipeline::182.349*3.75] mapped 332288 sequences
[M::worker_pipeline::182.929*3.75] mapped 332222 sequences
[M::worker_pipeline::183.583*3.75] mapped 332210 sequences
[M::worker_pipeline::184.180*3.76] mapped 332286 sequences
[M::worker_pipeline::184.797*3.76] mapped 332240 sequences
[M::worker_pipeline::185.386*3.76] mapped 332234 sequences
[M::worker_pipeline::186.151*3.76] mapped 332200 sequences
[M::worker_pipeline::186.743*3.76] mapped 332222 sequences
[M::worker_pipeline::187.405*3.76] mapped 332208 sequences
[M::worker_pipeline::188.067*3.76] mapped 332108 sequences
[M::worker_pipeline::188.666*3.76] mapped 332160 sequences
[M::worker_pipeline::189.412*3.76] mapped 332212 sequences
[M::worker_pipeline::190.078*3.76] mapped 332124 sequences
[M::worker_pipeline::190.717*3.76] mapped 332128 sequences
[M::worker_pipeline::191.296*3.77] mapped 332120 sequences
[M::worker_pipeline::192.014*3.77] mapped 332086 sequences
[M::worker_pipeline::192.687*3.77] mapped 332126 sequences
[M::worker_pipeline::193.266*3.77] mapped 332128 sequences
[M::worker_pipeline::193.895*3.77] mapped 332212 sequences
[M::worker_pipeline::194.496*3.77] mapped 332192 sequences
[M::worker_pipeline::195.215*3.77] mapped 332202 sequences
[M::worker_pipeline::195.934*3.77] mapped 332206 sequences
[M::worker_pipeline::196.509*3.77] mapped 332242 sequences
[M::worker_pipeline::197.127*3.78] mapped 332312 sequences
[M::worker_pipeline::197.727*3.78] mapped 332310 sequences
[M::worker_pipeline::198.438*3.78] mapped 332314 sequences
[M::worker_pipeline::199.028*3.78] mapped 332336 sequences
[M::worker_pipeline::199.694*3.78] mapped 332316 sequences
[M::worker_pipeline::200.374*3.78] mapped 332394 sequences
[M::worker_pipeline::201.031*3.78] mapped 332902 sequences
[M::worker_pipeline::201.720*3.78] mapped 333094 sequences
[M::worker_pipeline::202.394*3.78] mapped 332822 sequences
[M::worker_pipeline::202.944*3.78] mapped 332598 sequences
[M::worker_pipeline::203.608*3.79] mapped 332592 sequences
[M::worker_pipeline::204.321*3.79] mapped 332618 sequences
[M::worker_pipeline::205.021*3.79] mapped 332554 sequences
[M::worker_pipeline::205.641*3.79] mapped 332516 sequences
[M::worker_pipeline::206.235*3.79] mapped 332384 sequences
[M::worker_pipeline::206.821*3.79] mapped 332402 sequences
[M::worker_pipeline::207.459*3.79] mapped 332362 sequences
[M::worker_pipeline::208.100*3.79] mapped 332354 sequences
[M::worker_pipeline::208.694*3.79] mapped 332390 sequences
[M::worker_pipeline::209.398*3.79] mapped 332370 sequences
[M::worker_pipeline::209.998*3.79] mapped 332408 sequences
[M::worker_pipeline::210.603*3.80] mapped 332400 sequences
[M::worker_pipeline::211.316*3.80] mapped 332326 sequences
[M::worker_pipeline::211.927*3.80] mapped 332350 sequences
[M::worker_pipeline::212.564*3.80] mapped 332382 sequences
[M::worker_pipeline::213.289*3.80] mapped 332376 sequences
[M::worker_pipeline::213.957*3.80] mapped 332326 sequences
[M::worker_pipeline::214.658*3.80] mapped 332308 sequences
[M::worker_pipeline::215.307*3.80] mapped 332378 sequences
[M::worker_pipeline::215.906*3.80] mapped 332368 sequences
[M::worker_pipeline::216.545*3.80] mapped 332252 sequences
[M::worker_pipeline::221.753*3.74] mapped 332258 sequences
[M::worker_pipeline::221.935*3.74] mapped 332260 sequences
[M::worker_pipeline::222.134*3.74] mapped 332202 sequences
[M::worker_pipeline::222.634*3.74] mapped 332220 sequences
[M::worker_pipeline::223.247*3.74] mapped 332224 sequences
[M::worker_pipeline::223.912*3.74] mapped 332308 sequences
[M::worker_pipeline::224.504*3.74] mapped 332314 sequences
[M::worker_pipeline::225.161*3.75] mapped 332244 sequences
[M::worker_pipeline::225.794*3.75] mapped 332214 sequences
[M::worker_pipeline::226.413*3.75] mapped 332220 sequences
[M::worker_pipeline::227.031*3.75] mapped 332208 sequences
[M::worker_pipeline::227.625*3.75] mapped 332228 sequences
[M::worker_pipeline::228.264*3.75] mapped 332164 sequences
[M::worker_pipeline::228.899*3.75] mapped 332132 sequences
[M::worker_pipeline::229.488*3.75] mapped 332208 sequences
[M::worker_pipeline::230.127*3.75] mapped 332174 sequences
[M::worker_pipeline::230.775*3.76] mapped 332212 sequences
[M::worker_pipeline::231.362*3.76] mapped 332218 sequences
[M::worker_pipeline::232.040*3.76] mapped 332156 sequences
[M::worker_pipeline::232.704*3.76] mapped 332172 sequences
[M::worker_pipeline::233.332*3.76] mapped 332188 sequences
[M::worker_pipeline::233.917*3.76] mapped 332288 sequences
[M::worker_pipeline::234.577*3.76] mapped 332256 sequences
[M::worker_pipeline::235.253*3.76] mapped 332204 sequences
[M::worker_pipeline::235.911*3.76] mapped 332278 sequences
[M::worker_pipeline::236.554*3.76] mapped 332260 sequences
[M::worker_pipeline::237.202*3.76] mapped 332320 sequences
[M::worker_pipeline::237.854*3.76] mapped 332304 sequences
[M::worker_pipeline::238.481*3.76] mapped 332326 sequences
[M::worker_pipeline::239.124*3.76] mapped 332320 sequences
[M::worker_pipeline::239.795*3.76] mapped 332342 sequences
[M::worker_pipeline::240.496*3.76] mapped 332372 sequences
[M::worker_pipeline::241.143*3.76] mapped 332460 sequences
[M::worker_pipeline::241.786*3.77] mapped 332436 sequences
[M::worker_pipeline::242.437*3.77] mapped 332444 sequences
[M::worker_pipeline::243.130*3.77] mapped 332510 sequences
[M::worker_pipeline::243.775*3.77] mapped 332416 sequences
[M::worker_pipeline::244.369*3.77] mapped 332460 sequences
[M::worker_pipeline::244.961*3.77] mapped 332340 sequences
[M::worker_pipeline::245.611*3.77] mapped 332294 sequences
[M::worker_pipeline::246.282*3.77] mapped 332222 sequences
[M::worker_pipeline::246.946*3.77] mapped 332140 sequences
[M::worker_pipeline::247.599*3.77] mapped 332116 sequences
[M::worker_pipeline::248.213*3.77] mapped 332158 sequences
[M::worker_pipeline::248.863*3.77] mapped 332150 sequences
[M::worker_pipeline::249.506*3.77] mapped 332356 sequences
[M::worker_pipeline::250.119*3.77] mapped 332928 sequences
[M::worker_pipeline::250.780*3.77] mapped 332678 sequences
[M::worker_pipeline::251.464*3.77] mapped 332570 sequences
[M::worker_pipeline::252.165*3.77] mapped 332572 sequences
[M::worker_pipeline::252.828*3.77] mapped 332524 sequences
[M::worker_pipeline::253.502*3.77] mapped 332392 sequences
[M::worker_pipeline::254.178*3.77] mapped 332402 sequences
[M::worker_pipeline::254.983*3.77] mapped 332394 sequences
[M::worker_pipeline::255.470*3.78] mapped 332298 sequences
[M::worker_pipeline::256.148*3.78] mapped 332288 sequences
[M::worker_pipeline::256.854*3.78] mapped 332298 sequences
[M::worker_pipeline::257.528*3.78] mapped 332292 sequences
[M::worker_pipeline::258.149*3.78] mapped 332300 sequences
[M::worker_pipeline::258.820*3.78] mapped 332328 sequences
[M::worker_pipeline::259.489*3.78] mapped 332294 sequences
[M::worker_pipeline::260.075*3.78] mapped 332340 sequences
[M::worker_pipeline::260.705*3.78] mapped 332370 sequences
[M::worker_pipeline::261.408*3.78] mapped 332326 sequences
[M::worker_pipeline::262.025*3.78] mapped 332280 sequences
[M::worker_pipeline::262.623*3.78] mapped 332314 sequences
[M::worker_pipeline::263.241*3.78] mapped 332238 sequences
[M::worker_pipeline::263.918*3.78] mapped 332284 sequences
[M::worker_pipeline::264.555*3.78] mapped 332260 sequences
[M::worker_pipeline::265.227*3.78] mapped 332176 sequences
[M::worker_pipeline::265.857*3.79] mapped 332182 sequences
[M::worker_pipeline::266.485*3.79] mapped 332204 sequences
[M::worker_pipeline::267.144*3.79] mapped 332158 sequences
[M::worker_pipeline::267.886*3.79] mapped 332154 sequences
[M::worker_pipeline::268.548*3.79] mapped 332158 sequences
[M::worker_pipeline::269.249*3.79] mapped 332130 sequences
[M::worker_pipeline::269.878*3.79] mapped 332176 sequences
[M::worker_pipeline::270.475*3.79] mapped 332156 sequences
[M::worker_pipeline::271.205*3.79] mapped 332172 sequences
[M::worker_pipeline::271.862*3.79] mapped 332164 sequences
[M::worker_pipeline::272.565*3.79] mapped 332172 sequences
[M::worker_pipeline::273.243*3.79] mapped 332124 sequences
[M::worker_pipeline::273.971*3.79] mapped 332136 sequences
[M::worker_pipeline::274.653*3.79] mapped 332134 sequences
[M::worker_pipeline::275.281*3.79] mapped 332140 sequences
[M::worker_pipeline::275.974*3.79] mapped 332190 sequences
[M::worker_pipeline::276.601*3.79] mapped 332202 sequences
[M::worker_pipeline::277.325*3.79] mapped 332234 sequences
[M::worker_pipeline::278.047*3.79] mapped 332224 sequences
[M::worker_pipeline::278.755*3.79] mapped 332182 sequences
[M::worker_pipeline::279.379*3.79] mapped 332124 sequences
[M::worker_pipeline::279.986*3.79] mapped 332146 sequences
[M::worker_pipeline::280.595*3.79] mapped 332160 sequences
[M::worker_pipeline::281.152*3.79] mapped 332190 sequences
[M::worker_pipeline::281.839*3.79] mapped 332172 sequences
[M::worker_pipeline::282.561*3.79] mapped 332100 sequences
[M::worker_pipeline::283.198*3.79] mapped 332108 sequences
[M::worker_pipeline::283.825*3.79] mapped 332146 sequences
[M::worker_pipeline::284.377*3.80] mapped 332226 sequences
[M::worker_pipeline::285.033*3.80] mapped 332214 sequences
[M::worker_pipeline::285.765*3.80] mapped 332236 sequences
[M::worker_pipeline::286.391*3.80] mapped 332250 sequences
[M::worker_pipeline::287.065*3.80] mapped 332272 sequences
[M::worker_pipeline::287.626*3.80] mapped 332264 sequences
[M::worker_pipeline::288.459*3.80] mapped 332282 sequences
[M::worker_pipeline::293.544*3.76] mapped 332290 sequences
[M::worker_pipeline::293.711*3.76] mapped 332304 sequences
[M::worker_pipeline::293.892*3.75] mapped 332256 sequences
[M::worker_pipeline::294.469*3.76] mapped 332336 sequences
[M::worker_pipeline::295.157*3.75] mapped 332260 sequences
[M::worker_pipeline::295.844*3.75] mapped 332154 sequences
[M::worker_pipeline::296.522*3.75] mapped 332138 sequences
[M::worker_pipeline::297.097*3.76] mapped 332102 sequences
[M::worker_pipeline::297.762*3.76] mapped 332166 sequences
[M::worker_pipeline::298.370*3.76] mapped 332118 sequences
[M::worker_pipeline::299.103*3.76] mapped 332188 sequences
[M::worker_pipeline::299.698*3.76] mapped 332876 sequences
[M::worker_pipeline::300.326*3.76] mapped 332678 sequences
[M::worker_pipeline::300.889*3.76] mapped 332608 sequences
[M::worker_pipeline::301.621*3.76] mapped 332386 sequences
[M::worker_pipeline::302.183*3.76] mapped 332412 sequences
[M::worker_pipeline::302.812*3.76] mapped 332422 sequences
[M::worker_pipeline::303.526*3.76] mapped 332364 sequences
[M::worker_pipeline::304.127*3.77] mapped 332270 sequences
[M::worker_pipeline::304.810*3.77] mapped 332240 sequences
[M::worker_pipeline::305.493*3.77] mapped 332272 sequences
[M::worker_pipeline::306.118*3.77] mapped 332262 sequences
[M::worker_pipeline::306.766*3.77] mapped 332232 sequences
[M::worker_pipeline::307.416*3.77] mapped 332202 sequences
[M::worker_pipeline::308.057*3.77] mapped 332142 sequences
[M::worker_pipeline::308.668*3.77] mapped 332252 sequences
[M::worker_pipeline::309.341*3.77] mapped 332204 sequences
[M::worker_pipeline::310.062*3.77] mapped 332254 sequences
[M::worker_pipeline::310.694*3.77] mapped 332226 sequences
[M::worker_pipeline::311.376*3.77] mapped 332246 sequences
[M::worker_pipeline::312.054*3.77] mapped 332642 sequences
[M::worker_pipeline::312.660*3.77] mapped 332224 sequences
[M::worker_pipeline::313.302*3.77] mapped 332166 sequences
[M::worker_pipeline::314.008*3.77] mapped 332194 sequences
[M::worker_pipeline::314.617*3.77] mapped 332170 sequences
[M::worker_pipeline::315.285*3.77] mapped 332126 sequences
[M::worker_pipeline::315.907*3.77] mapped 332164 sequences
[M::worker_pipeline::316.621*3.77] mapped 332212 sequences
[M::worker_pipeline::317.139*3.77] mapped 332138 sequences
[M::worker_pipeline::317.851*3.77] mapped 332068 sequences
[M::worker_pipeline::318.426*3.78] mapped 332126 sequences
[M::worker_pipeline::319.112*3.78] mapped 332118 sequences
[M::worker_pipeline::319.674*3.78] mapped 332162 sequences
[M::worker_pipeline::320.300*3.78] mapped 332096 sequences
[M::worker_pipeline::320.961*3.78] mapped 332144 sequences
[M::worker_pipeline::321.605*3.78] mapped 332126 sequences
[M::worker_pipeline::322.312*3.78] mapped 332150 sequences
[M::worker_pipeline::322.953*3.78] mapped 332132 sequences
[M::worker_pipeline::323.465*3.78] mapped 332148 sequences
[M::worker_pipeline::324.231*3.78] mapped 332094 sequences
[M::worker_pipeline::324.826*3.78] mapped 332298 sequences
[M::worker_pipeline::325.482*3.78] mapped 332332 sequences
[M::worker_pipeline::326.122*3.78] mapped 332466 sequences
[M::worker_pipeline::326.678*3.78] mapped 332352 sequences
[M::worker_pipeline::327.282*3.79] mapped 332394 sequences
[M::worker_pipeline::327.906*3.79] mapped 332320 sequences
[M::worker_pipeline::328.564*3.79] mapped 332084 sequences
[M::worker_pipeline::329.187*3.79] mapped 332148 sequences
[M::worker_pipeline::329.783*3.79] mapped 332132 sequences
[M::worker_pipeline::330.403*3.79] mapped 332150 sequences
[M::worker_pipeline::331.039*3.79] mapped 332144 sequences
[M::worker_pipeline::331.667*3.79] mapped 332146 sequences
[M::worker_pipeline::332.308*3.79] mapped 332162 sequences
[M::worker_pipeline::333.017*3.79] mapped 332172 sequences
[M::worker_pipeline::333.668*3.79] mapped 332254 sequences
[M::worker_pipeline::334.347*3.79] mapped 332186 sequences
[M::worker_pipeline::335.012*3.79] mapped 332210 sequences
[M::worker_pipeline::335.610*3.79] mapped 332244 sequences
[M::worker_pipeline::336.317*3.79] mapped 332240 sequences
[M::worker_pipeline::336.989*3.79] mapped 332266 sequences
[M::worker_pipeline::337.596*3.79] mapped 332320 sequences
[M::worker_pipeline::338.174*3.79] mapped 332324 sequences
[M::worker_pipeline::338.850*3.79] mapped 332346 sequences
[M::worker_pipeline::339.454*3.80] mapped 332366 sequences
[M::worker_pipeline::340.140*3.80] mapped 332344 sequences
[M::worker_pipeline::340.791*3.80] mapped 332206 sequences
[M::worker_pipeline::341.446*3.80] mapped 332138 sequences
[M::worker_pipeline::342.107*3.80] mapped 332118 sequences
[M::worker_pipeline::342.781*3.80] mapped 332134 sequences
[M::worker_pipeline::343.352*3.80] mapped 332134 sequences
[M::worker_pipeline::344.005*3.80] mapped 332126 sequences
[M::worker_pipeline::344.659*3.80] mapped 332654 sequences
[M::worker_pipeline::345.355*3.80] mapped 332844 sequences
[M::worker_pipeline::345.911*3.80] mapped 332752 sequences
[M::worker_pipeline::346.566*3.80] mapped 332646 sequences
[M::worker_pipeline::347.229*3.80] mapped 332600 sequences
[M::worker_pipeline::347.923*3.80] mapped 332588 sequences
[M::worker_pipeline::348.602*3.80] mapped 332532 sequences
[M::worker_pipeline::349.198*3.80] mapped 332588 sequences
[M::worker_pipeline::349.866*3.80] mapped 332438 sequences
[M::worker_pipeline::350.514*3.80] mapped 332466 sequences
[M::worker_pipeline::351.216*3.80] mapped 332446 sequences
[M::worker_pipeline::351.869*3.80] mapped 332376 sequences
[M::worker_pipeline::352.484*3.80] mapped 332352 sequences
[M::worker_pipeline::353.199*3.80] mapped 332370 sequences
[M::worker_pipeline::353.918*3.80] mapped 332432 sequences
[M::worker_pipeline::354.486*3.80] mapped 332362 sequences
[M::worker_pipeline::355.117*3.80] mapped 332428 sequences
[M::worker_pipeline::355.768*3.80] mapped 332478 sequences
[M::worker_pipeline::356.530*3.80] mapped 332430 sequences
[M::worker_pipeline::357.122*3.80] mapped 332582 sequences
[M::worker_pipeline::357.735*3.80] mapped 332416 sequences
[M::worker_pipeline::358.450*3.80] mapped 332486 sequences
[M::worker_pipeline::359.121*3.80] mapped 332404 sequences
[M::worker_pipeline::359.694*3.80] mapped 332384 sequences
[M::worker_pipeline::364.963*3.77] mapped 332346 sequences
[M::worker_pipeline::365.149*3.77] mapped 332276 sequences
[M::worker_pipeline::365.341*3.77] mapped 332286 sequences
[M::worker_pipeline::365.940*3.77] mapped 332260 sequences
[M::worker_pipeline::366.543*3.77] mapped 332212 sequences
[M::worker_pipeline::367.086*3.77] mapped 332212 sequences
[M::worker_pipeline::367.827*3.77] mapped 332272 sequences
[M::worker_pipeline::368.371*3.77] mapped 332190 sequences
[M::worker_pipeline::368.948*3.77] mapped 332264 sequences
[M::worker_pipeline::369.538*3.77] mapped 332236 sequences
[M::worker_pipeline::370.206*3.77] mapped 332272 sequences
[M::worker_pipeline::370.917*3.77] mapped 332198 sequences
[M::worker_pipeline::371.616*3.77] mapped 332220 sequences
[M::worker_pipeline::372.282*3.77] mapped 332212 sequences
[M::worker_pipeline::372.973*3.77] mapped 332314 sequences
[M::worker_pipeline::373.675*3.77] mapped 332576 sequences
[M::worker_pipeline::374.300*3.77] mapped 332668 sequences
[M::worker_pipeline::374.926*3.78] mapped 332604 sequences
[M::worker_pipeline::375.555*3.78] mapped 332610 sequences
[M::worker_pipeline::376.173*3.78] mapped 332640 sequences
[M::worker_pipeline::376.813*3.78] mapped 332440 sequences
[M::worker_pipeline::377.504*3.78] mapped 332202 sequences
[M::worker_pipeline::378.114*3.78] mapped 332142 sequences
[M::worker_pipeline::378.870*3.78] mapped 332148 sequences
[M::worker_pipeline::379.431*3.78] mapped 332158 sequences
[M::worker_pipeline::380.040*3.78] mapped 332140 sequences
[M::worker_pipeline::380.708*3.78] mapped 332152 sequences
[M::worker_pipeline::381.351*3.78] mapped 332214 sequences
[M::worker_pipeline::382.037*3.78] mapped 332212 sequences
[M::worker_pipeline::382.895*3.78] mapped 332204 sequences
[M::worker_pipeline::383.504*3.78] mapped 332202 sequences
[M::worker_pipeline::384.147*3.78] mapped 332252 sequences
[M::worker_pipeline::384.766*3.78] mapped 332210 sequences
[M::worker_pipeline::385.485*3.78] mapped 332200 sequences
[M::worker_pipeline::386.214*3.78] mapped 332234 sequences
[M::worker_pipeline::386.903*3.78] mapped 332248 sequences
[M::worker_pipeline::387.499*3.78] mapped 332274 sequences
[M::worker_pipeline::388.061*3.78] mapped 332228 sequences
[M::worker_pipeline::388.780*3.78] mapped 332248 sequences
[M::worker_pipeline::389.301*3.78] mapped 332184 sequences
[M::worker_pipeline::389.987*3.78] mapped 332166 sequences
[M::worker_pipeline::390.640*3.78] mapped 332130 sequences
[M::worker_pipeline::391.212*3.78] mapped 332090 sequences
[M::worker_pipeline::391.902*3.78] mapped 332068 sequences
[M::worker_pipeline::392.541*3.78] mapped 332110 sequences
[M::worker_pipeline::393.252*3.78] mapped 332140 sequences
[M::worker_pipeline::393.820*3.78] mapped 307964 sequences
[M::main] Version: 2.22-r1101
[M::main] CMD: minimap2 --secondary=no -t 16 -R @RG\tID:snippy\tSM:snippy -ax sr /work/FAC/FBM/DMF/smitri/evomicrocomm/genome_size/data/ct/reference.fasta /work/FAC/FBM/DMF/smitri/evomicrocomm/genome_size/data/T44.4.5.rep/read1.fq.gz /work/FAC/FBM/DMF/smitri/evomicrocomm/genome_size/data/T44.4.5.rep/read2.fq.gz
[M::main] Real time: 393.849 sec; CPU: 1490.051 sec; Peak RSS: 0.529 GB
[bam_sort_core] merging from 80 files and 16 in-memory blocks...
[Fri Oct 15 16:19:13 2021]
Finished job 0.
1 of 1 steps (100%) done
