Building DAG of jobs...
Using shell: /usr/bin/bash
Provided cores: 16
Rules claiming more threads will be scaled down.
Job stats:
job         count    min threads    max threads
--------  -------  -------------  -------------
annotate        4             16             16
total           4             16             16

Select jobs to execute...

[Mon Jan 23 15:37:01 2023]
rule annotate:
    input: /work/FAC/FBM/DMF/smitri/evomicrocomm/genome_size/data/ancestors/ms/assembly.contigs.polypolish.fasta
    output: /work/FAC/FBM/DMF/smitri/evomicrocomm/genome_size/data/ancestors/ms/bakta/assembly.contigs.polypolish.gbff
    jobid: 0
    wildcards: strain=ms
    threads: 16
    resources: tmpdir=/tmp

[Mon Jan 23 15:48:07 2023]
Finished job 0.
1 of 4 steps (25%) done
Select jobs to execute...

[Mon Jan 23 15:48:07 2023]
rule annotate:
    input: /work/FAC/FBM/DMF/smitri/evomicrocomm/genome_size/data/ancestors/at/assembly.contigs.polypolish.fasta
    output: /work/FAC/FBM/DMF/smitri/evomicrocomm/genome_size/data/ancestors/at/bakta/assembly.contigs.polypolish.gbff
    jobid: 18
    wildcards: strain=at
    threads: 16
    resources: tmpdir=/tmp

[Mon Jan 23 16:03:19 2023]
Finished job 18.
2 of 4 steps (50%) done
Select jobs to execute...

[Mon Jan 23 16:03:19 2023]
rule annotate:
    input: /work/FAC/FBM/DMF/smitri/evomicrocomm/genome_size/data/ancestors/ct/assembly.contigs.polypolish.fasta
    output: /work/FAC/FBM/DMF/smitri/evomicrocomm/genome_size/data/ancestors/ct/bakta/assembly.contigs.polypolish.gbff
    jobid: 12
    wildcards: strain=ct
    threads: 16
    resources: tmpdir=/tmp

