Building DAG of jobs...
Using shell: /usr/bin/bash
Provided cluster nodes: 100
Job stats:
job        count    min threads    max threads
-------  -------  -------------  -------------
mapping        1             16             16
total          1             16             16

Select jobs to execute...

[Tue Oct 12 16:00:36 2021]
rule mapping:
    input: /work/FAC/FBM/DMF/smitri/evomicrocomm/genome_size/data/T33.3.5/read1.fq.gz, /work/FAC/FBM/DMF/smitri/evomicrocomm/genome_size/data/T33.3.5/read2.fq.gz, /work/FAC/FBM/DMF/smitri/evomicrocomm/genome_size/data/T33.3.5/ct/reference.fasta
    output: /work/FAC/FBM/DMF/smitri/evomicrocomm/genome_size/data/T33.3.5/ct/mapped_reads.sam
    jobid: 0
    wildcards: sample=T33.3.5, strain=ct
    threads: 16
    resources: tmpdir=/tmp

minimap2 -ax sr /work/FAC/FBM/DMF/smitri/evomicrocomm/genome_size/data/T33.3.5/read1.fq.gz /work/FAC/FBM/DMF/smitri/evomicrocomm/genome_size/data/T33.3.5/read2.fq.gz /work/FAC/FBM/DMF/smitri/evomicrocomm/genome_size/data/T33.3.5/ct/reference.fasta.reference /work/FAC/FBM/DMF/smitri/evomicrocomm/genome_size/data/T33.3.5/read1.fq.gz /work/FAC/FBM/DMF/smitri/evomicrocomm/genome_size/data/T33.3.5/read2.fq.gz /work/FAC/FBM/DMF/smitri/evomicrocomm/genome_size/data/T33.3.5/ct/reference.fasta.read1 /work/FAC/FBM/DMF/smitri/evomicrocomm/genome_size/data/T33.3.5/read1.fq.gz /work/FAC/FBM/DMF/smitri/evomicrocomm/genome_size/data/T33.3.5/read2.fq.gz /work/FAC/FBM/DMF/smitri/evomicrocomm/genome_size/data/T33.3.5/ct/reference.fasta.read2 > /work/FAC/FBM/DMF/smitri/evomicrocomm/genome_size/data/T33.3.5/ct/mapped_reads.sam
Submitted job 0 with external jobid 'Submitted batch job 2740554'.
[Tue Oct 12 16:00:45 2021]
Error in rule mapping:
    jobid: 0
    output: /work/FAC/FBM/DMF/smitri/evomicrocomm/genome_size/data/T33.3.5/ct/mapped_reads.sam
    shell:
        minimap2 -ax sr /work/FAC/FBM/DMF/smitri/evomicrocomm/genome_size/data/T33.3.5/read1.fq.gz /work/FAC/FBM/DMF/smitri/evomicrocomm/genome_size/data/T33.3.5/read2.fq.gz /work/FAC/FBM/DMF/smitri/evomicrocomm/genome_size/data/T33.3.5/ct/reference.fasta.reference /work/FAC/FBM/DMF/smitri/evomicrocomm/genome_size/data/T33.3.5/read1.fq.gz /work/FAC/FBM/DMF/smitri/evomicrocomm/genome_size/data/T33.3.5/read2.fq.gz /work/FAC/FBM/DMF/smitri/evomicrocomm/genome_size/data/T33.3.5/ct/reference.fasta.read1 /work/FAC/FBM/DMF/smitri/evomicrocomm/genome_size/data/T33.3.5/read1.fq.gz /work/FAC/FBM/DMF/smitri/evomicrocomm/genome_size/data/T33.3.5/read2.fq.gz /work/FAC/FBM/DMF/smitri/evomicrocomm/genome_size/data/T33.3.5/ct/reference.fasta.read2 > /work/FAC/FBM/DMF/smitri/evomicrocomm/genome_size/data/T33.3.5/ct/mapped_reads.sam
        (one of the commands exited with non-zero exit code; note that snakemake uses bash strict mode!)
    cluster_jobid: Submitted batch job 2740554

Error executing rule mapping on cluster (jobid: 0, external: Submitted batch job 2740554, jobscript: /users/eulrich/black_queen_hypothesis/scripts/workflows/.snakemake/tmp.y82kplet/snakejob.mapping.0.sh). For error details see the cluster log and the log files of the involved rule(s).
Shutting down, this might take some time.
Exiting because a job execution failed. Look above for error message
Complete log: /users/eulrich/black_queen_hypothesis/scripts/workflows/.snakemake/log/2021-10-12T160033.015647.snakemake.log
