Building DAG of jobs...
Using shell: /usr/bin/bash
Provided cores: 16
Rules claiming more threads will be scaled down.
Select jobs to execute...

[Tue Oct 12 16:04:11 2021]
rule mapping:
    input: /work/FAC/FBM/DMF/smitri/evomicrocomm/genome_size/data/T33.3.5/ct/reference.fasta, /work/FAC/FBM/DMF/smitri/evomicrocomm/genome_size/data/T33.3.5/read1.fq.gz, /work/FAC/FBM/DMF/smitri/evomicrocomm/genome_size/data/T33.3.5/read2.fq.gz
    output: /work/FAC/FBM/DMF/smitri/evomicrocomm/genome_size/data/T33.3.5/ct/mapped_reads.sam
    jobid: 0
    wildcards: sample=T33.3.5, strain=ct
    threads: 16
    resources: mem_mb=20471, disk_mb=20471, tmpdir=/tmp/2740576

minimap2 -ax sr /work/FAC/FBM/DMF/smitri/evomicrocomm/genome_size/data/T33.3.5/ct/reference.fasta /work/FAC/FBM/DMF/smitri/evomicrocomm/genome_size/data/T33.3.5/read1.fq.gz /work/FAC/FBM/DMF/smitri/evomicrocomm/genome_size/data/T33.3.5/read2.fq.gz > /work/FAC/FBM/DMF/smitri/evomicrocomm/genome_size/data/T33.3.5/ct/mapped_reads.sam
[M::mm_idx_gen::0.179*0.81] collected minimizers
[M::mm_idx_gen::0.216*1.17] sorted minimizers
[M::main::0.216*1.17] loaded/built the index for 2 target sequence(s)
[M::mm_mapopt_update::0.216*1.17] mid_occ = 1000
[M::mm_idx_stat] kmer size: 21; skip: 11; is_hpc: 0; #seq: 2
[M::mm_idx_stat::0.230*1.16] distinct minimizers: 993850 (99.11% are singletons); average occurrences: 1.021; average spacing: 5.998; total length: 6084391
[M::worker_pipeline::2.204*2.77] mapped 332754 sequences
[M::worker_pipeline::2.830*3.05] mapped 332864 sequences
[M::worker_pipeline::3.397*3.22] mapped 332654 sequences
[M::worker_pipeline::3.999*3.37] mapped 332534 sequences
[M::worker_pipeline::4.618*3.47] mapped 332546 sequences
[M::worker_pipeline::5.188*3.55] mapped 332448 sequences
[M::worker_pipeline::5.767*3.62] mapped 332466 sequences
[M::worker_pipeline::6.383*3.67] mapped 332390 sequences
[M::worker_pipeline::6.883*3.72] mapped 332328 sequences
[M::worker_pipeline::7.433*3.75] mapped 332310 sequences
[M::worker_pipeline::8.057*3.79] mapped 332362 sequences
[M::worker_pipeline::8.716*3.82] mapped 332294 sequences
[M::worker_pipeline::9.337*3.84] mapped 332292 sequences
[M::worker_pipeline::9.898*3.87] mapped 332286 sequences
[M::worker_pipeline::10.344*3.89] mapped 332306 sequences
[M::worker_pipeline::10.887*3.91] mapped 332330 sequences
[M::worker_pipeline::11.392*3.93] mapped 332330 sequences
[M::worker_pipeline::12.099*3.95] mapped 332324 sequences
[M::worker_pipeline::12.697*3.97] mapped 332300 sequences
[M::worker_pipeline::13.319*3.98] mapped 332286 sequences
[M::worker_pipeline::13.886*4.00] mapped 332358 sequences
[M::worker_pipeline::14.409*4.01] mapped 332294 sequences
[M::worker_pipeline::15.013*4.02] mapped 332232 sequences
[M::worker_pipeline::15.792*4.02] mapped 332268 sequences
[M::worker_pipeline::16.275*4.03] mapped 332192 sequences
[M::worker_pipeline::16.851*4.04] mapped 332222 sequences
[M::worker_pipeline::17.381*4.04] mapped 332268 sequences
[M::worker_pipeline::18.109*4.05] mapped 332248 sequences
[M::worker_pipeline::18.685*4.06] mapped 332278 sequences
[M::worker_pipeline::19.291*4.06] mapped 332214 sequences
[M::worker_pipeline::19.861*4.07] mapped 332170 sequences
[M::worker_pipeline::20.326*4.07] mapped 332148 sequences
[M::worker_pipeline::20.890*4.08] mapped 332132 sequences
[M::worker_pipeline::21.446*4.09] mapped 332108 sequences
[M::worker_pipeline::21.987*4.09] mapped 332138 sequences
[M::worker_pipeline::22.591*4.10] mapped 332068 sequences
[M::worker_pipeline::23.195*4.10] mapped 332082 sequences
[M::worker_pipeline::23.757*4.11] mapped 332086 sequences
[M::worker_pipeline::24.332*4.11] mapped 332098 sequences
[M::worker_pipeline::24.872*4.11] mapped 332014 sequences
[M::worker_pipeline::25.455*4.12] mapped 332014 sequences
[M::worker_pipeline::26.082*4.12] mapped 332024 sequences
[M::worker_pipeline::26.645*4.12] mapped 332026 sequences
[M::worker_pipeline::27.278*4.12] mapped 332002 sequences
[M::worker_pipeline::27.884*4.12] mapped 331990 sequences
[M::worker_pipeline::28.499*4.13] mapped 331992 sequences
[M::worker_pipeline::29.025*4.13] mapped 332014 sequences
[M::worker_pipeline::29.588*4.13] mapped 331970 sequences
[M::worker_pipeline::30.180*4.14] mapped 331986 sequences
[M::worker_pipeline::30.671*4.14] mapped 331968 sequences
[M::worker_pipeline::31.326*4.14] mapped 331982 sequences
[M::worker_pipeline::31.874*4.14] mapped 332020 sequences
[M::worker_pipeline::32.521*4.14] mapped 332006 sequences
[M::worker_pipeline::33.026*4.15] mapped 332008 sequences
[M::worker_pipeline::33.573*4.15] mapped 331998 sequences
[M::worker_pipeline::34.276*4.15] mapped 332046 sequences
[M::worker_pipeline::34.822*4.15] mapped 332096 sequences
[M::worker_pipeline::35.386*4.15] mapped 332032 sequences
[M::worker_pipeline::35.965*4.16] mapped 332036 sequences
[M::worker_pipeline::36.550*4.16] mapped 332108 sequences
[M::worker_pipeline::37.043*4.16] mapped 332106 sequences
[M::worker_pipeline::37.584*4.16] mapped 332242 sequences
[M::worker_pipeline::38.186*4.17] mapped 332802 sequences
[M::worker_pipeline::38.724*4.17] mapped 332648 sequences
[M::worker_pipeline::39.319*4.17] mapped 332464 sequences
[M::worker_pipeline::39.938*4.17] mapped 332516 sequences
[M::worker_pipeline::40.529*4.17] mapped 332410 sequences
[M::worker_pipeline::41.088*4.17] mapped 332356 sequences
[M::worker_pipeline::41.621*4.18] mapped 332362 sequences
[M::worker_pipeline::42.234*4.18] mapped 332374 sequences
[M::worker_pipeline::42.940*4.17] mapped 332290 sequences
[M::worker_pipeline::43.468*4.18] mapped 332234 sequences
[M::worker_pipeline::44.005*4.18] mapped 332290 sequences
[M::worker_pipeline::44.558*4.18] mapped 332248 sequences
[M::worker_pipeline::45.100*4.18] mapped 332304 sequences
[M::worker_pipeline::45.685*4.18] mapped 332380 sequences
[M::worker_pipeline::46.251*4.18] mapped 332332 sequences
[M::worker_pipeline::46.804*4.19] mapped 332274 sequences
[M::worker_pipeline::47.428*4.19] mapped 332336 sequences
[M::worker_pipeline::47.972*4.19] mapped 332306 sequences
[M::worker_pipeline::48.552*4.19] mapped 332218 sequences
[M::worker_pipeline::49.102*4.19] mapped 332178 sequences
[M::worker_pipeline::49.663*4.19] mapped 332182 sequences
[M::worker_pipeline::50.243*4.19] mapped 332188 sequences
[M::worker_pipeline::50.948*4.19] mapped 332188 sequences
[M::worker_pipeline::51.480*4.19] mapped 332254 sequences
[M::worker_pipeline::52.068*4.19] mapped 332192 sequences
[M::worker_pipeline::52.692*4.19] mapped 332128 sequences
[M::worker_pipeline::53.257*4.19] mapped 332126 sequences
[M::worker_pipeline::53.820*4.20] mapped 332140 sequences
[M::worker_pipeline::54.432*4.20] mapped 332126 sequences
[M::worker_pipeline::54.933*4.20] mapped 332132 sequences
[M::worker_pipeline::55.513*4.20] mapped 332090 sequences
[M::worker_pipeline::56.064*4.20] mapped 332090 sequences
[M::worker_pipeline::56.635*4.20] mapped 332066 sequences
[M::worker_pipeline::57.202*4.20] mapped 332102 sequences
[M::worker_pipeline::57.781*4.20] mapped 332068 sequences
[M::worker_pipeline::58.348*4.20] mapped 332084 sequences
[M::worker_pipeline::58.943*4.20] mapped 332100 sequences
[M::worker_pipeline::59.519*4.20] mapped 332104 sequences
[M::worker_pipeline::60.068*4.20] mapped 332118 sequences
[M::worker_pipeline::60.695*4.20] mapped 332030 sequences
[M::worker_pipeline::61.257*4.21] mapped 332074 sequences
[M::worker_pipeline::61.827*4.21] mapped 332074 sequences
[M::worker_pipeline::62.395*4.21] mapped 332046 sequences
[M::worker_pipeline::63.089*4.21] mapped 332028 sequences
[M::worker_pipeline::63.611*4.21] mapped 332006 sequences
[M::worker_pipeline::64.111*4.21] mapped 332032 sequences
[M::worker_pipeline::64.735*4.21] mapped 332042 sequences
[M::worker_pipeline::65.297*4.21] mapped 332020 sequences
[M::worker_pipeline::65.856*4.21] mapped 332048 sequences
[M::worker_pipeline::66.410*4.21] mapped 332010 sequences
[M::worker_pipeline::67.019*4.21] mapped 332046 sequences
[M::worker_pipeline::67.593*4.21] mapped 332000 sequences
[M::worker_pipeline::68.153*4.21] mapped 332008 sequences
[M::worker_pipeline::68.727*4.21] mapped 332020 sequences
[M::worker_pipeline::69.310*4.21] mapped 332064 sequences
[M::worker_pipeline::69.882*4.21] mapped 332094 sequences
[M::worker_pipeline::70.422*4.21] mapped 332132 sequences
[M::worker_pipeline::71.049*4.21] mapped 332194 sequences
[M::worker_pipeline::71.698*4.21] mapped 332152 sequences
[M::worker_pipeline::72.223*4.21] mapped 332104 sequences
[M::worker_pipeline::72.774*4.22] mapped 332244 sequences
[M::worker_pipeline::73.306*4.22] mapped 332296 sequences
[M::worker_pipeline::73.911*4.22] mapped 332784 sequences
[M::worker_pipeline::74.549*4.22] mapped 332658 sequences
[M::worker_pipeline::75.134*4.22] mapped 332616 sequences
[M::worker_pipeline::75.669*4.22] mapped 332506 sequences
[M::worker_pipeline::76.311*4.22] mapped 332544 sequences
[M::worker_pipeline::76.852*4.22] mapped 332448 sequences
[M::worker_pipeline::77.423*4.22] mapped 332440 sequences
[M::worker_pipeline::78.013*4.22] mapped 332422 sequences
[M::worker_pipeline::78.545*4.22] mapped 332310 sequences
[M::worker_pipeline::79.121*4.22] mapped 332268 sequences
[M::worker_pipeline::79.693*4.22] mapped 332280 sequences
[M::worker_pipeline::80.238*4.22] mapped 332318 sequences
[M::worker_pipeline::80.853*4.22] mapped 332302 sequences
[M::worker_pipeline::81.448*4.22] mapped 332376 sequences
[M::worker_pipeline::82.089*4.22] mapped 332448 sequences
[M::worker_pipeline::82.630*4.22] mapped 332564 sequences
[M::worker_pipeline::83.258*4.22] mapped 332538 sequences
[M::worker_pipeline::83.708*4.23] mapped 332860 sequences
[M::worker_pipeline::84.311*4.23] mapped 332424 sequences
[M::worker_pipeline::84.865*4.23] mapped 332458 sequences
[M::worker_pipeline::85.409*4.23] mapped 332406 sequences
[M::worker_pipeline::86.030*4.23] mapped 332354 sequences
[M::worker_pipeline::86.594*4.23] mapped 332348 sequences
[M::worker_pipeline::87.221*4.23] mapped 332316 sequences
[M::worker_pipeline::87.803*4.23] mapped 332208 sequences
[M::worker_pipeline::88.405*4.23] mapped 332190 sequences
[M::worker_pipeline::89.065*4.23] mapped 332156 sequences
[M::worker_pipeline::89.617*4.23] mapped 332858 sequences
[M::worker_pipeline::90.200*4.23] mapped 332220 sequences
[M::worker_pipeline::90.821*4.23] mapped 332154 sequences
[M::worker_pipeline::91.381*4.23] mapped 332118 sequences
[M::worker_pipeline::92.051*4.23] mapped 332168 sequences
[M::worker_pipeline::92.566*4.23] mapped 332202 sequences
[M::worker_pipeline::93.117*4.23] mapped 332176 sequences
[M::worker_pipeline::93.668*4.23] mapped 332132 sequences
[M::worker_pipeline::94.227*4.23] mapped 332124 sequences
[M::worker_pipeline::94.807*4.23] mapped 332110 sequences
[M::worker_pipeline::95.349*4.23] mapped 332156 sequences
[M::worker_pipeline::95.982*4.23] mapped 332060 sequences
[M::worker_pipeline::96.560*4.23] mapped 332036 sequences
[M::worker_pipeline::97.121*4.23] mapped 332030 sequences
[M::worker_pipeline::97.744*4.23] mapped 332022 sequences
[M::worker_pipeline::98.306*4.23] mapped 332010 sequences
[M::worker_pipeline::98.903*4.23] mapped 332006 sequences
[M::worker_pipeline::99.416*4.23] mapped 331988 sequences
[M::worker_pipeline::100.009*4.23] mapped 332004 sequences
[M::worker_pipeline::100.540*4.23] mapped 331996 sequences
[M::worker_pipeline::101.182*4.23] mapped 331978 sequences
[M::worker_pipeline::101.753*4.23] mapped 332002 sequences
[M::worker_pipeline::102.337*4.23] mapped 331972 sequences
[M::worker_pipeline::102.850*4.23] mapped 331988 sequences
[M::worker_pipeline::103.427*4.23] mapped 332002 sequences
[M::worker_pipeline::104.020*4.23] mapped 331988 sequences
[M::worker_pipeline::104.608*4.23] mapped 331990 sequences
[M::worker_pipeline::105.171*4.23] mapped 332004 sequences
[M::worker_pipeline::105.669*4.23] mapped 332058 sequences
[M::worker_pipeline::106.274*4.23] mapped 332102 sequences
[M::worker_pipeline::106.884*4.23] mapped 332034 sequences
[M::worker_pipeline::107.426*4.23] mapped 332036 sequences
[M::worker_pipeline::107.994*4.23] mapped 332084 sequences
[M::worker_pipeline::108.580*4.23] mapped 332096 sequences
[M::worker_pipeline::109.160*4.23] mapped 332516 sequences
[M::worker_pipeline::109.797*4.23] mapped 332848 sequences
[M::worker_pipeline::110.454*4.23] mapped 332902 sequences
[M::worker_pipeline::110.955*4.23] mapped 332610 sequences
[M::worker_pipeline::111.559*4.23] mapped 332648 sequences
[M::worker_pipeline::112.151*4.23] mapped 332540 sequences
[M::worker_pipeline::112.774*4.23] mapped 332484 sequences
[M::worker_pipeline::113.390*4.23] mapped 332450 sequences
[M::worker_pipeline::114.153*4.23] mapped 332370 sequences
[M::worker_pipeline::114.756*4.23] mapped 332400 sequences
[M::worker_pipeline::115.303*4.23] mapped 332410 sequences
[M::worker_pipeline::115.930*4.23] mapped 332362 sequences
[M::worker_pipeline::116.492*4.23] mapped 332446 sequences
[M::worker_pipeline::117.131*4.23] mapped 332528 sequences
[M::worker_pipeline::117.678*4.23] mapped 332586 sequences
[M::worker_pipeline::118.320*4.23] mapped 332608 sequences
[M::worker_pipeline::118.976*4.23] mapped 332600 sequences
[M::worker_pipeline::119.591*4.23] mapped 332642 sequences
[M::worker_pipeline::120.146*4.23] mapped 332470 sequences
[M::worker_pipeline::120.792*4.23] mapped 332438 sequences
[M::worker_pipeline::121.366*4.23] mapped 332438 sequences
[M::worker_pipeline::121.917*4.23] mapped 332440 sequences
[M::worker_pipeline::122.451*4.23] mapped 332448 sequences
[M::worker_pipeline::123.167*4.23] mapped 332480 sequences
[M::worker_pipeline::123.754*4.23] mapped 332470 sequences
[M::worker_pipeline::124.279*4.23] mapped 332332 sequences
[M::worker_pipeline::124.842*4.24] mapped 332336 sequences
[M::worker_pipeline::125.431*4.24] mapped 332308 sequences
[M::worker_pipeline::126.019*4.24] mapped 332310 sequences
[M::worker_pipeline::126.630*4.24] mapped 332268 sequences
[M::worker_pipeline::127.187*4.24] mapped 332350 sequences
[M::worker_pipeline::127.746*4.24] mapped 332304 sequences
[M::worker_pipeline::128.418*4.24] mapped 332348 sequences
[M::worker_pipeline::129.191*4.23] mapped 332324 sequences
[M::worker_pipeline::129.655*4.23] mapped 332294 sequences
[M::worker_pipeline::130.262*4.24] mapped 332270 sequences
[M::worker_pipeline::130.871*4.24] mapped 332192 sequences
[M::worker_pipeline::131.520*4.24] mapped 332232 sequences
[M::worker_pipeline::132.105*4.24] mapped 332204 sequences
[M::worker_pipeline::132.773*4.23] mapped 332226 sequences
[M::worker_pipeline::133.335*4.24] mapped 332244 sequences
[M::worker_pipeline::133.805*4.24] mapped 332154 sequences
[M::worker_pipeline::134.436*4.24] mapped 332186 sequences
[M::worker_pipeline::134.940*4.24] mapped 332148 sequences
[M::worker_pipeline::135.602*4.24] mapped 332164 sequences
[M::worker_pipeline::136.163*4.24] mapped 332110 sequences
[M::worker_pipeline::136.774*4.24] mapped 332052 sequences
[M::worker_pipeline::137.388*4.24] mapped 332098 sequences
[M::worker_pipeline::137.935*4.24] mapped 332080 sequences
[M::worker_pipeline::138.463*4.24] mapped 332072 sequences
[M::worker_pipeline::139.066*4.24] mapped 332060 sequences
[M::worker_pipeline::139.683*4.24] mapped 332050 sequences
[M::worker_pipeline::140.238*4.24] mapped 332050 sequences
[M::worker_pipeline::140.803*4.24] mapped 332108 sequences
[M::worker_pipeline::141.385*4.24] mapped 332076 sequences
[M::worker_pipeline::141.966*4.24] mapped 332128 sequences
[M::worker_pipeline::142.536*4.24] mapped 332172 sequences
[M::worker_pipeline::143.061*4.24] mapped 332224 sequences
[M::worker_pipeline::143.694*4.24] mapped 332226 sequences
[M::worker_pipeline::144.264*4.24] mapped 332206 sequences
[M::worker_pipeline::144.814*4.24] mapped 332224 sequences
[M::worker_pipeline::145.423*4.24] mapped 332266 sequences
[M::worker_pipeline::146.000*4.24] mapped 332680 sequences
[M::worker_pipeline::146.456*4.24] mapped 332954 sequences
[M::worker_pipeline::147.028*4.24] mapped 332634 sequences
[M::worker_pipeline::147.671*4.24] mapped 332578 sequences
[M::worker_pipeline::148.215*4.24] mapped 332584 sequences
[M::worker_pipeline::148.801*4.24] mapped 332524 sequences
[M::worker_pipeline::149.384*4.24] mapped 332430 sequences
[M::worker_pipeline::149.953*4.24] mapped 332348 sequences
[M::worker_pipeline::150.566*4.24] mapped 332358 sequences
[M::worker_pipeline::151.128*4.24] mapped 332298 sequences
[M::worker_pipeline::151.843*4.24] mapped 332306 sequences
[M::worker_pipeline::152.572*4.24] mapped 332304 sequences
[M::worker_pipeline::153.080*4.24] mapped 332366 sequences
[M::worker_pipeline::153.704*4.24] mapped 332302 sequences
[M::worker_pipeline::154.206*4.24] mapped 332270 sequences
[M::worker_pipeline::154.877*4.24] mapped 332270 sequences
[M::worker_pipeline::155.414*4.24] mapped 332246 sequences
[M::worker_pipeline::156.105*4.24] mapped 332284 sequences
[M::worker_pipeline::156.745*4.24] mapped 332242 sequences
[M::worker_pipeline::157.304*4.24] mapped 332278 sequences
[M::worker_pipeline::158.026*4.24] mapped 332280 sequences
[M::worker_pipeline::158.617*4.24] mapped 332214 sequences
[M::worker_pipeline::159.126*4.24] mapped 332202 sequences
[M::worker_pipeline::159.769*4.24] mapped 332208 sequences
[M::worker_pipeline::160.313*4.24] mapped 332190 sequences
[M::worker_pipeline::160.946*4.24] mapped 332192 sequences
[M::worker_pipeline::161.657*4.24] mapped 332242 sequences
[M::worker_pipeline::162.193*4.24] mapped 332200 sequences
[M::worker_pipeline::162.795*4.24] mapped 332184 sequences
[M::worker_pipeline::163.339*4.24] mapped 332146 sequences
[M::worker_pipeline::163.980*4.24] mapped 332150 sequences
[M::worker_pipeline::164.455*4.24] mapped 332126 sequences
[M::worker_pipeline::165.148*4.24] mapped 332076 sequences
[M::worker_pipeline::165.691*4.24] mapped 332092 sequences
[M::worker_pipeline::166.224*4.24] mapped 332124 sequences
[M::worker_pipeline::166.878*4.24] mapped 332138 sequences
[M::worker_pipeline::167.462*4.24] mapped 332106 sequences
[M::worker_pipeline::168.043*4.24] mapped 332144 sequences
[M::worker_pipeline::168.624*4.24] mapped 332138 sequences
[M::worker_pipeline::169.224*4.24] mapped 332184 sequences
[M::worker_pipeline::169.870*4.24] mapped 332140 sequences
[M::worker_pipeline::170.504*4.24] mapped 332200 sequences
[M::worker_pipeline::171.087*4.24] mapped 332196 sequences
[M::worker_pipeline::171.680*4.24] mapped 332188 sequences
[M::worker_pipeline::172.283*4.24] mapped 332164 sequences
[M::worker_pipeline::172.861*4.24] mapped 332238 sequences
[M::worker_pipeline::173.463*4.24] mapped 332234 sequences
[M::worker_pipeline::173.998*4.24] mapped 332234 sequences
[M::worker_pipeline::174.600*4.24] mapped 332292 sequences
[M::worker_pipeline::175.164*4.24] mapped 332338 sequences
[M::worker_pipeline::175.736*4.24] mapped 332362 sequences
[M::worker_pipeline::176.320*4.24] mapped 332348 sequences
[M::worker_pipeline::176.852*4.24] mapped 332374 sequences
[M::worker_pipeline::177.431*4.24] mapped 332328 sequences
[M::worker_pipeline::178.027*4.24] mapped 332270 sequences
[M::worker_pipeline::178.597*4.24] mapped 332190 sequences
[M::worker_pipeline::179.180*4.24] mapped 332104 sequences
[M::worker_pipeline::179.832*4.24] mapped 332082 sequences
[M::worker_pipeline::180.420*4.24] mapped 332090 sequences
[M::worker_pipeline::180.973*4.24] mapped 332076 sequences
[M::worker_pipeline::181.590*4.24] mapped 332624 sequences
[M::worker_pipeline::182.217*4.24] mapped 332630 sequences
[M::worker_pipeline::182.735*4.24] mapped 332486 sequences
[M::worker_pipeline::183.324*4.24] mapped 332472 sequences
[M::worker_pipeline::183.852*4.24] mapped 332432 sequences
[M::worker_pipeline::184.454*4.24] mapped 332362 sequences
[M::worker_pipeline::185.028*4.24] mapped 332328 sequences
[M::worker_pipeline::185.583*4.24] mapped 332250 sequences
[M::worker_pipeline::186.151*4.24] mapped 332280 sequences
[M::worker_pipeline::186.802*4.24] mapped 332234 sequences
[M::worker_pipeline::187.440*4.24] mapped 332224 sequences
[M::worker_pipeline::188.084*4.24] mapped 332212 sequences
[M::worker_pipeline::188.647*4.24] mapped 332244 sequences
[M::worker_pipeline::189.245*4.24] mapped 332230 sequences
[M::worker_pipeline::189.827*4.24] mapped 332290 sequences
[M::worker_pipeline::190.400*4.24] mapped 332264 sequences
[M::worker_pipeline::190.978*4.24] mapped 332268 sequences
[M::worker_pipeline::191.570*4.24] mapped 332212 sequences
[M::worker_pipeline::192.216*4.24] mapped 332206 sequences
[M::worker_pipeline::192.748*4.24] mapped 332264 sequences
[M::worker_pipeline::193.393*4.24] mapped 332124 sequences
[M::worker_pipeline::193.940*4.24] mapped 332132 sequences
[M::worker_pipeline::194.579*4.24] mapped 332132 sequences
[M::worker_pipeline::195.121*4.24] mapped 332068 sequences
[M::worker_pipeline::195.715*4.24] mapped 332100 sequences
[M::worker_pipeline::196.300*4.24] mapped 332096 sequences
[M::worker_pipeline::196.848*4.24] mapped 332060 sequences
[M::worker_pipeline::197.451*4.24] mapped 332112 sequences
[M::worker_pipeline::198.131*4.24] mapped 332092 sequences
[M::worker_pipeline::198.704*4.24] mapped 332096 sequences
[M::worker_pipeline::199.314*4.24] mapped 332084 sequences
[M::worker_pipeline::199.865*4.24] mapped 332094 sequences
[M::worker_pipeline::200.523*4.24] mapped 332068 sequences
[M::worker_pipeline::201.058*4.24] mapped 332064 sequences
[M::worker_pipeline::201.659*4.24] mapped 332092 sequences
[M::worker_pipeline::202.227*4.24] mapped 332168 sequences
[M::worker_pipeline::202.884*4.24] mapped 332142 sequences
[M::worker_pipeline::203.481*4.24] mapped 332108 sequences
[M::worker_pipeline::204.102*4.24] mapped 332080 sequences
[M::worker_pipeline::204.709*4.24] mapped 332068 sequences
[M::worker_pipeline::205.290*4.24] mapped 332112 sequences
[M::worker_pipeline::205.938*4.24] mapped 332078 sequences
[M::worker_pipeline::206.477*4.24] mapped 332046 sequences
[M::worker_pipeline::207.179*4.24] mapped 332096 sequences
[M::worker_pipeline::207.725*4.24] mapped 332056 sequences
[M::worker_pipeline::208.280*4.24] mapped 332142 sequences
[M::worker_pipeline::208.940*4.24] mapped 332138 sequences
[M::worker_pipeline::209.507*4.24] mapped 332150 sequences
[M::worker_pipeline::210.116*4.24] mapped 332146 sequences
[M::worker_pipeline::210.756*4.24] mapped 332218 sequences
[M::worker_pipeline::211.334*4.24] mapped 332202 sequences
[M::worker_pipeline::211.905*4.24] mapped 332204 sequences
[M::worker_pipeline::212.535*4.24] mapped 332192 sequences
[M::worker_pipeline::213.181*4.24] mapped 332220 sequences
[M::worker_pipeline::213.843*4.24] mapped 332224 sequences
[M::worker_pipeline::214.454*4.24] mapped 332096 sequences
[M::worker_pipeline::215.078*4.24] mapped 332036 sequences
[M::worker_pipeline::215.670*4.24] mapped 332024 sequences
[M::worker_pipeline::216.300*4.24] mapped 332080 sequences
[M::worker_pipeline::216.881*4.24] mapped 332112 sequences
[M::worker_pipeline::217.514*4.23] mapped 332584 sequences
[M::worker_pipeline::218.108*4.23] mapped 332610 sequences
[M::worker_pipeline::218.711*4.23] mapped 332484 sequences
[M::worker_pipeline::219.369*4.23] mapped 332398 sequences
[M::worker_pipeline::219.931*4.23] mapped 332386 sequences
[M::worker_pipeline::220.519*4.23] mapped 332316 sequences
[M::worker_pipeline::221.167*4.23] mapped 332246 sequences
[M::worker_pipeline::221.741*4.23] mapped 332250 sequences
[M::worker_pipeline::222.334*4.23] mapped 332178 sequences
[M::worker_pipeline::223.020*4.23] mapped 332182 sequences
[M::worker_pipeline::223.635*4.23] mapped 332164 sequences
[M::worker_pipeline::224.191*4.23] mapped 332130 sequences
[M::worker_pipeline::224.745*4.23] mapped 332156 sequences
[M::worker_pipeline::225.305*4.23] mapped 332154 sequences
[M::worker_pipeline::225.919*4.23] mapped 332204 sequences
[M::worker_pipeline::226.469*4.23] mapped 332172 sequences
[M::worker_pipeline::227.082*4.23] mapped 332140 sequences
[M::worker_pipeline::227.684*4.23] mapped 332498 sequences
[M::worker_pipeline::228.301*4.23] mapped 332140 sequences
[M::worker_pipeline::228.859*4.23] mapped 332134 sequences
[M::worker_pipeline::229.522*4.23] mapped 332106 sequences
[M::worker_pipeline::230.062*4.23] mapped 332118 sequences
[M::worker_pipeline::230.644*4.23] mapped 332186 sequences
[M::worker_pipeline::231.269*4.23] mapped 332096 sequences
[M::worker_pipeline::231.828*4.23] mapped 332088 sequences
[M::worker_pipeline::232.476*4.23] mapped 332070 sequences
[M::worker_pipeline::233.038*4.23] mapped 332054 sequences
[M::worker_pipeline::233.676*4.23] mapped 332118 sequences
[M::worker_pipeline::234.295*4.23] mapped 332062 sequences
[M::worker_pipeline::234.903*4.23] mapped 332096 sequences
[M::worker_pipeline::235.475*4.23] mapped 332058 sequences
[M::worker_pipeline::236.076*4.23] mapped 332046 sequences
[M::worker_pipeline::236.639*4.23] mapped 332030 sequences
[M::worker_pipeline::237.193*4.23] mapped 332108 sequences
[M::worker_pipeline::237.820*4.23] mapped 332276 sequences
[M::worker_pipeline::238.402*4.23] mapped 332312 sequences
[M::worker_pipeline::238.947*4.23] mapped 332302 sequences
[M::worker_pipeline::239.565*4.23] mapped 332350 sequences
[M::worker_pipeline::240.134*4.23] mapped 332170 sequences
[M::worker_pipeline::240.739*4.23] mapped 332036 sequences
[M::worker_pipeline::241.348*4.23] mapped 332116 sequences
[M::worker_pipeline::241.918*4.23] mapped 332062 sequences
[M::worker_pipeline::242.510*4.23] mapped 332090 sequences
[M::worker_pipeline::243.107*4.23] mapped 332074 sequences
[M::worker_pipeline::243.664*4.23] mapped 332086 sequences
[M::worker_pipeline::244.254*4.23] mapped 332212 sequences
[M::worker_pipeline::244.838*4.23] mapped 332112 sequences
[M::worker_pipeline::245.399*4.23] mapped 332148 sequences
[M::worker_pipeline::246.050*4.23] mapped 332166 sequences
[M::worker_pipeline::246.677*4.23] mapped 332194 sequences
[M::worker_pipeline::247.246*4.23] mapped 332208 sequences
[M::worker_pipeline::247.876*4.23] mapped 332222 sequences
[M::worker_pipeline::248.472*4.23] mapped 332214 sequences
[M::worker_pipeline::249.029*4.23] mapped 332218 sequences
[M::worker_pipeline::249.555*4.23] mapped 332234 sequences
[M::worker_pipeline::250.126*4.23] mapped 332126 sequences
[M::worker_pipeline::250.763*4.23] mapped 332054 sequences
[M::worker_pipeline::251.377*4.23] mapped 332042 sequences
[M::worker_pipeline::251.889*4.23] mapped 332064 sequences
[M::worker_pipeline::252.536*4.23] mapped 332096 sequences
[M::worker_pipeline::253.107*4.23] mapped 332528 sequences
[M::worker_pipeline::253.715*4.23] mapped 332768 sequences
[M::worker_pipeline::254.273*4.23] mapped 332678 sequences
[M::worker_pipeline::254.932*4.23] mapped 332566 sequences
[M::worker_pipeline::255.550*4.23] mapped 332544 sequences
[M::worker_pipeline::256.144*4.23] mapped 332490 sequences
[M::worker_pipeline::256.767*4.23] mapped 332500 sequences
[M::worker_pipeline::257.314*4.23] mapped 332440 sequences
[M::worker_pipeline::257.971*4.23] mapped 332402 sequences
[M::worker_pipeline::258.532*4.23] mapped 332340 sequences
[M::worker_pipeline::259.082*4.23] mapped 332314 sequences
[M::worker_pipeline::259.601*4.23] mapped 332302 sequences
[M::worker_pipeline::260.188*4.23] mapped 332360 sequences
[M::worker_pipeline::260.759*4.23] mapped 332324 sequences
[M::worker_pipeline::261.299*4.23] mapped 332390 sequences
[M::worker_pipeline::261.903*4.23] mapped 332426 sequences
[M::worker_pipeline::262.462*4.23] mapped 332548 sequences
[M::worker_pipeline::263.078*4.23] mapped 332406 sequences
[M::worker_pipeline::263.711*4.23] mapped 332376 sequences
[M::worker_pipeline::264.259*4.23] mapped 332322 sequences
[M::worker_pipeline::264.855*4.23] mapped 332284 sequences
[M::worker_pipeline::265.472*4.23] mapped 332316 sequences
[M::worker_pipeline::266.029*4.23] mapped 332246 sequences
[M::worker_pipeline::266.617*4.23] mapped 332226 sequences
[M::worker_pipeline::267.249*4.23] mapped 332174 sequences
[M::worker_pipeline::267.883*4.23] mapped 332188 sequences
[M::worker_pipeline::268.481*4.23] mapped 332150 sequences
[M::worker_pipeline::269.016*4.23] mapped 332184 sequences
[M::worker_pipeline::269.605*4.23] mapped 332160 sequences
[M::worker_pipeline::270.216*4.23] mapped 332198 sequences
[M::worker_pipeline::270.935*4.23] mapped 332116 sequences
[M::worker_pipeline::271.522*4.23] mapped 332192 sequences
[M::worker_pipeline::272.094*4.23] mapped 332130 sequences
[M::worker_pipeline::272.658*4.23] mapped 332510 sequences
[M::worker_pipeline::273.292*4.23] mapped 332584 sequences
[M::worker_pipeline::273.902*4.23] mapped 332516 sequences
[M::worker_pipeline::274.494*4.23] mapped 332448 sequences
[M::worker_pipeline::275.126*4.23] mapped 332462 sequences
[M::worker_pipeline::275.732*4.23] mapped 332156 sequences
[M::worker_pipeline::276.328*4.23] mapped 332092 sequences
[M::worker_pipeline::276.899*4.23] mapped 332128 sequences
[M::worker_pipeline::277.552*4.23] mapped 332074 sequences
[M::worker_pipeline::278.108*4.23] mapped 332116 sequences
[M::worker_pipeline::278.744*4.23] mapped 332142 sequences
[M::worker_pipeline::279.309*4.23] mapped 332136 sequences
[M::worker_pipeline::279.933*4.23] mapped 332170 sequences
[M::worker_pipeline::280.498*4.23] mapped 332134 sequences
[M::worker_pipeline::281.076*4.23] mapped 332172 sequences
[M::worker_pipeline::281.677*4.23] mapped 332108 sequences
[M::worker_pipeline::282.228*4.23] mapped 332172 sequences
[M::worker_pipeline::282.803*4.23] mapped 332130 sequences
[M::worker_pipeline::283.457*4.23] mapped 332202 sequences
[M::worker_pipeline::284.018*4.23] mapped 332150 sequences
[M::worker_pipeline::284.546*4.23] mapped 332138 sequences
[M::worker_pipeline::285.132*4.23] mapped 332030 sequences
[M::worker_pipeline::285.727*4.23] mapped 332070 sequences
[M::worker_pipeline::286.297*4.23] mapped 332048 sequences
[M::worker_pipeline::286.921*4.23] mapped 331994 sequences
[M::worker_pipeline::287.489*4.23] mapped 332030 sequences
[M::worker_pipeline::288.101*4.23] mapped 332102 sequences
[M::worker_pipeline::288.144*4.23] mapped 82798 sequences
[M::main] Version: 2.22-r1101
[M::main] CMD: minimap2 -ax sr /work/FAC/FBM/DMF/smitri/evomicrocomm/genome_size/data/T33.3.5/ct/reference.fasta /work/FAC/FBM/DMF/smitri/evomicrocomm/genome_size/data/T33.3.5/read1.fq.gz /work/FAC/FBM/DMF/smitri/evomicrocomm/genome_size/data/T33.3.5/read2.fq.gz
[M::main] Real time: 288.159 sec; CPU: 1217.939 sec; Peak RSS: 0.480 GB
[Tue Oct 12 16:08:59 2021]
Finished job 0.
1 of 1 steps (100%) done
